2026-02-24 14:47:16,4732,11,852,A member was added to a security-enabled local group. Member Name: tempuser Group Name: Administrators.,0,Benign
2026-02-24 10:51:27,4648,9,992,A logon was attempted using explicit credentials. Target Server: localhost Target User: admin.,0,Benign
2026-02-23 10:15:01,4624,8,738,An account was successfully logged on. Logon Type: 10 Remote Desktop Services.,0,Benign
2026-02-24 13:51:13,4634,5,7241,An account was logged off. Logon Type: 3.,0,Benign
2026-02-26 08:35:27,4688,7,6108,A new process has been created. New Process Name: C:\Windows\System32\cmd.exe Command Line: cmd.exe /c dir.,0,Benign
2026-02-28 21:19:16,4624,7,4097,An account was successfully logged on. New Logon: Account Name: jdoe Account Domain: CORP Logon ID: 0x1A2B3C.,0,Benign
2026-02-28 14:56:10,4634,12,6867,An account was logged off. Subject: Security ID: S-1-5-21-1234567890 Account Name: jdoe.,0,Benign
2026-02-26 10:43:56,4624,3,4429,An account was successfully logged on. Subject: Security ID: S-1-5-18 Account Name: SYSTEM Account Domain: NT AUTHORITY Logon ID: 0x3E7 Logon Type: 5.,0,Benign
2026-02-26 14:04:29,4624,3,6452,An account was successfully logged on. New Logon: Account Name: jdoe Account Domain: CORP Logon ID: 0x1A2B3C.,0,Benign
2026-02-28 10:28:04,4688,3,6745,A new process has been created. New Process Name: C:\Windows\System32\taskhostw.exe.,0,Benign
2026-02-27 00:52:19,4624,2,8933,An account was successfully logged on. Logon Type: 2 Interactive.,0,Benign
2026-02-23 16:58:13,4634,11,6802,An account was logged off. Subject: Security ID: S-1-5-21-1234567890 Account Name: jdoe.,0,Benign
2026-02-23 01:43:52,4672,8,9855,Special privileges assigned to new logon. Subject: Security ID: S-1-5-21-9876543210 Account Name: backdoor.,1,T1078
2026-03-01 20:02:00,4672,2,956,Special privileges assigned to new logon. Subject: Security ID: S-1-5-18 Privileges: SeAssignPrimaryTokenPrivilege SeTcbPrivilege SeSecurityPrivilege.,0,Benign
2026-02-25 13:06:04,4732,9,4617,A member was added to a security-enabled local group. Member Name: jdoe Group Name: Remote Desktop Users.,0,Benign
2026-03-01 10:56:14,4688,11,353,A new process has been created. New Process Name: C:\Windows\System32\taskhostw.exe.,0,Benign
2026-02-26 14:30:04,4624,7,3152,An account was successfully logged on. New Logon: Account Name: jdoe Account Domain: CORP Logon ID: 0x1A2B3C.,0,Benign
2026-02-27 11:03:36,4688,8,5748,A new process has been created. New Process Name: C:\Windows\System32\notepad.exe.,0,Benign
2026-02-28 14:18:55,4634,7,3806,An account was logged off. Subject: Security ID: S-1-5-21-1234567890 Account Name: jdoe.,0,Benign
2026-02-25 05:54:27,4624,2,6808,An account was successfully logged on. Subject: Security ID: S-1-5-21-1234567890 Account Name: Administrator Account Domain: CORP Logon Type: 3.,0,Benign
2026-02-27 14:55:46,4648,9,6272,A logon was attempted using explicit credentials. Process: C:\Windows\System32\runas.exe.,0,Benign
2026-02-28 01:19:15,4688,2,5648,A new process has been created. New Process Name: C:\Windows\System32\notepad.exe.,0,Benign
2026-02-25 04:12:23,4634,10,9684,An account was logged off. Subject: Security ID: S-1-5-21-1234567890 Account Name: jdoe.,0,Benign
2026-03-01 02:29:58,4624,3,5773,An account was successfully logged on. New Logon: Account Name: jdoe Account Domain: CORP Logon ID: 0x1A2B3C.,0,Benign
2026-02-26 04:24:24,4624,12,7128,An account was successfully logged on. New Logon: Account Name: jdoe Account Domain: CORP Logon ID: 0x1A2B3C.,0,Benign
2026-02-26 12:56:49,4688,10,9187,A new process has been created. New Process Name: C:\Windows\System32\notepad.exe.,0,Benign
2026-02-25 15:23:38,4624,3,5158,An account was successfully logged on. Subject: Security ID: S-1-5-18 Account Name: SYSTEM Account Domain: NT AUTHORITY Logon ID: 0x3E7 Logon Type: 5.,0,Benign
2026-02-25 15:12:28,4648,12,3232,A logon was attempted using explicit credentials. Target Server: localhost Target User: admin.,0,Benign
2026-02-27 14:37:24,4624,8,5333,An account was successfully logged on. Logon Type: 10 Remote Desktop Services.,0,Benign
2026-02-26 20:01:52,4625,9,3806,An account failed to log on. Account Name: administrator Source Network Address: 192.168.1.50.,0,Benign
2026-02-24 10:36:19,4624,5,2993,An account was successfully logged on. Subject: Security ID: S-1-5-18 Account Name: SYSTEM Account Domain: NT AUTHORITY Logon ID: 0x3E7 Logon Type: 5.,0,Benign
2026-02-27 14:01:28,4688,8,4878,A new process has been created. New Process Name: C:\Windows\System32\notepad.exe.,0,Benign
2026-02-28 11:28:33,4688,11,3418,A new process has been created. New Process Name: C:\Windows\System32\taskhostw.exe.,0,Benign
2026-02-27 10:51:33,4648,8,4902,A logon was attempted using explicit credentials. Target Server: localhost Target User: admin.,0,Benign
2026-02-24 14:50:57,4624,5,2420,An account was successfully logged on. Subject: Security ID: S-1-5-21-1234567890 Account Name: Administrator Account Domain: CORP Logon Type: 3.,0,Benign
2026-02-24 15:57:10,4624,9,3220,An account was successfully logged on. Logon Type: 10 Remote Desktop Services.,0,Benign
2026-02-23 11:51:43,4688,12,1800,A new process has been created. New Process Name: C:\Windows\System32\notepad.exe.,0,Benign
2026-02-27 16:44:37,4732,3,430,A member was added to a security-enabled local group. Member Name: jdoe Group Name: Remote Desktop Users.,0,Benign
2026-02-23 13:54:02,4634,12,4123,An account was logged off. Logon Type: 3.,0,Benign
2026-03-01 17:09:12,4688,7,3165,A new process has been created. New Process Name: C:\Program Files\Google\Chrome\chrome.exe Command Line: chrome.exe --type=renderer.,0,Benign
2026-02-28 05:37:39,4624,12,6092,An account was successfully logged on. New Logon: Account Name: jdoe Account Domain: CORP Logon ID: 0x1A2B3C.,0,Benign
2026-02-27 16:01:00,4634,3,2943,An account was logged off. Subject: Security ID: S-1-5-21-1234567890 Account Name: jdoe.,0,Benign
2026-03-01 09:41:06,4688,2,2714,A new process has been created. New Process Name: C:\Windows\System32\svchost.exe Creator Process Name: C:\Windows\System32\services.exe.,0,Benign
2026-02-26 08:53:15,4624,10,6002,An account was successfully logged on. Logon Type: 10 Remote Desktop Services.,0,Benign
2026-02-23 13:40:30,4624,12,9194,An account was successfully logged on. Logon Type: 10 Remote Desktop Services.,0,Benign
2026-03-01 16:38:56,4634,12,6039,An account was logged off. Logon Type: 2 Interactive.,0,Benign
2026-03-01 14:27:02,4634,12,2829,An account was logged off. Subject: Security ID: S-1-5-21-1234567890 Account Name: jdoe.,0,Benign
2026-02-23 10:50:43,4624,8,7038,An account was successfully logged on. Subject: Security ID: S-1-5-21-1234567890 Account Name: Administrator Account Domain: CORP Logon Type: 3.,0,Benign
2026-02-26 09:40:15,4624,5,5360,An account was successfully logged on. Subject: Security ID: S-1-5-21-1234567890 Account Name: Administrator Account Domain: CORP Logon Type: 3.,0,Benign
2026-02-27 11:53:20,4624,3,4596,An account was successfully logged on. Logon Type: 2 Interactive.,0,Benign
2026-02-28 11:24:19,4624,9,6856,An account was successfully logged on. Logon Type: 10 Remote Desktop Services.,0,Benign
2026-03-01 10:07:51,4688,2,5718,A new process has been created. New Process Name: C:\Windows\System32\cmd.exe Command Line: cmd.exe /c dir.,0,Benign
2026-03-01 13:13:49,4634,9,9853,An account was logged off. Subject: Security ID: S-1-5-21-1234567890 Account Name: jdoe.,0,Benign
2026-02-24 18:04:10,4634,8,3879,An account was logged off. Logon Type: 3.,0,Benign
2026-02-24 10:55:10,4624,2,6247,An account was successfully logged on. New Logon: Account Name: jdoe Account Domain: CORP Logon ID: 0x1A2B3C.,0,Benign
2026-02-27 10:20:26,4688,10,9986,A new process has been created. New Process Name: C:\Windows\System32\cmd.exe Command Line: cmd.exe /c dir.,0,Benign
2026-02-23 12:48:14,4625,5,4709,An account failed to log on. Logon Type: 10 Remote Desktop Services.,0,Benign
2026-02-24 17:01:03,4624,2,3488,An account was successfully logged on. Logon Type: 2 Interactive.,0,Benign
2026-02-23 15:29:58,4625,7,3028,An account failed to log on. Subject: Security ID: S-1-0-0 Account Name: - Account Domain: - Logon Type: 3.,0,Benign
2026-02-27 02:48:31,4624,11,4796,An account was successfully logged on. Logon Type: 10 Remote Desktop Services.,0,Benign
2026-02-24 17:19:48,4624,7,875,An account was successfully logged on. New Logon: Account Name: jdoe Account Domain: CORP Logon ID: 0x1A2B3C.,0,Benign
2026-02-25 01:36:50,4634,10,4121,An account was logged off. Logon Type: 3.,0,Benign
2026-02-23 17:17:05,4625,8,1750,An account failed to log on. Subject: Security ID: S-1-0-0 Account Name: - Account Domain: - Logon Type: 3.,0,Benign
2026-02-27 08:03:05,4624,11,2928,An account was successfully logged on. Subject: Security ID: S-1-5-21-1234567890 Account Name: Administrator Account Domain: CORP Logon Type: 3.,0,Benign
2026-02-23 16:36:10,4688,12,3575,A new process has been created. New Process Name: C:\Windows\System32\taskhostw.exe.,0,Benign
2026-02-24 20:24:28,4624,7,291,An account was successfully logged on. Logon Type: 2 Interactive.,0,Benign
2026-02-24 07:31:25,4624,2,2229,An account was successfully logged on. New Logon: Account Name: jdoe Account Domain: CORP Logon ID: 0x1A2B3C.,0,Benign
2026-02-27 13:11:08,4624,5,3274,An account was successfully logged on. Logon Type: 2 Interactive.,0,Benign
2026-02-25 19:19:39,4625,5,9797,An account failed to log on. Failure Reason: Unknown user name or bad password. Status: 0xC000006D Sub Status: 0xC000006A.,0,Benign
2026-02-24 14:54:40,4648,9,9898,A logon was attempted using explicit credentials. Target Server: localhost Target User: admin.,0,Benign
2026-03-01 15:31:08,4688,3,9183,A new process has been created. New Process Name: C:\Program Files\Google\Chrome\chrome.exe Command Line: chrome.exe --type=renderer.,0,Benign
2026-02-23 16:49:56,4634,11,4633,An account was logged off. Logon Type: 3.,0,Benign
2026-03-01 08:49:33,4624,11,8396,An account was successfully logged on. Logon Type: 10 Remote Desktop Services.,0,Benign
2026-02-25 10:39:04,4624,11,6443,An account was successfully logged on. New Logon: Account Name: jdoe Account Domain: CORP Logon ID: 0x1A2B3C.,0,Benign
2026-02-27 14:34:46,4634,2,3424,An account was logged off. Logon Type: 3.,0,Benign
2026-03-01 23:22:45,4624,12,688,An account was successfully logged on. Subject: Security ID: S-1-5-21-1234567890 Account Name: Administrator Account Domain: CORP Logon Type: 3.,0,Benign
2026-02-26 08:30:33,4624,3,4489,An account was successfully logged on. New Logon: Account Name: jdoe Account Domain: CORP Logon ID: 0x1A2B3C.,0,Benign
2026-02-26 10:36:23,4688,12,4052,A new process has been created. New Process Name: C:\Windows\System32\cmd.exe Command Line: cmd.exe /c dir.,0,Benign
2026-02-26 10:08:33,4688,2,2444,A new process has been created. New Process Name: C:\Windows\System32\taskhostw.exe.,0,Benign
2026-02-28 13:35:55,4688,8,8186,A new process has been created. New Process Name: C:\Windows\System32\notepad.exe.,0,Benign
2026-02-23 08:53:47,4624,5,8741,An account was successfully logged on. Logon Type: 10 Remote Desktop Services.,0,Benign
2026-03-01 12:40:46,4634,9,9124,An account was logged off. Logon Type: 3.,0,Benign
2026-02-25 15:01:53,4672,12,9015,Special privileges assigned to new logon. Subject: Security ID: S-1-5-21-1234567890 Account Name: Administrator Privileges: SeDebugPrivilege.,0,Benign
2026-02-24 09:11:51,4732,7,8789,A member was added to a security-enabled local group. Member Name: svc_backup Group Name: Backup Operators.,0,Benign
2026-02-28 10:49:16,4624,8,6149,An account was successfully logged on. Subject: Security ID: S-1-5-21-1234567890 Account Name: Administrator Account Domain: CORP Logon Type: 3.,0,Benign
2026-02-27 12:09:22,4624,9,7227,An account was successfully logged on. Logon Type: 10 Remote Desktop Services.,0,Benign
2026-02-28 14:35:32,4624,2,5665,An account was successfully logged on. Subject: Security ID: S-1-5-21-1234567890 Account Name: Administrator Account Domain: CORP Logon Type: 3.,0,Benign
2026-02-26 17:13:54,4634,7,6298,An account was logged off. Subject: Security ID: S-1-5-21-1234567890 Account Name: jdoe.,0,Benign
2026-02-23 14:09:38,4624,11,2861,An account was successfully logged on. Logon Type: 10 Remote Desktop Services.,0,Benign
2026-02-23 19:46:20,4634,7,8102,An account was logged off. Logon Type: 3.,0,Benign
2026-02-26 10:39:24,4624,8,8624,An account was successfully logged on. Logon Type: 2 Interactive.,0,Benign
2026-02-25 09:10:12,4624,7,5892,An account was successfully logged on. Subject: Security ID: S-1-5-21-1234567890 Account Name: Administrator Account Domain: CORP Logon Type: 3.,0,Benign
2026-02-25 08:37:19,4625,2,5826,An account failed to log on. Account Name: administrator Source Network Address: 192.168.1.50.,0,Benign
2026-02-24 13:19:10,4624,9,5763,An account was successfully logged on. Logon Type: 2 Interactive.,0,Benign
2026-02-25 22:48:12,4648,11,9301,A logon was attempted using explicit credentials. Target Server: localhost Target User: admin.,0,Benign
2026-03-01 12:01:47,4634,2,5414,An account was logged off. Logon Type: 2 Interactive.,0,Benign
2026-02-27 13:34:55,4625,7,3132,An account failed to log on. Logon Type: 10 Remote Desktop Services.,0,Benign
2026-02-27 12:29:30,4625,5,7075,An account failed to log on. Failure Reason: Unknown user name or bad password. Status: 0xC000006D Sub Status: 0xC000006A.,0,Benign
2026-02-27 16:13:33,4648,12,5354,A logon was attempted using explicit credentials. Target Server: localhost Target User: admin.,0,Benign
2026-02-28 05:34:46,4624,3,6235,An account was successfully logged on. Subject: Security ID: S-1-5-21-1234567890 Account Name: Administrator Account Domain: CORP Logon Type: 3.,0,Benign
2026-02-25 13:13:01,4634,3,9058,An account was logged off. Logon Type: 3.,0,Benign
2026-02-26 12:23:48,4625,7,4097,An account failed to log on. Logon Type: 10 Remote Desktop Services.,0,Benign
2026-02-25 10:45:48,4624,10,8272,An account was successfully logged on. Subject: Security ID: S-1-5-18 Account Name: SYSTEM Account Domain: NT AUTHORITY Logon ID: 0x3E7 Logon Type: 5.,0,Benign
2026-02-25 09:43:11,4625,2,6235,An account failed to log on. Account Name: administrator Source Network Address: 192.168.1.50.,0,Benign
2026-02-23 15:36:33,4648,2,9986,A logon was attempted using explicit credentials. Target Server: DC01 Target User: backup_svc.,0,Benign
2026-02-27 14:40:10,4648,9,2554,A logon was attempted using explicit credentials. Target Server: DC01 Target User: backup_svc.,0,Benign
2026-02-26 11:03:09,4688,8,1553,A new process has been created. New Process Name: C:\Windows\System32\cmd.exe Command Line: cmd.exe /c dir.,0,Benign
2026-02-26 13:31:46,4688,11,3501,A new process has been created. New Process Name: C:\Program Files\Google\Chrome\chrome.exe Command Line: chrome.exe --type=renderer.,0,Benign
2026-02-26 15:59:07,4624,5,9477,An account was successfully logged on. Logon Type: 10 Remote Desktop Services.,0,Benign
2026-03-01 16:14:01,4625,8,9929,An account failed to log on. Failure Reason: Unknown user name or bad password. Status: 0xC000006D Sub Status: 0xC000006A.,0,Benign
2026-02-25 10:05:26,4624,12,1682,An account was successfully logged on. Subject: Security ID: S-1-5-18 Account Name: SYSTEM Account Domain: NT AUTHORITY Logon ID: 0x3E7 Logon Type: 5.,0,Benign
2026-02-28 12:46:01,4625,2,7870,An account failed to log on. Failure Reason: Account locked out.,0,Benign
2026-02-28 17:05:14,4688,12,844,A new process has been created. New Process Name: C:\Windows\System32\cmd.exe Command Line: cmd.exe /c dir.,0,Benign
2026-02-25 16:21:37,4720,2,7732,A user account was created. New Account Name: tempuser New Account Domain: CORP.,0,Benign
2026-02-26 22:29:57,4624,9,8907,An account was successfully logged on. New Logon: Account Name: jdoe Account Domain: CORP Logon ID: 0x1A2B3C.,0,Benign
2026-02-27 19:27:01,4672,2,1329,Special privileges assigned to new logon. Subject: Security ID: S-1-5-18 Privileges: SeAssignPrimaryTokenPrivilege SeTcbPrivilege SeSecurityPrivilege.,0,Benign
2026-02-25 14:22:41,4634,5,9705,An account was logged off. Subject: Security ID: S-1-5-21-1234567890 Account Name: jdoe.,1,Benign
2026-03-01 16:07:02,4624,12,487,An account was successfully logged on. Subject: Security ID: S-1-5-18 Account Name: SYSTEM Account Domain: NT AUTHORITY Logon ID: 0x3E7 Logon Type: 5.,0,Benign
2026-02-25 13:44:11,4688,9,9476,A new process has been created. New Process Name: C:\Program Files\Google\Chrome\chrome.exe Command Line: chrome.exe --type=renderer.,0,Benign
2026-02-24 08:37:33,4688,7,5080,A new process has been created. New Process Name: C:\Program Files\Google\Chrome\chrome.exe Command Line: chrome.exe --type=renderer.,0,Benign
2026-02-27 16:10:08,4624,9,8300,An account was successfully logged on. New Logon: Account Name: jdoe Account Domain: CORP Logon ID: 0x1A2B3C.,0,Benign
2026-03-01 22:06:22,4624,10,9664,An account was successfully logged on. Logon Type: 10 Remote Desktop Services.,0,Benign
2026-02-27 11:54:20,4624,11,5707,An account was successfully logged on. Logon Type: 2 Interactive.,0,Benign
2026-02-28 14:13:56,4672,11,8354,Special privileges assigned to new logon. Subject: Security ID: S-1-5-18 Privileges: SeAssignPrimaryTokenPrivilege SeTcbPrivilege SeSecurityPrivilege.,0,Benign
2026-02-26 12:34:50,4624,9,3267,An account was successfully logged on. Logon Type: 2 Interactive.,0,Benign
2026-02-28 08:09:45,4624,10,6904,An account was successfully logged on. Subject: Security ID: S-1-5-21-1234567890 Account Name: Administrator Account Domain: CORP Logon Type: 3.,0,Benign
2026-02-27 13:25:22,4648,2,3796,A logon was attempted using explicit credentials. Target Server: localhost Target User: admin.,0,Benign
2026-02-25 15:01:13,4625,5,8301,An account failed to log on. Logon Type: 10 Remote Desktop Services.,0,Benign
2026-02-25 19:39:30,4688,7,9337,A new process has been created. New Process Name: C:\Windows\System32\svchost.exe Creator Process Name: C:\Windows\System32\services.exe.,0,Benign
2026-02-27 15:13:26,4624,11,6768,An account was successfully logged on. Subject: Security ID: S-1-5-21-1234567890 Account Name: Administrator Account Domain: CORP Logon Type: 3.,0,Benign
2026-02-23 11:09:48,4648,12,1224,A logon was attempted using explicit credentials. Process: C:\Windows\System32\runas.exe.,0,Benign
2026-02-23 08:19:06,4624,8,9451,An account was successfully logged on. Subject: Security ID: S-1-5-18 Account Name: SYSTEM Account Domain: NT AUTHORITY Logon ID: 0x3E7 Logon Type: 5.,0,Benign
2026-02-23 14:47:15,4732,5,661,A member was added to a security-enabled local group. Member Name: svc_backup Group Name: Backup Operators.,0,Benign
2026-02-26 10:37:56,4624,12,3140,An account was successfully logged on. Subject: Security ID: S-1-5-21-1234567890 Account Name: Administrator Account Domain: CORP Logon Type: 3.,0,Benign
2026-02-25 16:34:23,4624,3,7783,An account was successfully logged on. Logon Type: 10 Remote Desktop Services.,0,Benign
2026-02-23 02:09:08,4624,3,3667,An account was successfully logged on. Subject: Security ID: S-1-5-18 Account Name: SYSTEM Account Domain: NT AUTHORITY Logon ID: 0x3E7 Logon Type: 5.,0,Benign
2026-02-27 09:54:07,4624,5,7104,An account was successfully logged on. Subject: Security ID: S-1-5-21-1234567890 Account Name: Administrator Account Domain: CORP Logon Type: 3.,0,Benign
2026-02-24 08:57:55,4625,8,3771,An account failed to log on. Failure Reason: Account locked out.,0,Benign
2026-02-25 12:16:54,4624,5,3510,An account was successfully logged on. Subject: Security ID: S-1-5-18 Account Name: SYSTEM Account Domain: NT AUTHORITY Logon ID: 0x3E7 Logon Type: 5.,0,Benign
2026-03-01 10:14:24,4648,5,6713,A logon was attempted using explicit credentials. Process: C:\Windows\System32\runas.exe.,0,Benign
2026-02-26 13:54:37,4648,3,6213,A logon was attempted using explicit credentials. Target Server: localhost Target User: admin.,0,Benign
2026-02-28 16:57:45,4624,10,2676,An account was successfully logged on. New Logon: Account Name: jdoe Account Domain: CORP Logon ID: 0x1A2B3C.,0,Benign
2026-02-28 16:01:37,4624,7,5925,An account was successfully logged on. Logon Type: 2 Interactive.,0,Benign
2026-02-25 03:47:29,4625,10,2852,An account failed to log on. Logon Type: 10 Remote Desktop Services.,0,Benign
2026-02-24 15:10:13,4672,10,1714,Special privileges assigned to new logon. Subject: Security ID: S-1-5-21-1234567890 Account Name: Administrator Privileges: SeDebugPrivilege.,0,Benign
2026-02-27 11:14:06,4688,10,9540,A new process has been created. New Process Name: C:\Windows\System32\taskhostw.exe.,0,Benign
2026-02-23 17:27:35,4648,8,861,A logon was attempted using explicit credentials. Process: C:\Windows\System32\runas.exe.,0,Benign
2026-03-01 11:54:09,4624,8,5195,An account was successfully logged on. Logon Type: 2 Interactive.,0,Benign
2026-02-26 14:07:46,4625,3,8889,An account failed to log on. Logon Type: 10 Remote Desktop Services.,0,Benign
2026-02-23 13:40:31,4625,12,8615,An account failed to log on. Subject: Security ID: S-1-0-0 Account Name: - Account Domain: - Logon Type: 3.,0,Benign
2026-02-26 12:39:58,4625,10,8604,An account failed to log on. Failure Reason: Unknown user name or bad password. Status: 0xC000006D Sub Status: 0xC000006A.,0,Benign
2026-03-01 15:58:09,4688,11,1971,A new process has been created. New Process Name: C:\Windows\System32\svchost.exe Creator Process Name: C:\Windows\System32\services.exe.,0,Benign
2026-02-23 22:43:36,4624,2,5922,An account was successfully logged on. Subject: Security ID: S-1-5-21-1234567890 Account Name: Administrator Account Domain: CORP Logon Type: 3.,0,Benign
2026-03-01 13:11:57,4625,5,5720,An account failed to log on. Failure Reason: Account locked out.,0,Benign
2026-02-24 17:45:58,4688,3,1809,A new process has been created. New Process Name: C:\Windows\System32\cmd.exe Command Line: cmd.exe /c dir.,0,Benign
2026-02-23 13:34:43,4625,8,3764,An account failed to log on. Failure Reason: Unknown user name or bad password. Status: 0xC000006D Sub Status: 0xC000006A.,0,Benign
2026-02-24 14:59:50,4624,8,3702,An account was successfully logged on. Logon Type: 10 Remote Desktop Services.,0,Benign
2026-02-23 15:16:30,4625,8,7384,An account failed to log on. Logon Type: 10 Remote Desktop Services.,0,Benign
2026-02-27 02:58:08,4624,12,470,An account was successfully logged on. Logon Type: 2 Interactive.,0,Benign
2026-02-23 05:19:51,4625,10,3998,An account failed to log on. Account Name: administrator.,1,T1110
2026-02-26 00:08:41,4625,7,9770,An account failed to log on. Logon Type: 10 Remote Desktop Services.,0,Benign
2026-02-27 13:24:26,4624,3,9162,An account was successfully logged on. Subject: Security ID: S-1-5-21-1234567890 Account Name: Administrator Account Domain: CORP Logon Type: 3.,0,Benign
2026-02-24 13:10:32,4624,5,3702,An account was successfully logged on. Logon Type: 10 Remote Desktop Services.,0,Benign
2026-02-23 21:09:34,4624,3,781,An account was successfully logged on. Logon Type: 2 Interactive.,0,Benign
2026-02-27 02:42:56,4625,9,8918,An account failed to log on. Subject: Security ID: S-1-0-0 Account Name: - Account Domain: - Logon Type: 3.,0,Benign
2026-02-23 13:37:07,4624,7,4250,An account was successfully logged on. Subject: Security ID: S-1-5-21-1234567890 Account Name: Administrator Account Domain: CORP Logon Type: 3.,0,Benign
2026-02-25 09:58:20,4624,2,5155,An account was successfully logged on. Subject: Security ID: S-1-5-21-1234567890 Account Name: Administrator Account Domain: CORP Logon Type: 3.,0,Benign
2026-02-25 14:54:01,4624,7,6179,An account was successfully logged on. Subject: Security ID: S-1-5-21-1234567890 Account Name: Administrator Account Domain: CORP Logon Type: 3.,0,Benign
2026-02-26 16:28:02,4625,12,1533,An account failed to log on. Logon Type: 10 Remote Desktop Services.,0,Benign
2026-02-27 11:27:00,4624,7,8302,An account was successfully logged on. New Logon: Account Name: jdoe Account Domain: CORP Logon ID: 0x1A2B3C.,0,Benign
2026-02-28 17:53:50,4625,5,2109,An account failed to log on. Logon Type: 10 Remote Desktop Services.,0,Benign
2026-02-27 14:09:00,4624,7,8063,An account was successfully logged on. Logon Type: 2 Interactive.,0,Benign
2026-02-24 14:18:31,4672,7,8285,Special privileges assigned to new logon. Account Name: SYSTEM Privileges: SeBackupPrivilege SeRestorePrivilege.,0,Benign
2026-02-28 09:56:23,4672,11,6835,Special privileges assigned to new logon. Account Name: SYSTEM Privileges: SeBackupPrivilege SeRestorePrivilege.,0,Benign
2026-02-25 12:13:45,4625,5,7636,An account failed to log on. Failure Reason: Unknown user name or bad password. Status: 0xC000006D Sub Status: 0xC000006A.,0,Benign
2026-02-27 16:43:14,4648,8,8972,A logon was attempted using explicit credentials. Target Server: localhost Target User: admin.,0,Benign
2026-03-01 04:10:15,4624,5,2345,An account was successfully logged on. Subject: Security ID: S-1-5-18 Account Name: SYSTEM Account Domain: NT AUTHORITY Logon ID: 0x3E7 Logon Type: 5.,0,Benign
2026-02-26 17:12:46,4624,2,9571,An account was successfully logged on. Subject: Security ID: S-1-5-18 Account Name: SYSTEM Account Domain: NT AUTHORITY Logon ID: 0x3E7 Logon Type: 5.,0,Benign
2026-02-27 16:39:29,4624,3,1764,An account was successfully logged on. Subject: Security ID: S-1-5-21-1234567890 Account Name: Administrator Account Domain: CORP Logon Type: 3.,0,Benign
2026-02-26 14:46:22,4688,3,2225,A new process has been created. New Process Name: C:\Windows\System32\svchost.exe Creator Process Name: C:\Windows\System32\services.exe.,0,Benign
2026-02-27 17:23:48,4648,10,5954,A logon was attempted using explicit credentials. Target Server: DC01 Target User: backup_svc.,0,Benign
2026-03-01 13:01:26,4624,11,3515,An account was successfully logged on. Subject: Security ID: S-1-5-21-1234567890 Account Name: Administrator Account Domain: CORP Logon Type: 3.,0,Benign
2026-02-25 09:37:21,4624,11,8485,An account was successfully logged on. Subject: Security ID: S-1-5-18 Account Name: SYSTEM Account Domain: NT AUTHORITY Logon ID: 0x3E7 Logon Type: 5.,0,Benign
2026-03-01 08:56:52,4648,11,9533,A logon was attempted using explicit credentials. Target Server: DC01 Target User: backup_svc.,0,Benign
2026-02-26 10:15:10,4648,11,4671,A logon was attempted using explicit credentials. Target Server: DC01 Target User: backup_svc.,0,Benign
2026-02-25 15:42:25,4625,8,6153,An account failed to log on. Logon Type: 10 Remote Desktop Services.,0,Benign
2026-02-23 11:55:10,4624,2,9350,An account was successfully logged on. Logon Type: 10 Remote Desktop Services.,0,Benign
2026-02-25 15:18:48,4732,3,3604,A member was added to a security-enabled local group. Member Name: jdoe Group Name: Remote Desktop Users.,0,Benign
2026-03-01 09:37:25,4625,9,7708,An account failed to log on. Account Name: administrator Source Network Address: 192.168.1.50.,0,Benign
2026-02-28 16:39:42,4720,3,712,A user account was created. New Account Name: svc_backup New Account Domain: CORP.,0,Benign
2026-02-25 09:31:12,4648,2,4770,A logon was attempted using explicit credentials. Target Server: localhost Target User: admin.,0,Benign
2026-03-01 09:38:25,4624,8,4043,An account was successfully logged on. Logon Type: 10 Remote Desktop Services.,0,Benign
2026-02-23 09:38:52,4625,5,2114,An account failed to log on. Failure Reason: Unknown user name or bad password. Status: 0xC000006D Sub Status: 0xC000006A.,0,Benign
2026-03-01 09:28:18,4648,9,6994,A logon was attempted using explicit credentials. Target Server: localhost Target User: admin.,0,Benign
2026-02-24 01:23:20,4624,2,7935,An account was successfully logged on. Subject: Security ID: S-1-5-18 Account Name: SYSTEM Account Domain: NT AUTHORITY Logon ID: 0x3E7 Logon Type: 5.,0,Benign
2026-03-01 10:11:39,4648,10,578,A logon was attempted using explicit credentials. Process: C:\Windows\System32\runas.exe.,0,Benign
2026-02-27 11:50:02,4688,7,3883,A new process has been created. New Process Name: C:\Windows\System32\notepad.exe.,0,Benign
2026-02-25 02:28:29,4634,9,8705,An account was logged off. Logon Type: 2 Interactive.,0,Benign
2026-02-26 12:42:54,4624,9,9847,An account was successfully logged on. Logon Type: 10 Remote Desktop Services.,0,Benign
2026-02-25 17:44:32,4648,7,5014,A logon was attempted using explicit credentials. Target Server: localhost Target User: admin.,0,Benign
2026-02-23 15:16:27,4634,5,4440,An account was logged off. Logon Type: 3.,0,Benign
2026-02-28 12:01:13,4624,2,314,An account was successfully logged on. Logon Type: 2 Interactive.,0,Benign
2026-02-24 12:49:42,4634,9,660,An account was logged off. Logon Type: 3.,0,Benign
2026-02-24 20:20:52,4624,10,1627,An account was successfully logged on. Logon Type: 10 Remote Desktop Services.,0,Benign
2026-02-24 11:38:12,4624,2,5004,An account was successfully logged on. Logon Type: 10 Remote Desktop Services.,0,Benign
2026-02-28 21:05:55,4720,2,8599,A user account was created. New Account Name: test_account.,0,Benign
2026-02-27 15:11:33,4648,12,9789,A logon was attempted using explicit credentials. Target Server: DC01 Target User: backup_svc.,0,Benign
2026-03-01 15:24:41,4688,5,3443,A new process has been created. New Process Name: C:\Program Files\Google\Chrome\chrome.exe Command Line: chrome.exe --type=renderer.,0,Benign
2026-02-23 11:59:55,4624,5,1750,An account was successfully logged on. Subject: Security ID: S-1-5-18 Account Name: SYSTEM Account Domain: NT AUTHORITY Logon ID: 0x3E7 Logon Type: 5.,0,Benign
2026-02-23 16:12:57,4634,10,130,An account was logged off. Logon Type: 3.,0,Benign
2026-02-28 12:14:26,4634,3,2354,An account was logged off. Logon Type: 3.,0,Benign
2026-02-27 12:11:07,4624,3,8047,An account was successfully logged on. Subject: Security ID: S-1-5-21-1234567890 Account Name: Administrator Account Domain: CORP Logon Type: 3.,0,Benign
2026-02-23 13:00:11,4634,9,2384,An account was logged off. Subject: Security ID: S-1-5-21-1234567890 Account Name: jdoe.,0,Benign
2026-02-26 13:23:24,4624,9,5551,An account was successfully logged on. Subject: Security ID: S-1-5-21-1234567890 Account Name: Administrator Account Domain: CORP Logon Type: 3.,0,Benign
2026-02-26 08:40:36,4648,2,8874,A logon was attempted using explicit credentials. Process: C:\Windows\System32\runas.exe.,0,Benign
2026-03-01 12:36:08,4648,2,7495,A logon was attempted using explicit credentials. Target Server: localhost Target User: admin.,0,Benign
2026-02-25 13:53:45,4624,7,8775,An account was successfully logged on. Subject: Security ID: S-1-5-18 Account Name: SYSTEM Account Domain: NT AUTHORITY Logon ID: 0x3E7 Logon Type: 5.,0,Benign
2026-02-28 13:29:37,4625,3,134,An account failed to log on. Failure Reason: Unknown user name or bad password. Status: 0xC000006D Sub Status: 0xC000006A.,0,Benign
2026-02-27 20:36:37,4624,10,2705,An account was successfully logged on. New Logon: Account Name: jdoe Account Domain: CORP Logon ID: 0x1A2B3C.,0,Benign
2026-02-25 17:24:59,4634,3,2709,An account was logged off. Subject: Security ID: S-1-5-21-1234567890 Account Name: jdoe.,0,Benign
2026-02-26 10:37:06,4624,8,1386,An account was successfully logged on. New Logon: Account Name: jdoe Account Domain: CORP Logon ID: 0x1A2B3C.,0,Benign
2026-02-28 11:04:09,4624,11,9693,An account was successfully logged on. New Logon: Account Name: jdoe Account Domain: CORP Logon ID: 0x1A2B3C.,0,Benign
2026-02-27 20:07:11,4672,3,1397,Special privileges assigned to new logon. Subject: Security ID: S-1-5-21-1234567890 Account Name: Administrator Privileges: SeDebugPrivilege.,0,Benign
2026-02-28 17:30:55,4624,11,6365,An account was successfully logged on. Subject: Security ID: S-1-5-21-1234567890 Account Name: Administrator Account Domain: CORP Logon Type: 3.,0,Benign
2026-02-28 02:43:38,4688,9,5734,A new process has been created. New Process Name: C:\Windows\System32\svchost.exe Creator Process Name: C:\Windows\System32\services.exe.,0,Benign
2026-02-25 16:03:08,4624,12,3325,An account was successfully logged on. Logon Type: 10 Remote Desktop Services.,0,Benign
2026-02-27 11:48:36,4624,7,6479,An account was successfully logged on. Subject: Security ID: S-1-5-18 Account Name: SYSTEM Account Domain: NT AUTHORITY Logon ID: 0x3E7 Logon Type: 5.,0,Benign
2026-02-26 13:46:11,4688,8,2342,A new process has been created. New Process Name: C:\Windows\System32\taskhostw.exe.,0,Benign
2026-02-25 09:54:48,4648,8,691,A logon was attempted using explicit credentials. Process: C:\Windows\System32\runas.exe.,0,Benign
2026-02-23 14:07:59,4625,12,6944,An account failed to log on. Failure Reason: Unknown user name or bad password. Status: 0xC000006D Sub Status: 0xC000006A.,0,Benign
2026-03-01 11:14:18,4688,11,4630,A new process has been created. New Process Name: C:\Windows\System32\taskhostw.exe.,0,Benign
2026-03-01 11:36:07,4634,10,477,An account was logged off. Subject: Security ID: S-1-5-21-1234567890 Account Name: jdoe.,0,Benign
2026-02-24 02:53:06,4688,10,8675,A new process has been created. New Process Name: C:\Windows\System32\taskhostw.exe.,0,Benign
2026-03-01 12:38:42,4648,12,5770,A logon was attempted using explicit credentials. Process: C:\Windows\System32\runas.exe.,0,Benign
2026-02-23 09:11:59,4624,2,7287,An account was successfully logged on. New Logon: Account Name: jdoe Account Domain: CORP Logon ID: 0x1A2B3C.,0,Benign
2026-02-23 10:10:29,4634,5,6016,An account was logged off. Subject: Security ID: S-1-5-21-1234567890 Account Name: jdoe.,0,Benign
2026-03-01 11:45:52,4624,11,647,An account was successfully logged on. Subject: Security ID: S-1-5-21-1234567890 Account Name: Administrator Account Domain: CORP Logon Type: 3.,0,Benign
2026-02-25 08:11:10,4624,10,8543,An account was successfully logged on. Logon Type: 2 Interactive.,0,Benign
2026-02-25 06:04:04,4625,9,5046,An account failed to log on. Failure Reason: Account locked out.,0,Benign
2026-02-25 16:24:11,4624,8,1064,An account was successfully logged on. Subject: Security ID: S-1-5-21-1234567890 Account Name: Administrator Account Domain: CORP Logon Type: 3.,0,Benign
2026-02-26 09:20:30,4624,9,1864,An account was successfully logged on. Logon Type: 10 Remote Desktop Services.,0,Benign
2026-03-01 13:00:57,4634,3,145,An account was logged off. Logon Type: 2 Interactive.,0,Benign
2026-03-01 15:39:30,4688,12,3258,A new process has been created. New Process Name: C:\Program Files\Google\Chrome\chrome.exe Command Line: chrome.exe --type=renderer.,0,Benign
2026-02-23 09:41:04,4625,5,6246,An account failed to log on. Logon Type: 10 Remote Desktop Services.,0,Benign
2026-02-26 09:16:02,4624,5,5902,An account was successfully logged on. New Logon: Account Name: jdoe Account Domain: CORP Logon ID: 0x1A2B3C.,0,Benign
2026-03-01 16:48:13,4624,9,2044,An account was successfully logged on. Logon Type: 2 Interactive.,0,Benign
2026-02-24 21:21:00,4624,10,7735,An account was successfully logged on. Logon Type: 2 Interactive.,0,Benign
2026-02-24 11:22:39,4625,5,8512,An account failed to log on. Failure Reason: Unknown user name or bad password. Status: 0xC000006D Sub Status: 0xC000006A.,0,Benign
2026-02-26 15:32:33,4688,10,9020,A new process has been created. New Process Name: C:\Windows\System32\notepad.exe.,0,Benign
2026-02-26 13:55:05,4625,3,6676,An account failed to log on. Failure Reason: Unknown user name or bad password. Status: 0xC000006D Sub Status: 0xC000006A.,0,Benign
2026-02-24 16:31:22,4672,10,6966,Special privileges assigned to new logon. Subject: Security ID: S-1-5-21-1234567890 Account Name: Administrator Privileges: SeDebugPrivilege.,0,Benign
2026-02-25 20:42:30,4624,7,4405,An account was successfully logged on. Logon Type: 10 Remote Desktop Services.,0,Benign
2026-02-24 11:03:03,4624,12,3966,An account was successfully logged on. Subject: Security ID: S-1-5-18 Account Name: SYSTEM Account Domain: NT AUTHORITY Logon ID: 0x3E7 Logon Type: 5.,0,Benign
2026-02-28 12:04:46,4720,12,2055,A user account was created. New Account Name: tempuser New Account Domain: CORP.,0,Benign
2026-03-01 13:28:19,4648,5,5509,A logon was attempted using explicit credentials. Target Server: DC01 Target User: backup_svc.,0,Benign
2026-02-25 17:31:33,4625,3,1395,An account failed to log on. Account Name: administrator Source Network Address: 192.168.1.50.,0,Benign
2026-02-23 14:07:03,4624,10,4323,An account was successfully logged on. Logon Type: 10 Remote Desktop Services.,0,Benign
2026-02-25 09:36:27,4625,11,3930,An account failed to log on. Logon Type: 10 Remote Desktop Services.,0,Benign
2026-02-28 13:03:57,4720,5,2109,A user account was created. New Account Name: tempuser New Account Domain: CORP.,0,Benign
2026-02-26 12:07:10,4688,8,8408,A new process has been created. New Process Name: C:\Windows\System32\notepad.exe.,0,Benign
2026-02-24 15:39:20,4634,7,7229,An account was logged off. Subject: Security ID: S-1-5-21-1234567890 Account Name: jdoe.,0,Benign
2026-02-25 15:34:19,4624,8,7791,An account was successfully logged on. Subject: Security ID: S-1-5-18 Account Name: SYSTEM Account Domain: NT AUTHORITY Logon ID: 0x3E7 Logon Type: 5.,0,Benign
2026-03-01 09:38:11,4688,2,9163,A new process has been created. New Process Name: C:\Windows\System32\taskhostw.exe.,0,Benign
2026-02-25 10:26:12,4688,3,7047,A new process has been created. New Process Name: C:\Windows\System32\svchost.exe Creator Process Name: C:\Windows\System32\services.exe.,0,Benign
2026-02-24 18:48:14,4648,9,3887,A logon was attempted using explicit credentials. Target Server: localhost Target User: admin.,0,Benign
2026-02-25 16:07:10,4720,3,2033,A user account was created. New Account Name: svc_backup New Account Domain: CORP.,0,Benign
2026-02-27 13:21:37,4624,3,1422,An account was successfully logged on. New Logon: Account Name: jdoe Account Domain: CORP Logon ID: 0x1A2B3C.,0,Benign
2026-02-24 12:40:14,4624,9,3099,An account was successfully logged on. New Logon: Account Name: jdoe Account Domain: CORP Logon ID: 0x1A2B3C.,0,Benign
2026-02-25 21:20:57,4688,7,8140,A new process has been created. New Process Name: C:\Windows\System32\taskhostw.exe.,0,Benign
2026-03-01 12:04:46,4648,8,7362,A logon was attempted using explicit credentials. Target Server: localhost Target User: admin.,0,Benign
2026-02-27 14:46:34,4672,3,9927,Special privileges assigned to new logon. Subject: Security ID: S-1-5-21-1234567890 Account Name: Administrator Privileges: SeDebugPrivilege.,0,Benign
2026-02-26 08:11:34,4688,11,6736,A new process has been created. New Process Name: C:\Windows\System32\svchost.exe Creator Process Name: C:\Windows\System32\services.exe.,0,Benign
2026-02-28 17:04:33,4624,5,2136,An account was successfully logged on. Logon Type: 2 Interactive.,0,Benign
2026-02-26 14:53:08,4625,3,8463,An account failed to log on. Logon Type: 10 Remote Desktop Services.,0,Benign
2026-02-28 13:01:01,4672,2,496,Special privileges assigned to new logon. Account Name: SYSTEM Privileges: SeBackupPrivilege SeRestorePrivilege.,0,Benign
2026-03-01 00:59:48,4624,2,4180,An account was successfully logged on. Logon Type: 2 Interactive.,0,Benign
2026-02-26 13:25:09,4672,9,550,Special privileges assigned to new logon. Account Name: SYSTEM Privileges: SeBackupPrivilege SeRestorePrivilege.,0,Benign
2026-02-25 12:08:16,4634,8,1609,An account was logged off. Subject: Security ID: S-1-5-21-1234567890 Account Name: jdoe.,0,Benign
2026-02-27 17:14:14,4624,7,8819,An account was successfully logged on. Logon Type: 2 Interactive.,0,Benign
2026-03-01 12:51:28,4688,3,2095,A new process has been created. New Process Name: C:\Windows\System32\notepad.exe.,0,Benign
2026-02-26 11:41:21,4624,3,687,An account was successfully logged on. New Logon: Account Name: jdoe Account Domain: CORP Logon ID: 0x1A2B3C.,0,Benign
2026-02-26 04:26:26,4648,9,6325,A logon was attempted using explicit credentials. Process: C:\Windows\System32\runas.exe.,1,Benign
2026-02-24 11:02:27,4688,12,1837,A new process has been created. New Process Name: C:\Windows\System32\svchost.exe Creator Process Name: C:\Windows\System32\services.exe.,0,Benign
2026-02-23 10:58:45,4624,12,7978,An account was successfully logged on. Subject: Security ID: S-1-5-21-1234567890 Account Name: Administrator Account Domain: CORP Logon Type: 3.,0,Benign
2026-02-24 13:59:04,4672,12,3382,Special privileges assigned to new logon. Account Name: SYSTEM Privileges: SeBackupPrivilege SeRestorePrivilege.,0,Benign
2026-02-27 11:29:36,4688,2,5433,A new process has been created. New Process Name: C:\Windows\System32\notepad.exe.,0,Benign
2026-02-24 17:50:15,4688,2,2349,A new process has been created. New Process Name: C:\Windows\System32\svchost.exe Creator Process Name: C:\Windows\System32\services.exe.,0,Benign
2026-02-24 15:39:52,4672,9,9483,Special privileges assigned to new logon. Account Name: SYSTEM Privileges: SeBackupPrivilege SeRestorePrivilege.,0,Benign
2026-02-27 09:48:52,4624,10,4616,An account failed to log on. Logon Type: 3 Source Network Address: 10.0.0.99.,1,T1110
2026-02-24 17:57:47,4624,7,8100,An account was successfully logged on. Logon Type: 2 Interactive.,0,Benign
2026-02-28 12:15:54,4688,9,8705,A new process has been created. New Process Name: C:\Windows\System32\notepad.exe.,0,Benign
2026-02-28 09:05:52,4634,2,8160,An account was logged off. Logon Type: 3.,0,Benign
2026-03-01 09:15:16,4720,11,9632,A user account was created. New Account Name: svc_backup New Account Domain: CORP.,0,Benign
2026-02-25 10:58:06,4688,12,2545,A new process has been created. New Process Name: C:\Windows\System32\taskhostw.exe.,0,Benign
2026-03-01 08:48:16,4672,2,5901,Special privileges assigned to new logon. Subject: Security ID: S-1-5-18 Privileges: SeAssignPrimaryTokenPrivilege SeTcbPrivilege SeSecurityPrivilege.,0,Benign
2026-03-01 10:12:12,4624,2,8610,An account was successfully logged on. Logon Type: 10 Remote Desktop Services.,0,Benign
2026-02-23 17:16:17,4648,10,5009,A logon was attempted using explicit credentials. Target Server: localhost Target User: admin.,0,Benign
2026-02-25 17:02:00,4625,11,8992,An account failed to log on. Account Name: administrator Source Network Address: 192.168.1.50.,0,Benign
2026-03-01 11:09:58,4672,5,7774,Special privileges assigned to new logon. Subject: Security ID: S-1-5-21-1234567890 Account Name: Administrator Privileges: SeDebugPrivilege.,0,Benign
2026-02-24 02:00:59,4624,11,4999,An account was successfully logged on. New Logon: Account Name: jdoe Account Domain: CORP Logon ID: 0x1A2B3C.,0,Benign
2026-03-01 16:27:47,4625,12,4724,An account failed to log on. Account Name: administrator Source Network Address: 192.168.1.50.,0,Benign
2026-02-27 15:09:59,4624,5,1973,An account was successfully logged on. Subject: Security ID: S-1-5-18 Account Name: SYSTEM Account Domain: NT AUTHORITY Logon ID: 0x3E7 Logon Type: 5.,0,Benign
2026-03-01 14:15:29,4624,12,6454,An account was successfully logged on. Logon Type: 10 Remote Desktop Services.,0,Benign
2026-02-26 23:23:05,4732,9,9020,A member was added to a security-enabled local group. Member Name: jdoe Group Name: Remote Desktop Users.,0,Benign
2026-02-26 15:02:24,4625,9,2845,An account failed to log on. Failure Reason: Account locked out.,0,Benign
2026-03-01 12:52:13,4624,5,5260,An account was successfully logged on. Logon Type: 2 Interactive.,0,Benign
2026-03-01 01:50:33,4625,10,440,An account failed to log on. Failure Reason: Unknown user name or bad password. Status: 0xC000006D Sub Status: 0xC000006A.,0,Benign
2026-02-27 19:11:07,4688,7,5090,A new process has been created. New Process Name: C:\Windows\System32\cmd.exe Command Line: cmd.exe /c dir.,0,Benign
2026-02-27 21:45:22,4688,8,5959,A new process has been created. New Process Name: C:\Windows\System32\cmd.exe Command Line: cmd.exe /c dir.,0,Benign
2026-02-23 16:03:24,4688,2,6949,A new process has been created. New Process Name: C:\Windows\System32\cmd.exe Command Line: cmd.exe /c dir.,0,Benign
2026-02-28 06:47:49,4624,5,7537,An account was successfully logged on. Logon Type: 10 Remote Desktop Services.,0,Benign
2026-02-24 08:31:52,4688,11,4132,A new process has been created. New Process Name: C:\Windows\System32\cmd.exe Command Line: cmd.exe /c dir.,0,Benign
2026-02-23 09:09:18,4624,7,6315,An account was successfully logged on. Subject: Security ID: S-1-5-21-1234567890 Account Name: Administrator Account Domain: CORP Logon Type: 3.,0,Benign
2026-03-01 17:17:43,4720,8,844,A user account was created. New Account Name: test_account.,0,Benign
2026-02-24 10:39:53,4624,10,8229,An account was successfully logged on. Subject: Security ID: S-1-5-21-1234567890 Account Name: Administrator Account Domain: CORP Logon Type: 3.,0,Benign
2026-02-28 17:00:03,4624,2,171,An account was successfully logged on. Logon Type: 10 Remote Desktop Services.,0,Benign
2026-02-26 12:56:09,4672,12,741,Special privileges assigned to new logon. Account Name: SYSTEM Privileges: SeBackupPrivilege SeRestorePrivilege.,0,Benign
2026-03-01 14:36:24,4648,7,7379,A logon was attempted using explicit credentials. Process: C:\Windows\System32\runas.exe.,0,Benign
2026-02-23 14:02:32,4624,10,4141,An account was successfully logged on. Subject: Security ID: S-1-5-21-1234567890 Account Name: Administrator Account Domain: CORP Logon Type: 3.,0,Benign
2026-02-28 08:57:10,4688,7,2108,A new process has been created. New Process Name: C:\Windows\System32\notepad.exe.,0,Benign
2026-02-23 14:58:27,4634,7,3826,An account was logged off. Subject: Security ID: S-1-5-21-1234567890 Account Name: jdoe.,0,Benign
2026-02-24 17:24:18,4672,8,5645,Special privileges assigned to new logon. Account Name: SYSTEM Privileges: SeBackupPrivilege SeRestorePrivilege.,0,Benign
2026-02-27 15:31:33,4648,11,3408,A logon was attempted using explicit credentials. Target Server: localhost Target User: admin.,0,Benign
2026-03-01 22:23:54,4634,12,501,An account was logged off. Logon Type: 2 Interactive.,0,Benign
2026-02-24 10:42:39,4648,3,3497,A logon was attempted using explicit credentials. Target Server: DC01 Target User: backup_svc.,0,Benign
2026-02-26 16:45:40,4624,3,8853,An account was successfully logged on. Subject: Security ID: S-1-5-21-1234567890 Account Name: Administrator Account Domain: CORP Logon Type: 3.,0,Benign
2026-02-23 17:31:27,4624,2,9532,An account was successfully logged on. New Logon: Account Name: jdoe Account Domain: CORP Logon ID: 0x1A2B3C.,0,Benign
2026-02-28 17:29:53,4624,3,8972,An account was successfully logged on. Logon Type: 10 Remote Desktop Services.,0,Benign
2026-02-26 22:43:05,4624,3,9778,An account was successfully logged on. Subject: Security ID: S-1-5-18 Account Name: SYSTEM Account Domain: NT AUTHORITY Logon ID: 0x3E7 Logon Type: 5.,0,Benign
2026-02-27 09:28:06,4648,11,8153,A logon was attempted using explicit credentials. Process: C:\Windows\System32\runas.exe.,0,Benign
2026-02-26 15:57:40,4634,2,6730,An account was logged off. Logon Type: 3.,0,Benign
2026-03-01 16:22:09,4672,3,4547,Special privileges assigned to new logon. Subject: Security ID: S-1-5-21-1234567890 Account Name: Administrator Privileges: SeDebugPrivilege.,0,Benign
2026-03-01 23:13:08,1102,5,3864,The audit log was cleared. Subject: Security ID: S-1-5-21-9876543210 Account Name: attacker.,1,T1070
2026-02-27 10:02:16,4624,3,6733,An account was successfully logged on. Subject: Security ID: S-1-5-18 Account Name: SYSTEM Account Domain: NT AUTHORITY Logon ID: 0x3E7 Logon Type: 5.,0,Benign
2026-02-23 17:33:02,4624,2,1858,An account was successfully logged on. Logon Type: 2 Interactive.,0,Benign
2026-03-01 15:31:29,4634,2,5439,An account was logged off. Subject: Security ID: S-1-5-21-1234567890 Account Name: jdoe.,0,Benign
2026-02-25 13:30:46,4634,12,5437,An account was logged off. Logon Type: 3.,0,Benign
2026-03-01 17:43:17,4648,5,9377,A logon was attempted using explicit credentials. Process: C:\Windows\System32\runas.exe.,0,Benign
2026-02-25 08:43:53,4625,8,2361,An account failed to log on. Failure Reason: Unknown user name or bad password. Status: 0xC000006D Sub Status: 0xC000006A.,0,Benign
2026-02-28 14:01:55,4624,10,6380,An account was successfully logged on. New Logon: Account Name: jdoe Account Domain: CORP Logon ID: 0x1A2B3C.,0,Benign
2026-02-24 09:06:30,4634,12,6028,An account was logged off. Logon Type: 3.,0,Benign
2026-02-25 00:48:06,4672,5,7642,Special privileges assigned to new logon. Account Name: SYSTEM Privileges: SeBackupPrivilege SeRestorePrivilege.,0,Benign
2026-02-24 10:56:56,4688,7,4541,A new process has been created. New Process Name: C:\Windows\System32\taskhostw.exe.,0,Benign
2026-03-01 14:48:47,4624,8,9487,An account was successfully logged on. Subject: Security ID: S-1-5-21-1234567890 Account Name: Administrator Account Domain: CORP Logon Type: 3.,0,Benign
2026-02-25 17:00:02,4672,7,4191,Special privileges assigned to new logon. Subject: Security ID: S-1-5-21-1234567890 Account Name: Administrator Privileges: SeDebugPrivilege.,0,Benign
2026-02-25 17:21:52,4648,5,2805,A logon was attempted using explicit credentials. Target Server: localhost Target User: admin.,0,Benign
2026-02-27 16:02:51,4688,12,637,A new process has been created. New Process Name: C:\Program Files\Google\Chrome\chrome.exe Command Line: chrome.exe --type=renderer.,0,Benign
2026-02-25 09:23:32,4624,8,9882,An account was successfully logged on. New Logon: Account Name: jdoe Account Domain: CORP Logon ID: 0x1A2B3C.,0,Benign
2026-02-23 13:20:32,4634,2,8056,An account was logged off. Subject: Security ID: S-1-5-21-1234567890 Account Name: jdoe.,0,Benign
2026-02-26 15:00:45,4624,7,3002,An account was successfully logged on. Subject: Security ID: S-1-5-18 Account Name: SYSTEM Account Domain: NT AUTHORITY Logon ID: 0x3E7 Logon Type: 5.,0,Benign
