2026-02-26 10:23:56,4624,8,9710,An account was successfully logged on. Logon Type: 10 Remote Desktop Services.,0,Benign
2026-02-25 14:53:58,4624,7,8089,An account was successfully logged on. Subject: Security ID: S-1-5-18 Account Name: SYSTEM Account Domain: NT AUTHORITY Logon ID: 0x3E7 Logon Type: 5.,0,Benign
2026-02-27 14:39:11,4624,10,2427,An account was successfully logged on. New Logon: Account Name: jdoe Account Domain: CORP Logon ID: 0x1A2B3C.,0,Benign
2026-03-01 12:23:11,4648,5,734,A logon was attempted using explicit credentials. Process: C:\Windows\System32\runas.exe.,0,Benign
2026-02-25 03:04:07,4624,7,3842,An account was successfully logged on. New Logon: Account Name: jdoe Account Domain: CORP Logon ID: 0x1A2B3C.,0,Benign
2026-02-26 17:01:49,4672,8,635,Special privileges assigned to new logon. Subject: Security ID: S-1-5-21-1234567890 Account Name: Administrator Privileges: SeDebugPrivilege.,0,Benign
2026-02-24 16:39:45,4672,7,4187,Special privileges assigned to new logon. Subject: Security ID: S-1-5-18 Privileges: SeAssignPrimaryTokenPrivilege SeTcbPrivilege SeSecurityPrivilege.,0,Benign
2026-03-01 17:25:24,4648,11,1176,A logon was attempted using explicit credentials. Process: C:\Windows\System32\runas.exe.,0,Benign
2026-02-27 09:57:12,4648,10,9172,A logon was attempted using explicit credentials. Target Server: localhost Target User: admin.,0,Benign
2026-02-27 16:28:52,4634,5,701,An account was logged off. Logon Type: 2 Interactive.,0,Benign
2026-02-24 01:37:13,4624,3,9074,An account was successfully logged on. Subject: Security ID: S-1-5-18 Account Name: SYSTEM Account Domain: NT AUTHORITY Logon ID: 0x3E7 Logon Type: 5.,0,Benign
2026-03-01 12:59:32,4688,11,4672,A new process has been created. New Process Name: C:\Windows\System32\cmd.exe Command Line: cmd.exe /c dir.,0,Benign
2026-02-23 16:17:42,4625,10,9844,An account failed to log on. Failure Reason: Account locked out.,0,Benign
2026-03-01 09:22:03,4624,12,8366,An account was successfully logged on. New Logon: Account Name: jdoe Account Domain: CORP Logon ID: 0x1A2B3C.,0,Benign
2026-02-28 03:30:09,4688,9,5073,A new process has been created. New Process Name: C:\Windows\System32\svchost.exe Creator Process Name: C:\Windows\System32\services.exe.,0,Benign
2026-02-28 13:28:17,4672,11,113,Special privileges assigned to new logon. Subject: Security ID: S-1-5-18 Privileges: SeAssignPrimaryTokenPrivilege SeTcbPrivilege SeSecurityPrivilege.,0,Benign
2026-03-01 15:34:13,4688,9,6054,A new process has been created. New Process Name: C:\Windows\System32\notepad.exe.,0,Benign
2026-03-01 02:12:16,4648,12,5092,A logon was attempted using explicit credentials. Target Server: localhost Target User: admin.,0,Benign
2026-03-01 12:11:09,4624,12,5779,An account was successfully logged on. New Logon: Account Name: jdoe Account Domain: CORP Logon ID: 0x1A2B3C.,0,Benign
2026-02-28 13:41:52,4672,10,7538,Special privileges assigned to new logon. Subject: Security ID: S-1-5-21-1234567890 Account Name: Administrator Privileges: SeDebugPrivilege.,0,Benign
2026-02-25 18:08:36,4688,11,9988,A new process has been created. New Process Name: C:\Windows\System32\taskhostw.exe.,0,Benign
2026-02-26 12:56:45,4672,8,7229,Special privileges assigned to new logon. Subject: Security ID: S-1-5-21-1234567890 Account Name: Administrator Privileges: SeDebugPrivilege.,0,Benign
2026-02-23 15:21:47,4625,12,1258,An account failed to log on. Subject: Security ID: S-1-0-0 Account Name: - Account Domain: - Logon Type: 3.,0,Benign
2026-02-26 15:12:40,4688,10,2955,A new process has been created. New Process Name: C:\Windows\System32\notepad.exe.,0,Benign
2026-02-26 12:18:46,4648,10,6281,A logon was attempted using explicit credentials. Process: C:\Windows\System32\runas.exe.,0,Benign
2026-02-27 17:37:51,4648,12,5996,A logon was attempted using explicit credentials. Process: C:\Windows\System32\runas.exe.,0,Benign
2026-02-23 10:07:18,4624,3,6780,An account was successfully logged on. New Logon: Account Name: jdoe Account Domain: CORP Logon ID: 0x1A2B3C.,0,Benign
2026-02-27 17:29:27,4688,10,6669,A new process has been created. New Process Name: C:\Windows\System32\taskhostw.exe.,0,Benign
2026-02-26 14:22:28,4624,5,1280,An account was successfully logged on. Logon Type: 10 Remote Desktop Services.,0,Benign
2026-03-01 16:06:26,4624,5,7219,An account was successfully logged on. Logon Type: 2 Interactive.,0,Benign
2026-02-24 01:59:38,4732,11,2164,A member was added to a security-enabled local group. Member Name: backdoor Group Name: Administrators.,1,T1078
2026-03-01 16:33:33,4732,5,8451,A member was added to a security-enabled local group. Member Name: jdoe Group Name: Remote Desktop Users.,0,Benign
2026-02-23 08:05:16,4648,5,6727,A logon was attempted using explicit credentials. Target Server: localhost Target User: admin.,0,Benign
2026-02-27 23:49:22,4688,3,768,A new process has been created. New Process Name: C:\Windows\System32\svchost.exe Creator Process Name: C:\Windows\System32\services.exe.,0,Benign
2026-02-28 12:11:12,4625,12,8317,An account failed to log on. Account Name: administrator Source Network Address: 192.168.1.50.,0,Benign
2026-02-27 02:31:33,4624,2,8089,An account was successfully logged on. Logon Type: 10 Remote Desktop Services.,0,Benign
2026-02-27 19:59:19,4624,3,603,An account was successfully logged on. Subject: Security ID: S-1-5-18 Account Name: SYSTEM Account Domain: NT AUTHORITY Logon ID: 0x3E7 Logon Type: 5.,0,Benign
2026-02-24 17:16:52,4624,10,9854,An account was successfully logged on. New Logon: Account Name: jdoe Account Domain: CORP Logon ID: 0x1A2B3C.,0,Benign
2026-02-23 12:27:05,4648,11,4544,A logon was attempted using explicit credentials. Target Server: DC01 Target User: backup_svc.,0,Benign
2026-03-01 22:48:54,4625,3,3910,An account failed to log on. Failure Reason: Account locked out.,0,Benign
2026-02-27 08:31:09,4624,7,6558,An account was successfully logged on. Logon Type: 2 Interactive.,0,Benign
2026-02-24 16:06:51,4688,12,8707,A new process has been created. New Process Name: C:\Windows\System32\svchost.exe Creator Process Name: C:\Windows\System32\services.exe.,0,Benign
2026-03-01 17:01:53,4624,12,3138,An account was successfully logged on. Subject: Security ID: S-1-5-18 Account Name: SYSTEM Account Domain: NT AUTHORITY Logon ID: 0x3E7 Logon Type: 5.,0,Benign
2026-02-28 17:02:05,4624,11,7280,An account was successfully logged on. Subject: Security ID: S-1-5-18 Account Name: SYSTEM Account Domain: NT AUTHORITY Logon ID: 0x3E7 Logon Type: 5.,0,Benign
2026-02-28 19:39:50,4672,10,5477,Special privileges assigned to new logon. Subject: Security ID: S-1-5-18 Privileges: SeAssignPrimaryTokenPrivilege SeTcbPrivilege SeSecurityPrivilege.,0,Benign
2026-03-01 17:05:41,4672,12,6892,Special privileges assigned to new logon. Account Name: SYSTEM Privileges: SeBackupPrivilege SeRestorePrivilege.,0,Benign
2026-02-27 19:32:35,4688,9,5677,A new process has been created. New Process Name: C:\Windows\System32\notepad.exe.,0,Benign
2026-02-28 08:51:21,4688,10,2017,A new process has been created. New Process Name: C:\Windows\System32\svchost.exe Creator Process Name: C:\Windows\System32\services.exe.,0,Benign
2026-03-01 16:51:31,4624,12,6149,An account was successfully logged on. Logon Type: 10 Remote Desktop Services.,0,Benign
2026-02-23 11:40:47,4624,10,116,An account was successfully logged on. Subject: Security ID: S-1-5-21-1234567890 Account Name: Administrator Account Domain: CORP Logon Type: 3.,0,Benign
2026-02-23 08:47:07,4624,7,9473,An account was successfully logged on. Logon Type: 2 Interactive.,0,Benign
2026-02-28 18:41:23,4720,12,7259,A user account was created. New Account Name: svc_backup New Account Domain: CORP.,0,Benign
2026-02-24 13:09:36,4624,2,5108,An account was successfully logged on. Subject: Security ID: S-1-5-21-1234567890 Account Name: Administrator Account Domain: CORP Logon Type: 3.,0,Benign
2026-03-01 14:42:43,4625,2,284,An account failed to log on. Account Name: administrator Source Network Address: 192.168.1.50.,0,Benign
2026-02-26 09:17:32,4634,3,2982,An account was logged off. Subject: Security ID: S-1-5-21-1234567890 Account Name: jdoe.,0,Benign
2026-02-27 10:31:27,4648,3,5980,A logon was attempted using explicit credentials. Process: C:\Windows\System32\runas.exe.,0,Benign
2026-02-24 15:21:05,4624,9,2037,An account was successfully logged on. Logon Type: 2 Interactive.,0,Benign
2026-02-23 16:18:37,4624,3,3498,An account was successfully logged on. Subject: Security ID: S-1-5-21-1234567890 Account Name: Administrator Account Domain: CORP Logon Type: 3.,0,Benign
2026-02-26 10:15:37,4688,2,3200,A new process has been created. New Process Name: C:\Windows\System32\cmd.exe Command Line: cmd.exe /c dir.,0,Benign
2026-02-27 17:06:40,4720,9,6300,A user account was created. New Account Name: tempuser New Account Domain: CORP.,0,Benign
2026-02-23 01:03:51,4688,3,8382,A new process has been created. New Process Name: C:\Temp\mimikatz.exe Command Line: mimikatz.exe sekurlsa::logonpasswords.,1,T1003
2026-02-28 10:10:51,4624,2,9667,An account was successfully logged on. Logon Type: 10 Remote Desktop Services.,0,Benign
2026-02-25 09:44:19,4624,10,6922,An account was successfully logged on. Subject: Security ID: S-1-5-18 Account Name: SYSTEM Account Domain: NT AUTHORITY Logon ID: 0x3E7 Logon Type: 5.,0,Benign
2026-02-27 09:57:19,4634,11,7129,An account was logged off. Subject: Security ID: S-1-5-21-1234567890 Account Name: jdoe.,0,Benign
2026-02-23 12:19:32,4624,8,1735,An account was successfully logged on. New Logon: Account Name: jdoe Account Domain: CORP Logon ID: 0x1A2B3C.,0,Benign
2026-02-24 13:31:52,4624,2,915,An account was successfully logged on. Subject: Security ID: S-1-5-18 Account Name: SYSTEM Account Domain: NT AUTHORITY Logon ID: 0x3E7 Logon Type: 5.,0,Benign
2026-02-25 13:00:53,4624,7,7598,An account was successfully logged on. Subject: Security ID: S-1-5-21-1234567890 Account Name: Administrator Account Domain: CORP Logon Type: 3.,0,Benign
2026-02-26 14:26:00,4688,9,6349,A new process has been created. New Process Name: C:\Program Files\Google\Chrome\chrome.exe Command Line: chrome.exe --type=renderer.,0,Benign
2026-03-01 14:17:24,4732,3,3222,A member was added to a security-enabled local group. Member Name: jdoe Group Name: Remote Desktop Users.,0,Benign
2026-02-27 16:24:04,4624,5,5814,An account was successfully logged on. Logon Type: 10 Remote Desktop Services.,0,Benign
2026-02-27 22:29:49,4634,12,7857,An account was logged off. Subject: Security ID: S-1-5-21-1234567890 Account Name: jdoe.,0,Benign
2026-02-26 19:25:18,4624,10,236,An account was successfully logged on. Subject: Security ID: S-1-5-21-1234567890 Account Name: Administrator Account Domain: CORP Logon Type: 3.,0,Benign
2026-02-28 09:49:17,4624,8,6714,An account was successfully logged on. Subject: Security ID: S-1-5-21-1234567890 Account Name: Administrator Account Domain: CORP Logon Type: 3.,0,Benign
2026-02-25 08:45:37,4624,12,6449,An account was successfully logged on. Subject: Security ID: S-1-5-18 Account Name: SYSTEM Account Domain: NT AUTHORITY Logon ID: 0x3E7 Logon Type: 5.,0,Benign
2026-02-25 11:35:18,4688,9,874,A new process has been created. New Process Name: C:\Windows\System32\cmd.exe Command Line: cmd.exe /c dir.,0,Benign
2026-02-26 10:23:24,4624,8,2293,An account was successfully logged on. New Logon: Account Name: jdoe Account Domain: CORP Logon ID: 0x1A2B3C.,0,Benign
2026-02-28 06:43:34,4688,11,1437,A new process has been created. New Process Name: C:\Windows\System32\taskhostw.exe.,0,Benign
2026-02-25 00:58:45,4624,9,8979,An account was successfully logged on. New Logon: Account Name: jdoe Account Domain: CORP Logon ID: 0x1A2B3C.,0,Benign
2026-02-24 14:46:29,4720,11,8245,A user account was created. New Account Name: test_account.,0,Benign
2026-02-24 10:34:03,4624,12,6889,An account was successfully logged on. Subject: Security ID: S-1-5-18 Account Name: SYSTEM Account Domain: NT AUTHORITY Logon ID: 0x3E7 Logon Type: 5.,0,Benign
2026-02-26 16:30:04,4732,12,9248,A member was added to a security-enabled local group. Member Name: tempuser Group Name: Administrators.,0,Benign
2026-02-25 11:09:38,4624,9,6164,An account was successfully logged on. Subject: Security ID: S-1-5-18 Account Name: SYSTEM Account Domain: NT AUTHORITY Logon ID: 0x3E7 Logon Type: 5.,0,Benign
2026-02-27 13:24:51,4625,7,2452,An account failed to log on. Failure Reason: Unknown user name or bad password. Status: 0xC000006D Sub Status: 0xC000006A.,0,Benign
2026-02-28 01:26:02,4624,2,5293,An account was successfully logged on. Logon Type: 2 Interactive.,0,Benign
2026-02-27 09:36:05,4634,5,6679,An account was logged off. Subject: Security ID: S-1-5-21-1234567890 Account Name: jdoe.,0,Benign
2026-02-25 17:13:15,4648,7,3879,A logon was attempted using explicit credentials. Target Server: localhost Target User: admin.,0,Benign
2026-02-26 08:18:35,4625,9,802,An account failed to log on. Subject: Security ID: S-1-0-0 Account Name: - Account Domain: - Logon Type: 3.,0,Benign
2026-02-28 12:17:41,4624,9,1054,An account was successfully logged on. Logon Type: 10 Remote Desktop Services.,0,Benign
2026-02-24 16:00:15,4688,12,4409,A new process has been created. New Process Name: C:\Windows\System32\taskhostw.exe.,0,Benign
2026-02-23 20:05:58,4624,2,463,An account was successfully logged on. Logon Type: 10 Remote Desktop Services.,0,Benign
2026-02-26 14:17:31,4625,11,1417,An account failed to log on. Failure Reason: Account locked out.,0,Benign
2026-02-24 13:37:29,4688,11,4072,A new process has been created. New Process Name: C:\Windows\System32\svchost.exe Creator Process Name: C:\Windows\System32\services.exe.,0,Benign
2026-02-27 10:41:19,4720,12,3773,A user account was created. New Account Name: test_account.,0,Benign
2026-03-01 14:09:41,4624,5,7529,An account was successfully logged on. Subject: Security ID: S-1-5-21-1234567890 Account Name: Administrator Account Domain: CORP Logon Type: 3.,0,Benign
2026-02-26 08:26:45,4648,5,5126,A logon was attempted using explicit credentials. Process: C:\Windows\System32\runas.exe.,0,Benign
2026-02-28 03:51:57,4625,5,7092,An account failed to log on. Logon Type: 10 Remote Desktop Services.,0,Benign
2026-02-26 10:05:12,4624,11,9436,An account was successfully logged on. Logon Type: 2 Interactive.,0,Benign
2026-02-24 11:05:29,4648,7,6631,A logon was attempted using explicit credentials. Target Server: DC01 Target User: backup_svc.,0,Benign
2026-02-24 17:31:46,4624,3,1137,An account was successfully logged on. New Logon: Account Name: jdoe Account Domain: CORP Logon ID: 0x1A2B3C.,0,Benign
2026-02-25 13:21:25,4688,9,7811,A new process has been created. New Process Name: C:\Windows\System32\cmd.exe Command Line: cmd.exe /c dir.,0,Benign
2026-02-26 10:32:15,4624,10,1523,An account was successfully logged on. Subject: Security ID: S-1-5-18 Account Name: SYSTEM Account Domain: NT AUTHORITY Logon ID: 0x3E7 Logon Type: 5.,0,Benign
2026-02-24 15:25:33,4625,9,4007,An account failed to log on. Failure Reason: Unknown user name or bad password. Status: 0xC000006D Sub Status: 0xC000006A.,0,Benign
2026-03-01 17:29:05,4625,11,1434,An account failed to log on. Account Name: administrator Source Network Address: 192.168.1.50.,0,Benign
2026-03-01 11:36:02,4720,9,7204,A user account was created. New Account Name: test_account.,0,Benign
2026-02-28 14:00:09,4720,12,3359,A user account was created. New Account Name: tempuser New Account Domain: CORP.,0,Benign
2026-02-25 15:29:59,4688,8,6580,A new process has been created. New Process Name: C:\Windows\System32\svchost.exe Creator Process Name: C:\Windows\System32\services.exe.,0,Benign
2026-02-26 15:18:36,4624,9,8832,An account was successfully logged on. Subject: Security ID: S-1-5-21-1234567890 Account Name: Administrator Account Domain: CORP Logon Type: 3.,0,Benign
2026-02-27 18:53:45,4688,10,3334,A new process has been created. New Process Name: C:\Windows\System32\cmd.exe Command Line: cmd.exe /c dir.,0,Benign
2026-02-27 08:02:08,4624,9,5618,An account was successfully logged on. Subject: Security ID: S-1-5-18 Account Name: SYSTEM Account Domain: NT AUTHORITY Logon ID: 0x3E7 Logon Type: 5.,0,Benign
2026-02-26 17:05:52,4672,10,8581,Special privileges assigned to new logon. Subject: Security ID: S-1-5-21-1234567890 Account Name: Administrator Privileges: SeDebugPrivilege.,0,Benign
2026-02-26 12:04:27,4624,7,4625,An account was successfully logged on. Subject: Security ID: S-1-5-21-1234567890 Account Name: Administrator Account Domain: CORP Logon Type: 3.,0,Benign
2026-02-24 18:15:00,4624,10,7627,An account was successfully logged on. Logon Type: 2 Interactive.,0,Benign
2026-02-26 10:10:42,4624,2,7830,An account was successfully logged on. Logon Type: 10 Remote Desktop Services.,0,Benign
2026-02-27 10:14:56,4624,7,6727,An account was successfully logged on. New Logon: Account Name: jdoe Account Domain: CORP Logon ID: 0x1A2B3C.,0,Benign
2026-03-01 19:42:08,4672,11,5649,Special privileges assigned to new logon. Account Name: SYSTEM Privileges: SeBackupPrivilege SeRestorePrivilege.,0,Benign
2026-02-25 09:35:04,4624,11,6239,An account was successfully logged on. Logon Type: 10 Remote Desktop Services.,0,Benign
2026-02-28 10:46:10,4720,9,5854,A user account was created. New Account Name: svc_backup New Account Domain: CORP.,0,Benign
2026-02-25 03:57:02,4672,12,4749,Special privileges assigned to new logon. Account Name: SYSTEM Privileges: SeBackupPrivilege SeRestorePrivilege.,0,Benign
2026-02-27 17:31:46,4648,12,9917,A logon was attempted using explicit credentials. Process: C:\Windows\System32\runas.exe.,0,Benign
2026-02-28 05:05:37,4624,8,9498,An account was successfully logged on. Logon Type: 2 Interactive.,0,Benign
2026-02-26 08:12:17,4625,8,4784,An account failed to log on. Account Name: administrator Source Network Address: 192.168.1.50.,0,Benign
2026-02-23 14:52:15,4625,12,3921,An account failed to log on. Failure Reason: Unknown user name or bad password. Status: 0xC000006D Sub Status: 0xC000006A.,0,Benign
2026-03-01 13:50:12,4688,11,9618,A new process has been created. New Process Name: C:\Program Files\Google\Chrome\chrome.exe Command Line: chrome.exe --type=renderer.,0,Benign
2026-03-01 12:43:17,4634,10,9721,An account was logged off. Logon Type: 3.,0,Benign
2026-02-28 17:01:21,4624,8,2845,An account was successfully logged on. New Logon: Account Name: jdoe Account Domain: CORP Logon ID: 0x1A2B3C.,0,Benign
2026-03-01 09:44:20,4672,8,9567,Special privileges assigned to new logon. Account Name: SYSTEM Privileges: SeBackupPrivilege SeRestorePrivilege.,0,Benign
2026-02-26 10:34:08,4648,8,7057,A logon was attempted using explicit credentials. Process: C:\Windows\System32\runas.exe.,0,Benign
2026-02-26 10:09:14,4624,10,8076,An account was successfully logged on. Logon Type: 2 Interactive.,0,Benign
2026-03-01 17:28:39,4688,3,6699,A new process has been created. New Process Name: C:\Windows\System32\svchost.exe Creator Process Name: C:\Windows\System32\services.exe.,0,Benign
2026-02-23 01:35:10,4720,3,4164,A user account was created. New Account Name: svc_backup New Account Domain: CORP.,0,Benign
2026-02-24 23:41:05,4720,10,520,A user account was created. New Account Name: test_account.,0,Benign
2026-02-25 11:59:07,4625,10,9736,An account failed to log on. Failure Reason: Unknown user name or bad password. Status: 0xC000006D Sub Status: 0xC000006A.,0,Benign
2026-02-27 08:25:47,4624,7,5614,An account was successfully logged on. Subject: Security ID: S-1-5-18 Account Name: SYSTEM Account Domain: NT AUTHORITY Logon ID: 0x3E7 Logon Type: 5.,0,Benign
2026-03-01 11:00:59,4624,5,2885,An account was successfully logged on. Subject: Security ID: S-1-5-21-1234567890 Account Name: Administrator Account Domain: CORP Logon Type: 3.,0,Benign
2026-02-25 08:26:51,4625,2,2581,An account failed to log on. Failure Reason: Unknown user name or bad password. Status: 0xC000006D Sub Status: 0xC000006A.,0,Benign
2026-02-24 14:55:22,4624,10,2984,An account was successfully logged on. Subject: Security ID: S-1-5-21-1234567890 Account Name: Administrator Account Domain: CORP Logon Type: 3.,0,Benign
2026-03-01 08:10:28,4624,8,7903,An account was successfully logged on. Logon Type: 2 Interactive.,0,Benign
2026-02-28 09:15:08,4624,3,2178,An account was successfully logged on. New Logon: Account Name: jdoe Account Domain: CORP Logon ID: 0x1A2B3C.,0,Benign
2026-02-23 09:44:05,4688,7,1275,A new process has been created. New Process Name: C:\Windows\System32\taskhostw.exe.,0,Benign
2026-02-27 02:30:01,4648,2,1135,A logon was attempted using explicit credentials. Target Server: localhost Target User: admin.,0,Benign
2026-02-27 09:18:21,4688,11,4791,A new process has been created. New Process Name: C:\Windows\System32\notepad.exe.,0,Benign
2026-02-25 12:10:59,4624,12,9443,An account was successfully logged on. Subject: Security ID: S-1-5-21-1234567890 Account Name: Administrator Account Domain: CORP Logon Type: 3.,0,Benign
2026-02-25 14:04:01,4624,2,5724,An account was successfully logged on. Logon Type: 2 Interactive.,0,Benign
2026-03-01 15:07:31,4624,11,1002,An account was successfully logged on. New Logon: Account Name: jdoe Account Domain: CORP Logon ID: 0x1A2B3C.,0,Benign
2026-02-24 02:47:22,4648,8,1359,A logon was attempted using explicit credentials. Target Server: localhost Target User: admin.,0,Benign
2026-02-23 14:46:55,4672,2,1056,Special privileges assigned to new logon. Account Name: SYSTEM Privileges: SeBackupPrivilege SeRestorePrivilege.,0,Benign
2026-02-28 12:10:20,4625,9,4516,An account failed to log on. Failure Reason: Unknown user name or bad password. Status: 0xC000006D Sub Status: 0xC000006A.,0,Benign
2026-02-25 11:04:09,4624,7,1375,An account was successfully logged on. Logon Type: 2 Interactive.,0,Benign
2026-02-24 12:21:30,4624,12,8412,An account was successfully logged on. Subject: Security ID: S-1-5-18 Account Name: SYSTEM Account Domain: NT AUTHORITY Logon ID: 0x3E7 Logon Type: 5.,0,Benign
2026-02-28 15:04:00,4625,7,5778,An account failed to log on. Failure Reason: Unknown user name or bad password. Status: 0xC000006D Sub Status: 0xC000006A.,0,Benign
2026-02-26 17:22:00,4732,9,5649,A member was added to a security-enabled local group. Member Name: svc_backup Group Name: Backup Operators.,0,Benign
2026-02-24 17:16:57,4624,5,5512,An account was successfully logged on. Logon Type: 10 Remote Desktop Services.,0,Benign
2026-02-28 12:04:44,4648,9,2976,A logon was attempted using explicit credentials. Target Server: localhost Target User: admin.,0,Benign
2026-02-24 23:07:39,4624,12,2712,An account was successfully logged on. Logon Type: 2 Interactive.,0,Benign
2026-02-25 22:46:46,4672,2,3827,Special privileges assigned to new logon. Account Name: SYSTEM Privileges: SeDebugPrivilege.,1,T1003
2026-02-24 16:04:47,4688,10,211,A new process has been created. New Process Name: C:\Program Files\Google\Chrome\chrome.exe Command Line: chrome.exe --type=renderer.,0,Benign
2026-02-24 17:50:17,4625,12,3028,An account failed to log on. Subject: Security ID: S-1-0-0 Account Name: - Account Domain: - Logon Type: 3.,0,Benign
2026-02-24 11:16:26,4634,8,6108,An account was logged off. Logon Type: 2 Interactive.,0,Benign
2026-02-28 13:06:16,4625,7,9157,An account failed to log on. Failure Reason: Account locked out.,0,Benign
2026-02-23 17:26:31,4648,7,4798,A logon was attempted using explicit credentials. Target Server: localhost Target User: admin.,0,Benign
2026-02-27 10:11:15,4634,3,2954,An account was logged off. Subject: Security ID: S-1-5-21-1234567890 Account Name: jdoe.,0,Benign
2026-02-28 09:53:07,4624,2,9694,An account was successfully logged on. Logon Type: 10 Remote Desktop Services.,0,Benign
2026-02-27 15:49:50,4624,9,4080,An account was successfully logged on. Logon Type: 2 Interactive.,0,Benign
2026-02-25 17:58:55,4688,5,9733,A new process has been created. New Process Name: C:\Windows\System32\taskhostw.exe.,0,Benign
2026-02-23 15:28:06,4624,8,9077,An account was successfully logged on. New Logon: Account Name: jdoe Account Domain: CORP Logon ID: 0x1A2B3C.,0,Benign
2026-02-25 17:21:59,4624,8,6710,An account was successfully logged on. Subject: Security ID: S-1-5-18 Account Name: SYSTEM Account Domain: NT AUTHORITY Logon ID: 0x3E7 Logon Type: 5.,0,Benign
2026-02-25 11:25:39,4672,7,9016,Special privileges assigned to new logon. Subject: Security ID: S-1-5-21-1234567890 Account Name: Administrator Privileges: SeDebugPrivilege.,0,Benign
2026-02-25 14:02:31,4688,9,8927,A new process has been created. New Process Name: C:\Windows\System32\notepad.exe.,0,Benign
2026-02-27 08:05:44,4732,8,9402,A member was added to a security-enabled local group. Member Name: svc_backup Group Name: Backup Operators.,0,Benign
2026-02-28 13:34:19,4625,8,572,An account failed to log on. Failure Reason: Account locked out.,0,Benign
2026-02-23 11:50:36,4672,8,1575,Special privileges assigned to new logon. Account Name: SYSTEM Privileges: SeBackupPrivilege SeRestorePrivilege.,0,Benign
2026-02-28 05:17:01,4672,11,436,Special privileges assigned to new logon. Account Name: SYSTEM Privileges: SeDebugPrivilege.,1,T1003
2026-02-23 19:47:45,4688,11,3362,A new process has been created. New Process Name: C:\Windows\System32\svchost.exe Creator Process Name: C:\Windows\System32\services.exe.,0,Benign
2026-02-24 10:28:14,4624,10,2154,An account was successfully logged on. New Logon: Account Name: jdoe Account Domain: CORP Logon ID: 0x1A2B3C.,0,Benign
2026-02-26 06:25:42,4625,3,3872,An account failed to log on. Account Name: administrator Source Network Address: 192.168.1.50.,0,Benign
2026-02-26 09:10:55,4634,11,3881,An account was logged off. Logon Type: 3.,0,Benign
2026-02-24 16:46:23,4688,3,3007,A new process has been created. New Process Name: C:\Windows\System32\taskhostw.exe.,0,Benign
2026-02-26 16:41:28,4634,8,9709,An account was logged off. Logon Type: 2 Interactive.,0,Benign
2026-02-24 10:30:02,4624,8,4016,An account was successfully logged on. Subject: Security ID: S-1-5-21-1234567890 Account Name: Administrator Account Domain: CORP Logon Type: 3.,0,Benign
2026-02-23 13:30:43,4648,10,8848,A logon was attempted using explicit credentials. Target Server: DC01 Target User: backup_svc.,0,Benign
2026-03-01 08:10:46,4688,5,9283,A new process has been created. New Process Name: C:\Windows\System32\svchost.exe Creator Process Name: C:\Windows\System32\services.exe.,0,Benign
2026-02-25 17:12:01,4624,3,6733,An account was successfully logged on. Logon Type: 10 Remote Desktop Services.,0,Benign
2026-03-01 09:07:31,4624,7,8678,An account was successfully logged on. New Logon: Account Name: jdoe Account Domain: CORP Logon ID: 0x1A2B3C.,0,Benign
2026-02-25 10:15:36,4625,5,4225,An account failed to log on. Account Name: administrator Source Network Address: 192.168.1.50.,0,Benign
2026-02-25 12:18:13,4624,12,2490,An account was successfully logged on. Subject: Security ID: S-1-5-18 Account Name: SYSTEM Account Domain: NT AUTHORITY Logon ID: 0x3E7 Logon Type: 5.,0,Benign
2026-02-28 15:50:20,4688,5,3190,A new process has been created. New Process Name: C:\Program Files\Google\Chrome\chrome.exe Command Line: chrome.exe --type=renderer.,0,Benign
2026-02-27 09:41:26,4672,5,6717,Special privileges assigned to new logon. Subject: Security ID: S-1-5-18 Privileges: SeAssignPrimaryTokenPrivilege SeTcbPrivilege SeSecurityPrivilege.,0,Benign
2026-02-27 14:30:35,4648,2,1582,A logon was attempted using explicit credentials. Target Server: localhost Target User: admin.,0,Benign
2026-02-28 22:58:43,4624,11,4450,An account was successfully logged on. Subject: Security ID: S-1-5-18 Account Name: SYSTEM Account Domain: NT AUTHORITY Logon ID: 0x3E7 Logon Type: 5.,0,Benign
2026-02-24 12:38:09,4688,9,9174,A new process has been created. New Process Name: C:\Program Files\Google\Chrome\chrome.exe Command Line: chrome.exe --type=renderer.,0,Benign
2026-02-28 12:43:37,4634,10,9242,An account was logged off. Logon Type: 3.,0,Benign
2026-02-23 08:42:58,4634,2,8616,An account was logged off. Subject: Security ID: S-1-5-21-1234567890 Account Name: jdoe.,0,Benign
2026-02-24 11:53:51,4648,12,8864,A logon was attempted using explicit credentials. Target Server: DC01 Target User: backup_svc.,0,Benign
2026-02-24 14:45:00,4625,8,8362,An account failed to log on. Logon Type: 10 Remote Desktop Services.,0,Benign
2026-02-25 13:24:54,4625,3,2007,An account failed to log on. Failure Reason: Unknown user name or bad password. Status: 0xC000006D Sub Status: 0xC000006A.,0,Benign
2026-02-27 17:16:37,4688,9,2810,A new process has been created. New Process Name: C:\Program Files\Google\Chrome\chrome.exe Command Line: chrome.exe --type=renderer.,0,Benign
2026-02-23 16:15:13,4624,12,4638,An account was successfully logged on. Subject: Security ID: S-1-5-21-1234567890 Account Name: Administrator Account Domain: CORP Logon Type: 3.,0,Benign
2026-03-01 08:59:52,4688,2,2596,A new process has been created. New Process Name: C:\Windows\System32\cmd.exe Command Line: cmd.exe /c dir.,0,Benign
2026-02-24 16:41:16,4624,11,6237,An account was successfully logged on. Subject: Security ID: S-1-5-18 Account Name: SYSTEM Account Domain: NT AUTHORITY Logon ID: 0x3E7 Logon Type: 5.,0,Benign
2026-02-28 12:03:25,4648,2,6528,A logon was attempted using explicit credentials. Target Server: DC01 Target User: backup_svc.,0,Benign
2026-02-23 14:31:11,4624,3,6751,An account was successfully logged on. Logon Type: 10 Remote Desktop Services.,0,Benign
2026-02-27 14:45:59,4624,2,215,An account was successfully logged on. Subject: Security ID: S-1-5-21-1234567890 Account Name: Administrator Account Domain: CORP Logon Type: 3.,0,Benign
2026-02-24 08:26:06,4624,12,8485,An account was successfully logged on. Subject: Security ID: S-1-5-18 Account Name: SYSTEM Account Domain: NT AUTHORITY Logon ID: 0x3E7 Logon Type: 5.,0,Benign
2026-02-25 00:30:37,4625,12,9792,An account failed to log on. Failure Reason: Account locked out.,0,Benign
2026-02-27 02:18:13,4624,3,7251,An account was successfully logged on. New Logon: Account Name: jdoe Account Domain: CORP Logon ID: 0x1A2B3C.,0,Benign
2026-02-24 09:17:18,4624,10,1379,An account was successfully logged on. Subject: Security ID: S-1-5-18 Account Name: SYSTEM Account Domain: NT AUTHORITY Logon ID: 0x3E7 Logon Type: 5.,0,Benign
2026-02-25 10:06:53,4624,8,7308,An account was successfully logged on. Logon Type: 2 Interactive.,0,Benign
2026-02-24 13:39:42,4688,2,1831,A new process has been created. New Process Name: C:\Program Files\Google\Chrome\chrome.exe Command Line: chrome.exe --type=renderer.,0,Benign
2026-02-23 10:48:51,4624,9,8384,An account was successfully logged on. Subject: Security ID: S-1-5-18 Account Name: SYSTEM Account Domain: NT AUTHORITY Logon ID: 0x3E7 Logon Type: 5.,0,Benign
2026-02-26 22:58:14,4624,10,6698,An account was successfully logged on. Logon Type: 10 Remote Desktop Services.,0,Benign
2026-02-25 13:42:47,4624,8,9928,An account was successfully logged on. Subject: Security ID: S-1-5-18 Account Name: SYSTEM Account Domain: NT AUTHORITY Logon ID: 0x3E7 Logon Type: 5.,0,Benign
2026-03-01 16:06:02,4634,3,4138,An account was logged off. Logon Type: 2 Interactive.,0,Benign
2026-02-27 06:29:35,4625,11,6824,An account failed to log on. Logon Type: 10 Remote Desktop Services.,0,Benign
2026-02-23 14:08:52,4624,9,8667,An account was successfully logged on. Logon Type: 10 Remote Desktop Services.,0,Benign
2026-02-27 16:36:44,4648,12,1629,A logon was attempted using explicit credentials. Process: C:\Windows\System32\runas.exe.,0,Benign
2026-02-25 13:51:50,4624,7,9920,An account was successfully logged on. Subject: Security ID: S-1-5-21-1234567890 Account Name: Administrator Account Domain: CORP Logon Type: 3.,0,Benign
2026-03-01 16:38:49,4625,3,217,An account failed to log on. Account Name: administrator Source Network Address: 192.168.1.50.,0,Benign
2026-02-26 04:30:56,4624,5,8092,An account was successfully logged on. New Logon: Account Name: jdoe Account Domain: CORP Logon ID: 0x1A2B3C.,0,Benign
2026-02-24 15:29:13,4634,12,4151,An account was logged off. Subject: Security ID: S-1-5-21-1234567890 Account Name: jdoe.,0,Benign
2026-02-28 15:26:26,4624,10,6553,An account was successfully logged on. Subject: Security ID: S-1-5-21-1234567890 Account Name: Administrator Account Domain: CORP Logon Type: 3.,0,Benign
2026-02-23 08:27:50,4688,10,451,A new process has been created. New Process Name: C:\Windows\System32\cmd.exe Command Line: cmd.exe /c dir.,0,Benign
2026-02-25 12:15:47,4634,8,6829,An account was logged off. Logon Type: 2 Interactive.,0,Benign
2026-02-26 23:43:09,4625,3,1305,An account failed to log on. Account Name: administrator Source Network Address: 192.168.1.50.,0,Benign
2026-03-01 16:36:52,4648,3,9605,A logon was attempted using explicit credentials. Process: C:\Windows\System32\runas.exe.,0,Benign
2026-03-01 17:30:54,4688,10,2784,A new process has been created. New Process Name: C:\Windows\System32\taskhostw.exe.,0,Benign
2026-02-26 17:20:10,4634,10,3542,An account was logged off. Subject: Security ID: S-1-5-21-1234567890 Account Name: jdoe.,0,Benign
2026-02-27 11:16:13,4634,2,5455,An account was logged off. Logon Type: 2 Interactive.,0,Benign
2026-02-26 23:40:19,4624,11,9742,An account was successfully logged on. Subject: Security ID: S-1-5-18 Account Name: SYSTEM Account Domain: NT AUTHORITY Logon ID: 0x3E7 Logon Type: 5.,0,Benign
2026-02-27 08:06:55,4624,12,1783,An account was successfully logged on. Logon Type: 10 Remote Desktop Services.,1,Benign
2026-02-25 15:23:05,4648,10,8137,A logon was attempted using explicit credentials. Process: C:\Windows\System32\runas.exe.,0,Benign
2026-02-26 12:46:50,4625,12,5302,An account failed to log on. Account Name: administrator Source Network Address: 192.168.1.50.,0,Benign
2026-02-23 11:55:35,4688,7,7693,A new process has been created. New Process Name: C:\Program Files\Google\Chrome\chrome.exe Command Line: chrome.exe --type=renderer.,0,Benign
2026-02-25 09:28:16,4624,8,1349,An account was successfully logged on. Subject: Security ID: S-1-5-21-1234567890 Account Name: Administrator Account Domain: CORP Logon Type: 3.,0,Benign
2026-03-01 17:39:06,4634,9,8046,An account was logged off. Subject: Security ID: S-1-5-21-1234567890 Account Name: jdoe.,0,Benign
2026-02-26 10:04:17,4624,10,2198,An account was successfully logged on. Logon Type: 10 Remote Desktop Services.,0,Benign
2026-02-26 11:09:55,4688,8,9312,A new process has been created. New Process Name: C:\Windows\System32\notepad.exe.,0,Benign
2026-02-25 14:34:38,4624,5,8248,An account was successfully logged on. Subject: Security ID: S-1-5-21-1234567890 Account Name: Administrator Account Domain: CORP Logon Type: 3.,0,Benign
2026-02-27 16:25:00,4624,3,3179,An account was successfully logged on. Subject: Security ID: S-1-5-18 Account Name: SYSTEM Account Domain: NT AUTHORITY Logon ID: 0x3E7 Logon Type: 5.,0,Benign
2026-02-27 10:55:10,4624,8,7665,An account was successfully logged on. Subject: Security ID: S-1-5-18 Account Name: SYSTEM Account Domain: NT AUTHORITY Logon ID: 0x3E7 Logon Type: 5.,0,Benign
2026-02-23 15:36:46,4624,11,645,An account was successfully logged on. Subject: Security ID: S-1-5-21-1234567890 Account Name: Administrator Account Domain: CORP Logon Type: 3.,0,Benign
2026-02-24 13:40:53,4624,8,9732,An account was successfully logged on. Logon Type: 10 Remote Desktop Services.,0,Benign
2026-02-24 13:30:04,4624,11,6954,An account was successfully logged on. Subject: Security ID: S-1-5-21-1234567890 Account Name: Administrator Account Domain: CORP Logon Type: 3.,0,Benign
2026-02-28 13:37:38,4624,9,5278,An account was successfully logged on. New Logon: Account Name: jdoe Account Domain: CORP Logon ID: 0x1A2B3C.,0,Benign
2026-02-25 16:43:37,4672,9,6941,Special privileges assigned to new logon. Subject: Security ID: S-1-5-18 Privileges: SeAssignPrimaryTokenPrivilege SeTcbPrivilege SeSecurityPrivilege.,0,Benign
2026-02-23 16:00:45,4624,10,3980,An account was successfully logged on. Subject: Security ID: S-1-5-21-1234567890 Account Name: Administrator Account Domain: CORP Logon Type: 3.,0,Benign
2026-02-27 13:57:17,4624,7,1386,An account was successfully logged on. Subject: Security ID: S-1-5-21-1234567890 Account Name: Administrator Account Domain: CORP Logon Type: 3.,0,Benign
2026-03-01 08:14:41,4634,11,8843,An account was logged off. Subject: Security ID: S-1-5-21-1234567890 Account Name: jdoe.,0,Benign
2026-02-26 15:57:27,4625,3,1351,An account failed to log on. Subject: Security ID: S-1-0-0 Account Name: - Account Domain: - Logon Type: 3.,0,Benign
2026-02-25 08:53:55,4648,8,8513,A logon was attempted using explicit credentials. Target Server: DC01 Target User: backup_svc.,0,Benign
2026-03-01 14:32:15,4732,7,5762,A member was added to a security-enabled local group. Member Name: jdoe Group Name: Remote Desktop Users.,0,Benign
2026-02-27 10:29:00,4720,3,7127,A user account was created. New Account Name: test_account.,0,Benign
2026-02-27 14:45:37,4624,8,9337,An account was successfully logged on. Logon Type: 2 Interactive.,0,Benign
2026-02-26 12:30:06,4648,12,8085,A logon was attempted using explicit credentials. Target Server: localhost Target User: admin.,0,Benign
2026-02-26 10:41:52,4672,7,8193,Special privileges assigned to new logon. Subject: Security ID: S-1-5-21-1234567890 Account Name: Administrator Privileges: SeDebugPrivilege.,0,Benign
2026-02-27 06:05:23,4648,11,1705,A logon was attempted using explicit credentials. Process: C:\Windows\System32\runas.exe.,0,Benign
2026-02-25 15:40:12,4624,9,5954,An account was successfully logged on. New Logon: Account Name: jdoe Account Domain: CORP Logon ID: 0x1A2B3C.,0,Benign
2026-02-24 14:07:57,4688,8,7029,A new process has been created. New Process Name: C:\Windows\System32\cmd.exe Command Line: cmd.exe /c dir.,0,Benign
2026-02-24 13:46:36,4634,11,9579,An account was logged off. Logon Type: 2 Interactive.,0,Benign
2026-02-28 08:35:12,4624,3,8839,An account was successfully logged on. New Logon: Account Name: jdoe Account Domain: CORP Logon ID: 0x1A2B3C.,0,Benign
2026-02-27 11:38:02,4624,12,5201,An account was successfully logged on. Logon Type: 2 Interactive.,0,Benign
2026-02-25 13:56:15,4625,9,6127,An account failed to log on. Subject: Security ID: S-1-0-0 Account Name: - Account Domain: - Logon Type: 3.,0,Benign
2026-02-23 08:33:14,4625,12,7203,An account failed to log on. Account Name: administrator Source Network Address: 192.168.1.50.,0,Benign
2026-02-24 07:37:34,4624,5,4337,An account was successfully logged on. Subject: Security ID: S-1-5-18 Account Name: SYSTEM Account Domain: NT AUTHORITY Logon ID: 0x3E7 Logon Type: 5.,0,Benign
2026-02-24 15:52:19,4688,7,8620,A new process has been created. New Process Name: C:\Program Files\Google\Chrome\chrome.exe Command Line: chrome.exe --type=renderer.,1,Benign
2026-02-24 09:15:43,4688,11,3236,A new process has been created. New Process Name: C:\Windows\System32\taskhostw.exe.,0,Benign
2026-02-23 08:28:20,4625,12,228,An account failed to log on. Logon Type: 10 Remote Desktop Services.,0,Benign
2026-02-23 11:10:05,4624,12,1477,An account was successfully logged on. Logon Type: 2 Interactive.,0,Benign
2026-02-25 12:33:57,4648,10,8796,A logon was attempted using explicit credentials. Target Server: DC01 Target User: backup_svc.,0,Benign
2026-02-26 17:32:43,4624,2,5875,An account was successfully logged on. Subject: Security ID: S-1-5-21-1234567890 Account Name: Administrator Account Domain: CORP Logon Type: 3.,0,Benign
2026-03-01 14:22:07,4624,5,7608,An account was successfully logged on. New Logon: Account Name: jdoe Account Domain: CORP Logon ID: 0x1A2B3C.,0,Benign
2026-02-24 17:38:37,4634,10,3364,An account was logged off. Subject: Security ID: S-1-5-21-1234567890 Account Name: jdoe.,0,Benign
2026-02-23 20:06:54,4625,11,1041,An account failed to log on. Subject: Security ID: S-1-0-0 Account Name: - Account Domain: - Logon Type: 3.,0,Benign
2026-02-23 10:05:37,4732,10,8011,A member was added to a security-enabled local group. Member Name: jdoe Group Name: Remote Desktop Users.,0,Benign
2026-02-27 20:13:12,4672,8,4574,Special privileges assigned to new logon. Subject: Security ID: S-1-5-18 Privileges: SeAssignPrimaryTokenPrivilege SeTcbPrivilege SeSecurityPrivilege.,0,Benign
2026-02-24 14:24:43,4624,3,3398,An account was successfully logged on. New Logon: Account Name: jdoe Account Domain: CORP Logon ID: 0x1A2B3C.,0,Benign
2026-02-23 23:18:18,4688,10,7090,A new process has been created. New Process Name: C:\Windows\System32\notepad.exe.,0,Benign
2026-02-23 10:44:45,4672,2,3602,Special privileges assigned to new logon. Subject: Security ID: S-1-5-18 Privileges: SeAssignPrimaryTokenPrivilege SeTcbPrivilege SeSecurityPrivilege.,0,Benign
2026-02-27 10:46:02,4624,10,3725,An account was successfully logged on. Logon Type: 10 Remote Desktop Services.,0,Benign
2026-03-01 14:18:39,4624,9,6222,An account was successfully logged on. Logon Type: 10 Remote Desktop Services.,0,Benign
2026-02-28 10:42:14,4624,3,627,An account was successfully logged on. New Logon: Account Name: jdoe Account Domain: CORP Logon ID: 0x1A2B3C.,0,Benign
2026-02-26 11:52:36,4672,12,5234,Special privileges assigned to new logon. Subject: Security ID: S-1-5-21-1234567890 Account Name: Administrator Privileges: SeDebugPrivilege.,0,Benign
2026-03-01 13:41:25,4688,12,6274,A new process has been created. New Process Name: C:\Windows\System32\taskhostw.exe.,0,Benign
2026-02-24 15:42:03,4624,7,8898,An account was successfully logged on. Subject: Security ID: S-1-5-18 Account Name: SYSTEM Account Domain: NT AUTHORITY Logon ID: 0x3E7 Logon Type: 5.,0,Benign
2026-02-27 08:32:19,4624,11,5753,An account was successfully logged on. Subject: Security ID: S-1-5-21-1234567890 Account Name: Administrator Account Domain: CORP Logon Type: 3.,0,Benign
2026-02-28 19:53:05,4688,12,6317,A new process has been created. New Process Name: C:\Windows\System32\notepad.exe.,0,Benign
2026-03-01 13:06:08,4624,7,747,An account was successfully logged on. Logon Type: 2 Interactive.,0,Benign
2026-02-26 08:44:25,4688,9,8497,A new process has been created. New Process Name: C:\Windows\System32\wbem\WMIC.exe.,1,T1047
2026-02-24 15:24:52,4688,2,3147,A new process has been created. New Process Name: C:\Windows\System32\svchost.exe Creator Process Name: C:\Windows\System32\services.exe.,0,Benign
2026-02-24 19:44:58,4648,9,1878,A logon was attempted using explicit credentials. Process: C:\Windows\System32\runas.exe.,0,Benign
2026-02-27 08:55:20,4688,9,4018,A new process has been created. New Process Name: C:\Windows\System32\cmd.exe Command Line: cmd.exe /c dir.,0,Benign
2026-03-01 14:47:15,4624,5,847,An account was successfully logged on. Subject: Security ID: S-1-5-18 Account Name: SYSTEM Account Domain: NT AUTHORITY Logon ID: 0x3E7 Logon Type: 5.,0,Benign
2026-02-24 16:31:46,4624,9,9789,An account was successfully logged on. Logon Type: 2 Interactive.,0,Benign
2026-02-26 10:02:54,4624,8,4288,An account was successfully logged on. Subject: Security ID: S-1-5-21-1234567890 Account Name: Administrator Account Domain: CORP Logon Type: 3.,0,Benign
2026-02-27 02:22:12,4688,5,1396,A new process has been created. New Process Name: C:\Windows\System32\cmd.exe Command Line: cmd.exe /c dir.,0,Benign
2026-02-27 12:26:39,4624,10,3254,An account was successfully logged on. Subject: Security ID: S-1-5-21-1234567890 Account Name: Administrator Account Domain: CORP Logon Type: 3.,0,Benign
2026-02-27 11:52:19,4624,3,5705,An account was successfully logged on. Subject: Security ID: S-1-5-21-1234567890 Account Name: Administrator Account Domain: CORP Logon Type: 3.,0,Benign
2026-02-25 21:26:13,4624,8,280,An account was successfully logged on. Logon Type: 2 Interactive.,0,Benign
2026-02-28 09:52:37,4624,5,484,An account was successfully logged on. Logon Type: 2 Interactive.,0,Benign
2026-02-26 20:30:17,4634,11,7611,An account was logged off. Logon Type: 3.,0,Benign
2026-02-25 17:02:35,4732,11,8849,A member was added to a security-enabled local group. Member Name: tempuser Group Name: Administrators.,0,Benign
2026-02-23 10:55:42,4672,3,2888,Special privileges assigned to new logon. Subject: Security ID: S-1-5-18 Privileges: SeAssignPrimaryTokenPrivilege SeTcbPrivilege SeSecurityPrivilege.,0,Benign
2026-02-23 14:03:35,4688,7,2415,A new process has been created. New Process Name: C:\Windows\System32\cmd.exe Command Line: cmd.exe /c dir.,0,Benign
2026-02-24 09:58:13,4624,2,383,An account was successfully logged on. Logon Type: 2 Interactive.,0,Benign
2026-02-23 05:20:29,4624,8,1997,An account was successfully logged on. Subject: Security ID: S-1-5-18 Account Name: SYSTEM Account Domain: NT AUTHORITY Logon ID: 0x3E7 Logon Type: 5.,0,Benign
2026-02-26 15:54:48,4672,2,2023,Special privileges assigned to new logon. Account Name: SYSTEM Privileges: SeBackupPrivilege SeRestorePrivilege.,0,Benign
2026-02-24 11:02:26,4688,12,5717,A new process has been created. New Process Name: C:\Windows\System32\notepad.exe.,0,Benign
2026-02-25 10:01:08,4688,11,670,A new process has been created. New Process Name: C:\Program Files\Google\Chrome\chrome.exe Command Line: chrome.exe --type=renderer.,0,Benign
2026-02-26 16:00:26,4624,8,3476,An account was successfully logged on. Logon Type: 10 Remote Desktop Services.,0,Benign
2026-02-23 00:06:00,4688,12,1290,A new process has been created. New Process Name: C:\Windows\System32\notepad.exe.,0,Benign
2026-02-24 14:38:34,4624,2,2575,An account was successfully logged on. Subject: Security ID: S-1-5-21-1234567890 Account Name: Administrator Account Domain: CORP Logon Type: 3.,0,Benign
2026-02-27 08:25:02,4634,12,3366,An account was logged off. Logon Type: 3.,0,Benign
2026-03-01 02:37:46,4688,12,8752,A new process has been created. New Process Name: C:\Windows\System32\svchost.exe Creator Process Name: C:\Windows\System32\services.exe.,0,Benign
2026-02-24 09:25:12,4634,12,7019,An account was logged off. Logon Type: 2 Interactive.,0,Benign
2026-02-23 09:35:37,4634,12,9917,An account was logged off. Subject: Security ID: S-1-5-21-1234567890 Account Name: jdoe.,0,Benign
2026-02-28 12:23:41,4634,12,7013,An account was logged off. Logon Type: 3.,0,Benign
2026-02-28 06:59:53,4732,9,9884,A member was added to a security-enabled local group. Member Name: jdoe Group Name: Remote Desktop Users.,0,Benign
2026-02-27 10:02:34,4624,12,6814,An account was successfully logged on. New Logon: Account Name: jdoe Account Domain: CORP Logon ID: 0x1A2B3C.,0,Benign
2026-02-23 15:32:49,4624,2,1878,An account was successfully logged on. New Logon: Account Name: jdoe Account Domain: CORP Logon ID: 0x1A2B3C.,0,Benign
2026-02-26 23:39:35,4634,5,6294,An account was logged off. Logon Type: 2 Interactive.,0,Benign
2026-03-01 09:44:21,4624,9,6377,An account was successfully logged on. New Logon: Account Name: jdoe Account Domain: CORP Logon ID: 0x1A2B3C.,0,Benign
2026-02-28 14:21:14,4624,2,3742,An account was successfully logged on. New Logon: Account Name: jdoe Account Domain: CORP Logon ID: 0x1A2B3C.,0,Benign
2026-02-23 13:21:34,4624,8,5886,An account was successfully logged on. Logon Type: 10 Remote Desktop Services.,0,Benign
2026-03-01 21:26:19,4624,9,1498,An account was successfully logged on. Subject: Security ID: S-1-5-21-1234567890 Account Name: Administrator Account Domain: CORP Logon Type: 3.,0,Benign
2026-02-26 15:52:56,4625,5,1831,An account failed to log on. Subject: Security ID: S-1-0-0 Account Name: - Account Domain: - Logon Type: 3.,0,Benign
2026-02-27 12:27:28,4624,12,4800,An account was successfully logged on. Logon Type: 10 Remote Desktop Services.,0,Benign
2026-02-23 17:28:55,4648,3,4208,A logon was attempted using explicit credentials. Target Server: DC01 Target User: backup_svc.,0,Benign
2026-02-24 21:02:06,4624,12,1185,An account was successfully logged on. Logon Type: 10 Remote Desktop Services.,0,Benign
2026-02-23 16:54:12,4625,7,6773,An account failed to log on. Failure Reason: Unknown user name or bad password. Status: 0xC000006D Sub Status: 0xC000006A.,0,Benign
2026-02-26 16:38:40,4648,3,9002,A logon was attempted using explicit credentials. Target Server: DC01 Target User: backup_svc.,0,Benign
2026-02-25 19:34:49,4624,3,9114,An account failed to log on. Logon Type: 3 Source Network Address: 10.0.0.99.,1,T1110
2026-02-28 12:36:43,4634,7,3087,An account was logged off. Logon Type: 3.,0,Benign
2026-02-25 16:41:36,4634,10,9712,An account was logged off. Subject: Security ID: S-1-5-21-1234567890 Account Name: jdoe.,0,Benign
2026-02-26 17:18:13,4625,7,1528,An account failed to log on. Failure Reason: Account locked out.,0,Benign
2026-02-23 08:03:57,4648,11,8262,A logon was attempted using explicit credentials. Target Server: localhost Target User: admin.,0,Benign
2026-02-27 17:36:43,4624,9,4301,An account was successfully logged on. Subject: Security ID: S-1-5-21-1234567890 Account Name: Administrator Account Domain: CORP Logon Type: 3.,0,Benign
2026-02-27 17:24:14,4624,10,6222,An account was successfully logged on. Subject: Security ID: S-1-5-18 Account Name: SYSTEM Account Domain: NT AUTHORITY Logon ID: 0x3E7 Logon Type: 5.,0,Benign
2026-02-26 14:19:59,4634,11,3160,An account was logged off. Subject: Security ID: S-1-5-21-1234567890 Account Name: jdoe.,0,Benign
2026-02-27 01:02:50,4634,5,7819,An account was logged off. Logon Type: 2 Interactive.,0,Benign
2026-02-26 12:18:03,4624,12,9043,An account was successfully logged on. Subject: Security ID: S-1-5-21-1234567890 Account Name: Administrator Account Domain: CORP Logon Type: 3.,0,Benign
