2026-02-23 14:20:05,4624,12,9184,An account was successfully logged on. New Logon: Account Name: jdoe Account Domain: CORP Logon ID: 0x1A2B3C.,0,Benign
2026-02-27 20:21:22,4688,9,9428,A new process has been created. New Process Name: C:\Windows\System32\notepad.exe.,0,Benign
2026-02-25 23:14:04,4624,8,8015,An account was successfully logged on. Logon Type: 2 Interactive.,0,Benign
2026-02-25 10:23:09,4625,8,6283,An account failed to log on. Logon Type: 10 Remote Desktop Services.,0,Benign
2026-02-23 16:20:44,4688,9,6174,A new process has been created. New Process Name: C:\Program Files\Google\Chrome\chrome.exe Command Line: chrome.exe --type=renderer.,0,Benign
2026-02-23 10:59:14,4688,5,3154,A new process has been created. New Process Name: C:\Windows\System32\taskhostw.exe.,0,Benign
2026-02-26 12:05:32,4688,5,7108,A new process has been created. New Process Name: C:\Windows\System32\svchost.exe Creator Process Name: C:\Windows\System32\services.exe.,0,Benign
2026-03-01 00:56:04,4624,11,5444,An account was successfully logged on. Logon Type: 2 Interactive.,0,Benign
2026-02-25 20:10:46,4624,9,8114,An account was successfully logged on. Subject: Security ID: S-1-5-18 Account Name: SYSTEM Account Domain: NT AUTHORITY Logon ID: 0x3E7 Logon Type: 5.,0,Benign
2026-02-27 10:49:32,4688,10,6514,A new process has been created. New Process Name: C:\Windows\System32\cmd.exe Command Line: cmd.exe /c dir.,0,Benign
2026-02-28 17:14:45,4624,7,4507,An account was successfully logged on. Logon Type: 10 Remote Desktop Services.,0,Benign
2026-03-01 14:30:51,4672,12,6690,Special privileges assigned to new logon. Account Name: SYSTEM Privileges: SeDebugPrivilege.,1,T1003
2026-02-25 15:19:24,4634,8,8585,An account was logged off. Logon Type: 2 Interactive.,0,Benign
2026-02-25 14:12:49,4634,10,4812,An account was logged off. Subject: Security ID: S-1-5-21-1234567890 Account Name: jdoe.,0,Benign
2026-02-28 07:58:48,4688,3,495,A new process has been created. New Process Name: C:\Windows\System32\taskhostw.exe.,0,Benign
2026-02-24 09:03:45,4625,2,7383,An account failed to log on. Failure Reason: Account locked out.,0,Benign
2026-02-23 10:11:56,4634,7,7770,An account was logged off. Subject: Security ID: S-1-5-21-1234567890 Account Name: jdoe.,0,Benign
2026-02-24 16:11:20,4688,10,334,A new process has been created. New Process Name: C:\Windows\System32\notepad.exe.,0,Benign
2026-02-25 15:05:43,4624,12,5676,An account was successfully logged on. Subject: Security ID: S-1-5-21-1234567890 Account Name: Administrator Account Domain: CORP Logon Type: 3.,0,Benign
2026-02-26 11:24:58,4624,11,4520,An account was successfully logged on. Logon Type: 10 Remote Desktop Services.,0,Benign
2026-02-25 06:53:06,4624,2,5877,An account was successfully logged on. New Logon: Account Name: jdoe Account Domain: CORP Logon ID: 0x1A2B3C.,0,Benign
2026-02-23 13:05:58,4624,2,1934,An account was successfully logged on. New Logon: Account Name: jdoe Account Domain: CORP Logon ID: 0x1A2B3C.,0,Benign
2026-02-27 13:07:02,4672,11,7785,Special privileges assigned to new logon. Subject: Security ID: S-1-5-18 Privileges: SeAssignPrimaryTokenPrivilege SeTcbPrivilege SeSecurityPrivilege.,0,Benign
2026-02-23 16:23:04,4624,11,8072,An account was successfully logged on. Subject: Security ID: S-1-5-18 Account Name: SYSTEM Account Domain: NT AUTHORITY Logon ID: 0x3E7 Logon Type: 5.,0,Benign
2026-02-26 16:17:53,4625,2,3070,An account failed to log on. Failure Reason: Unknown user name or bad password. Status: 0xC000006D Sub Status: 0xC000006A.,0,Benign
2026-02-26 14:37:13,4624,8,4214,An account was successfully logged on. Logon Type: 10 Remote Desktop Services.,0,Benign
2026-03-01 09:34:55,4625,7,4550,An account failed to log on. Failure Reason: Unknown user name or bad password. Status: 0xC000006D Sub Status: 0xC000006A.,0,Benign
2026-02-25 13:59:13,4624,8,7077,An account was successfully logged on. Subject: Security ID: S-1-5-21-1234567890 Account Name: Administrator Account Domain: CORP Logon Type: 3.,0,Benign
2026-02-26 13:03:26,4624,11,3644,An account was successfully logged on. Subject: Security ID: S-1-5-21-1234567890 Account Name: Administrator Account Domain: CORP Logon Type: 3.,0,Benign
2026-02-27 14:42:01,4624,2,8585,An account was successfully logged on. Logon Type: 10 Remote Desktop Services.,0,Benign
2026-02-23 13:35:11,4625,3,4012,An account failed to log on. Logon Type: 10 Remote Desktop Services.,0,Benign
2026-02-27 16:19:53,4634,12,825,An account was logged off. Logon Type: 2 Interactive.,0,Benign
2026-02-23 16:43:34,4625,5,8096,An account failed to log on. Subject: Security ID: S-1-0-0 Account Name: - Account Domain: - Logon Type: 3.,0,Benign
2026-02-25 14:58:10,4624,7,8091,An account was successfully logged on. Subject: Security ID: S-1-5-21-1234567890 Account Name: Administrator Account Domain: CORP Logon Type: 3.,0,Benign
2026-02-28 14:51:30,4672,12,1087,Special privileges assigned to new logon. Account Name: SYSTEM Privileges: SeBackupPrivilege SeRestorePrivilege.,0,Benign
2026-02-24 20:57:53,4624,9,2901,An account was successfully logged on. Subject: Security ID: S-1-5-18 Account Name: SYSTEM Account Domain: NT AUTHORITY Logon ID: 0x3E7 Logon Type: 5.,0,Benign
2026-02-24 08:26:35,4625,3,3834,An account failed to log on. Failure Reason: Unknown user name or bad password. Status: 0xC000006D Sub Status: 0xC000006A.,0,Benign
2026-02-25 03:59:23,4634,9,1893,An account was logged off. Subject: Security ID: S-1-5-21-1234567890 Account Name: jdoe.,0,Benign
2026-03-01 12:20:49,4648,2,3724,A logon was attempted using explicit credentials. Process: C:\Windows\System32\runas.exe.,0,Benign
2026-02-24 11:43:40,4625,9,9384,An account failed to log on. Logon Type: 10 Remote Desktop Services.,0,Benign
2026-02-23 13:28:00,4688,2,6980,A new process has been created. New Process Name: C:\Windows\System32\taskhostw.exe.,0,Benign
2026-03-01 06:23:08,4648,12,5487,A logon was attempted using explicit credentials. Process: C:\Windows\System32\runas.exe.,0,Benign
2026-02-28 12:45:27,4688,2,2865,A new process has been created. New Process Name: C:\Windows\System32\notepad.exe.,0,Benign
2026-02-23 08:28:08,4624,9,5470,An account was successfully logged on. Subject: Security ID: S-1-5-18 Account Name: SYSTEM Account Domain: NT AUTHORITY Logon ID: 0x3E7 Logon Type: 5.,0,Benign
2026-02-25 19:11:45,4688,3,2464,A new process has been created. New Process Name: C:\Windows\System32\cmd.exe Command Line: cmd.exe /c dir.,0,Benign
2026-02-24 11:56:33,4624,8,2186,An account was successfully logged on. Logon Type: 10 Remote Desktop Services.,0,Benign
2026-02-25 06:27:47,4625,7,6265,An account failed to log on. Logon Type: 10 Remote Desktop Services.,0,Benign
2026-02-27 17:21:59,4624,12,2543,An account was successfully logged on. Logon Type: 10 Remote Desktop Services.,0,Benign
2026-02-27 15:56:14,4625,3,8009,An account failed to log on. Failure Reason: Account locked out.,0,Benign
2026-02-28 15:13:02,4648,12,5930,A logon was attempted using explicit credentials. Process: C:\Windows\System32\runas.exe.,0,Benign
2026-02-27 21:26:42,4648,12,4784,A logon was attempted using explicit credentials. Target Server: DC01 Target User: backup_svc.,0,Benign
2026-03-01 15:09:17,4672,5,9463,Special privileges assigned to new logon. Subject: Security ID: S-1-5-21-1234567890 Account Name: Administrator Privileges: SeDebugPrivilege.,0,Benign
2026-02-25 10:46:04,4688,2,967,A new process has been created. New Process Name: C:\Windows\System32\svchost.exe Creator Process Name: C:\Windows\System32\services.exe.,0,Benign
2026-02-27 14:40:15,4624,10,5549,An account was successfully logged on. Logon Type: 2 Interactive.,0,Benign
2026-02-25 12:14:10,4625,7,1926,An account failed to log on. Logon Type: 10 Remote Desktop Services.,0,Benign
2026-02-26 11:38:46,4648,11,6513,A logon was attempted using explicit credentials. Target Server: DC01 Target User: backup_svc.,0,Benign
2026-02-25 17:10:24,4624,2,9223,An account was successfully logged on. Logon Type: 10 Remote Desktop Services.,0,Benign
2026-02-24 22:50:59,4634,11,2606,An account was logged off. Subject: Security ID: S-1-5-21-1234567890 Account Name: jdoe.,0,Benign
2026-02-23 16:25:54,4688,3,2344,A new process has been created. New Process Name: C:\Windows\System32\notepad.exe.,0,Benign
2026-03-01 09:52:32,4648,5,3461,A logon was attempted using explicit credentials. Process: C:\Windows\System32\runas.exe.,0,Benign
2026-02-27 09:50:59,4688,2,3251,A new process has been created. New Process Name: C:\Windows\System32\cmd.exe Command Line: cmd.exe /c dir.,0,Benign
2026-02-25 17:42:49,4624,9,9685,An account was successfully logged on. Subject: Security ID: S-1-5-21-1234567890 Account Name: Administrator Account Domain: CORP Logon Type: 3.,0,Benign
2026-02-25 08:16:14,4648,12,4023,A logon was attempted using explicit credentials. Target Server: DC01 Target User: backup_svc.,0,Benign
2026-02-25 13:12:01,4624,5,1276,An account was successfully logged on. Logon Type: 10 Remote Desktop Services.,0,Benign
2026-02-27 01:30:09,4624,2,2981,An account was successfully logged on. New Logon: Account Name: jdoe Account Domain: CORP Logon ID: 0x1A2B3C.,0,Benign
2026-02-26 23:45:58,4625,7,7643,An account failed to log on. Failure Reason: Unknown user name or bad password. Status: 0xC000006D Sub Status: 0xC000006A.,0,Benign
2026-02-27 09:55:44,4624,7,3159,An account was successfully logged on. Subject: Security ID: S-1-5-18 Account Name: SYSTEM Account Domain: NT AUTHORITY Logon ID: 0x3E7 Logon Type: 5.,0,Benign
2026-02-24 16:14:03,4634,3,6158,An account was logged off. Logon Type: 2 Interactive.,0,Benign
2026-02-23 16:41:58,4625,7,8852,An account failed to log on. Failure Reason: Account locked out.,0,Benign
2026-02-27 10:33:27,4688,3,3546,A new process has been created. New Process Name: C:\Windows\System32\svchost.exe Creator Process Name: C:\Windows\System32\services.exe.,0,Benign
2026-02-27 13:49:33,4625,3,2818,An account failed to log on. Failure Reason: Unknown user name or bad password. Status: 0xC000006D Sub Status: 0xC000006A.,0,Benign
2026-02-24 08:03:14,4624,7,2679,An account was successfully logged on. New Logon: Account Name: jdoe Account Domain: CORP Logon ID: 0x1A2B3C.,0,Benign
2026-02-24 15:00:15,4634,8,470,An account was logged off. Subject: Security ID: S-1-5-21-1234567890 Account Name: jdoe.,0,Benign
2026-03-01 17:33:32,4732,12,4818,A member was added to a security-enabled local group. Member Name: svc_backup Group Name: Backup Operators.,0,Benign
2026-02-23 14:47:36,4648,12,8855,A logon was attempted using explicit credentials. Process: C:\Windows\System32\runas.exe.,0,Benign
2026-02-24 17:15:59,4625,9,7125,An account failed to log on. Failure Reason: Account locked out.,0,Benign
2026-03-01 11:34:29,4732,5,4646,A member was added to a security-enabled local group. Member Name: tempuser Group Name: Administrators.,0,Benign
2026-02-28 13:37:08,4624,5,1503,An account was successfully logged on. Logon Type: 10 Remote Desktop Services.,0,Benign
2026-02-25 18:11:02,4624,5,7978,An account was successfully logged on. Subject: Security ID: S-1-5-21-1234567890 Account Name: Administrator Account Domain: CORP Logon Type: 3.,0,Benign
2026-03-01 17:18:43,4688,3,6564,A new process has been created. New Process Name: C:\Windows\System32\taskhostw.exe.,0,Benign
2026-03-01 09:07:10,4624,3,207,An account was successfully logged on. Logon Type: 2 Interactive.,0,Benign
2026-03-01 09:56:07,4624,3,9164,An account was successfully logged on. Subject: Security ID: S-1-5-21-1234567890 Account Name: Administrator Account Domain: CORP Logon Type: 3.,0,Benign
2026-03-01 12:53:55,4688,12,2506,A new process has been created. New Process Name: C:\Windows\System32\svchost.exe Creator Process Name: C:\Windows\System32\services.exe.,0,Benign
2026-02-27 20:38:05,4648,5,8431,A logon was attempted using explicit credentials. Target Server: localhost Target User: admin.,0,Benign
2026-02-24 14:53:14,4634,11,539,An account was logged off. Logon Type: 3.,0,Benign
2026-02-27 12:22:04,4648,8,263,A logon was attempted using explicit credentials. Target Server: DC01 Target User: backup_svc.,0,Benign
2026-02-23 10:23:14,4720,8,6210,A user account was created. New Account Name: svc_backup New Account Domain: CORP.,0,Benign
2026-02-23 15:35:56,4634,11,6457,An account was logged off. Logon Type: 3.,0,Benign
2026-02-25 09:31:24,4624,2,9420,An account was successfully logged on. Subject: Security ID: S-1-5-21-1234567890 Account Name: Administrator Account Domain: CORP Logon Type: 3.,0,Benign
2026-02-27 20:37:55,4624,10,8247,An account was successfully logged on. New Logon: Account Name: jdoe Account Domain: CORP Logon ID: 0x1A2B3C.,0,Benign
2026-02-26 21:20:38,4688,2,5414,A new process has been created. New Process Name: C:\Program Files\Google\Chrome\chrome.exe Command Line: chrome.exe --type=renderer.,0,Benign
2026-02-28 12:41:54,4625,3,6984,An account failed to log on. Account Name: administrator Source Network Address: 192.168.1.50.,0,Benign
2026-02-26 17:19:17,4624,5,1306,An account was successfully logged on. Logon Type: 2 Interactive.,0,Benign
2026-02-26 21:59:44,4648,8,5840,A logon was attempted using explicit credentials. Process: C:\Windows\System32\runas.exe.,0,Benign
2026-02-23 13:15:39,4625,5,9658,An account failed to log on. Logon Type: 10 Remote Desktop Services.,0,Benign
2026-02-25 08:04:46,4624,10,6809,An account was successfully logged on. Subject: Security ID: S-1-5-21-1234567890 Account Name: Administrator Account Domain: CORP Logon Type: 3.,0,Benign
2026-03-01 10:24:48,4648,12,9717,A logon was attempted using explicit credentials. Target Server: DC01 Target User: backup_svc.,0,Benign
2026-02-27 23:19:48,1100,11,2796,The audit log was cleared. Subject: Security ID: S-1-5-21-9876543210 Account Name: attacker.,1,T1070
2026-02-24 15:03:38,4732,2,5397,A member was added to a security-enabled local group. Member Name: jdoe Group Name: Remote Desktop Users.,0,Benign
2026-02-28 09:01:33,4634,9,4938,An account was logged off. Subject: Security ID: S-1-5-21-1234567890 Account Name: jdoe.,0,Benign
2026-02-24 09:08:47,4688,11,8189,A new process has been created. New Process Name: C:\Windows\System32\notepad.exe.,0,Benign
2026-02-26 08:05:27,4625,5,2670,An account failed to log on. Account Name: administrator Source Network Address: 192.168.1.50.,0,Benign
2026-02-25 07:12:52,4732,3,4329,A member was added to a security-enabled local group. Member Name: jdoe Group Name: Remote Desktop Users.,0,Benign
2026-02-24 11:49:13,4648,5,4024,A logon was attempted using explicit credentials. Process: C:\Windows\System32\runas.exe.,0,Benign
2026-02-25 08:30:50,4648,7,6923,A logon was attempted using explicit credentials. Process: C:\Windows\System32\runas.exe.,0,Benign
2026-02-24 17:45:58,4634,5,5902,An account was logged off. Subject: Security ID: S-1-5-21-1234567890 Account Name: jdoe.,0,Benign
2026-03-01 17:15:00,4688,8,8872,A new process has been created. New Process Name: C:\Program Files\Google\Chrome\chrome.exe Command Line: chrome.exe --type=renderer.,0,Benign
2026-02-25 01:00:15,4625,12,8521,An account failed to log on. Failure Reason: Account locked out.,0,Benign
2026-03-01 12:33:27,4625,11,5149,An account failed to log on. Failure Reason: Account locked out.,0,Benign
2026-03-01 08:28:30,4672,11,9622,Special privileges assigned to new logon. Subject: Security ID: S-1-5-21-1234567890 Account Name: Administrator Privileges: SeDebugPrivilege.,0,Benign
2026-02-28 01:51:54,4688,11,1907,A new process has been created. New Process Name: C:\Windows\System32\cmd.exe Command Line: cmd.exe /c dir.,0,Benign
2026-02-23 16:33:14,4624,5,2952,An account was successfully logged on. Logon Type: 10 Remote Desktop Services.,0,Benign
2026-02-24 10:01:22,4624,12,9399,An account was successfully logged on. Subject: Security ID: S-1-5-21-1234567890 Account Name: Administrator Account Domain: CORP Logon Type: 3.,0,Benign
2026-03-01 12:20:41,4624,7,7335,An account was successfully logged on. Subject: Security ID: S-1-5-21-1234567890 Account Name: Administrator Account Domain: CORP Logon Type: 3.,0,Benign
2026-02-26 08:07:28,4624,7,7383,An account was successfully logged on. Subject: Security ID: S-1-5-18 Account Name: SYSTEM Account Domain: NT AUTHORITY Logon ID: 0x3E7 Logon Type: 5.,0,Benign
2026-02-23 17:30:28,4624,2,5097,An account was successfully logged on. Subject: Security ID: S-1-5-18 Account Name: SYSTEM Account Domain: NT AUTHORITY Logon ID: 0x3E7 Logon Type: 5.,0,Benign
2026-02-26 09:27:25,4634,7,5688,An account was logged off. Logon Type: 3.,0,Benign
2026-02-26 09:53:54,4624,12,8124,An account was successfully logged on. New Logon: Account Name: jdoe Account Domain: CORP Logon ID: 0x1A2B3C.,0,Benign
2026-03-01 12:28:45,4625,3,7419,An account failed to log on. Failure Reason: Account locked out.,0,Benign
2026-02-28 14:15:16,4634,8,1418,An account was logged off. Logon Type: 2 Interactive.,0,Benign
2026-02-27 13:12:30,4624,11,9446,An account was successfully logged on. Logon Type: 10 Remote Desktop Services.,0,Benign
2026-02-27 13:55:30,4624,11,6517,An account was successfully logged on. Subject: Security ID: S-1-5-21-1234567890 Account Name: Administrator Account Domain: CORP Logon Type: 3.,0,Benign
2026-02-24 09:34:40,4625,2,9548,An account failed to log on. Failure Reason: Account locked out.,0,Benign
2026-02-25 09:36:44,4624,7,7759,An account was successfully logged on. New Logon: Account Name: jdoe Account Domain: CORP Logon ID: 0x1A2B3C.,0,Benign
2026-02-23 11:20:54,4624,10,6507,An account was successfully logged on. Logon Type: 2 Interactive.,0,Benign
2026-02-27 11:44:24,4688,10,8796,Special privileges assigned to new logon. Account Name: SYSTEM Privileges: SeDebugPrivilege.,1,T1003
2026-03-01 12:20:33,4688,9,3008,A new process has been created. New Process Name: C:\Windows\System32\cmd.exe Command Line: cmd.exe /c dir.,0,Benign
2026-02-25 08:30:17,4648,2,5825,A logon was attempted using explicit credentials. Target Server: DC01 Target User: backup_svc.,0,Benign
2026-02-28 13:20:57,4634,9,3507,An account was logged off. Logon Type: 3.,0,Benign
2026-02-25 13:46:35,4624,7,4642,An account was successfully logged on. Logon Type: 10 Remote Desktop Services.,0,Benign
2026-02-25 08:43:09,4624,11,1227,An account was successfully logged on. New Logon: Account Name: jdoe Account Domain: CORP Logon ID: 0x1A2B3C.,0,Benign
2026-02-26 11:56:05,4624,3,2414,An account was successfully logged on. Subject: Security ID: S-1-5-21-1234567890 Account Name: Administrator Account Domain: CORP Logon Type: 3.,0,Benign
2026-02-23 09:18:30,4624,7,5272,An account was successfully logged on. Logon Type: 10 Remote Desktop Services.,0,Benign
2026-02-25 09:44:39,4624,3,8233,An account was successfully logged on. Subject: Security ID: S-1-5-18 Account Name: SYSTEM Account Domain: NT AUTHORITY Logon ID: 0x3E7 Logon Type: 5.,0,Benign
2026-02-25 09:20:20,4634,9,907,An account was logged off. Logon Type: 3.,0,Benign
2026-02-26 17:02:57,4624,2,9773,An account was successfully logged on. Logon Type: 10 Remote Desktop Services.,0,Benign
2026-02-27 11:48:49,4625,5,3529,An account failed to log on. Failure Reason: Account locked out.,0,Benign
2026-02-26 15:35:10,4648,10,5535,A logon was attempted using explicit credentials. Target Server: localhost Target User: admin.,0,Benign
2026-02-25 16:22:38,4624,7,9480,An account was successfully logged on. Subject: Security ID: S-1-5-18 Account Name: SYSTEM Account Domain: NT AUTHORITY Logon ID: 0x3E7 Logon Type: 5.,0,Benign
2026-02-27 14:51:42,4624,11,951,An account was successfully logged on. Subject: Security ID: S-1-5-18 Account Name: SYSTEM Account Domain: NT AUTHORITY Logon ID: 0x3E7 Logon Type: 5.,0,Benign
2026-02-28 10:32:40,4624,9,2358,An account was successfully logged on. Subject: Security ID: S-1-5-18 Account Name: SYSTEM Account Domain: NT AUTHORITY Logon ID: 0x3E7 Logon Type: 5.,0,Benign
2026-03-01 11:52:48,4624,5,4956,An account was successfully logged on. Logon Type: 10 Remote Desktop Services.,0,Benign
2026-02-23 05:22:14,4625,8,3346,An account failed to log on. Subject: Security ID: S-1-0-0 Account Name: - Account Domain: - Logon Type: 3.,0,Benign
2026-02-23 23:54:25,4624,9,7335,An account was successfully logged on. New Logon: Account Name: jdoe Account Domain: CORP Logon ID: 0x1A2B3C.,0,Benign
2026-02-24 13:41:20,4634,12,6538,An account was logged off. Subject: Security ID: S-1-5-21-1234567890 Account Name: jdoe.,0,Benign
2026-02-25 11:12:29,4720,12,702,A user account was created. New Account Name: tempuser New Account Domain: CORP.,0,Benign
2026-03-01 09:15:27,4672,8,9909,Special privileges assigned to new logon. Account Name: SYSTEM Privileges: SeBackupPrivilege SeRestorePrivilege.,0,Benign
2026-02-28 12:57:24,4634,10,1950,An account was logged off. Logon Type: 3.,0,Benign
2026-02-27 16:09:06,4624,5,2409,An account was successfully logged on. Subject: Security ID: S-1-5-21-1234567890 Account Name: Administrator Account Domain: CORP Logon Type: 3.,0,Benign
2026-02-27 13:19:33,4732,3,9072,A member was added to a security-enabled local group. Member Name: svc_backup Group Name: Backup Operators.,0,Benign
2026-02-23 22:55:52,4648,12,6643,A logon was attempted using explicit credentials. Target Server: DC01 Target User: backup_svc.,0,Benign
2026-02-25 23:38:22,4688,5,1644,A new process has been created. New Process Name: C:\Program Files\Google\Chrome\chrome.exe Command Line: chrome.exe --type=renderer.,0,Benign
2026-02-27 14:30:52,4624,9,9945,An account was successfully logged on. Logon Type: 10 Remote Desktop Services.,0,Benign
2026-02-26 10:35:57,4624,2,7890,An account was successfully logged on. Logon Type: 10 Remote Desktop Services.,0,Benign
2026-02-24 17:37:54,4624,2,7550,An account was successfully logged on. Subject: Security ID: S-1-5-18 Account Name: SYSTEM Account Domain: NT AUTHORITY Logon ID: 0x3E7 Logon Type: 5.,0,Benign
2026-02-28 09:35:57,4625,3,5040,An account failed to log on. Subject: Security ID: S-1-0-0 Account Name: - Account Domain: - Logon Type: 3.,0,Benign
2026-02-26 10:08:00,4634,7,3549,An account was logged off. Logon Type: 3.,0,Benign
2026-02-25 09:01:48,4624,5,7297,An account was successfully logged on. Logon Type: 2 Interactive.,0,Benign
2026-02-27 17:40:35,4624,8,5779,An account was successfully logged on. Logon Type: 10 Remote Desktop Services.,0,Benign
2026-02-23 16:41:37,4624,9,2562,An account was successfully logged on. Logon Type: 10 Remote Desktop Services.,0,Benign
2026-02-24 17:37:56,4624,2,7520,An account was successfully logged on. Logon Type: 2 Interactive.,0,Benign
2026-03-01 12:23:04,4648,2,9346,A logon was attempted using explicit credentials. Target Server: DC01 Target User: backup_svc.,0,Benign
2026-03-01 09:24:09,4624,2,4164,An account was successfully logged on. Subject: Security ID: S-1-5-18 Account Name: SYSTEM Account Domain: NT AUTHORITY Logon ID: 0x3E7 Logon Type: 5.,0,Benign
2026-02-25 12:37:41,4672,7,8410,Special privileges assigned to new logon. Subject: Security ID: S-1-5-21-1234567890 Account Name: Administrator Privileges: SeDebugPrivilege.,0,Benign
2026-03-01 19:29:47,4624,9,848,An account was successfully logged on. New Logon: Account Name: jdoe Account Domain: CORP Logon ID: 0x1A2B3C.,0,Benign
2026-02-23 03:42:57,4688,2,4122,A new process has been created. New Process Name: C:\Windows\System32\cmd.exe Command Line: cmd.exe /c dir.,0,Benign
2026-02-28 13:04:30,4625,9,876,An account failed to log on. Subject: Security ID: S-1-0-0 Account Name: - Account Domain: - Logon Type: 3.,0,Benign
2026-02-24 12:08:09,4625,8,9097,An account failed to log on. Logon Type: 10 Remote Desktop Services.,0,Benign
2026-03-01 11:31:13,4624,11,575,An account was successfully logged on. New Logon: Account Name: jdoe Account Domain: CORP Logon ID: 0x1A2B3C.,0,Benign
2026-02-26 08:20:24,4624,3,6948,An account was successfully logged on. Subject: Security ID: S-1-5-18 Account Name: SYSTEM Account Domain: NT AUTHORITY Logon ID: 0x3E7 Logon Type: 5.,0,Benign
2026-02-24 08:04:05,4648,3,3315,A logon was attempted using explicit credentials. Process: C:\Windows\System32\runas.exe.,0,Benign
2026-02-26 15:47:12,4688,3,4241,A new process has been created. New Process Name: C:\Windows\System32\svchost.exe Creator Process Name: C:\Windows\System32\services.exe.,0,Benign
2026-02-26 23:40:23,4648,3,8283,A logon was attempted using explicit credentials. Process: C:\Windows\System32\runas.exe.,0,Benign
2026-02-24 13:59:56,4732,9,8855,A member was added to a security-enabled local group. Member Name: jdoe Group Name: Remote Desktop Users.,0,Benign
2026-02-26 14:57:08,4625,2,3960,An account failed to log on. Failure Reason: Unknown user name or bad password. Status: 0xC000006D Sub Status: 0xC000006A.,0,Benign
2026-03-01 15:19:00,4625,5,4298,An account failed to log on. Failure Reason: Account locked out.,0,Benign
2026-03-01 09:13:15,4634,12,5290,An account was logged off. Subject: Security ID: S-1-5-21-1234567890 Account Name: jdoe.,0,Benign
2026-03-01 16:27:23,4624,10,4944,An account was successfully logged on. New Logon: Account Name: jdoe Account Domain: CORP Logon ID: 0x1A2B3C.,0,Benign
2026-02-23 21:23:32,4634,5,8171,An account was logged off. Logon Type: 2 Interactive.,0,Benign
2026-02-23 14:51:19,4648,9,8310,A logon was attempted using explicit credentials. Process: C:\Windows\System32\runas.exe.,0,Benign
2026-02-25 13:12:53,4688,10,7179,A new process has been created. New Process Name: C:\Windows\System32\notepad.exe.,0,Benign
2026-02-24 15:09:11,4688,12,9847,A new process has been created. New Process Name: C:\Windows\System32\cmd.exe Command Line: cmd.exe /c dir.,0,Benign
2026-03-01 16:39:15,4624,9,3975,An account was successfully logged on. Logon Type: 10 Remote Desktop Services.,0,Benign
2026-02-27 09:01:03,4624,11,2210,An account was successfully logged on. Subject: Security ID: S-1-5-18 Account Name: SYSTEM Account Domain: NT AUTHORITY Logon ID: 0x3E7 Logon Type: 5.,0,Benign
2026-02-24 08:53:44,4624,5,6373,An account was successfully logged on. Subject: Security ID: S-1-5-18 Account Name: SYSTEM Account Domain: NT AUTHORITY Logon ID: 0x3E7 Logon Type: 5.,0,Benign
2026-02-27 06:57:53,4624,10,8052,An account was successfully logged on. Subject: Security ID: S-1-5-18 Account Name: SYSTEM Account Domain: NT AUTHORITY Logon ID: 0x3E7 Logon Type: 5.,0,Benign
2026-02-28 13:34:58,4648,12,6827,A logon was attempted using explicit credentials. Target Server: localhost Target User: admin.,0,Benign
2026-02-28 04:16:37,4648,2,2398,A logon was attempted using explicit credentials. Target Server: localhost Target User: admin.,0,Benign
2026-02-25 08:21:03,4624,11,1585,An account was successfully logged on. New Logon: Account Name: jdoe Account Domain: CORP Logon ID: 0x1A2B3C.,0,Benign
2026-02-24 14:46:59,4624,5,9861,An account was successfully logged on. Subject: Security ID: S-1-5-21-1234567890 Account Name: Administrator Account Domain: CORP Logon Type: 3.,0,Benign
2026-02-27 12:21:19,4624,10,6998,An account was successfully logged on. Logon Type: 2 Interactive.,0,Benign
2026-02-28 09:58:46,4624,11,340,An account was successfully logged on. Logon Type: 2 Interactive.,0,Benign
2026-03-01 15:21:54,4625,5,8501,An account failed to log on. Account Name: administrator Source Network Address: 192.168.1.50.,0,Benign
2026-02-27 17:10:30,4624,12,4742,An account was successfully logged on. Logon Type: 2 Interactive.,0,Benign
2026-03-01 14:37:00,4624,11,4522,An account was successfully logged on. Subject: Security ID: S-1-5-18 Account Name: SYSTEM Account Domain: NT AUTHORITY Logon ID: 0x3E7 Logon Type: 5.,0,Benign
2026-02-26 16:35:36,4648,12,1565,A logon was attempted using explicit credentials. Process: C:\Windows\System32\runas.exe.,0,Benign
2026-03-01 11:23:14,4648,8,6306,A logon was attempted using explicit credentials. Process: C:\Windows\System32\runas.exe.,0,Benign
2026-02-27 14:30:13,4720,7,2325,A user account was created. New Account Name: svc_backup New Account Domain: CORP.,0,Benign
2026-02-23 13:56:02,4624,12,2367,An account was successfully logged on. Subject: Security ID: S-1-5-18 Account Name: SYSTEM Account Domain: NT AUTHORITY Logon ID: 0x3E7 Logon Type: 5.,0,Benign
2026-02-27 16:57:09,4624,7,8335,An account was successfully logged on. New Logon: Account Name: jdoe Account Domain: CORP Logon ID: 0x1A2B3C.,0,Benign
2026-02-24 03:11:37,4624,12,2419,An account was successfully logged on. Subject: Security ID: S-1-5-21-1234567890 Account Name: Administrator Account Domain: CORP Logon Type: 3.,0,Benign
2026-03-01 12:30:04,4624,11,2281,An account was successfully logged on. Subject: Security ID: S-1-5-18 Account Name: SYSTEM Account Domain: NT AUTHORITY Logon ID: 0x3E7 Logon Type: 5.,0,Benign
2026-02-26 14:08:31,4625,3,2878,An account failed to log on. Account Name: administrator Source Network Address: 192.168.1.50.,0,Benign
2026-02-23 15:57:41,4688,5,1535,A new process has been created. New Process Name: C:\Windows\System32\svchost.exe Creator Process Name: C:\Windows\System32\services.exe.,0,Benign
2026-02-24 14:04:33,4688,5,2172,A new process has been created. New Process Name: C:\Windows\System32\notepad.exe.,0,Benign
2026-02-25 17:53:21,4624,5,3224,An account failed to log on. Source Network Address: 10.0.0.99.,1,T1046
2026-02-24 04:01:32,4648,5,2056,A logon was attempted using explicit credentials. Target Server: localhost Target User: admin.,0,Benign
2026-02-24 10:45:21,4634,8,7638,An account was logged off. Logon Type: 3.,0,Benign
2026-02-24 16:24:38,4648,3,9539,A logon was attempted using explicit credentials. Target Server: DC01 Target User: backup_svc.,0,Benign
2026-02-24 01:35:57,4624,8,389,An account was successfully logged on. Logon Type: 2 Interactive.,0,Benign
2026-02-23 10:02:09,4688,3,2139,A new process has been created. New Process Name: C:\Windows\System32\svchost.exe Creator Process Name: C:\Windows\System32\services.exe.,0,Benign
2026-02-26 12:56:52,4688,2,9007,A new process has been created. New Process Name: C:\Program Files\Google\Chrome\chrome.exe Command Line: chrome.exe --type=renderer.,0,Benign
2026-02-23 13:56:40,4624,12,595,An account was successfully logged on. Logon Type: 10 Remote Desktop Services.,0,Benign
2026-02-25 13:42:17,4624,10,2830,An account was successfully logged on. New Logon: Account Name: jdoe Account Domain: CORP Logon ID: 0x1A2B3C.,0,Benign
2026-02-28 13:07:17,4688,12,7432,A new process has been created. New Process Name: C:\Windows\System32\svchost.exe Creator Process Name: C:\Windows\System32\services.exe.,0,Benign
2026-02-24 12:54:01,4625,12,8702,An account failed to log on. Logon Type: 10 Remote Desktop Services.,0,Benign
2026-02-25 03:57:32,4624,12,8360,An account was successfully logged on. Subject: Security ID: S-1-5-18 Account Name: SYSTEM Account Domain: NT AUTHORITY Logon ID: 0x3E7 Logon Type: 5.,0,Benign
2026-02-28 11:12:46,4648,5,1322,A logon was attempted using explicit credentials. Target Server: DC01 Target User: backup_svc.,0,Benign
2026-02-26 12:00:57,4625,7,571,An account failed to log on. Failure Reason: Account locked out.,0,Benign
2026-03-01 11:40:42,4672,12,1089,Special privileges assigned to new logon. Subject: Security ID: S-1-5-18 Privileges: SeAssignPrimaryTokenPrivilege SeTcbPrivilege SeSecurityPrivilege.,0,Benign
2026-02-24 10:17:59,4624,5,8494,An account was successfully logged on. Subject: Security ID: S-1-5-21-1234567890 Account Name: Administrator Account Domain: CORP Logon Type: 3.,0,Benign
2026-02-24 13:44:25,4625,3,2580,An account failed to log on. Logon Type: 10 Remote Desktop Services.,0,Benign
2026-03-01 16:15:22,4624,10,670,An account was successfully logged on. Subject: Security ID: S-1-5-18 Account Name: SYSTEM Account Domain: NT AUTHORITY Logon ID: 0x3E7 Logon Type: 5.,0,Benign
2026-02-26 08:41:19,4688,7,8303,A new process has been created. New Process Name: C:\Windows\System32\cmd.exe Command Line: cmd.exe /c dir.,0,Benign
2026-02-24 02:43:17,4688,9,3617,A new process has been created. New Process Name: C:\Windows\System32\taskhostw.exe.,0,Benign
2026-02-24 16:56:56,4634,7,6030,An account was logged off. Logon Type: 3.,0,Benign
2026-02-26 15:45:46,4625,11,7648,An account failed to log on. Failure Reason: Account locked out.,0,Benign
2026-02-25 10:38:42,4624,12,6799,An account was successfully logged on. Subject: Security ID: S-1-5-18 Account Name: SYSTEM Account Domain: NT AUTHORITY Logon ID: 0x3E7 Logon Type: 5.,0,Benign
2026-02-23 08:35:45,4625,10,7190,An account failed to log on. Account Name: administrator Source Network Address: 192.168.1.50.,0,Benign
2026-02-26 14:50:50,4624,8,8388,An account was successfully logged on. New Logon: Account Name: jdoe Account Domain: CORP Logon ID: 0x1A2B3C.,0,Benign
2026-02-27 08:24:49,4720,9,9731,A user account was created. New Account Name: tempuser New Account Domain: CORP.,0,Benign
2026-02-26 06:44:42,4624,9,7074,An account was successfully logged on. Subject: Security ID: S-1-5-21-1234567890 Account Name: Administrator Account Domain: CORP Logon Type: 3.,0,Benign
2026-02-27 14:31:37,4634,2,1877,An account was logged off. Logon Type: 3.,0,Benign
2026-02-23 17:12:54,4625,11,5445,An account failed to log on. Logon Type: 10 Remote Desktop Services.,0,Benign
2026-02-28 17:56:24,4624,12,4887,An account was successfully logged on. Subject: Security ID: S-1-5-18 Account Name: SYSTEM Account Domain: NT AUTHORITY Logon ID: 0x3E7 Logon Type: 5.,0,Benign
2026-03-01 21:24:39,4648,7,2031,A logon was attempted using explicit credentials. Process: C:\Windows\System32\runas.exe.,0,Benign
2026-02-26 16:01:48,4688,12,6840,A new process has been created. New Process Name: C:\Windows\System32\taskhostw.exe.,0,Benign
2026-02-27 11:18:03,4720,7,4389,A user account was created. New Account Name: tempuser New Account Domain: CORP.,0,Benign
2026-02-24 11:48:49,4634,7,4126,An account was logged off. Logon Type: 2 Interactive.,0,Benign
2026-02-23 13:27:06,4634,3,9307,An account was logged off. Logon Type: 3.,0,Benign
2026-02-23 03:05:10,4624,9,3341,An account was successfully logged on. Subject: Security ID: S-1-5-18 Account Name: SYSTEM Account Domain: NT AUTHORITY Logon ID: 0x3E7 Logon Type: 5.,0,Benign
2026-02-26 07:36:52,4624,7,9603,An account was successfully logged on. Logon Type: 2 Interactive.,0,Benign
2026-02-24 10:44:18,4624,12,2659,An account was successfully logged on. Subject: Security ID: S-1-5-18 Account Name: SYSTEM Account Domain: NT AUTHORITY Logon ID: 0x3E7 Logon Type: 5.,0,Benign
2026-02-25 14:03:09,4625,10,1208,An account failed to log on. Logon Type: 10 Remote Desktop Services.,0,Benign
2026-02-24 21:51:42,4624,12,6222,An account was successfully logged on. Logon Type: 10 Remote Desktop Services.,0,Benign
2026-02-23 09:10:42,4624,3,699,An account was successfully logged on. Logon Type: 2 Interactive.,0,Benign
2026-03-01 14:51:18,4634,10,7330,An account was logged off. Logon Type: 2 Interactive.,0,Benign
2026-02-27 12:32:18,4688,7,1603,A new process has been created. New Process Name: C:\Windows\System32\notepad.exe.,0,Benign
2026-02-28 10:54:55,4625,11,557,An account failed to log on. Failure Reason: Account locked out.,0,Benign
2026-02-24 12:22:49,4624,2,4187,An account was successfully logged on. Subject: Security ID: S-1-5-18 Account Name: SYSTEM Account Domain: NT AUTHORITY Logon ID: 0x3E7 Logon Type: 5.,0,Benign
2026-02-24 16:40:41,4688,3,2382,A new process has been created. New Process Name: C:\Program Files\Google\Chrome\chrome.exe Command Line: chrome.exe --type=renderer.,0,Benign
2026-02-26 16:12:48,4648,3,3552,A logon was attempted using explicit credentials. Process: C:\Windows\System32\runas.exe.,0,Benign
2026-03-01 16:48:23,4720,3,6646,A user account was created. New Account Name: test_account.,0,Benign
2026-03-01 16:19:29,4624,12,5484,An account was successfully logged on. Subject: Security ID: S-1-5-21-1234567890 Account Name: Administrator Account Domain: CORP Logon Type: 3.,0,Benign
2026-02-27 16:46:08,4648,7,4129,A logon was attempted using explicit credentials. Target Server: localhost Target User: admin.,0,Benign
2026-03-01 13:39:14,4648,10,5604,A logon was attempted using explicit credentials. Target Server: DC01 Target User: backup_svc.,0,Benign
2026-02-23 17:22:32,4624,5,3228,An account was successfully logged on. Logon Type: 10 Remote Desktop Services.,0,Benign
2026-02-23 10:38:17,4634,2,4952,An account was logged off. Logon Type: 2 Interactive.,0,Benign
2026-03-01 09:37:04,4634,9,1028,An account was logged off. Logon Type: 3.,0,Benign
2026-02-24 11:28:45,4688,9,4074,A new process has been created. New Process Name: C:\Windows\System32\taskhostw.exe.,0,Benign
2026-02-25 13:24:09,4625,5,2041,An account failed to log on. Failure Reason: Account locked out.,0,Benign
2026-02-27 17:00:11,4624,3,8007,An account was successfully logged on. Logon Type: 10 Remote Desktop Services.,0,Benign
2026-02-23 10:31:40,4648,7,2458,A logon was attempted using explicit credentials. Target Server: localhost Target User: admin.,0,Benign
2026-02-24 14:45:32,4688,12,5279,A new process has been created. New Process Name: C:\Program Files\Google\Chrome\chrome.exe Command Line: chrome.exe --type=renderer.,0,Benign
2026-02-26 13:16:50,4624,12,975,An account was successfully logged on. Subject: Security ID: S-1-5-18 Account Name: SYSTEM Account Domain: NT AUTHORITY Logon ID: 0x3E7 Logon Type: 5.,0,Benign
2026-02-25 10:55:18,4625,8,4330,An account failed to log on. Logon Type: 10 Remote Desktop Services.,0,Benign
2026-03-01 08:22:37,4634,10,9884,An account was logged off. Subject: Security ID: S-1-5-21-1234567890 Account Name: jdoe.,0,Benign
2026-02-28 00:36:36,4624,5,3113,An account was successfully logged on. New Logon: Account Name: jdoe Account Domain: CORP Logon ID: 0x1A2B3C.,0,Benign
2026-02-28 15:03:13,4624,3,3083,An account was successfully logged on. Subject: Security ID: S-1-5-18 Account Name: SYSTEM Account Domain: NT AUTHORITY Logon ID: 0x3E7 Logon Type: 5.,0,Benign
2026-02-26 08:06:49,4625,12,9369,An account failed to log on. Logon Type: 10 Remote Desktop Services.,0,Benign
2026-02-25 12:27:54,4625,5,6831,An account failed to log on. Logon Type: 10 Remote Desktop Services.,0,Benign
2026-02-28 10:30:15,4625,5,2264,An account failed to log on. Subject: Security ID: S-1-0-0 Account Name: - Account Domain: - Logon Type: 3.,0,Benign
2026-02-26 13:36:12,4624,12,7065,An account was successfully logged on. Subject: Security ID: S-1-5-18 Account Name: SYSTEM Account Domain: NT AUTHORITY Logon ID: 0x3E7 Logon Type: 5.,0,Benign
2026-02-25 05:04:25,4624,7,4353,An account was successfully logged on. New Logon: Account Name: jdoe Account Domain: CORP Logon ID: 0x1A2B3C.,0,Benign
2026-02-28 09:22:37,4732,11,361,A member was added to a security-enabled local group. Member Name: jdoe Group Name: Remote Desktop Users.,0,Benign
2026-02-26 15:48:33,4625,2,6793,An account failed to log on. Account Name: administrator Source Network Address: 192.168.1.50.,0,Benign
2026-03-01 12:54:17,4625,2,9007,An account failed to log on. Logon Type: 10 Remote Desktop Services.,0,Benign
2026-02-25 19:51:57,4624,10,5334,An account was successfully logged on. Logon Type: 2 Interactive.,0,Benign
2026-02-26 10:04:33,4624,7,2667,An account was successfully logged on. Subject: Security ID: S-1-5-21-1234567890 Account Name: Administrator Account Domain: CORP Logon Type: 3.,0,Benign
2026-02-26 14:04:30,4624,7,6069,An account was successfully logged on. Subject: Security ID: S-1-5-21-1234567890 Account Name: Administrator Account Domain: CORP Logon Type: 3.,0,Benign
2026-02-28 14:49:06,4624,9,7691,An account was successfully logged on. Subject: Security ID: S-1-5-18 Account Name: SYSTEM Account Domain: NT AUTHORITY Logon ID: 0x3E7 Logon Type: 5.,0,Benign
2026-02-24 04:39:40,4624,9,4889,An account was successfully logged on. Subject: Security ID: S-1-5-18 Account Name: SYSTEM Account Domain: NT AUTHORITY Logon ID: 0x3E7 Logon Type: 5.,0,Benign
2026-02-27 10:32:20,4624,2,640,An account was successfully logged on. New Logon: Account Name: jdoe Account Domain: CORP Logon ID: 0x1A2B3C.,0,Benign
2026-02-23 09:43:31,4624,10,364,An account was successfully logged on. Logon Type: 2 Interactive.,0,Benign
2026-02-24 14:36:06,4624,10,894,An account was successfully logged on. Logon Type: 2 Interactive.,0,Benign
2026-02-28 12:37:57,4648,5,4012,A logon was attempted using explicit credentials. Process: C:\Windows\System32\runas.exe.,0,Benign
2026-02-28 04:34:23,4624,10,3244,An account was successfully logged on. Logon Type: 2 Interactive.,0,Benign
2026-02-25 14:57:50,4624,3,3530,An account was successfully logged on. Logon Type: 10 Remote Desktop Services.,0,Benign
2026-02-27 12:15:41,4648,3,1936,A logon was attempted using explicit credentials. Target Server: localhost Target User: admin.,0,Benign
2026-02-25 16:25:23,4625,8,2213,An account failed to log on. Failure Reason: Account locked out.,0,Benign
2026-02-27 11:27:38,4625,8,1603,An account failed to log on. Failure Reason: Account locked out.,0,Benign
2026-02-24 08:08:28,4688,11,3177,A new process has been created. New Process Name: C:\Windows\System32\svchost.exe Creator Process Name: C:\Windows\System32\services.exe.,0,Benign
2026-02-25 05:16:24,4688,7,3789,A new process has been created. New Process Name: C:\Windows\System32\taskhostw.exe.,0,Benign
2026-02-25 12:40:41,4625,11,310,An account failed to log on. Logon Type: 10 Remote Desktop Services.,0,Benign
2026-02-28 10:22:20,4648,8,6434,A logon was attempted using explicit credentials. Process: C:\Windows\System32\runas.exe.,0,Benign
2026-02-28 08:14:21,4624,2,3499,An account was successfully logged on. New Logon: Account Name: jdoe Account Domain: CORP Logon ID: 0x1A2B3C.,0,Benign
2026-02-28 12:30:20,4624,3,8030,An account was successfully logged on. Logon Type: 2 Interactive.,0,Benign
2026-02-28 08:20:49,4625,3,8457,An account failed to log on. Account Name: administrator Source Network Address: 192.168.1.50.,0,Benign
2026-02-25 17:12:35,4624,5,9770,An account was successfully logged on. Logon Type: 10 Remote Desktop Services.,0,Benign
2026-03-01 04:17:51,4624,3,2066,An account was successfully logged on. Logon Type: 2 Interactive.,0,Benign
2026-02-23 11:28:44,4624,8,5332,An account was successfully logged on. Logon Type: 10 Remote Desktop Services.,0,Benign
2026-02-27 22:01:47,4624,3,9778,An account was successfully logged on. New Logon: Account Name: jdoe Account Domain: CORP Logon ID: 0x1A2B3C.,0,Benign
2026-02-23 16:47:11,4634,11,9768,An account was logged off. Subject: Security ID: S-1-5-21-1234567890 Account Name: jdoe.,0,Benign
2026-02-28 15:38:04,4624,12,5246,An account was successfully logged on. New Logon: Account Name: jdoe Account Domain: CORP Logon ID: 0x1A2B3C.,0,Benign
2026-02-25 11:08:31,4648,5,1151,A logon was attempted using explicit credentials. Process: C:\Windows\System32\runas.exe.,0,Benign
2026-02-26 05:33:28,4688,12,8686,A new process has been created. New Process Name: C:\Windows\System32\taskhostw.exe.,0,Benign
2026-02-28 21:43:00,4672,12,2188,Special privileges assigned to new logon. Account Name: SYSTEM Privileges: SeBackupPrivilege SeRestorePrivilege.,0,Benign
2026-02-27 12:57:55,4634,8,9544,An account was logged off. Logon Type: 3.,0,Benign
2026-02-26 11:27:38,4624,3,4560,An account was successfully logged on. New Logon: Account Name: jdoe Account Domain: CORP Logon ID: 0x1A2B3C.,0,Benign
2026-02-27 11:15:52,4624,3,9738,An account was successfully logged on. Subject: Security ID: S-1-5-18 Account Name: SYSTEM Account Domain: NT AUTHORITY Logon ID: 0x3E7 Logon Type: 5.,0,Benign
2026-02-24 13:30:18,4625,2,7313,An account failed to log on. Account Name: administrator Source Network Address: 192.168.1.50.,0,Benign
2026-03-01 14:27:06,4688,11,9772,A new process has been created. New Process Name: C:\Program Files\Google\Chrome\chrome.exe Command Line: chrome.exe --type=renderer.,0,Benign
2026-02-25 11:52:49,4634,10,3101,An account was logged off. Logon Type: 2 Interactive.,0,Benign
2026-02-26 16:01:25,4732,9,713,A member was added to a security-enabled local group. Member Name: tempuser Group Name: Administrators.,0,Benign
2026-02-23 19:58:34,4634,3,3439,An account was logged off. Logon Type: 3.,0,Benign
2026-02-23 14:58:49,4624,3,5154,An account was successfully logged on. Subject: Security ID: S-1-5-21-1234567890 Account Name: Administrator Account Domain: CORP Logon Type: 3.,0,Benign
2026-02-24 13:46:15,4624,9,7159,An account was successfully logged on. Subject: Security ID: S-1-5-21-1234567890 Account Name: Administrator Account Domain: CORP Logon Type: 3.,0,Benign
2026-02-28 15:16:08,4625,5,8691,An account failed to log on. Subject: Security ID: S-1-0-0 Account Name: - Account Domain: - Logon Type: 3.,0,Benign
2026-02-26 10:09:45,4624,2,3384,An account was successfully logged on. Logon Type: 2 Interactive.,0,Benign
2026-02-24 13:25:45,4720,9,8004,A user account was created. New Account Name: test_account.,0,Benign
2026-02-24 12:05:32,4648,5,641,A logon was attempted using explicit credentials. Target Server: localhost Target User: admin.,0,Benign
2026-02-23 00:35:15,4624,12,9932,An account was successfully logged on. Logon Type: 2 Interactive.,0,Benign
2026-02-25 15:21:17,4688,2,4599,A new process has been created. New Process Name: C:\Windows\System32\notepad.exe.,0,Benign
2026-02-24 15:40:07,4688,5,3082,A new process has been created. New Process Name: C:\Windows\System32\cmd.exe Command Line: cmd.exe /c dir.,0,Benign
2026-02-26 13:03:14,4624,8,7131,An account was successfully logged on. Logon Type: 10 Remote Desktop Services.,0,Benign
2026-03-01 14:29:00,4624,7,3112,An account was successfully logged on. Subject: Security ID: S-1-5-18 Account Name: SYSTEM Account Domain: NT AUTHORITY Logon ID: 0x3E7 Logon Type: 5.,0,Benign
2026-02-24 14:57:52,4624,3,534,An account was successfully logged on. Logon Type: 2 Interactive.,0,Benign
2026-02-27 07:59:08,4648,2,2071,A logon was attempted using explicit credentials. Target Server: DC01.,1,T1046
2026-02-26 12:53:48,4732,11,3024,A member was added to a security-enabled local group. Member Name: svc_backup Group Name: Backup Operators.,0,Benign
2026-02-24 10:11:40,4624,3,1843,An account was successfully logged on. Subject: Security ID: S-1-5-18 Account Name: SYSTEM Account Domain: NT AUTHORITY Logon ID: 0x3E7 Logon Type: 5.,0,Benign
2026-03-01 16:45:58,4648,8,6486,A logon was attempted using explicit credentials. Target Server: localhost Target User: admin.,0,Benign
2026-02-23 12:40:09,4688,11,9374,A new process has been created. New Process Name: C:\Program Files\Google\Chrome\chrome.exe Command Line: chrome.exe --type=renderer.,0,Benign
2026-02-24 21:27:37,4648,12,618,A logon was attempted using explicit credentials. Target Server: DC01 Target User: backup_svc.,0,Benign
2026-02-26 15:52:12,4688,12,8259,A new process has been created. New Process Name: C:\Windows\System32\svchost.exe Creator Process Name: C:\Windows\System32\services.exe.,0,Benign
2026-02-26 09:32:47,4648,3,8739,A logon was attempted using explicit credentials. Process: C:\Windows\System32\runas.exe.,0,Benign
2026-02-25 08:22:17,4625,7,7606,An account failed to log on. Subject: Security ID: S-1-0-0 Account Name: - Account Domain: - Logon Type: 3.,0,Benign
2026-03-01 10:20:20,4688,5,8442,A new process has been created. New Process Name: C:\Windows\System32\notepad.exe.,0,Benign
2026-02-28 17:16:21,4720,9,4288,A user account was created. New Account Name: test_account.,0,Benign
2026-02-24 14:34:25,4625,10,4600,An account failed to log on. Failure Reason: Unknown user name or bad password. Status: 0xC000006D Sub Status: 0xC000006A.,0,Benign
2026-02-26 15:52:50,4688,7,9587,A new process has been created. New Process Name: C:\Windows\System32\svchost.exe Creator Process Name: C:\Windows\System32\services.exe.,0,Benign
2026-02-23 14:57:32,4625,2,611,An account failed to log on. Subject: Security ID: S-1-0-0 Account Name: - Account Domain: - Logon Type: 3.,0,Benign
2026-02-24 08:04:10,4624,12,7331,An account was successfully logged on. Subject: Security ID: S-1-5-18 Account Name: SYSTEM Account Domain: NT AUTHORITY Logon ID: 0x3E7 Logon Type: 5.,0,Benign
2026-02-25 03:55:40,4624,5,4749,An account failed to log on. Logon Type: 3 Source Network Address: 10.0.0.55.,1,T1046
2026-02-28 08:41:36,4624,7,9845,An account was successfully logged on. Subject: Security ID: S-1-5-21-1234567890 Account Name: Administrator Account Domain: CORP Logon Type: 3.,0,Benign
2026-02-26 14:52:59,4688,2,6308,A new process has been created. New Process Name: C:\Windows\System32\cmd.exe Command Line: cmd.exe /c dir.,0,Benign
2026-02-25 23:00:25,4625,2,3091,An account failed to log on. Logon Type: 10 Remote Desktop Services.,1,Benign
2026-02-26 12:15:29,4624,2,3883,An account was successfully logged on. Subject: Security ID: S-1-5-18 Account Name: SYSTEM Account Domain: NT AUTHORITY Logon ID: 0x3E7 Logon Type: 5.,0,Benign
2026-02-25 18:06:26,4625,3,9877,An account failed to log on. Subject: Security ID: S-1-0-0 Account Name: - Account Domain: - Logon Type: 3.,0,Benign
2026-02-23 22:24:48,4672,3,5932,Special privileges assigned to new logon. Subject: Security ID: S-1-5-21-1234567890 Account Name: Administrator Privileges: SeDebugPrivilege.,0,Benign
