2026-02-26 22:18:11,4688,11,3440,A new process has been created. New Process Name: C:\Windows\System32\notepad.exe.,0,Benign
2026-03-01 15:32:01,4624,7,8256,An account was successfully logged on. Subject: Security ID: S-1-5-18 Account Name: SYSTEM Account Domain: NT AUTHORITY Logon ID: 0x3E7 Logon Type: 5.,0,Benign
2026-02-24 17:52:55,4625,7,3301,An account failed to log on. Subject: Security ID: S-1-0-0 Account Name: - Account Domain: - Logon Type: 3.,0,Benign
2026-02-24 16:21:08,4625,9,3299,An account failed to log on. Subject: Security ID: S-1-0-0 Account Name: - Account Domain: - Logon Type: 3.,0,Benign
2026-02-27 14:28:15,4624,5,2508,An account was successfully logged on. Subject: Security ID: S-1-5-18 Account Name: SYSTEM Account Domain: NT AUTHORITY Logon ID: 0x3E7 Logon Type: 5.,0,Benign
2026-02-28 03:09:23,4688,9,1767,A new process has been created. New Process Name: C:\Windows\System32\powershell.exe Command Line: powershell -enc SQBFAFgA.,1,T1047
2026-02-27 02:01:48,4624,8,7562,An account was successfully logged on. Subject: Security ID: S-1-5-18 Account Name: SYSTEM Account Domain: NT AUTHORITY Logon ID: 0x3E7 Logon Type: 5.,0,Benign
2026-02-27 15:30:51,4624,2,2643,An account was successfully logged on. Logon Type: 2 Interactive.,0,Benign
2026-02-26 17:48:46,4624,5,1020,An account was successfully logged on. Logon Type: 10 Remote Desktop Services.,0,Benign
2026-02-28 09:17:55,4624,5,5754,An account was successfully logged on. Subject: Security ID: S-1-5-21-1234567890 Account Name: Administrator Account Domain: CORP Logon Type: 3.,0,Benign
2026-03-01 13:46:38,4624,12,3962,An account was successfully logged on. New Logon: Account Name: jdoe Account Domain: CORP Logon ID: 0x1A2B3C.,0,Benign
2026-02-25 11:53:46,4634,5,7724,An account was logged off. Logon Type: 2 Interactive.,0,Benign
2026-02-28 14:29:49,4624,10,577,An account was successfully logged on. Subject: Security ID: S-1-5-21-1234567890 Account Name: Administrator Account Domain: CORP Logon Type: 3.,0,Benign
2026-02-26 04:59:41,4688,2,8053,A new process has been created. New Process Name: C:\Windows\System32\taskhostw.exe.,0,Benign
2026-02-27 11:43:01,4624,12,7576,An account was successfully logged on. Logon Type: 10 Remote Desktop Services.,1,Benign
2026-02-26 11:19:18,4688,12,3561,A new process has been created. New Process Name: C:\Windows\System32\cmd.exe Command Line: cmd.exe /c dir.,0,Benign
2026-02-26 10:02:59,4634,3,7229,An account was logged off. Subject: Security ID: S-1-5-21-1234567890 Account Name: jdoe.,0,Benign
2026-02-23 13:53:12,4624,5,6750,An account was successfully logged on. Logon Type: 10 Remote Desktop Services.,0,Benign
2026-02-24 12:32:48,4624,12,2825,An account was successfully logged on. Subject: Security ID: S-1-5-21-1234567890 Account Name: Administrator Account Domain: CORP Logon Type: 3.,0,Benign
2026-02-26 14:40:49,4624,12,3720,An account was successfully logged on. Logon Type: 2 Interactive.,0,Benign
2026-02-24 13:04:43,4624,8,8134,An account was successfully logged on. Subject: Security ID: S-1-5-21-1234567890 Account Name: Administrator Account Domain: CORP Logon Type: 3.,0,Benign
2026-03-01 12:45:39,4634,5,482,An account was logged off. Logon Type: 2 Interactive.,0,Benign
2026-02-25 15:35:26,4624,9,8872,An account was successfully logged on. Logon Type: 10 Remote Desktop Services.,0,Benign
2026-02-23 08:52:23,4624,10,6458,An account was successfully logged on. Subject: Security ID: S-1-5-18 Account Name: SYSTEM Account Domain: NT AUTHORITY Logon ID: 0x3E7 Logon Type: 5.,0,Benign
2026-03-01 00:43:26,4625,8,5635,An account failed to log on. Logon Type: 10 Remote Desktop Services.,0,Benign
2026-02-26 09:10:32,4688,9,182,A new process has been created. New Process Name: C:\Windows\System32\taskhostw.exe.,0,Benign
2026-02-27 02:42:04,4624,12,5295,An account was successfully logged on. Logon Type: 2 Interactive.,0,Benign
2026-02-28 13:12:05,4648,8,8020,A logon was attempted using explicit credentials. Target Server: localhost Target User: admin.,0,Benign
2026-02-26 11:36:06,4624,3,2598,An account was successfully logged on. Subject: Security ID: S-1-5-18 Account Name: SYSTEM Account Domain: NT AUTHORITY Logon ID: 0x3E7 Logon Type: 5.,0,Benign
2026-02-25 11:46:06,4688,11,949,A new process has been created. New Process Name: C:\Windows\System32\svchost.exe Creator Process Name: C:\Windows\System32\services.exe.,0,Benign
2026-02-28 16:52:56,4634,9,3142,An account was logged off. Logon Type: 2 Interactive.,0,Benign
2026-02-27 10:24:21,4624,5,6900,An account was successfully logged on. Logon Type: 10 Remote Desktop Services.,1,Benign
2026-02-26 17:49:09,4624,7,5324,An account was successfully logged on. Logon Type: 10 Remote Desktop Services.,0,Benign
2026-02-26 08:34:26,4688,8,4399,A new process has been created. New Process Name: C:\Program Files\Google\Chrome\chrome.exe Command Line: chrome.exe --type=renderer.,0,Benign
2026-02-23 14:10:47,4688,9,4925,A new process has been created. New Process Name: C:\Program Files\Google\Chrome\chrome.exe Command Line: chrome.exe --type=renderer.,0,Benign
2026-02-27 10:44:18,4634,10,8638,An account was logged off. Logon Type: 2 Interactive.,0,Benign
2026-02-27 15:24:04,4624,9,4131,An account was successfully logged on. Subject: Security ID: S-1-5-21-1234567890 Account Name: Administrator Account Domain: CORP Logon Type: 3.,0,Benign
2026-02-27 08:12:07,4672,10,4785,Special privileges assigned to new logon. Subject: Security ID: S-1-5-21-1234567890 Account Name: Administrator Privileges: SeDebugPrivilege.,0,Benign
2026-02-25 12:53:28,4648,8,413,A logon was attempted using explicit credentials. Process: C:\Windows\System32\runas.exe.,0,Benign
2026-02-23 16:27:51,4688,8,8796,A new process has been created. New Process Name: C:\Program Files\Google\Chrome\chrome.exe Command Line: chrome.exe --type=renderer.,0,Benign
2026-03-01 19:30:02,4648,7,7772,A logon was attempted using explicit credentials. Target Server: localhost Target User: admin.,0,Benign
2026-02-26 20:29:41,4688,9,7746,A new process has been created. New Process Name: C:\Windows\System32\notepad.exe.,0,Benign
2026-02-28 00:10:20,4625,10,2177,An account failed to log on. Failure Reason: Unknown user name or bad password. Status: 0xC000006D Sub Status: 0xC000006A.,0,Benign
2026-02-25 08:18:32,4648,2,6544,A logon was attempted using explicit credentials. Process: C:\Windows\System32\runas.exe.,0,Benign
2026-02-27 13:29:35,4688,3,9376,A new process has been created. New Process Name: C:\Windows\System32\notepad.exe.,0,Benign
2026-02-24 08:43:29,4634,8,5615,An account was logged off. Logon Type: 2 Interactive.,0,Benign
2026-02-28 11:12:40,4624,11,4692,An account was successfully logged on. Logon Type: 2 Interactive.,0,Benign
2026-02-25 10:39:24,4625,12,3417,An account failed to log on. Logon Type: 10 Remote Desktop Services.,0,Benign
2026-03-01 15:57:56,4624,12,3109,An account was successfully logged on. Logon Type: 10 Remote Desktop Services.,0,Benign
2026-02-28 13:29:00,4625,8,2381,An account failed to log on. Failure Reason: Account locked out.,0,Benign
2026-02-26 16:16:46,4672,9,8521,Special privileges assigned to new logon. Account Name: SYSTEM Privileges: SeBackupPrivilege SeRestorePrivilege.,0,Benign
2026-02-23 08:49:39,4688,9,7468,A new process has been created. New Process Name: C:\Windows\System32\svchost.exe Creator Process Name: C:\Windows\System32\services.exe.,0,Benign
2026-02-23 16:13:56,4688,8,4409,A new process has been created. New Process Name: C:\Windows\System32\notepad.exe.,0,Benign
2026-02-28 09:42:43,4624,10,3622,An account was successfully logged on. Subject: Security ID: S-1-5-21-1234567890 Account Name: Administrator Account Domain: CORP Logon Type: 3.,0,Benign
2026-02-27 15:31:27,4648,8,3161,A logon was attempted using explicit credentials. Target Server: DC01 Target User: backup_svc.,0,Benign
2026-02-24 08:02:42,4624,10,1150,An account was successfully logged on. New Logon: Account Name: jdoe Account Domain: CORP Logon ID: 0x1A2B3C.,0,Benign
2026-02-27 09:36:20,4634,10,2398,An account was logged off. Logon Type: 2 Interactive.,0,Benign
2026-02-28 15:00:16,4648,12,5491,A logon was attempted using explicit credentials. Target Server: localhost Target User: admin.,0,Benign
2026-02-23 11:00:01,4624,3,5094,An account was successfully logged on. Logon Type: 10 Remote Desktop Services.,0,Benign
2026-02-25 12:51:15,4648,10,5826,A logon was attempted using explicit credentials. Target Server: DC01 Target User: backup_svc.,0,Benign
2026-03-01 18:13:04,4624,12,3872,An account was successfully logged on. Logon Type: 2 Interactive.,0,Benign
2026-02-24 15:35:42,4624,7,7838,An account was successfully logged on. New Logon: Account Name: jdoe Account Domain: CORP Logon ID: 0x1A2B3C.,0,Benign
2026-02-24 15:27:34,4672,8,8192,Special privileges assigned to new logon. Subject: Security ID: S-1-5-21-1234567890 Account Name: Administrator Privileges: SeDebugPrivilege.,0,Benign
2026-02-26 15:15:57,4624,11,8819,An account was successfully logged on. Logon Type: 10 Remote Desktop Services.,0,Benign
2026-02-23 17:52:33,4688,11,2066,A new process has been created. New Process Name: C:\Windows\System32\taskhostw.exe.,0,Benign
2026-02-24 08:33:06,4624,10,2530,An account was successfully logged on. Subject: Security ID: S-1-5-18 Account Name: SYSTEM Account Domain: NT AUTHORITY Logon ID: 0x3E7 Logon Type: 5.,0,Benign
2026-02-27 09:09:56,4732,12,5842,A member was added to a security-enabled local group. Member Name: svc_backup Group Name: Backup Operators.,0,Benign
2026-02-24 14:53:23,4624,3,7017,An account was successfully logged on. Subject: Security ID: S-1-5-21-1234567890 Account Name: Administrator Account Domain: CORP Logon Type: 3.,0,Benign
2026-02-26 16:35:48,4624,5,9507,An account was successfully logged on. Logon Type: 10 Remote Desktop Services.,0,Benign
2026-03-01 09:20:28,4648,12,9745,A logon was attempted using explicit credentials. Process: C:\Windows\System32\runas.exe.,0,Benign
2026-02-27 07:32:42,4624,8,2220,An account was successfully logged on. Logon Type: 10 Remote Desktop Services.,0,Benign
2026-03-01 08:12:44,4624,5,4250,An account was successfully logged on. Subject: Security ID: S-1-5-21-1234567890 Account Name: Administrator Account Domain: CORP Logon Type: 3.,0,Benign
2026-02-23 16:32:20,4688,7,8137,A new process has been created. New Process Name: C:\Program Files\Google\Chrome\chrome.exe Command Line: chrome.exe --type=renderer.,0,Benign
2026-02-28 11:58:54,4624,8,5183,An account was successfully logged on. Logon Type: 10 Remote Desktop Services.,0,Benign
2026-03-01 17:12:10,4634,9,5658,An account was logged off. Subject: Security ID: S-1-5-21-1234567890 Account Name: jdoe.,0,Benign
2026-02-28 11:11:23,4624,2,3076,An account was successfully logged on. New Logon: Account Name: jdoe Account Domain: CORP Logon ID: 0x1A2B3C.,0,Benign
2026-02-23 14:42:24,4625,11,566,An account failed to log on. Subject: Security ID: S-1-0-0 Account Name: - Account Domain: - Logon Type: 3.,0,Benign
2026-02-23 14:39:32,4624,5,3170,An account was successfully logged on. Logon Type: 2 Interactive.,0,Benign
2026-02-27 01:57:11,4648,12,2630,A logon was attempted using explicit credentials. Target Server: localhost Target User: admin.,0,Benign
2026-02-26 09:32:44,4624,3,855,An account was successfully logged on. New Logon: Account Name: jdoe Account Domain: CORP Logon ID: 0x1A2B3C.,0,Benign
2026-02-26 15:03:21,4688,3,1883,A new process has been created. New Process Name: C:\Windows\System32\notepad.exe.,0,Benign
2026-02-28 17:31:17,4625,10,4397,An account failed to log on. Account Name: administrator Source Network Address: 192.168.1.50.,0,Benign
2026-03-01 15:25:00,4648,9,5386,A logon was attempted using explicit credentials. Target Server: localhost Target User: admin.,0,Benign
2026-02-27 05:41:09,4624,5,6194,An account was successfully logged on. New Logon: Account Name: jdoe Account Domain: CORP Logon ID: 0x1A2B3C.,0,Benign
2026-03-01 17:54:41,4624,7,3818,An account was successfully logged on. Subject: Security ID: S-1-5-21-1234567890 Account Name: Administrator Account Domain: CORP Logon Type: 3.,0,Benign
2026-03-01 08:34:48,4624,8,7641,An account was successfully logged on. Logon Type: 2 Interactive.,0,Benign
2026-02-28 05:26:13,4624,10,1038,An account was successfully logged on. Logon Type: 2 Interactive.,0,Benign
2026-02-25 08:06:36,4624,11,7740,An account was successfully logged on. Logon Type: 2 Interactive.,0,Benign
2026-03-01 11:48:57,4634,12,5980,An account was logged off. Logon Type: 2 Interactive.,0,Benign
2026-02-24 13:19:11,4648,8,1447,A logon was attempted using explicit credentials. Process: C:\Windows\System32\runas.exe.,0,Benign
2026-02-27 12:40:17,4648,3,3176,A logon was attempted using explicit credentials. Target Server: localhost Target User: admin.,0,Benign
2026-02-24 16:51:23,4634,11,3984,An account was logged off. Logon Type: 3.,0,Benign
2026-02-24 16:11:13,4688,8,9770,A new process has been created. New Process Name: C:\Windows\System32\taskhostw.exe.,0,Benign
2026-03-01 15:47:38,4624,11,7387,An account was successfully logged on. Subject: Security ID: S-1-5-21-1234567890 Account Name: Administrator Account Domain: CORP Logon Type: 3.,0,Benign
2026-02-26 12:44:47,4648,8,2284,A logon was attempted using explicit credentials. Process: C:\Windows\System32\runas.exe.,0,Benign
2026-02-25 13:14:01,4625,11,9197,An account failed to log on. Account Name: administrator Source Network Address: 192.168.1.50.,0,Benign
2026-02-27 12:25:23,4624,7,2183,An account was successfully logged on. Subject: Security ID: S-1-5-18 Account Name: SYSTEM Account Domain: NT AUTHORITY Logon ID: 0x3E7 Logon Type: 5.,0,Benign
2026-02-24 15:25:29,4624,9,5134,An account was successfully logged on. New Logon: Account Name: jdoe Account Domain: CORP Logon ID: 0x1A2B3C.,0,Benign
2026-02-28 13:28:48,4624,2,4382,An account was successfully logged on. Logon Type: 2 Interactive.,0,Benign
2026-02-23 12:03:19,4672,5,1029,Special privileges assigned to new logon. Subject: Security ID: S-1-5-21-1234567890 Account Name: Administrator Privileges: SeDebugPrivilege.,0,Benign
2026-02-24 16:15:52,4688,3,306,A new process has been created. New Process Name: C:\Windows\System32\notepad.exe.,0,Benign
2026-02-28 14:03:54,4672,3,7359,Special privileges assigned to new logon. Account Name: SYSTEM Privileges: SeBackupPrivilege SeRestorePrivilege.,0,Benign
2026-02-26 12:09:34,4625,3,9366,An account failed to log on. Failure Reason: Unknown user name or bad password. Status: 0xC000006D Sub Status: 0xC000006A.,0,Benign
2026-02-24 17:04:53,4624,12,3458,An account was successfully logged on. Subject: Security ID: S-1-5-21-1234567890 Account Name: Administrator Account Domain: CORP Logon Type: 3.,0,Benign
2026-02-28 11:17:59,4624,3,9296,An account was successfully logged on. New Logon: Account Name: jdoe Account Domain: CORP Logon ID: 0x1A2B3C.,0,Benign
2026-03-01 14:19:27,4624,3,3079,An account was successfully logged on. Logon Type: 10 Remote Desktop Services.,0,Benign
2026-02-25 10:25:45,4624,2,7938,An account was successfully logged on. Subject: Security ID: S-1-5-21-1234567890 Account Name: Administrator Account Domain: CORP Logon Type: 3.,0,Benign
2026-02-24 17:41:43,4624,2,1299,An account was successfully logged on. Subject: Security ID: S-1-5-18 Account Name: SYSTEM Account Domain: NT AUTHORITY Logon ID: 0x3E7 Logon Type: 5.,0,Benign
2026-02-23 16:38:36,4625,3,4443,An account failed to log on. Logon Type: 10 Remote Desktop Services.,0,Benign
2026-02-26 10:03:14,4688,3,8246,A new process has been created. New Process Name: C:\Windows\System32\powershell.exe Command Line: powershell -enc SQBFAFgA.,1,T1047
2026-02-27 14:24:10,4634,8,4147,An account was logged off. Subject: Security ID: S-1-5-21-1234567890 Account Name: jdoe.,0,Benign
2026-02-24 02:29:28,4688,5,2636,A new process has been created. New Process Name: C:\Windows\System32\taskhostw.exe.,0,Benign
2026-02-27 15:38:27,4624,8,1483,An account was successfully logged on. Logon Type: 2 Interactive.,0,Benign
2026-03-01 09:50:13,4624,3,4179,An account was successfully logged on. Logon Type: 10 Remote Desktop Services.,0,Benign
2026-02-23 11:25:17,4625,8,8684,An account failed to log on. Account Name: administrator Source Network Address: 192.168.1.50.,0,Benign
2026-02-24 09:45:21,4624,9,9199,An account was successfully logged on. Subject: Security ID: S-1-5-21-1234567890 Account Name: Administrator Account Domain: CORP Logon Type: 3.,0,Benign
2026-03-01 15:21:06,4625,12,565,An account failed to log on. Failure Reason: Account locked out.,0,Benign
2026-02-27 14:01:00,4625,2,8072,An account failed to log on. Failure Reason: Account locked out.,0,Benign
2026-02-26 14:51:50,4688,7,5069,A new process has been created. New Process Name: C:\Windows\System32\cmd.exe Command Line: cmd.exe /c dir.,0,Benign
2026-02-25 12:16:51,4624,8,363,An account was successfully logged on. Subject: Security ID: S-1-5-21-1234567890 Account Name: Administrator Account Domain: CORP Logon Type: 3.,0,Benign
2026-02-24 17:21:59,4624,10,1975,An account was successfully logged on. Subject: Security ID: S-1-5-18 Account Name: SYSTEM Account Domain: NT AUTHORITY Logon ID: 0x3E7 Logon Type: 5.,0,Benign
2026-02-25 06:57:01,4648,3,7180,A logon was attempted using explicit credentials. Target Server: localhost Target User: admin.,0,Benign
2026-03-01 13:23:12,4634,8,6090,An account was logged off. Logon Type: 2 Interactive.,0,Benign
2026-02-25 09:22:50,4624,7,1318,An account was successfully logged on. Logon Type: 10 Remote Desktop Services.,0,Benign
2026-02-24 07:03:59,4648,11,5994,A logon was attempted using explicit credentials. Target Server: DC01 Target User: backup_svc.,0,Benign
2026-02-27 09:53:42,4624,9,9098,An account was successfully logged on. Logon Type: 10 Remote Desktop Services.,0,Benign
2026-03-01 13:47:43,4624,10,9056,An account was successfully logged on. Logon Type: 2 Interactive.,0,Benign
2026-03-01 17:33:54,4688,10,789,A new process has been created. New Process Name: C:\Windows\System32\taskhostw.exe.,1,Benign
2026-02-23 15:07:41,4688,7,8338,A new process has been created. New Process Name: C:\Windows\System32\notepad.exe.,0,Benign
2026-02-25 15:09:33,4688,2,6604,A new process has been created. New Process Name: C:\Windows\System32\cmd.exe Command Line: cmd.exe /c dir.,0,Benign
2026-02-24 16:55:21,4624,11,7109,An account was successfully logged on. Logon Type: 10 Remote Desktop Services.,0,Benign
2026-02-28 16:42:27,4672,8,2687,Special privileges assigned to new logon. Subject: Security ID: S-1-5-21-1234567890 Account Name: Administrator Privileges: SeDebugPrivilege.,0,Benign
2026-02-28 04:51:28,4634,8,4791,An account was logged off. Subject: Security ID: S-1-5-21-1234567890 Account Name: jdoe.,0,Benign
2026-02-28 09:20:30,4624,5,1641,An account was successfully logged on. Logon Type: 2 Interactive.,0,Benign
2026-02-23 16:46:14,4634,3,8264,An account was logged off. Logon Type: 2 Interactive.,0,Benign
2026-02-28 13:35:23,4625,9,6780,An account failed to log on. Logon Type: 10 Remote Desktop Services.,0,Benign
2026-02-24 13:51:53,4625,5,6290,An account failed to log on. Failure Reason: Unknown user name or bad password. Status: 0xC000006D Sub Status: 0xC000006A.,0,Benign
2026-03-01 08:22:19,4672,3,9404,Special privileges assigned to new logon. Subject: Security ID: S-1-5-18 Privileges: SeAssignPrimaryTokenPrivilege SeTcbPrivilege SeSecurityPrivilege.,0,Benign
2026-02-28 09:57:56,4624,8,1097,An account was successfully logged on. Subject: Security ID: S-1-5-21-1234567890 Account Name: Administrator Account Domain: CORP Logon Type: 3.,0,Benign
2026-03-01 17:52:42,4625,9,5853,An account failed to log on. Failure Reason: Account locked out.,0,Benign
2026-02-28 04:58:33,4672,7,1469,Special privileges assigned to new logon. Account Name: SYSTEM Privileges: SeBackupPrivilege SeRestorePrivilege.,0,Benign
2026-02-24 08:55:48,4688,12,5538,A new process has been created. New Process Name: C:\Windows\System32\svchost.exe Creator Process Name: C:\Windows\System32\services.exe.,0,Benign
2026-03-01 22:28:01,4672,5,1107,Special privileges assigned to new logon. Account Name: SYSTEM Privileges: SeBackupPrivilege SeRestorePrivilege.,0,Benign
2026-02-26 12:12:29,4625,12,7807,An account failed to log on. Failure Reason: Unknown user name or bad password. Status: 0xC000006D Sub Status: 0xC000006A.,0,Benign
2026-02-27 09:15:58,4624,11,1459,An account was successfully logged on. Subject: Security ID: S-1-5-18 Account Name: SYSTEM Account Domain: NT AUTHORITY Logon ID: 0x3E7 Logon Type: 5.,0,Benign
2026-02-24 17:56:29,4688,2,3263,A new process has been created. New Process Name: C:\Windows\System32\notepad.exe.,0,Benign
2026-02-24 21:55:36,4634,2,7684,An account was logged off. Logon Type: 3.,0,Benign
2026-03-01 12:24:22,4732,11,6927,A member was added to a security-enabled local group. Member Name: jdoe Group Name: Remote Desktop Users.,0,Benign
2026-03-01 06:43:31,4688,5,7958,A new process has been created. New Process Name: C:\Windows\System32\notepad.exe.,0,Benign
2026-02-24 12:46:40,4624,9,6388,An account was successfully logged on. Subject: Security ID: S-1-5-21-1234567890 Account Name: Administrator Account Domain: CORP Logon Type: 3.,0,Benign
2026-02-25 16:52:51,4624,12,6664,An account was successfully logged on. Subject: Security ID: S-1-5-18 Account Name: SYSTEM Account Domain: NT AUTHORITY Logon ID: 0x3E7 Logon Type: 5.,0,Benign
2026-02-28 13:57:08,4625,3,1058,An account failed to log on. Failure Reason: Account locked out.,0,Benign
2026-02-26 11:32:21,4624,10,2776,An account was successfully logged on. Subject: Security ID: S-1-5-18 Account Name: SYSTEM Account Domain: NT AUTHORITY Logon ID: 0x3E7 Logon Type: 5.,0,Benign
2026-02-26 15:33:38,4625,3,6259,An account failed to log on. Failure Reason: Account locked out.,0,Benign
2026-02-28 23:56:24,4625,8,157,An account failed to log on. Failure Reason: Account locked out.,0,Benign
2026-02-27 09:44:06,4625,8,9802,An account failed to log on. Failure Reason: Unknown user name or bad password. Status: 0xC000006D Sub Status: 0xC000006A.,0,Benign
2026-03-01 09:42:26,4672,7,2590,Special privileges assigned to new logon. Account Name: SYSTEM Privileges: SeBackupPrivilege SeRestorePrivilege.,0,Benign
2026-02-23 11:04:32,4625,5,4512,An account failed to log on. Failure Reason: Unknown user name or bad password. Status: 0xC000006D Sub Status: 0xC000006A.,0,Benign
2026-02-23 05:58:45,4720,5,701,A user account was created. New Account Name: tempuser New Account Domain: CORP.,0,Benign
2026-03-01 08:26:50,4624,5,6554,An account was successfully logged on. Subject: Security ID: S-1-5-18 Account Name: SYSTEM Account Domain: NT AUTHORITY Logon ID: 0x3E7 Logon Type: 5.,0,Benign
2026-02-26 16:21:00,4672,11,4859,Special privileges assigned to new logon. Account Name: SYSTEM Privileges: SeBackupPrivilege SeRestorePrivilege.,0,Benign
2026-03-01 16:01:43,4688,9,6961,A new process has been created. New Process Name: C:\Windows\System32\taskhostw.exe.,0,Benign
2026-02-27 14:12:25,4625,9,9303,An account failed to log on. Failure Reason: Account locked out.,0,Benign
2026-02-27 13:17:11,4648,5,8770,A logon was attempted using explicit credentials. Process: C:\Windows\System32\runas.exe.,0,Benign
2026-02-27 06:13:58,4624,7,9133,An account was successfully logged on. Subject: Security ID: S-1-5-18 Account Name: SYSTEM Account Domain: NT AUTHORITY Logon ID: 0x3E7 Logon Type: 5.,0,Benign
2026-02-23 08:41:14,4648,9,7942,A logon was attempted using explicit credentials. Process: C:\Windows\System32\runas.exe.,0,Benign
2026-03-01 15:16:38,4624,8,1469,An account was successfully logged on. New Logon: Account Name: jdoe Account Domain: CORP Logon ID: 0x1A2B3C.,0,Benign
2026-02-24 10:40:27,4688,8,2848,A new process has been created. New Process Name: C:\Windows\System32\taskhostw.exe.,0,Benign
2026-02-23 10:13:56,4720,9,6361,A user account was created. New Account Name: tempuser New Account Domain: CORP.,0,Benign
2026-02-25 16:09:06,4625,11,3666,An account failed to log on. Failure Reason: Account locked out.,0,Benign
2026-02-25 17:50:24,4625,3,4526,An account failed to log on. Failure Reason: Account locked out.,0,Benign
2026-02-23 11:36:54,4625,9,4430,An account failed to log on. Subject: Security ID: S-1-0-0 Account Name: - Account Domain: - Logon Type: 3.,0,Benign
2026-02-27 17:08:36,4624,5,5656,An account was successfully logged on. Subject: Security ID: S-1-5-18 Account Name: SYSTEM Account Domain: NT AUTHORITY Logon ID: 0x3E7 Logon Type: 5.,0,Benign
2026-02-25 11:03:44,4624,7,6291,An account was successfully logged on. Logon Type: 10 Remote Desktop Services.,0,Benign
2026-02-26 14:25:37,4688,11,1161,A new process has been created. New Process Name: C:\Windows\System32\cmd.exe Command Line: cmd.exe /c dir.,0,Benign
2026-02-26 07:03:34,4720,9,8601,A user account was created. New Account Name: test_account.,0,Benign
2026-02-27 09:30:51,4625,2,1873,An account failed to log on. Failure Reason: Unknown user name or bad password. Status: 0xC000006D Sub Status: 0xC000006A.,0,Benign
2026-02-25 17:21:02,4624,8,7960,An account was successfully logged on. Subject: Security ID: S-1-5-18 Account Name: SYSTEM Account Domain: NT AUTHORITY Logon ID: 0x3E7 Logon Type: 5.,0,Benign
2026-02-28 12:38:56,4624,8,7434,An account was successfully logged on. Subject: Security ID: S-1-5-21-1234567890 Account Name: Administrator Account Domain: CORP Logon Type: 3.,0,Benign
2026-02-28 15:02:09,4624,11,975,An account was successfully logged on. Subject: Security ID: S-1-5-21-1234567890 Account Name: Administrator Account Domain: CORP Logon Type: 3.,0,Benign
2026-03-01 14:59:33,4688,10,6750,A new process has been created. New Process Name: C:\Windows\System32\notepad.exe.,0,Benign
2026-02-27 15:29:45,4625,7,4831,An account failed to log on. Subject: Security ID: S-1-0-0 Account Name: - Account Domain: - Logon Type: 3.,0,Benign
2026-02-24 04:11:15,4672,12,7015,A user account was created. New Account Name: backdoor New Account Domain: CORP.,1,T1078
2026-02-27 07:49:24,4625,8,6671,An account failed to log on. Failure Reason: Unknown user name or bad password. Status: 0xC000006D Sub Status: 0xC000006A.,0,Benign
2026-02-26 10:06:00,4624,9,4719,An account was successfully logged on. Subject: Security ID: S-1-5-18 Account Name: SYSTEM Account Domain: NT AUTHORITY Logon ID: 0x3E7 Logon Type: 5.,0,Benign
2026-03-01 17:53:36,4625,8,6719,An account failed to log on. Logon Type: 10 Remote Desktop Services.,0,Benign
2026-02-24 15:01:10,4625,11,2309,An account failed to log on. Account Name: administrator Source Network Address: 192.168.1.50.,0,Benign
2026-02-24 08:26:57,4648,11,6607,A logon was attempted using explicit credentials. Target Server: DC01 Target User: backup_svc.,0,Benign
2026-02-26 11:57:47,4634,7,7900,An account was logged off. Logon Type: 3.,0,Benign
2026-02-26 16:23:03,4688,8,813,A new process has been created. New Process Name: C:\Windows\System32\svchost.exe Creator Process Name: C:\Windows\System32\services.exe.,0,Benign
2026-02-25 21:00:17,4624,5,4330,An account was successfully logged on. Subject: Security ID: S-1-5-18 Account Name: SYSTEM Account Domain: NT AUTHORITY Logon ID: 0x3E7 Logon Type: 5.,0,Benign
2026-03-01 15:52:48,4624,12,2646,An account was successfully logged on. Logon Type: 10 Remote Desktop Services.,0,Benign
2026-03-01 10:37:23,4688,10,4166,A new process has been created. New Process Name: C:\Windows\System32\cmd.exe Command Line: cmd.exe /c dir.,0,Benign
2026-02-28 09:05:20,4720,5,4260,A user account was created. New Account Name: tempuser New Account Domain: CORP.,0,Benign
2026-03-01 16:39:42,4720,2,3426,A user account was created. New Account Name: test_account.,0,Benign
2026-02-26 14:17:54,4672,5,8130,Special privileges assigned to new logon. Account Name: SYSTEM Privileges: SeBackupPrivilege SeRestorePrivilege.,0,Benign
2026-02-25 22:33:36,4648,2,2585,A logon was attempted using explicit credentials. Target Server: localhost Target User: admin.,0,Benign
2026-03-01 12:35:53,4624,2,4129,An account was successfully logged on. Subject: Security ID: S-1-5-18 Account Name: SYSTEM Account Domain: NT AUTHORITY Logon ID: 0x3E7 Logon Type: 5.,0,Benign
2026-02-25 13:38:13,4624,8,1059,An account was successfully logged on. New Logon: Account Name: jdoe Account Domain: CORP Logon ID: 0x1A2B3C.,0,Benign
2026-03-01 15:27:59,4672,8,7675,Special privileges assigned to new logon. Subject: Security ID: S-1-5-18 Privileges: SeAssignPrimaryTokenPrivilege SeTcbPrivilege SeSecurityPrivilege.,0,Benign
2026-02-23 14:54:00,4624,11,8693,An account was successfully logged on. Logon Type: 2 Interactive.,0,Benign
2026-02-28 11:27:36,4688,8,3685,A new process has been created. New Process Name: C:\Windows\System32\svchost.exe Creator Process Name: C:\Windows\System32\services.exe.,0,Benign
2026-02-27 14:46:26,4688,7,3689,A new process has been created. New Process Name: C:\Windows\System32\taskhostw.exe.,0,Benign
2026-02-27 10:58:17,4648,9,7525,A logon was attempted using explicit credentials. Target Server: DC01 Target User: backup_svc.,0,Benign
2026-02-28 10:57:18,4624,2,309,An account was successfully logged on. Logon Type: 10 Remote Desktop Services.,0,Benign
2026-02-24 15:24:17,4624,8,2205,An account was successfully logged on. Subject: Security ID: S-1-5-21-1234567890 Account Name: Administrator Account Domain: CORP Logon Type: 3.,0,Benign
2026-02-28 11:01:29,4624,12,7999,An account was successfully logged on. Subject: Security ID: S-1-5-21-1234567890 Account Name: Administrator Account Domain: CORP Logon Type: 3.,0,Benign
2026-02-27 04:46:48,4634,8,8473,An account was logged off. Subject: Security ID: S-1-5-21-1234567890 Account Name: jdoe.,0,Benign
2026-02-25 10:43:38,4634,8,936,An account was logged off. Subject: Security ID: S-1-5-21-1234567890 Account Name: jdoe.,0,Benign
2026-02-26 16:19:05,4624,8,4654,An account was successfully logged on. Subject: Security ID: S-1-5-18 Account Name: SYSTEM Account Domain: NT AUTHORITY Logon ID: 0x3E7 Logon Type: 5.,0,Benign
2026-02-23 16:01:29,4688,10,8250,A new process has been created. New Process Name: C:\Program Files\Google\Chrome\chrome.exe Command Line: chrome.exe --type=renderer.,0,Benign
2026-02-28 10:27:45,4648,11,8273,A logon was attempted using explicit credentials. Target Server: DC01 Target User: backup_svc.,0,Benign
2026-02-27 17:03:33,4648,3,9648,A logon was attempted using explicit credentials. Target Server: DC01 Target User: backup_svc.,0,Benign
2026-02-27 16:50:09,4720,9,4588,A user account was created. New Account Name: tempuser New Account Domain: CORP.,0,Benign
2026-03-01 08:21:30,4625,10,9168,An account failed to log on. Logon Type: 10 Remote Desktop Services.,0,Benign
2026-02-27 23:19:28,4634,11,9318,An account was logged off. Subject: Security ID: S-1-5-21-1234567890 Account Name: jdoe.,0,Benign
2026-02-26 01:47:21,4625,11,4612,An account failed to log on. Account Name: administrator.,1,T1110
2026-02-23 16:57:01,4624,8,9021,An account was successfully logged on. Subject: Security ID: S-1-5-18 Account Name: SYSTEM Account Domain: NT AUTHORITY Logon ID: 0x3E7 Logon Type: 5.,0,Benign
2026-02-25 15:09:24,4625,11,2983,An account failed to log on. Subject: Security ID: S-1-0-0 Account Name: - Account Domain: - Logon Type: 3.,0,Benign
2026-02-25 17:34:07,4648,3,1199,A logon was attempted using explicit credentials. Target Server: localhost Target User: admin.,0,Benign
2026-02-26 17:06:25,4688,5,6303,A new process has been created. New Process Name: C:\Program Files\Google\Chrome\chrome.exe Command Line: chrome.exe --type=renderer.,0,Benign
2026-02-23 13:29:17,4720,12,5281,A user account was created. New Account Name: test_account.,0,Benign
2026-02-24 11:03:23,4624,3,6269,An account was successfully logged on. New Logon: Account Name: jdoe Account Domain: CORP Logon ID: 0x1A2B3C.,0,Benign
2026-03-01 14:24:53,4672,11,5779,Special privileges assigned to new logon. Subject: Security ID: S-1-5-18 Privileges: SeAssignPrimaryTokenPrivilege SeTcbPrivilege SeSecurityPrivilege.,0,Benign
2026-03-01 08:39:13,4648,10,2971,A logon was attempted using explicit credentials. Target Server: localhost Target User: admin.,0,Benign
2026-03-01 14:28:33,4648,8,1713,A logon was attempted using explicit credentials. Target Server: DC01 Target User: backup_svc.,0,Benign
2026-02-25 09:54:33,4625,10,2177,An account failed to log on. Failure Reason: Account locked out.,0,Benign
2026-02-28 17:10:10,4624,3,3121,An account was successfully logged on. Subject: Security ID: S-1-5-21-1234567890 Account Name: Administrator Account Domain: CORP Logon Type: 3.,0,Benign
2026-02-23 14:24:08,4625,7,9983,An account failed to log on. Failure Reason: Unknown user name or bad password. Status: 0xC000006D Sub Status: 0xC000006A.,0,Benign
2026-02-28 10:02:51,4625,10,4583,An account failed to log on. Logon Type: 10 Remote Desktop Services.,0,Benign
2026-02-24 10:35:03,4624,12,7680,An account was successfully logged on. New Logon: Account Name: jdoe Account Domain: CORP Logon ID: 0x1A2B3C.,0,Benign
2026-02-28 14:10:35,4648,9,5289,A logon was attempted using explicit credentials. Process: C:\Windows\System32\runas.exe.,0,Benign
2026-02-28 08:11:00,4688,9,9062,A new process has been created. New Process Name: C:\Windows\System32\svchost.exe Creator Process Name: C:\Windows\System32\services.exe.,0,Benign
2026-02-24 11:17:11,4624,5,5270,An account was successfully logged on. New Logon: Account Name: jdoe Account Domain: CORP Logon ID: 0x1A2B3C.,0,Benign
2026-02-28 12:08:23,4648,11,1152,A logon was attempted using explicit credentials. Target Server: localhost Target User: admin.,0,Benign
2026-02-26 00:05:40,4624,5,8775,An account was successfully logged on. Subject: Security ID: S-1-5-18 Account Name: SYSTEM Account Domain: NT AUTHORITY Logon ID: 0x3E7 Logon Type: 5.,0,Benign
2026-02-24 09:22:46,4624,8,4910,An account was successfully logged on. Logon Type: 2 Interactive.,0,Benign
2026-03-01 09:35:05,4625,11,4478,An account failed to log on. Failure Reason: Account locked out.,0,Benign
2026-02-23 21:05:43,4624,10,6794,An account was successfully logged on. Subject: Security ID: S-1-5-21-1234567890 Account Name: Administrator Account Domain: CORP Logon Type: 3.,0,Benign
2026-03-01 16:19:20,4624,7,4855,An account was successfully logged on. Subject: Security ID: S-1-5-21-1234567890 Account Name: Administrator Account Domain: CORP Logon Type: 3.,0,Benign
2026-02-26 10:38:18,4648,2,9724,A logon was attempted using explicit credentials. Process: C:\Windows\System32\runas.exe.,0,Benign
2026-02-23 16:27:01,4625,2,8491,An account failed to log on. Subject: Security ID: S-1-0-0 Account Name: - Account Domain: - Logon Type: 3.,0,Benign
2026-02-28 15:08:37,4688,11,4878,A new process has been created. New Process Name: C:\Windows\System32\notepad.exe.,0,Benign
2026-03-01 08:07:15,4624,12,8578,An account was successfully logged on. Logon Type: 10 Remote Desktop Services.,0,Benign
2026-02-28 11:04:34,4624,5,2600,An account was successfully logged on. Subject: Security ID: S-1-5-21-1234567890 Account Name: Administrator Account Domain: CORP Logon Type: 3.,0,Benign
2026-02-26 13:10:37,4672,7,7184,Special privileges assigned to new logon. Subject: Security ID: S-1-5-18 Privileges: SeAssignPrimaryTokenPrivilege SeTcbPrivilege SeSecurityPrivilege.,0,Benign
2026-02-24 12:59:01,4624,11,8411,An account was successfully logged on. New Logon: Account Name: jdoe Account Domain: CORP Logon ID: 0x1A2B3C.,0,Benign
2026-03-01 08:32:27,4624,3,1475,An account was successfully logged on. Logon Type: 2 Interactive.,0,Benign
2026-02-27 10:42:22,4634,12,2202,An account was logged off. Logon Type: 2 Interactive.,0,Benign
2026-02-27 13:04:10,4720,8,7642,A user account was created. New Account Name: svc_backup New Account Domain: CORP.,0,Benign
2026-02-26 08:36:52,4688,5,7666,A new process has been created. New Process Name: C:\Windows\System32\cmd.exe Command Line: cmd.exe /c dir.,0,Benign
2026-02-24 12:49:21,4624,8,7554,An account was successfully logged on. Logon Type: 10 Remote Desktop Services.,0,Benign
2026-02-26 12:58:08,4624,5,6183,An account was successfully logged on. Subject: Security ID: S-1-5-18 Account Name: SYSTEM Account Domain: NT AUTHORITY Logon ID: 0x3E7 Logon Type: 5.,0,Benign
2026-02-26 16:33:17,4648,2,3733,A logon was attempted using explicit credentials. Process: C:\Windows\System32\runas.exe.,0,Benign
2026-02-26 11:44:00,4624,9,5397,An account was successfully logged on. New Logon: Account Name: jdoe Account Domain: CORP Logon ID: 0x1A2B3C.,0,Benign
2026-03-01 08:55:27,4624,5,7720,An account was successfully logged on. New Logon: Account Name: jdoe Account Domain: CORP Logon ID: 0x1A2B3C.,0,Benign
2026-02-27 19:15:40,4624,2,6273,An account was successfully logged on. Logon Type: 10 Remote Desktop Services.,0,Benign
2026-02-28 15:58:18,4624,12,1430,An account was successfully logged on. Logon Type: 2 Interactive.,0,Benign
2026-02-27 15:47:51,4688,10,8732,A new process has been created. New Process Name: C:\Windows\System32\svchost.exe Creator Process Name: C:\Windows\System32\services.exe.,0,Benign
2026-02-24 12:25:29,4688,11,1172,A new process has been created. New Process Name: C:\Windows\System32\svchost.exe Creator Process Name: C:\Windows\System32\services.exe.,0,Benign
2026-02-28 16:51:28,4648,5,5510,A logon was attempted using explicit credentials. Target Server: localhost Target User: admin.,0,Benign
2026-02-26 14:39:20,4625,5,8782,An account failed to log on. Account Name: administrator Source Network Address: 192.168.1.50.,0,Benign
2026-03-01 12:37:29,4672,2,6495,Special privileges assigned to new logon. Subject: Security ID: S-1-5-18 Privileges: SeAssignPrimaryTokenPrivilege SeTcbPrivilege SeSecurityPrivilege.,0,Benign
2026-02-25 13:43:25,4672,2,245,Special privileges assigned to new logon. Subject: Security ID: S-1-5-18 Privileges: SeAssignPrimaryTokenPrivilege SeTcbPrivilege SeSecurityPrivilege.,0,Benign
2026-02-28 18:09:09,4624,11,109,An account failed to log on. Account Name: administrator.,1,T1110
2026-02-28 17:28:25,4624,12,1964,An account was successfully logged on. Logon Type: 10 Remote Desktop Services.,0,Benign
2026-02-24 16:40:36,4634,3,8816,An account was logged off. Logon Type: 2 Interactive.,0,Benign
2026-02-26 15:41:09,4625,11,178,An account failed to log on. Subject: Security ID: S-1-0-0 Account Name: - Account Domain: - Logon Type: 3.,0,Benign
2026-02-28 15:55:39,4624,8,5877,An account was successfully logged on. New Logon: Account Name: jdoe Account Domain: CORP Logon ID: 0x1A2B3C.,0,Benign
2026-03-01 12:30:04,4625,9,6680,An account failed to log on. Logon Type: 10 Remote Desktop Services.,0,Benign
2026-02-27 10:02:54,4688,2,1021,A new process has been created. New Process Name: C:\Windows\System32\taskhostw.exe.,0,Benign
2026-03-01 09:34:47,4624,9,5870,An account was successfully logged on. Logon Type: 10 Remote Desktop Services.,0,Benign
2026-02-27 21:31:59,4624,7,3644,An account was successfully logged on. Logon Type: 10 Remote Desktop Services.,0,Benign
2026-02-25 11:20:09,4624,2,7426,An account was successfully logged on. Subject: Security ID: S-1-5-18 Account Name: SYSTEM Account Domain: NT AUTHORITY Logon ID: 0x3E7 Logon Type: 5.,0,Benign
2026-02-23 13:50:09,4625,2,1689,An account failed to log on. Subject: Security ID: S-1-0-0 Account Name: - Account Domain: - Logon Type: 3.,0,Benign
2026-02-27 16:07:32,4625,10,1380,An account failed to log on. Account Name: administrator Source Network Address: 192.168.1.50.,0,Benign
2026-02-24 14:28:38,4624,8,1163,An account was successfully logged on. Subject: Security ID: S-1-5-18 Account Name: SYSTEM Account Domain: NT AUTHORITY Logon ID: 0x3E7 Logon Type: 5.,0,Benign
2026-02-26 18:59:25,4732,3,5057,A member was added to a security-enabled local group. Member Name: svc_backup Group Name: Backup Operators.,0,Benign
2026-02-25 11:01:59,4624,3,8066,An account was successfully logged on. Logon Type: 2 Interactive.,0,Benign
2026-02-28 02:28:06,4634,5,6828,An account was logged off. Logon Type: 3.,0,Benign
2026-03-01 09:35:36,4624,5,2547,An account was successfully logged on. Logon Type: 2 Interactive.,0,Benign
2026-02-23 11:43:12,4648,8,9297,A logon was attempted using explicit credentials. Target Server: localhost Target User: admin.,0,Benign
2026-03-01 12:16:17,4624,12,2285,An account was successfully logged on. Logon Type: 2 Interactive.,0,Benign
2026-02-24 11:14:20,4688,11,8179,A new process has been created. New Process Name: C:\Windows\System32\taskhostw.exe.,0,Benign
2026-02-24 09:15:19,4624,3,4021,An account was successfully logged on. Subject: Security ID: S-1-5-21-1234567890 Account Name: Administrator Account Domain: CORP Logon Type: 3.,0,Benign
2026-02-24 09:08:21,4688,2,9470,A new process has been created. New Process Name: C:\Windows\System32\cmd.exe Command Line: cmd.exe /c dir.,0,Benign
2026-02-23 10:21:39,4624,12,6513,An account was successfully logged on. Subject: Security ID: S-1-5-18 Account Name: SYSTEM Account Domain: NT AUTHORITY Logon ID: 0x3E7 Logon Type: 5.,0,Benign
2026-02-27 13:03:09,4624,11,1290,An account was successfully logged on. Logon Type: 2 Interactive.,0,Benign
2026-02-23 16:38:58,4625,3,9875,An account failed to log on. Account Name: administrator Source Network Address: 192.168.1.50.,0,Benign
2026-02-27 13:01:42,4624,11,7078,An account was successfully logged on. Logon Type: 2 Interactive.,0,Benign
2026-02-27 10:19:32,4625,3,1196,An account failed to log on. Logon Type: 10 Remote Desktop Services.,0,Benign
2026-02-27 16:02:01,4624,9,3985,An account was successfully logged on. Subject: Security ID: S-1-5-21-1234567890 Account Name: Administrator Account Domain: CORP Logon Type: 3.,0,Benign
2026-03-01 17:39:18,4625,10,6775,An account failed to log on. Subject: Security ID: S-1-0-0 Account Name: - Account Domain: - Logon Type: 3.,0,Benign
2026-02-24 10:17:56,4624,8,1431,An account was successfully logged on. New Logon: Account Name: jdoe Account Domain: CORP Logon ID: 0x1A2B3C.,0,Benign
2026-03-01 09:38:53,4672,11,1304,Special privileges assigned to new logon. Account Name: SYSTEM Privileges: SeBackupPrivilege SeRestorePrivilege.,0,Benign
2026-02-27 14:38:29,4648,2,7439,A logon was attempted using explicit credentials. Process: C:\Windows\System32\runas.exe.,0,Benign
2026-02-27 14:41:19,4625,8,1063,An account failed to log on. Failure Reason: Unknown user name or bad password. Status: 0xC000006D Sub Status: 0xC000006A.,0,Benign
2026-02-23 14:01:58,4624,9,2874,An account was successfully logged on. Logon Type: 2 Interactive.,0,Benign
2026-02-24 09:18:57,4688,8,4057,A new process has been created. New Process Name: C:\Windows\System32\svchost.exe Creator Process Name: C:\Windows\System32\services.exe.,0,Benign
2026-03-01 14:17:50,4624,3,2697,An account was successfully logged on. Logon Type: 10 Remote Desktop Services.,0,Benign
2026-02-24 17:02:22,4625,12,371,An account failed to log on. Failure Reason: Account locked out.,0,Benign
2026-02-25 01:35:21,4672,7,1719,Special privileges assigned to new logon. Account Name: SYSTEM Privileges: SeBackupPrivilege SeRestorePrivilege.,0,Benign
2026-02-28 08:50:59,4625,12,8605,An account failed to log on. Failure Reason: Account locked out.,0,Benign
2026-02-28 08:56:16,4648,12,7792,A logon was attempted using explicit credentials. Target Server: localhost Target User: admin.,0,Benign
2026-02-27 11:55:09,4624,3,4352,An account was successfully logged on. Subject: Security ID: S-1-5-18 Account Name: SYSTEM Account Domain: NT AUTHORITY Logon ID: 0x3E7 Logon Type: 5.,0,Benign
2026-02-23 03:23:14,4688,8,8725,A new process has been created. New Process Name: C:\Windows\System32\cmd.exe Command Line: cmd.exe /c dir.,0,Benign
2026-02-25 09:59:50,4624,7,8994,An account was successfully logged on. Subject: Security ID: S-1-5-18 Account Name: SYSTEM Account Domain: NT AUTHORITY Logon ID: 0x3E7 Logon Type: 5.,0,Benign
2026-02-26 09:00:27,4672,7,3732,Special privileges assigned to new logon. Subject: Security ID: S-1-5-18 Privileges: SeAssignPrimaryTokenPrivilege SeTcbPrivilege SeSecurityPrivilege.,0,Benign
2026-02-28 12:25:45,4624,10,7908,An account was successfully logged on. Logon Type: 2 Interactive.,0,Benign
2026-03-01 17:37:21,4624,2,8267,An account was successfully logged on. Logon Type: 2 Interactive.,0,Benign
2026-02-25 08:56:45,4648,5,8792,A logon was attempted using explicit credentials. Process: C:\Windows\System32\runas.exe.,0,Benign
2026-02-27 15:22:04,4624,7,9658,An account was successfully logged on. Logon Type: 2 Interactive.,0,Benign
2026-02-26 08:08:17,4688,3,4447,A new process has been created. New Process Name: C:\Program Files\Google\Chrome\chrome.exe Command Line: chrome.exe --type=renderer.,0,Benign
2026-02-26 16:57:49,4625,10,2541,An account failed to log on. Failure Reason: Unknown user name or bad password. Status: 0xC000006D Sub Status: 0xC000006A.,0,Benign
2026-02-24 12:03:26,4624,11,2189,An account was successfully logged on. Logon Type: 10 Remote Desktop Services.,0,Benign
2026-02-25 17:53:13,4720,9,1917,A user account was created. New Account Name: tempuser New Account Domain: CORP.,0,Benign
2026-02-26 17:35:51,4672,7,7869,Special privileges assigned to new logon. Subject: Security ID: S-1-5-18 Privileges: SeAssignPrimaryTokenPrivilege SeTcbPrivilege SeSecurityPrivilege.,0,Benign
2026-02-26 16:03:30,4624,3,444,An account was successfully logged on. Logon Type: 10 Remote Desktop Services.,0,Benign
2026-02-23 13:51:49,4688,5,3871,A new process has been created. New Process Name: C:\Program Files\Google\Chrome\chrome.exe Command Line: chrome.exe --type=renderer.,0,Benign
2026-02-27 10:44:00,4624,5,6188,An account was successfully logged on. Subject: Security ID: S-1-5-21-1234567890 Account Name: Administrator Account Domain: CORP Logon Type: 3.,0,Benign
2026-02-28 16:47:13,4634,3,1168,An account was logged off. Subject: Security ID: S-1-5-21-1234567890 Account Name: jdoe.,0,Benign
2026-02-27 15:58:20,4688,3,2876,A new process has been created. New Process Name: C:\Windows\System32\cmd.exe Command Line: cmd.exe /c dir.,0,Benign
2026-02-25 10:58:25,4688,9,9742,A new process has been created. New Process Name: C:\Windows\System32\notepad.exe.,0,Benign
2026-02-26 08:15:19,4672,10,7704,Special privileges assigned to new logon. Subject: Security ID: S-1-5-21-1234567890 Account Name: Administrator Privileges: SeDebugPrivilege.,0,Benign
2026-02-25 09:41:31,4720,8,1712,A user account was created. New Account Name: svc_backup New Account Domain: CORP.,0,Benign
2026-02-25 16:17:04,4624,7,7257,An account was successfully logged on. Logon Type: 10 Remote Desktop Services.,0,Benign
2026-02-23 12:57:38,4625,10,1529,An account failed to log on. Subject: Security ID: S-1-0-0 Account Name: - Account Domain: - Logon Type: 3.,0,Benign
2026-02-28 08:14:29,4720,10,7975,A user account was created. New Account Name: svc_backup New Account Domain: CORP.,0,Benign
2026-02-27 15:52:04,4624,11,8935,An account was successfully logged on. New Logon: Account Name: jdoe Account Domain: CORP Logon ID: 0x1A2B3C.,0,Benign
2026-03-01 09:38:25,4634,12,8985,An account was logged off. Logon Type: 3.,0,Benign
2026-02-23 19:59:36,4634,10,2553,An account was logged off. Logon Type: 3.,0,Benign
2026-03-01 17:54:06,4624,11,2968,An account was successfully logged on. New Logon: Account Name: jdoe Account Domain: CORP Logon ID: 0x1A2B3C.,0,Benign
2026-02-24 17:56:42,4624,5,9025,An account was successfully logged on. Logon Type: 10 Remote Desktop Services.,0,Benign
2026-02-23 15:56:29,4720,12,9094,A user account was created. New Account Name: svc_backup New Account Domain: CORP.,0,Benign
2026-02-27 16:05:23,4624,9,3260,An account was successfully logged on. New Logon: Account Name: jdoe Account Domain: CORP Logon ID: 0x1A2B3C.,0,Benign
2026-02-24 19:50:15,4624,5,9062,An account was successfully logged on. Subject: Security ID: S-1-5-18 Account Name: SYSTEM Account Domain: NT AUTHORITY Logon ID: 0x3E7 Logon Type: 5.,0,Benign
