2026-03-01 14:09:47,4634,11,8571,An account was logged off. Logon Type: 2 Interactive.,1,Benign
2026-02-24 14:12:58,4688,12,9977,A new process has been created. New Process Name: C:\Windows\System32\cmd.exe Command Line: cmd.exe /c dir.,0,Benign
2026-03-01 01:46:10,4625,2,3053,An account failed to log on. Failure Reason: Unknown user name or bad password. Status: 0xC000006D Sub Status: 0xC000006A.,0,Benign
2026-02-26 10:51:11,4688,12,9196,A new process has been created. New Process Name: C:\Windows\System32\svchost.exe Creator Process Name: C:\Windows\System32\services.exe.,0,Benign
2026-02-24 15:00:22,4625,5,6157,An account failed to log on. Failure Reason: Account locked out.,0,Benign
2026-02-24 17:18:32,4624,8,2279,An account was successfully logged on. Logon Type: 10 Remote Desktop Services.,0,Benign
2026-02-25 17:43:32,4648,11,9215,A logon was attempted using explicit credentials. Target Server: localhost Target User: admin.,0,Benign
2026-02-24 13:50:14,4624,12,3685,An account was successfully logged on. Logon Type: 2 Interactive.,0,Benign
2026-02-24 11:13:45,4624,7,9762,An account was successfully logged on. Logon Type: 10 Remote Desktop Services.,0,Benign
2026-02-28 17:36:34,4625,9,6821,An account failed to log on. Account Name: administrator Source Network Address: 192.168.1.50.,0,Benign
2026-02-23 10:48:48,4688,8,239,A new process has been created. New Process Name: C:\Program Files\Google\Chrome\chrome.exe Command Line: chrome.exe --type=renderer.,0,Benign
2026-03-01 17:11:59,4625,10,3798,An account failed to log on. Failure Reason: Unknown user name or bad password. Status: 0xC000006D Sub Status: 0xC000006A.,0,Benign
2026-02-26 08:03:23,4625,9,8636,An account failed to log on. Account Name: administrator Source Network Address: 192.168.1.50.,0,Benign
2026-02-26 17:30:03,4688,11,5687,A new process has been created. New Process Name: C:\Program Files\Google\Chrome\chrome.exe Command Line: chrome.exe --type=renderer.,0,Benign
2026-02-23 11:00:08,4624,3,5123,An account was successfully logged on. Logon Type: 2 Interactive.,0,Benign
2026-02-27 10:02:52,4624,3,5631,An account was successfully logged on. Logon Type: 10 Remote Desktop Services.,0,Benign
2026-02-28 14:54:58,4672,2,3213,Special privileges assigned to new logon. Subject: Security ID: S-1-5-21-1234567890 Account Name: Administrator Privileges: SeDebugPrivilege.,0,Benign
2026-02-27 15:29:20,4672,2,2661,Special privileges assigned to new logon. Subject: Security ID: S-1-5-21-1234567890 Account Name: Administrator Privileges: SeDebugPrivilege.,0,Benign
2026-02-23 17:25:30,4634,2,8329,An account was logged off. Subject: Security ID: S-1-5-21-1234567890 Account Name: jdoe.,0,Benign
2026-02-23 15:33:32,4625,8,8204,An account failed to log on. Subject: Security ID: S-1-0-0 Account Name: - Account Domain: - Logon Type: 3.,0,Benign
2026-02-25 20:48:53,4672,3,2358,Special privileges assigned to new logon. Subject: Security ID: S-1-5-18 Privileges: SeAssignPrimaryTokenPrivilege SeTcbPrivilege SeSecurityPrivilege.,0,Benign
2026-02-27 07:52:27,4634,11,5873,An account was logged off. Logon Type: 2 Interactive.,0,Benign
2026-02-24 13:47:16,4625,8,4916,An account failed to log on. Subject: Security ID: S-1-0-0 Account Name: - Account Domain: - Logon Type: 3.,0,Benign
2026-02-26 14:29:00,4624,3,8080,An account was successfully logged on. New Logon: Account Name: jdoe Account Domain: CORP Logon ID: 0x1A2B3C.,0,Benign
2026-02-25 15:06:37,4625,7,5262,An account failed to log on. Logon Type: 10 Remote Desktop Services.,0,Benign
2026-02-23 13:48:11,4624,12,962,An account was successfully logged on. Subject: Security ID: S-1-5-18 Account Name: SYSTEM Account Domain: NT AUTHORITY Logon ID: 0x3E7 Logon Type: 5.,0,Benign
2026-02-24 17:48:19,4624,8,9099,An account was successfully logged on. New Logon: Account Name: jdoe Account Domain: CORP Logon ID: 0x1A2B3C.,0,Benign
2026-02-24 16:02:24,4624,10,5666,An account was successfully logged on. Subject: Security ID: S-1-5-21-1234567890 Account Name: Administrator Account Domain: CORP Logon Type: 3.,0,Benign
2026-03-01 11:00:55,4624,5,4015,An account was successfully logged on. Logon Type: 2 Interactive.,0,Benign
2026-02-23 17:46:48,4624,5,6065,An account was successfully logged on. Logon Type: 2 Interactive.,0,Benign
2026-02-25 06:02:59,4648,11,4265,A logon was attempted using explicit credentials. Target Server: localhost Target User: admin.,0,Benign
2026-02-24 07:16:31,4624,10,2447,An account was successfully logged on. Subject: Security ID: S-1-5-18 Account Name: SYSTEM Account Domain: NT AUTHORITY Logon ID: 0x3E7 Logon Type: 5.,0,Benign
2026-02-27 20:31:27,4624,10,3324,An account was successfully logged on. Logon Type: 2 Interactive.,0,Benign
2026-02-24 12:16:14,4634,10,5286,An account was logged off. Logon Type: 3.,0,Benign
2026-02-25 10:44:49,4648,7,1907,An account was successfully logged on. Logon Type: 3 Source Network Address: 192.168.1.100.,1,T1046
2026-02-27 11:55:42,4648,8,1708,A logon was attempted using explicit credentials. Target Server: DC01 Target User: backup_svc.,0,Benign
2026-02-28 11:01:56,4648,5,5354,A logon was attempted using explicit credentials. Target Server: DC01 Target User: backup_svc.,0,Benign
2026-02-28 09:27:40,4624,10,6695,An account was successfully logged on. Logon Type: 2 Interactive.,0,Benign
2026-02-26 16:53:57,4624,7,4360,An account was successfully logged on. Logon Type: 10 Remote Desktop Services.,0,Benign
2026-02-27 14:39:49,4672,2,7237,Special privileges assigned to new logon. Subject: Security ID: S-1-5-21-1234567890 Account Name: Administrator Privileges: SeDebugPrivilege.,0,Benign
2026-02-26 11:43:33,4625,9,2755,An account failed to log on. Subject: Security ID: S-1-0-0 Account Name: - Account Domain: - Logon Type: 3.,0,Benign
2026-02-25 12:39:07,4625,9,4061,An account failed to log on. Subject: Security ID: S-1-0-0 Account Name: - Account Domain: - Logon Type: 3.,0,Benign
2026-02-25 09:36:58,4624,3,9445,An account was successfully logged on. Logon Type: 2 Interactive.,0,Benign
2026-02-23 13:39:05,4648,3,6313,A logon was attempted using explicit credentials. Process: C:\Windows\System32\runas.exe.,0,Benign
2026-02-24 17:23:17,4648,9,8918,A logon was attempted using explicit credentials. Target Server: DC01 Target User: backup_svc.,0,Benign
2026-02-26 09:52:54,4624,9,3988,An account was successfully logged on. Logon Type: 10 Remote Desktop Services.,0,Benign
2026-02-25 13:36:21,4648,3,731,A logon was attempted using explicit credentials. Target Server: localhost Target User: admin.,0,Benign
2026-02-24 17:58:44,4672,11,4325,Special privileges assigned to new logon. Subject: Security ID: S-1-5-18 Privileges: SeAssignPrimaryTokenPrivilege SeTcbPrivilege SeSecurityPrivilege.,0,Benign
2026-02-27 18:54:01,4624,11,2381,An account was successfully logged on. Logon Type: 2 Interactive.,0,Benign
2026-02-24 15:23:52,4624,10,432,An account was successfully logged on. Subject: Security ID: S-1-5-21-1234567890 Account Name: Administrator Account Domain: CORP Logon Type: 3.,0,Benign
2026-02-26 16:31:39,4624,3,3354,An account was successfully logged on. New Logon: Account Name: jdoe Account Domain: CORP Logon ID: 0x1A2B3C.,0,Benign
2026-02-27 08:24:04,4625,12,1933,An account failed to log on. Failure Reason: Account locked out.,0,Benign
2026-02-24 11:26:53,4624,7,6893,An account was successfully logged on. Logon Type: 2 Interactive.,0,Benign
2026-02-23 11:43:57,4625,2,8306,An account failed to log on. Account Name: administrator Source Network Address: 192.168.1.50.,0,Benign
2026-02-26 23:39:07,4625,7,4362,An account failed to log on. Logon Type: 10 Remote Desktop Services.,0,Benign
2026-02-26 08:21:01,4688,5,4705,A new process has been created. New Process Name: C:\Program Files\Google\Chrome\chrome.exe Command Line: chrome.exe --type=renderer.,0,Benign
2026-02-23 14:23:23,4624,11,8826,An account was successfully logged on. Logon Type: 2 Interactive.,0,Benign
2026-02-25 11:06:24,4624,11,4032,An account was successfully logged on. Logon Type: 2 Interactive.,0,Benign
2026-02-28 14:10:18,4624,2,8554,An account was successfully logged on. Logon Type: 10 Remote Desktop Services.,0,Benign
2026-02-28 17:32:39,4624,7,6808,An account was successfully logged on. Subject: Security ID: S-1-5-18 Account Name: SYSTEM Account Domain: NT AUTHORITY Logon ID: 0x3E7 Logon Type: 5.,0,Benign
2026-02-23 16:44:56,4624,2,8346,An account was successfully logged on. Logon Type: 2 Interactive.,0,Benign
2026-02-23 13:35:40,4634,8,4990,An account was logged off. Logon Type: 2 Interactive.,0,Benign
2026-02-25 11:19:10,4625,8,4981,An account failed to log on. Failure Reason: Account locked out.,0,Benign
2026-03-01 10:25:16,4624,11,9801,An account was successfully logged on. New Logon: Account Name: jdoe Account Domain: CORP Logon ID: 0x1A2B3C.,0,Benign
2026-02-26 16:18:42,4624,7,8972,An account was successfully logged on. Subject: Security ID: S-1-5-18 Account Name: SYSTEM Account Domain: NT AUTHORITY Logon ID: 0x3E7 Logon Type: 5.,0,Benign
2026-02-24 15:04:17,4625,8,2073,An account failed to log on. Failure Reason: Account locked out.,0,Benign
2026-02-27 14:23:36,4648,3,8565,A logon was attempted using explicit credentials. Target Server: DC01 Target User: backup_svc.,0,Benign
2026-02-28 14:44:55,4688,3,2273,A new process has been created. New Process Name: C:\Windows\System32\svchost.exe Creator Process Name: C:\Windows\System32\services.exe.,0,Benign
2026-02-27 15:42:43,4624,11,7731,An account was successfully logged on. Logon Type: 2 Interactive.,0,Benign
2026-02-24 12:26:48,4624,3,128,An account was successfully logged on. Subject: Security ID: S-1-5-21-1234567890 Account Name: Administrator Account Domain: CORP Logon Type: 3.,0,Benign
2026-02-28 11:41:04,4625,2,2444,An account failed to log on. Subject: Security ID: S-1-0-0 Account Name: - Account Domain: - Logon Type: 3.,0,Benign
2026-02-24 14:21:22,4624,11,7659,An account was successfully logged on. New Logon: Account Name: jdoe Account Domain: CORP Logon ID: 0x1A2B3C.,0,Benign
2026-03-01 16:54:51,4625,12,4208,An account failed to log on. Subject: Security ID: S-1-0-0 Account Name: - Account Domain: - Logon Type: 3.,0,Benign
2026-02-28 16:04:21,4688,5,575,A new process has been created. New Process Name: C:\Windows\System32\svchost.exe Creator Process Name: C:\Windows\System32\services.exe.,0,Benign
2026-02-25 17:09:09,4634,10,7830,An account was logged off. Subject: Security ID: S-1-5-21-1234567890 Account Name: jdoe.,0,Benign
2026-02-23 16:50:47,4624,2,3876,An account was successfully logged on. Logon Type: 10 Remote Desktop Services.,0,Benign
2026-02-24 17:40:22,4624,8,6499,An account was successfully logged on. Logon Type: 2 Interactive.,0,Benign
2026-02-24 11:47:37,4624,5,1451,An account was successfully logged on. Subject: Security ID: S-1-5-21-1234567890 Account Name: Administrator Account Domain: CORP Logon Type: 3.,0,Benign
2026-02-28 15:39:55,4624,2,713,An account was successfully logged on. Subject: Security ID: S-1-5-18 Account Name: SYSTEM Account Domain: NT AUTHORITY Logon ID: 0x3E7 Logon Type: 5.,0,Benign
2026-03-01 05:13:27,4634,12,7021,An account was logged off. Logon Type: 3.,0,Benign
2026-02-23 11:50:31,4648,3,4220,A logon was attempted using explicit credentials. Process: C:\Windows\System32\runas.exe.,0,Benign
2026-02-24 19:41:13,4624,10,120,An account was successfully logged on. Subject: Security ID: S-1-5-18 Account Name: SYSTEM Account Domain: NT AUTHORITY Logon ID: 0x3E7 Logon Type: 5.,0,Benign
2026-02-28 16:05:43,4672,11,2960,Special privileges assigned to new logon. Account Name: SYSTEM Privileges: SeBackupPrivilege SeRestorePrivilege.,0,Benign
2026-02-23 15:38:28,4624,2,4023,An account was successfully logged on. Subject: Security ID: S-1-5-18 Account Name: SYSTEM Account Domain: NT AUTHORITY Logon ID: 0x3E7 Logon Type: 5.,0,Benign
2026-02-25 15:04:27,4624,10,5122,An account was successfully logged on. New Logon: Account Name: jdoe Account Domain: CORP Logon ID: 0x1A2B3C.,0,Benign
2026-02-27 12:34:23,4672,2,8433,Special privileges assigned to new logon. Subject: Security ID: S-1-5-21-1234567890 Account Name: Administrator Privileges: SeDebugPrivilege.,0,Benign
2026-02-23 17:31:33,4688,11,7791,A new process has been created. New Process Name: C:\Windows\System32\svchost.exe Creator Process Name: C:\Windows\System32\services.exe.,0,Benign
2026-03-01 15:51:23,4688,5,9058,A new process has been created. New Process Name: C:\Program Files\Google\Chrome\chrome.exe Command Line: chrome.exe --type=renderer.,0,Benign
2026-02-28 16:33:58,4624,7,1324,An account was successfully logged on. Logon Type: 10 Remote Desktop Services.,1,Benign
2026-02-23 23:35:21,4648,10,3731,A logon was attempted using explicit credentials. Target Server: localhost Target User: admin.,0,Benign
2026-02-27 12:34:35,4624,8,1752,An account was successfully logged on. New Logon: Account Name: jdoe Account Domain: CORP Logon ID: 0x1A2B3C.,0,Benign
2026-02-26 09:21:49,4624,9,8220,An account was successfully logged on. Logon Type: 10 Remote Desktop Services.,0,Benign
2026-02-25 14:39:15,4624,9,3213,An account was successfully logged on. Subject: Security ID: S-1-5-18 Account Name: SYSTEM Account Domain: NT AUTHORITY Logon ID: 0x3E7 Logon Type: 5.,1,Benign
2026-02-23 21:36:37,4624,2,5987,An account was successfully logged on. Logon Type: 2 Interactive.,0,Benign
2026-02-23 14:09:42,4625,9,1791,An account failed to log on. Logon Type: 10 Remote Desktop Services.,0,Benign
2026-02-23 09:58:06,4624,10,9720,An account was successfully logged on. Logon Type: 2 Interactive.,0,Benign
2026-02-26 11:27:08,4688,3,6753,A new process has been created. New Process Name: C:\Windows\System32\svchost.exe Creator Process Name: C:\Windows\System32\services.exe.,0,Benign
2026-03-01 13:03:31,4624,9,8740,An account was successfully logged on. New Logon: Account Name: jdoe Account Domain: CORP Logon ID: 0x1A2B3C.,0,Benign
2026-02-24 10:30:52,4688,8,6827,A new process has been created. New Process Name: C:\Windows\System32\taskhostw.exe.,0,Benign
2026-02-26 16:09:28,4648,10,9579,A logon was attempted using explicit credentials. Process: C:\Windows\System32\runas.exe.,0,Benign
2026-02-26 00:17:20,4688,10,4492,A new process has been created. New Process Name: C:\Windows\System32\notepad.exe.,0,Benign
2026-02-23 16:32:53,4624,11,4677,An account was successfully logged on. Logon Type: 2 Interactive.,0,Benign
2026-02-28 08:04:59,4634,12,7703,An account was logged off. Logon Type: 2 Interactive.,0,Benign
2026-02-24 05:15:35,4624,12,9236,An account was successfully logged on. Subject: Security ID: S-1-5-18 Account Name: SYSTEM Account Domain: NT AUTHORITY Logon ID: 0x3E7 Logon Type: 5.,0,Benign
2026-02-23 04:31:12,4625,8,8732,An account failed to log on. Logon Type: 3 Source Network Address: 10.0.0.55.,1,T1046
2026-02-26 17:42:02,4624,9,9559,An account was successfully logged on. Logon Type: 10 Remote Desktop Services.,0,Benign
2026-02-23 09:38:13,4624,3,6468,An account was successfully logged on. New Logon: Account Name: jdoe Account Domain: CORP Logon ID: 0x1A2B3C.,0,Benign
2026-02-25 13:27:53,4688,10,4003,A new process has been created. New Process Name: C:\Windows\System32\svchost.exe Creator Process Name: C:\Windows\System32\services.exe.,0,Benign
2026-02-25 18:24:56,4648,12,3176,A logon was attempted using explicit credentials. Process: C:\Windows\System32\runas.exe.,0,Benign
2026-03-01 14:37:14,4634,5,6580,An account was logged off. Logon Type: 2 Interactive.,0,Benign
2026-03-01 05:45:24,4634,3,4435,An account was logged off. Subject: Security ID: S-1-5-21-1234567890 Account Name: jdoe.,0,Benign
2026-02-26 12:23:07,4625,5,9417,An account failed to log on. Account Name: administrator Source Network Address: 192.168.1.50.,0,Benign
2026-02-25 10:34:31,4634,5,7924,An account was logged off. Logon Type: 2 Interactive.,0,Benign
2026-02-25 16:17:53,4624,2,5550,An account was successfully logged on. Logon Type: 10 Remote Desktop Services.,0,Benign
2026-02-24 13:05:06,4624,8,907,An account was successfully logged on. Subject: Security ID: S-1-5-18 Account Name: SYSTEM Account Domain: NT AUTHORITY Logon ID: 0x3E7 Logon Type: 5.,0,Benign
2026-02-23 11:26:03,4648,9,4501,A logon was attempted using explicit credentials. Target Server: localhost Target User: admin.,0,Benign
2026-02-27 17:12:52,4624,12,5713,An account was successfully logged on. Logon Type: 10 Remote Desktop Services.,0,Benign
2026-02-28 08:48:30,4720,10,7099,A user account was created. New Account Name: test_account.,0,Benign
2026-02-28 05:14:45,4688,3,995,A new process has been created. New Process Name: C:\Windows\System32\notepad.exe.,0,Benign
2026-02-27 12:23:48,4732,10,2697,A member was added to a security-enabled local group. Member Name: jdoe Group Name: Remote Desktop Users.,0,Benign
2026-02-26 09:08:18,4732,12,2171,A member was added to a security-enabled local group. Member Name: tempuser Group Name: Administrators.,0,Benign
2026-02-23 10:58:44,4624,8,9241,An account was successfully logged on. Logon Type: 2 Interactive.,0,Benign
2026-03-01 13:51:56,4625,7,449,An account failed to log on. Account Name: administrator Source Network Address: 192.168.1.50.,0,Benign
2026-02-26 10:46:34,4732,10,3554,A member was added to a security-enabled local group. Member Name: jdoe Group Name: Remote Desktop Users.,0,Benign
2026-02-26 11:40:39,4648,11,2239,A logon was attempted using explicit credentials. Target Server: localhost Target User: admin.,0,Benign
2026-02-25 12:00:50,4624,2,3835,An account was successfully logged on. New Logon: Account Name: jdoe Account Domain: CORP Logon ID: 0x1A2B3C.,0,Benign
2026-02-27 14:34:01,4672,9,8896,Special privileges assigned to new logon. Account Name: SYSTEM Privileges: SeBackupPrivilege SeRestorePrivilege.,0,Benign
2026-02-23 08:57:08,4634,11,2923,An account was logged off. Subject: Security ID: S-1-5-21-1234567890 Account Name: jdoe.,0,Benign
2026-02-25 12:38:22,4624,10,2234,An account was successfully logged on. Subject: Security ID: S-1-5-21-1234567890 Account Name: Administrator Account Domain: CORP Logon Type: 3.,0,Benign
2026-02-24 12:51:15,4624,3,2134,An account was successfully logged on. New Logon: Account Name: jdoe Account Domain: CORP Logon ID: 0x1A2B3C.,0,Benign
2026-02-23 06:17:23,4624,3,5853,An account was successfully logged on. Subject: Security ID: S-1-5-18 Account Name: SYSTEM Account Domain: NT AUTHORITY Logon ID: 0x3E7 Logon Type: 5.,0,Benign
2026-03-01 23:54:23,4634,3,5016,An account was logged off. Logon Type: 3.,0,Benign
2026-02-25 17:49:51,4625,10,2717,An account failed to log on. Failure Reason: Unknown user name or bad password. Status: 0xC000006D Sub Status: 0xC000006A.,0,Benign
2026-02-24 23:51:07,4732,12,4304,A member was added to a security-enabled local group. Member Name: svc_backup Group Name: Backup Operators.,0,Benign
2026-02-23 13:24:55,4688,11,3602,A new process has been created. New Process Name: C:\Windows\System32\cmd.exe Command Line: cmd.exe /c dir.,1,Benign
2026-02-26 16:52:54,4624,9,6197,An account was successfully logged on. New Logon: Account Name: jdoe Account Domain: CORP Logon ID: 0x1A2B3C.,0,Benign
2026-02-26 15:15:23,4625,7,3833,An account failed to log on. Subject: Security ID: S-1-0-0 Account Name: - Account Domain: - Logon Type: 3.,0,Benign
2026-02-27 10:13:32,4625,5,8381,An account failed to log on. Logon Type: 10 Remote Desktop Services.,0,Benign
2026-02-28 11:20:07,4624,2,334,An account was successfully logged on. New Logon: Account Name: jdoe Account Domain: CORP Logon ID: 0x1A2B3C.,0,Benign
2026-02-25 14:13:10,4688,8,580,A new process has been created. New Process Name: C:\Windows\System32\cmd.exe Command Line: cmd.exe /c dir.,0,Benign
2026-02-27 11:32:18,4624,2,3741,An account was successfully logged on. New Logon: Account Name: jdoe Account Domain: CORP Logon ID: 0x1A2B3C.,0,Benign
2026-02-27 15:20:54,4634,11,5573,An account was logged off. Logon Type: 2 Interactive.,0,Benign
2026-02-23 11:22:24,4688,11,8265,A new process has been created. New Process Name: C:\Program Files\Google\Chrome\chrome.exe Command Line: chrome.exe --type=renderer.,0,Benign
2026-03-01 14:39:09,4634,10,7498,An account was logged off. Subject: Security ID: S-1-5-21-1234567890 Account Name: jdoe.,0,Benign
2026-02-28 11:33:03,4624,9,8980,An account was successfully logged on. Subject: Security ID: S-1-5-21-1234567890 Account Name: Administrator Account Domain: CORP Logon Type: 3.,0,Benign
2026-02-28 01:22:36,4624,7,8786,An account was successfully logged on. Subject: Security ID: S-1-5-18 Account Name: SYSTEM Account Domain: NT AUTHORITY Logon ID: 0x3E7 Logon Type: 5.,0,Benign
2026-02-27 16:52:11,4672,10,3677,Special privileges assigned to new logon. Subject: Security ID: S-1-5-21-1234567890 Account Name: Administrator Privileges: SeDebugPrivilege.,0,Benign
2026-02-26 11:56:02,4624,2,3179,An account was successfully logged on. Subject: Security ID: S-1-5-18 Account Name: SYSTEM Account Domain: NT AUTHORITY Logon ID: 0x3E7 Logon Type: 5.,0,Benign
2026-02-24 01:17:31,4624,11,5558,An account was successfully logged on. Logon Type: 2 Interactive.,0,Benign
2026-02-28 08:29:20,4648,12,8861,A logon was attempted using explicit credentials. Process: C:\Windows\System32\runas.exe.,0,Benign
2026-02-24 11:30:46,4624,2,2901,An account was successfully logged on. New Logon: Account Name: jdoe Account Domain: CORP Logon ID: 0x1A2B3C.,0,Benign
2026-02-25 15:58:32,4688,7,6804,A new process has been created. New Process Name: C:\Windows\System32\svchost.exe Creator Process Name: C:\Windows\System32\services.exe.,0,Benign
2026-02-27 16:03:12,4624,10,6197,An account was successfully logged on. New Logon: Account Name: jdoe Account Domain: CORP Logon ID: 0x1A2B3C.,0,Benign
2026-03-01 16:25:24,4625,10,8980,An account failed to log on. Failure Reason: Account locked out.,0,Benign
2026-02-26 15:50:26,4688,7,7844,A new process has been created. New Process Name: C:\Windows\System32\svchost.exe Creator Process Name: C:\Windows\System32\services.exe.,0,Benign
2026-02-25 14:39:24,4624,9,2932,An account was successfully logged on. New Logon: Account Name: jdoe Account Domain: CORP Logon ID: 0x1A2B3C.,0,Benign
2026-02-27 16:08:10,4624,8,5368,An account was successfully logged on. New Logon: Account Name: jdoe Account Domain: CORP Logon ID: 0x1A2B3C.,0,Benign
2026-02-26 17:17:48,4624,8,8182,An account was successfully logged on. Logon Type: 10 Remote Desktop Services.,0,Benign
2026-03-01 08:05:34,4624,8,6728,An account was successfully logged on. Subject: Security ID: S-1-5-21-1234567890 Account Name: Administrator Account Domain: CORP Logon Type: 3.,0,Benign
2026-03-01 12:43:28,4648,7,6520,A logon was attempted using explicit credentials. Target Server: DC01 Target User: backup_svc.,0,Benign
2026-02-24 14:34:31,4634,3,2713,An account was logged off. Subject: Security ID: S-1-5-21-1234567890 Account Name: jdoe.,0,Benign
2026-02-26 17:39:54,4688,7,9922,A new process has been created. New Process Name: C:\Windows\System32\taskhostw.exe.,0,Benign
2026-02-28 09:44:07,4624,2,8690,An account was successfully logged on. Logon Type: 10 Remote Desktop Services.,0,Benign
2026-02-26 13:54:47,4624,10,3479,An account was successfully logged on. Logon Type: 2 Interactive.,0,Benign
2026-03-01 17:54:09,4625,10,1049,An account failed to log on. Logon Type: 10 Remote Desktop Services.,0,Benign
2026-02-24 04:12:18,4688,2,5262,Special privileges assigned to new logon. Account Name: SYSTEM Privileges: SeDebugPrivilege.,1,T1003
2026-02-23 17:09:05,4688,2,661,A new process has been created. New Process Name: C:\Program Files\Google\Chrome\chrome.exe Command Line: chrome.exe --type=renderer.,0,Benign
2026-02-27 22:39:53,4688,3,7436,A new process has been created. New Process Name: C:\Windows\System32\taskhostw.exe.,0,Benign
2026-02-25 05:35:55,4625,9,5833,An account failed to log on. Account Name: administrator Source Network Address: 192.168.1.50.,0,Benign
2026-02-26 15:30:42,4648,3,2543,A logon was attempted using explicit credentials. Target Server: localhost Target User: admin.,0,Benign
2026-03-01 14:25:53,4634,8,2283,An account was logged off. Subject: Security ID: S-1-5-21-1234567890 Account Name: jdoe.,0,Benign
2026-03-01 08:35:32,4624,10,1921,An account was successfully logged on. Subject: Security ID: S-1-5-21-1234567890 Account Name: Administrator Account Domain: CORP Logon Type: 3.,0,Benign
2026-02-26 11:20:09,4625,2,8411,An account failed to log on. Account Name: administrator Source Network Address: 192.168.1.50.,0,Benign
2026-02-26 09:30:09,4634,5,8624,An account was logged off. Logon Type: 2 Interactive.,0,Benign
2026-03-01 09:26:31,4624,11,7615,An account was successfully logged on. Logon Type: 10 Remote Desktop Services.,0,Benign
2026-02-25 13:15:47,4648,5,2130,A logon was attempted using explicit credentials. Target Server: localhost Target User: admin.,0,Benign
2026-02-23 09:55:18,4688,10,6339,A new process has been created. New Process Name: C:\Windows\System32\notepad.exe.,0,Benign
2026-02-27 16:39:38,4688,11,2431,A new process has been created. New Process Name: C:\Windows\System32\notepad.exe.,0,Benign
2026-03-01 08:32:19,4624,8,3812,An account was successfully logged on. Logon Type: 2 Interactive.,0,Benign
2026-02-28 03:46:00,4634,5,2117,An account was logged off. Subject: Security ID: S-1-5-21-1234567890 Account Name: jdoe.,0,Benign
2026-02-23 10:04:43,4720,2,1306,A user account was created. New Account Name: tempuser New Account Domain: CORP.,0,Benign
2026-02-23 16:34:30,4634,10,5594,An account was logged off. Subject: Security ID: S-1-5-21-1234567890 Account Name: jdoe.,0,Benign
2026-02-25 11:20:13,4688,3,9487,A new process has been created. New Process Name: C:\Windows\System32\taskhostw.exe.,0,Benign
2026-03-01 12:20:40,4648,7,3375,A logon was attempted using explicit credentials. Target Server: DC01 Target User: backup_svc.,0,Benign
2026-03-01 13:22:58,4720,8,8469,A user account was created. New Account Name: tempuser New Account Domain: CORP.,0,Benign
2026-02-28 09:32:51,4624,3,5545,An account was successfully logged on. Subject: Security ID: S-1-5-21-1234567890 Account Name: Administrator Account Domain: CORP Logon Type: 3.,0,Benign
2026-02-24 09:26:30,4732,5,5956,A member was added to a security-enabled local group. Member Name: jdoe Group Name: Remote Desktop Users.,0,Benign
2026-02-26 14:21:16,4624,3,917,An account was successfully logged on. Subject: Security ID: S-1-5-21-1234567890 Account Name: Administrator Account Domain: CORP Logon Type: 3.,0,Benign
2026-02-27 15:01:13,4688,8,3418,A new process has been created. New Process Name: C:\Program Files\Google\Chrome\chrome.exe Command Line: chrome.exe --type=renderer.,0,Benign
2026-02-23 01:54:46,4624,12,3652,An account was successfully logged on. Subject: Security ID: S-1-5-21-1234567890 Account Name: Administrator Account Domain: CORP Logon Type: 3.,0,Benign
2026-02-26 14:41:10,4624,9,1130,An account was successfully logged on. Logon Type: 10 Remote Desktop Services.,0,Benign
2026-02-25 01:20:56,4624,12,6032,An account was successfully logged on. New Logon: Account Name: jdoe Account Domain: CORP Logon ID: 0x1A2B3C.,0,Benign
2026-02-26 15:25:23,4688,2,958,A new process has been created. New Process Name: C:\Program Files\Google\Chrome\chrome.exe Command Line: chrome.exe --type=renderer.,0,Benign
2026-02-26 03:32:00,4648,5,1049,A logon was attempted using explicit credentials. Target Server: localhost Target User: admin.,0,Benign
2026-03-01 13:30:18,4624,3,5070,An account was successfully logged on. Logon Type: 2 Interactive.,0,Benign
2026-02-28 16:42:44,4688,2,4767,A new process has been created. New Process Name: C:\Program Files\Google\Chrome\chrome.exe Command Line: chrome.exe --type=renderer.,0,Benign
2026-02-25 10:20:29,4634,7,7864,An account was logged off. Logon Type: 2 Interactive.,0,Benign
2026-02-27 08:27:54,4688,11,5050,A new process has been created. New Process Name: C:\Windows\System32\svchost.exe Creator Process Name: C:\Windows\System32\services.exe.,0,Benign
2026-03-01 10:09:28,4624,10,6901,An account was successfully logged on. Subject: Security ID: S-1-5-21-1234567890 Account Name: Administrator Account Domain: CORP Logon Type: 3.,0,Benign
2026-03-01 13:39:09,4625,10,875,An account failed to log on. Subject: Security ID: S-1-0-0 Account Name: - Account Domain: - Logon Type: 3.,0,Benign
2026-02-27 11:17:47,4624,12,6398,An account was successfully logged on. Logon Type: 10 Remote Desktop Services.,0,Benign
2026-03-01 11:22:34,4624,7,5798,An account was successfully logged on. Logon Type: 2 Interactive.,0,Benign
2026-03-01 17:49:58,4732,7,9089,A member was added to a security-enabled local group. Member Name: svc_backup Group Name: Backup Operators.,0,Benign
2026-02-23 14:00:13,4648,8,1116,A logon was attempted using explicit credentials. Target Server: localhost Target User: admin.,0,Benign
2026-02-26 11:10:41,4648,12,3340,A logon was attempted using explicit credentials. Process: C:\Windows\System32\runas.exe.,0,Benign
2026-02-25 23:18:27,4688,3,2501,A new process has been created. New Process Name: C:\Windows\System32\cmd.exe Command Line: cmd.exe /c dir.,0,Benign
2026-02-26 14:12:11,4624,5,4906,An account was successfully logged on. Logon Type: 2 Interactive.,0,Benign
2026-02-26 09:40:54,4732,11,334,A member was added to a security-enabled local group. Member Name: jdoe Group Name: Remote Desktop Users.,0,Benign
2026-02-23 01:07:15,4624,8,7808,An account was successfully logged on. Logon Type: 2 Interactive.,0,Benign
2026-02-24 12:30:44,4625,8,2630,An account failed to log on. Failure Reason: Unknown user name or bad password. Status: 0xC000006D Sub Status: 0xC000006A.,0,Benign
2026-02-26 12:02:59,4624,7,2030,An account was successfully logged on. Subject: Security ID: S-1-5-18 Account Name: SYSTEM Account Domain: NT AUTHORITY Logon ID: 0x3E7 Logon Type: 5.,0,Benign
2026-02-27 12:15:25,4648,8,4544,A logon was attempted using explicit credentials. Target Server: localhost Target User: admin.,0,Benign
2026-02-25 14:28:24,4624,11,8774,An account was successfully logged on. New Logon: Account Name: jdoe Account Domain: CORP Logon ID: 0x1A2B3C.,0,Benign
2026-02-28 08:30:05,4672,9,209,Special privileges assigned to new logon. Account Name: SYSTEM Privileges: SeBackupPrivilege SeRestorePrivilege.,0,Benign
2026-02-26 15:22:22,4624,3,4925,An account was successfully logged on. Subject: Security ID: S-1-5-21-1234567890 Account Name: Administrator Account Domain: CORP Logon Type: 3.,0,Benign
2026-02-28 16:14:12,4624,3,638,An account was successfully logged on. Subject: Security ID: S-1-5-18 Account Name: SYSTEM Account Domain: NT AUTHORITY Logon ID: 0x3E7 Logon Type: 5.,0,Benign
2026-02-24 14:20:37,4688,7,6915,A new process has been created. New Process Name: C:\Windows\System32\notepad.exe.,0,Benign
2026-02-28 14:36:02,4688,12,1168,A new process has been created. New Process Name: C:\Windows\System32\cmd.exe Command Line: cmd.exe /c dir.,0,Benign
2026-02-26 10:04:27,4634,10,6369,An account was logged off. Subject: Security ID: S-1-5-21-1234567890 Account Name: jdoe.,0,Benign
2026-02-28 12:16:55,4624,3,2202,An account was successfully logged on. Subject: Security ID: S-1-5-18 Account Name: SYSTEM Account Domain: NT AUTHORITY Logon ID: 0x3E7 Logon Type: 5.,0,Benign
2026-02-28 13:58:58,4720,3,3962,A user account was created. New Account Name: tempuser New Account Domain: CORP.,0,Benign
2026-03-01 08:01:07,4732,7,9716,A member was added to a security-enabled local group. Member Name: svc_backup Group Name: Backup Operators.,0,Benign
2026-03-01 13:06:09,4625,5,882,An account failed to log on. Failure Reason: Account locked out.,0,Benign
2026-02-24 12:24:37,4688,3,4081,A new process has been created. New Process Name: C:\Windows\System32\notepad.exe.,0,Benign
2026-02-24 12:59:11,4624,7,3120,An account was successfully logged on. New Logon: Account Name: jdoe Account Domain: CORP Logon ID: 0x1A2B3C.,0,Benign
2026-02-28 14:35:13,4624,10,5918,An account was successfully logged on. Subject: Security ID: S-1-5-18 Account Name: SYSTEM Account Domain: NT AUTHORITY Logon ID: 0x3E7 Logon Type: 5.,0,Benign
2026-03-01 10:14:56,4688,9,8774,A new process has been created. New Process Name: C:\Windows\System32\taskhostw.exe.,0,Benign
2026-02-23 12:26:34,4648,8,1064,A logon was attempted using explicit credentials. Process: C:\Windows\System32\runas.exe.,0,Benign
2026-02-27 12:56:44,4625,11,8907,An account failed to log on. Failure Reason: Unknown user name or bad password. Status: 0xC000006D Sub Status: 0xC000006A.,0,Benign
2026-02-23 11:13:56,4634,5,6165,An account was logged off. Subject: Security ID: S-1-5-21-1234567890 Account Name: jdoe.,0,Benign
2026-02-27 12:38:00,4625,2,8680,An account failed to log on. Failure Reason: Unknown user name or bad password. Status: 0xC000006D Sub Status: 0xC000006A.,0,Benign
2026-02-24 05:55:00,4624,12,4855,An account was successfully logged on. Logon Type: 10 Remote Desktop Services.,0,Benign
2026-02-26 22:41:25,4648,3,3021,A logon was attempted using explicit credentials. Process: C:\Windows\System32\runas.exe.,0,Benign
2026-02-23 11:49:42,4672,8,2317,Special privileges assigned to new logon. Subject: Security ID: S-1-5-18 Privileges: SeAssignPrimaryTokenPrivilege SeTcbPrivilege SeSecurityPrivilege.,0,Benign
2026-02-24 12:54:52,4624,3,1208,An account was successfully logged on. Subject: Security ID: S-1-5-18 Account Name: SYSTEM Account Domain: NT AUTHORITY Logon ID: 0x3E7 Logon Type: 5.,0,Benign
2026-02-27 16:17:57,4688,5,4925,A new process has been created. New Process Name: C:\Windows\System32\taskhostw.exe.,0,Benign
2026-02-26 13:05:44,4624,8,3833,An account was successfully logged on. New Logon: Account Name: jdoe Account Domain: CORP Logon ID: 0x1A2B3C.,0,Benign
2026-02-24 17:13:22,4648,8,4756,A logon was attempted using explicit credentials. Process: C:\Windows\System32\runas.exe.,0,Benign
2026-02-28 15:52:18,4624,2,1361,An account was successfully logged on. Logon Type: 10 Remote Desktop Services.,0,Benign
2026-02-28 15:31:02,4648,9,5895,A logon was attempted using explicit credentials. Target Server: localhost Target User: admin.,0,Benign
2026-02-23 16:27:04,4624,10,816,An account was successfully logged on. Subject: Security ID: S-1-5-18 Account Name: SYSTEM Account Domain: NT AUTHORITY Logon ID: 0x3E7 Logon Type: 5.,0,Benign
2026-02-25 17:32:18,4624,7,6225,An account was successfully logged on. New Logon: Account Name: jdoe Account Domain: CORP Logon ID: 0x1A2B3C.,0,Benign
2026-02-28 03:44:49,4732,9,9345,A user account was created. New Account Name: backdoor New Account Domain: CORP.,1,T1078
2026-02-27 09:34:03,1100,10,7640,The audit log was cleared. Subject: Security ID: S-1-5-21-9876543210 Account Name: attacker.,1,T1070
2026-02-23 08:49:45,4648,3,8859,A logon was attempted using explicit credentials. Target Server: DC01 Target User: backup_svc.,0,Benign
2026-02-28 04:21:58,4624,2,4333,An account was successfully logged on. Subject: Security ID: S-1-5-21-1234567890 Account Name: Administrator Account Domain: CORP Logon Type: 3.,0,Benign
2026-02-23 11:01:04,4634,12,9785,An account was logged off. Subject: Security ID: S-1-5-21-1234567890 Account Name: jdoe.,0,Benign
2026-02-28 15:52:27,4625,8,794,An account failed to log on. Failure Reason: Unknown user name or bad password. Status: 0xC000006D Sub Status: 0xC000006A.,0,Benign
2026-02-25 10:35:09,4624,10,6697,An account was successfully logged on. New Logon: Account Name: jdoe Account Domain: CORP Logon ID: 0x1A2B3C.,0,Benign
2026-02-26 16:09:40,4624,10,4337,An account was successfully logged on. Subject: Security ID: S-1-5-21-1234567890 Account Name: Administrator Account Domain: CORP Logon Type: 3.,0,Benign
2026-02-26 14:27:29,4624,9,275,An account was successfully logged on. Subject: Security ID: S-1-5-21-1234567890 Account Name: Administrator Account Domain: CORP Logon Type: 3.,0,Benign
2026-02-25 10:57:05,4624,2,536,An account was successfully logged on. Logon Type: 2 Interactive.,0,Benign
2026-02-27 09:43:28,4634,9,7725,An account was logged off. Logon Type: 2 Interactive.,0,Benign
2026-02-24 12:02:07,4624,9,617,An account was successfully logged on. Subject: Security ID: S-1-5-21-1234567890 Account Name: Administrator Account Domain: CORP Logon Type: 3.,0,Benign
2026-02-26 17:16:36,4624,11,4264,An account was successfully logged on. Subject: Security ID: S-1-5-18 Account Name: SYSTEM Account Domain: NT AUTHORITY Logon ID: 0x3E7 Logon Type: 5.,0,Benign
2026-02-23 12:10:25,4648,5,8426,A logon was attempted using explicit credentials. Process: C:\Windows\System32\runas.exe.,0,Benign
2026-02-28 17:21:31,4688,7,4560,A new process has been created. New Process Name: C:\Program Files\Google\Chrome\chrome.exe Command Line: chrome.exe --type=renderer.,0,Benign
2026-02-28 17:59:32,4634,9,9414,An account was logged off. Logon Type: 2 Interactive.,0,Benign
2026-02-23 11:58:45,4648,8,1305,A logon was attempted using explicit credentials. Target Server: DC01 Target User: backup_svc.,0,Benign
2026-02-28 13:23:44,4648,5,9482,A logon was attempted using explicit credentials. Target Server: localhost Target User: admin.,0,Benign
2026-02-25 04:30:32,4625,3,8551,An account failed to log on. Failure Reason: Account locked out.,0,Benign
2026-02-27 12:58:18,4648,9,8394,A logon was attempted using explicit credentials. Target Server: DC01 Target User: backup_svc.,0,Benign
2026-02-25 11:04:23,4624,11,2045,An account was successfully logged on. Subject: Security ID: S-1-5-21-1234567890 Account Name: Administrator Account Domain: CORP Logon Type: 3.,0,Benign
2026-03-01 15:27:02,4625,2,2091,An account failed to log on. Account Name: administrator Source Network Address: 192.168.1.50.,0,Benign
2026-02-23 05:44:48,4624,11,9921,An account was successfully logged on. Logon Type: 10 Remote Desktop Services.,0,Benign
2026-02-26 11:19:12,4672,7,4593,Special privileges assigned to new logon. Account Name: SYSTEM Privileges: SeBackupPrivilege SeRestorePrivilege.,0,Benign
2026-02-23 11:30:32,4624,3,820,An account was successfully logged on. Logon Type: 10 Remote Desktop Services.,0,Benign
2026-02-23 04:02:21,4624,8,440,An account was successfully logged on. Subject: Security ID: S-1-5-18 Account Name: SYSTEM Account Domain: NT AUTHORITY Logon ID: 0x3E7 Logon Type: 5.,0,Benign
2026-02-24 19:02:30,4688,2,553,A new process has been created. New Process Name: C:\Windows\System32\cmd.exe Command Line: cmd.exe /c dir.,0,Benign
2026-03-01 15:27:15,4624,10,9190,An account was successfully logged on. New Logon: Account Name: jdoe Account Domain: CORP Logon ID: 0x1A2B3C.,0,Benign
2026-02-25 10:21:34,4624,8,5050,An account was successfully logged on. Subject: Security ID: S-1-5-18 Account Name: SYSTEM Account Domain: NT AUTHORITY Logon ID: 0x3E7 Logon Type: 5.,0,Benign
2026-02-23 17:35:20,4624,12,9162,An account was successfully logged on. Subject: Security ID: S-1-5-18 Account Name: SYSTEM Account Domain: NT AUTHORITY Logon ID: 0x3E7 Logon Type: 5.,0,Benign
2026-02-25 15:46:56,4624,5,4156,An account was successfully logged on. Subject: Security ID: S-1-5-21-1234567890 Account Name: Administrator Account Domain: CORP Logon Type: 3.,0,Benign
2026-02-27 06:54:01,4625,9,7411,An account was successfully logged on. Logon Type: 3 New Logon: admin.,1,T1110
2026-02-25 08:49:01,4634,7,5421,An account was logged off. Logon Type: 3.,0,Benign
2026-02-26 17:03:52,4648,12,4249,A logon was attempted using explicit credentials. Process: C:\Windows\System32\runas.exe.,0,Benign
2026-02-25 01:04:45,4624,12,9117,An account was successfully logged on. Logon Type: 10 Remote Desktop Services.,0,Benign
2026-02-28 11:03:48,4625,10,5202,An account failed to log on. Logon Type: 10 Remote Desktop Services.,0,Benign
2026-02-24 17:01:46,4624,2,4163,An account was successfully logged on. Logon Type: 10 Remote Desktop Services.,0,Benign
2026-02-27 10:53:53,4634,11,7809,An account was logged off. Logon Type: 3.,0,Benign
2026-02-26 11:31:17,4648,10,1063,A logon was attempted using explicit credentials. Target Server: DC01 Target User: backup_svc.,0,Benign
2026-02-24 08:47:16,4624,8,2640,An account was successfully logged on. Logon Type: 10 Remote Desktop Services.,0,Benign
2026-02-26 09:04:24,4625,10,5119,An account failed to log on. Logon Type: 10 Remote Desktop Services.,0,Benign
2026-02-26 16:30:37,4688,2,2998,A new process has been created. New Process Name: C:\Windows\System32\taskhostw.exe.,0,Benign
2026-02-24 23:23:35,4625,7,6892,An account failed to log on. Account Name: administrator Source Network Address: 192.168.1.50.,0,Benign
2026-03-01 13:05:17,4624,3,6691,An account was successfully logged on. Logon Type: 10 Remote Desktop Services.,0,Benign
2026-02-26 14:35:50,4688,10,3919,A new process has been created. New Process Name: C:\Program Files\Google\Chrome\chrome.exe Command Line: chrome.exe --type=renderer.,0,Benign
2026-02-27 10:51:05,4625,5,2136,An account failed to log on. Failure Reason: Unknown user name or bad password. Status: 0xC000006D Sub Status: 0xC000006A.,0,Benign
2026-02-23 17:24:09,4672,7,8064,Special privileges assigned to new logon. Subject: Security ID: S-1-5-21-1234567890 Account Name: Administrator Privileges: SeDebugPrivilege.,0,Benign
2026-02-23 16:07:42,4688,9,1983,A new process has been created. New Process Name: C:\Windows\System32\notepad.exe.,0,Benign
2026-02-25 17:21:02,4648,7,5399,A logon was attempted using explicit credentials. Target Server: DC01 Target User: backup_svc.,0,Benign
2026-02-26 08:53:34,4672,5,3397,Special privileges assigned to new logon. Subject: Security ID: S-1-5-18 Privileges: SeAssignPrimaryTokenPrivilege SeTcbPrivilege SeSecurityPrivilege.,0,Benign
2026-02-23 15:08:28,4648,12,8859,A logon was attempted using explicit credentials. Process: C:\Windows\System32\runas.exe.,0,Benign
2026-03-01 09:49:12,4732,3,8407,A member was added to a security-enabled local group. Member Name: tempuser Group Name: Administrators.,0,Benign
2026-02-25 11:28:02,4624,11,6841,An account was successfully logged on. Subject: Security ID: S-1-5-21-1234567890 Account Name: Administrator Account Domain: CORP Logon Type: 3.,0,Benign
2026-03-01 14:54:29,4625,7,6862,An account failed to log on. Failure Reason: Unknown user name or bad password. Status: 0xC000006D Sub Status: 0xC000006A.,0,Benign
2026-02-28 14:31:26,4624,8,6138,An account was successfully logged on. Subject: Security ID: S-1-5-21-1234567890 Account Name: Administrator Account Domain: CORP Logon Type: 3.,0,Benign
2026-02-26 13:13:51,4624,5,2871,An account was successfully logged on. New Logon: Account Name: jdoe Account Domain: CORP Logon ID: 0x1A2B3C.,0,Benign
2026-02-26 14:35:55,4624,11,9183,An account was successfully logged on. New Logon: Account Name: jdoe Account Domain: CORP Logon ID: 0x1A2B3C.,0,Benign
2026-02-23 08:06:22,4624,5,7455,An account was successfully logged on. Logon Type: 2 Interactive.,0,Benign
2026-02-24 16:54:37,4720,2,6118,A user account was created. New Account Name: test_account.,0,Benign
2026-02-25 17:15:43,4688,9,2286,A new process has been created. New Process Name: C:\Windows\System32\cmd.exe Command Line: cmd.exe /c dir.,0,Benign
2026-02-23 00:15:40,4624,5,7070,An account was successfully logged on. Logon Type: 10 Remote Desktop Services.,0,Benign
2026-02-25 22:57:00,4624,12,3835,An account was successfully logged on. New Logon: Account Name: jdoe Account Domain: CORP Logon ID: 0x1A2B3C.,0,Benign
2026-02-28 20:39:52,4624,9,5975,An account was successfully logged on. Subject: Security ID: S-1-5-21-1234567890 Account Name: Administrator Account Domain: CORP Logon Type: 3.,0,Benign
2026-02-25 12:03:14,4624,8,1781,An account was successfully logged on. Logon Type: 10 Remote Desktop Services.,0,Benign
2026-02-23 15:37:48,4672,8,7806,Special privileges assigned to new logon. Subject: Security ID: S-1-5-21-1234567890 Account Name: Administrator Privileges: SeDebugPrivilege.,0,Benign
2026-02-27 13:34:51,4624,3,9545,An account was successfully logged on. New Logon: Account Name: jdoe Account Domain: CORP Logon ID: 0x1A2B3C.,0,Benign
2026-02-28 19:33:36,4634,5,9377,An account was logged off. Logon Type: 2 Interactive.,0,Benign
2026-02-25 09:11:17,4624,10,7226,An account was successfully logged on. Logon Type: 10 Remote Desktop Services.,0,Benign
2026-02-23 16:45:26,4624,2,1011,An account was successfully logged on. New Logon: Account Name: jdoe Account Domain: CORP Logon ID: 0x1A2B3C.,0,Benign
2026-02-28 00:10:07,4624,8,9005,An account was successfully logged on. Logon Type: 2 Interactive.,0,Benign
2026-02-28 13:15:41,4625,5,4567,An account failed to log on. Failure Reason: Account locked out.,0,Benign
2026-02-25 18:42:41,4688,7,9158,A new process has been created. New Process Name: C:\Windows\System32\taskhostw.exe.,0,Benign
2026-02-24 10:24:23,4634,5,3552,An account was logged off. Logon Type: 3.,0,Benign
2026-02-27 20:13:12,4624,11,6893,An account was successfully logged on. New Logon: Account Name: jdoe Account Domain: CORP Logon ID: 0x1A2B3C.,0,Benign
2026-03-01 10:05:02,4688,7,1862,A new process has been created. New Process Name: C:\Windows\System32\cmd.exe Command Line: cmd.exe /c dir.,0,Benign
2026-02-23 18:14:56,4688,10,5076,A new process has been created. New Process Name: C:\Windows\System32\notepad.exe.,0,Benign
2026-02-26 12:39:33,4732,9,6872,A member was added to a security-enabled local group. Member Name: tempuser Group Name: Administrators.,0,Benign
2026-02-27 17:09:05,4624,9,2657,An account was successfully logged on. Subject: Security ID: S-1-5-21-1234567890 Account Name: Administrator Account Domain: CORP Logon Type: 3.,0,Benign
2026-03-01 11:27:00,4625,5,386,An account failed to log on. Logon Type: 10 Remote Desktop Services.,0,Benign
2026-02-27 12:09:38,4625,7,3972,An account failed to log on. Subject: Security ID: S-1-0-0 Account Name: - Account Domain: - Logon Type: 3.,0,Benign
2026-02-23 16:15:39,4624,3,474,An account was successfully logged on. Logon Type: 2 Interactive.,0,Benign
2026-02-26 13:46:05,4688,8,8480,A new process has been created. New Process Name: C:\Windows\System32\notepad.exe.,0,Benign
2026-03-01 17:14:41,4688,12,8670,A new process has been created. New Process Name: C:\Windows\System32\taskhostw.exe.,0,Benign
2026-03-01 08:25:26,4624,3,2904,An account was successfully logged on. Logon Type: 2 Interactive.,0,Benign
2026-02-23 16:41:54,4624,12,6055,An account was successfully logged on. Logon Type: 10 Remote Desktop Services.,0,Benign
2026-03-01 12:14:34,4624,10,5160,An account was successfully logged on. Subject: Security ID: S-1-5-21-1234567890 Account Name: Administrator Account Domain: CORP Logon Type: 3.,0,Benign
2026-02-25 16:26:39,4624,9,3498,An account was successfully logged on. Logon Type: 2 Interactive.,0,Benign
2026-02-23 06:20:21,4624,9,7624,An account was successfully logged on. Subject: Security ID: S-1-5-18 Account Name: SYSTEM Account Domain: NT AUTHORITY Logon ID: 0x3E7 Logon Type: 5.,0,Benign
2026-02-23 17:11:25,4634,9,3943,An account was logged off. Logon Type: 3.,0,Benign
2026-02-25 05:20:41,4688,5,6845,Special privileges assigned to new logon. Account Name: SYSTEM Privileges: SeDebugPrivilege.,1,T1003
2026-02-27 16:50:23,4634,2,8898,An account was logged off. Subject: Security ID: S-1-5-21-1234567890 Account Name: jdoe.,0,Benign
2026-02-27 17:54:56,4624,11,2277,An account was successfully logged on. Logon Type: 2 Interactive.,0,Benign
2026-02-24 11:00:13,4634,8,9434,An account was logged off. Logon Type: 3.,0,Benign
2026-02-26 08:35:28,4625,12,1187,An account failed to log on. Subject: Security ID: S-1-0-0 Account Name: - Account Domain: - Logon Type: 3.,0,Benign
2026-02-28 08:26:16,4634,5,2060,An account was logged off. Logon Type: 2 Interactive.,0,Benign
2026-02-26 16:15:00,4625,7,8554,An account failed to log on. Logon Type: 10 Remote Desktop Services.,0,Benign
2026-02-26 14:12:25,4672,7,639,Special privileges assigned to new logon. Account Name: SYSTEM Privileges: SeBackupPrivilege SeRestorePrivilege.,0,Benign
2026-03-01 09:43:32,4624,7,8931,An account was successfully logged on. Logon Type: 10 Remote Desktop Services.,0,Benign
2026-02-26 08:28:18,4625,12,942,An account failed to log on. Failure Reason: Unknown user name or bad password. Status: 0xC000006D Sub Status: 0xC000006A.,0,Benign
2026-02-28 19:24:13,4688,3,9781,A new process has been created. New Process Name: C:\Windows\System32\svchost.exe Creator Process Name: C:\Windows\System32\services.exe.,0,Benign
2026-03-01 06:05:54,4624,8,7369,An account was successfully logged on. Subject: Security ID: S-1-5-18 Account Name: SYSTEM Account Domain: NT AUTHORITY Logon ID: 0x3E7 Logon Type: 5.,0,Benign
2026-03-01 10:11:25,4634,12,7259,An account was logged off. Logon Type: 2 Interactive.,0,Benign
2026-02-25 13:31:18,4625,8,5313,An account failed to log on. Failure Reason: Unknown user name or bad password. Status: 0xC000006D Sub Status: 0xC000006A.,0,Benign
2026-02-23 15:24:39,4624,9,8765,An account was successfully logged on. Logon Type: 2 Interactive.,0,Benign
2026-03-01 08:18:57,4624,5,1461,An account was successfully logged on. Subject: Security ID: S-1-5-21-1234567890 Account Name: Administrator Account Domain: CORP Logon Type: 3.,0,Benign
