2026-02-27 10:08:28,4625,10,1444,An account failed to log on. Failure Reason: Account locked out.,0,Benign
2026-02-27 13:06:13,4688,12,1840,A new process has been created. New Process Name: C:\Windows\System32\taskhostw.exe.,0,Benign
2026-02-23 23:27:16,4624,2,7555,An account was successfully logged on. Logon Type: 2 Interactive.,0,Benign
2026-03-01 05:04:57,4624,11,5790,An account failed to log on. Logon Type: 3 Source Network Address: 10.0.0.55.,1,T1046
2026-02-27 14:30:43,4634,7,2168,An account was logged off. Subject: Security ID: S-1-5-21-1234567890 Account Name: jdoe.,0,Benign
2026-02-25 17:30:20,4624,7,5955,An account was successfully logged on. Subject: Security ID: S-1-5-21-1234567890 Account Name: Administrator Account Domain: CORP Logon Type: 3.,0,Benign
2026-02-25 10:17:47,4688,9,336,A new process has been created. New Process Name: C:\Program Files\Google\Chrome\chrome.exe Command Line: chrome.exe --type=renderer.,0,Benign
2026-02-28 11:29:56,4624,11,2521,An account was successfully logged on. Subject: Security ID: S-1-5-18 Account Name: SYSTEM Account Domain: NT AUTHORITY Logon ID: 0x3E7 Logon Type: 5.,0,Benign
2026-02-26 12:47:34,4688,8,1988,A new process has been created. New Process Name: C:\Windows\System32\taskhostw.exe.,0,Benign
2026-02-28 10:56:35,4625,5,7558,An account failed to log on. Account Name: administrator Source Network Address: 192.168.1.50.,0,Benign
2026-02-24 01:00:40,4625,3,7257,An account failed to log on. Logon Type: 10 Remote Desktop Services.,0,Benign
2026-02-26 14:35:03,4624,2,3521,An account was successfully logged on. Subject: Security ID: S-1-5-21-1234567890 Account Name: Administrator Account Domain: CORP Logon Type: 3.,0,Benign
2026-02-24 16:56:35,4624,7,3388,An account was successfully logged on. Subject: Security ID: S-1-5-18 Account Name: SYSTEM Account Domain: NT AUTHORITY Logon ID: 0x3E7 Logon Type: 5.,0,Benign
2026-02-27 08:48:31,4625,10,6414,An account failed to log on. Failure Reason: Unknown user name or bad password. Status: 0xC000006D Sub Status: 0xC000006A.,0,Benign
2026-02-27 12:51:44,4624,11,6148,An account was successfully logged on. Logon Type: 2 Interactive.,0,Benign
2026-02-25 09:46:21,4625,7,9015,An account failed to log on. Logon Type: 10 Remote Desktop Services.,0,Benign
2026-02-26 16:18:11,4624,12,8551,An account was successfully logged on. Subject: Security ID: S-1-5-21-1234567890 Account Name: Administrator Account Domain: CORP Logon Type: 3.,0,Benign
2026-02-26 00:15:48,4624,3,8830,An account was successfully logged on. New Logon: Account Name: jdoe Account Domain: CORP Logon ID: 0x1A2B3C.,0,Benign
2026-02-27 10:25:41,4648,10,722,A logon was attempted using explicit credentials. Target Server: localhost Target User: admin.,0,Benign
2026-02-23 17:38:06,4688,11,7010,A new process has been created. New Process Name: C:\Windows\System32\taskhostw.exe.,0,Benign
2026-03-01 11:30:37,4688,2,9738,A new process has been created. New Process Name: C:\Windows\System32\notepad.exe.,0,Benign
2026-02-23 11:48:24,4625,5,1279,An account failed to log on. Account Name: administrator Source Network Address: 192.168.1.50.,0,Benign
2026-02-28 17:22:49,4634,5,3679,An account was logged off. Subject: Security ID: S-1-5-21-1234567890 Account Name: jdoe.,0,Benign
2026-02-28 13:11:14,4648,7,4964,A logon was attempted using explicit credentials. Target Server: localhost Target User: admin.,0,Benign
2026-02-28 15:18:15,4688,10,6461,A new process has been created. New Process Name: C:\Windows\System32\svchost.exe Creator Process Name: C:\Windows\System32\services.exe.,0,Benign
2026-02-26 09:27:26,4624,10,1604,An account was successfully logged on. Logon Type: 10 Remote Desktop Services.,0,Benign
2026-02-24 18:18:49,4624,11,3376,An account failed to log on. Source Network Address: 10.0.0.99.,1,T1046
2026-02-23 08:32:41,4624,12,5408,An account was successfully logged on. Subject: Security ID: S-1-5-21-1234567890 Account Name: Administrator Account Domain: CORP Logon Type: 3.,0,Benign
2026-02-23 13:16:06,4625,12,4564,An account failed to log on. Failure Reason: Unknown user name or bad password. Status: 0xC000006D Sub Status: 0xC000006A.,0,Benign
2026-02-23 12:43:12,4624,9,6169,An account was successfully logged on. Subject: Security ID: S-1-5-18 Account Name: SYSTEM Account Domain: NT AUTHORITY Logon ID: 0x3E7 Logon Type: 5.,0,Benign
2026-03-01 18:23:19,4624,10,4736,An account was successfully logged on. Subject: Security ID: S-1-5-18 Account Name: SYSTEM Account Domain: NT AUTHORITY Logon ID: 0x3E7 Logon Type: 5.,0,Benign
2026-02-27 08:22:32,4624,7,4010,An account was successfully logged on. New Logon: Account Name: jdoe Account Domain: CORP Logon ID: 0x1A2B3C.,0,Benign
2026-02-26 14:16:29,4624,7,3950,An account was successfully logged on. Subject: Security ID: S-1-5-21-1234567890 Account Name: Administrator Account Domain: CORP Logon Type: 3.,0,Benign
2026-02-24 15:36:37,4625,12,5159,An account failed to log on. Subject: Security ID: S-1-0-0 Account Name: - Account Domain: - Logon Type: 3.,0,Benign
2026-02-25 13:19:34,4624,5,1081,An account was successfully logged on. Subject: Security ID: S-1-5-21-1234567890 Account Name: Administrator Account Domain: CORP Logon Type: 3.,0,Benign
2026-02-26 22:04:33,4634,10,7328,An account was logged off. Subject: Security ID: S-1-5-21-1234567890 Account Name: jdoe.,0,Benign
2026-02-25 08:59:55,4625,8,7480,An account failed to log on. Failure Reason: Unknown user name or bad password. Status: 0xC000006D Sub Status: 0xC000006A.,0,Benign
2026-02-28 08:12:08,4720,7,6163,A user account was created. New Account Name: svc_backup New Account Domain: CORP.,0,Benign
2026-02-27 09:18:06,4624,8,4102,An account was successfully logged on. Subject: Security ID: S-1-5-18 Account Name: SYSTEM Account Domain: NT AUTHORITY Logon ID: 0x3E7 Logon Type: 5.,0,Benign
2026-02-27 17:30:47,4624,8,246,An account was successfully logged on. Logon Type: 2 Interactive.,0,Benign
2026-02-24 17:19:54,4648,12,2578,A logon was attempted using explicit credentials. Target Server: DC01 Target User: backup_svc.,0,Benign
2026-02-23 11:19:38,4634,8,7566,An account was logged off. Logon Type: 2 Interactive.,0,Benign
2026-02-25 15:20:05,4625,5,8782,An account failed to log on. Account Name: administrator Source Network Address: 192.168.1.50.,0,Benign
2026-03-01 09:23:14,4625,5,3095,An account failed to log on. Subject: Security ID: S-1-0-0 Account Name: - Account Domain: - Logon Type: 3.,0,Benign
2026-02-27 10:41:13,4625,8,118,An account failed to log on. Failure Reason: Unknown user name or bad password. Status: 0xC000006D Sub Status: 0xC000006A.,0,Benign
2026-02-24 15:38:19,4688,9,473,A new process has been created. New Process Name: C:\Windows\System32\notepad.exe.,0,Benign
2026-02-27 08:04:54,4688,8,1466,A new process has been created. New Process Name: C:\Windows\System32\cmd.exe Command Line: cmd.exe /c dir.,0,Benign
2026-02-25 08:41:46,4624,7,7402,An account was successfully logged on. Subject: Security ID: S-1-5-18 Account Name: SYSTEM Account Domain: NT AUTHORITY Logon ID: 0x3E7 Logon Type: 5.,0,Benign
2026-02-26 06:02:45,4634,2,8700,An account was logged off. Subject: Security ID: S-1-5-21-1234567890 Account Name: jdoe.,0,Benign
2026-03-01 17:22:20,4624,5,5581,An account was successfully logged on. New Logon: Account Name: jdoe Account Domain: CORP Logon ID: 0x1A2B3C.,0,Benign
2026-03-01 17:38:14,4624,5,3890,An account was successfully logged on. Subject: Security ID: S-1-5-21-1234567890 Account Name: Administrator Account Domain: CORP Logon Type: 3.,0,Benign
2026-02-27 11:54:42,4634,2,7756,An account was logged off. Subject: Security ID: S-1-5-21-1234567890 Account Name: jdoe.,0,Benign
2026-02-23 14:57:21,4688,12,2708,A new process has been created. New Process Name: C:\Windows\System32\svchost.exe Creator Process Name: C:\Windows\System32\services.exe.,0,Benign
2026-02-28 08:56:28,4688,5,3439,A new process has been created. New Process Name: C:\Windows\System32\cmd.exe Command Line: cmd.exe /c dir.,0,Benign
2026-03-01 17:41:16,4672,2,8486,Special privileges assigned to new logon. Subject: Security ID: S-1-5-21-1234567890 Account Name: Administrator Privileges: SeDebugPrivilege.,0,Benign
2026-02-25 12:41:42,4624,5,338,An account was successfully logged on. Subject: Security ID: S-1-5-21-1234567890 Account Name: Administrator Account Domain: CORP Logon Type: 3.,0,Benign
2026-02-24 09:21:13,4688,12,9840,A new process has been created. New Process Name: C:\Windows\System32\notepad.exe.,0,Benign
2026-02-24 16:00:08,4720,9,9174,A user account was created. New Account Name: svc_backup New Account Domain: CORP.,0,Benign
2026-03-01 10:20:34,4624,10,6994,An account was successfully logged on. Logon Type: 10 Remote Desktop Services.,0,Benign
2026-02-23 15:08:42,4648,10,3040,A logon was attempted using explicit credentials. Target Server: localhost Target User: admin.,0,Benign
2026-02-28 00:28:44,4624,8,9505,An account was successfully logged on. Logon Type: 10 Remote Desktop Services.,0,Benign
2026-02-27 08:46:55,4720,12,6478,A user account was created. New Account Name: tempuser New Account Domain: CORP.,0,Benign
2026-02-26 12:07:17,4672,11,3159,Special privileges assigned to new logon. Subject: Security ID: S-1-5-18 Privileges: SeAssignPrimaryTokenPrivilege SeTcbPrivilege SeSecurityPrivilege.,0,Benign
2026-02-24 12:21:08,4625,3,8196,An account failed to log on. Subject: Security ID: S-1-0-0 Account Name: - Account Domain: - Logon Type: 3.,0,Benign
2026-02-23 08:04:18,4688,11,5902,A new process has been created. New Process Name: C:\Windows\System32\cmd.exe Command Line: cmd.exe /c dir.,0,Benign
2026-02-28 16:02:46,4625,2,9233,An account failed to log on. Failure Reason: Account locked out.,0,Benign
2026-02-26 10:49:31,4624,11,6940,An account was successfully logged on. Subject: Security ID: S-1-5-18 Account Name: SYSTEM Account Domain: NT AUTHORITY Logon ID: 0x3E7 Logon Type: 5.,0,Benign
2026-02-26 12:44:34,4625,2,1444,An account failed to log on. Account Name: administrator Source Network Address: 192.168.1.50.,0,Benign
2026-02-27 15:24:20,4624,10,1674,An account was successfully logged on. Logon Type: 10 Remote Desktop Services.,0,Benign
2026-02-24 20:27:55,4624,9,2480,An account was successfully logged on. Subject: Security ID: S-1-5-21-1234567890 Account Name: Administrator Account Domain: CORP Logon Type: 3.,0,Benign
2026-02-23 08:06:54,4625,9,2943,An account failed to log on. Failure Reason: Unknown user name or bad password. Status: 0xC000006D Sub Status: 0xC000006A.,0,Benign
2026-02-26 14:17:41,4624,11,798,An account was successfully logged on. Subject: Security ID: S-1-5-21-1234567890 Account Name: Administrator Account Domain: CORP Logon Type: 3.,0,Benign
2026-03-01 08:51:52,4648,9,9424,A logon was attempted using explicit credentials. Target Server: DC01 Target User: backup_svc.,0,Benign
2026-02-26 19:09:38,4688,8,1967,A new process has been created. New Process Name: C:\Windows\System32\wbem\WMIC.exe Command Line: wmic process call create calc.exe.,1,T1047
2026-02-23 13:04:56,4624,12,8849,An account was successfully logged on. Subject: Security ID: S-1-5-18 Account Name: SYSTEM Account Domain: NT AUTHORITY Logon ID: 0x3E7 Logon Type: 5.,0,Benign
2026-02-23 19:21:42,4624,8,7000,An account was successfully logged on. Logon Type: 2 Interactive.,0,Benign
2026-02-26 11:00:00,4624,7,8069,An account was successfully logged on. Logon Type: 2 Interactive.,0,Benign
2026-02-27 15:09:44,4624,11,7145,An account was successfully logged on. Subject: Security ID: S-1-5-18 Account Name: SYSTEM Account Domain: NT AUTHORITY Logon ID: 0x3E7 Logon Type: 5.,0,Benign
2026-02-25 15:55:14,4625,8,1144,An account failed to log on. Subject: Security ID: S-1-0-0 Account Name: - Account Domain: - Logon Type: 3.,0,Benign
2026-02-24 16:00:35,4625,8,2904,An account failed to log on. Subject: Security ID: S-1-0-0 Account Name: - Account Domain: - Logon Type: 3.,0,Benign
2026-02-24 10:30:26,4648,7,4063,A logon was attempted using explicit credentials. Target Server: localhost Target User: admin.,0,Benign
2026-03-01 13:26:45,4688,5,8008,A new process has been created. New Process Name: C:\Windows\System32\cmd.exe Command Line: cmd.exe /c dir.,0,Benign
2026-02-27 16:26:45,4624,5,5245,An account was successfully logged on. Logon Type: 10 Remote Desktop Services.,0,Benign
2026-02-23 13:42:39,4624,12,2721,An account was successfully logged on. Logon Type: 2 Interactive.,0,Benign
2026-02-25 08:31:09,4624,9,4364,An account was successfully logged on. Subject: Security ID: S-1-5-21-1234567890 Account Name: Administrator Account Domain: CORP Logon Type: 3.,0,Benign
2026-02-27 16:08:37,4624,5,8340,An account was successfully logged on. Logon Type: 2 Interactive.,0,Benign
2026-03-01 14:33:05,4634,2,9657,An account was logged off. Logon Type: 2 Interactive.,0,Benign
2026-02-28 09:16:53,4624,8,5416,An account was successfully logged on. Subject: Security ID: S-1-5-18 Account Name: SYSTEM Account Domain: NT AUTHORITY Logon ID: 0x3E7 Logon Type: 5.,0,Benign
2026-03-01 21:46:15,4648,11,7451,A logon was attempted using explicit credentials. Target Server: localhost Target User: admin.,0,Benign
2026-02-25 13:38:43,4624,10,4481,An account was successfully logged on. Subject: Security ID: S-1-5-21-1234567890 Account Name: Administrator Account Domain: CORP Logon Type: 3.,0,Benign
2026-03-01 09:22:13,4624,2,1219,An account was successfully logged on. Subject: Security ID: S-1-5-18 Account Name: SYSTEM Account Domain: NT AUTHORITY Logon ID: 0x3E7 Logon Type: 5.,0,Benign
2026-02-23 08:13:27,4688,7,6776,A new process has been created. New Process Name: C:\Windows\System32\notepad.exe.,0,Benign
2026-02-26 15:25:41,4634,9,6022,An account was logged off. Subject: Security ID: S-1-5-21-1234567890 Account Name: jdoe.,1,Benign
2026-02-26 13:05:07,4625,11,9168,An account failed to log on. Failure Reason: Unknown user name or bad password. Status: 0xC000006D Sub Status: 0xC000006A.,0,Benign
2026-02-27 10:47:42,4732,11,6921,A member was added to a security-enabled local group. Member Name: jdoe Group Name: Remote Desktop Users.,0,Benign
2026-02-26 15:14:09,4688,5,7510,A new process has been created. New Process Name: C:\Program Files\Google\Chrome\chrome.exe Command Line: chrome.exe --type=renderer.,0,Benign
2026-03-01 16:08:45,4625,12,5168,An account failed to log on. Account Name: administrator Source Network Address: 192.168.1.50.,0,Benign
2026-02-24 11:45:34,4624,10,109,An account was successfully logged on. Logon Type: 2 Interactive.,0,Benign
2026-03-01 08:47:54,4625,8,1374,An account failed to log on. Failure Reason: Unknown user name or bad password. Status: 0xC000006D Sub Status: 0xC000006A.,1,Benign
2026-02-28 00:17:50,4634,8,1321,An account was logged off. Subject: Security ID: S-1-5-21-1234567890 Account Name: jdoe.,0,Benign
2026-02-25 14:14:20,4648,8,1501,A logon was attempted using explicit credentials. Target Server: DC01 Target User: backup_svc.,0,Benign
2026-02-27 16:49:15,4648,5,7133,A logon was attempted using explicit credentials. Target Server: localhost Target User: admin.,0,Benign
2026-02-27 23:29:13,4688,2,861,A new process has been created. New Process Name: C:\Windows\System32\taskhostw.exe.,0,Benign
2026-02-25 12:34:37,4624,8,4569,An account was successfully logged on. Subject: Security ID: S-1-5-18 Account Name: SYSTEM Account Domain: NT AUTHORITY Logon ID: 0x3E7 Logon Type: 5.,0,Benign
2026-02-25 14:43:57,4624,8,6976,An account was successfully logged on. Subject: Security ID: S-1-5-21-1234567890 Account Name: Administrator Account Domain: CORP Logon Type: 3.,0,Benign
2026-02-25 17:17:21,4648,3,3838,A logon was attempted using explicit credentials. Target Server: DC01 Target User: backup_svc.,0,Benign
2026-02-28 12:39:04,4688,2,5594,A new process has been created. New Process Name: C:\Windows\System32\svchost.exe Creator Process Name: C:\Windows\System32\services.exe.,0,Benign
2026-02-24 11:57:27,4624,10,7740,An account was successfully logged on. New Logon: Account Name: jdoe Account Domain: CORP Logon ID: 0x1A2B3C.,0,Benign
2026-02-23 08:00:24,4624,9,1183,An account was successfully logged on. Logon Type: 2 Interactive.,0,Benign
2026-02-27 11:17:16,4634,3,6469,An account was logged off. Logon Type: 3.,0,Benign
2026-02-28 09:35:08,4624,12,9845,An account was successfully logged on. New Logon: Account Name: jdoe Account Domain: CORP Logon ID: 0x1A2B3C.,0,Benign
2026-02-27 13:59:54,4624,8,5746,An account was successfully logged on. Subject: Security ID: S-1-5-18 Account Name: SYSTEM Account Domain: NT AUTHORITY Logon ID: 0x3E7 Logon Type: 5.,0,Benign
2026-02-27 08:56:11,4672,11,5404,Special privileges assigned to new logon. Account Name: SYSTEM Privileges: SeBackupPrivilege SeRestorePrivilege.,0,Benign
2026-02-23 13:16:00,4732,8,680,A member was added to a security-enabled local group. Member Name: svc_backup Group Name: Backup Operators.,0,Benign
2026-02-24 17:32:49,4648,11,7054,A logon was attempted using explicit credentials. Target Server: DC01 Target User: backup_svc.,0,Benign
2026-02-26 17:09:40,4648,12,8343,A logon was attempted using explicit credentials. Target Server: DC01 Target User: backup_svc.,0,Benign
2026-02-26 16:05:05,4648,11,142,A logon was attempted using explicit credentials. Target Server: localhost Target User: admin.,0,Benign
2026-02-27 15:00:01,4634,8,1821,An account was logged off. Logon Type: 2 Interactive.,0,Benign
2026-02-28 14:59:33,4624,9,9040,An account was successfully logged on. Logon Type: 10 Remote Desktop Services.,0,Benign
2026-02-24 14:47:37,4624,8,3317,An account was successfully logged on. Subject: Security ID: S-1-5-21-1234567890 Account Name: Administrator Account Domain: CORP Logon Type: 3.,0,Benign
2026-02-28 13:11:02,4625,7,3058,An account failed to log on. Failure Reason: Unknown user name or bad password. Status: 0xC000006D Sub Status: 0xC000006A.,0,Benign
2026-02-28 14:46:49,4625,3,4123,An account failed to log on. Subject: Security ID: S-1-0-0 Account Name: - Account Domain: - Logon Type: 3.,0,Benign
2026-02-25 09:26:29,4648,7,6335,A logon was attempted using explicit credentials. Process: C:\Windows\System32\runas.exe.,0,Benign
2026-03-01 11:10:31,4648,12,3382,A logon was attempted using explicit credentials. Target Server: DC01 Target User: backup_svc.,0,Benign
2026-02-23 11:12:25,4648,12,4446,A logon was attempted using explicit credentials. Process: C:\Windows\System32\runas.exe.,0,Benign
2026-02-25 17:26:16,4634,7,4043,An account was logged off. Logon Type: 2 Interactive.,0,Benign
2026-02-25 03:23:01,4688,5,7512,A new process has been created. New Process Name: C:\Windows\System32\svchost.exe Creator Process Name: C:\Windows\System32\services.exe.,0,Benign
2026-02-24 13:47:05,4625,7,9662,An account failed to log on. Failure Reason: Unknown user name or bad password. Status: 0xC000006D Sub Status: 0xC000006A.,0,Benign
2026-02-27 07:36:17,4624,5,9307,An account was successfully logged on. Logon Type: 10 Remote Desktop Services.,0,Benign
2026-03-01 12:55:39,4624,8,8017,An account was successfully logged on. Logon Type: 10 Remote Desktop Services.,0,Benign
2026-02-24 17:21:55,4732,9,3155,A member was added to a security-enabled local group. Member Name: jdoe Group Name: Remote Desktop Users.,0,Benign
2026-02-23 16:55:34,4624,12,4912,An account was successfully logged on. Subject: Security ID: S-1-5-18 Account Name: SYSTEM Account Domain: NT AUTHORITY Logon ID: 0x3E7 Logon Type: 5.,0,Benign
2026-02-23 14:04:31,4625,12,3232,An account failed to log on. Subject: Security ID: S-1-0-0 Account Name: - Account Domain: - Logon Type: 3.,0,Benign
2026-02-28 09:32:21,4624,5,1101,An account was successfully logged on. Logon Type: 2 Interactive.,0,Benign
2026-02-26 02:58:28,4624,9,9705,An account was successfully logged on. Subject: Security ID: S-1-5-18 Account Name: SYSTEM Account Domain: NT AUTHORITY Logon ID: 0x3E7 Logon Type: 5.,0,Benign
2026-03-01 16:58:45,4688,10,2751,A new process has been created. New Process Name: C:\Windows\System32\notepad.exe.,0,Benign
2026-02-27 14:00:32,4688,12,1072,A new process has been created. New Process Name: C:\Windows\System32\cmd.exe Command Line: cmd.exe /c dir.,0,Benign
2026-02-27 10:43:15,4624,9,2961,An account was successfully logged on. Logon Type: 10 Remote Desktop Services.,0,Benign
2026-02-27 13:27:06,4672,8,7963,Special privileges assigned to new logon. Subject: Security ID: S-1-5-18 Privileges: SeAssignPrimaryTokenPrivilege SeTcbPrivilege SeSecurityPrivilege.,0,Benign
2026-02-24 17:53:52,4648,2,9591,A logon was attempted using explicit credentials. Target Server: localhost Target User: admin.,0,Benign
2026-03-01 12:50:58,4732,11,8041,A member was added to a security-enabled local group. Member Name: jdoe Group Name: Remote Desktop Users.,0,Benign
2026-02-26 13:20:08,4634,10,7029,An account was logged off. Logon Type: 2 Interactive.,0,Benign
2026-02-24 14:37:57,4688,3,6866,A new process has been created. New Process Name: C:\Program Files\Google\Chrome\chrome.exe Command Line: chrome.exe --type=renderer.,0,Benign
2026-02-24 16:27:33,4648,12,6498,A logon was attempted using explicit credentials. Process: C:\Windows\System32\runas.exe.,0,Benign
2026-02-23 01:33:44,4634,3,7561,An account was logged off. Subject: Security ID: S-1-5-21-1234567890 Account Name: jdoe.,0,Benign
2026-02-24 12:39:43,4688,8,266,A new process has been created. New Process Name: C:\Program Files\Google\Chrome\chrome.exe Command Line: chrome.exe --type=renderer.,0,Benign
2026-02-26 09:56:54,4624,5,2539,An account was successfully logged on. Subject: Security ID: S-1-5-21-1234567890 Account Name: Administrator Account Domain: CORP Logon Type: 3.,0,Benign
2026-02-24 08:49:10,4624,10,5363,An account was successfully logged on. Logon Type: 2 Interactive.,0,Benign
2026-02-27 15:33:42,4624,10,5095,An account was successfully logged on. Logon Type: 10 Remote Desktop Services.,0,Benign
2026-02-27 13:08:14,4688,7,9779,A new process has been created. New Process Name: C:\Windows\System32\svchost.exe Creator Process Name: C:\Windows\System32\services.exe.,0,Benign
2026-03-01 01:26:52,4688,2,7364,A new process has been created. New Process Name: C:\Windows\System32\svchost.exe Creator Process Name: C:\Windows\System32\services.exe.,0,Benign
2026-03-01 11:30:15,4625,12,4601,An account failed to log on. Failure Reason: Unknown user name or bad password. Status: 0xC000006D Sub Status: 0xC000006A.,0,Benign
2026-02-26 14:23:06,4688,8,9859,A new process has been created. New Process Name: C:\Program Files\Google\Chrome\chrome.exe Command Line: chrome.exe --type=renderer.,0,Benign
2026-02-23 06:46:22,4625,3,4034,A logon was attempted using explicit credentials. Target Server: DC01.,1,T1046
2026-02-23 16:26:10,4624,3,8172,An account was successfully logged on. Logon Type: 2 Interactive.,0,Benign
2026-03-01 14:16:15,4625,3,7523,An account failed to log on. Failure Reason: Account locked out.,0,Benign
2026-02-27 15:21:53,4624,5,4141,An account was successfully logged on. Subject: Security ID: S-1-5-18 Account Name: SYSTEM Account Domain: NT AUTHORITY Logon ID: 0x3E7 Logon Type: 5.,0,Benign
2026-02-24 00:11:59,4625,10,4869,An account failed to log on. Account Name: administrator Source Network Address: 192.168.1.50.,0,Benign
2026-03-01 11:33:39,4624,3,5233,An account was successfully logged on. Logon Type: 10 Remote Desktop Services.,0,Benign
2026-03-01 12:02:10,4648,11,1929,A logon was attempted using explicit credentials. Target Server: localhost Target User: admin.,0,Benign
2026-02-27 15:28:02,4624,9,6334,An account was successfully logged on. Logon Type: 10 Remote Desktop Services.,0,Benign
2026-02-28 10:40:59,4634,8,5328,An account was logged off. Logon Type: 2 Interactive.,0,Benign
2026-02-27 09:21:19,4625,3,1199,An account failed to log on. Failure Reason: Unknown user name or bad password. Status: 0xC000006D Sub Status: 0xC000006A.,0,Benign
2026-02-24 12:11:47,4688,12,600,A new process has been created. New Process Name: C:\Windows\System32\cmd.exe Command Line: cmd.exe /c dir.,0,Benign
2026-03-01 12:56:09,4624,8,9286,An account was successfully logged on. Subject: Security ID: S-1-5-18 Account Name: SYSTEM Account Domain: NT AUTHORITY Logon ID: 0x3E7 Logon Type: 5.,0,Benign
2026-02-24 09:52:59,4625,9,2107,An account failed to log on. Account Name: administrator Source Network Address: 192.168.1.50.,0,Benign
2026-02-28 14:17:33,4624,10,1229,An account was successfully logged on. Logon Type: 10 Remote Desktop Services.,0,Benign
2026-02-23 08:45:11,4625,2,2048,An account failed to log on. Account Name: administrator Source Network Address: 192.168.1.50.,0,Benign
2026-03-01 15:25:11,4625,7,7527,An account failed to log on. Failure Reason: Unknown user name or bad password. Status: 0xC000006D Sub Status: 0xC000006A.,0,Benign
2026-02-25 04:07:26,4720,3,5438,Special privileges assigned to new logon. Subject: Security ID: S-1-5-21-9876543210 Account Name: backdoor.,1,T1078
2026-02-27 05:21:22,4648,5,670,A logon was attempted using explicit credentials. Target Server: localhost Target User: admin.,0,Benign
2026-02-25 10:28:04,4624,11,6651,An account was successfully logged on. New Logon: Account Name: jdoe Account Domain: CORP Logon ID: 0x1A2B3C.,0,Benign
2026-02-27 04:15:50,4648,8,3026,A logon was attempted using explicit credentials. Target Server: DC01 Target User: backup_svc.,0,Benign
2026-02-23 15:36:10,4624,3,1508,An account was successfully logged on. New Logon: Account Name: jdoe Account Domain: CORP Logon ID: 0x1A2B3C.,0,Benign
2026-02-23 16:46:47,4634,10,9100,An account was logged off. Logon Type: 2 Interactive.,0,Benign
2026-02-24 15:36:07,4625,9,4664,An account failed to log on. Logon Type: 10 Remote Desktop Services.,0,Benign
2026-02-23 14:56:30,4624,2,8934,An account was successfully logged on. Logon Type: 2 Interactive.,0,Benign
2026-02-26 17:33:03,4624,5,634,An account was successfully logged on. New Logon: Account Name: jdoe Account Domain: CORP Logon ID: 0x1A2B3C.,0,Benign
2026-03-01 11:04:54,4625,3,2661,An account failed to log on. Logon Type: 10 Remote Desktop Services.,0,Benign
2026-02-25 11:09:40,4648,12,5778,A logon was attempted using explicit credentials. Target Server: DC01 Target User: backup_svc.,0,Benign
2026-02-26 00:25:50,4624,2,3954,An account was successfully logged on. Subject: Security ID: S-1-5-21-1234567890 Account Name: Administrator Account Domain: CORP Logon Type: 3.,0,Benign
2026-02-24 08:57:23,4688,9,7737,A new process has been created. New Process Name: C:\Program Files\Google\Chrome\chrome.exe Command Line: chrome.exe --type=renderer.,0,Benign
2026-02-25 09:53:33,4634,9,8927,An account was logged off. Logon Type: 2 Interactive.,0,Benign
2026-02-26 12:08:16,4624,3,2143,An account was successfully logged on. New Logon: Account Name: jdoe Account Domain: CORP Logon ID: 0x1A2B3C.,0,Benign
2026-02-26 17:30:33,4672,5,5581,Special privileges assigned to new logon. Subject: Security ID: S-1-5-21-1234567890 Account Name: Administrator Privileges: SeDebugPrivilege.,0,Benign
2026-02-28 17:38:44,4634,12,1095,An account was logged off. Subject: Security ID: S-1-5-21-1234567890 Account Name: jdoe.,0,Benign
2026-03-01 11:23:23,4624,9,1932,An account was successfully logged on. New Logon: Account Name: jdoe Account Domain: CORP Logon ID: 0x1A2B3C.,0,Benign
2026-03-01 11:15:58,4688,3,6199,A new process has been created. New Process Name: C:\Windows\System32\cmd.exe Command Line: cmd.exe /c dir.,0,Benign
2026-02-25 16:14:25,4648,9,6734,A logon was attempted using explicit credentials. Target Server: localhost Target User: admin.,0,Benign
2026-02-26 13:15:40,4624,3,8867,An account was successfully logged on. Logon Type: 2 Interactive.,0,Benign
2026-02-25 23:11:50,4672,10,2994,Special privileges assigned to new logon. Subject: Security ID: S-1-5-21-9876543210 Account Name: backdoor.,1,T1078
2026-02-27 11:45:42,4625,12,3908,An account failed to log on. Failure Reason: Unknown user name or bad password. Status: 0xC000006D Sub Status: 0xC000006A.,0,Benign
2026-03-01 09:18:47,4624,9,7533,An account was successfully logged on. Logon Type: 2 Interactive.,0,Benign
2026-02-24 16:11:47,4624,12,5022,An account was successfully logged on. New Logon: Account Name: jdoe Account Domain: CORP Logon ID: 0x1A2B3C.,0,Benign
2026-02-23 10:11:54,4688,5,4842,A new process has been created. New Process Name: C:\Windows\System32\taskhostw.exe.,0,Benign
2026-02-26 15:37:14,4624,10,934,An account was successfully logged on. Logon Type: 10 Remote Desktop Services.,0,Benign
2026-02-23 11:15:37,4720,9,1746,A user account was created. New Account Name: test_account.,0,Benign
2026-02-26 09:34:41,4624,5,7232,An account was successfully logged on. Logon Type: 10 Remote Desktop Services.,0,Benign
2026-02-25 03:50:45,4624,12,6232,An account was successfully logged on. Logon Type: 10 Remote Desktop Services.,0,Benign
2026-03-01 08:24:16,4625,11,7464,An account failed to log on. Subject: Security ID: S-1-0-0 Account Name: - Account Domain: - Logon Type: 3.,0,Benign
2026-02-23 14:48:27,4688,12,5595,A new process has been created. New Process Name: C:\Windows\System32\svchost.exe Creator Process Name: C:\Windows\System32\services.exe.,0,Benign
2026-02-28 14:55:22,4624,10,9461,An account was successfully logged on. Subject: Security ID: S-1-5-21-1234567890 Account Name: Administrator Account Domain: CORP Logon Type: 3.,0,Benign
2026-02-28 10:01:18,4672,7,7211,Special privileges assigned to new logon. Subject: Security ID: S-1-5-18 Privileges: SeAssignPrimaryTokenPrivilege SeTcbPrivilege SeSecurityPrivilege.,0,Benign
2026-02-26 14:19:40,4688,5,5159,A new process has been created. New Process Name: C:\Windows\System32\taskhostw.exe.,0,Benign
2026-02-28 13:47:39,4624,9,5988,An account was successfully logged on. Logon Type: 10 Remote Desktop Services.,0,Benign
2026-02-28 09:45:21,4672,10,8174,Special privileges assigned to new logon. Subject: Security ID: S-1-5-21-1234567890 Account Name: Administrator Privileges: SeDebugPrivilege.,0,Benign
2026-02-27 17:06:19,4624,11,6306,An account was successfully logged on. Subject: Security ID: S-1-5-18 Account Name: SYSTEM Account Domain: NT AUTHORITY Logon ID: 0x3E7 Logon Type: 5.,0,Benign
2026-03-01 15:44:44,4624,2,969,An account was successfully logged on. Subject: Security ID: S-1-5-21-1234567890 Account Name: Administrator Account Domain: CORP Logon Type: 3.,0,Benign
2026-02-28 11:47:58,4624,10,2339,An account was successfully logged on. New Logon: Account Name: jdoe Account Domain: CORP Logon ID: 0x1A2B3C.,0,Benign
2026-02-25 18:36:00,4624,3,7475,An account was successfully logged on. New Logon: Account Name: jdoe Account Domain: CORP Logon ID: 0x1A2B3C.,0,Benign
2026-02-24 14:28:17,4624,2,217,An account was successfully logged on. Logon Type: 2 Interactive.,0,Benign
2026-02-27 12:44:32,4688,5,6186,A new process has been created. New Process Name: C:\Windows\System32\taskhostw.exe.,0,Benign
2026-02-27 12:55:01,4624,12,1067,An account was successfully logged on. Subject: Security ID: S-1-5-18 Account Name: SYSTEM Account Domain: NT AUTHORITY Logon ID: 0x3E7 Logon Type: 5.,0,Benign
2026-02-24 00:40:55,4624,3,943,An account was successfully logged on. Subject: Security ID: S-1-5-21-1234567890 Account Name: Administrator Account Domain: CORP Logon Type: 3.,0,Benign
2026-03-01 14:07:38,4624,12,8150,An account was successfully logged on. Subject: Security ID: S-1-5-18 Account Name: SYSTEM Account Domain: NT AUTHORITY Logon ID: 0x3E7 Logon Type: 5.,0,Benign
2026-02-26 01:00:12,4625,2,8548,An account failed to log on. Failure Reason: Account locked out.,0,Benign
2026-02-25 13:40:33,4624,3,6661,An account was successfully logged on. Subject: Security ID: S-1-5-21-1234567890 Account Name: Administrator Account Domain: CORP Logon Type: 3.,0,Benign
2026-02-28 10:48:00,4624,7,3735,An account was successfully logged on. Logon Type: 10 Remote Desktop Services.,0,Benign
2026-02-24 15:16:06,4672,7,2225,Special privileges assigned to new logon. Account Name: SYSTEM Privileges: SeBackupPrivilege SeRestorePrivilege.,0,Benign
2026-02-23 08:14:44,4672,12,3637,Special privileges assigned to new logon. Subject: Security ID: S-1-5-21-1234567890 Account Name: Administrator Privileges: SeDebugPrivilege.,0,Benign
2026-03-01 11:09:42,4625,10,9817,An account failed to log on. Failure Reason: Unknown user name or bad password. Status: 0xC000006D Sub Status: 0xC000006A.,0,Benign
2026-02-25 03:16:48,4624,11,2740,An account was successfully logged on. Logon Type: 10 Remote Desktop Services.,0,Benign
2026-03-01 14:02:31,4625,8,5990,An account failed to log on. Failure Reason: Unknown user name or bad password. Status: 0xC000006D Sub Status: 0xC000006A.,0,Benign
2026-02-26 15:17:54,4625,8,4302,An account failed to log on. Failure Reason: Account locked out.,0,Benign
2026-02-27 09:38:43,4634,12,4722,An account was logged off. Logon Type: 3.,0,Benign
2026-03-01 10:33:50,4732,10,1171,A member was added to a security-enabled local group. Member Name: tempuser Group Name: Administrators.,0,Benign
2026-02-26 11:53:57,4672,10,3916,Special privileges assigned to new logon. Subject: Security ID: S-1-5-18 Privileges: SeAssignPrimaryTokenPrivilege SeTcbPrivilege SeSecurityPrivilege.,0,Benign
2026-03-01 14:22:48,4624,12,2901,An account was successfully logged on. Subject: Security ID: S-1-5-21-1234567890 Account Name: Administrator Account Domain: CORP Logon Type: 3.,0,Benign
2026-03-01 10:38:00,4624,11,4335,An account was successfully logged on. New Logon: Account Name: jdoe Account Domain: CORP Logon ID: 0x1A2B3C.,0,Benign
2026-02-28 15:34:13,4624,11,4693,An account was successfully logged on. Subject: Security ID: S-1-5-18 Account Name: SYSTEM Account Domain: NT AUTHORITY Logon ID: 0x3E7 Logon Type: 5.,0,Benign
2026-02-23 16:24:00,4624,7,6052,An account was successfully logged on. New Logon: Account Name: jdoe Account Domain: CORP Logon ID: 0x1A2B3C.,0,Benign
2026-02-23 12:42:36,4624,11,8703,An account was successfully logged on. Subject: Security ID: S-1-5-21-1234567890 Account Name: Administrator Account Domain: CORP Logon Type: 3.,0,Benign
2026-02-27 16:42:51,4634,2,2293,An account was logged off. Logon Type: 3.,0,Benign
2026-02-25 09:00:22,4624,10,8077,An account was successfully logged on. Subject: Security ID: S-1-5-21-1234567890 Account Name: Administrator Account Domain: CORP Logon Type: 3.,0,Benign
2026-02-23 08:01:36,4720,3,6399,A user account was created. New Account Name: test_account.,0,Benign
2026-02-23 01:53:41,4648,2,9725,A logon was attempted using explicit credentials. Target Server: localhost Target User: admin.,0,Benign
2026-02-25 10:02:22,4688,11,2764,A new process has been created. New Process Name: C:\Windows\System32\taskhostw.exe.,0,Benign
2026-02-26 23:15:06,4624,7,3296,An account was successfully logged on. Logon Type: 2 Interactive.,0,Benign
2026-02-23 10:15:48,4688,3,436,A new process has been created. New Process Name: C:\Program Files\Google\Chrome\chrome.exe Command Line: chrome.exe --type=renderer.,0,Benign
2026-02-25 08:33:15,4634,11,5424,An account was logged off. Logon Type: 2 Interactive.,0,Benign
2026-03-01 14:02:08,4624,7,4330,An account was successfully logged on. New Logon: Account Name: jdoe Account Domain: CORP Logon ID: 0x1A2B3C.,0,Benign
2026-02-27 15:42:27,4625,3,3586,An account failed to log on. Failure Reason: Unknown user name or bad password. Status: 0xC000006D Sub Status: 0xC000006A.,0,Benign
2026-02-24 17:50:38,4688,3,2106,A new process has been created. New Process Name: C:\Windows\System32\cmd.exe Command Line: cmd.exe /c dir.,0,Benign
2026-02-24 10:42:35,4625,8,1249,An account failed to log on. Failure Reason: Unknown user name or bad password. Status: 0xC000006D Sub Status: 0xC000006A.,0,Benign
2026-02-25 16:14:57,4625,2,9444,An account failed to log on. Logon Type: 10 Remote Desktop Services.,0,Benign
2026-03-01 14:14:47,4625,9,4657,An account failed to log on. Logon Type: 10 Remote Desktop Services.,0,Benign
2026-02-26 14:03:17,4625,5,3862,An account failed to log on. Failure Reason: Account locked out.,0,Benign
2026-02-25 03:02:02,4624,12,4503,An account was successfully logged on. New Logon: Account Name: jdoe Account Domain: CORP Logon ID: 0x1A2B3C.,0,Benign
2026-03-01 16:34:10,4688,2,4696,A new process has been created. New Process Name: C:\Windows\System32\cmd.exe Command Line: cmd.exe /c dir.,0,Benign
2026-02-26 15:41:03,4634,12,2494,An account was logged off. Logon Type: 2 Interactive.,0,Benign
2026-02-27 09:43:04,4624,2,8553,An account was successfully logged on. Logon Type: 2 Interactive.,0,Benign
2026-02-24 17:47:57,4624,7,1823,An account was successfully logged on. Logon Type: 2 Interactive.,0,Benign
2026-02-24 14:56:02,4648,11,4987,A logon was attempted using explicit credentials. Process: C:\Windows\System32\runas.exe.,0,Benign
2026-02-26 13:11:13,4624,9,5942,An account was successfully logged on. Logon Type: 10 Remote Desktop Services.,0,Benign
2026-03-01 20:55:21,4648,12,5475,An account was successfully logged on. Logon Type: 3 New Logon: admin.,1,T1046
2026-02-23 08:52:59,4624,11,257,An account was successfully logged on. Logon Type: 2 Interactive.,0,Benign
2026-02-28 12:16:12,4688,8,5031,A new process has been created. New Process Name: C:\Program Files\Google\Chrome\chrome.exe Command Line: chrome.exe --type=renderer.,0,Benign
2026-02-27 10:28:37,4672,12,3196,Special privileges assigned to new logon. Subject: Security ID: S-1-5-18 Privileges: SeAssignPrimaryTokenPrivilege SeTcbPrivilege SeSecurityPrivilege.,0,Benign
2026-02-28 09:51:14,4624,11,7993,An account was successfully logged on. Logon Type: 10 Remote Desktop Services.,0,Benign
2026-02-23 06:43:22,4688,9,3604,A new process has been created. New Process Name: C:\Windows\System32\notepad.exe.,0,Benign
2026-02-23 17:38:20,4624,11,2282,An account was successfully logged on. New Logon: Account Name: jdoe Account Domain: CORP Logon ID: 0x1A2B3C.,0,Benign
2026-02-24 13:09:50,4672,3,2380,Special privileges assigned to new logon. Subject: Security ID: S-1-5-18 Privileges: SeAssignPrimaryTokenPrivilege SeTcbPrivilege SeSecurityPrivilege.,0,Benign
2026-02-28 14:11:17,1100,12,9816,The audit log was cleared. Subject: Security ID: S-1-5-21-9876543210 Account Name: attacker.,1,T1070
2026-02-23 11:32:23,4688,8,7643,A new process has been created. New Process Name: C:\Windows\System32\taskhostw.exe.,0,Benign
2026-02-23 01:14:20,4648,10,2005,A logon was attempted using explicit credentials. Target Server: DC01 Target User: backup_svc.,0,Benign
2026-03-01 12:30:10,4634,11,6122,An account was logged off. Logon Type: 2 Interactive.,0,Benign
2026-03-01 09:54:18,4625,2,8901,An account failed to log on. Failure Reason: Account locked out.,0,Benign
2026-02-27 08:49:11,4624,7,8963,An account was successfully logged on. Logon Type: 2 Interactive.,0,Benign
2026-02-27 10:37:25,4648,2,1751,A logon was attempted using explicit credentials. Target Server: DC01 Target User: backup_svc.,0,Benign
2026-03-01 10:28:22,4648,12,1445,A logon was attempted using explicit credentials. Target Server: localhost Target User: admin.,0,Benign
2026-02-27 15:22:38,4624,3,4711,An account was successfully logged on. New Logon: Account Name: jdoe Account Domain: CORP Logon ID: 0x1A2B3C.,0,Benign
2026-03-01 02:14:08,4672,8,8699,Special privileges assigned to new logon. Subject: Security ID: S-1-5-18 Privileges: SeAssignPrimaryTokenPrivilege SeTcbPrivilege SeSecurityPrivilege.,0,Benign
2026-02-26 09:22:11,4624,12,8857,An account was successfully logged on. Logon Type: 2 Interactive.,0,Benign
2026-02-23 08:32:06,4648,3,5310,A logon was attempted using explicit credentials. Target Server: localhost Target User: admin.,0,Benign
2026-02-26 09:55:05,4688,12,4051,A new process has been created. New Process Name: C:\Windows\System32\taskhostw.exe.,0,Benign
2026-02-25 17:10:47,4648,11,980,A logon was attempted using explicit credentials. Target Server: DC01 Target User: backup_svc.,0,Benign
2026-02-25 12:16:46,4688,3,1173,A new process has been created. New Process Name: C:\Windows\System32\notepad.exe.,0,Benign
2026-03-01 15:57:38,4624,3,4647,An account was successfully logged on. Subject: Security ID: S-1-5-21-1234567890 Account Name: Administrator Account Domain: CORP Logon Type: 3.,0,Benign
2026-02-27 16:10:54,4625,2,1238,An account failed to log on. Failure Reason: Unknown user name or bad password. Status: 0xC000006D Sub Status: 0xC000006A.,0,Benign
2026-02-24 11:11:33,4625,8,7120,An account failed to log on. Failure Reason: Unknown user name or bad password. Status: 0xC000006D Sub Status: 0xC000006A.,0,Benign
2026-02-27 17:59:05,4624,12,3099,An account was successfully logged on. New Logon: Account Name: jdoe Account Domain: CORP Logon ID: 0x1A2B3C.,0,Benign
2026-02-26 16:30:22,4688,11,3018,A new process has been created. New Process Name: C:\Windows\System32\notepad.exe.,0,Benign
2026-03-01 14:44:15,4624,7,5993,An account was successfully logged on. New Logon: Account Name: jdoe Account Domain: CORP Logon ID: 0x1A2B3C.,0,Benign
2026-02-25 18:22:43,4688,7,4537,A new process has been created. New Process Name: C:\Windows\System32\cmd.exe Command Line: cmd.exe /c dir.,0,Benign
2026-02-26 14:42:16,4688,10,1286,A new process has been created. New Process Name: C:\Windows\System32\cmd.exe Command Line: cmd.exe /c dir.,0,Benign
2026-02-24 13:08:15,4624,12,5839,An account was successfully logged on. Subject: Security ID: S-1-5-21-1234567890 Account Name: Administrator Account Domain: CORP Logon Type: 3.,0,Benign
2026-02-27 23:39:07,4672,5,9309,Special privileges assigned to new logon. Account Name: SYSTEM Privileges: SeBackupPrivilege SeRestorePrivilege.,0,Benign
2026-02-25 13:29:31,4688,9,366,A new process has been created. New Process Name: C:\Windows\System32\taskhostw.exe.,0,Benign
2026-02-26 15:28:31,4624,3,2117,An account was successfully logged on. Subject: Security ID: S-1-5-18 Account Name: SYSTEM Account Domain: NT AUTHORITY Logon ID: 0x3E7 Logon Type: 5.,0,Benign
2026-02-25 06:35:46,4625,3,507,An account failed to log on. Logon Type: 10 Remote Desktop Services.,0,Benign
2026-03-01 11:09:16,4624,5,1672,An account was successfully logged on. Subject: Security ID: S-1-5-21-1234567890 Account Name: Administrator Account Domain: CORP Logon Type: 3.,0,Benign
2026-02-26 01:02:55,4625,8,2587,An account failed to log on. Logon Type: 10 Remote Desktop Services.,0,Benign
2026-03-01 16:33:18,4624,9,3447,An account was successfully logged on. Subject: Security ID: S-1-5-21-1234567890 Account Name: Administrator Account Domain: CORP Logon Type: 3.,0,Benign
2026-02-26 13:45:51,4624,11,2484,An account was successfully logged on. Logon Type: 10 Remote Desktop Services.,0,Benign
2026-02-28 09:29:13,4634,12,131,An account was logged off. Subject: Security ID: S-1-5-21-1234567890 Account Name: jdoe.,0,Benign
2026-02-25 13:59:03,4648,7,5400,A logon was attempted using explicit credentials. Process: C:\Windows\System32\runas.exe.,0,Benign
2026-02-26 08:42:19,4624,12,5445,An account was successfully logged on. New Logon: Account Name: jdoe Account Domain: CORP Logon ID: 0x1A2B3C.,0,Benign
2026-02-28 15:39:59,4634,12,6519,An account was logged off. Logon Type: 3.,0,Benign
2026-03-01 09:55:02,4688,9,5489,A new process has been created. New Process Name: C:\Windows\System32\cmd.exe Command Line: cmd.exe /c dir.,0,Benign
2026-03-01 06:38:39,4648,12,9021,A logon was attempted using explicit credentials. Target Server: DC01 Target User: backup_svc.,0,Benign
2026-02-25 17:41:02,4688,5,8627,A new process has been created. New Process Name: C:\Program Files\Google\Chrome\chrome.exe Command Line: chrome.exe --type=renderer.,0,Benign
2026-02-24 08:27:38,4648,12,8087,A logon was attempted using explicit credentials. Target Server: DC01 Target User: backup_svc.,0,Benign
2026-02-25 16:00:28,4648,7,6268,A logon was attempted using explicit credentials. Process: C:\Windows\System32\runas.exe.,0,Benign
2026-02-23 11:27:11,4624,7,4792,An account was successfully logged on. Logon Type: 10 Remote Desktop Services.,0,Benign
2026-02-24 01:53:23,4624,3,5556,An account was successfully logged on. Subject: Security ID: S-1-5-21-1234567890 Account Name: Administrator Account Domain: CORP Logon Type: 3.,0,Benign
2026-02-28 09:07:50,4648,8,6496,A logon was attempted using explicit credentials. Target Server: localhost Target User: admin.,0,Benign
2026-02-26 15:11:09,4688,10,475,A new process has been created. New Process Name: C:\Windows\System32\svchost.exe Creator Process Name: C:\Windows\System32\services.exe.,0,Benign
2026-02-27 16:10:01,4624,3,5225,An account was successfully logged on. New Logon: Account Name: jdoe Account Domain: CORP Logon ID: 0x1A2B3C.,0,Benign
2026-02-26 14:24:55,4648,5,7853,A logon was attempted using explicit credentials. Target Server: localhost Target User: admin.,0,Benign
2026-03-01 10:33:36,4688,8,1440,A new process has been created. New Process Name: C:\Program Files\Google\Chrome\chrome.exe Command Line: chrome.exe --type=renderer.,0,Benign
2026-02-25 20:16:47,4688,10,1516,A new process has been created. New Process Name: C:\Windows\System32\notepad.exe.,0,Benign
2026-02-26 10:07:29,4648,8,283,A logon was attempted using explicit credentials. Process: C:\Windows\System32\runas.exe.,0,Benign
2026-02-24 11:47:24,4720,5,7844,A user account was created. New Account Name: tempuser New Account Domain: CORP.,0,Benign
2026-02-26 09:25:58,4624,12,7848,An account was successfully logged on. Subject: Security ID: S-1-5-21-1234567890 Account Name: Administrator Account Domain: CORP Logon Type: 3.,0,Benign
2026-02-26 10:55:06,4625,8,1067,An account failed to log on. Subject: Security ID: S-1-0-0 Account Name: - Account Domain: - Logon Type: 3.,0,Benign
2026-02-23 11:32:58,4625,3,5931,An account failed to log on. Subject: Security ID: S-1-0-0 Account Name: - Account Domain: - Logon Type: 3.,0,Benign
2026-03-01 11:07:24,4624,7,8250,An account was successfully logged on. Logon Type: 2 Interactive.,0,Benign
2026-02-26 15:05:16,4624,2,7048,An account was successfully logged on. Logon Type: 10 Remote Desktop Services.,0,Benign
2026-02-25 23:22:22,4625,7,1190,An account failed to log on. Subject: Security ID: S-1-0-0 Account Name: - Account Domain: - Logon Type: 3.,0,Benign
2026-02-23 10:20:13,4625,5,975,An account failed to log on. Failure Reason: Unknown user name or bad password. Status: 0xC000006D Sub Status: 0xC000006A.,0,Benign
2026-02-28 08:41:01,4648,2,7503,A logon was attempted using explicit credentials. Target Server: DC01 Target User: backup_svc.,0,Benign
2026-02-28 08:34:38,4672,11,1965,Special privileges assigned to new logon. Account Name: SYSTEM Privileges: SeBackupPrivilege SeRestorePrivilege.,0,Benign
2026-03-01 12:12:30,4625,12,3994,An account failed to log on. Failure Reason: Account locked out.,0,Benign
2026-02-24 18:09:07,4624,5,5657,An account was successfully logged on. Subject: Security ID: S-1-5-18 Account Name: SYSTEM Account Domain: NT AUTHORITY Logon ID: 0x3E7 Logon Type: 5.,0,Benign
2026-02-27 08:05:12,4624,2,9295,An account was successfully logged on. Subject: Security ID: S-1-5-21-1234567890 Account Name: Administrator Account Domain: CORP Logon Type: 3.,0,Benign
2026-03-01 09:56:57,4624,10,7661,An account was successfully logged on. Subject: Security ID: S-1-5-21-1234567890 Account Name: Administrator Account Domain: CORP Logon Type: 3.,0,Benign
2026-02-27 20:16:48,4625,3,4121,An account failed to log on. Account Name: administrator Source Network Address: 192.168.1.50.,0,Benign
2026-03-01 13:52:18,4624,5,2628,An account was successfully logged on. New Logon: Account Name: jdoe Account Domain: CORP Logon ID: 0x1A2B3C.,0,Benign
2026-02-26 11:35:44,4625,10,9317,An account failed to log on. Failure Reason: Unknown user name or bad password. Status: 0xC000006D Sub Status: 0xC000006A.,0,Benign
2026-02-23 19:32:51,4624,8,8630,An account was successfully logged on. Subject: Security ID: S-1-5-18 Account Name: SYSTEM Account Domain: NT AUTHORITY Logon ID: 0x3E7 Logon Type: 5.,0,Benign
2026-02-25 11:44:53,4625,3,2244,An account failed to log on. Logon Type: 10 Remote Desktop Services.,0,Benign
2026-02-26 13:28:55,4625,12,4181,An account failed to log on. Subject: Security ID: S-1-0-0 Account Name: - Account Domain: - Logon Type: 3.,0,Benign
2026-02-23 13:58:55,4624,2,2064,An account was successfully logged on. Subject: Security ID: S-1-5-21-1234567890 Account Name: Administrator Account Domain: CORP Logon Type: 3.,0,Benign
2026-03-01 08:34:21,4648,9,5327,A logon was attempted using explicit credentials. Target Server: localhost Target User: admin.,0,Benign
2026-03-01 12:06:50,4624,11,7987,An account was successfully logged on. Subject: Security ID: S-1-5-21-1234567890 Account Name: Administrator Account Domain: CORP Logon Type: 3.,0,Benign
2026-03-01 13:51:19,4648,12,3263,A logon was attempted using explicit credentials. Process: C:\Windows\System32\runas.exe.,0,Benign
2026-02-26 14:38:50,4624,2,5457,An account was successfully logged on. New Logon: Account Name: jdoe Account Domain: CORP Logon ID: 0x1A2B3C.,0,Benign
2026-02-23 21:24:21,4624,12,2979,An account was successfully logged on. Logon Type: 2 Interactive.,0,Benign
2026-02-25 23:34:10,4688,7,6872,A new process has been created. New Process Name: C:\Windows\System32\notepad.exe.,0,Benign
2026-02-24 06:39:49,4688,11,9570,A new process has been created. New Process Name: C:\Windows\System32\cmd.exe Command Line: cmd.exe /c dir.,0,Benign
2026-02-24 18:53:00,4624,7,5154,An account was successfully logged on. Subject: Security ID: S-1-5-18 Account Name: SYSTEM Account Domain: NT AUTHORITY Logon ID: 0x3E7 Logon Type: 5.,0,Benign
