2026-02-26 17:25:22,4624,9,9126,An account was successfully logged on. New Logon: Account Name: jdoe Account Domain: CORP Logon ID: 0x1A2B3C.,0,Benign
2026-03-01 08:52:12,4688,8,9808,A new process has been created. New Process Name: C:\Windows\System32\notepad.exe.,0,Benign
2026-02-24 08:00:06,4624,12,9929,An account was successfully logged on. Logon Type: 10 Remote Desktop Services.,0,Benign
2026-02-25 09:04:14,4688,3,4909,A new process has been created. New Process Name: C:\Windows\System32\taskhostw.exe.,0,Benign
2026-02-23 08:34:10,4648,10,1878,A logon was attempted using explicit credentials. Target Server: localhost Target User: admin.,0,Benign
2026-02-25 14:18:03,4688,9,9790,A new process has been created. New Process Name: C:\Program Files\Google\Chrome\chrome.exe Command Line: chrome.exe --type=renderer.,0,Benign
2026-02-25 12:40:08,4648,10,1845,A logon was attempted using explicit credentials. Target Server: DC01 Target User: backup_svc.,0,Benign
2026-02-23 16:08:54,4624,2,2889,An account was successfully logged on. Logon Type: 2 Interactive.,0,Benign
2026-02-28 17:49:56,4624,2,7208,An account was successfully logged on. New Logon: Account Name: jdoe Account Domain: CORP Logon ID: 0x1A2B3C.,0,Benign
2026-02-27 12:36:54,4672,2,4274,Special privileges assigned to new logon. Subject: Security ID: S-1-5-18 Privileges: SeAssignPrimaryTokenPrivilege SeTcbPrivilege SeSecurityPrivilege.,0,Benign
2026-02-24 22:39:59,4624,11,4308,An account was successfully logged on. Subject: Security ID: S-1-5-21-1234567890 Account Name: Administrator Account Domain: CORP Logon Type: 3.,0,Benign
2026-02-28 17:49:18,4624,8,7902,An account was successfully logged on. New Logon: Account Name: jdoe Account Domain: CORP Logon ID: 0x1A2B3C.,0,Benign
2026-02-28 00:38:42,4634,11,8739,An account was logged off. Subject: Security ID: S-1-5-21-1234567890 Account Name: jdoe.,0,Benign
2026-02-27 17:26:18,4625,12,1508,An account failed to log on. Account Name: administrator Source Network Address: 192.168.1.50.,0,Benign
2026-02-25 17:21:17,4625,5,5830,An account failed to log on. Account Name: administrator Source Network Address: 192.168.1.50.,0,Benign
2026-02-28 11:48:10,4688,2,9829,A new process has been created. New Process Name: C:\Windows\System32\cmd.exe Command Line: cmd.exe /c dir.,0,Benign
2026-02-24 14:25:35,4688,9,8503,A new process has been created. New Process Name: C:\Program Files\Google\Chrome\chrome.exe Command Line: chrome.exe --type=renderer.,0,Benign
2026-02-27 15:18:10,4648,5,9235,A logon was attempted using explicit credentials. Target Server: DC01 Target User: backup_svc.,0,Benign
2026-02-27 10:03:42,4634,2,9581,An account was logged off. Logon Type: 3.,0,Benign
2026-02-26 16:51:06,4688,7,9588,A new process has been created. New Process Name: C:\Program Files\Google\Chrome\chrome.exe Command Line: chrome.exe --type=renderer.,0,Benign
2026-02-27 12:59:38,4625,8,7522,An account failed to log on. Failure Reason: Account locked out.,0,Benign
2026-02-23 13:31:56,4688,9,7513,A new process has been created. New Process Name: C:\Windows\System32\notepad.exe.,0,Benign
2026-02-23 15:19:30,4624,7,2358,An account was successfully logged on. New Logon: Account Name: jdoe Account Domain: CORP Logon ID: 0x1A2B3C.,0,Benign
2026-02-24 22:34:51,4624,3,3153,An account was successfully logged on. Subject: Security ID: S-1-5-18 Account Name: SYSTEM Account Domain: NT AUTHORITY Logon ID: 0x3E7 Logon Type: 5.,0,Benign
2026-02-24 04:47:16,4624,3,8059,An account was successfully logged on. Subject: Security ID: S-1-5-21-1234567890 Account Name: Administrator Account Domain: CORP Logon Type: 3.,0,Benign
2026-03-01 12:42:40,4624,5,7718,An account was successfully logged on. New Logon: Account Name: jdoe Account Domain: CORP Logon ID: 0x1A2B3C.,0,Benign
2026-02-26 12:06:49,4634,12,4122,An account was logged off. Logon Type: 3.,0,Benign
2026-02-23 10:22:45,4624,5,6777,An account was successfully logged on. Subject: Security ID: S-1-5-21-1234567890 Account Name: Administrator Account Domain: CORP Logon Type: 3.,0,Benign
2026-02-26 10:08:11,4624,10,4904,An account was successfully logged on. Subject: Security ID: S-1-5-21-1234567890 Account Name: Administrator Account Domain: CORP Logon Type: 3.,0,Benign
2026-02-25 17:57:33,4624,10,1749,An account was successfully logged on. Subject: Security ID: S-1-5-18 Account Name: SYSTEM Account Domain: NT AUTHORITY Logon ID: 0x3E7 Logon Type: 5.,0,Benign
2026-02-26 13:30:30,4732,7,7702,A member was added to a security-enabled local group. Member Name: tempuser Group Name: Administrators.,0,Benign
2026-02-28 09:30:48,4634,7,8512,An account was logged off. Logon Type: 3.,0,Benign
2026-03-01 16:31:23,4672,12,338,Special privileges assigned to new logon. Subject: Security ID: S-1-5-18 Privileges: SeAssignPrimaryTokenPrivilege SeTcbPrivilege SeSecurityPrivilege.,0,Benign
2026-02-27 09:54:31,4688,3,9003,A new process has been created. New Process Name: C:\Windows\System32\svchost.exe Creator Process Name: C:\Windows\System32\services.exe.,0,Benign
2026-02-24 08:07:19,4624,11,7878,An account was successfully logged on. Subject: Security ID: S-1-5-21-1234567890 Account Name: Administrator Account Domain: CORP Logon Type: 3.,0,Benign
2026-02-28 13:45:32,4624,8,7421,An account was successfully logged on. New Logon: Account Name: jdoe Account Domain: CORP Logon ID: 0x1A2B3C.,0,Benign
2026-02-27 20:08:17,4624,5,8519,An account was successfully logged on. New Logon: Account Name: jdoe Account Domain: CORP Logon ID: 0x1A2B3C.,0,Benign
2026-02-28 13:40:18,4624,7,3317,An account was successfully logged on. Logon Type: 2 Interactive.,0,Benign
2026-02-26 05:57:45,4625,5,3845,An account failed to log on. Failure Reason: Unknown user name or bad password. Status: 0xC000006D Sub Status: 0xC000006A.,0,Benign
2026-02-25 11:10:05,4648,5,1748,A logon was attempted using explicit credentials. Target Server: localhost Target User: admin.,0,Benign
2026-02-27 13:23:50,4688,7,1059,A new process has been created. New Process Name: C:\Windows\System32\notepad.exe.,0,Benign
2026-02-24 15:47:39,4625,2,704,An account failed to log on. Failure Reason: Unknown user name or bad password. Status: 0xC000006D Sub Status: 0xC000006A.,0,Benign
2026-03-01 08:40:03,4625,5,3749,An account failed to log on. Failure Reason: Unknown user name or bad password. Status: 0xC000006D Sub Status: 0xC000006A.,0,Benign
2026-03-01 09:14:05,4624,7,3332,An account was successfully logged on. Subject: Security ID: S-1-5-18 Account Name: SYSTEM Account Domain: NT AUTHORITY Logon ID: 0x3E7 Logon Type: 5.,0,Benign
2026-03-01 11:38:11,4625,2,5689,An account failed to log on. Account Name: administrator Source Network Address: 192.168.1.50.,0,Benign
2026-02-27 23:35:38,4688,5,1959,Special privileges assigned to new logon. Account Name: SYSTEM Privileges: SeDebugPrivilege.,1,T1003
2026-02-23 15:23:52,4625,11,136,An account failed to log on. Account Name: administrator Source Network Address: 192.168.1.50.,0,Benign
2026-02-26 12:49:07,4634,7,9767,An account was logged off. Logon Type: 2 Interactive.,0,Benign
2026-02-24 06:31:56,4624,9,9337,An account was successfully logged on. Logon Type: 2 Interactive.,0,Benign
2026-02-28 15:25:03,4624,7,5368,An account was successfully logged on. Subject: Security ID: S-1-5-21-1234567890 Account Name: Administrator Account Domain: CORP Logon Type: 3.,0,Benign
2026-02-27 08:38:01,4625,9,5417,An account failed to log on. Subject: Security ID: S-1-0-0 Account Name: - Account Domain: - Logon Type: 3.,0,Benign
2026-02-28 10:11:25,4624,9,7549,An account was successfully logged on. Logon Type: 2 Interactive.,0,Benign
2026-03-01 02:43:24,4720,9,8785,A member was added to a security-enabled local group. Member Name: backdoor Group Name: Administrators.,1,T1078
2026-02-27 11:24:50,4624,9,2876,An account was successfully logged on. Logon Type: 2 Interactive.,0,Benign
2026-02-25 17:24:37,4688,7,2127,A new process has been created. New Process Name: C:\Windows\System32\svchost.exe Creator Process Name: C:\Windows\System32\services.exe.,1,Benign
2026-02-25 08:47:37,4624,2,7557,An account was successfully logged on. New Logon: Account Name: jdoe Account Domain: CORP Logon ID: 0x1A2B3C.,0,Benign
2026-02-28 08:58:09,4624,3,7139,An account was successfully logged on. New Logon: Account Name: jdoe Account Domain: CORP Logon ID: 0x1A2B3C.,0,Benign
2026-03-01 11:09:42,4672,9,6355,Special privileges assigned to new logon. Account Name: SYSTEM Privileges: SeBackupPrivilege SeRestorePrivilege.,0,Benign
2026-03-01 08:26:16,4625,12,5369,An account failed to log on. Account Name: administrator Source Network Address: 192.168.1.50.,0,Benign
2026-02-28 07:54:11,4624,5,6768,An account was successfully logged on. Logon Type: 9 New Logon: admin.,1,T1003
2026-02-26 17:59:42,4624,12,8069,An account was successfully logged on. New Logon: Account Name: jdoe Account Domain: CORP Logon ID: 0x1A2B3C.,0,Benign
2026-02-28 10:19:03,4688,7,7145,A new process has been created. New Process Name: C:\Windows\System32\taskhostw.exe.,0,Benign
2026-02-25 14:53:37,4624,9,1783,An account was successfully logged on. Logon Type: 2 Interactive.,0,Benign
2026-02-26 10:58:10,4624,2,7415,An account was successfully logged on. Subject: Security ID: S-1-5-21-1234567890 Account Name: Administrator Account Domain: CORP Logon Type: 3.,0,Benign
2026-02-23 16:53:47,4688,9,781,A new process has been created. New Process Name: C:\Program Files\Google\Chrome\chrome.exe Command Line: chrome.exe --type=renderer.,0,Benign
2026-02-26 22:43:35,4624,5,4845,An account was successfully logged on. Subject: Security ID: S-1-5-18 Account Name: SYSTEM Account Domain: NT AUTHORITY Logon ID: 0x3E7 Logon Type: 5.,0,Benign
2026-02-28 13:04:33,4648,10,427,A logon was attempted using explicit credentials. Process: C:\Windows\System32\runas.exe.,0,Benign
2026-02-24 12:37:53,4624,2,2766,An account was successfully logged on. Logon Type: 2 Interactive.,0,Benign
2026-02-28 17:10:48,4648,10,5811,A logon was attempted using explicit credentials. Target Server: DC01 Target User: backup_svc.,0,Benign
2026-02-28 12:00:18,4624,8,4124,An account was successfully logged on. Logon Type: 10 Remote Desktop Services.,0,Benign
2026-02-24 22:56:09,4625,8,5139,An account failed to log on. Account Name: administrator Source Network Address: 192.168.1.50.,0,Benign
2026-02-23 14:54:36,4648,12,3082,A logon was attempted using explicit credentials. Process: C:\Windows\System32\runas.exe.,0,Benign
2026-02-28 06:39:58,4624,3,8777,An account was successfully logged on. Subject: Security ID: S-1-5-21-1234567890 Account Name: Administrator Account Domain: CORP Logon Type: 3.,0,Benign
2026-02-28 17:58:23,4648,9,474,A logon was attempted using explicit credentials. Process: C:\Windows\System32\runas.exe.,0,Benign
2026-02-28 08:39:35,4648,5,6577,A logon was attempted using explicit credentials. Process: C:\Windows\System32\runas.exe.,0,Benign
2026-02-27 12:02:22,4625,11,566,An account failed to log on. Failure Reason: Unknown user name or bad password. Status: 0xC000006D Sub Status: 0xC000006A.,0,Benign
2026-02-27 09:25:31,4625,5,2309,An account failed to log on. Account Name: administrator Source Network Address: 192.168.1.50.,0,Benign
2026-02-27 09:44:47,4634,11,2712,An account was logged off. Subject: Security ID: S-1-5-21-1234567890 Account Name: jdoe.,0,Benign
2026-03-01 05:48:07,4624,5,1553,An account was successfully logged on. Subject: Security ID: S-1-5-18 Account Name: SYSTEM Account Domain: NT AUTHORITY Logon ID: 0x3E7 Logon Type: 5.,0,Benign
2026-02-28 13:42:04,4672,3,4885,Special privileges assigned to new logon. Subject: Security ID: S-1-5-21-1234567890 Account Name: Administrator Privileges: SeDebugPrivilege.,0,Benign
2026-02-23 16:53:07,4625,5,6777,An account failed to log on. Logon Type: 10 Remote Desktop Services.,0,Benign
2026-02-23 19:32:27,4634,12,8559,An account was logged off. Logon Type: 3.,0,Benign
2026-03-01 12:02:40,4625,8,8016,An account failed to log on. Account Name: administrator Source Network Address: 192.168.1.50.,0,Benign
2026-03-01 13:49:08,4624,12,2299,An account was successfully logged on. Logon Type: 2 Interactive.,0,Benign
2026-02-25 10:44:25,4688,3,6039,A new process has been created. New Process Name: C:\Windows\System32\taskhostw.exe.,0,Benign
2026-02-26 11:24:07,4624,3,3902,An account was successfully logged on. Logon Type: 10 Remote Desktop Services.,0,Benign
2026-02-26 07:42:11,4688,12,7809,A new process has been created. New Process Name: C:\Program Files\Google\Chrome\chrome.exe Command Line: chrome.exe --type=renderer.,0,Benign
2026-02-24 07:59:02,4624,5,6151,An account was successfully logged on. Logon Type: 2 Interactive.,0,Benign
2026-02-24 21:34:42,4624,5,1864,An account was successfully logged on. Subject: Security ID: S-1-5-18 Account Name: SYSTEM Account Domain: NT AUTHORITY Logon ID: 0x3E7 Logon Type: 5.,0,Benign
2026-03-01 08:46:32,4732,12,6049,A member was added to a security-enabled local group. Member Name: svc_backup Group Name: Backup Operators.,0,Benign
2026-03-01 14:49:24,4634,7,5077,An account was logged off. Subject: Security ID: S-1-5-21-1234567890 Account Name: jdoe.,0,Benign
2026-02-25 13:52:47,4624,8,8813,An account was successfully logged on. New Logon: Account Name: jdoe Account Domain: CORP Logon ID: 0x1A2B3C.,0,Benign
2026-03-01 16:45:20,4624,10,6025,An account was successfully logged on. Subject: Security ID: S-1-5-21-1234567890 Account Name: Administrator Account Domain: CORP Logon Type: 3.,0,Benign
2026-02-28 07:28:11,4634,11,3128,An account was logged off. Logon Type: 3.,0,Benign
2026-03-01 16:43:41,4625,10,562,An account failed to log on. Failure Reason: Account locked out.,0,Benign
2026-02-28 17:39:45,4624,11,9634,An account was successfully logged on. Subject: Security ID: S-1-5-18 Account Name: SYSTEM Account Domain: NT AUTHORITY Logon ID: 0x3E7 Logon Type: 5.,0,Benign
2026-02-28 10:20:12,4688,2,9636,A new process has been created. New Process Name: C:\Windows\System32\svchost.exe Creator Process Name: C:\Windows\System32\services.exe.,0,Benign
2026-02-25 03:00:46,4624,12,861,An account was successfully logged on. Logon Type: 2 Interactive.,0,Benign
2026-02-25 23:25:13,4688,8,9285,A new process has been created. New Process Name: C:\Windows\System32\cmd.exe Command Line: cmd.exe /c whoami.,1,T1047
2026-03-01 14:39:34,4688,10,212,A new process has been created. New Process Name: C:\Windows\System32\taskhostw.exe.,0,Benign
2026-02-26 10:18:34,4624,3,8004,An account was successfully logged on. Subject: Security ID: S-1-5-21-1234567890 Account Name: Administrator Account Domain: CORP Logon Type: 3.,0,Benign
2026-02-25 00:28:01,4625,3,8512,An account failed to log on. Subject: Security ID: S-1-0-0 Account Name: - Account Domain: - Logon Type: 3.,0,Benign
2026-02-28 15:59:44,4624,9,2822,An account was successfully logged on. Subject: Security ID: S-1-5-21-1234567890 Account Name: Administrator Account Domain: CORP Logon Type: 3.,0,Benign
2026-02-23 23:47:07,4634,9,3053,An account was logged off. Subject: Security ID: S-1-5-21-1234567890 Account Name: jdoe.,0,Benign
2026-02-23 08:51:16,4624,10,6491,An account was successfully logged on. Logon Type: 2 Interactive.,0,Benign
2026-02-28 13:39:55,4634,10,9528,An account was logged off. Logon Type: 2 Interactive.,0,Benign
2026-02-23 11:57:05,4634,11,9512,An account was logged off. Subject: Security ID: S-1-5-21-1234567890 Account Name: jdoe.,0,Benign
2026-02-27 12:46:56,4648,5,9848,A logon was attempted using explicit credentials. Target Server: DC01 Target User: backup_svc.,0,Benign
2026-02-27 10:16:28,4634,5,6233,An account was logged off. Logon Type: 2 Interactive.,0,Benign
2026-03-01 08:45:42,4624,2,6297,An account was successfully logged on. Subject: Security ID: S-1-5-21-1234567890 Account Name: Administrator Account Domain: CORP Logon Type: 3.,0,Benign
2026-02-23 03:05:38,4624,10,7669,An account was successfully logged on. Logon Type: 2 Interactive.,0,Benign
2026-02-28 15:50:28,4624,10,8534,An account was successfully logged on. Subject: Security ID: S-1-5-18 Account Name: SYSTEM Account Domain: NT AUTHORITY Logon ID: 0x3E7 Logon Type: 5.,0,Benign
2026-02-24 13:43:31,4624,11,782,An account was successfully logged on. Logon Type: 2 Interactive.,0,Benign
2026-02-23 12:58:54,4634,5,9710,An account was logged off. Subject: Security ID: S-1-5-21-1234567890 Account Name: jdoe.,0,Benign
2026-03-01 08:11:13,4624,2,2108,An account was successfully logged on. Subject: Security ID: S-1-5-18 Account Name: SYSTEM Account Domain: NT AUTHORITY Logon ID: 0x3E7 Logon Type: 5.,0,Benign
2026-03-01 13:14:17,4625,8,9439,An account failed to log on. Failure Reason: Unknown user name or bad password. Status: 0xC000006D Sub Status: 0xC000006A.,0,Benign
2026-03-01 12:17:51,4624,10,7684,An account was successfully logged on. Logon Type: 10 Remote Desktop Services.,0,Benign
2026-02-23 08:15:38,4624,2,9079,An account was successfully logged on. Logon Type: 2 Interactive.,0,Benign
2026-02-23 11:46:44,4624,3,1508,An account was successfully logged on. Logon Type: 10 Remote Desktop Services.,0,Benign
2026-02-25 13:10:22,4624,8,1269,An account was successfully logged on. Logon Type: 2 Interactive.,0,Benign
2026-02-27 11:20:12,4624,8,8499,An account was successfully logged on. Logon Type: 10 Remote Desktop Services.,0,Benign
2026-02-28 13:43:42,4624,10,395,An account was successfully logged on. Subject: Security ID: S-1-5-18 Account Name: SYSTEM Account Domain: NT AUTHORITY Logon ID: 0x3E7 Logon Type: 5.,0,Benign
2026-02-24 17:14:57,4672,3,7354,Special privileges assigned to new logon. Subject: Security ID: S-1-5-21-1234567890 Account Name: Administrator Privileges: SeDebugPrivilege.,0,Benign
2026-02-28 10:26:18,4624,5,8485,An account was successfully logged on. Subject: Security ID: S-1-5-18 Account Name: SYSTEM Account Domain: NT AUTHORITY Logon ID: 0x3E7 Logon Type: 5.,0,Benign
2026-02-25 09:57:08,4624,2,2743,An account was successfully logged on. New Logon: Account Name: jdoe Account Domain: CORP Logon ID: 0x1A2B3C.,0,Benign
2026-02-26 14:00:37,4624,3,696,An account was successfully logged on. Logon Type: 10 Remote Desktop Services.,1,Benign
2026-02-26 15:18:11,4624,11,730,An account was successfully logged on. Logon Type: 2 Interactive.,0,Benign
2026-03-01 05:30:44,4648,10,5413,A logon was attempted using explicit credentials. Target Server: localhost Target User: admin.,0,Benign
2026-02-27 16:33:30,4624,10,8310,An account was successfully logged on. New Logon: Account Name: jdoe Account Domain: CORP Logon ID: 0x1A2B3C.,0,Benign
2026-02-25 04:38:55,4625,7,378,An account failed to log on. Account Name: administrator Source Network Address: 192.168.1.50.,0,Benign
2026-02-23 16:28:41,4624,3,6801,An account was successfully logged on. Logon Type: 10 Remote Desktop Services.,0,Benign
2026-03-01 13:30:23,4625,5,8218,An account failed to log on. Failure Reason: Unknown user name or bad password. Status: 0xC000006D Sub Status: 0xC000006A.,0,Benign
2026-02-27 23:00:05,4648,2,4468,A logon was attempted using explicit credentials. Process: C:\Windows\System32\runas.exe.,0,Benign
2026-02-25 12:38:49,4634,11,3094,An account was logged off. Logon Type: 2 Interactive.,0,Benign
2026-02-25 15:17:54,4624,5,5921,An account was successfully logged on. Subject: Security ID: S-1-5-21-1234567890 Account Name: Administrator Account Domain: CORP Logon Type: 3.,0,Benign
2026-02-27 14:56:05,4624,11,554,An account was successfully logged on. Subject: Security ID: S-1-5-18 Account Name: SYSTEM Account Domain: NT AUTHORITY Logon ID: 0x3E7 Logon Type: 5.,0,Benign
2026-02-25 09:48:10,4624,12,9374,An account was successfully logged on. Subject: Security ID: S-1-5-21-1234567890 Account Name: Administrator Account Domain: CORP Logon Type: 3.,0,Benign
2026-02-24 17:38:35,4672,12,5892,Special privileges assigned to new logon. Subject: Security ID: S-1-5-18 Privileges: SeAssignPrimaryTokenPrivilege SeTcbPrivilege SeSecurityPrivilege.,0,Benign
2026-03-01 08:34:56,4732,7,4642,A member was added to a security-enabled local group. Member Name: jdoe Group Name: Remote Desktop Users.,0,Benign
2026-02-25 19:55:43,4625,7,1636,An account failed to log on. Account Name: administrator Source Network Address: 192.168.1.50.,0,Benign
2026-02-27 16:59:08,4672,3,7711,Special privileges assigned to new logon. Subject: Security ID: S-1-5-18 Privileges: SeAssignPrimaryTokenPrivilege SeTcbPrivilege SeSecurityPrivilege.,0,Benign
2026-02-23 12:26:23,4624,11,4046,An account was successfully logged on. Subject: Security ID: S-1-5-18 Account Name: SYSTEM Account Domain: NT AUTHORITY Logon ID: 0x3E7 Logon Type: 5.,0,Benign
2026-02-25 10:17:06,4720,8,8379,A user account was created. New Account Name: svc_backup New Account Domain: CORP.,0,Benign
2026-03-01 10:24:47,4732,3,1366,A member was added to a security-enabled local group. Member Name: tempuser Group Name: Administrators.,0,Benign
2026-02-24 08:12:43,4688,11,8683,A new process has been created. New Process Name: C:\Windows\System32\cmd.exe Command Line: cmd.exe /c dir.,0,Benign
2026-02-28 10:49:16,4624,11,8403,An account was successfully logged on. New Logon: Account Name: jdoe Account Domain: CORP Logon ID: 0x1A2B3C.,0,Benign
2026-02-27 09:27:36,4625,7,6520,An account failed to log on. Logon Type: 10 Remote Desktop Services.,0,Benign
2026-02-23 09:50:26,4624,7,5116,An account was successfully logged on. New Logon: Account Name: jdoe Account Domain: CORP Logon ID: 0x1A2B3C.,0,Benign
2026-02-26 03:31:25,4624,7,6764,An account was successfully logged on. New Logon: Account Name: jdoe Account Domain: CORP Logon ID: 0x1A2B3C.,0,Benign
2026-02-28 17:45:29,4634,3,1911,An account was logged off. Logon Type: 3.,0,Benign
2026-02-27 12:54:05,4625,8,2999,An account failed to log on. Failure Reason: Account locked out.,0,Benign
2026-02-27 13:46:49,4624,9,8836,An account was successfully logged on. Logon Type: 10 Remote Desktop Services.,0,Benign
2026-02-27 09:48:16,4720,2,4262,A user account was created. New Account Name: tempuser New Account Domain: CORP.,0,Benign
2026-02-27 12:42:43,4648,2,8751,A logon was attempted using explicit credentials. Target Server: localhost Target User: admin.,0,Benign
2026-02-24 10:59:02,4688,2,1355,A new process has been created. New Process Name: C:\Windows\System32\cmd.exe Command Line: cmd.exe /c dir.,0,Benign
2026-02-27 16:22:00,4688,11,9405,A new process has been created. New Process Name: C:\Windows\System32\notepad.exe.,0,Benign
2026-02-23 12:16:56,4624,8,9899,An account was successfully logged on. Logon Type: 2 Interactive.,0,Benign
2026-02-24 14:04:54,4634,11,9863,An account was logged off. Logon Type: 2 Interactive.,0,Benign
2026-02-27 06:49:32,4624,8,6324,An account was successfully logged on. Subject: Security ID: S-1-5-18 Account Name: SYSTEM Account Domain: NT AUTHORITY Logon ID: 0x3E7 Logon Type: 5.,0,Benign
2026-02-26 15:19:04,4688,12,2211,A new process has been created. New Process Name: C:\Windows\System32\taskhostw.exe.,0,Benign
2026-02-26 08:52:38,4624,2,1253,An account was successfully logged on. Logon Type: 10 Remote Desktop Services.,0,Benign
2026-02-28 17:33:08,4688,2,8017,A new process has been created. New Process Name: C:\Windows\System32\cmd.exe Command Line: cmd.exe /c dir.,0,Benign
2026-02-28 16:44:33,4624,12,7408,An account was successfully logged on. New Logon: Account Name: jdoe Account Domain: CORP Logon ID: 0x1A2B3C.,0,Benign
2026-02-26 23:29:17,4624,3,5199,An account was successfully logged on. New Logon: Account Name: jdoe Account Domain: CORP Logon ID: 0x1A2B3C.,0,Benign
2026-02-23 12:03:06,4634,8,2752,An account was logged off. Logon Type: 2 Interactive.,0,Benign
2026-02-24 17:33:07,4624,11,9201,An account was successfully logged on. Subject: Security ID: S-1-5-21-1234567890 Account Name: Administrator Account Domain: CORP Logon Type: 3.,0,Benign
2026-02-23 17:42:53,4648,12,4945,A logon was attempted using explicit credentials. Target Server: DC01 Target User: backup_svc.,0,Benign
2026-02-27 09:43:07,4624,8,8094,An account was successfully logged on. Logon Type: 2 Interactive.,0,Benign
2026-03-01 13:41:55,4625,3,8157,An account failed to log on. Subject: Security ID: S-1-0-0 Account Name: - Account Domain: - Logon Type: 3.,0,Benign
2026-02-23 04:58:59,4624,10,9407,An account was successfully logged on. Subject: Security ID: S-1-5-21-1234567890 Account Name: Administrator Account Domain: CORP Logon Type: 3.,0,Benign
2026-02-23 08:19:20,4624,5,9313,An account was successfully logged on. Subject: Security ID: S-1-5-18 Account Name: SYSTEM Account Domain: NT AUTHORITY Logon ID: 0x3E7 Logon Type: 5.,0,Benign
2026-02-25 08:00:53,4624,7,6048,An account was successfully logged on. New Logon: Account Name: jdoe Account Domain: CORP Logon ID: 0x1A2B3C.,0,Benign
2026-03-01 12:42:21,4624,5,586,An account was successfully logged on. Subject: Security ID: S-1-5-18 Account Name: SYSTEM Account Domain: NT AUTHORITY Logon ID: 0x3E7 Logon Type: 5.,0,Benign
2026-02-24 08:33:20,4688,7,7637,A new process has been created. New Process Name: C:\Windows\System32\cmd.exe Command Line: cmd.exe /c dir.,0,Benign
2026-02-28 12:37:37,4732,7,7096,A member was added to a security-enabled local group. Member Name: svc_backup Group Name: Backup Operators.,0,Benign
2026-02-25 09:39:01,4688,9,569,A new process has been created. New Process Name: C:\Program Files\Google\Chrome\chrome.exe Command Line: chrome.exe --type=renderer.,0,Benign
2026-02-26 11:27:19,4625,12,7267,An account failed to log on. Failure Reason: Account locked out.,0,Benign
2026-03-01 16:09:28,4648,7,9741,A logon was attempted using explicit credentials. Target Server: localhost Target User: admin.,0,Benign
2026-02-28 05:16:44,4625,3,829,An account failed to log on. Subject: Security ID: S-1-0-0 Account Name: - Account Domain: - Logon Type: 3.,0,Benign
2026-02-23 16:54:27,4624,7,6622,An account was successfully logged on. Subject: Security ID: S-1-5-18 Account Name: SYSTEM Account Domain: NT AUTHORITY Logon ID: 0x3E7 Logon Type: 5.,0,Benign
2026-02-28 18:56:19,4634,2,9858,An account was logged off. Subject: Security ID: S-1-5-21-1234567890 Account Name: jdoe.,0,Benign
2026-02-28 11:33:38,4624,3,7309,An account was successfully logged on. Logon Type: 2 Interactive.,0,Benign
2026-02-27 16:07:41,4648,8,1974,A logon was attempted using explicit credentials. Process: C:\Windows\System32\runas.exe.,0,Benign
2026-02-24 12:46:38,4688,10,8262,A new process has been created. New Process Name: C:\Windows\System32\notepad.exe.,0,Benign
2026-02-27 16:11:34,4625,3,2139,An account failed to log on. Logon Type: 10 Remote Desktop Services.,0,Benign
2026-02-23 09:03:26,4624,8,9469,An account was successfully logged on. Logon Type: 10 Remote Desktop Services.,0,Benign
2026-02-27 04:06:35,4625,12,6261,A logon was attempted using explicit credentials. Target Server: DC01.,1,T1046
2026-02-26 15:25:40,4624,2,4971,An account was successfully logged on. Subject: Security ID: S-1-5-21-1234567890 Account Name: Administrator Account Domain: CORP Logon Type: 3.,0,Benign
2026-02-26 16:38:49,4624,8,7110,An account was successfully logged on. Logon Type: 10 Remote Desktop Services.,0,Benign
2026-02-27 13:50:55,4624,10,4854,An account was successfully logged on. Subject: Security ID: S-1-5-21-1234567890 Account Name: Administrator Account Domain: CORP Logon Type: 3.,0,Benign
2026-02-23 03:07:47,4624,5,5699,An account was successfully logged on. Logon Type: 10 Remote Desktop Services.,0,Benign
2026-02-24 11:04:55,4672,10,4175,Special privileges assigned to new logon. Subject: Security ID: S-1-5-18 Privileges: SeAssignPrimaryTokenPrivilege SeTcbPrivilege SeSecurityPrivilege.,0,Benign
2026-02-23 15:28:02,4634,11,4992,An account was logged off. Logon Type: 3.,0,Benign
2026-02-26 12:54:26,4624,5,3742,An account was successfully logged on. New Logon: Account Name: jdoe Account Domain: CORP Logon ID: 0x1A2B3C.,1,Benign
2026-02-28 17:30:31,4624,2,7481,An account was successfully logged on. Subject: Security ID: S-1-5-18 Account Name: SYSTEM Account Domain: NT AUTHORITY Logon ID: 0x3E7 Logon Type: 5.,0,Benign
2026-02-24 15:57:37,4624,3,3310,An account was successfully logged on. Subject: Security ID: S-1-5-21-1234567890 Account Name: Administrator Account Domain: CORP Logon Type: 3.,0,Benign
2026-02-24 10:44:42,4688,9,6641,A new process has been created. New Process Name: C:\Program Files\Google\Chrome\chrome.exe Command Line: chrome.exe --type=renderer.,0,Benign
2026-02-23 08:51:59,4624,9,7238,An account was successfully logged on. Subject: Security ID: S-1-5-21-1234567890 Account Name: Administrator Account Domain: CORP Logon Type: 3.,0,Benign
2026-02-27 08:31:14,4625,2,1233,An account failed to log on. Logon Type: 10 Remote Desktop Services.,0,Benign
2026-03-01 10:03:52,4624,9,9108,An account was successfully logged on. Subject: Security ID: S-1-5-21-1234567890 Account Name: Administrator Account Domain: CORP Logon Type: 3.,0,Benign
2026-02-23 10:13:11,4688,2,8673,A new process has been created. New Process Name: C:\Windows\System32\notepad.exe.,0,Benign
2026-02-26 08:57:36,4720,7,5677,A user account was created. New Account Name: tempuser New Account Domain: CORP.,0,Benign
2026-02-28 12:39:06,4648,2,8185,A logon was attempted using explicit credentials. Target Server: localhost Target User: admin.,0,Benign
2026-02-25 08:17:09,4688,2,1011,A new process has been created. New Process Name: C:\Windows\System32\powershell.exe Command Line: powershell -enc SQBFAFgA.,1,T1047
2026-02-27 11:38:32,4624,7,6678,An account was successfully logged on. New Logon: Account Name: jdoe Account Domain: CORP Logon ID: 0x1A2B3C.,0,Benign
2026-02-24 10:09:35,4688,11,9245,A new process has been created. New Process Name: C:\Windows\System32\taskhostw.exe.,0,Benign
2026-03-01 10:20:09,4625,3,9748,An account failed to log on. Subject: Security ID: S-1-0-0 Account Name: - Account Domain: - Logon Type: 3.,0,Benign
2026-02-25 10:32:09,4625,2,7381,An account failed to log on. Failure Reason: Unknown user name or bad password. Status: 0xC000006D Sub Status: 0xC000006A.,0,Benign
2026-02-23 13:01:43,4624,11,5362,An account was successfully logged on. Logon Type: 10 Remote Desktop Services.,0,Benign
2026-02-27 08:09:48,4625,10,8943,An account failed to log on. Subject: Security ID: S-1-0-0 Account Name: - Account Domain: - Logon Type: 3.,0,Benign
2026-02-24 13:44:41,4648,9,8780,A logon was attempted using explicit credentials. Target Server: DC01 Target User: backup_svc.,0,Benign
2026-02-28 12:41:59,4688,11,4812,A new process has been created. New Process Name: C:\Windows\System32\taskhostw.exe.,0,Benign
2026-02-27 11:20:40,4625,2,5048,An account failed to log on. Subject: Security ID: S-1-0-0 Account Name: - Account Domain: - Logon Type: 3.,0,Benign
2026-02-28 15:33:04,4624,8,2521,An account was successfully logged on. Logon Type: 2 Interactive.,1,Benign
2026-02-24 18:50:59,4688,2,2730,A new process has been created. New Process Name: C:\Windows\System32\notepad.exe.,0,Benign
2026-02-28 16:43:53,4625,2,4030,An account failed to log on. Logon Type: 10 Remote Desktop Services.,0,Benign
2026-02-23 03:54:35,4624,9,7946,An account was successfully logged on. Logon Type: 10 Remote Desktop Services.,0,Benign
2026-03-01 02:11:16,4625,11,4057,An account failed to log on. Failure Reason: Unknown user name or bad password.,1,T1110
2026-02-23 08:38:29,4648,5,1530,A logon was attempted using explicit credentials. Target Server: DC01 Target User: backup_svc.,0,Benign
2026-02-25 17:53:08,4624,3,8052,An account was successfully logged on. Subject: Security ID: S-1-5-18 Account Name: SYSTEM Account Domain: NT AUTHORITY Logon ID: 0x3E7 Logon Type: 5.,0,Benign
2026-02-27 10:47:57,4625,5,2567,An account failed to log on. Logon Type: 10 Remote Desktop Services.,0,Benign
2026-02-28 22:14:18,4624,3,1226,An account was successfully logged on. Subject: Security ID: S-1-5-18 Account Name: SYSTEM Account Domain: NT AUTHORITY Logon ID: 0x3E7 Logon Type: 5.,0,Benign
2026-02-23 12:39:43,4624,2,4970,An account was successfully logged on. Subject: Security ID: S-1-5-21-1234567890 Account Name: Administrator Account Domain: CORP Logon Type: 3.,0,Benign
2026-02-28 10:33:44,4688,2,9814,A new process has been created. New Process Name: C:\Windows\System32\cmd.exe Command Line: cmd.exe /c dir.,0,Benign
2026-02-23 04:27:27,4624,9,4178,An account was successfully logged on. Logon Type: 10 Remote Desktop Services.,0,Benign
2026-03-01 10:00:40,4624,8,7984,An account was successfully logged on. Logon Type: 10 Remote Desktop Services.,0,Benign
2026-02-27 22:10:17,4624,11,4975,An account was successfully logged on. New Logon: Account Name: jdoe Account Domain: CORP Logon ID: 0x1A2B3C.,0,Benign
2026-02-26 13:33:21,4625,7,7257,An account failed to log on. Failure Reason: Unknown user name or bad password. Status: 0xC000006D Sub Status: 0xC000006A.,0,Benign
2026-02-28 10:22:46,4624,11,3456,An account was successfully logged on. Subject: Security ID: S-1-5-21-1234567890 Account Name: Administrator Account Domain: CORP Logon Type: 3.,0,Benign
2026-02-26 16:23:38,4672,11,945,Special privileges assigned to new logon. Subject: Security ID: S-1-5-18 Privileges: SeAssignPrimaryTokenPrivilege SeTcbPrivilege SeSecurityPrivilege.,0,Benign
2026-02-27 02:46:26,4624,12,8490,An account was successfully logged on. Logon Type: 10 Remote Desktop Services.,0,Benign
2026-02-28 00:36:00,4624,12,2154,An account was successfully logged on. Logon Type: 10 Remote Desktop Services.,0,Benign
2026-02-28 12:08:11,4624,8,7302,An account was successfully logged on. New Logon: Account Name: jdoe Account Domain: CORP Logon ID: 0x1A2B3C.,0,Benign
2026-02-25 16:31:01,4624,9,364,An account was successfully logged on. Logon Type: 10 Remote Desktop Services.,0,Benign
2026-02-25 08:56:18,4648,5,7305,A logon was attempted using explicit credentials. Target Server: DC01 Target User: backup_svc.,0,Benign
2026-02-26 15:24:49,4688,5,9849,A new process has been created. New Process Name: C:\Program Files\Google\Chrome\chrome.exe Command Line: chrome.exe --type=renderer.,0,Benign
2026-02-28 15:42:50,4648,7,6747,A logon was attempted using explicit credentials. Target Server: DC01 Target User: backup_svc.,0,Benign
2026-02-27 10:40:52,4624,5,7263,An account was successfully logged on. Logon Type: 2 Interactive.,0,Benign
2026-02-27 07:30:31,4634,8,5905,An account was logged off. Logon Type: 3.,0,Benign
2026-03-01 17:59:47,4625,3,4717,An account failed to log on. Account Name: administrator Source Network Address: 192.168.1.50.,0,Benign
2026-02-23 01:32:21,4624,8,2827,An account failed to log on. Logon Type: 3 Source Network Address: 10.0.0.99.,1,T1110
2026-02-23 13:22:16,4688,10,5481,A new process has been created. New Process Name: C:\Windows\System32\taskhostw.exe.,0,Benign
2026-02-25 14:55:31,4688,2,8989,A new process has been created. New Process Name: C:\Windows\System32\notepad.exe.,0,Benign
2026-02-28 10:37:36,4648,8,4602,A logon was attempted using explicit credentials. Process: C:\Windows\System32\runas.exe.,0,Benign
2026-02-28 12:54:39,4688,3,3338,A new process has been created. New Process Name: C:\Windows\System32\svchost.exe Creator Process Name: C:\Windows\System32\services.exe.,0,Benign
2026-02-24 08:27:49,4688,2,538,A new process has been created. New Process Name: C:\Windows\System32\cmd.exe Command Line: cmd.exe /c dir.,0,Benign
2026-02-25 04:06:40,4720,7,6277,A user account was created. New Account Name: svc_backup New Account Domain: CORP.,0,Benign
2026-02-28 08:48:59,4732,5,928,A member was added to a security-enabled local group. Member Name: svc_backup Group Name: Backup Operators.,0,Benign
2026-02-27 21:34:17,4624,5,2614,An account was successfully logged on. Subject: Security ID: S-1-5-21-1234567890 Account Name: Administrator Account Domain: CORP Logon Type: 3.,0,Benign
2026-03-01 13:33:55,4624,8,7578,An account was successfully logged on. Logon Type: 10 Remote Desktop Services.,0,Benign
2026-03-01 15:21:53,4624,9,8763,An account was successfully logged on. Logon Type: 2 Interactive.,0,Benign
2026-02-23 16:44:35,4624,10,4179,An account was successfully logged on. Logon Type: 2 Interactive.,0,Benign
2026-03-01 14:57:02,4625,5,7328,An account failed to log on. Account Name: administrator Source Network Address: 192.168.1.50.,0,Benign
2026-02-23 11:45:10,4720,3,9136,A user account was created. New Account Name: test_account.,1,Benign
2026-02-27 16:35:53,4672,11,5343,Special privileges assigned to new logon. Account Name: SYSTEM Privileges: SeBackupPrivilege SeRestorePrivilege.,0,Benign
2026-02-28 07:09:08,4624,2,6260,An account was successfully logged on. Subject: Security ID: S-1-5-21-1234567890 Account Name: Administrator Account Domain: CORP Logon Type: 3.,0,Benign
2026-02-26 15:46:25,4688,11,1704,A new process has been created. New Process Name: C:\Program Files\Google\Chrome\chrome.exe Command Line: chrome.exe --type=renderer.,0,Benign
2026-02-27 09:17:52,4720,2,8980,A user account was created. New Account Name: svc_backup New Account Domain: CORP.,0,Benign
2026-02-24 10:51:19,4648,7,2466,A logon was attempted using explicit credentials. Process: C:\Windows\System32\runas.exe.,0,Benign
2026-03-01 17:29:14,4672,11,9565,Special privileges assigned to new logon. Subject: Security ID: S-1-5-18 Privileges: SeAssignPrimaryTokenPrivilege SeTcbPrivilege SeSecurityPrivilege.,0,Benign
2026-03-01 15:14:54,4720,8,3496,A user account was created. New Account Name: tempuser New Account Domain: CORP.,0,Benign
2026-02-28 04:33:11,4672,7,471,Special privileges assigned to new logon. Account Name: SYSTEM Privileges: SeBackupPrivilege SeRestorePrivilege.,0,Benign
2026-02-27 11:51:19,4624,9,2064,An account was successfully logged on. Logon Type: 10 Remote Desktop Services.,0,Benign
2026-02-24 16:04:01,4688,7,3464,A new process has been created. New Process Name: C:\Program Files\Google\Chrome\chrome.exe Command Line: chrome.exe --type=renderer.,1,Benign
2026-03-01 17:15:54,4624,12,4015,An account was successfully logged on. Logon Type: 2 Interactive.,0,Benign
2026-02-26 12:05:02,4625,7,1882,An account failed to log on. Subject: Security ID: S-1-0-0 Account Name: - Account Domain: - Logon Type: 3.,0,Benign
2026-02-23 11:56:43,4624,2,1377,An account was successfully logged on. New Logon: Account Name: jdoe Account Domain: CORP Logon ID: 0x1A2B3C.,0,Benign
2026-02-24 14:19:00,4624,8,912,An account was successfully logged on. Logon Type: 2 Interactive.,0,Benign
2026-02-27 11:52:15,4624,3,7208,An account was successfully logged on. Logon Type: 10 Remote Desktop Services.,0,Benign
2026-02-27 10:05:41,4625,3,5299,An account failed to log on. Logon Type: 10 Remote Desktop Services.,0,Benign
2026-02-25 18:04:08,4624,5,6773,A new process has been created. New Process Name: C:\Temp\procdump.exe.,1,T1003
2026-02-26 10:19:55,4648,5,4826,A logon was attempted using explicit credentials. Process: C:\Windows\System32\runas.exe.,0,Benign
2026-02-27 10:51:31,4624,8,975,An account was successfully logged on. Subject: Security ID: S-1-5-18 Account Name: SYSTEM Account Domain: NT AUTHORITY Logon ID: 0x3E7 Logon Type: 5.,0,Benign
2026-02-23 20:18:49,4624,8,960,An account was successfully logged on. Logon Type: 2 Interactive.,0,Benign
2026-02-27 09:01:41,4625,7,2267,An account failed to log on. Account Name: administrator Source Network Address: 192.168.1.50.,0,Benign
2026-02-25 08:03:19,4624,7,1576,An account was successfully logged on. Subject: Security ID: S-1-5-21-1234567890 Account Name: Administrator Account Domain: CORP Logon Type: 3.,0,Benign
2026-03-01 12:23:29,4624,2,9878,An account was successfully logged on. Logon Type: 10 Remote Desktop Services.,0,Benign
2026-02-27 12:49:01,4624,12,9023,An account was successfully logged on. Logon Type: 2 Interactive.,1,Benign
2026-02-28 10:16:14,4625,3,5951,An account failed to log on. Logon Type: 10 Remote Desktop Services.,0,Benign
2026-02-24 11:31:34,4648,9,8844,A logon was attempted using explicit credentials. Target Server: localhost Target User: admin.,0,Benign
2026-02-23 15:47:07,4634,5,8642,An account was logged off. Subject: Security ID: S-1-5-21-1234567890 Account Name: jdoe.,0,Benign
2026-03-01 13:51:14,4624,8,9396,An account was successfully logged on. New Logon: Account Name: jdoe Account Domain: CORP Logon ID: 0x1A2B3C.,0,Benign
2026-02-23 13:18:46,4625,7,3404,An account failed to log on. Subject: Security ID: S-1-0-0 Account Name: - Account Domain: - Logon Type: 3.,0,Benign
2026-03-01 09:02:23,4648,2,1733,A logon was attempted using explicit credentials. Process: C:\Windows\System32\runas.exe.,0,Benign
2026-02-23 09:06:24,4688,9,9728,A new process has been created. New Process Name: C:\Windows\System32\cmd.exe Command Line: cmd.exe /c dir.,0,Benign
2026-02-27 17:14:29,4624,2,9972,An account was successfully logged on. New Logon: Account Name: jdoe Account Domain: CORP Logon ID: 0x1A2B3C.,0,Benign
2026-02-26 15:10:48,4624,9,7324,An account was successfully logged on. Logon Type: 2 Interactive.,0,Benign
2026-02-27 11:11:53,4720,3,1432,A user account was created. New Account Name: test_account.,0,Benign
2026-02-27 15:58:00,4625,2,728,An account failed to log on. Failure Reason: Unknown user name or bad password. Status: 0xC000006D Sub Status: 0xC000006A.,0,Benign
2026-02-25 15:38:23,4624,3,8491,An account was successfully logged on. Logon Type: 10 Remote Desktop Services.,0,Benign
2026-02-24 08:08:22,4720,8,5621,A user account was created. New Account Name: svc_backup New Account Domain: CORP.,0,Benign
2026-02-27 14:51:54,4624,9,7805,An account was successfully logged on. Subject: Security ID: S-1-5-21-1234567890 Account Name: Administrator Account Domain: CORP Logon Type: 3.,0,Benign
2026-02-28 08:39:17,4688,11,5915,A new process has been created. New Process Name: C:\Windows\System32\svchost.exe Creator Process Name: C:\Windows\System32\services.exe.,0,Benign
2026-02-25 17:34:44,4624,12,1510,An account was successfully logged on. Subject: Security ID: S-1-5-21-1234567890 Account Name: Administrator Account Domain: CORP Logon Type: 3.,0,Benign
2026-02-23 06:54:22,4624,11,9143,An account was successfully logged on. New Logon: Account Name: jdoe Account Domain: CORP Logon ID: 0x1A2B3C.,0,Benign
2026-02-25 10:46:26,4688,3,7997,A new process has been created. New Process Name: C:\Program Files\Google\Chrome\chrome.exe Command Line: chrome.exe --type=renderer.,0,Benign
2026-02-28 13:30:45,4688,7,1195,A new process has been created. New Process Name: C:\Windows\System32\cmd.exe Command Line: cmd.exe /c dir.,0,Benign
2026-02-26 14:29:54,4648,10,168,A logon was attempted using explicit credentials. Target Server: localhost Target User: admin.,0,Benign
2026-02-25 08:18:05,4624,8,3724,An account was successfully logged on. Subject: Security ID: S-1-5-18 Account Name: SYSTEM Account Domain: NT AUTHORITY Logon ID: 0x3E7 Logon Type: 5.,0,Benign
2026-02-28 14:10:23,4624,12,1754,An account was successfully logged on. New Logon: Account Name: jdoe Account Domain: CORP Logon ID: 0x1A2B3C.,0,Benign
2026-02-26 14:09:25,4625,2,5568,An account failed to log on. Logon Type: 10 Remote Desktop Services.,0,Benign
2026-02-28 12:42:51,4688,10,191,A new process has been created. New Process Name: C:\Windows\System32\svchost.exe Creator Process Name: C:\Windows\System32\services.exe.,0,Benign
2026-02-26 16:50:16,4624,7,9515,An account was successfully logged on. Logon Type: 2 Interactive.,0,Benign
2026-02-23 17:26:53,4624,10,2602,An account was successfully logged on. Subject: Security ID: S-1-5-18 Account Name: SYSTEM Account Domain: NT AUTHORITY Logon ID: 0x3E7 Logon Type: 5.,0,Benign
2026-02-28 17:40:52,4648,11,5926,A logon was attempted using explicit credentials. Target Server: DC01 Target User: backup_svc.,0,Benign
2026-02-25 08:20:26,4672,9,9243,Special privileges assigned to new logon. Account Name: SYSTEM Privileges: SeBackupPrivilege SeRestorePrivilege.,0,Benign
2026-02-28 12:47:31,4624,10,8957,An account was successfully logged on. Logon Type: 2 Interactive.,0,Benign
2026-02-25 10:56:31,4625,9,6493,An account failed to log on. Account Name: administrator Source Network Address: 192.168.1.50.,0,Benign
2026-02-25 11:42:04,4624,10,1704,An account was successfully logged on. Subject: Security ID: S-1-5-21-1234567890 Account Name: Administrator Account Domain: CORP Logon Type: 3.,0,Benign
2026-03-01 16:15:39,4672,8,175,Special privileges assigned to new logon. Account Name: SYSTEM Privileges: SeBackupPrivilege SeRestorePrivilege.,0,Benign
2026-02-25 11:41:37,4672,10,333,Special privileges assigned to new logon. Subject: Security ID: S-1-5-18 Privileges: SeAssignPrimaryTokenPrivilege SeTcbPrivilege SeSecurityPrivilege.,0,Benign
2026-02-24 12:53:34,4672,11,5416,Special privileges assigned to new logon. Account Name: SYSTEM Privileges: SeBackupPrivilege SeRestorePrivilege.,0,Benign
2026-02-25 00:12:55,4624,3,2838,A new process has been created. New Process Name: C:\Temp\procdump.exe.,1,T1003
2026-02-25 10:38:11,4634,3,1894,An account was logged off. Logon Type: 3.,0,Benign
2026-02-26 10:38:19,4624,12,5726,An account was successfully logged on. Logon Type: 2 Interactive.,0,Benign
2026-02-28 11:54:57,4625,8,6282,An account failed to log on. Failure Reason: Account locked out.,0,Benign
2026-02-26 19:37:07,4648,3,4500,A logon was attempted using explicit credentials. Process: C:\Windows\System32\runas.exe.,0,Benign
2026-02-25 05:13:57,4688,5,1056,A new process has been created. New Process Name: C:\Windows\System32\taskhostw.exe.,0,Benign
2026-02-26 17:19:05,4624,8,2446,An account was successfully logged on. Subject: Security ID: S-1-5-18 Account Name: SYSTEM Account Domain: NT AUTHORITY Logon ID: 0x3E7 Logon Type: 5.,0,Benign
2026-02-26 11:20:36,4634,10,3814,An account was logged off. Logon Type: 3.,0,Benign
2026-02-28 09:18:00,4648,7,1334,A logon was attempted using explicit credentials. Process: C:\Windows\System32\runas.exe.,0,Benign
2026-02-27 12:05:03,4625,2,1530,An account failed to log on. Failure Reason: Unknown user name or bad password. Status: 0xC000006D Sub Status: 0xC000006A.,0,Benign
2026-02-24 00:47:10,4625,10,9302,An account failed to log on. Subject: Security ID: S-1-0-0 Account Name: - Account Domain: - Logon Type: 3.,0,Benign
2026-02-26 05:52:28,4624,8,4753,An account was successfully logged on. Subject: Security ID: S-1-5-21-1234567890 Account Name: Administrator Account Domain: CORP Logon Type: 3.,0,Benign
2026-02-25 14:18:29,4648,9,4519,A logon was attempted using explicit credentials. Target Server: localhost Target User: admin.,0,Benign
2026-02-27 04:20:50,4634,11,4504,An account was logged off. Logon Type: 2 Interactive.,0,Benign
2026-02-26 09:33:59,4624,2,8728,An account was successfully logged on. Logon Type: 10 Remote Desktop Services.,0,Benign
2026-02-27 09:37:07,4648,9,2536,A logon was attempted using explicit credentials. Target Server: localhost Target User: admin.,0,Benign
2026-02-24 09:19:20,4624,12,2764,An account was successfully logged on. Logon Type: 2 Interactive.,0,Benign
2026-02-28 17:06:23,4624,5,2709,An account was successfully logged on. Subject: Security ID: S-1-5-18 Account Name: SYSTEM Account Domain: NT AUTHORITY Logon ID: 0x3E7 Logon Type: 5.,0,Benign
2026-02-28 11:53:14,4688,7,2959,A new process has been created. New Process Name: C:\Windows\System32\notepad.exe.,0,Benign
2026-02-28 22:19:48,4625,5,4721,An account failed to log on. Failure Reason: Unknown user name or bad password. Status: 0xC000006D Sub Status: 0xC000006A.,0,Benign
2026-02-25 15:39:10,4625,8,9571,An account failed to log on. Failure Reason: Account locked out.,0,Benign
2026-02-24 14:39:35,4624,7,8886,An account was successfully logged on. Subject: Security ID: S-1-5-21-1234567890 Account Name: Administrator Account Domain: CORP Logon Type: 3.,0,Benign
2026-02-24 08:05:02,4648,5,8205,A logon was attempted using explicit credentials. Process: C:\Windows\System32\runas.exe.,0,Benign
2026-02-27 07:08:59,4624,2,8399,An account was successfully logged on. Subject: Security ID: S-1-5-21-1234567890 Account Name: Administrator Account Domain: CORP Logon Type: 3.,0,Benign
2026-02-25 12:54:21,4624,11,6408,An account was successfully logged on. Logon Type: 2 Interactive.,0,Benign
2026-02-27 09:37:30,4688,7,6977,A new process has been created. New Process Name: C:\Windows\System32\taskhostw.exe.,0,Benign
2026-02-26 13:15:00,4688,3,7707,A new process has been created. New Process Name: C:\Windows\System32\notepad.exe.,0,Benign
2026-02-26 15:11:17,4624,8,6103,An account was successfully logged on. Subject: Security ID: S-1-5-21-1234567890 Account Name: Administrator Account Domain: CORP Logon Type: 3.,0,Benign
2026-02-25 13:06:48,4688,10,3077,A new process has been created. New Process Name: C:\Windows\System32\cmd.exe Command Line: cmd.exe /c dir.,0,Benign
2026-02-25 12:05:27,4625,11,3216,An account failed to log on. Failure Reason: Account locked out.,0,Benign
2026-02-24 21:49:48,4688,8,424,A new process has been created. New Process Name: C:\Windows\System32\notepad.exe.,0,Benign
2026-02-26 11:19:22,4624,11,5449,An account was successfully logged on. Subject: Security ID: S-1-5-18 Account Name: SYSTEM Account Domain: NT AUTHORITY Logon ID: 0x3E7 Logon Type: 5.,0,Benign
