2026-03-01 11:24:05,4672,12,9289,Special privileges assigned to new logon. Subject: Security ID: S-1-5-18 Privileges: SeAssignPrimaryTokenPrivilege SeTcbPrivilege SeSecurityPrivilege.,0,Benign
2026-02-26 11:52:19,4732,9,7007,A member was added to a security-enabled local group. Member Name: tempuser Group Name: Administrators.,0,Benign
2026-02-27 14:39:00,4624,10,4923,An account was successfully logged on. Logon Type: 10 Remote Desktop Services.,0,Benign
2026-02-23 17:42:42,4624,9,1827,An account was successfully logged on. Logon Type: 10 Remote Desktop Services.,0,Benign
2026-02-28 16:18:47,4688,12,7146,A new process has been created. New Process Name: C:\Windows\System32\cmd.exe Command Line: cmd.exe /c dir.,0,Benign
2026-02-23 15:32:36,4624,9,8331,An account was successfully logged on. Logon Type: 2 Interactive.,0,Benign
2026-02-25 12:57:40,4625,9,1961,An account failed to log on. Subject: Security ID: S-1-0-0 Account Name: - Account Domain: - Logon Type: 3.,0,Benign
2026-02-26 14:46:04,4634,12,8221,An account was logged off. Logon Type: 3.,0,Benign
2026-02-23 17:58:29,4648,2,208,A logon was attempted using explicit credentials. Process: C:\Windows\System32\runas.exe.,0,Benign
2026-02-23 10:59:26,4624,11,5402,An account was successfully logged on. Logon Type: 10 Remote Desktop Services.,0,Benign
2026-03-01 09:26:45,4624,9,1550,An account was successfully logged on. Subject: Security ID: S-1-5-21-1234567890 Account Name: Administrator Account Domain: CORP Logon Type: 3.,0,Benign
2026-02-24 12:53:53,4624,7,4421,An account was successfully logged on. Subject: Security ID: S-1-5-18 Account Name: SYSTEM Account Domain: NT AUTHORITY Logon ID: 0x3E7 Logon Type: 5.,0,Benign
2026-02-25 08:03:29,4688,10,1868,A new process has been created. New Process Name: C:\Windows\System32\notepad.exe.,0,Benign
2026-02-24 13:33:27,4648,7,7502,A logon was attempted using explicit credentials. Target Server: localhost Target User: admin.,0,Benign
2026-02-28 01:04:04,4624,10,9292,An account was successfully logged on. Logon Type: 2 Interactive.,0,Benign
2026-02-27 00:32:49,4688,5,2346,A new process has been created. New Process Name: C:\Windows\System32\notepad.exe.,0,Benign
2026-02-26 07:59:49,4624,11,2451,An account was successfully logged on. Logon Type: 10 Remote Desktop Services.,0,Benign
2026-03-01 12:50:08,4624,12,5880,An account was successfully logged on. Logon Type: 2 Interactive.,0,Benign
2026-02-27 08:12:19,4624,10,5180,An account was successfully logged on. Subject: Security ID: S-1-5-18 Account Name: SYSTEM Account Domain: NT AUTHORITY Logon ID: 0x3E7 Logon Type: 5.,0,Benign
2026-02-24 20:54:08,4624,8,205,An account was successfully logged on. New Logon: Account Name: jdoe Account Domain: CORP Logon ID: 0x1A2B3C.,0,Benign
2026-02-26 16:55:32,4625,5,2318,An account failed to log on. Subject: Security ID: S-1-0-0 Account Name: - Account Domain: - Logon Type: 3.,0,Benign
2026-02-25 11:48:13,4688,5,5517,A new process has been created. New Process Name: C:\Windows\System32\taskhostw.exe.,0,Benign
2026-02-27 08:18:07,4624,5,8607,An account was successfully logged on. Logon Type: 10 Remote Desktop Services.,0,Benign
2026-02-23 15:01:35,4624,8,4552,An account was successfully logged on. New Logon: Account Name: jdoe Account Domain: CORP Logon ID: 0x1A2B3C.,0,Benign
2026-02-27 00:45:31,4625,11,1593,An account failed to log on. Logon Type: 10 Remote Desktop Services.,0,Benign
2026-02-24 11:07:15,4634,5,8318,An account was logged off. Logon Type: 2 Interactive.,0,Benign
2026-02-28 14:38:58,4648,9,2627,A logon was attempted using explicit credentials. Target Server: localhost Target User: admin.,0,Benign
2026-02-23 08:44:46,4625,9,5391,An account failed to log on. Failure Reason: Unknown user name or bad password. Status: 0xC000006D Sub Status: 0xC000006A.,0,Benign
2026-02-24 12:23:47,4634,12,2524,An account was logged off. Logon Type: 2 Interactive.,0,Benign
2026-03-01 01:50:31,4688,2,6237,A new process has been created. New Process Name: C:\Windows\System32\taskhostw.exe.,0,Benign
2026-02-27 14:43:33,4688,5,7890,A new process has been created. New Process Name: C:\Windows\System32\taskhostw.exe.,0,Benign
2026-02-25 16:16:59,4624,8,6813,An account was successfully logged on. Logon Type: 2 Interactive.,0,Benign
2026-02-24 14:46:14,4624,2,3869,An account was successfully logged on. New Logon: Account Name: jdoe Account Domain: CORP Logon ID: 0x1A2B3C.,0,Benign
2026-02-26 00:49:19,4624,8,4839,An account was successfully logged on. New Logon: Account Name: jdoe Account Domain: CORP Logon ID: 0x1A2B3C.,0,Benign
2026-03-01 09:31:13,4624,11,7196,An account was successfully logged on. Logon Type: 2 Interactive.,0,Benign
2026-02-28 16:55:06,4624,5,1067,An account was successfully logged on. Logon Type: 2 Interactive.,0,Benign
2026-02-23 15:38:39,4634,7,8360,An account was logged off. Subject: Security ID: S-1-5-21-1234567890 Account Name: jdoe.,0,Benign
2026-02-28 09:09:27,4634,11,1476,An account was logged off. Logon Type: 2 Interactive.,0,Benign
2026-02-23 11:21:47,4624,10,9139,An account was successfully logged on. Subject: Security ID: S-1-5-21-1234567890 Account Name: Administrator Account Domain: CORP Logon Type: 3.,0,Benign
2026-02-26 14:21:50,4634,7,9102,An account was logged off. Logon Type: 2 Interactive.,0,Benign
2026-03-01 11:50:43,4624,8,4231,An account was successfully logged on. Logon Type: 2 Interactive.,0,Benign
2026-02-23 08:56:29,4624,5,1651,An account was successfully logged on. Logon Type: 2 Interactive.,0,Benign
2026-02-26 17:55:38,4648,8,2911,A logon was attempted using explicit credentials. Target Server: DC01 Target User: backup_svc.,0,Benign
2026-02-27 13:41:59,4688,9,1130,A new process has been created. New Process Name: C:\Windows\System32\svchost.exe Creator Process Name: C:\Windows\System32\services.exe.,0,Benign
2026-02-28 04:08:39,4625,10,2745,An account failed to log on. Logon Type: 10 Remote Desktop Services.,0,Benign
2026-02-28 12:00:25,4624,8,2549,An account was successfully logged on. Logon Type: 10 Remote Desktop Services.,0,Benign
2026-02-26 02:11:01,4648,8,7530,A logon was attempted using explicit credentials. Target Server: localhost Target User: admin.,0,Benign
2026-02-24 10:23:39,4648,5,941,A logon was attempted using explicit credentials. Process: C:\Windows\System32\runas.exe.,0,Benign
2026-02-25 08:08:28,4625,5,331,An account failed to log on. Account Name: administrator Source Network Address: 192.168.1.50.,0,Benign
2026-03-01 16:17:53,4688,9,3534,A new process has been created. New Process Name: C:\Windows\System32\notepad.exe.,0,Benign
2026-02-27 13:11:38,4625,7,5936,An account failed to log on. Account Name: administrator Source Network Address: 192.168.1.50.,0,Benign
2026-03-01 12:54:31,4624,10,3944,An account was successfully logged on. New Logon: Account Name: jdoe Account Domain: CORP Logon ID: 0x1A2B3C.,0,Benign
2026-02-25 13:08:34,4624,7,5826,An account was successfully logged on. Subject: Security ID: S-1-5-18 Account Name: SYSTEM Account Domain: NT AUTHORITY Logon ID: 0x3E7 Logon Type: 5.,0,Benign
2026-02-27 15:37:24,4634,3,9887,An account was logged off. Logon Type: 2 Interactive.,0,Benign
2026-02-25 10:06:09,4624,10,6732,An account was successfully logged on. Logon Type: 10 Remote Desktop Services.,0,Benign
2026-02-27 13:33:02,4624,7,2057,An account was successfully logged on. Subject: Security ID: S-1-5-18 Account Name: SYSTEM Account Domain: NT AUTHORITY Logon ID: 0x3E7 Logon Type: 5.,0,Benign
2026-02-25 09:10:05,4624,5,8966,An account was successfully logged on. Subject: Security ID: S-1-5-18 Account Name: SYSTEM Account Domain: NT AUTHORITY Logon ID: 0x3E7 Logon Type: 5.,0,Benign
2026-02-27 14:08:00,4672,12,9077,Special privileges assigned to new logon. Subject: Security ID: S-1-5-18 Privileges: SeAssignPrimaryTokenPrivilege SeTcbPrivilege SeSecurityPrivilege.,0,Benign
2026-02-24 15:52:03,4634,2,5225,An account was logged off. Logon Type: 2 Interactive.,0,Benign
2026-03-01 23:39:33,4625,12,7950,An account failed to log on. Subject: Security ID: S-1-0-0 Account Name: - Account Domain: - Logon Type: 3.,0,Benign
2026-02-28 11:42:29,4648,2,1735,A logon was attempted using explicit credentials. Target Server: DC01 Target User: backup_svc.,0,Benign
2026-02-27 10:39:16,4625,3,5195,An account failed to log on. Logon Type: 10 Remote Desktop Services.,0,Benign
2026-02-23 13:37:13,4624,2,2864,An account was successfully logged on. New Logon: Account Name: jdoe Account Domain: CORP Logon ID: 0x1A2B3C.,0,Benign
2026-02-23 14:05:18,4732,3,1704,A member was added to a security-enabled local group. Member Name: svc_backup Group Name: Backup Operators.,0,Benign
2026-03-01 08:00:35,4634,12,4500,An account was logged off. Subject: Security ID: S-1-5-21-1234567890 Account Name: jdoe.,0,Benign
2026-02-24 09:21:26,4688,8,3847,A new process has been created. New Process Name: C:\Program Files\Google\Chrome\chrome.exe Command Line: chrome.exe --type=renderer.,0,Benign
2026-02-27 10:45:12,4624,10,6388,An account was successfully logged on. Logon Type: 10 Remote Desktop Services.,0,Benign
2026-02-24 23:36:39,4624,9,1517,An account was successfully logged on. Logon Type: 10 Remote Desktop Services.,0,Benign
2026-02-26 09:08:23,4625,3,6408,An account failed to log on. Failure Reason: Account locked out.,0,Benign
2026-02-24 09:11:15,4624,11,4062,An account was successfully logged on. Subject: Security ID: S-1-5-18 Account Name: SYSTEM Account Domain: NT AUTHORITY Logon ID: 0x3E7 Logon Type: 5.,0,Benign
2026-02-26 09:56:11,4688,12,1039,A new process has been created. New Process Name: C:\Windows\System32\notepad.exe.,0,Benign
2026-03-01 03:48:23,4672,2,9357,Special privileges assigned to new logon. Subject: Security ID: S-1-5-18 Privileges: SeAssignPrimaryTokenPrivilege SeTcbPrivilege SeSecurityPrivilege.,0,Benign
2026-02-24 08:32:08,4720,8,9308,A user account was created. New Account Name: test_account.,0,Benign
2026-03-01 17:37:58,4624,10,3073,An account was successfully logged on. Logon Type: 2 Interactive.,0,Benign
2026-03-01 10:57:09,4634,11,6894,An account was logged off. Subject: Security ID: S-1-5-21-1234567890 Account Name: jdoe.,0,Benign
2026-03-01 05:55:18,4624,3,9002,An account was successfully logged on. Subject: Security ID: S-1-5-21-1234567890 Account Name: Administrator Account Domain: CORP Logon Type: 3.,0,Benign
2026-02-28 17:05:19,4624,12,1793,An account was successfully logged on. New Logon: Account Name: jdoe Account Domain: CORP Logon ID: 0x1A2B3C.,0,Benign
2026-03-01 09:37:41,4688,8,9985,A new process has been created. New Process Name: C:\Windows\System32\cmd.exe Command Line: cmd.exe /c dir.,0,Benign
2026-02-23 15:03:39,4625,3,9927,An account failed to log on. Subject: Security ID: S-1-0-0 Account Name: - Account Domain: - Logon Type: 3.,0,Benign
2026-02-25 11:18:03,4732,11,9721,A member was added to a security-enabled local group. Member Name: jdoe Group Name: Remote Desktop Users.,0,Benign
2026-02-28 10:33:09,4634,3,5596,An account was logged off. Subject: Security ID: S-1-5-21-1234567890 Account Name: jdoe.,0,Benign
2026-02-23 12:46:54,4688,12,7697,A new process has been created. New Process Name: C:\Windows\System32\taskhostw.exe.,0,Benign
2026-02-24 09:36:27,4624,7,6054,An account was successfully logged on. Logon Type: 10 Remote Desktop Services.,0,Benign
2026-02-23 08:40:48,4625,11,6351,An account failed to log on. Logon Type: 10 Remote Desktop Services.,0,Benign
2026-02-23 10:44:40,4624,11,1557,An account was successfully logged on. Subject: Security ID: S-1-5-18 Account Name: SYSTEM Account Domain: NT AUTHORITY Logon ID: 0x3E7 Logon Type: 5.,0,Benign
2026-02-27 14:01:56,4624,11,4753,An account was successfully logged on. New Logon: Account Name: jdoe Account Domain: CORP Logon ID: 0x1A2B3C.,0,Benign
2026-02-25 09:17:00,4688,9,707,A new process has been created. New Process Name: C:\Windows\System32\svchost.exe Creator Process Name: C:\Windows\System32\services.exe.,0,Benign
2026-02-23 08:51:16,4688,12,6334,A new process has been created. New Process Name: C:\Windows\System32\taskhostw.exe.,0,Benign
2026-02-27 10:04:30,4624,10,5577,An account was successfully logged on. New Logon: Account Name: jdoe Account Domain: CORP Logon ID: 0x1A2B3C.,0,Benign
2026-02-25 08:43:32,4688,5,7870,A new process has been created. New Process Name: C:\Program Files\Google\Chrome\chrome.exe Command Line: chrome.exe --type=renderer.,0,Benign
2026-02-25 12:32:46,4634,9,6034,An account was logged off. Subject: Security ID: S-1-5-21-1234567890 Account Name: jdoe.,0,Benign
2026-02-25 17:38:45,4634,12,8090,An account was logged off. Logon Type: 3.,0,Benign
2026-02-24 07:34:19,4648,12,9181,A logon was attempted using explicit credentials. Process: C:\Windows\System32\runas.exe.,0,Benign
2026-03-01 12:09:34,4720,7,4609,A user account was created. New Account Name: svc_backup New Account Domain: CORP.,0,Benign
2026-02-25 08:50:02,4688,10,7788,A new process has been created. New Process Name: C:\Windows\System32\notepad.exe.,0,Benign
2026-03-01 12:58:46,4624,2,6350,An account was successfully logged on. Subject: Security ID: S-1-5-21-1234567890 Account Name: Administrator Account Domain: CORP Logon Type: 3.,0,Benign
2026-03-01 14:28:16,4672,3,9739,Special privileges assigned to new logon. Account Name: SYSTEM Privileges: SeBackupPrivilege SeRestorePrivilege.,0,Benign
2026-02-27 15:27:54,4624,9,9941,An account was successfully logged on. Subject: Security ID: S-1-5-21-1234567890 Account Name: Administrator Account Domain: CORP Logon Type: 3.,0,Benign
2026-02-23 14:23:54,4672,11,8231,Special privileges assigned to new logon. Subject: Security ID: S-1-5-21-1234567890 Account Name: Administrator Privileges: SeDebugPrivilege.,0,Benign
2026-02-25 04:37:22,4625,11,1355,An account failed to log on. Logon Type: 10 Remote Desktop Services.,0,Benign
2026-02-25 16:41:27,4624,7,134,An account was successfully logged on. New Logon: Account Name: jdoe Account Domain: CORP Logon ID: 0x1A2B3C.,0,Benign
2026-03-01 08:56:35,4624,7,2604,An account was successfully logged on. Logon Type: 2 Interactive.,0,Benign
2026-02-25 11:42:16,4648,10,8482,A logon was attempted using explicit credentials. Process: C:\Windows\System32\runas.exe.,0,Benign
2026-02-28 12:25:29,4648,2,8509,A logon was attempted using explicit credentials. Target Server: localhost Target User: admin.,0,Benign
2026-02-24 23:58:33,4624,8,5537,An account was successfully logged on. Subject: Security ID: S-1-5-21-1234567890 Account Name: Administrator Account Domain: CORP Logon Type: 3.,0,Benign
2026-02-28 02:03:13,4688,10,6053,A new process has been created. New Process Name: C:\Windows\System32\notepad.exe.,0,Benign
2026-02-26 08:07:25,4732,11,8026,A member was added to a security-enabled local group. Member Name: tempuser Group Name: Administrators.,0,Benign
2026-02-26 15:42:54,4625,7,8335,An account failed to log on. Failure Reason: Account locked out.,0,Benign
2026-03-01 08:19:12,4625,5,1474,An account failed to log on. Failure Reason: Unknown user name or bad password. Status: 0xC000006D Sub Status: 0xC000006A.,0,Benign
2026-02-24 15:54:17,4624,2,3399,An account was successfully logged on. Subject: Security ID: S-1-5-18 Account Name: SYSTEM Account Domain: NT AUTHORITY Logon ID: 0x3E7 Logon Type: 5.,0,Benign
2026-02-25 16:21:03,4624,12,721,An account was successfully logged on. New Logon: Account Name: jdoe Account Domain: CORP Logon ID: 0x1A2B3C.,0,Benign
2026-02-25 14:54:15,4625,5,7641,An account failed to log on. Failure Reason: Unknown user name or bad password. Status: 0xC000006D Sub Status: 0xC000006A.,0,Benign
2026-03-01 09:18:48,4672,2,5897,Special privileges assigned to new logon. Subject: Security ID: S-1-5-18 Privileges: SeAssignPrimaryTokenPrivilege SeTcbPrivilege SeSecurityPrivilege.,0,Benign
2026-02-26 12:07:23,4624,11,6524,An account was successfully logged on. Logon Type: 2 Interactive.,0,Benign
2026-03-01 00:17:08,4624,10,1411,An account was successfully logged on. New Logon: Account Name: jdoe Account Domain: CORP Logon ID: 0x1A2B3C.,0,Benign
2026-02-25 12:49:39,4624,10,1896,An account was successfully logged on. New Logon: Account Name: jdoe Account Domain: CORP Logon ID: 0x1A2B3C.,0,Benign
2026-02-24 17:39:02,4720,3,1728,A user account was created. New Account Name: tempuser New Account Domain: CORP.,0,Benign
2026-02-25 17:43:41,4624,2,9182,An account was successfully logged on. Subject: Security ID: S-1-5-21-1234567890 Account Name: Administrator Account Domain: CORP Logon Type: 3.,0,Benign
2026-02-26 17:05:37,4624,8,9065,An account was successfully logged on. Logon Type: 2 Interactive.,0,Benign
2026-02-26 09:42:25,4648,2,4915,A logon was attempted using explicit credentials. Target Server: localhost Target User: admin.,0,Benign
2026-02-24 11:02:55,4720,5,1277,A user account was created. New Account Name: svc_backup New Account Domain: CORP.,0,Benign
2026-02-25 09:20:51,4624,3,3648,An account was successfully logged on. Subject: Security ID: S-1-5-21-1234567890 Account Name: Administrator Account Domain: CORP Logon Type: 3.,0,Benign
2026-02-24 13:14:51,4634,10,9171,An account was logged off. Logon Type: 2 Interactive.,0,Benign
2026-02-26 06:47:17,4672,7,3544,Special privileges assigned to new logon. Subject: Security ID: S-1-5-21-1234567890 Account Name: Administrator Privileges: SeDebugPrivilege.,0,Benign
2026-02-27 17:08:05,4625,2,1694,An account failed to log on. Failure Reason: Account locked out.,0,Benign
2026-02-24 17:01:28,4624,10,530,An account was successfully logged on. Logon Type: 2 Interactive.,0,Benign
2026-02-27 16:41:45,4624,7,2293,An account was successfully logged on. New Logon: Account Name: jdoe Account Domain: CORP Logon ID: 0x1A2B3C.,0,Benign
2026-02-24 09:07:44,4624,3,5447,An account was successfully logged on. Subject: Security ID: S-1-5-18 Account Name: SYSTEM Account Domain: NT AUTHORITY Logon ID: 0x3E7 Logon Type: 5.,0,Benign
2026-02-24 15:09:52,4624,11,8910,An account was successfully logged on. Logon Type: 2 Interactive.,0,Benign
2026-02-24 21:41:21,4624,10,2660,An account was successfully logged on. Logon Type: 2 Interactive.,0,Benign
2026-02-24 13:04:13,4688,5,1397,A new process has been created. New Process Name: C:\Windows\System32\svchost.exe Creator Process Name: C:\Windows\System32\services.exe.,0,Benign
2026-02-28 09:21:46,4648,11,2069,A logon was attempted using explicit credentials. Process: C:\Windows\System32\runas.exe.,0,Benign
2026-02-26 16:10:06,4624,10,7627,An account was successfully logged on. Subject: Security ID: S-1-5-21-1234567890 Account Name: Administrator Account Domain: CORP Logon Type: 3.,0,Benign
2026-03-01 13:45:54,4648,5,3804,A logon was attempted using explicit credentials. Target Server: localhost Target User: admin.,0,Benign
2026-02-28 11:50:50,4624,12,9328,An account was successfully logged on. Logon Type: 10 Remote Desktop Services.,0,Benign
2026-02-23 09:48:07,4624,11,600,An account was successfully logged on. Logon Type: 10 Remote Desktop Services.,0,Benign
2026-02-27 08:45:00,4625,8,9821,An account failed to log on. Failure Reason: Unknown user name or bad password. Status: 0xC000006D Sub Status: 0xC000006A.,0,Benign
2026-02-25 14:38:47,4624,11,2645,An account was successfully logged on. Logon Type: 10 Remote Desktop Services.,0,Benign
2026-02-28 23:01:57,4624,9,4658,An account was successfully logged on. Logon Type: 2 Interactive.,0,Benign
2026-02-25 11:44:44,4634,12,9476,An account was logged off. Logon Type: 2 Interactive.,0,Benign
2026-03-01 05:50:07,4624,12,9268,An account was successfully logged on. Subject: Security ID: S-1-5-21-1234567890 Account Name: Administrator Account Domain: CORP Logon Type: 3.,0,Benign
2026-03-01 14:18:47,4648,12,5446,A logon was attempted using explicit credentials. Target Server: DC01 Target User: backup_svc.,0,Benign
2026-02-24 10:20:15,4624,9,7267,An account was successfully logged on. Subject: Security ID: S-1-5-21-1234567890 Account Name: Administrator Account Domain: CORP Logon Type: 3.,0,Benign
2026-02-27 13:12:04,4624,8,3164,An account was successfully logged on. Logon Type: 10 Remote Desktop Services.,0,Benign
2026-02-28 21:27:06,1102,7,8643,The event logging service has shut down. Reason: The log was cleared by user.,1,T1070
2026-02-28 08:50:31,4625,8,4549,An account failed to log on. Subject: Security ID: S-1-0-0 Account Name: - Account Domain: - Logon Type: 3.,0,Benign
2026-02-25 12:38:04,4624,8,8595,An account was successfully logged on. Logon Type: 10 Remote Desktop Services.,0,Benign
2026-02-24 12:45:31,4732,7,3833,A member was added to a security-enabled local group. Member Name: svc_backup Group Name: Backup Operators.,0,Benign
2026-02-28 09:15:43,4624,11,2451,An account was successfully logged on. Subject: Security ID: S-1-5-18 Account Name: SYSTEM Account Domain: NT AUTHORITY Logon ID: 0x3E7 Logon Type: 5.,0,Benign
2026-02-24 11:41:37,4648,5,6173,A logon was attempted using explicit credentials. Target Server: localhost Target User: admin.,0,Benign
2026-03-01 09:13:42,4625,11,1379,An account failed to log on. Logon Type: 10 Remote Desktop Services.,0,Benign
2026-02-27 11:44:58,4625,7,144,An account failed to log on. Subject: Security ID: S-1-0-0 Account Name: - Account Domain: - Logon Type: 3.,0,Benign
2026-02-24 11:54:43,4634,5,2664,An account was logged off. Logon Type: 3.,0,Benign
2026-02-25 12:27:43,4688,5,3587,A new process has been created. New Process Name: C:\Windows\System32\svchost.exe Creator Process Name: C:\Windows\System32\services.exe.,0,Benign
2026-02-24 22:24:12,4624,9,1664,An account was successfully logged on. Subject: Security ID: S-1-5-18 Account Name: SYSTEM Account Domain: NT AUTHORITY Logon ID: 0x3E7 Logon Type: 5.,0,Benign
2026-02-27 09:23:03,4720,2,8081,A user account was created. New Account Name: test_account.,0,Benign
2026-03-01 19:24:51,4624,7,5619,An account was successfully logged on. Subject: Security ID: S-1-5-18 Account Name: SYSTEM Account Domain: NT AUTHORITY Logon ID: 0x3E7 Logon Type: 5.,0,Benign
2026-02-23 17:21:37,4688,8,169,A new process has been created. New Process Name: C:\Windows\System32\taskhostw.exe.,0,Benign
2026-02-25 13:37:15,4672,3,6509,Special privileges assigned to new logon. Subject: Security ID: S-1-5-18 Privileges: SeAssignPrimaryTokenPrivilege SeTcbPrivilege SeSecurityPrivilege.,0,Benign
2026-03-01 14:50:08,4634,2,5409,An account was logged off. Logon Type: 2 Interactive.,0,Benign
2026-02-23 13:46:54,4624,5,2815,An account was successfully logged on. Subject: Security ID: S-1-5-21-1234567890 Account Name: Administrator Account Domain: CORP Logon Type: 3.,0,Benign
2026-02-26 09:43:08,4688,8,5216,A new process has been created. New Process Name: C:\Windows\System32\taskhostw.exe.,0,Benign
2026-02-27 12:53:34,4634,8,7854,An account was logged off. Logon Type: 3.,0,Benign
2026-02-27 09:43:38,4648,2,4649,A logon was attempted using explicit credentials. Target Server: DC01 Target User: backup_svc.,0,Benign
2026-03-01 17:18:01,4634,12,5749,An account was logged off. Subject: Security ID: S-1-5-21-1234567890 Account Name: jdoe.,0,Benign
2026-02-28 15:01:54,4624,8,978,An account was successfully logged on. Logon Type: 2 Interactive.,0,Benign
2026-02-25 14:37:37,4648,8,1309,A logon was attempted using explicit credentials. Target Server: DC01 Target User: backup_svc.,0,Benign
2026-03-01 16:45:07,4688,10,5544,A new process has been created. New Process Name: C:\Windows\System32\svchost.exe Creator Process Name: C:\Windows\System32\services.exe.,0,Benign
2026-02-27 13:54:20,4648,8,2730,A logon was attempted using explicit credentials. Process: C:\Windows\System32\runas.exe.,0,Benign
2026-02-26 09:25:03,4624,7,2424,An account was successfully logged on. Logon Type: 10 Remote Desktop Services.,0,Benign
2026-02-25 15:41:44,4625,11,5478,An account failed to log on. Failure Reason: Account locked out.,0,Benign
2026-02-24 11:57:44,4688,5,3125,A new process has been created. New Process Name: C:\Windows\System32\notepad.exe.,0,Benign
2026-03-01 17:37:23,4688,9,4759,Special privileges assigned to new logon. Subject: Security ID: S-1-5-21-9876543210 Account Name: attacker.,1,T1003
2026-02-27 04:53:59,4624,8,6049,An account was successfully logged on. Subject: Security ID: S-1-5-21-1234567890 Account Name: Administrator Account Domain: CORP Logon Type: 3.,0,Benign
2026-02-23 12:45:05,4648,12,3926,A logon was attempted using explicit credentials. Target Server: localhost Target User: admin.,0,Benign
2026-02-23 12:44:50,4720,11,3367,A user account was created. New Account Name: svc_backup New Account Domain: CORP.,0,Benign
2026-02-26 13:20:05,4624,9,6372,An account was successfully logged on. Subject: Security ID: S-1-5-21-1234567890 Account Name: Administrator Account Domain: CORP Logon Type: 3.,0,Benign
2026-02-26 14:38:51,4648,10,5947,A logon was attempted using explicit credentials. Target Server: DC01 Target User: backup_svc.,0,Benign
2026-02-23 17:56:35,4625,8,3746,An account failed to log on. Subject: Security ID: S-1-0-0 Account Name: - Account Domain: - Logon Type: 3.,0,Benign
2026-02-27 17:44:40,4648,9,7046,A logon was attempted using explicit credentials. Target Server: DC01 Target User: backup_svc.,0,Benign
2026-02-25 13:20:48,4624,11,298,An account was successfully logged on. New Logon: Account Name: jdoe Account Domain: CORP Logon ID: 0x1A2B3C.,0,Benign
2026-02-25 13:06:43,4648,3,9044,A logon was attempted using explicit credentials. Target Server: localhost Target User: admin.,0,Benign
2026-02-23 17:37:18,4648,12,5316,A logon was attempted using explicit credentials. Process: C:\Windows\System32\runas.exe.,0,Benign
2026-02-28 20:33:06,4720,11,9346,A member was added to a security-enabled local group. Member Name: backdoor Group Name: Administrators.,1,T1078
2026-03-01 12:23:13,4624,12,2128,An account was successfully logged on. Subject: Security ID: S-1-5-21-1234567890 Account Name: Administrator Account Domain: CORP Logon Type: 3.,0,Benign
2026-02-24 14:56:34,4634,10,8015,An account was logged off. Logon Type: 2 Interactive.,0,Benign
2026-02-27 12:26:54,4634,9,8150,An account was logged off. Logon Type: 3.,0,Benign
2026-02-27 09:10:03,4624,8,3873,An account was successfully logged on. Subject: Security ID: S-1-5-18 Account Name: SYSTEM Account Domain: NT AUTHORITY Logon ID: 0x3E7 Logon Type: 5.,0,Benign
2026-02-23 16:14:28,4624,7,4990,An account was successfully logged on. New Logon: Account Name: jdoe Account Domain: CORP Logon ID: 0x1A2B3C.,0,Benign
2026-02-25 15:09:42,4624,12,2335,An account was successfully logged on. Subject: Security ID: S-1-5-18 Account Name: SYSTEM Account Domain: NT AUTHORITY Logon ID: 0x3E7 Logon Type: 5.,0,Benign
2026-02-28 12:02:14,4634,11,8826,An account was logged off. Logon Type: 3.,0,Benign
2026-02-28 12:20:31,4688,10,3484,A new process has been created. New Process Name: C:\Program Files\Google\Chrome\chrome.exe Command Line: chrome.exe --type=renderer.,0,Benign
2026-02-23 11:41:59,4634,11,2244,An account was logged off. Logon Type: 2 Interactive.,0,Benign
2026-02-24 17:03:29,4624,8,7809,An account was successfully logged on. Logon Type: 2 Interactive.,0,Benign
2026-02-25 12:56:18,4648,10,3132,A logon was attempted using explicit credentials. Target Server: localhost Target User: admin.,0,Benign
2026-02-25 13:57:24,4634,12,8139,An account was logged off. Subject: Security ID: S-1-5-21-1234567890 Account Name: jdoe.,0,Benign
2026-02-23 12:56:22,4634,3,9164,An account was logged off. Logon Type: 2 Interactive.,0,Benign
2026-02-23 09:57:31,4672,12,688,Special privileges assigned to new logon. Account Name: SYSTEM Privileges: SeBackupPrivilege SeRestorePrivilege.,0,Benign
2026-02-25 08:05:06,4648,12,2594,A logon was attempted using explicit credentials. Target Server: DC01 Target User: backup_svc.,0,Benign
2026-02-25 10:00:19,4624,12,3653,An account was successfully logged on. New Logon: Account Name: jdoe Account Domain: CORP Logon ID: 0x1A2B3C.,0,Benign
2026-02-24 18:56:01,4634,9,4126,An account was logged off. Subject: Security ID: S-1-5-21-1234567890 Account Name: jdoe.,0,Benign
2026-02-25 08:58:11,4624,10,430,An account was successfully logged on. Subject: Security ID: S-1-5-18 Account Name: SYSTEM Account Domain: NT AUTHORITY Logon ID: 0x3E7 Logon Type: 5.,0,Benign
2026-02-26 13:03:17,4688,8,4530,A new process has been created. New Process Name: C:\Windows\System32\taskhostw.exe.,0,Benign
2026-02-27 10:17:50,4624,10,9373,An account was successfully logged on. Subject: Security ID: S-1-5-21-1234567890 Account Name: Administrator Account Domain: CORP Logon Type: 3.,0,Benign
2026-02-25 08:23:34,4625,5,1904,An account failed to log on. Subject: Security ID: S-1-0-0 Account Name: - Account Domain: - Logon Type: 3.,0,Benign
2026-02-25 12:13:19,4648,5,7645,A logon was attempted using explicit credentials. Target Server: localhost Target User: admin.,0,Benign
2026-02-23 14:54:20,4648,3,7147,A logon was attempted using explicit credentials. Target Server: DC01 Target User: backup_svc.,0,Benign
2026-02-23 06:47:35,4688,11,4666,A new process has been created. New Process Name: C:\Windows\System32\svchost.exe Creator Process Name: C:\Windows\System32\services.exe.,0,Benign
2026-02-23 13:36:33,4634,5,5338,An account was logged off. Subject: Security ID: S-1-5-21-1234567890 Account Name: jdoe.,0,Benign
2026-02-28 12:27:26,4672,12,8110,Special privileges assigned to new logon. Subject: Security ID: S-1-5-21-1234567890 Account Name: Administrator Privileges: SeDebugPrivilege.,0,Benign
2026-02-28 14:34:04,4672,3,8925,Special privileges assigned to new logon. Subject: Security ID: S-1-5-18 Privileges: SeAssignPrimaryTokenPrivilege SeTcbPrivilege SeSecurityPrivilege.,0,Benign
2026-02-23 08:35:28,4624,9,9566,An account was successfully logged on. Subject: Security ID: S-1-5-21-1234567890 Account Name: Administrator Account Domain: CORP Logon Type: 3.,0,Benign
2026-02-24 08:36:43,4634,8,5730,An account was logged off. Logon Type: 3.,0,Benign
2026-02-26 14:12:10,4624,9,9265,An account was successfully logged on. New Logon: Account Name: jdoe Account Domain: CORP Logon ID: 0x1A2B3C.,0,Benign
2026-02-27 17:46:01,4625,7,1802,An account failed to log on. Failure Reason: Unknown user name or bad password. Status: 0xC000006D Sub Status: 0xC000006A.,0,Benign
2026-02-24 15:08:05,4624,2,2579,An account was successfully logged on. Subject: Security ID: S-1-5-18 Account Name: SYSTEM Account Domain: NT AUTHORITY Logon ID: 0x3E7 Logon Type: 5.,1,Benign
2026-02-25 16:22:15,4648,5,526,A logon was attempted using explicit credentials. Target Server: localhost Target User: admin.,0,Benign
2026-02-23 14:01:24,4625,8,3027,An account failed to log on. Failure Reason: Unknown user name or bad password. Status: 0xC000006D Sub Status: 0xC000006A.,0,Benign
2026-02-27 21:17:57,4648,5,3400,A logon was attempted using explicit credentials. Target Server: localhost Target User: admin.,0,Benign
2026-02-28 08:16:00,4688,7,7555,A new process has been created. New Process Name: C:\Windows\System32\cmd.exe Command Line: cmd.exe /c dir.,0,Benign
2026-02-24 12:02:30,4634,2,4391,An account was logged off. Logon Type: 3.,0,Benign
2026-02-27 11:42:36,4688,10,5126,A new process has been created. New Process Name: C:\Windows\System32\cmd.exe Command Line: cmd.exe /c dir.,0,Benign
2026-02-24 13:43:28,4624,8,4099,An account was successfully logged on. Subject: Security ID: S-1-5-21-1234567890 Account Name: Administrator Account Domain: CORP Logon Type: 3.,0,Benign
2026-03-01 10:32:45,4624,9,8344,An account was successfully logged on. Logon Type: 10 Remote Desktop Services.,0,Benign
2026-02-27 02:18:20,4624,11,4299,An account was successfully logged on. Logon Type: 10 Remote Desktop Services.,0,Benign
2026-02-24 03:33:56,4624,8,1024,An account was successfully logged on. Logon Type: 10 Remote Desktop Services.,0,Benign
2026-02-28 10:39:07,4624,10,2281,An account was successfully logged on. New Logon: Account Name: jdoe Account Domain: CORP Logon ID: 0x1A2B3C.,0,Benign
2026-02-23 12:31:04,4624,3,7729,An account was successfully logged on. Subject: Security ID: S-1-5-21-1234567890 Account Name: Administrator Account Domain: CORP Logon Type: 3.,0,Benign
2026-02-23 10:50:58,4624,9,524,An account was successfully logged on. Subject: Security ID: S-1-5-21-1234567890 Account Name: Administrator Account Domain: CORP Logon Type: 3.,0,Benign
2026-02-27 17:27:08,4634,10,4114,An account was logged off. Logon Type: 3.,0,Benign
2026-03-01 22:05:18,4634,2,3644,An account was logged off. Logon Type: 2 Interactive.,0,Benign
2026-02-28 17:08:40,4672,10,4573,Special privileges assigned to new logon. Subject: Security ID: S-1-5-18 Privileges: SeAssignPrimaryTokenPrivilege SeTcbPrivilege SeSecurityPrivilege.,0,Benign
2026-02-25 18:27:44,4624,8,4952,An account was successfully logged on. Subject: Security ID: S-1-5-21-1234567890 Account Name: Administrator Account Domain: CORP Logon Type: 3.,0,Benign
2026-03-01 12:10:36,4624,12,5362,An account was successfully logged on. Logon Type: 2 Interactive.,0,Benign
2026-02-28 10:00:24,4624,8,5240,An account was successfully logged on. Logon Type: 2 Interactive.,0,Benign
2026-03-01 09:10:09,4625,3,2600,An account failed to log on. Subject: Security ID: S-1-0-0 Account Name: - Account Domain: - Logon Type: 3.,0,Benign
2026-02-27 15:28:22,4624,3,1433,An account was successfully logged on. Logon Type: 2 Interactive.,0,Benign
2026-02-24 13:54:22,4624,12,108,An account was successfully logged on. Subject: Security ID: S-1-5-21-1234567890 Account Name: Administrator Account Domain: CORP Logon Type: 3.,0,Benign
2026-02-26 17:48:36,4624,7,9759,An account was successfully logged on. Logon Type: 2 Interactive.,0,Benign
2026-02-23 11:53:57,4624,10,6290,An account was successfully logged on. New Logon: Account Name: jdoe Account Domain: CORP Logon ID: 0x1A2B3C.,0,Benign
2026-02-23 13:37:19,4688,8,7253,A new process has been created. New Process Name: C:\Windows\System32\notepad.exe.,0,Benign
2026-02-23 15:26:00,4624,11,3785,An account was successfully logged on. Logon Type: 10 Remote Desktop Services.,0,Benign
2026-02-25 23:33:17,4625,3,7988,An account failed to log on. Failure Reason: Unknown user name or bad password. Status: 0xC000006D Sub Status: 0xC000006A.,0,Benign
2026-02-28 12:03:23,4648,3,3438,A logon was attempted using explicit credentials. Process: C:\Windows\System32\runas.exe.,0,Benign
2026-02-25 08:54:17,4624,7,3523,An account was successfully logged on. Logon Type: 10 Remote Desktop Services.,0,Benign
2026-03-01 17:23:42,4688,7,826,A new process has been created. New Process Name: C:\Windows\System32\notepad.exe.,0,Benign
2026-03-01 09:26:36,4624,12,3477,An account was successfully logged on. Subject: Security ID: S-1-5-18 Account Name: SYSTEM Account Domain: NT AUTHORITY Logon ID: 0x3E7 Logon Type: 5.,0,Benign
2026-02-23 11:55:01,4625,5,342,An account failed to log on. Subject: Security ID: S-1-0-0 Account Name: - Account Domain: - Logon Type: 3.,0,Benign
2026-02-25 17:56:00,4672,12,485,Special privileges assigned to new logon. Account Name: SYSTEM Privileges: SeBackupPrivilege SeRestorePrivilege.,0,Benign
2026-02-28 09:23:13,4624,2,2679,An account was successfully logged on. Logon Type: 2 Interactive.,0,Benign
2026-02-23 17:43:02,4688,11,2813,A new process has been created. New Process Name: C:\Windows\System32\notepad.exe.,0,Benign
2026-03-01 14:45:14,4625,12,288,An account failed to log on. Failure Reason: Unknown user name or bad password. Status: 0xC000006D Sub Status: 0xC000006A.,0,Benign
2026-02-28 11:27:34,4625,11,694,An account failed to log on. Failure Reason: Unknown user name or bad password. Status: 0xC000006D Sub Status: 0xC000006A.,0,Benign
2026-02-25 13:49:06,4625,8,1889,An account failed to log on. Logon Type: 10 Remote Desktop Services.,0,Benign
2026-02-23 20:27:17,4624,12,1786,An account was successfully logged on. Subject: Security ID: S-1-5-18 Account Name: SYSTEM Account Domain: NT AUTHORITY Logon ID: 0x3E7 Logon Type: 5.,0,Benign
2026-02-23 11:17:37,4624,8,764,An account was successfully logged on. Logon Type: 2 Interactive.,0,Benign
2026-02-24 08:28:50,4624,10,3130,An account was successfully logged on. Subject: Security ID: S-1-5-21-1234567890 Account Name: Administrator Account Domain: CORP Logon Type: 3.,0,Benign
2026-03-01 10:45:51,4648,5,3026,A logon was attempted using explicit credentials. Process: C:\Windows\System32\runas.exe.,0,Benign
2026-02-27 11:54:31,4624,3,5243,An account was successfully logged on. Logon Type: 10 Remote Desktop Services.,0,Benign
2026-02-28 07:58:40,4624,5,2127,An account was successfully logged on. Logon Type: 2 Interactive.,0,Benign
2026-02-26 17:01:24,4672,11,2535,Special privileges assigned to new logon. Subject: Security ID: S-1-5-21-1234567890 Account Name: Administrator Privileges: SeDebugPrivilege.,0,Benign
2026-02-27 23:21:59,4625,8,638,An account failed to log on. Subject: Security ID: S-1-0-0 Account Name: - Account Domain: - Logon Type: 3.,0,Benign
2026-03-01 10:58:42,4688,9,8763,A new process has been created. New Process Name: C:\Windows\System32\notepad.exe.,0,Benign
2026-02-25 15:50:38,4672,12,6489,Special privileges assigned to new logon. Account Name: SYSTEM Privileges: SeBackupPrivilege SeRestorePrivilege.,0,Benign
2026-02-26 12:38:53,4624,2,8181,An account was successfully logged on. Subject: Security ID: S-1-5-21-1234567890 Account Name: Administrator Account Domain: CORP Logon Type: 3.,0,Benign
2026-03-01 10:33:04,4688,5,7066,A new process has been created. New Process Name: C:\Windows\System32\svchost.exe Creator Process Name: C:\Windows\System32\services.exe.,0,Benign
2026-02-26 09:43:39,4625,10,5713,An account failed to log on. Logon Type: 10 Remote Desktop Services.,0,Benign
2026-02-24 13:47:06,4625,5,2469,An account failed to log on. Failure Reason: Account locked out.,0,Benign
2026-03-01 09:24:32,4624,7,9332,An account was successfully logged on. Subject: Security ID: S-1-5-21-1234567890 Account Name: Administrator Account Domain: CORP Logon Type: 3.,0,Benign
2026-02-23 09:37:37,4625,10,2167,An account failed to log on. Logon Type: 10 Remote Desktop Services.,0,Benign
2026-03-01 08:09:43,4624,12,3316,An account was successfully logged on. New Logon: Account Name: jdoe Account Domain: CORP Logon ID: 0x1A2B3C.,0,Benign
2026-02-23 10:30:30,4624,9,4027,An account was successfully logged on. Subject: Security ID: S-1-5-21-1234567890 Account Name: Administrator Account Domain: CORP Logon Type: 3.,0,Benign
2026-02-25 09:25:22,4634,3,5400,An account was logged off. Logon Type: 3.,1,Benign
2026-02-24 15:52:06,4634,3,1239,An account was logged off. Logon Type: 2 Interactive.,0,Benign
2026-02-25 12:26:52,4624,9,2138,An account was successfully logged on. Subject: Security ID: S-1-5-18 Account Name: SYSTEM Account Domain: NT AUTHORITY Logon ID: 0x3E7 Logon Type: 5.,0,Benign
2026-02-25 09:58:32,4624,12,7290,An account was successfully logged on. Logon Type: 10 Remote Desktop Services.,0,Benign
2026-02-23 16:39:02,4624,8,2049,An account was successfully logged on. Logon Type: 10 Remote Desktop Services.,0,Benign
2026-02-23 17:43:31,4624,11,1912,An account was successfully logged on. Logon Type: 2 Interactive.,0,Benign
2026-02-25 14:20:39,4624,3,7902,An account was successfully logged on. New Logon: Account Name: jdoe Account Domain: CORP Logon ID: 0x1A2B3C.,0,Benign
2026-02-26 04:49:53,4688,9,5991,A new process has been created. New Process Name: C:\Windows\System32\cmd.exe Command Line: cmd.exe /c dir.,0,Benign
2026-02-28 11:27:40,4624,3,117,An account was successfully logged on. Subject: Security ID: S-1-5-21-1234567890 Account Name: Administrator Account Domain: CORP Logon Type: 3.,0,Benign
2026-02-28 12:17:02,4688,11,1014,A new process has been created. New Process Name: C:\Program Files\Google\Chrome\chrome.exe Command Line: chrome.exe --type=renderer.,0,Benign
2026-02-23 13:13:37,4688,9,4913,A new process has been created. New Process Name: C:\Windows\System32\notepad.exe.,0,Benign
2026-02-28 10:46:23,4624,5,4528,An account was successfully logged on. Logon Type: 2 Interactive.,0,Benign
2026-03-01 09:01:20,4688,3,9181,A new process has been created. New Process Name: C:\Windows\System32\cmd.exe Command Line: cmd.exe /c dir.,0,Benign
2026-02-27 09:53:10,4688,12,9381,A new process has been created. New Process Name: C:\Windows\System32\svchost.exe Creator Process Name: C:\Windows\System32\services.exe.,0,Benign
2026-03-01 14:13:36,4688,10,4663,A new process has been created. New Process Name: C:\Windows\System32\svchost.exe Creator Process Name: C:\Windows\System32\services.exe.,0,Benign
2026-02-26 15:04:09,4624,10,504,An account was successfully logged on. New Logon: Account Name: jdoe Account Domain: CORP Logon ID: 0x1A2B3C.,0,Benign
2026-03-01 16:29:31,4634,11,5937,An account was logged off. Logon Type: 2 Interactive.,0,Benign
2026-02-28 09:09:01,4634,11,6878,An account was logged off. Logon Type: 2 Interactive.,0,Benign
2026-02-26 14:10:07,4624,9,3381,An account was successfully logged on. Logon Type: 2 Interactive.,0,Benign
2026-02-27 14:16:36,4634,11,7300,An account was logged off. Logon Type: 3.,0,Benign
2026-02-26 13:07:11,4624,12,4143,An account was successfully logged on. Logon Type: 10 Remote Desktop Services.,0,Benign
2026-02-27 11:32:36,4625,12,7934,An account failed to log on. Subject: Security ID: S-1-0-0 Account Name: - Account Domain: - Logon Type: 3.,0,Benign
2026-02-25 15:10:31,4648,3,5394,A logon was attempted using explicit credentials. Target Server: localhost Target User: admin.,0,Benign
2026-02-23 16:50:55,4625,2,5348,An account failed to log on. Account Name: administrator Source Network Address: 192.168.1.50.,0,Benign
2026-02-24 05:31:45,4634,9,925,An account was logged off. Subject: Security ID: S-1-5-21-1234567890 Account Name: jdoe.,0,Benign
2026-02-23 00:17:41,4624,2,4694,An account was successfully logged on. New Logon: Account Name: jdoe Account Domain: CORP Logon ID: 0x1A2B3C.,0,Benign
2026-02-23 16:42:23,4634,8,4844,An account was logged off. Logon Type: 2 Interactive.,0,Benign
2026-02-23 16:33:26,4624,2,3090,An account was successfully logged on. Logon Type: 2 Interactive.,0,Benign
2026-02-23 15:39:30,4672,7,4007,Special privileges assigned to new logon. Account Name: SYSTEM Privileges: SeBackupPrivilege SeRestorePrivilege.,0,Benign
2026-02-25 03:20:32,4624,9,766,An account was successfully logged on. Subject: Security ID: S-1-5-21-1234567890 Account Name: Administrator Account Domain: CORP Logon Type: 3.,0,Benign
2026-02-24 13:23:28,4625,12,7110,An account failed to log on. Account Name: administrator Source Network Address: 192.168.1.50.,0,Benign
2026-02-25 11:00:51,4624,10,3049,An account was successfully logged on. Logon Type: 10 Remote Desktop Services.,0,Benign
2026-02-28 22:09:44,4624,12,2467,An account was successfully logged on. Logon Type: 2 Interactive.,0,Benign
2026-02-27 11:29:01,4624,5,4915,An account was successfully logged on. Logon Type: 10 Remote Desktop Services.,0,Benign
2026-02-25 13:29:51,4625,5,6215,An account failed to log on. Logon Type: 10 Remote Desktop Services.,0,Benign
2026-02-27 10:54:26,4624,10,9366,An account was successfully logged on. Subject: Security ID: S-1-5-18 Account Name: SYSTEM Account Domain: NT AUTHORITY Logon ID: 0x3E7 Logon Type: 5.,0,Benign
2026-02-25 02:12:40,4624,11,8287,An account was successfully logged on. Subject: Security ID: S-1-5-18 Account Name: SYSTEM Account Domain: NT AUTHORITY Logon ID: 0x3E7 Logon Type: 5.,0,Benign
2026-02-28 09:00:29,4624,9,6613,An account was successfully logged on. Subject: Security ID: S-1-5-21-1234567890 Account Name: Administrator Account Domain: CORP Logon Type: 3.,0,Benign
2026-02-23 09:14:47,4624,3,6755,An account was successfully logged on. Subject: Security ID: S-1-5-18 Account Name: SYSTEM Account Domain: NT AUTHORITY Logon ID: 0x3E7 Logon Type: 5.,0,Benign
2026-02-23 16:45:06,4672,11,5362,Special privileges assigned to new logon. Account Name: SYSTEM Privileges: SeBackupPrivilege SeRestorePrivilege.,0,Benign
2026-02-27 13:16:50,4688,11,9511,A new process has been created. New Process Name: C:\Windows\System32\svchost.exe Creator Process Name: C:\Windows\System32\services.exe.,0,Benign
2026-03-01 17:20:26,4648,9,1369,A logon was attempted using explicit credentials. Target Server: DC01 Target User: backup_svc.,0,Benign
2026-02-26 09:14:28,4624,8,3225,An account was successfully logged on. New Logon: Account Name: jdoe Account Domain: CORP Logon ID: 0x1A2B3C.,0,Benign
2026-02-27 06:36:48,4648,5,8690,A logon was attempted using explicit credentials. Process: C:\Windows\System32\runas.exe.,0,Benign
2026-02-23 11:51:18,4624,10,6978,An account was successfully logged on. Logon Type: 10 Remote Desktop Services.,0,Benign
2026-03-01 14:50:09,4624,2,3694,An account was successfully logged on. Subject: Security ID: S-1-5-21-1234567890 Account Name: Administrator Account Domain: CORP Logon Type: 3.,0,Benign
2026-02-28 10:32:28,4624,12,7164,An account was successfully logged on. Subject: Security ID: S-1-5-21-1234567890 Account Name: Administrator Account Domain: CORP Logon Type: 3.,0,Benign
2026-03-01 09:42:31,4625,5,4715,An account failed to log on. Failure Reason: Account locked out.,0,Benign
2026-02-26 10:32:46,4625,10,6148,An account failed to log on. Failure Reason: Unknown user name or bad password. Status: 0xC000006D Sub Status: 0xC000006A.,0,Benign
2026-03-01 17:31:32,4688,3,7809,A new process has been created. New Process Name: C:\Windows\System32\taskhostw.exe.,0,Benign
2026-02-23 17:01:31,4624,8,9288,An account was successfully logged on. New Logon: Account Name: jdoe Account Domain: CORP Logon ID: 0x1A2B3C.,0,Benign
2026-02-24 13:42:32,4634,3,9826,An account was logged off. Logon Type: 3.,0,Benign
2026-02-24 15:41:22,4625,7,3043,An account failed to log on. Failure Reason: Account locked out.,0,Benign
2026-02-28 16:20:43,4625,5,5013,An account failed to log on. Account Name: administrator Source Network Address: 192.168.1.50.,0,Benign
2026-03-01 09:50:01,4648,7,5154,A logon was attempted using explicit credentials. Target Server: DC01 Target User: backup_svc.,0,Benign
2026-02-24 13:57:43,4672,11,6865,Special privileges assigned to new logon. Account Name: SYSTEM Privileges: SeBackupPrivilege SeRestorePrivilege.,0,Benign
2026-03-01 10:07:24,4624,3,8103,An account was successfully logged on. Logon Type: 10 Remote Desktop Services.,0,Benign
2026-02-25 12:42:57,4732,11,7730,A member was added to a security-enabled local group. Member Name: tempuser Group Name: Administrators.,0,Benign
2026-02-25 12:42:02,4624,2,2462,An account was successfully logged on. Logon Type: 2 Interactive.,0,Benign
2026-02-23 12:41:08,4624,2,2817,An account was successfully logged on. Subject: Security ID: S-1-5-21-1234567890 Account Name: Administrator Account Domain: CORP Logon Type: 3.,0,Benign
2026-02-26 08:50:37,4624,11,5432,An account was successfully logged on. Logon Type: 10 Remote Desktop Services.,0,Benign
2026-02-27 16:47:12,4732,7,4346,A member was added to a security-enabled local group. Member Name: svc_backup Group Name: Backup Operators.,0,Benign
2026-02-24 12:19:55,4648,2,7686,A logon was attempted using explicit credentials. Process: C:\Windows\System32\runas.exe.,0,Benign
2026-03-01 10:44:57,4624,3,4844,An account was successfully logged on. Subject: Security ID: S-1-5-21-1234567890 Account Name: Administrator Account Domain: CORP Logon Type: 3.,0,Benign
2026-02-25 02:08:48,4624,7,5275,An account was successfully logged on. Subject: Security ID: S-1-5-18 Account Name: SYSTEM Account Domain: NT AUTHORITY Logon ID: 0x3E7 Logon Type: 5.,0,Benign
2026-02-28 15:18:51,4688,7,6336,A new process has been created. New Process Name: C:\Windows\System32\svchost.exe Creator Process Name: C:\Windows\System32\services.exe.,0,Benign
2026-02-25 00:35:00,4624,2,8316,An account was successfully logged on. Subject: Security ID: S-1-5-21-1234567890 Account Name: Administrator Account Domain: CORP Logon Type: 3.,0,Benign
2026-03-01 03:27:15,4648,7,989,A logon was attempted using explicit credentials. Target Server: localhost Target User: admin.,0,Benign
2026-02-24 10:41:46,4624,2,5976,An account was successfully logged on. Subject: Security ID: S-1-5-18 Account Name: SYSTEM Account Domain: NT AUTHORITY Logon ID: 0x3E7 Logon Type: 5.,0,Benign
2026-02-23 11:13:26,4634,12,2343,An account was logged off. Logon Type: 2 Interactive.,0,Benign
2026-02-25 12:51:32,4624,9,1888,An account was successfully logged on. Logon Type: 2 Interactive.,0,Benign
2026-03-01 08:45:01,4634,3,9293,An account was logged off. Subject: Security ID: S-1-5-21-1234567890 Account Name: jdoe.,0,Benign
2026-02-25 16:04:34,4688,10,1252,A new process has been created. New Process Name: C:\Windows\System32\svchost.exe Creator Process Name: C:\Windows\System32\services.exe.,0,Benign
2026-02-23 17:26:17,4672,5,4898,Special privileges assigned to new logon. Subject: Security ID: S-1-5-21-1234567890 Account Name: Administrator Privileges: SeDebugPrivilege.,0,Benign
2026-02-27 09:06:03,4624,11,8283,An account was successfully logged on. Subject: Security ID: S-1-5-18 Account Name: SYSTEM Account Domain: NT AUTHORITY Logon ID: 0x3E7 Logon Type: 5.,0,Benign
2026-02-25 15:08:54,4634,5,5106,An account was logged off. Subject: Security ID: S-1-5-21-1234567890 Account Name: jdoe.,0,Benign
2026-02-24 11:18:25,4624,7,8744,An account was successfully logged on. Subject: Security ID: S-1-5-18 Account Name: SYSTEM Account Domain: NT AUTHORITY Logon ID: 0x3E7 Logon Type: 5.,0,Benign
