timestamp,event_id,logon_type,process_id,message,is_malicious,attack_type
2026-03-01 13:39:20,4625,9,2206,An account failed to log on. Failure Reason: Unknown user name or bad password. Status: 0xC000006D Sub Status: 0xC000006A.,0,Benign
2026-02-25 13:54:46,4648,7,9159,A logon was attempted using explicit credentials. Process: C:\Windows\System32\runas.exe.,0,Benign
2026-02-24 09:23:13,4624,3,5593,An account was successfully logged on. Subject: Security ID: S-1-5-21-1234567890 Account Name: Administrator Account Domain: CORP Logon Type: 3.,0,Benign
2026-02-25 12:49:13,4672,12,8452,Special privileges assigned to new logon. Account Name: SYSTEM Privileges: SeBackupPrivilege SeRestorePrivilege.,0,Benign
2026-02-25 09:59:39,4624,7,9446,An account was successfully logged on. Logon Type: 10 Remote Desktop Services.,0,Benign
2026-02-26 09:11:35,4688,11,1167,A new process has been created. New Process Name: C:\Windows\System32\svchost.exe Creator Process Name: C:\Windows\System32\services.exe.,0,Benign
2026-02-24 13:32:51,4688,7,6594,A new process has been created. New Process Name: C:\Windows\System32\taskhostw.exe.,0,Benign
2026-02-26 09:59:16,1100,12,772,The audit log was cleared. Subject: Security ID: S-1-5-21-9876543210 Account Name: attacker.,1,T1070
2026-02-26 14:20:44,4688,3,8666,A new process has been created. New Process Name: C:\Windows\System32\svchost.exe Creator Process Name: C:\Windows\System32\services.exe.,0,Benign
2026-02-23 15:33:30,4624,2,2019,An account was successfully logged on. Subject: Security ID: S-1-5-21-1234567890 Account Name: Administrator Account Domain: CORP Logon Type: 3.,0,Benign
2026-02-28 16:54:29,4624,10,7698,An account was successfully logged on. Subject: Security ID: S-1-5-18 Account Name: SYSTEM Account Domain: NT AUTHORITY Logon ID: 0x3E7 Logon Type: 5.,0,Benign
2026-02-23 15:37:24,4624,8,3841,An account was successfully logged on. Logon Type: 2 Interactive.,0,Benign
2026-03-01 16:05:50,4624,3,7853,An account was successfully logged on. Subject: Security ID: S-1-5-21-1234567890 Account Name: Administrator Account Domain: CORP Logon Type: 3.,0,Benign
2026-02-27 04:03:47,4688,5,6701,A new process has been created. New Process Name: C:\Windows\System32\svchost.exe Creator Process Name: C:\Windows\System32\services.exe.,0,Benign
2026-02-26 16:54:39,4648,9,8761,A logon was attempted using explicit credentials. Target Server: DC01 Target User: backup_svc.,0,Benign
2026-02-26 20:13:22,4648,2,5637,A logon was attempted using explicit credentials. Process: C:\Windows\System32\runas.exe.,0,Benign
2026-02-23 08:19:58,4624,8,4267,An account was successfully logged on. Logon Type: 10 Remote Desktop Services.,0,Benign
2026-02-28 11:50:57,4648,7,4823,A logon was attempted using explicit credentials. Target Server: DC01 Target User: backup_svc.,0,Benign
2026-02-27 05:44:48,4634,5,1273,An account was logged off. Logon Type: 3.,0,Benign
2026-02-28 12:59:34,4624,7,6588,An account was successfully logged on. Subject: Security ID: S-1-5-21-1234567890 Account Name: Administrator Account Domain: CORP Logon Type: 3.,0,Benign
2026-02-28 13:40:36,4672,8,8115,Special privileges assigned to new logon. Account Name: SYSTEM Privileges: SeBackupPrivilege SeRestorePrivilege.,0,Benign
2026-02-26 14:39:19,4732,8,4240,A member was added to a security-enabled local group. Member Name: jdoe Group Name: Remote Desktop Users.,0,Benign
2026-03-01 14:54:32,4625,7,9792,An account failed to log on. Account Name: administrator Source Network Address: 192.168.1.50.,0,Benign
2026-02-24 12:07:25,4634,2,2870,An account was logged off. Logon Type: 2 Interactive.,0,Benign
2026-02-26 16:08:57,4625,11,2485,An account failed to log on. Account Name: administrator Source Network Address: 192.168.1.50.,0,Benign
2026-02-27 13:39:42,4624,5,9486,An account was successfully logged on. Subject: Security ID: S-1-5-21-1234567890 Account Name: Administrator Account Domain: CORP Logon Type: 3.,0,Benign
2026-02-27 09:07:01,4625,8,4072,An account failed to log on. Failure Reason: Account locked out.,0,Benign
2026-02-28 09:55:13,4688,5,2102,A new process has been created. New Process Name: C:\Windows\System32\taskhostw.exe.,0,Benign
2026-02-23 15:47:07,4624,10,6681,An account was successfully logged on. Logon Type: 2 Interactive.,0,Benign
2026-02-25 09:37:44,4688,11,8434,A new process has been created. New Process Name: C:\Windows\System32\cmd.exe Command Line: cmd.exe /c dir.,0,Benign
2026-02-24 08:22:40,4720,7,9472,A user account was created. New Account Name: svc_backup New Account Domain: CORP.,0,Benign
2026-02-27 14:47:03,4634,10,1243,An account was logged off. Logon Type: 3.,0,Benign
2026-02-26 15:15:14,4624,7,6180,An account was successfully logged on. Logon Type: 2 Interactive.,0,Benign
2026-02-27 14:10:08,4624,11,5462,An account was successfully logged on. New Logon: Account Name: jdoe Account Domain: CORP Logon ID: 0x1A2B3C.,0,Benign
2026-02-23 13:33:55,4624,12,7012,An account was successfully logged on. Subject: Security ID: S-1-5-18 Account Name: SYSTEM Account Domain: NT AUTHORITY Logon ID: 0x3E7 Logon Type: 5.,0,Benign
2026-02-24 21:56:46,4688,9,2080,A new process has been created. New Process Name: C:\Windows\System32\svchost.exe Creator Process Name: C:\Windows\System32\services.exe.,0,Benign
2026-02-24 18:21:25,4624,10,573,An account failed to log on. Logon Type: 3 Source Network Address: 10.0.0.55.,1,T1046
2026-02-24 08:08:36,4648,10,6867,A logon was attempted using explicit credentials. Target Server: DC01 Target User: backup_svc.,0,Benign
2026-02-28 05:58:46,4625,9,3508,An account failed to log on. Failure Reason: Account locked out.,0,Benign
2026-02-27 10:57:44,4625,11,1897,An account failed to log on. Account Name: administrator Source Network Address: 192.168.1.50.,0,Benign
2026-02-23 15:30:46,4648,9,5901,A logon was attempted using explicit credentials. Target Server: DC01 Target User: backup_svc.,0,Benign
2026-02-23 13:22:19,4648,11,450,A logon was attempted using explicit credentials. Process: C:\Windows\System32\runas.exe.,0,Benign
2026-02-24 10:57:56,4624,10,5789,An account was successfully logged on. Logon Type: 10 Remote Desktop Services.,0,Benign
2026-03-01 15:12:09,4624,5,1861,An account was successfully logged on. Logon Type: 2 Interactive.,0,Benign
2026-02-24 03:47:23,4624,8,8198,An account was successfully logged on. Logon Type: 10 Remote Desktop Services.,0,Benign
2026-02-23 11:11:20,4624,10,5583,An account was successfully logged on. Subject: Security ID: S-1-5-18 Account Name: SYSTEM Account Domain: NT AUTHORITY Logon ID: 0x3E7 Logon Type: 5.,0,Benign
2026-02-28 08:20:04,4624,3,573,An account was successfully logged on. Subject: Security ID: S-1-5-18 Account Name: SYSTEM Account Domain: NT AUTHORITY Logon ID: 0x3E7 Logon Type: 5.,0,Benign
2026-02-26 20:49:59,4688,7,4220,A new process has been created. New Process Name: C:\Windows\System32\notepad.exe.,0,Benign
2026-02-25 16:57:09,4688,10,6103,A new process has been created. New Process Name: C:\Windows\System32\taskhostw.exe.,0,Benign
2026-02-26 10:07:52,4625,10,6209,An account failed to log on. Subject: Security ID: S-1-0-0 Account Name: - Account Domain: - Logon Type: 3.,0,Benign
2026-03-01 13:02:33,4624,10,2425,An account was successfully logged on. Subject: Security ID: S-1-5-21-1234567890 Account Name: Administrator Account Domain: CORP Logon Type: 3.,0,Benign
2026-02-26 14:22:07,4624,3,6763,An account was successfully logged on. New Logon: Account Name: jdoe Account Domain: CORP Logon ID: 0x1A2B3C.,0,Benign
2026-02-28 15:10:55,4672,8,3233,Special privileges assigned to new logon. Account Name: SYSTEM Privileges: SeBackupPrivilege SeRestorePrivilege.,0,Benign
2026-02-27 08:00:16,4624,2,1831,An account was successfully logged on. New Logon: Account Name: jdoe Account Domain: CORP Logon ID: 0x1A2B3C.,0,Benign
2026-02-26 16:00:27,4648,5,952,A logon was attempted using explicit credentials. Target Server: localhost Target User: admin.,0,Benign
2026-02-24 09:08:54,4625,10,6459,An account failed to log on. Logon Type: 3 Source Network Address: 10.0.0.99.,1,T1110
2026-02-24 05:30:01,4720,8,8458,A user account was created. New Account Name: svc_backup New Account Domain: CORP.,0,Benign
2026-03-01 15:17:11,4625,3,205,An account failed to log on. Account Name: administrator Source Network Address: 192.168.1.50.,0,Benign
2026-03-01 13:10:21,4688,7,5011,A new process has been created. New Process Name: C:\Windows\System32\svchost.exe Creator Process Name: C:\Windows\System32\services.exe.,0,Benign
2026-03-01 02:59:03,4688,12,2053,A new process has been created. New Process Name: C:\Windows\System32\notepad.exe.,0,Benign
2026-03-01 12:17:02,4688,12,3833,A new process has been created. New Process Name: C:\Program Files\Google\Chrome\chrome.exe Command Line: chrome.exe --type=renderer.,0,Benign
2026-02-25 17:39:00,4688,7,5515,A new process has been created. New Process Name: C:\Windows\System32\cmd.exe Command Line: cmd.exe /c dir.,0,Benign
2026-02-28 16:13:08,4688,11,5914,A new process has been created. New Process Name: C:\Windows\System32\taskhostw.exe.,0,Benign
2026-02-27 11:51:20,4634,2,7244,An account was logged off. Logon Type: 3.,0,Benign
2026-03-01 09:14:54,4624,8,3627,An account was successfully logged on. Logon Type: 10 Remote Desktop Services.,0,Benign
2026-02-23 03:54:19,4624,10,4253,An account was successfully logged on. New Logon: Account Name: jdoe Account Domain: CORP Logon ID: 0x1A2B3C.,0,Benign
2026-03-01 16:16:10,4634,9,3502,An account was logged off. Logon Type: 2 Interactive.,0,Benign
2026-02-23 13:53:33,4634,5,5423,An account was logged off. Subject: Security ID: S-1-5-21-1234567890 Account Name: jdoe.,0,Benign
2026-02-26 10:05:11,4625,10,4140,An account failed to log on. Failure Reason: Unknown user name or bad password. Status: 0xC000006D Sub Status: 0xC000006A.,0,Benign
2026-02-28 08:42:09,4624,11,9272,An account was successfully logged on. Logon Type: 10 Remote Desktop Services.,0,Benign
2026-02-25 05:35:14,4688,9,2285,A new process has been created. New Process Name: C:\Windows\System32\cmd.exe Command Line: cmd.exe /c dir.,0,Benign
2026-02-26 11:04:43,4624,12,7618,An account was successfully logged on. Logon Type: 10 Remote Desktop Services.,0,Benign
2026-02-24 08:39:40,4688,12,3156,A new process has been created. New Process Name: C:\Windows\System32\taskhostw.exe.,0,Benign
2026-02-26 15:41:16,4624,9,4349,An account was successfully logged on. Subject: Security ID: S-1-5-18 Account Name: SYSTEM Account Domain: NT AUTHORITY Logon ID: 0x3E7 Logon Type: 5.,0,Benign
2026-02-27 09:07:42,4624,9,1119,An account was successfully logged on. Subject: Security ID: S-1-5-18 Account Name: SYSTEM Account Domain: NT AUTHORITY Logon ID: 0x3E7 Logon Type: 5.,0,Benign
2026-02-28 13:30:15,4624,10,9863,An account was successfully logged on. Logon Type: 2 Interactive.,0,Benign
2026-02-24 14:46:28,4672,3,1631,Special privileges assigned to new logon. Account Name: SYSTEM Privileges: SeBackupPrivilege SeRestorePrivilege.,0,Benign
2026-03-01 09:17:10,4624,8,962,An account was successfully logged on. Logon Type: 10 Remote Desktop Services.,0,Benign
2026-03-01 09:04:40,4648,3,6805,A logon was attempted using explicit credentials. Target Server: DC01 Target User: backup_svc.,0,Benign
2026-02-26 20:36:25,4648,9,6276,A logon was attempted using explicit credentials. Target Server: localhost Target User: admin.,0,Benign
2026-02-24 11:59:06,4672,10,1273,Special privileges assigned to new logon. Account Name: SYSTEM Privileges: SeBackupPrivilege SeRestorePrivilege.,0,Benign
2026-02-25 00:07:29,4634,5,2363,An account was logged off. Subject: Security ID: S-1-5-21-1234567890 Account Name: jdoe.,0,Benign
2026-02-28 16:32:07,4688,8,474,A new process has been created. New Process Name: C:\Program Files\Google\Chrome\chrome.exe Command Line: chrome.exe --type=renderer.,0,Benign
2026-02-28 09:20:37,4625,3,4524,An account failed to log on. Failure Reason: Unknown user name or bad password. Status: 0xC000006D Sub Status: 0xC000006A.,0,Benign
2026-02-28 06:22:24,4624,2,7255,An account was successfully logged on. Subject: Security ID: S-1-5-21-1234567890 Account Name: Administrator Account Domain: CORP Logon Type: 3.,0,Benign
2026-02-24 09:57:14,4624,7,5220,An account was successfully logged on. Logon Type: 2 Interactive.,0,Benign
2026-02-24 17:22:02,4688,2,2993,A new process has been created. New Process Name: C:\Windows\System32\cmd.exe Command Line: cmd.exe /c dir.,0,Benign
2026-02-28 08:45:37,4624,2,9204,An account was successfully logged on. Subject: Security ID: S-1-5-18 Account Name: SYSTEM Account Domain: NT AUTHORITY Logon ID: 0x3E7 Logon Type: 5.,0,Benign
2026-02-26 12:58:53,4648,9,1939,A logon was attempted using explicit credentials. Process: C:\Windows\System32\runas.exe.,0,Benign
2026-02-24 21:59:43,4732,11,3591,A member was added to a security-enabled local group. Member Name: svc_backup Group Name: Backup Operators.,0,Benign
2026-02-28 10:02:27,4624,8,8483,An account was successfully logged on. New Logon: Account Name: jdoe Account Domain: CORP Logon ID: 0x1A2B3C.,0,Benign
2026-02-27 15:03:31,4648,5,7110,A logon was attempted using explicit credentials. Target Server: localhost Target User: admin.,0,Benign
2026-02-28 23:14:24,4624,9,3509,An account was successfully logged on. New Logon: Account Name: jdoe Account Domain: CORP Logon ID: 0x1A2B3C.,0,Benign
2026-02-23 09:43:07,4625,2,6402,An account failed to log on. Subject: Security ID: S-1-0-0 Account Name: - Account Domain: - Logon Type: 3.,0,Benign
2026-02-27 08:23:15,4672,8,9924,Special privileges assigned to new logon. Subject: Security ID: S-1-5-21-1234567890 Account Name: Administrator Privileges: SeDebugPrivilege.,0,Benign
2026-03-01 15:04:18,4624,7,1307,An account was successfully logged on. Subject: Security ID: S-1-5-18 Account Name: SYSTEM Account Domain: NT AUTHORITY Logon ID: 0x3E7 Logon Type: 5.,0,Benign
2026-03-01 17:31:24,4648,10,1795,A logon was attempted using explicit credentials. Process: C:\Windows\System32\runas.exe.,0,Benign
2026-02-24 14:15:38,4688,7,5697,A new process has been created. New Process Name: C:\Windows\System32\taskhostw.exe.,0,Benign
2026-02-26 17:36:09,4648,12,3684,A logon was attempted using explicit credentials. Target Server: localhost Target User: admin.,0,Benign
2026-02-23 16:04:53,4720,2,6532,A user account was created. New Account Name: tempuser New Account Domain: CORP.,0,Benign
2026-02-23 16:00:15,4625,2,8762,An account failed to log on. Subject: Security ID: S-1-0-0 Account Name: - Account Domain: - Logon Type: 3.,0,Benign
2026-02-23 14:44:53,4625,7,4473,An account failed to log on. Logon Type: 10 Remote Desktop Services.,0,Benign
2026-02-23 17:54:46,4648,10,7067,A logon was attempted using explicit credentials. Target Server: DC01 Target User: backup_svc.,0,Benign
2026-02-23 13:28:57,4672,12,9190,Special privileges assigned to new logon. Subject: Security ID: S-1-5-18 Privileges: SeAssignPrimaryTokenPrivilege SeTcbPrivilege SeSecurityPrivilege.,0,Benign
2026-02-25 10:51:54,4624,8,8085,An account was successfully logged on. Logon Type: 10 Remote Desktop Services.,0,Benign
2026-02-25 09:01:30,4624,2,8249,An account was successfully logged on. Logon Type: 10 Remote Desktop Services.,0,Benign
2026-03-01 17:44:16,4634,5,1104,An account was logged off. Subject: Security ID: S-1-5-21-1234567890 Account Name: jdoe.,0,Benign
2026-02-25 12:33:06,4625,3,6122,An account failed to log on. Failure Reason: Account locked out.,0,Benign
2026-03-01 20:17:29,4624,8,4900,An account was successfully logged on. New Logon: Account Name: jdoe Account Domain: CORP Logon ID: 0x1A2B3C.,0,Benign
2026-02-28 10:31:43,4688,9,2692,A new process has been created. New Process Name: C:\Windows\System32\svchost.exe Creator Process Name: C:\Windows\System32\services.exe.,0,Benign
2026-02-26 16:46:15,4624,9,8668,An account was successfully logged on. Subject: Security ID: S-1-5-21-1234567890 Account Name: Administrator Account Domain: CORP Logon Type: 3.,0,Benign
2026-02-26 02:41:25,4648,11,7519,A logon was attempted using explicit credentials. Target Server: DC01 Target User: backup_svc.,0,Benign
2026-02-26 13:05:38,4625,5,6395,An account failed to log on. Subject: Security ID: S-1-0-0 Account Name: - Account Domain: - Logon Type: 3.,0,Benign
2026-02-27 15:34:49,4648,11,9166,A logon was attempted using explicit credentials. Target Server: DC01 Target User: backup_svc.,0,Benign
2026-02-27 11:47:22,4625,2,8502,An account failed to log on. Subject: Security ID: S-1-0-0 Account Name: - Account Domain: - Logon Type: 3.,0,Benign
2026-02-27 13:38:37,4625,2,735,An account failed to log on. Failure Reason: Unknown user name or bad password. Status: 0xC000006D Sub Status: 0xC000006A.,0,Benign
2026-02-23 15:48:03,4624,10,4954,An account was successfully logged on. Logon Type: 2 Interactive.,0,Benign
2026-03-01 16:30:03,4624,11,3513,An account was successfully logged on. New Logon: Account Name: jdoe Account Domain: CORP Logon ID: 0x1A2B3C.,0,Benign
2026-02-28 15:03:24,4624,7,4788,An account was successfully logged on. Subject: Security ID: S-1-5-18 Account Name: SYSTEM Account Domain: NT AUTHORITY Logon ID: 0x3E7 Logon Type: 5.,0,Benign
2026-02-25 05:32:43,4624,11,4224,An account was successfully logged on. Logon Type: 2 Interactive.,0,Benign
2026-02-27 11:26:12,4634,8,1107,An account was logged off. Logon Type: 2 Interactive.,0,Benign
2026-02-27 12:03:40,4634,3,5293,An account was logged off. Logon Type: 3.,0,Benign
2026-02-27 13:38:05,4624,8,7618,An account was successfully logged on. Logon Type: 10 Remote Desktop Services.,0,Benign
2026-02-23 08:49:13,4624,12,5969,An account was successfully logged on. Subject: Security ID: S-1-5-18 Account Name: SYSTEM Account Domain: NT AUTHORITY Logon ID: 0x3E7 Logon Type: 5.,0,Benign
2026-02-28 23:59:12,4720,10,9775,A user account was created. New Account Name: tempuser New Account Domain: CORP.,0,Benign
2026-02-28 08:23:49,4624,11,9178,An account was successfully logged on. Logon Type: 10 Remote Desktop Services.,0,Benign
2026-02-25 16:44:20,4634,7,6499,An account was logged off. Subject: Security ID: S-1-5-21-1234567890 Account Name: jdoe.,0,Benign
2026-02-24 09:28:21,4624,5,2225,An account was successfully logged on. Logon Type: 2 Interactive.,0,Benign
2026-03-01 15:49:24,4624,5,9428,An account was successfully logged on. Subject: Security ID: S-1-5-18 Account Name: SYSTEM Account Domain: NT AUTHORITY Logon ID: 0x3E7 Logon Type: 5.,0,Benign
2026-02-26 22:51:09,4624,2,5361,An account was successfully logged on. Subject: Security ID: S-1-5-21-1234567890 Account Name: Administrator Account Domain: CORP Logon Type: 3.,0,Benign
2026-02-23 16:54:10,4688,11,3737,A new process has been created. New Process Name: C:\Windows\System32\svchost.exe Creator Process Name: C:\Windows\System32\services.exe.,0,Benign
2026-02-27 10:17:47,4624,2,2138,An account was successfully logged on. Logon Type: 2 Interactive.,0,Benign
2026-03-01 08:41:42,4648,3,1407,A logon was attempted using explicit credentials. Target Server: localhost Target User: admin.,0,Benign
2026-02-26 14:09:49,4720,7,9782,A user account was created. New Account Name: test_account.,0,Benign
2026-02-24 17:42:17,4648,9,373,A logon was attempted using explicit credentials. Target Server: localhost Target User: admin.,0,Benign
2026-02-25 17:36:36,4672,2,1937,Special privileges assigned to new logon. Subject: Security ID: S-1-5-18 Privileges: SeAssignPrimaryTokenPrivilege SeTcbPrivilege SeSecurityPrivilege.,0,Benign
2026-02-25 13:33:40,4625,8,9501,An account failed to log on. Subject: Security ID: S-1-0-0 Account Name: - Account Domain: - Logon Type: 3.,0,Benign
2026-02-26 22:22:10,4634,7,3317,An account was logged off. Logon Type: 3.,0,Benign
2026-02-23 08:26:41,4624,9,9869,An account was successfully logged on. New Logon: Account Name: jdoe Account Domain: CORP Logon ID: 0x1A2B3C.,0,Benign
2026-02-27 09:13:17,4732,3,5369,A member was added to a security-enabled local group. Member Name: tempuser Group Name: Administrators.,0,Benign
2026-02-25 14:50:16,4688,12,9666,A new process has been created. New Process Name: C:\Windows\System32\notepad.exe.,0,Benign
2026-02-27 16:04:32,4672,12,4370,Special privileges assigned to new logon. Subject: Security ID: S-1-5-18 Privileges: SeAssignPrimaryTokenPrivilege SeTcbPrivilege SeSecurityPrivilege.,0,Benign
2026-02-27 09:45:26,4648,3,9771,A logon was attempted using explicit credentials. Target Server: DC01 Target User: backup_svc.,0,Benign
2026-02-23 14:06:56,4624,5,8964,An account was successfully logged on. Subject: Security ID: S-1-5-21-1234567890 Account Name: Administrator Account Domain: CORP Logon Type: 3.,0,Benign
2026-02-24 09:27:00,4625,5,6404,An account failed to log on. Logon Type: 10 Remote Desktop Services.,0,Benign
2026-02-24 10:33:02,4634,11,2618,An account was logged off. Subject: Security ID: S-1-5-21-1234567890 Account Name: jdoe.,0,Benign
2026-02-24 12:24:18,4688,9,1180,A new process has been created. New Process Name: C:\Windows\System32\notepad.exe.,0,Benign
2026-02-27 08:23:59,4672,11,6454,Special privileges assigned to new logon. Subject: Security ID: S-1-5-18 Privileges: SeAssignPrimaryTokenPrivilege SeTcbPrivilege SeSecurityPrivilege.,1,Benign
2026-02-25 12:28:50,4624,5,9524,An account was successfully logged on. Logon Type: 2 Interactive.,0,Benign
2026-02-26 14:56:21,4624,5,6557,An account was successfully logged on. Subject: Security ID: S-1-5-21-1234567890 Account Name: Administrator Account Domain: CORP Logon Type: 3.,0,Benign
2026-02-28 16:08:10,4688,11,2902,A new process has been created. New Process Name: C:\Program Files\Google\Chrome\chrome.exe Command Line: chrome.exe --type=renderer.,0,Benign
2026-02-27 11:42:05,4672,8,3715,Special privileges assigned to new logon. Account Name: SYSTEM Privileges: SeBackupPrivilege SeRestorePrivilege.,0,Benign
2026-02-26 12:34:38,4720,12,5536,A user account was created. New Account Name: test_account.,0,Benign
2026-02-24 09:23:06,4625,8,4430,An account failed to log on. Account Name: administrator Source Network Address: 192.168.1.50.,0,Benign
2026-02-27 08:07:39,4625,7,5880,An account failed to log on. Logon Type: 10 Remote Desktop Services.,0,Benign
2026-02-25 08:48:11,4625,2,2514,An account failed to log on. Subject: Security ID: S-1-0-0 Account Name: - Account Domain: - Logon Type: 3.,0,Benign
2026-02-23 09:37:05,4688,8,3617,A new process has been created. New Process Name: C:\Windows\System32\taskhostw.exe.,0,Benign
2026-02-25 16:18:56,4624,12,9558,An account was successfully logged on. Logon Type: 10 Remote Desktop Services.,0,Benign
2026-02-23 16:34:28,4688,7,951,A new process has been created. New Process Name: C:\Windows\System32\notepad.exe.,0,Benign
2026-03-01 17:45:36,4720,10,6279,A user account was created. New Account Name: test_account.,0,Benign
2026-02-25 11:49:28,4688,10,7051,A new process has been created. New Process Name: C:\Windows\System32\cmd.exe Command Line: cmd.exe /c dir.,0,Benign
2026-02-24 17:56:02,4720,10,426,A user account was created. New Account Name: tempuser New Account Domain: CORP.,0,Benign
2026-02-24 14:06:06,4624,9,6512,An account was successfully logged on. Logon Type: 10 Remote Desktop Services.,0,Benign
2026-02-25 17:23:49,4634,10,2367,An account was logged off. Subject: Security ID: S-1-5-21-1234567890 Account Name: jdoe.,0,Benign
2026-02-27 18:08:23,4688,11,6713,A new process has been created. New Process Name: C:\Windows\System32\taskhostw.exe.,0,Benign
2026-02-24 08:04:13,4624,2,4782,An account was successfully logged on. Logon Type: 10 Remote Desktop Services.,0,Benign
2026-02-25 14:39:12,4624,10,9109,An account was successfully logged on. Logon Type: 10 Remote Desktop Services.,0,Benign
2026-02-24 14:55:38,4720,9,7606,A user account was created. New Account Name: svc_backup New Account Domain: CORP.,0,Benign
2026-02-26 10:22:04,4624,12,1645,An account was successfully logged on. New Logon: Account Name: jdoe Account Domain: CORP Logon ID: 0x1A2B3C.,0,Benign
2026-02-24 12:20:54,4688,8,6776,A new process has been created. New Process Name: C:\Windows\System32\svchost.exe Creator Process Name: C:\Windows\System32\services.exe.,0,Benign
2026-02-28 12:47:28,4634,8,9652,An account was logged off. Logon Type: 2 Interactive.,0,Benign
2026-02-27 06:43:02,4625,8,6984,An account failed to log on. Subject: Security ID: S-1-0-0 Account Name: - Account Domain: - Logon Type: 3.,0,Benign
2026-02-24 16:23:45,4624,9,766,An account was successfully logged on. Logon Type: 2 Interactive.,0,Benign
2026-02-26 11:15:49,4624,9,7919,An account was successfully logged on. Subject: Security ID: S-1-5-21-1234567890 Account Name: Administrator Account Domain: CORP Logon Type: 3.,0,Benign
2026-02-24 03:57:50,4625,11,6411,An account failed to log on. Account Name: administrator Source Network Address: 192.168.1.50.,0,Benign
2026-02-25 15:54:22,4624,7,944,An account was successfully logged on. Logon Type: 10 Remote Desktop Services.,0,Benign
2026-02-23 11:22:45,4648,3,5500,A logon was attempted using explicit credentials. Target Server: localhost Target User: admin.,0,Benign
2026-02-23 16:39:16,4634,7,6894,An account was logged off. Logon Type: 3.,0,Benign
2026-02-26 15:54:19,4648,8,521,A logon was attempted using explicit credentials. Process: C:\Windows\System32\runas.exe.,0,Benign
2026-02-23 09:16:39,4688,7,5707,A new process has been created. New Process Name: C:\Windows\System32\svchost.exe Creator Process Name: C:\Windows\System32\services.exe.,0,Benign
2026-02-27 23:21:15,4624,10,8704,An account was successfully logged on. New Logon: Account Name: jdoe Account Domain: CORP Logon ID: 0x1A2B3C.,0,Benign
2026-02-27 13:29:58,4648,10,5952,A logon was attempted using explicit credentials. Target Server: localhost Target User: admin.,0,Benign
2026-02-27 16:40:57,4634,10,1887,An account was logged off. Logon Type: 2 Interactive.,0,Benign
2026-02-23 08:05:31,4624,3,1835,An account was successfully logged on. Logon Type: 2 Interactive.,0,Benign
2026-02-27 07:53:33,4624,9,9544,An account was successfully logged on. Subject: Security ID: S-1-5-18 Account Name: SYSTEM Account Domain: NT AUTHORITY Logon ID: 0x3E7 Logon Type: 5.,0,Benign
2026-03-01 23:53:38,4624,3,6367,An account was successfully logged on. Subject: Security ID: S-1-5-18 Account Name: SYSTEM Account Domain: NT AUTHORITY Logon ID: 0x3E7 Logon Type: 5.,0,Benign
2026-02-27 01:40:02,4624,5,7516,An account failed to log on. Failure Reason: Unknown user name or bad password.,1,T1110
2026-02-25 08:28:34,4624,12,566,An account was successfully logged on. New Logon: Account Name: jdoe Account Domain: CORP Logon ID: 0x1A2B3C.,0,Benign
2026-02-23 19:45:08,4625,12,2107,An account failed to log on. Failure Reason: Account locked out.,0,Benign
2026-02-23 15:01:05,4625,11,4658,An account failed to log on. Subject: Security ID: S-1-0-0 Account Name: - Account Domain: - Logon Type: 3.,0,Benign
2026-02-24 11:51:55,4625,10,4487,An account failed to log on. Account Name: administrator Source Network Address: 192.168.1.50.,0,Benign
2026-02-27 12:12:43,4625,9,1916,An account failed to log on. Failure Reason: Account locked out.,0,Benign
2026-02-23 06:06:02,4634,5,1148,An account was logged off. Logon Type: 3.,0,Benign
2026-02-28 05:09:01,4624,5,9522,An account was successfully logged on. Logon Type: 2 Interactive.,0,Benign
2026-02-27 17:15:17,4624,8,4464,An account was successfully logged on. Subject: Security ID: S-1-5-18 Account Name: SYSTEM Account Domain: NT AUTHORITY Logon ID: 0x3E7 Logon Type: 5.,0,Benign
2026-02-27 11:46:33,4624,11,9822,An account was successfully logged on. Subject: Security ID: S-1-5-21-1234567890 Account Name: Administrator Account Domain: CORP Logon Type: 3.,0,Benign
2026-02-28 19:50:59,4688,10,1115,A new process has been created. New Process Name: C:\Windows\System32\taskhostw.exe.,0,Benign
2026-02-23 13:55:53,4634,12,5925,An account was logged off. Logon Type: 2 Interactive.,0,Benign
2026-02-25 22:11:19,4688,3,2225,A new process has been created. New Process Name: C:\Windows\System32\svchost.exe Creator Process Name: C:\Windows\System32\services.exe.,0,Benign
2026-03-01 08:35:32,4624,5,766,An account was successfully logged on. Subject: Security ID: S-1-5-21-1234567890 Account Name: Administrator Account Domain: CORP Logon Type: 3.,1,Benign
2026-03-01 22:52:48,4624,9,8031,An account was successfully logged on. Logon Type: 2 Interactive.,0,Benign
2026-02-28 12:57:54,4624,10,3707,An account was successfully logged on. Logon Type: 10 Remote Desktop Services.,0,Benign
2026-02-28 10:04:03,4624,11,4609,An account was successfully logged on. Subject: Security ID: S-1-5-18 Account Name: SYSTEM Account Domain: NT AUTHORITY Logon ID: 0x3E7 Logon Type: 5.,0,Benign
2026-02-28 13:05:13,4672,11,8112,Special privileges assigned to new logon. Subject: Security ID: S-1-5-21-1234567890 Account Name: Administrator Privileges: SeDebugPrivilege.,0,Benign
2026-02-28 14:25:37,4624,3,8269,An account was successfully logged on. Logon Type: 10 Remote Desktop Services.,0,Benign
2026-03-01 06:05:57,4648,12,6361,A logon was attempted using explicit credentials. Target Server: localhost Target User: admin.,0,Benign
2026-02-23 16:59:04,4624,2,3462,An account was successfully logged on. Subject: Security ID: S-1-5-21-1234567890 Account Name: Administrator Account Domain: CORP Logon Type: 3.,0,Benign
2026-02-24 16:54:51,4648,2,9123,A logon was attempted using explicit credentials. Target Server: localhost Target User: admin.,0,Benign
2026-02-28 08:04:21,4648,2,8505,A logon was attempted using explicit credentials. Target Server: localhost Target User: admin.,0,Benign
2026-02-28 14:34:30,4648,12,9922,A logon was attempted using explicit credentials. Target Server: localhost Target User: admin.,0,Benign
2026-02-24 08:06:52,4648,10,5797,A logon was attempted using explicit credentials. Target Server: localhost Target User: admin.,0,Benign
2026-02-23 05:19:51,4688,11,5835,A new process has been created. New Process Name: C:\Windows\System32\powershell.exe Command Line: powershell -enc SQBFAFgA.,1,T1047
2026-02-23 20:31:28,4625,12,3177,An account failed to log on. Logon Type: 10 Remote Desktop Services.,0,Benign
2026-02-24 04:12:14,4624,2,5747,An account was successfully logged on. Subject: Security ID: S-1-5-18 Account Name: SYSTEM Account Domain: NT AUTHORITY Logon ID: 0x3E7 Logon Type: 5.,0,Benign
2026-02-24 10:28:06,4625,5,1828,An account failed to log on. Failure Reason: Unknown user name or bad password. Status: 0xC000006D Sub Status: 0xC000006A.,0,Benign
2026-03-01 10:42:21,4634,11,6566,An account was logged off. Logon Type: 3.,0,Benign
2026-03-01 13:42:29,4634,2,7554,An account was logged off. Logon Type: 2 Interactive.,0,Benign
2026-02-23 17:55:38,4688,11,7818,A new process has been created. New Process Name: C:\Windows\System32\taskhostw.exe.,0,Benign
2026-02-26 13:47:07,4624,9,3085,An account was successfully logged on. Subject: Security ID: S-1-5-21-1234567890 Account Name: Administrator Account Domain: CORP Logon Type: 3.,0,Benign
2026-02-23 13:39:49,4624,3,9147,An account was successfully logged on. Logon Type: 2 Interactive.,0,Benign
2026-02-27 17:34:14,4625,8,903,An account failed to log on. Failure Reason: Unknown user name or bad password. Status: 0xC000006D Sub Status: 0xC000006A.,0,Benign
2026-02-25 08:12:30,4624,5,7741,An account was successfully logged on. Subject: Security ID: S-1-5-21-1234567890 Account Name: Administrator Account Domain: CORP Logon Type: 3.,0,Benign
2026-03-01 11:36:04,4624,8,4140,An account was successfully logged on. Subject: Security ID: S-1-5-18 Account Name: SYSTEM Account Domain: NT AUTHORITY Logon ID: 0x3E7 Logon Type: 5.,0,Benign
2026-02-26 15:16:36,4624,11,9597,An account was successfully logged on. Logon Type: 10 Remote Desktop Services.,0,Benign
2026-02-25 14:29:58,4625,9,5357,An account failed to log on. Subject: Security ID: S-1-0-0 Account Name: - Account Domain: - Logon Type: 3.,0,Benign
2026-02-23 14:52:17,4688,9,4604,A new process has been created. New Process Name: C:\Windows\System32\notepad.exe.,0,Benign
2026-03-01 00:33:15,4672,12,5626,Special privileges assigned to new logon. Subject: Security ID: S-1-5-18 Privileges: SeAssignPrimaryTokenPrivilege SeTcbPrivilege SeSecurityPrivilege.,0,Benign
2026-02-25 17:03:09,4624,2,7497,An account was successfully logged on. Logon Type: 10 Remote Desktop Services.,0,Benign
2026-03-01 15:42:30,4624,10,9335,An account was successfully logged on. Subject: Security ID: S-1-5-21-1234567890 Account Name: Administrator Account Domain: CORP Logon Type: 3.,0,Benign
2026-02-24 16:10:13,4688,12,4685,A new process has been created. New Process Name: C:\Windows\System32\taskhostw.exe.,0,Benign
2026-02-28 17:29:43,4634,12,1486,An account was logged off. Subject: Security ID: S-1-5-21-1234567890 Account Name: jdoe.,0,Benign
2026-03-01 02:19:19,4688,7,8751,A new process has been created. New Process Name: C:\Program Files\Google\Chrome\chrome.exe Command Line: chrome.exe --type=renderer.,0,Benign
2026-02-25 12:39:34,4634,11,5781,An account was logged off. Subject: Security ID: S-1-5-21-1234567890 Account Name: jdoe.,0,Benign
2026-02-27 20:38:24,4624,10,5112,An account failed to log on. Failure Reason: Account locked out.,1,T1110
2026-02-26 11:41:32,4625,8,668,An account failed to log on. Subject: Security ID: S-1-0-0 Account Name: - Account Domain: - Logon Type: 3.,0,Benign
2026-02-25 12:53:11,4624,2,3227,An account was successfully logged on. Logon Type: 10 Remote Desktop Services.,0,Benign
2026-02-23 11:45:30,4672,5,4508,Special privileges assigned to new logon. Subject: Security ID: S-1-5-18 Privileges: SeAssignPrimaryTokenPrivilege SeTcbPrivilege SeSecurityPrivilege.,0,Benign
2026-02-23 09:55:41,4625,8,1421,An account failed to log on. Account Name: administrator Source Network Address: 192.168.1.50.,0,Benign
2026-02-27 15:06:29,4688,11,4865,A new process has been created. New Process Name: C:\Windows\System32\taskhostw.exe.,0,Benign
2026-02-24 09:24:08,4625,7,2546,An account failed to log on. Failure Reason: Unknown user name or bad password. Status: 0xC000006D Sub Status: 0xC000006A.,0,Benign
2026-02-25 03:47:12,4634,2,6407,An account was logged off. Logon Type: 2 Interactive.,0,Benign
2026-02-26 10:45:16,4732,8,977,A member was added to a security-enabled local group. Member Name: svc_backup Group Name: Backup Operators.,0,Benign
2026-02-24 15:42:26,4624,7,8061,An account was successfully logged on. Logon Type: 2 Interactive.,0,Benign
2026-03-01 13:51:47,4625,3,6255,An account failed to log on. Failure Reason: Unknown user name or bad password. Status: 0xC000006D Sub Status: 0xC000006A.,0,Benign
2026-02-28 10:21:56,4625,2,7875,An account failed to log on. Account Name: administrator Source Network Address: 192.168.1.50.,0,Benign
2026-02-23 17:04:55,4672,10,4324,Special privileges assigned to new logon. Subject: Security ID: S-1-5-18 Privileges: SeAssignPrimaryTokenPrivilege SeTcbPrivilege SeSecurityPrivilege.,0,Benign
2026-02-25 09:23:29,4625,3,5310,An account failed to log on. Account Name: administrator Source Network Address: 192.168.1.50.,0,Benign
2026-02-27 09:34:41,4624,2,4502,An account was successfully logged on. Subject: Security ID: S-1-5-18 Account Name: SYSTEM Account Domain: NT AUTHORITY Logon ID: 0x3E7 Logon Type: 5.,0,Benign
2026-02-26 17:37:16,4720,11,4098,A user account was created. New Account Name: test_account.,0,Benign
2026-02-23 03:16:48,4624,10,2552,An account was successfully logged on. Logon Type: 2 Interactive.,0,Benign
2026-02-26 17:52:46,4624,2,290,An account was successfully logged on. Subject: Security ID: S-1-5-18 Account Name: SYSTEM Account Domain: NT AUTHORITY Logon ID: 0x3E7 Logon Type: 5.,0,Benign
2026-02-23 14:40:37,4688,11,7811,A new process has been created. New Process Name: C:\Windows\System32\cmd.exe Command Line: cmd.exe /c dir.,0,Benign
2026-02-23 14:19:01,4648,10,7475,A logon was attempted using explicit credentials. Target Server: DC01 Target User: backup_svc.,0,Benign
2026-02-26 01:57:04,4720,8,8132,A user account was created. New Account Name: svc_backup New Account Domain: CORP.,0,Benign
2026-02-24 08:25:54,4688,2,6398,A new process has been created. New Process Name: C:\Windows\System32\cmd.exe Command Line: cmd.exe /c dir.,0,Benign
2026-03-01 16:27:33,4625,3,2450,An account failed to log on. Failure Reason: Account locked out.,0,Benign
2026-03-01 08:45:31,4648,12,6440,A logon was attempted using explicit credentials. Target Server: localhost Target User: admin.,0,Benign
2026-03-01 14:47:47,4688,12,8183,A new process has been created. New Process Name: C:\Windows\System32\svchost.exe Creator Process Name: C:\Windows\System32\services.exe.,0,Benign
2026-02-28 12:34:25,4624,5,5783,An account was successfully logged on. Logon Type: 10 Remote Desktop Services.,0,Benign
2026-02-27 08:20:56,4648,3,1427,A logon was attempted using explicit credentials. Target Server: DC01 Target User: backup_svc.,0,Benign
2026-02-25 17:33:12,4672,10,3976,Special privileges assigned to new logon. Account Name: SYSTEM Privileges: SeBackupPrivilege SeRestorePrivilege.,0,Benign
2026-02-27 09:44:41,4688,9,6804,A new process has been created. New Process Name: C:\Windows\System32\svchost.exe Creator Process Name: C:\Windows\System32\services.exe.,0,Benign
2026-02-27 13:29:17,4688,11,804,A new process has been created. New Process Name: C:\Program Files\Google\Chrome\chrome.exe Command Line: chrome.exe --type=renderer.,1,Benign
2026-02-24 11:24:05,4624,9,1753,An account was successfully logged on. Logon Type: 2 Interactive.,0,Benign
2026-02-26 10:53:26,4624,12,7098,An account was successfully logged on. Logon Type: 2 Interactive.,0,Benign
2026-02-27 09:11:35,4688,12,6037,A new process has been created. New Process Name: C:\Windows\System32\cmd.exe Command Line: cmd.exe /c dir.,0,Benign
2026-02-25 19:50:45,4648,2,1187,A logon was attempted using explicit credentials. Target Server: DC01 Target User: backup_svc.,0,Benign
2026-02-26 14:55:24,4624,7,8985,An account was successfully logged on. Logon Type: 2 Interactive.,0,Benign
2026-03-01 12:25:32,4624,5,8640,An account was successfully logged on. Logon Type: 2 Interactive.,0,Benign
2026-02-24 15:42:38,4624,10,3895,An account was successfully logged on. Subject: Security ID: S-1-5-18 Account Name: SYSTEM Account Domain: NT AUTHORITY Logon ID: 0x3E7 Logon Type: 5.,0,Benign
2026-02-25 01:18:20,4688,3,4115,A new process has been created. New Process Name: C:\Windows\System32\notepad.exe.,0,Benign
2026-02-24 08:26:00,4732,9,3248,A member was added to a security-enabled local group. Member Name: jdoe Group Name: Remote Desktop Users.,0,Benign
2026-02-28 23:02:11,4625,2,2122,An account failed to log on. Failure Reason: Unknown user name or bad password. Status: 0xC000006D Sub Status: 0xC000006A.,0,Benign
2026-03-01 13:49:15,4625,11,578,An account failed to log on. Account Name: administrator Source Network Address: 192.168.1.50.,0,Benign
2026-02-27 08:40:00,4688,3,349,A new process has been created. New Process Name: C:\Windows\System32\svchost.exe Creator Process Name: C:\Windows\System32\services.exe.,0,Benign
2026-02-27 17:49:53,4624,10,1643,An account was successfully logged on. Logon Type: 10 Remote Desktop Services.,0,Benign
2026-02-24 10:34:26,4672,8,7826,Special privileges assigned to new logon. Subject: Security ID: S-1-5-18 Privileges: SeAssignPrimaryTokenPrivilege SeTcbPrivilege SeSecurityPrivilege.,0,Benign
2026-02-27 14:42:29,4720,7,7195,A user account was created. New Account Name: test_account.,0,Benign
2026-02-23 15:04:45,4648,7,1167,A logon was attempted using explicit credentials. Target Server: DC01 Target User: backup_svc.,0,Benign
2026-02-23 16:13:36,4624,7,5483,An account was successfully logged on. Subject: Security ID: S-1-5-21-1234567890 Account Name: Administrator Account Domain: CORP Logon Type: 3.,0,Benign
2026-02-27 15:43:45,4720,9,389,A user account was created. New Account Name: test_account.,0,Benign
2026-03-01 12:24:10,4648,9,9476,A logon was attempted using explicit credentials. Target Server: DC01 Target User: backup_svc.,0,Benign
2026-02-25 09:09:24,4624,9,4246,An account was successfully logged on. Subject: Security ID: S-1-5-21-1234567890 Account Name: Administrator Account Domain: CORP Logon Type: 3.,0,Benign
2026-02-25 15:09:15,4624,3,7127,An account was successfully logged on. Logon Type: 10 Remote Desktop Services.,0,Benign
2026-02-26 13:28:55,4688,10,9525,A new process has been created. New Process Name: C:\Windows\System32\cmd.exe Command Line: cmd.exe /c dir.,0,Benign
2026-02-28 12:22:06,4648,8,5555,A logon was attempted using explicit credentials. Process: C:\Windows\System32\runas.exe.,0,Benign
2026-02-27 16:45:46,4688,10,8389,A new process has been created. New Process Name: C:\Windows\System32\cmd.exe Command Line: cmd.exe /c dir.,0,Benign
2026-02-24 08:28:21,4625,10,1223,An account failed to log on. Logon Type: 10 Remote Desktop Services.,0,Benign
2026-03-01 09:32:24,4624,8,2331,An account was successfully logged on. Subject: Security ID: S-1-5-18 Account Name: SYSTEM Account Domain: NT AUTHORITY Logon ID: 0x3E7 Logon Type: 5.,0,Benign
2026-02-25 23:22:27,4688,9,5722,A new process has been created. New Process Name: C:\Windows\System32\notepad.exe.,0,Benign
2026-02-24 01:32:28,4648,8,4512,A logon was attempted using explicit credentials. Target Server: localhost Target User: admin.,0,Benign
2026-03-01 17:02:13,4624,12,4704,An account was successfully logged on. Subject: Security ID: S-1-5-21-1234567890 Account Name: Administrator Account Domain: CORP Logon Type: 3.,0,Benign
2026-03-01 03:49:51,4624,3,8701,An account was successfully logged on. New Logon: Account Name: jdoe Account Domain: CORP Logon ID: 0x1A2B3C.,1,Benign
2026-02-27 09:58:06,4688,2,1636,A new process has been created. New Process Name: C:\Windows\System32\cmd.exe Command Line: cmd.exe /c dir.,0,Benign
2026-02-25 10:21:28,4625,5,3250,An account failed to log on. Logon Type: 10 Remote Desktop Services.,0,Benign
2026-02-28 09:38:36,4634,8,4484,An account was logged off. Logon Type: 3.,0,Benign
2026-02-28 12:02:21,4688,5,677,A new process has been created. New Process Name: C:\Windows\System32\taskhostw.exe.,0,Benign
2026-02-25 09:02:54,4648,12,4227,A logon was attempted using explicit credentials. Target Server: localhost Target User: admin.,0,Benign
2026-02-24 10:00:31,4634,2,3460,An account was logged off. Logon Type: 2 Interactive.,0,Benign
2026-02-24 15:52:50,4624,9,593,An account was successfully logged on. Logon Type: 2 Interactive.,0,Benign
2026-02-25 22:49:59,4624,8,5136,An account was successfully logged on. Logon Type: 2 Interactive.,0,Benign
2026-02-26 12:53:18,4688,9,594,A new process has been created. New Process Name: C:\Windows\System32\svchost.exe Creator Process Name: C:\Windows\System32\services.exe.,0,Benign
2026-02-28 11:50:29,4624,3,5507,An account was successfully logged on. Subject: Security ID: S-1-5-18 Account Name: SYSTEM Account Domain: NT AUTHORITY Logon ID: 0x3E7 Logon Type: 5.,0,Benign
2026-02-25 15:38:17,4732,9,723,A member was added to a security-enabled local group. Member Name: jdoe Group Name: Remote Desktop Users.,0,Benign
2026-02-26 09:19:20,4672,2,3128,Special privileges assigned to new logon. Subject: Security ID: S-1-5-21-1234567890 Account Name: Administrator Privileges: SeDebugPrivilege.,0,Benign
2026-02-25 08:28:22,4720,5,5372,A user account was created. New Account Name: svc_backup New Account Domain: CORP.,0,Benign
2026-03-01 17:10:53,4688,9,7737,A new process has been created. New Process Name: C:\Windows\System32\svchost.exe Creator Process Name: C:\Windows\System32\services.exe.,0,Benign
2026-02-25 08:05:28,4625,11,8448,An account failed to log on. Logon Type: 10 Remote Desktop Services.,0,Benign
2026-02-24 17:39:52,4624,3,5533,An account was successfully logged on. Logon Type: 2 Interactive.,0,Benign
2026-02-28 15:35:56,4625,2,7333,An account failed to log on. Subject: Security ID: S-1-0-0 Account Name: - Account Domain: - Logon Type: 3.,0,Benign
2026-02-24 15:21:22,4688,7,7545,A new process has been created. New Process Name: C:\Windows\System32\cmd.exe Command Line: cmd.exe /c dir.,0,Benign
2026-02-26 10:33:40,4624,10,5927,An account was successfully logged on. Logon Type: 10 Remote Desktop Services.,0,Benign
2026-02-23 04:51:01,4688,5,2950,A new process has been created. New Process Name: C:\Program Files\Google\Chrome\chrome.exe Command Line: chrome.exe --type=renderer.,0,Benign
2026-02-24 17:56:08,4624,3,3287,An account was successfully logged on. Subject: Security ID: S-1-5-21-1234567890 Account Name: Administrator Account Domain: CORP Logon Type: 3.,0,Benign
2026-02-28 11:15:45,4624,8,1309,An account was successfully logged on. New Logon: Account Name: jdoe Account Domain: CORP Logon ID: 0x1A2B3C.,1,Benign
2026-02-28 20:35:31,4624,3,3643,An account was successfully logged on. Logon Type: 2 Interactive.,0,Benign
2026-02-25 11:30:56,4624,3,3509,An account was successfully logged on. Subject: Security ID: S-1-5-21-1234567890 Account Name: Administrator Account Domain: CORP Logon Type: 3.,0,Benign
2026-02-27 02:25:56,4624,12,303,An account was successfully logged on. Subject: Security ID: S-1-5-18 Account Name: SYSTEM Account Domain: NT AUTHORITY Logon ID: 0x3E7 Logon Type: 5.,0,Benign
2026-02-24 22:58:04,4624,11,913,An account was successfully logged on. Subject: Security ID: S-1-5-21-1234567890 Account Name: Administrator Account Domain: CORP Logon Type: 3.,0,Benign
2026-03-01 08:53:24,4672,5,4842,Special privileges assigned to new logon. Subject: Security ID: S-1-5-18 Privileges: SeAssignPrimaryTokenPrivilege SeTcbPrivilege SeSecurityPrivilege.,0,Benign
2026-02-25 14:29:49,4625,9,3881,An account failed to log on. Failure Reason: Unknown user name or bad password. Status: 0xC000006D Sub Status: 0xC000006A.,0,Benign
2026-02-25 16:56:58,4624,11,910,An account was successfully logged on. New Logon: Account Name: jdoe Account Domain: CORP Logon ID: 0x1A2B3C.,0,Benign
2026-02-26 16:16:13,4625,11,306,An account failed to log on. Account Name: administrator Source Network Address: 192.168.1.50.,0,Benign
2026-03-01 12:36:34,4625,9,9153,An account failed to log on. Account Name: administrator Source Network Address: 192.168.1.50.,0,Benign
2026-02-26 10:02:46,4625,11,2403,An account failed to log on. Failure Reason: Unknown user name or bad password. Status: 0xC000006D Sub Status: 0xC000006A.,0,Benign
2026-03-01 17:59:13,4624,12,9591,An account was successfully logged on. Logon Type: 10 Remote Desktop Services.,0,Benign
2026-02-26 08:43:10,4624,12,1211,An account was successfully logged on. Subject: Security ID: S-1-5-18 Account Name: SYSTEM Account Domain: NT AUTHORITY Logon ID: 0x3E7 Logon Type: 5.,0,Benign
2026-03-01 16:42:42,4625,3,4727,An account failed to log on. Subject: Security ID: S-1-0-0 Account Name: - Account Domain: - Logon Type: 3.,0,Benign
2026-03-01 16:45:29,4624,8,1729,An account was successfully logged on. Logon Type: 2 Interactive.,0,Benign
2026-02-28 16:12:45,4688,7,7831,A new process has been created. New Process Name: C:\Windows\System32\taskhostw.exe.,0,Benign
2026-02-24 09:17:31,4648,7,295,A logon was attempted using explicit credentials. Target Server: localhost Target User: admin.,0,Benign
2026-02-27 09:13:40,4648,7,1085,A logon was attempted using explicit credentials. Process: C:\Windows\System32\runas.exe.,0,Benign
2026-03-01 20:49:18,4625,10,6375,An account failed to log on. Failure Reason: Unknown user name or bad password. Status: 0xC000006D Sub Status: 0xC000006A.,0,Benign
2026-02-25 14:20:54,4624,5,3307,An account was successfully logged on. Logon Type: 10 Remote Desktop Services.,0,Benign
2026-02-25 16:07:54,4624,2,7890,An account was successfully logged on. Subject: Security ID: S-1-5-18 Account Name: SYSTEM Account Domain: NT AUTHORITY Logon ID: 0x3E7 Logon Type: 5.,0,Benign
2026-03-01 16:25:37,4625,5,9067,An account failed to log on. Failure Reason: Account locked out.,0,Benign
2026-02-24 21:26:52,4648,7,6367,A logon was attempted using explicit credentials. Process: C:\Windows\System32\runas.exe.,0,Benign
2026-02-23 12:55:30,4625,12,687,An account failed to log on. Failure Reason: Account locked out.,0,Benign
2026-03-01 21:54:35,4624,7,4918,An account was successfully logged on. New Logon: Account Name: jdoe Account Domain: CORP Logon ID: 0x1A2B3C.,0,Benign
2026-03-01 17:36:14,4624,5,6464,An account was successfully logged on. Logon Type: 10 Remote Desktop Services.,0,Benign
2026-02-28 15:39:24,4624,9,4851,An account was successfully logged on. Logon Type: 10 Remote Desktop Services.,0,Benign
2026-02-24 17:03:23,4624,3,4506,An account was successfully logged on. Subject: Security ID: S-1-5-21-1234567890 Account Name: Administrator Account Domain: CORP Logon Type: 3.,0,Benign
2026-03-01 10:36:49,4624,11,2074,An account was successfully logged on. Subject: Security ID: S-1-5-21-1234567890 Account Name: Administrator Account Domain: CORP Logon Type: 3.,0,Benign
