2026-02-25 14:43:16,4625,11,6445,An account failed to log on. Failure Reason: Unknown user name or bad password. Status: 0xC000006D Sub Status: 0xC000006A.,0,Benign
2026-02-25 05:27:14,4634,11,8228,An account was logged off. Subject: Security ID: S-1-5-21-1234567890 Account Name: jdoe.,0,Benign
2026-02-23 10:26:37,4625,3,4892,An account failed to log on. Failure Reason: Account locked out.,0,Benign
2026-02-28 09:13:29,4688,5,8168,A new process has been created. New Process Name: C:\Windows\System32\notepad.exe.,0,Benign
2026-02-26 22:39:05,4624,11,5252,An account was successfully logged on. Subject: Security ID: S-1-5-18 Account Name: SYSTEM Account Domain: NT AUTHORITY Logon ID: 0x3E7 Logon Type: 5.,0,Benign
2026-02-28 14:37:55,4624,5,8324,An account was successfully logged on. Subject: Security ID: S-1-5-18 Account Name: SYSTEM Account Domain: NT AUTHORITY Logon ID: 0x3E7 Logon Type: 5.,0,Benign
2026-02-26 19:32:21,4624,2,9912,An account was successfully logged on. New Logon: Account Name: jdoe Account Domain: CORP Logon ID: 0x1A2B3C.,0,Benign
2026-03-01 14:09:53,4624,11,5717,An account was successfully logged on. Logon Type: 10 Remote Desktop Services.,0,Benign
2026-02-27 17:12:26,4625,7,5695,An account failed to log on. Subject: Security ID: S-1-0-0 Account Name: - Account Domain: - Logon Type: 3.,0,Benign
2026-02-23 08:21:55,4688,2,5010,A new process has been created. New Process Name: C:\Windows\System32\notepad.exe.,0,Benign
2026-02-25 14:55:10,4648,8,5652,A logon was attempted using explicit credentials. Process: C:\Windows\System32\runas.exe.,0,Benign
2026-02-23 16:46:38,4648,2,6515,A logon was attempted using explicit credentials. Target Server: DC01 Target User: backup_svc.,0,Benign
2026-02-26 08:18:57,4625,8,4351,An account failed to log on. Subject: Security ID: S-1-0-0 Account Name: - Account Domain: - Logon Type: 3.,0,Benign
2026-02-28 16:06:03,4624,10,6588,An account was successfully logged on. New Logon: Account Name: jdoe Account Domain: CORP Logon ID: 0x1A2B3C.,0,Benign
2026-02-26 13:24:13,4688,8,6997,A new process has been created. New Process Name: C:\Windows\System32\notepad.exe.,0,Benign
2026-02-24 04:59:44,4688,10,3879,A new process has been created. New Process Name: C:\Windows\System32\cmd.exe Command Line: cmd.exe /c dir.,0,Benign
2026-03-01 14:59:18,4624,9,6093,An account was successfully logged on. Subject: Security ID: S-1-5-18 Account Name: SYSTEM Account Domain: NT AUTHORITY Logon ID: 0x3E7 Logon Type: 5.,0,Benign
2026-02-28 12:03:50,4720,5,3357,A user account was created. New Account Name: test_account.,0,Benign
2026-02-25 00:28:55,4720,10,974,A user account was created. New Account Name: svc_backup New Account Domain: CORP.,0,Benign
2026-02-28 09:10:15,4625,9,9610,An account failed to log on. Failure Reason: Unknown user name or bad password. Status: 0xC000006D Sub Status: 0xC000006A.,0,Benign
2026-02-25 12:10:43,4634,3,6225,An account was logged off. Logon Type: 3.,0,Benign
2026-02-27 11:50:07,4624,12,253,An account was successfully logged on. Subject: Security ID: S-1-5-21-1234567890 Account Name: Administrator Account Domain: CORP Logon Type: 3.,0,Benign
2026-02-26 10:41:55,4672,11,9966,Special privileges assigned to new logon. Subject: Security ID: S-1-5-21-1234567890 Account Name: Administrator Privileges: SeDebugPrivilege.,0,Benign
2026-02-26 10:21:36,4688,7,1038,A new process has been created. New Process Name: C:\Windows\System32\svchost.exe Creator Process Name: C:\Windows\System32\services.exe.,1,Benign
2026-02-28 12:11:23,4688,8,1014,A new process has been created. New Process Name: C:\Windows\System32\svchost.exe Creator Process Name: C:\Windows\System32\services.exe.,0,Benign
2026-02-27 17:14:01,4624,5,6442,An account was successfully logged on. Logon Type: 10 Remote Desktop Services.,0,Benign
2026-02-24 16:58:26,4624,9,9583,An account was successfully logged on. Logon Type: 10 Remote Desktop Services.,0,Benign
2026-02-26 14:10:55,4625,10,5854,An account failed to log on. Failure Reason: Account locked out.,0,Benign
2026-02-23 23:16:42,4624,12,4292,An account was successfully logged on. Logon Type: 10 Remote Desktop Services.,0,Benign
2026-02-26 10:43:55,4672,11,1967,A new process has been created. New Process Name: C:\Temp\procdump.exe.,1,T1003
2026-02-28 15:55:54,4625,5,2763,An account failed to log on. Failure Reason: Account locked out.,0,Benign
2026-02-23 10:01:52,4624,5,6512,An account was successfully logged on. Subject: Security ID: S-1-5-21-1234567890 Account Name: Administrator Account Domain: CORP Logon Type: 3.,0,Benign
2026-03-01 18:07:24,4624,9,7267,An account was successfully logged on. Logon Type: 10 Remote Desktop Services.,0,Benign
2026-02-23 08:23:46,4624,11,3215,An account was successfully logged on. Logon Type: 2 Interactive.,0,Benign
2026-03-01 15:23:06,4624,9,2212,An account was successfully logged on. Logon Type: 2 Interactive.,0,Benign
2026-03-01 13:29:35,4624,12,3053,An account was successfully logged on. Subject: Security ID: S-1-5-21-1234567890 Account Name: Administrator Account Domain: CORP Logon Type: 3.,0,Benign
2026-03-01 09:20:30,4688,7,2656,A new process has been created. New Process Name: C:\Windows\System32\svchost.exe Creator Process Name: C:\Windows\System32\services.exe.,0,Benign
2026-02-27 12:00:26,4624,3,3373,An account was successfully logged on. Subject: Security ID: S-1-5-21-1234567890 Account Name: Administrator Account Domain: CORP Logon Type: 3.,0,Benign
2026-02-25 09:20:28,4688,9,4089,A new process has been created. New Process Name: C:\Windows\System32\cmd.exe Command Line: cmd.exe /c dir.,0,Benign
2026-02-25 15:59:02,4624,12,1786,An account was successfully logged on. Logon Type: 10 Remote Desktop Services.,0,Benign
2026-02-26 10:31:23,4625,2,8363,An account failed to log on. Subject: Security ID: S-1-0-0 Account Name: - Account Domain: - Logon Type: 3.,0,Benign
2026-02-26 12:54:36,4672,12,4973,Special privileges assigned to new logon. Account Name: SYSTEM Privileges: SeBackupPrivilege SeRestorePrivilege.,0,Benign
2026-03-01 05:53:12,4688,10,2519,A new process has been created. New Process Name: C:\Windows\System32\notepad.exe.,0,Benign
2026-02-26 09:20:56,4624,12,4024,An account was successfully logged on. Subject: Security ID: S-1-5-18 Account Name: SYSTEM Account Domain: NT AUTHORITY Logon ID: 0x3E7 Logon Type: 5.,0,Benign
2026-02-25 20:14:36,4688,5,9508,A new process has been created. New Process Name: C:\Windows\System32\cmd.exe Command Line: cmd.exe /c dir.,0,Benign
2026-02-23 05:11:58,4688,10,2938,A new process has been created. New Process Name: C:\Windows\System32\notepad.exe.,0,Benign
2026-02-28 14:01:27,4625,10,3979,An account failed to log on. Failure Reason: Account locked out.,0,Benign
2026-03-01 11:33:51,4624,10,6872,An account was successfully logged on. New Logon: Account Name: jdoe Account Domain: CORP Logon ID: 0x1A2B3C.,0,Benign
2026-03-01 11:11:12,4625,2,9817,An account failed to log on. Failure Reason: Account locked out.,0,Benign
2026-02-24 17:07:33,4624,8,5248,An account was successfully logged on. Logon Type: 2 Interactive.,0,Benign
2026-02-25 08:00:28,4648,10,4264,A logon was attempted using explicit credentials. Process: C:\Windows\System32\runas.exe.,0,Benign
2026-03-01 16:31:22,4624,10,4065,An account was successfully logged on. New Logon: Account Name: jdoe Account Domain: CORP Logon ID: 0x1A2B3C.,0,Benign
2026-02-28 11:57:42,4634,2,1726,An account was logged off. Logon Type: 2 Interactive.,0,Benign
2026-02-27 13:12:11,4624,10,4387,An account was successfully logged on. New Logon: Account Name: jdoe Account Domain: CORP Logon ID: 0x1A2B3C.,0,Benign
2026-02-24 13:42:40,4624,9,4393,An account was successfully logged on. Subject: Security ID: S-1-5-18 Account Name: SYSTEM Account Domain: NT AUTHORITY Logon ID: 0x3E7 Logon Type: 5.,0,Benign
2026-02-27 16:04:19,4688,8,2006,A new process has been created. New Process Name: C:\Windows\System32\svchost.exe Creator Process Name: C:\Windows\System32\services.exe.,0,Benign
2026-02-27 09:48:51,4720,7,7023,A user account was created. New Account Name: svc_backup New Account Domain: CORP.,0,Benign
2026-02-23 13:48:54,4688,7,7905,A new process has been created. New Process Name: C:\Program Files\Google\Chrome\chrome.exe Command Line: chrome.exe --type=renderer.,0,Benign
2026-03-01 09:06:34,4624,9,2538,An account was successfully logged on. Logon Type: 10 Remote Desktop Services.,0,Benign
2026-02-28 05:39:42,4624,10,8682,An account was successfully logged on. Subject: Security ID: S-1-5-18 Account Name: SYSTEM Account Domain: NT AUTHORITY Logon ID: 0x3E7 Logon Type: 5.,0,Benign
2026-02-23 17:06:07,4688,7,3490,A new process has been created. New Process Name: C:\Windows\System32\svchost.exe Creator Process Name: C:\Windows\System32\services.exe.,0,Benign
2026-02-28 17:30:05,4624,2,1251,An account was successfully logged on. Subject: Security ID: S-1-5-18 Account Name: SYSTEM Account Domain: NT AUTHORITY Logon ID: 0x3E7 Logon Type: 5.,0,Benign
2026-02-26 09:30:06,4624,11,2898,An account was successfully logged on. Logon Type: 10 Remote Desktop Services.,0,Benign
2026-02-24 14:33:10,4625,8,5061,An account failed to log on. Account Name: administrator Source Network Address: 192.168.1.50.,0,Benign
2026-02-28 09:55:15,4648,7,6532,A logon was attempted using explicit credentials. Target Server: DC01 Target User: backup_svc.,0,Benign
2026-02-27 11:26:31,4672,8,8755,Special privileges assigned to new logon. Subject: Security ID: S-1-5-18 Privileges: SeAssignPrimaryTokenPrivilege SeTcbPrivilege SeSecurityPrivilege.,0,Benign
2026-02-27 14:20:37,4634,8,6464,An account was logged off. Logon Type: 2 Interactive.,0,Benign
2026-02-28 10:43:46,4624,2,3549,An account was successfully logged on. Logon Type: 10 Remote Desktop Services.,0,Benign
2026-02-25 19:21:12,4624,7,1426,An account was successfully logged on. Subject: Security ID: S-1-5-18 Account Name: SYSTEM Account Domain: NT AUTHORITY Logon ID: 0x3E7 Logon Type: 5.,0,Benign
2026-02-25 17:57:11,4624,11,3577,An account was successfully logged on. Logon Type: 3 Source Network Address: 192.168.1.100.,1,T1046
2026-02-26 15:23:41,4625,2,4679,An account failed to log on. Subject: Security ID: S-1-0-0 Account Name: - Account Domain: - Logon Type: 3.,0,Benign
2026-02-28 12:46:16,4624,2,4579,An account was successfully logged on. Subject: Security ID: S-1-5-21-1234567890 Account Name: Administrator Account Domain: CORP Logon Type: 3.,0,Benign
2026-02-27 11:57:53,4624,12,1783,An account was successfully logged on. Subject: Security ID: S-1-5-21-1234567890 Account Name: Administrator Account Domain: CORP Logon Type: 3.,0,Benign
2026-02-28 14:53:56,4624,9,974,An account was successfully logged on. Subject: Security ID: S-1-5-21-1234567890 Account Name: Administrator Account Domain: CORP Logon Type: 3.,0,Benign
2026-02-23 11:21:35,4672,3,1472,Special privileges assigned to new logon. Subject: Security ID: S-1-5-18 Privileges: SeAssignPrimaryTokenPrivilege SeTcbPrivilege SeSecurityPrivilege.,0,Benign
2026-02-23 01:47:38,4625,12,5753,An account failed to log on. Failure Reason: Account locked out.,0,Benign
2026-02-23 17:18:51,4672,9,7254,Special privileges assigned to new logon. Subject: Security ID: S-1-5-18 Privileges: SeAssignPrimaryTokenPrivilege SeTcbPrivilege SeSecurityPrivilege.,0,Benign
2026-02-26 13:34:04,4688,10,2648,A new process has been created. New Process Name: C:\Windows\System32\cmd.exe Command Line: cmd.exe /c dir.,0,Benign
2026-02-26 13:19:31,4672,7,9277,Special privileges assigned to new logon. Subject: Security ID: S-1-5-21-1234567890 Account Name: Administrator Privileges: SeDebugPrivilege.,0,Benign
2026-02-25 11:25:41,4672,7,8599,Special privileges assigned to new logon. Subject: Security ID: S-1-5-21-1234567890 Account Name: Administrator Privileges: SeDebugPrivilege.,0,Benign
2026-02-27 10:26:23,4720,8,6111,A user account was created. New Account Name: svc_backup New Account Domain: CORP.,0,Benign
2026-02-26 10:38:14,4634,8,596,An account was logged off. Subject: Security ID: S-1-5-21-1234567890 Account Name: jdoe.,0,Benign
2026-02-28 11:18:44,4634,5,7143,An account was logged off. Logon Type: 2 Interactive.,0,Benign
2026-02-24 09:11:05,4688,7,6185,A new process has been created. New Process Name: C:\Windows\System32\cmd.exe Command Line: cmd.exe /c whoami.,1,T1047
2026-02-23 10:18:20,4624,12,1337,An account was successfully logged on. Subject: Security ID: S-1-5-21-1234567890 Account Name: Administrator Account Domain: CORP Logon Type: 3.,0,Benign
2026-02-28 13:21:41,4625,11,589,An account failed to log on. Account Name: administrator Source Network Address: 192.168.1.50.,0,Benign
2026-03-01 11:05:09,4625,11,3597,An account failed to log on. Subject: Security ID: S-1-0-0 Account Name: - Account Domain: - Logon Type: 3.,0,Benign
2026-02-26 14:41:50,4624,11,2595,An account was successfully logged on. Subject: Security ID: S-1-5-18 Account Name: SYSTEM Account Domain: NT AUTHORITY Logon ID: 0x3E7 Logon Type: 5.,0,Benign
2026-02-26 06:47:12,4624,5,909,An account was successfully logged on. Logon Type: 2 Interactive.,0,Benign
2026-02-28 17:21:41,4625,5,6322,An account failed to log on. Failure Reason: Unknown user name or bad password. Status: 0xC000006D Sub Status: 0xC000006A.,0,Benign
2026-02-26 15:41:23,4624,7,1429,An account was successfully logged on. Logon Type: 10 Remote Desktop Services.,0,Benign
2026-02-23 11:40:32,4624,11,6709,An account was successfully logged on. Logon Type: 10 Remote Desktop Services.,0,Benign
2026-02-23 09:58:29,4672,9,3165,Special privileges assigned to new logon. Subject: Security ID: S-1-5-18 Privileges: SeAssignPrimaryTokenPrivilege SeTcbPrivilege SeSecurityPrivilege.,0,Benign
2026-02-24 17:13:20,4625,9,776,An account failed to log on. Failure Reason: Account locked out.,1,T1110
2026-02-25 08:10:54,4624,7,2122,An account was successfully logged on. Subject: Security ID: S-1-5-21-1234567890 Account Name: Administrator Account Domain: CORP Logon Type: 3.,0,Benign
2026-02-23 10:42:54,4624,9,5629,An account was successfully logged on. Subject: Security ID: S-1-5-18 Account Name: SYSTEM Account Domain: NT AUTHORITY Logon ID: 0x3E7 Logon Type: 5.,0,Benign
2026-02-24 15:34:36,4624,10,2885,An account was successfully logged on. Logon Type: 10 Remote Desktop Services.,0,Benign
2026-02-23 14:30:19,4624,5,7534,An account was successfully logged on. New Logon: Account Name: jdoe Account Domain: CORP Logon ID: 0x1A2B3C.,0,Benign
2026-02-25 14:22:39,4634,12,8330,An account was logged off. Logon Type: 2 Interactive.,0,Benign
2026-02-23 14:32:52,4648,12,3107,A logon was attempted using explicit credentials. Target Server: DC01 Target User: backup_svc.,0,Benign
2026-02-23 12:47:36,4688,7,6902,A new process has been created. New Process Name: C:\Windows\System32\svchost.exe Creator Process Name: C:\Windows\System32\services.exe.,0,Benign
2026-02-25 13:50:09,4648,10,2688,A logon was attempted using explicit credentials. Target Server: localhost Target User: admin.,0,Benign
2026-03-01 10:03:08,4672,8,2682,Special privileges assigned to new logon. Subject: Security ID: S-1-5-21-1234567890 Account Name: Administrator Privileges: SeDebugPrivilege.,0,Benign
2026-02-27 16:15:32,4624,2,9435,An account was successfully logged on. Logon Type: 2 Interactive.,0,Benign
2026-02-27 14:43:21,4625,8,9820,An account failed to log on. Account Name: administrator Source Network Address: 192.168.1.50.,0,Benign
2026-03-01 09:42:39,4720,12,5200,A user account was created. New Account Name: svc_backup New Account Domain: CORP.,0,Benign
2026-02-26 15:13:03,4624,11,553,An account was successfully logged on. Subject: Security ID: S-1-5-21-1234567890 Account Name: Administrator Account Domain: CORP Logon Type: 3.,0,Benign
2026-02-26 12:43:06,4634,10,5804,An account was logged off. Logon Type: 3.,0,Benign
2026-02-24 09:22:52,4624,9,8067,An account was successfully logged on. New Logon: Account Name: jdoe Account Domain: CORP Logon ID: 0x1A2B3C.,0,Benign
2026-03-01 02:30:00,4648,10,5744,A logon was attempted using explicit credentials. Process: C:\Windows\System32\runas.exe.,1,Benign
2026-02-28 08:22:24,4648,9,8134,A logon was attempted using explicit credentials. Target Server: DC01 Target User: backup_svc.,0,Benign
2026-02-25 16:05:24,4648,11,3157,A logon was attempted using explicit credentials. Process: C:\Windows\System32\runas.exe.,0,Benign
2026-03-01 16:08:55,4688,7,886,A new process has been created. New Process Name: C:\Windows\System32\cmd.exe Command Line: cmd.exe /c dir.,0,Benign
2026-02-28 09:41:05,4624,2,3006,An account was successfully logged on. Subject: Security ID: S-1-5-21-1234567890 Account Name: Administrator Account Domain: CORP Logon Type: 3.,0,Benign
2026-03-01 10:10:34,4648,5,1246,A logon was attempted using explicit credentials. Process: C:\Windows\System32\runas.exe.,0,Benign
2026-02-27 23:01:13,4688,10,2947,A new process has been created. New Process Name: C:\Windows\System32\taskhostw.exe.,0,Benign
2026-02-25 10:59:54,4672,3,3965,Special privileges assigned to new logon. Account Name: SYSTEM Privileges: SeBackupPrivilege SeRestorePrivilege.,0,Benign
2026-02-24 16:07:28,4688,5,2574,A new process has been created. New Process Name: C:\Windows\System32\svchost.exe Creator Process Name: C:\Windows\System32\services.exe.,0,Benign
2026-03-01 14:31:32,4624,12,9516,An account was successfully logged on. Subject: Security ID: S-1-5-18 Account Name: SYSTEM Account Domain: NT AUTHORITY Logon ID: 0x3E7 Logon Type: 5.,0,Benign
2026-03-01 09:17:08,4624,3,349,An account was successfully logged on. Logon Type: 2 Interactive.,0,Benign
2026-02-25 00:50:27,4625,9,311,An account failed to log on. Failure Reason: Unknown user name or bad password. Status: 0xC000006D Sub Status: 0xC000006A.,0,Benign
2026-02-24 08:26:18,4624,11,4831,An account was successfully logged on. Subject: Security ID: S-1-5-21-1234567890 Account Name: Administrator Account Domain: CORP Logon Type: 3.,0,Benign
2026-02-25 08:16:09,4625,8,8309,An account failed to log on. Logon Type: 10 Remote Desktop Services.,0,Benign
2026-02-23 16:38:42,4624,2,482,An account was successfully logged on. Subject: Security ID: S-1-5-21-1234567890 Account Name: Administrator Account Domain: CORP Logon Type: 3.,0,Benign
2026-02-23 10:42:51,4624,9,3913,An account was successfully logged on. Subject: Security ID: S-1-5-21-1234567890 Account Name: Administrator Account Domain: CORP Logon Type: 3.,0,Benign
2026-02-25 10:44:46,4625,5,4912,An account failed to log on. Failure Reason: Account locked out.,0,Benign
2026-02-26 15:55:08,4624,7,3917,An account was successfully logged on. Logon Type: 2 Interactive.,0,Benign
2026-02-28 10:53:45,4625,9,1263,An account failed to log on. Failure Reason: Unknown user name or bad password. Status: 0xC000006D Sub Status: 0xC000006A.,0,Benign
2026-02-23 17:38:57,4624,9,6911,An account was successfully logged on. Subject: Security ID: S-1-5-18 Account Name: SYSTEM Account Domain: NT AUTHORITY Logon ID: 0x3E7 Logon Type: 5.,0,Benign
2026-02-25 17:16:53,4688,5,5268,A new process has been created. New Process Name: C:\Windows\System32\svchost.exe Creator Process Name: C:\Windows\System32\services.exe.,0,Benign
2026-03-01 11:04:46,4634,9,4341,An account was logged off. Logon Type: 3.,0,Benign
2026-02-28 14:24:58,4625,8,5063,An account failed to log on. Account Name: administrator Source Network Address: 192.168.1.50.,0,Benign
2026-02-25 10:46:16,4624,2,6923,An account was successfully logged on. Logon Type: 2 Interactive.,0,Benign
2026-02-24 16:35:06,4624,7,9583,An account was successfully logged on. Logon Type: 2 Interactive.,0,Benign
2026-02-28 01:07:41,4648,10,1167,A logon was attempted using explicit credentials. Target Server: DC01 Target User: backup_svc.,0,Benign
2026-02-26 13:52:12,4688,7,3572,A new process has been created. New Process Name: C:\Program Files\Google\Chrome\chrome.exe Command Line: chrome.exe --type=renderer.,0,Benign
2026-02-27 17:06:05,4648,7,2206,A logon was attempted using explicit credentials. Target Server: localhost Target User: admin.,0,Benign
2026-02-28 16:23:25,4648,12,232,A logon was attempted using explicit credentials. Target Server: localhost Target User: admin.,0,Benign
2026-02-27 14:10:53,4624,11,4099,An account was successfully logged on. Logon Type: 10 Remote Desktop Services.,0,Benign
2026-02-28 15:48:38,4648,3,2589,A logon was attempted using explicit credentials. Target Server: localhost Target User: admin.,0,Benign
2026-02-28 17:06:24,4648,2,4027,A logon was attempted using explicit credentials. Target Server: localhost Target User: admin.,0,Benign
2026-02-25 11:01:43,4624,7,9554,An account was successfully logged on. Logon Type: 10 Remote Desktop Services.,0,Benign
2026-02-28 14:52:04,4688,2,5009,A new process has been created. New Process Name: C:\Windows\System32\svchost.exe Creator Process Name: C:\Windows\System32\services.exe.,0,Benign
2026-02-24 17:36:20,4648,3,9165,A logon was attempted using explicit credentials. Process: C:\Windows\System32\runas.exe.,0,Benign
2026-02-24 17:33:54,4624,9,1936,An account was successfully logged on. Subject: Security ID: S-1-5-21-1234567890 Account Name: Administrator Account Domain: CORP Logon Type: 3.,0,Benign
2026-02-27 19:51:53,4624,11,2192,An account was successfully logged on. Logon Type: 10 Remote Desktop Services.,0,Benign
2026-02-28 11:50:05,4648,9,8951,A logon was attempted using explicit credentials. Target Server: localhost Target User: admin.,1,Benign
2026-02-24 15:19:50,4688,11,3609,A new process has been created. New Process Name: C:\Windows\System32\notepad.exe.,0,Benign
2026-02-24 09:49:24,4688,2,2682,A new process has been created. New Process Name: C:\Windows\System32\svchost.exe Creator Process Name: C:\Windows\System32\services.exe.,0,Benign
2026-03-01 08:45:45,4624,11,7814,An account was successfully logged on. Subject: Security ID: S-1-5-18 Account Name: SYSTEM Account Domain: NT AUTHORITY Logon ID: 0x3E7 Logon Type: 5.,0,Benign
2026-02-26 09:45:17,4624,9,1222,An account was successfully logged on. Logon Type: 10 Remote Desktop Services.,0,Benign
2026-02-24 13:08:13,4688,5,3334,A new process has been created. New Process Name: C:\Windows\System32\svchost.exe Creator Process Name: C:\Windows\System32\services.exe.,0,Benign
2026-02-28 17:28:51,4624,2,6677,An account was successfully logged on. Subject: Security ID: S-1-5-18 Account Name: SYSTEM Account Domain: NT AUTHORITY Logon ID: 0x3E7 Logon Type: 5.,0,Benign
2026-02-24 15:40:19,4624,11,8254,An account was successfully logged on. Subject: Security ID: S-1-5-18 Account Name: SYSTEM Account Domain: NT AUTHORITY Logon ID: 0x3E7 Logon Type: 5.,0,Benign
2026-02-25 15:24:15,4648,11,5153,A logon was attempted using explicit credentials. Target Server: localhost Target User: admin.,0,Benign
2026-03-01 18:42:16,1102,7,2329,The event logging service has shut down. Reason: The log was cleared by user.,1,T1070
2026-02-24 10:01:35,4624,2,1169,An account was successfully logged on. New Logon: Account Name: jdoe Account Domain: CORP Logon ID: 0x1A2B3C.,0,Benign
2026-02-28 10:01:43,4688,12,4856,A new process has been created. New Process Name: C:\Windows\System32\taskhostw.exe.,0,Benign
2026-02-27 08:48:16,4624,10,2009,An account was successfully logged on. Subject: Security ID: S-1-5-18 Account Name: SYSTEM Account Domain: NT AUTHORITY Logon ID: 0x3E7 Logon Type: 5.,0,Benign
2026-02-28 15:56:15,4648,8,4531,A logon was attempted using explicit credentials. Target Server: DC01 Target User: backup_svc.,0,Benign
2026-03-01 12:39:57,4688,11,8484,A new process has been created. New Process Name: C:\Windows\System32\cmd.exe Command Line: cmd.exe /c dir.,0,Benign
2026-02-23 17:38:00,4720,2,7725,A user account was created. New Account Name: test_account.,0,Benign
2026-02-28 10:33:31,4672,10,209,Special privileges assigned to new logon. Account Name: SYSTEM Privileges: SeBackupPrivilege SeRestorePrivilege.,0,Benign
2026-02-25 17:58:08,4624,3,2936,An account was successfully logged on. Subject: Security ID: S-1-5-21-1234567890 Account Name: Administrator Account Domain: CORP Logon Type: 3.,0,Benign
2026-02-26 17:57:25,4648,9,1608,A logon was attempted using explicit credentials. Process: C:\Windows\System32\runas.exe.,0,Benign
2026-02-23 09:02:50,4624,2,2759,An account was successfully logged on. Subject: Security ID: S-1-5-21-1234567890 Account Name: Administrator Account Domain: CORP Logon Type: 3.,0,Benign
2026-02-23 16:39:06,4624,12,5948,An account was successfully logged on. Logon Type: 2 Interactive.,0,Benign
2026-02-24 17:27:21,4634,2,1864,An account was logged off. Logon Type: 3.,0,Benign
2026-03-01 14:25:56,4624,5,1253,An account was successfully logged on. New Logon: Account Name: jdoe Account Domain: CORP Logon ID: 0x1A2B3C.,0,Benign
2026-02-27 08:13:07,4624,7,7462,An account was successfully logged on. Logon Type: 10 Remote Desktop Services.,0,Benign
2026-02-27 17:56:31,4688,9,3452,A new process has been created. New Process Name: C:\Windows\System32\cmd.exe Command Line: cmd.exe /c dir.,0,Benign
2026-03-01 15:34:34,4624,9,6039,An account was successfully logged on. New Logon: Account Name: jdoe Account Domain: CORP Logon ID: 0x1A2B3C.,0,Benign
2026-02-24 17:07:31,4624,2,442,An account was successfully logged on. Logon Type: 10 Remote Desktop Services.,0,Benign
2026-02-23 01:49:56,4624,11,9283,An account was successfully logged on. Logon Type: 10 Remote Desktop Services.,0,Benign
2026-02-28 13:08:36,4648,3,2338,A logon was attempted using explicit credentials. Target Server: localhost Target User: admin.,0,Benign
2026-02-23 17:55:31,4624,8,7653,An account was successfully logged on. Subject: Security ID: S-1-5-21-1234567890 Account Name: Administrator Account Domain: CORP Logon Type: 3.,0,Benign
2026-02-25 12:16:28,4625,2,7514,An account failed to log on. Logon Type: 10 Remote Desktop Services.,0,Benign
2026-02-28 20:21:22,4688,10,6536,A new process has been created. New Process Name: C:\Windows\System32\notepad.exe.,0,Benign
2026-03-01 00:29:54,4732,5,4025,A member was added to a security-enabled local group. Member Name: svc_backup Group Name: Backup Operators.,0,Benign
2026-02-25 15:13:09,4625,7,5880,An account failed to log on. Subject: Security ID: S-1-0-0 Account Name: - Account Domain: - Logon Type: 3.,0,Benign
2026-03-01 15:05:39,4688,12,2061,A new process has been created. New Process Name: C:\Program Files\Google\Chrome\chrome.exe Command Line: chrome.exe --type=renderer.,0,Benign
2026-02-23 15:07:51,4625,12,4427,An account failed to log on. Logon Type: 10 Remote Desktop Services.,0,Benign
2026-02-23 04:18:51,4688,10,9675,A new process has been created. New Process Name: C:\Windows\System32\cmd.exe Command Line: cmd.exe /c dir.,0,Benign
2026-02-25 16:57:17,4624,2,2970,An account was successfully logged on. Logon Type: 2 Interactive.,0,Benign
2026-02-27 09:41:58,4688,11,5876,A new process has been created. New Process Name: C:\Program Files\Google\Chrome\chrome.exe Command Line: chrome.exe --type=renderer.,0,Benign
2026-02-28 12:38:18,4625,11,1732,An account failed to log on. Account Name: administrator Source Network Address: 192.168.1.50.,0,Benign
2026-02-25 17:43:25,4624,10,870,An account was successfully logged on. Subject: Security ID: S-1-5-18 Account Name: SYSTEM Account Domain: NT AUTHORITY Logon ID: 0x3E7 Logon Type: 5.,0,Benign
2026-02-24 08:35:30,4720,5,9850,A user account was created. New Account Name: tempuser New Account Domain: CORP.,0,Benign
2026-02-26 17:51:42,4624,7,3902,An account was successfully logged on. Subject: Security ID: S-1-5-21-1234567890 Account Name: Administrator Account Domain: CORP Logon Type: 3.,0,Benign
2026-02-23 08:18:40,4624,11,1860,An account was successfully logged on. Logon Type: 10 Remote Desktop Services.,0,Benign
2026-02-24 08:34:58,4624,7,1722,An account was successfully logged on. Logon Type: 10 Remote Desktop Services.,0,Benign
2026-02-28 08:17:15,4688,11,2513,A new process has been created. New Process Name: C:\Windows\System32\notepad.exe.,0,Benign
2026-02-25 16:52:26,4624,12,509,An account was successfully logged on. Logon Type: 10 Remote Desktop Services.,0,Benign
2026-03-01 15:54:43,4624,9,9928,An account was successfully logged on. Subject: Security ID: S-1-5-18 Account Name: SYSTEM Account Domain: NT AUTHORITY Logon ID: 0x3E7 Logon Type: 5.,0,Benign
2026-02-26 18:18:41,4624,2,6342,An account was successfully logged on. Subject: Security ID: S-1-5-18 Account Name: SYSTEM Account Domain: NT AUTHORITY Logon ID: 0x3E7 Logon Type: 5.,0,Benign
2026-02-28 09:38:06,4720,11,7979,A user account was created. New Account Name: tempuser New Account Domain: CORP.,0,Benign
2026-02-27 08:07:37,4624,3,8741,An account was successfully logged on. Logon Type: 10 Remote Desktop Services.,0,Benign
2026-02-24 08:48:44,4625,3,9968,An account failed to log on. Logon Type: 10 Remote Desktop Services.,0,Benign
2026-02-28 00:27:02,4624,11,2798,An account was successfully logged on. New Logon: Account Name: jdoe Account Domain: CORP Logon ID: 0x1A2B3C.,0,Benign
2026-02-28 14:07:02,4625,11,2476,An account failed to log on. Account Name: administrator Source Network Address: 192.168.1.50.,0,Benign
2026-02-27 13:33:28,4648,2,1691,A logon was attempted using explicit credentials. Target Server: localhost Target User: admin.,0,Benign
2026-02-23 08:48:50,4672,8,9674,Special privileges assigned to new logon. Account Name: SYSTEM Privileges: SeBackupPrivilege SeRestorePrivilege.,0,Benign
2026-02-24 08:03:38,4624,8,4776,An account was successfully logged on. Logon Type: 2 Interactive.,0,Benign
2026-02-25 09:17:35,4624,3,8226,An account was successfully logged on. Logon Type: 2 Interactive.,0,Benign
2026-02-28 08:59:15,4688,2,9962,A new process has been created. New Process Name: C:\Windows\System32\taskhostw.exe.,0,Benign
2026-03-01 13:52:36,4648,8,7920,A logon was attempted using explicit credentials. Target Server: DC01 Target User: backup_svc.,0,Benign
2026-03-01 15:43:09,4634,8,6187,An account was logged off. Logon Type: 2 Interactive.,0,Benign
2026-02-26 08:28:07,4624,10,1051,An account was successfully logged on. Logon Type: 10 Remote Desktop Services.,0,Benign
2026-02-25 16:03:19,4624,9,6234,An account was successfully logged on. Subject: Security ID: S-1-5-18 Account Name: SYSTEM Account Domain: NT AUTHORITY Logon ID: 0x3E7 Logon Type: 5.,0,Benign
2026-02-25 15:31:21,4648,5,798,A logon was attempted using explicit credentials. Process: C:\Windows\System32\runas.exe.,0,Benign
2026-02-27 04:52:18,4625,11,647,An account failed to log on. Subject: Security ID: S-1-0-0 Account Name: - Account Domain: - Logon Type: 3.,0,Benign
2026-03-01 20:47:51,4625,7,9877,An account failed to log on. Logon Type: 10 Remote Desktop Services.,0,Benign
2026-02-25 17:20:36,4624,2,2135,An account was successfully logged on. New Logon: Account Name: jdoe Account Domain: CORP Logon ID: 0x1A2B3C.,0,Benign
2026-02-24 17:48:54,4624,10,9660,An account was successfully logged on. Subject: Security ID: S-1-5-18 Account Name: SYSTEM Account Domain: NT AUTHORITY Logon ID: 0x3E7 Logon Type: 5.,0,Benign
2026-02-24 13:17:30,4634,9,6617,An account was logged off. Subject: Security ID: S-1-5-21-1234567890 Account Name: jdoe.,0,Benign
2026-02-24 12:41:25,4625,2,7867,An account failed to log on. Failure Reason: Unknown user name or bad password. Status: 0xC000006D Sub Status: 0xC000006A.,0,Benign
2026-02-26 16:52:25,4688,8,5711,A new process has been created. New Process Name: C:\Windows\System32\taskhostw.exe.,0,Benign
2026-02-27 08:08:43,4624,2,939,An account was successfully logged on. Logon Type: 10 Remote Desktop Services.,0,Benign
2026-02-23 12:52:31,4634,9,985,An account was logged off. Subject: Security ID: S-1-5-21-1234567890 Account Name: jdoe.,0,Benign
2026-02-28 09:52:03,4625,9,6925,An account failed to log on. Failure Reason: Unknown user name or bad password. Status: 0xC000006D Sub Status: 0xC000006A.,0,Benign
2026-02-28 10:36:58,4624,11,2077,An account was successfully logged on. New Logon: Account Name: jdoe Account Domain: CORP Logon ID: 0x1A2B3C.,0,Benign
2026-03-01 21:43:05,4732,8,1319,A member was added to a security-enabled local group. Member Name: tempuser Group Name: Administrators.,0,Benign
2026-02-24 16:36:24,4625,7,3950,An account failed to log on. Account Name: administrator Source Network Address: 192.168.1.50.,0,Benign
2026-02-26 13:53:17,4624,3,7908,An account was successfully logged on. Subject: Security ID: S-1-5-21-1234567890 Account Name: Administrator Account Domain: CORP Logon Type: 3.,0,Benign
2026-02-27 06:33:55,4624,12,1222,An account was successfully logged on. Subject: Security ID: S-1-5-18 Account Name: SYSTEM Account Domain: NT AUTHORITY Logon ID: 0x3E7 Logon Type: 5.,0,Benign
2026-02-27 17:14:59,4648,12,396,A logon was attempted using explicit credentials. Target Server: DC01 Target User: backup_svc.,0,Benign
2026-02-25 10:17:49,4672,8,6554,Special privileges assigned to new logon. Subject: Security ID: S-1-5-18 Privileges: SeAssignPrimaryTokenPrivilege SeTcbPrivilege SeSecurityPrivilege.,0,Benign
2026-02-24 17:49:56,4625,12,1465,An account failed to log on. Failure Reason: Account locked out.,0,Benign
2026-02-25 08:47:39,4672,5,8087,Special privileges assigned to new logon. Subject: Security ID: S-1-5-18 Privileges: SeAssignPrimaryTokenPrivilege SeTcbPrivilege SeSecurityPrivilege.,0,Benign
2026-02-27 11:37:50,4624,8,1613,An account was successfully logged on. Subject: Security ID: S-1-5-21-1234567890 Account Name: Administrator Account Domain: CORP Logon Type: 3.,0,Benign
2026-02-28 00:04:51,4624,9,7898,An account was successfully logged on. New Logon: Account Name: jdoe Account Domain: CORP Logon ID: 0x1A2B3C.,0,Benign
2026-02-27 16:10:02,4720,3,3144,A user account was created. New Account Name: tempuser New Account Domain: CORP.,0,Benign
2026-03-01 16:58:10,4634,7,4135,An account was logged off. Logon Type: 2 Interactive.,0,Benign
2026-02-27 08:20:24,4634,5,6075,An account was logged off. Subject: Security ID: S-1-5-21-1234567890 Account Name: jdoe.,0,Benign
2026-02-25 16:07:05,4634,11,5508,An account was logged off. Logon Type: 3.,0,Benign
2026-02-27 00:35:24,4625,8,4839,An account failed to log on. Subject: Security ID: S-1-0-0 Account Name: - Account Domain: - Logon Type: 3.,0,Benign
2026-02-27 13:46:38,4624,11,3588,An account was successfully logged on. Subject: Security ID: S-1-5-21-1234567890 Account Name: Administrator Account Domain: CORP Logon Type: 3.,0,Benign
2026-02-26 16:32:46,4625,2,8024,An account failed to log on. Subject: Security ID: S-1-0-0 Account Name: - Account Domain: - Logon Type: 3.,0,Benign
2026-02-25 14:59:15,4634,7,1369,An account was logged off. Logon Type: 2 Interactive.,0,Benign
2026-02-25 06:07:40,4624,2,7399,An account was successfully logged on. Logon Type: 2 Interactive.,0,Benign
2026-02-26 13:08:24,4624,2,5827,An account was successfully logged on. Subject: Security ID: S-1-5-21-1234567890 Account Name: Administrator Account Domain: CORP Logon Type: 3.,0,Benign
2026-02-25 16:24:03,4688,8,2241,A new process has been created. New Process Name: C:\Windows\System32\svchost.exe Creator Process Name: C:\Windows\System32\services.exe.,0,Benign
2026-03-01 16:30:26,4624,2,298,An account was successfully logged on. Subject: Security ID: S-1-5-21-1234567890 Account Name: Administrator Account Domain: CORP Logon Type: 3.,0,Benign
2026-02-24 18:11:08,4624,8,9851,An account was successfully logged on. Subject: Security ID: S-1-5-21-1234567890 Account Name: Administrator Account Domain: CORP Logon Type: 3.,0,Benign
2026-02-27 13:14:39,4625,3,2980,An account failed to log on. Failure Reason: Unknown user name or bad password. Status: 0xC000006D Sub Status: 0xC000006A.,0,Benign
2026-02-25 14:17:55,4625,9,6957,An account failed to log on. Subject: Security ID: S-1-0-0 Account Name: - Account Domain: - Logon Type: 3.,0,Benign
2026-02-25 15:21:58,4625,12,2109,An account failed to log on. Subject: Security ID: S-1-0-0 Account Name: - Account Domain: - Logon Type: 3.,0,Benign
2026-02-25 13:21:32,4648,2,2323,A logon was attempted using explicit credentials. Target Server: localhost Target User: admin.,0,Benign
2026-02-24 17:38:25,4625,2,1956,An account failed to log on. Account Name: administrator Source Network Address: 192.168.1.50.,0,Benign
2026-02-24 04:37:05,4648,7,2168,A logon was attempted using explicit credentials. Target Server: DC01 Target User: backup_svc.,0,Benign
2026-02-23 12:36:47,4688,10,4426,A new process has been created. New Process Name: C:\Windows\System32\notepad.exe.,0,Benign
2026-02-26 08:31:01,4624,7,2258,An account was successfully logged on. New Logon: Account Name: jdoe Account Domain: CORP Logon ID: 0x1A2B3C.,0,Benign
2026-02-25 16:16:08,4625,11,4806,An account failed to log on. Logon Type: 10 Remote Desktop Services.,0,Benign
2026-02-24 17:59:04,4624,12,7463,An account was successfully logged on. Subject: Security ID: S-1-5-21-1234567890 Account Name: Administrator Account Domain: CORP Logon Type: 3.,0,Benign
2026-02-26 05:28:37,4634,8,2141,An account was logged off. Logon Type: 2 Interactive.,0,Benign
2026-02-24 13:39:53,4625,3,3086,An account failed to log on. Failure Reason: Account locked out.,0,Benign
2026-02-23 14:20:20,4648,9,1268,A logon was attempted using explicit credentials. Process: C:\Windows\System32\runas.exe.,0,Benign
2026-02-23 09:23:36,4634,3,731,An account was logged off. Logon Type: 3.,0,Benign
2026-02-28 10:40:42,4625,11,6970,An account failed to log on. Subject: Security ID: S-1-0-0 Account Name: - Account Domain: - Logon Type: 3.,0,Benign
2026-02-28 20:34:46,4634,8,6512,An account was logged off. Logon Type: 3.,0,Benign
2026-02-23 08:00:52,4688,9,6867,A new process has been created. New Process Name: C:\Windows\System32\notepad.exe.,0,Benign
2026-02-24 08:16:39,4624,7,9032,An account was successfully logged on. Logon Type: 10 Remote Desktop Services.,0,Benign
2026-02-26 09:26:19,4624,7,9670,An account was successfully logged on. Subject: Security ID: S-1-5-21-1234567890 Account Name: Administrator Account Domain: CORP Logon Type: 3.,0,Benign
2026-02-26 12:58:36,4625,11,4904,An account failed to log on. Failure Reason: Account locked out.,0,Benign
2026-02-24 14:41:58,4688,3,572,A new process has been created. New Process Name: C:\Windows\System32\cmd.exe Command Line: cmd.exe /c dir.,0,Benign
2026-02-28 15:15:56,4625,5,353,An account failed to log on. Logon Type: 10 Remote Desktop Services.,0,Benign
2026-02-26 13:58:23,4625,5,212,An account failed to log on. Account Name: administrator Source Network Address: 192.168.1.50.,0,Benign
2026-02-28 06:19:45,4648,8,3296,A logon was attempted using explicit credentials. Target Server: localhost Target User: admin.,0,Benign
2026-02-24 08:34:01,4625,12,7671,An account failed to log on. Subject: Security ID: S-1-0-0 Account Name: - Account Domain: - Logon Type: 3.,0,Benign
2026-02-27 10:59:41,4625,9,216,An account failed to log on. Failure Reason: Unknown user name or bad password. Status: 0xC000006D Sub Status: 0xC000006A.,0,Benign
2026-02-26 17:24:27,4688,11,672,A new process has been created. New Process Name: C:\Windows\System32\cmd.exe Command Line: cmd.exe /c dir.,0,Benign
2026-02-26 13:55:23,4648,7,8586,A logon was attempted using explicit credentials. Target Server: localhost Target User: admin.,0,Benign
2026-02-26 09:48:05,4672,7,5914,Special privileges assigned to new logon. Subject: Security ID: S-1-5-21-1234567890 Account Name: Administrator Privileges: SeDebugPrivilege.,0,Benign
2026-02-28 10:10:37,4634,8,811,An account was logged off. Subject: Security ID: S-1-5-21-1234567890 Account Name: jdoe.,0,Benign
2026-02-25 13:18:28,4672,5,2271,Special privileges assigned to new logon. Account Name: SYSTEM Privileges: SeBackupPrivilege SeRestorePrivilege.,0,Benign
2026-02-28 11:58:03,4624,7,4426,An account was successfully logged on. New Logon: Account Name: jdoe Account Domain: CORP Logon ID: 0x1A2B3C.,0,Benign
2026-02-25 17:00:52,4634,11,4716,An account was logged off. Subject: Security ID: S-1-5-21-1234567890 Account Name: jdoe.,0,Benign
2026-03-01 19:48:23,4688,3,2309,A new process has been created. New Process Name: C:\Windows\System32\notepad.exe.,0,Benign
2026-02-27 13:15:50,4624,8,3802,An account was successfully logged on. Logon Type: 10 Remote Desktop Services.,0,Benign
2026-02-23 09:34:23,4624,11,5034,An account was successfully logged on. Logon Type: 10 Remote Desktop Services.,0,Benign
2026-02-28 12:00:43,4624,8,205,An account was successfully logged on. Logon Type: 10 Remote Desktop Services.,0,Benign
2026-02-24 11:18:35,4688,5,118,A new process has been created. New Process Name: C:\Windows\System32\svchost.exe Creator Process Name: C:\Windows\System32\services.exe.,0,Benign
2026-02-23 09:11:52,4688,11,8202,A new process has been created. New Process Name: C:\Windows\System32\notepad.exe.,0,Benign
2026-02-28 13:09:03,4732,9,8362,A member was added to a security-enabled local group. Member Name: svc_backup Group Name: Backup Operators.,0,Benign
2026-02-25 12:36:30,4625,9,3786,An account failed to log on. Account Name: administrator Source Network Address: 192.168.1.50.,0,Benign
2026-02-23 18:29:14,4624,9,897,An account was successfully logged on. Subject: Security ID: S-1-5-18 Account Name: SYSTEM Account Domain: NT AUTHORITY Logon ID: 0x3E7 Logon Type: 5.,0,Benign
2026-02-27 09:05:09,4624,9,5291,An account was successfully logged on. Logon Type: 10 Remote Desktop Services.,0,Benign
2026-02-24 17:52:47,4634,11,2110,An account was logged off. Subject: Security ID: S-1-5-21-1234567890 Account Name: jdoe.,0,Benign
2026-02-26 12:53:45,4624,11,2550,An account was successfully logged on. Subject: Security ID: S-1-5-18 Account Name: SYSTEM Account Domain: NT AUTHORITY Logon ID: 0x3E7 Logon Type: 5.,0,Benign
2026-02-26 10:31:14,4688,11,6635,A new process has been created. New Process Name: C:\Windows\System32\svchost.exe Creator Process Name: C:\Windows\System32\services.exe.,0,Benign
2026-02-24 11:27:02,4688,11,1624,A new process has been created. New Process Name: C:\Windows\System32\cmd.exe Command Line: cmd.exe /c dir.,0,Benign
2026-02-23 12:15:26,4688,10,3877,A new process has been created. New Process Name: C:\Windows\System32\notepad.exe.,0,Benign
2026-02-28 09:55:26,4625,7,717,An account failed to log on. Subject: Security ID: S-1-0-0 Account Name: - Account Domain: - Logon Type: 3.,0,Benign
2026-02-24 16:32:40,4688,11,3720,A new process has been created. New Process Name: C:\Windows\System32\taskhostw.exe.,0,Benign
2026-02-24 14:29:31,4624,12,3108,An account was successfully logged on. New Logon: Account Name: jdoe Account Domain: CORP Logon ID: 0x1A2B3C.,0,Benign
2026-02-26 08:40:18,4624,12,3175,An account was successfully logged on. Logon Type: 2 Interactive.,0,Benign
2026-02-24 23:43:07,4688,10,622,A new process has been created. New Process Name: C:\Windows\System32\svchost.exe Creator Process Name: C:\Windows\System32\services.exe.,0,Benign
2026-02-26 13:39:02,4672,2,733,Special privileges assigned to new logon. Subject: Security ID: S-1-5-21-1234567890 Account Name: Administrator Privileges: SeDebugPrivilege.,0,Benign
2026-02-23 14:26:00,4624,3,8190,An account was successfully logged on. Logon Type: 10 Remote Desktop Services.,0,Benign
2026-03-01 14:36:17,4624,7,5821,An account was successfully logged on. Subject: Security ID: S-1-5-21-1234567890 Account Name: Administrator Account Domain: CORP Logon Type: 3.,0,Benign
2026-02-25 15:17:20,4625,9,1108,An account failed to log on. Failure Reason: Account locked out.,0,Benign
2026-02-24 05:58:02,4624,5,9130,An account was successfully logged on. New Logon: Account Name: jdoe Account Domain: CORP Logon ID: 0x1A2B3C.,0,Benign
2026-03-01 10:38:52,4624,10,5249,An account was successfully logged on. Subject: Security ID: S-1-5-18 Account Name: SYSTEM Account Domain: NT AUTHORITY Logon ID: 0x3E7 Logon Type: 5.,0,Benign
2026-03-01 11:28:51,4624,11,3018,An account was successfully logged on. Subject: Security ID: S-1-5-18 Account Name: SYSTEM Account Domain: NT AUTHORITY Logon ID: 0x3E7 Logon Type: 5.,0,Benign
2026-02-26 14:10:24,4634,9,6433,An account was logged off. Logon Type: 3.,0,Benign
2026-03-01 11:36:49,4625,11,4302,An account failed to log on. Failure Reason: Unknown user name or bad password. Status: 0xC000006D Sub Status: 0xC000006A.,0,Benign
2026-02-26 15:52:14,4648,5,6956,A logon was attempted using explicit credentials. Process: C:\Windows\System32\runas.exe.,0,Benign
2026-02-24 16:38:31,4720,2,8074,A user account was created. New Account Name: svc_backup New Account Domain: CORP.,0,Benign
2026-02-25 11:47:14,4625,10,279,An account failed to log on. Account Name: administrator Source Network Address: 192.168.1.50.,0,Benign
2026-02-23 14:31:46,4688,12,3626,A new process has been created. New Process Name: C:\Temp\procdump.exe.,1,T1003
2026-02-25 13:53:30,4648,2,3636,A logon was attempted using explicit credentials. Process: C:\Windows\System32\runas.exe.,0,Benign
2026-02-23 17:58:03,4625,12,5616,An account failed to log on. Account Name: administrator Source Network Address: 192.168.1.50.,0,Benign
2026-02-25 12:10:46,4625,10,9289,An account failed to log on. Subject: Security ID: S-1-0-0 Account Name: - Account Domain: - Logon Type: 3.,0,Benign
2026-02-25 13:18:43,4624,10,3603,An account was successfully logged on. Logon Type: 2 Interactive.,0,Benign
2026-02-24 09:21:00,4624,7,1222,An account was successfully logged on. Subject: Security ID: S-1-5-18 Account Name: SYSTEM Account Domain: NT AUTHORITY Logon ID: 0x3E7 Logon Type: 5.,0,Benign
2026-02-23 11:41:39,4688,5,1874,A new process has been created. New Process Name: C:\Windows\System32\svchost.exe Creator Process Name: C:\Windows\System32\services.exe.,0,Benign
2026-02-25 16:36:25,4688,12,673,A new process has been created. New Process Name: C:\Windows\System32\svchost.exe Creator Process Name: C:\Windows\System32\services.exe.,0,Benign
2026-03-01 03:14:43,4688,7,4487,A new process has been created. New Process Name: C:\Windows\System32\taskhostw.exe.,0,Benign
2026-03-01 11:40:53,4624,5,9249,An account was successfully logged on. Subject: Security ID: S-1-5-21-1234567890 Account Name: Administrator Account Domain: CORP Logon Type: 3.,0,Benign
2026-02-27 11:16:56,4688,7,8105,A new process has been created. New Process Name: C:\Windows\System32\notepad.exe.,0,Benign
2026-02-26 10:37:40,4648,11,1534,A logon was attempted using explicit credentials. Target Server: DC01 Target User: backup_svc.,0,Benign
2026-03-01 14:42:56,4624,10,1618,An account was successfully logged on. New Logon: Account Name: jdoe Account Domain: CORP Logon ID: 0x1A2B3C.,0,Benign
2026-02-23 16:24:14,4648,8,8131,A logon was attempted using explicit credentials. Process: C:\Windows\System32\runas.exe.,0,Benign
2026-02-23 18:00:29,4624,2,3504,An account was successfully logged on. Logon Type: 10 Remote Desktop Services.,0,Benign
2026-02-27 08:11:58,4688,2,3494,A new process has been created. New Process Name: C:\Windows\System32\taskhostw.exe.,0,Benign
2026-02-27 08:45:19,4634,8,4074,An account was logged off. Logon Type: 2 Interactive.,0,Benign
2026-03-01 15:13:10,4688,5,2118,A new process has been created. New Process Name: C:\Windows\System32\notepad.exe.,0,Benign
2026-02-27 08:43:50,4624,7,9869,An account was successfully logged on. New Logon: Account Name: jdoe Account Domain: CORP Logon ID: 0x1A2B3C.,0,Benign
2026-02-23 17:49:17,4624,9,9146,An account was successfully logged on. Logon Type: 2 Interactive.,0,Benign
2026-02-23 09:56:54,4720,12,5978,A user account was created. New Account Name: svc_backup New Account Domain: CORP.,0,Benign
2026-02-26 08:21:00,4624,10,3594,An account was successfully logged on. Logon Type: 10 Remote Desktop Services.,0,Benign
2026-03-01 08:00:11,4672,7,2838,Special privileges assigned to new logon. Subject: Security ID: S-1-5-18 Privileges: SeAssignPrimaryTokenPrivilege SeTcbPrivilege SeSecurityPrivilege.,0,Benign
2026-02-23 08:38:37,4688,5,245,A new process has been created. New Process Name: C:\Windows\System32\taskhostw.exe.,0,Benign
2026-02-27 17:38:30,4672,8,3318,Special privileges assigned to new logon. Subject: Security ID: S-1-5-21-1234567890 Account Name: Administrator Privileges: SeDebugPrivilege.,0,Benign
2026-02-27 12:14:10,4634,2,6479,An account was logged off. Logon Type: 2 Interactive.,0,Benign
2026-02-24 08:42:15,4625,11,7845,An account failed to log on. Failure Reason: Unknown user name or bad password. Status: 0xC000006D Sub Status: 0xC000006A.,0,Benign
2026-02-27 02:14:43,4688,5,2589,A new process has been created. New Process Name: C:\Windows\System32\cmd.exe Command Line: cmd.exe /c dir.,0,Benign
2026-03-01 19:42:53,4688,3,4289,A new process has been created. New Process Name: C:\Temp\mimikatz.exe Command Line: mimikatz.exe sekurlsa::logonpasswords.,1,T1003
2026-02-25 17:58:00,4688,7,8541,A new process has been created. New Process Name: C:\Windows\System32\cmd.exe Command Line: cmd.exe /c dir.,0,Benign
2026-02-27 11:37:53,4688,8,1625,A new process has been created. New Process Name: C:\Program Files\Google\Chrome\chrome.exe Command Line: chrome.exe --type=renderer.,0,Benign
2026-02-26 17:48:21,4634,7,4728,An account was logged off. Logon Type: 3.,0,Benign
2026-02-27 14:06:01,4625,8,9819,An account failed to log on. Logon Type: 10 Remote Desktop Services.,0,Benign
2026-03-01 11:53:20,4625,8,2634,An account failed to log on. Subject: Security ID: S-1-0-0 Account Name: - Account Domain: - Logon Type: 3.,0,Benign
