2026-02-28 14:48:19,4625,5,2625,An account failed to log on. Logon Type: 10 Remote Desktop Services.,0,Benign
2026-02-28 15:32:28,4624,9,1024,An account was successfully logged on. New Logon: Account Name: jdoe Account Domain: CORP Logon ID: 0x1A2B3C.,0,Benign
2026-02-23 13:33:00,4625,12,6749,An account failed to log on. Failure Reason: Account locked out.,0,Benign
2026-02-28 15:29:45,4624,7,8042,An account was successfully logged on. Subject: Security ID: S-1-5-21-1234567890 Account Name: Administrator Account Domain: CORP Logon Type: 3.,0,Benign
2026-02-28 11:27:17,4688,2,5694,A new process has been created. New Process Name: C:\Windows\System32\svchost.exe Creator Process Name: C:\Windows\System32\services.exe.,0,Benign
2026-02-26 00:18:47,4688,11,8665,A new process has been created. New Process Name: C:\Windows\System32\taskhostw.exe.,0,Benign
2026-02-28 08:29:30,4688,5,5017,A new process has been created. New Process Name: C:\Windows\System32\cmd.exe Command Line: cmd.exe /c dir.,0,Benign
2026-02-27 08:59:04,4624,9,1106,An account was successfully logged on. Logon Type: 10 Remote Desktop Services.,0,Benign
2026-02-25 13:43:51,4688,3,5507,A new process has been created. New Process Name: C:\Windows\System32\taskhostw.exe.,0,Benign
2026-02-23 11:36:10,4624,9,121,An account was successfully logged on. New Logon: Account Name: jdoe Account Domain: CORP Logon ID: 0x1A2B3C.,0,Benign
2026-03-01 17:22:52,4625,8,9628,An account failed to log on. Logon Type: 10 Remote Desktop Services.,0,Benign
2026-02-26 10:31:45,4732,9,6655,A member was added to a security-enabled local group. Member Name: jdoe Group Name: Remote Desktop Users.,0,Benign
2026-02-28 11:13:39,4624,10,7471,An account was successfully logged on. Subject: Security ID: S-1-5-18 Account Name: SYSTEM Account Domain: NT AUTHORITY Logon ID: 0x3E7 Logon Type: 5.,0,Benign
2026-02-28 09:51:27,4688,3,7864,A new process has been created. New Process Name: C:\Program Files\Google\Chrome\chrome.exe Command Line: chrome.exe --type=renderer.,0,Benign
2026-03-01 09:11:01,4688,8,6711,A new process has been created. New Process Name: C:\Program Files\Google\Chrome\chrome.exe Command Line: chrome.exe --type=renderer.,0,Benign
2026-02-26 10:40:29,4648,7,1661,A logon was attempted using explicit credentials. Target Server: localhost Target User: admin.,0,Benign
2026-02-25 12:55:17,4625,12,8377,An account failed to log on. Subject: Security ID: S-1-0-0 Account Name: - Account Domain: - Logon Type: 3.,0,Benign
2026-02-27 02:14:26,4720,8,5431,A user account was created. New Account Name: tempuser New Account Domain: CORP.,0,Benign
2026-02-27 11:14:58,4624,12,2476,An account was successfully logged on. Subject: Security ID: S-1-5-21-1234567890 Account Name: Administrator Account Domain: CORP Logon Type: 3.,0,Benign
2026-02-23 16:52:20,4625,7,9754,An account failed to log on. Logon Type: 10 Remote Desktop Services.,0,Benign
2026-03-01 15:43:34,4634,5,1950,An account was logged off. Subject: Security ID: S-1-5-21-1234567890 Account Name: jdoe.,0,Benign
2026-02-23 15:18:56,4648,2,5651,A logon was attempted using explicit credentials. Target Server: localhost Target User: admin.,0,Benign
2026-02-26 12:59:39,4624,5,9637,An account was successfully logged on. Subject: Security ID: S-1-5-18 Account Name: SYSTEM Account Domain: NT AUTHORITY Logon ID: 0x3E7 Logon Type: 5.,1,Benign
2026-03-01 13:30:13,4624,12,306,An account was successfully logged on. New Logon: Account Name: jdoe Account Domain: CORP Logon ID: 0x1A2B3C.,0,Benign
2026-02-26 13:16:57,4625,9,6260,An account failed to log on. Failure Reason: Unknown user name or bad password. Status: 0xC000006D Sub Status: 0xC000006A.,0,Benign
2026-02-26 09:21:09,4625,12,2171,An account failed to log on. Logon Type: 10 Remote Desktop Services.,0,Benign
2026-02-25 13:00:19,4688,10,9490,A new process has been created. New Process Name: C:\Windows\System32\notepad.exe.,0,Benign
2026-02-24 08:21:36,4688,3,2285,A new process has been created. New Process Name: C:\Windows\System32\svchost.exe Creator Process Name: C:\Windows\System32\services.exe.,0,Benign
2026-02-27 08:32:32,4624,7,4855,An account was successfully logged on. Logon Type: 2 Interactive.,0,Benign
2026-03-01 10:07:17,4624,7,7817,An account was successfully logged on. Subject: Security ID: S-1-5-21-1234567890 Account Name: Administrator Account Domain: CORP Logon Type: 3.,0,Benign
2026-02-25 13:56:29,4624,5,9620,An account was successfully logged on. Logon Type: 2 Interactive.,0,Benign
2026-02-26 09:29:09,4624,5,3269,An account was successfully logged on. New Logon: Account Name: jdoe Account Domain: CORP Logon ID: 0x1A2B3C.,0,Benign
2026-02-26 16:23:32,4625,5,5857,An account failed to log on. Failure Reason: Unknown user name or bad password. Status: 0xC000006D Sub Status: 0xC000006A.,0,Benign
2026-02-25 12:21:50,4624,5,2431,An account was successfully logged on. Subject: Security ID: S-1-5-21-1234567890 Account Name: Administrator Account Domain: CORP Logon Type: 3.,0,Benign
2026-02-27 11:03:28,4672,9,9079,Special privileges assigned to new logon. Subject: Security ID: S-1-5-18 Privileges: SeAssignPrimaryTokenPrivilege SeTcbPrivilege SeSecurityPrivilege.,0,Benign
2026-02-26 12:59:40,4634,2,1023,An account was logged off. Logon Type: 2 Interactive.,0,Benign
2026-02-28 23:24:19,4624,8,2021,An account was successfully logged on. Logon Type: 10 Remote Desktop Services.,0,Benign
2026-02-28 17:01:28,4624,10,7570,An account was successfully logged on. Logon Type: 2 Interactive.,0,Benign
2026-02-27 01:16:37,4624,8,9553,An account was successfully logged on. Logon Type: 10 Remote Desktop Services.,0,Benign
2026-02-24 12:41:04,4624,2,1234,An account was successfully logged on. Logon Type: 10 Remote Desktop Services.,0,Benign
2026-02-23 22:06:15,4648,11,7311,A logon was attempted using explicit credentials. Target Server: localhost Target User: admin.,0,Benign
2026-02-24 12:37:19,4688,3,6567,A new process has been created. New Process Name: C:\Program Files\Google\Chrome\chrome.exe Command Line: chrome.exe --type=renderer.,0,Benign
2026-02-25 14:01:29,4634,9,795,An account was logged off. Logon Type: 3.,0,Benign
2026-02-26 09:37:36,4624,11,5458,An account was successfully logged on. Subject: Security ID: S-1-5-18 Account Name: SYSTEM Account Domain: NT AUTHORITY Logon ID: 0x3E7 Logon Type: 5.,0,Benign
2026-02-28 10:33:10,4625,5,5494,An account failed to log on. Account Name: administrator Source Network Address: 192.168.1.50.,0,Benign
2026-02-24 11:42:56,4634,12,8254,An account was logged off. Logon Type: 2 Interactive.,0,Benign
2026-02-26 09:45:43,4624,12,6590,An account was successfully logged on. Logon Type: 2 Interactive.,0,Benign
2026-03-01 11:17:49,4648,11,6010,A logon was attempted using explicit credentials. Target Server: DC01 Target User: backup_svc.,0,Benign
2026-02-26 13:22:33,4688,2,5405,A new process has been created. New Process Name: C:\Program Files\Google\Chrome\chrome.exe Command Line: chrome.exe --type=renderer.,0,Benign
2026-02-23 09:30:18,4625,12,4013,An account failed to log on. Account Name: administrator Source Network Address: 192.168.1.50.,0,Benign
2026-02-25 09:17:37,4672,7,1812,Special privileges assigned to new logon. Account Name: SYSTEM Privileges: SeBackupPrivilege SeRestorePrivilege.,0,Benign
2026-02-27 16:31:08,4624,8,5779,An account was successfully logged on. Logon Type: 10 Remote Desktop Services.,0,Benign
2026-02-27 23:41:33,4624,12,6041,An account was successfully logged on. Logon Type: 10 Remote Desktop Services.,0,Benign
2026-02-26 16:30:02,4634,5,1454,An account was logged off. Subject: Security ID: S-1-5-21-1234567890 Account Name: jdoe.,0,Benign
2026-02-26 16:47:18,4625,8,675,An account failed to log on. Account Name: administrator Source Network Address: 192.168.1.50.,0,Benign
2026-03-01 15:57:32,4624,8,3231,An account was successfully logged on. Subject: Security ID: S-1-5-18 Account Name: SYSTEM Account Domain: NT AUTHORITY Logon ID: 0x3E7 Logon Type: 5.,0,Benign
2026-02-23 08:26:03,4625,3,3545,An account failed to log on. Account Name: administrator Source Network Address: 192.168.1.50.,0,Benign
2026-02-25 14:40:24,4672,2,7901,Special privileges assigned to new logon. Subject: Security ID: S-1-5-18 Privileges: SeAssignPrimaryTokenPrivilege SeTcbPrivilege SeSecurityPrivilege.,0,Benign
2026-03-01 15:22:20,4625,3,8539,An account failed to log on. Failure Reason: Unknown user name or bad password. Status: 0xC000006D Sub Status: 0xC000006A.,0,Benign
2026-02-27 11:30:40,4720,9,4203,A user account was created. New Account Name: svc_backup New Account Domain: CORP.,0,Benign
2026-02-24 16:38:12,4624,12,1263,An account was successfully logged on. Logon Type: 10 Remote Desktop Services.,0,Benign
2026-02-24 12:38:37,4688,3,1421,A new process has been created. New Process Name: C:\Windows\System32\taskhostw.exe.,0,Benign
2026-02-27 09:46:20,4688,11,987,A new process has been created. New Process Name: C:\Windows\System32\svchost.exe Creator Process Name: C:\Windows\System32\services.exe.,0,Benign
2026-02-24 13:19:17,4624,3,4194,An account was successfully logged on. New Logon: Account Name: jdoe Account Domain: CORP Logon ID: 0x1A2B3C.,0,Benign
2026-02-27 16:32:17,4688,2,2004,A new process has been created. New Process Name: C:\Windows\System32\cmd.exe Command Line: cmd.exe /c dir.,0,Benign
2026-03-01 14:45:29,4624,5,7326,An account was successfully logged on. Logon Type: 10 Remote Desktop Services.,0,Benign
2026-02-25 16:28:04,4648,5,1011,A logon was attempted using explicit credentials. Process: C:\Windows\System32\runas.exe.,0,Benign
2026-02-28 01:13:22,4624,7,1374,An account was successfully logged on. Logon Type: 2 Interactive.,0,Benign
2026-03-01 12:10:54,4648,3,6408,A logon was attempted using explicit credentials. Target Server: localhost Target User: admin.,0,Benign
2026-02-26 18:18:36,4624,2,881,An account was successfully logged on. Logon Type: 10 Remote Desktop Services.,0,Benign
2026-02-27 14:54:28,4625,12,6530,An account failed to log on. Subject: Security ID: S-1-0-0 Account Name: - Account Domain: - Logon Type: 3.,0,Benign
2026-03-01 17:35:50,4624,11,8002,An account was successfully logged on. Logon Type: 10 Remote Desktop Services.,0,Benign
2026-03-01 04:29:00,4688,3,1249,A new process has been created. New Process Name: C:\Windows\System32\svchost.exe Creator Process Name: C:\Windows\System32\services.exe.,0,Benign
2026-03-01 14:14:45,4625,8,3290,An account failed to log on. Failure Reason: Account locked out.,0,Benign
2026-02-23 10:25:27,4634,2,8139,An account was logged off. Logon Type: 2 Interactive.,0,Benign
2026-02-27 13:35:39,4624,10,966,An account was successfully logged on. Logon Type: 10 Remote Desktop Services.,0,Benign
2026-03-01 10:09:06,4624,5,9227,An account was successfully logged on. New Logon: Account Name: jdoe Account Domain: CORP Logon ID: 0x1A2B3C.,0,Benign
2026-02-26 08:36:36,4624,3,1179,An account was successfully logged on. Logon Type: 2 Interactive.,0,Benign
2026-02-28 10:11:23,4624,8,9064,An account was successfully logged on. Subject: Security ID: S-1-5-21-1234567890 Account Name: Administrator Account Domain: CORP Logon Type: 3.,0,Benign
2026-02-26 08:24:15,4634,3,2358,An account was logged off. Logon Type: 3.,0,Benign
2026-03-01 13:04:47,4624,9,6819,An account was successfully logged on. New Logon: Account Name: jdoe Account Domain: CORP Logon ID: 0x1A2B3C.,0,Benign
2026-02-25 17:04:02,4688,7,2973,A new process has been created. New Process Name: C:\Windows\System32\taskhostw.exe.,0,Benign
2026-02-26 02:24:21,4634,12,3095,An account was logged off. Logon Type: 3.,0,Benign
2026-02-27 22:59:28,4624,2,1180,An account was successfully logged on. Subject: Security ID: S-1-5-18 Account Name: SYSTEM Account Domain: NT AUTHORITY Logon ID: 0x3E7 Logon Type: 5.,0,Benign
2026-03-01 13:12:28,4648,10,3227,A logon was attempted using explicit credentials. Process: C:\Windows\System32\runas.exe.,0,Benign
2026-02-25 04:37:55,4625,11,3412,An account failed to log on. Failure Reason: Account locked out.,0,Benign
2026-02-27 16:05:03,4648,2,2836,A logon was attempted using explicit credentials. Target Server: localhost Target User: admin.,0,Benign
2026-03-01 14:02:49,4624,8,1998,An account was successfully logged on. Logon Type: 2 Interactive.,0,Benign
2026-03-01 06:41:17,4732,11,6792,A member was added to a security-enabled local group. Member Name: jdoe Group Name: Remote Desktop Users.,0,Benign
2026-02-26 12:12:48,4624,3,7032,An account was successfully logged on. Logon Type: 2 Interactive.,0,Benign
2026-02-23 16:33:19,4634,10,4554,An account was logged off. Logon Type: 3.,0,Benign
2026-02-23 16:31:23,4625,5,6719,An account failed to log on. Account Name: administrator Source Network Address: 192.168.1.50.,0,Benign
2026-02-28 11:14:07,4625,7,3283,An account failed to log on. Account Name: administrator Source Network Address: 192.168.1.50.,0,Benign
2026-03-01 09:20:12,4624,5,4833,An account was successfully logged on. New Logon: Account Name: jdoe Account Domain: CORP Logon ID: 0x1A2B3C.,0,Benign
2026-03-01 15:09:14,4634,11,8045,An account was logged off. Logon Type: 2 Interactive.,0,Benign
2026-02-24 08:50:38,4688,3,7740,A new process has been created. New Process Name: C:\Program Files\Google\Chrome\chrome.exe Command Line: chrome.exe --type=renderer.,0,Benign
2026-02-28 16:47:23,4625,7,3459,An account failed to log on. Account Name: administrator Source Network Address: 192.168.1.50.,0,Benign
2026-02-23 11:37:53,4634,9,4682,An account was logged off. Logon Type: 3.,0,Benign
2026-02-28 12:56:35,4624,12,7912,An account was successfully logged on. Logon Type: 10 Remote Desktop Services.,0,Benign
2026-02-24 09:49:07,4624,11,667,An account was successfully logged on. New Logon: Account Name: jdoe Account Domain: CORP Logon ID: 0x1A2B3C.,0,Benign
2026-02-27 11:51:08,4648,5,6212,A logon was attempted using explicit credentials. Process: C:\Windows\System32\runas.exe.,0,Benign
2026-02-23 09:44:20,4688,8,4061,A new process has been created. New Process Name: C:\Program Files\Google\Chrome\chrome.exe Command Line: chrome.exe --type=renderer.,0,Benign
2026-02-23 15:32:04,4688,5,7662,A new process has been created. New Process Name: C:\Windows\System32\notepad.exe.,0,Benign
2026-02-24 11:07:47,4624,11,7619,An account was successfully logged on. Subject: Security ID: S-1-5-21-1234567890 Account Name: Administrator Account Domain: CORP Logon Type: 3.,0,Benign
2026-02-23 15:26:18,4624,12,1075,An account was successfully logged on. Subject: Security ID: S-1-5-21-1234567890 Account Name: Administrator Account Domain: CORP Logon Type: 3.,0,Benign
2026-02-28 17:25:32,4634,2,5403,An account was logged off. Logon Type: 3.,0,Benign
2026-02-27 16:34:50,4672,11,4580,Special privileges assigned to new logon. Subject: Security ID: S-1-5-18 Privileges: SeAssignPrimaryTokenPrivilege SeTcbPrivilege SeSecurityPrivilege.,0,Benign
2026-02-26 11:20:01,4688,9,7823,A new process has been created. New Process Name: C:\Program Files\Google\Chrome\chrome.exe Command Line: chrome.exe --type=renderer.,0,Benign
2026-02-25 09:16:03,4624,3,3972,An account was successfully logged on. New Logon: Account Name: jdoe Account Domain: CORP Logon ID: 0x1A2B3C.,0,Benign
2026-03-01 17:41:53,4672,7,1454,Special privileges assigned to new logon. Account Name: SYSTEM Privileges: SeBackupPrivilege SeRestorePrivilege.,0,Benign
2026-02-27 12:07:01,4672,10,7402,Special privileges assigned to new logon. Subject: Security ID: S-1-5-21-1234567890 Account Name: Administrator Privileges: SeDebugPrivilege.,0,Benign
2026-02-24 17:44:18,4634,3,1532,An account was logged off. Logon Type: 2 Interactive.,0,Benign
2026-02-27 07:33:31,4624,5,7074,An account was successfully logged on. New Logon: Account Name: jdoe Account Domain: CORP Logon ID: 0x1A2B3C.,0,Benign
2026-03-01 15:43:16,4625,10,3674,An account failed to log on. Logon Type: 10 Remote Desktop Services.,0,Benign
2026-02-27 11:30:11,4624,12,8478,An account was successfully logged on. Subject: Security ID: S-1-5-21-1234567890 Account Name: Administrator Account Domain: CORP Logon Type: 3.,0,Benign
2026-03-01 10:28:33,4625,10,2229,An account failed to log on. Failure Reason: Account locked out.,0,Benign
2026-02-26 08:28:31,4648,8,670,A logon was attempted using explicit credentials. Target Server: localhost Target User: admin.,0,Benign
2026-03-01 19:46:13,4624,7,8678,An account was successfully logged on. New Logon: Account Name: jdoe Account Domain: CORP Logon ID: 0x1A2B3C.,0,Benign
2026-02-25 17:11:58,4625,2,9718,An account failed to log on. Failure Reason: Unknown user name or bad password. Status: 0xC000006D Sub Status: 0xC000006A.,0,Benign
2026-02-25 12:31:14,4688,7,8237,A new process has been created. New Process Name: C:\Windows\System32\cmd.exe Command Line: cmd.exe /c dir.,0,Benign
2026-02-26 16:13:19,4624,11,9469,An account was successfully logged on. Logon Type: 2 Interactive.,0,Benign
2026-02-28 16:10:45,4624,12,7539,An account was successfully logged on. Subject: Security ID: S-1-5-21-1234567890 Account Name: Administrator Account Domain: CORP Logon Type: 3.,0,Benign
2026-02-26 14:36:04,4624,9,3074,An account was successfully logged on. Subject: Security ID: S-1-5-18 Account Name: SYSTEM Account Domain: NT AUTHORITY Logon ID: 0x3E7 Logon Type: 5.,0,Benign
2026-02-27 16:44:23,4624,12,8100,An account was successfully logged on. Logon Type: 10 Remote Desktop Services.,0,Benign
2026-02-23 12:27:38,4688,10,5308,A new process has been created. New Process Name: C:\Windows\System32\svchost.exe Creator Process Name: C:\Windows\System32\services.exe.,0,Benign
2026-03-01 11:37:08,4634,11,9712,An account was logged off. Subject: Security ID: S-1-5-21-1234567890 Account Name: jdoe.,0,Benign
2026-02-25 14:29:48,4688,9,9581,A new process has been created. New Process Name: C:\Windows\System32\taskhostw.exe.,0,Benign
2026-03-01 08:35:20,4625,8,1388,An account failed to log on. Failure Reason: Unknown user name or bad password. Status: 0xC000006D Sub Status: 0xC000006A.,0,Benign
2026-02-27 09:44:19,4648,9,9732,A logon was attempted using explicit credentials. Target Server: localhost Target User: admin.,0,Benign
2026-02-28 14:02:48,4688,7,3052,A new process has been created. New Process Name: C:\Program Files\Google\Chrome\chrome.exe Command Line: chrome.exe --type=renderer.,0,Benign
2026-02-23 16:43:41,4625,5,5450,An account failed to log on. Failure Reason: Account locked out.,0,Benign
2026-02-26 10:27:20,4624,7,6832,An account was successfully logged on. Logon Type: 10 Remote Desktop Services.,0,Benign
2026-02-28 14:16:36,4634,7,6207,An account was logged off. Subject: Security ID: S-1-5-21-1234567890 Account Name: jdoe.,0,Benign
2026-02-26 08:04:17,4624,7,4099,An account was successfully logged on. Logon Type: 2 Interactive.,0,Benign
2026-02-25 13:11:21,4624,7,7455,An account was successfully logged on. New Logon: Account Name: jdoe Account Domain: CORP Logon ID: 0x1A2B3C.,0,Benign
2026-02-27 08:53:00,4624,7,6868,An account was successfully logged on. Subject: Security ID: S-1-5-18 Account Name: SYSTEM Account Domain: NT AUTHORITY Logon ID: 0x3E7 Logon Type: 5.,0,Benign
2026-03-01 15:24:47,4624,3,9864,An account was successfully logged on. Logon Type: 2 Interactive.,0,Benign
2026-02-25 22:14:42,4624,7,3099,An account was successfully logged on. New Logon: Account Name: jdoe Account Domain: CORP Logon ID: 0x1A2B3C.,0,Benign
2026-02-27 15:57:37,4688,11,9937,A new process has been created. New Process Name: C:\Windows\System32\notepad.exe.,0,Benign
2026-03-01 14:40:29,4624,12,2076,An account was successfully logged on. Logon Type: 2 Interactive.,0,Benign
2026-02-24 10:46:06,4624,12,9746,An account was successfully logged on. Subject: Security ID: S-1-5-18 Account Name: SYSTEM Account Domain: NT AUTHORITY Logon ID: 0x3E7 Logon Type: 5.,1,Benign
2026-02-23 08:38:47,4624,9,4692,An account was successfully logged on. Logon Type: 10 Remote Desktop Services.,0,Benign
2026-02-24 08:49:32,4625,7,3680,An account failed to log on. Failure Reason: Account locked out.,0,Benign
2026-02-25 08:17:53,4625,9,2771,An account failed to log on. Logon Type: 10 Remote Desktop Services.,0,Benign
2026-02-27 15:29:31,4688,9,6997,A new process has been created. New Process Name: C:\Windows\System32\cmd.exe Command Line: cmd.exe /c dir.,0,Benign
2026-02-28 08:00:41,4625,12,5785,An account failed to log on. Subject: Security ID: S-1-0-0 Account Name: - Account Domain: - Logon Type: 3.,0,Benign
2026-02-27 15:21:34,4720,9,7485,A user account was created. New Account Name: test_account.,0,Benign
2026-02-26 20:41:12,4625,8,1449,An account failed to log on. Failure Reason: Account locked out.,0,Benign
2026-03-01 10:47:31,4625,5,192,An account failed to log on. Subject: Security ID: S-1-0-0 Account Name: - Account Domain: - Logon Type: 3.,0,Benign
2026-02-28 01:03:51,4624,9,223,An account was successfully logged on. New Logon: Account Name: jdoe Account Domain: CORP Logon ID: 0x1A2B3C.,0,Benign
2026-02-26 11:49:27,4720,3,2836,A user account was created. New Account Name: tempuser New Account Domain: CORP.,0,Benign
2026-02-25 12:33:02,4688,10,9550,A new process has been created. New Process Name: C:\Windows\System32\notepad.exe.,0,Benign
2026-02-25 14:55:06,4624,7,5601,An account was successfully logged on. Logon Type: 10 Remote Desktop Services.,0,Benign
2026-02-24 11:23:57,4625,11,8527,An account failed to log on. Failure Reason: Account locked out.,0,Benign
2026-03-01 13:30:57,4648,5,5364,A logon was attempted using explicit credentials. Process: C:\Windows\System32\runas.exe.,0,Benign
2026-02-27 14:28:59,4688,3,5429,A new process has been created. New Process Name: C:\Windows\System32\svchost.exe Creator Process Name: C:\Windows\System32\services.exe.,0,Benign
2026-02-25 10:18:21,4624,12,8595,An account was successfully logged on. Subject: Security ID: S-1-5-18 Account Name: SYSTEM Account Domain: NT AUTHORITY Logon ID: 0x3E7 Logon Type: 5.,0,Benign
2026-02-25 09:06:44,4624,9,1258,An account was successfully logged on. New Logon: Account Name: jdoe Account Domain: CORP Logon ID: 0x1A2B3C.,0,Benign
2026-02-23 08:28:35,4624,5,5511,An account was successfully logged on. Logon Type: 10 Remote Desktop Services.,0,Benign
2026-02-23 03:34:24,4688,10,7296,A new process has been created. New Process Name: C:\Windows\System32\notepad.exe.,0,Benign
2026-02-27 13:25:39,4624,3,9748,An account was successfully logged on. Logon Type: 10 Remote Desktop Services.,0,Benign
2026-02-23 13:23:38,4624,2,5379,An account was successfully logged on. Subject: Security ID: S-1-5-21-1234567890 Account Name: Administrator Account Domain: CORP Logon Type: 3.,0,Benign
2026-02-24 11:52:42,4732,2,8074,A member was added to a security-enabled local group. Member Name: tempuser Group Name: Administrators.,0,Benign
2026-02-26 10:49:04,4688,5,3469,A new process has been created. New Process Name: C:\Windows\System32\taskhostw.exe.,0,Benign
2026-03-01 07:58:40,4624,5,8631,An account was successfully logged on. Logon Type: 10 Remote Desktop Services.,0,Benign
2026-03-01 16:06:08,4624,3,5047,An account was successfully logged on. Subject: Security ID: S-1-5-21-1234567890 Account Name: Administrator Account Domain: CORP Logon Type: 3.,0,Benign
2026-02-23 14:11:01,4624,12,3897,An account was successfully logged on. Logon Type: 10 Remote Desktop Services.,1,Benign
2026-02-28 13:23:28,4624,2,9126,An account was successfully logged on. Logon Type: 10 Remote Desktop Services.,0,Benign
2026-02-25 09:44:21,4672,3,2188,Special privileges assigned to new logon. Subject: Security ID: S-1-5-21-1234567890 Account Name: Administrator Privileges: SeDebugPrivilege.,0,Benign
2026-03-01 16:12:34,4624,7,8620,An account was successfully logged on. Logon Type: 10 Remote Desktop Services.,0,Benign
2026-02-27 17:10:51,4624,11,1463,An account was successfully logged on. New Logon: Account Name: jdoe Account Domain: CORP Logon ID: 0x1A2B3C.,0,Benign
2026-02-23 16:43:37,4625,2,5978,An account failed to log on. Subject: Security ID: S-1-0-0 Account Name: - Account Domain: - Logon Type: 3.,0,Benign
2026-03-01 12:19:43,4634,3,6514,An account was logged off. Logon Type: 3.,0,Benign
2026-03-01 10:02:55,4625,10,3169,An account failed to log on. Logon Type: 10 Remote Desktop Services.,0,Benign
2026-02-26 13:03:28,4648,9,4002,A logon was attempted using explicit credentials. Process: C:\Windows\System32\runas.exe.,0,Benign
2026-03-01 12:59:19,4624,12,5190,An account was successfully logged on. Subject: Security ID: S-1-5-18 Account Name: SYSTEM Account Domain: NT AUTHORITY Logon ID: 0x3E7 Logon Type: 5.,0,Benign
2026-02-28 10:07:26,4672,2,628,Special privileges assigned to new logon. Account Name: SYSTEM Privileges: SeBackupPrivilege SeRestorePrivilege.,0,Benign
2026-02-27 17:56:47,4624,2,7908,An account was successfully logged on. Logon Type: 2 Interactive.,0,Benign
2026-02-26 00:10:10,1102,8,7985,The audit log was cleared. Account Name: administrator.,1,T1070
2026-02-24 14:30:29,4625,2,6266,An account failed to log on. Subject: Security ID: S-1-0-0 Account Name: - Account Domain: - Logon Type: 3.,0,Benign
2026-02-24 16:16:40,4688,10,9110,A new process has been created. New Process Name: C:\Windows\System32\cmd.exe Command Line: cmd.exe /c dir.,0,Benign
2026-02-24 09:34:16,4648,7,5029,A logon was attempted using explicit credentials. Target Server: DC01 Target User: backup_svc.,0,Benign
2026-02-23 09:24:23,4625,10,139,An account failed to log on. Subject: Security ID: S-1-0-0 Account Name: - Account Domain: - Logon Type: 3.,0,Benign
2026-02-25 10:58:10,4624,7,4510,An account was successfully logged on. New Logon: Account Name: jdoe Account Domain: CORP Logon ID: 0x1A2B3C.,0,Benign
2026-02-23 14:15:01,4624,8,2619,An account was successfully logged on. Logon Type: 2 Interactive.,0,Benign
2026-02-26 16:11:36,4634,10,8676,An account was logged off. Logon Type: 2 Interactive.,0,Benign
2026-02-25 16:09:23,4688,12,2990,A new process has been created. New Process Name: C:\Windows\System32\notepad.exe.,0,Benign
2026-02-23 19:28:27,4648,2,514,A logon was attempted using explicit credentials. Target Server: DC01 Target User: backup_svc.,0,Benign
2026-02-25 08:29:02,4624,12,2510,An account was successfully logged on. New Logon: Account Name: jdoe Account Domain: CORP Logon ID: 0x1A2B3C.,0,Benign
2026-02-23 10:55:59,4624,12,6423,An account was successfully logged on. New Logon: Account Name: jdoe Account Domain: CORP Logon ID: 0x1A2B3C.,0,Benign
2026-02-25 16:52:02,4624,3,4357,An account was successfully logged on. Subject: Security ID: S-1-5-21-1234567890 Account Name: Administrator Account Domain: CORP Logon Type: 3.,0,Benign
2026-02-27 07:37:26,4624,7,3471,An account was successfully logged on. Logon Type: 10 Remote Desktop Services.,0,Benign
2026-02-24 09:24:06,4624,8,3745,An account was successfully logged on. Subject: Security ID: S-1-5-21-1234567890 Account Name: Administrator Account Domain: CORP Logon Type: 3.,0,Benign
2026-02-23 16:43:02,4624,2,8504,An account was successfully logged on. New Logon: Account Name: jdoe Account Domain: CORP Logon ID: 0x1A2B3C.,0,Benign
2026-02-26 14:01:29,4624,2,1649,An account was successfully logged on. New Logon: Account Name: jdoe Account Domain: CORP Logon ID: 0x1A2B3C.,0,Benign
2026-02-24 23:54:31,4624,5,8879,An account was successfully logged on. Subject: Security ID: S-1-5-21-1234567890 Account Name: Administrator Account Domain: CORP Logon Type: 3.,0,Benign
2026-03-01 08:38:58,4624,11,4257,An account was successfully logged on. New Logon: Account Name: jdoe Account Domain: CORP Logon ID: 0x1A2B3C.,0,Benign
2026-02-28 17:33:22,4688,8,4685,A new process has been created. New Process Name: C:\Windows\System32\notepad.exe.,0,Benign
2026-02-26 12:01:02,4634,11,3248,An account was logged off. Logon Type: 3.,0,Benign
2026-02-26 10:26:43,4625,5,9422,An account failed to log on. Failure Reason: Unknown user name or bad password. Status: 0xC000006D Sub Status: 0xC000006A.,0,Benign
2026-02-27 15:28:47,4624,11,2260,An account was successfully logged on. New Logon: Account Name: jdoe Account Domain: CORP Logon ID: 0x1A2B3C.,0,Benign
2026-02-23 16:12:05,4634,9,7196,An account was logged off. Logon Type: 3.,0,Benign
2026-03-01 09:39:41,4672,12,4727,Special privileges assigned to new logon. Subject: Security ID: S-1-5-21-1234567890 Account Name: Administrator Privileges: SeDebugPrivilege.,0,Benign
2026-02-23 09:49:21,4624,11,2931,An account was successfully logged on. Subject: Security ID: S-1-5-18 Account Name: SYSTEM Account Domain: NT AUTHORITY Logon ID: 0x3E7 Logon Type: 5.,0,Benign
2026-02-28 07:21:19,4624,10,5980,An account was successfully logged on. Logon Type: 2 Interactive.,0,Benign
2026-02-28 12:06:20,4624,3,5763,An account was successfully logged on. Subject: Security ID: S-1-5-21-1234567890 Account Name: Administrator Account Domain: CORP Logon Type: 3.,0,Benign
2026-03-01 09:44:24,4625,11,8609,An account failed to log on. Failure Reason: Account locked out.,0,Benign
2026-02-24 11:09:32,4624,5,2693,An account was successfully logged on. Subject: Security ID: S-1-5-21-1234567890 Account Name: Administrator Account Domain: CORP Logon Type: 3.,0,Benign
2026-02-23 15:30:52,4624,10,9316,An account was successfully logged on. New Logon: Account Name: jdoe Account Domain: CORP Logon ID: 0x1A2B3C.,0,Benign
2026-02-23 11:09:02,4624,12,2976,An account was successfully logged on. Subject: Security ID: S-1-5-21-1234567890 Account Name: Administrator Account Domain: CORP Logon Type: 3.,0,Benign
2026-02-28 08:25:54,4648,3,9782,A logon was attempted using explicit credentials. Target Server: localhost Target User: admin.,0,Benign
2026-03-01 11:09:21,4688,8,1971,A new process has been created. New Process Name: C:\Program Files\Google\Chrome\chrome.exe Command Line: chrome.exe --type=renderer.,0,Benign
2026-03-01 03:33:53,4625,2,6639,An account failed to log on. Failure Reason: Unknown user name or bad password. Status: 0xC000006D Sub Status: 0xC000006A.,0,Benign
2026-02-24 16:24:54,4688,9,5581,A new process has been created. New Process Name: C:\Windows\System32\notepad.exe.,0,Benign
2026-02-28 13:34:04,4624,10,6440,An account was successfully logged on. Logon Type: 2 Interactive.,0,Benign
2026-03-01 16:56:41,4625,8,7514,An account failed to log on. Account Name: administrator Source Network Address: 192.168.1.50.,0,Benign
2026-02-24 11:13:20,4688,8,9398,A new process has been created. New Process Name: C:\Program Files\Google\Chrome\chrome.exe Command Line: chrome.exe --type=renderer.,0,Benign
2026-02-24 13:33:47,4624,12,8263,An account was successfully logged on. New Logon: Account Name: jdoe Account Domain: CORP Logon ID: 0x1A2B3C.,0,Benign
2026-02-24 17:27:40,4624,11,1496,An account was successfully logged on. Logon Type: 2 Interactive.,0,Benign
2026-03-01 08:08:25,4624,8,5714,An account was successfully logged on. Subject: Security ID: S-1-5-18 Account Name: SYSTEM Account Domain: NT AUTHORITY Logon ID: 0x3E7 Logon Type: 5.,0,Benign
2026-03-01 14:21:47,4624,11,2072,An account was successfully logged on. Subject: Security ID: S-1-5-21-1234567890 Account Name: Administrator Account Domain: CORP Logon Type: 3.,0,Benign
2026-02-24 12:47:12,4624,8,5053,An account was successfully logged on. Logon Type: 10 Remote Desktop Services.,0,Benign
2026-02-28 10:36:46,4624,8,274,An account was successfully logged on. Subject: Security ID: S-1-5-18 Account Name: SYSTEM Account Domain: NT AUTHORITY Logon ID: 0x3E7 Logon Type: 5.,0,Benign
2026-02-26 10:09:38,4634,11,7835,An account was logged off. Subject: Security ID: S-1-5-21-1234567890 Account Name: jdoe.,0,Benign
2026-02-26 06:35:07,4720,3,5840,A user account was created. New Account Name: test_account.,0,Benign
2026-02-27 09:53:43,4624,3,3784,An account was successfully logged on. Logon Type: 10 Remote Desktop Services.,0,Benign
2026-02-26 10:43:12,4648,8,2898,A logon was attempted using explicit credentials. Target Server: localhost Target User: admin.,0,Benign
2026-02-28 09:18:11,4688,9,3226,A new process has been created. New Process Name: C:\Windows\System32\taskhostw.exe.,0,Benign
2026-02-26 09:45:01,4634,2,5952,An account was logged off. Logon Type: 2 Interactive.,0,Benign
2026-02-23 16:24:07,4624,5,9778,An account was successfully logged on. Logon Type: 10 Remote Desktop Services.,0,Benign
2026-02-24 00:03:39,4688,5,3598,A new process has been created. New Process Name: C:\Windows\System32\wbem\WMIC.exe Command Line: wmic process call create calc.exe.,1,T1047
2026-03-01 13:46:32,4624,8,8595,An account was successfully logged on. Subject: Security ID: S-1-5-21-1234567890 Account Name: Administrator Account Domain: CORP Logon Type: 3.,0,Benign
2026-02-23 10:03:12,4625,10,4333,An account failed to log on. Subject: Security ID: S-1-0-0 Account Name: - Account Domain: - Logon Type: 3.,0,Benign
2026-03-01 10:20:42,4648,7,2349,A logon was attempted using explicit credentials. Target Server: localhost Target User: admin.,0,Benign
2026-02-28 08:24:15,4624,7,3478,An account was successfully logged on. New Logon: Account Name: jdoe Account Domain: CORP Logon ID: 0x1A2B3C.,0,Benign
2026-02-24 16:21:37,4624,10,2561,An account was successfully logged on. Logon Type: 10 Remote Desktop Services.,0,Benign
2026-02-23 12:16:57,4648,12,4660,A logon was attempted using explicit credentials. Target Server: localhost Target User: admin.,0,Benign
2026-03-01 10:53:58,4688,9,3900,A new process has been created. New Process Name: C:\Windows\System32\svchost.exe Creator Process Name: C:\Windows\System32\services.exe.,0,Benign
2026-02-28 17:18:57,4624,5,502,An account was successfully logged on. Subject: Security ID: S-1-5-18 Account Name: SYSTEM Account Domain: NT AUTHORITY Logon ID: 0x3E7 Logon Type: 5.,0,Benign
2026-02-25 21:56:14,4624,9,3041,An account was successfully logged on. New Logon: Account Name: jdoe Account Domain: CORP Logon ID: 0x1A2B3C.,0,Benign
2026-02-26 10:17:24,4688,7,7512,A new process has been created. New Process Name: C:\Windows\System32\svchost.exe Creator Process Name: C:\Windows\System32\services.exe.,0,Benign
2026-03-01 17:28:11,4625,9,6899,An account failed to log on. Account Name: administrator Source Network Address: 192.168.1.50.,0,Benign
2026-02-28 16:40:35,4625,10,5020,An account failed to log on. Account Name: administrator Source Network Address: 192.168.1.50.,0,Benign
2026-02-25 14:49:22,4624,3,5472,An account was successfully logged on. Subject: Security ID: S-1-5-18 Account Name: SYSTEM Account Domain: NT AUTHORITY Logon ID: 0x3E7 Logon Type: 5.,0,Benign
2026-03-01 13:26:14,4624,9,4764,An account was successfully logged on. Logon Type: 10 Remote Desktop Services.,0,Benign
2026-03-01 08:40:56,4688,12,1745,A new process has been created. New Process Name: C:\Windows\System32\cmd.exe Command Line: cmd.exe /c dir.,0,Benign
2026-02-25 10:59:57,4624,12,7614,An account was successfully logged on. Subject: Security ID: S-1-5-18 Account Name: SYSTEM Account Domain: NT AUTHORITY Logon ID: 0x3E7 Logon Type: 5.,0,Benign
2026-02-24 13:29:13,4624,10,9261,An account was successfully logged on. New Logon: Account Name: jdoe Account Domain: CORP Logon ID: 0x1A2B3C.,0,Benign
2026-02-27 08:32:47,4624,3,244,An account was successfully logged on. Subject: Security ID: S-1-5-18 Account Name: SYSTEM Account Domain: NT AUTHORITY Logon ID: 0x3E7 Logon Type: 5.,0,Benign
2026-02-28 15:45:25,4634,3,3308,An account was logged off. Logon Type: 2 Interactive.,0,Benign
2026-02-24 11:45:26,4625,9,256,An account failed to log on. Logon Type: 10 Remote Desktop Services.,0,Benign
2026-03-01 08:31:05,4624,12,2127,An account was successfully logged on. New Logon: Account Name: jdoe Account Domain: CORP Logon ID: 0x1A2B3C.,0,Benign
2026-02-23 19:12:50,4625,9,7388,An account failed to log on. Subject: Security ID: S-1-0-0 Account Name: - Account Domain: - Logon Type: 3.,0,Benign
2026-02-26 15:10:59,4624,9,4982,An account was successfully logged on. Subject: Security ID: S-1-5-21-1234567890 Account Name: Administrator Account Domain: CORP Logon Type: 3.,0,Benign
2026-02-28 15:07:36,4688,7,8453,A new process has been created. New Process Name: C:\Windows\System32\notepad.exe.,0,Benign
2026-02-23 09:24:31,4625,12,1808,An account failed to log on. Failure Reason: Unknown user name or bad password. Status: 0xC000006D Sub Status: 0xC000006A.,0,Benign
2026-02-26 10:01:09,4648,2,8953,A logon was attempted using explicit credentials. Target Server: DC01 Target User: backup_svc.,0,Benign
2026-02-27 08:41:19,4688,8,2467,A new process has been created. New Process Name: C:\Program Files\Google\Chrome\chrome.exe Command Line: chrome.exe --type=renderer.,0,Benign
2026-02-25 14:36:10,4688,7,8671,A new process has been created. New Process Name: C:\Windows\System32\svchost.exe Creator Process Name: C:\Windows\System32\services.exe.,0,Benign
2026-03-01 08:23:06,4688,3,5298,A new process has been created. New Process Name: C:\Windows\System32\svchost.exe Creator Process Name: C:\Windows\System32\services.exe.,0,Benign
2026-02-28 08:34:51,4624,12,3605,An account was successfully logged on. New Logon: Account Name: jdoe Account Domain: CORP Logon ID: 0x1A2B3C.,0,Benign
2026-03-01 13:38:51,4688,10,3897,A new process has been created. New Process Name: C:\Windows\System32\svchost.exe Creator Process Name: C:\Windows\System32\services.exe.,0,Benign
2026-02-24 16:50:11,4672,8,1084,Special privileges assigned to new logon. Subject: Security ID: S-1-5-18 Privileges: SeAssignPrimaryTokenPrivilege SeTcbPrivilege SeSecurityPrivilege.,0,Benign
2026-02-23 11:18:10,4625,10,4276,An account failed to log on. Logon Type: 10 Remote Desktop Services.,0,Benign
2026-02-28 06:48:12,4624,11,4760,Special privileges assigned to new logon. Account Name: SYSTEM Privileges: SeDebugPrivilege.,1,T1003
2026-02-24 00:26:24,4624,7,4121,An account was successfully logged on. Logon Type: 2 Interactive.,0,Benign
2026-02-26 14:11:28,4625,3,7127,An account failed to log on. Failure Reason: Account locked out.,0,Benign
2026-02-23 10:42:14,4720,8,871,A user account was created. New Account Name: svc_backup New Account Domain: CORP.,0,Benign
2026-02-28 08:29:12,4625,5,2882,An account failed to log on. Failure Reason: Account locked out.,0,Benign
2026-02-27 12:53:26,4648,5,4210,A logon was attempted using explicit credentials. Process: C:\Windows\System32\runas.exe.,0,Benign
2026-02-27 13:32:58,4648,9,7773,A logon was attempted using explicit credentials. Target Server: DC01 Target User: backup_svc.,0,Benign
2026-02-26 12:00:20,4672,11,1508,Special privileges assigned to new logon. Account Name: SYSTEM Privileges: SeBackupPrivilege SeRestorePrivilege.,0,Benign
2026-02-23 10:29:10,4688,3,4151,A new process has been created. New Process Name: C:\Windows\System32\notepad.exe.,0,Benign
2026-02-27 23:06:42,4624,11,7559,An account was successfully logged on. Logon Type: 2 Interactive.,0,Benign
2026-02-23 20:36:50,4624,9,8501,An account was successfully logged on. New Logon: Account Name: jdoe Account Domain: CORP Logon ID: 0x1A2B3C.,0,Benign
2026-02-26 12:29:30,4648,8,1788,A logon was attempted using explicit credentials. Target Server: localhost Target User: admin.,0,Benign
2026-03-01 15:33:17,4634,8,1816,An account was logged off. Subject: Security ID: S-1-5-21-1234567890 Account Name: jdoe.,0,Benign
2026-02-23 10:58:52,4688,9,8171,A new process has been created. New Process Name: C:\Windows\System32\svchost.exe Creator Process Name: C:\Windows\System32\services.exe.,0,Benign
2026-02-25 02:24:50,4624,2,5709,An account was successfully logged on. New Logon: Account Name: jdoe Account Domain: CORP Logon ID: 0x1A2B3C.,0,Benign
2026-02-27 08:50:52,4688,3,642,A new process has been created. New Process Name: C:\Windows\System32\notepad.exe.,0,Benign
2026-02-24 15:42:40,4648,11,6870,A logon was attempted using explicit credentials. Target Server: DC01 Target User: backup_svc.,0,Benign
2026-02-24 17:47:59,4688,10,4495,A new process has been created. New Process Name: C:\Windows\System32\taskhostw.exe.,0,Benign
2026-03-01 08:57:23,4624,10,7770,An account was successfully logged on. Logon Type: 2 Interactive.,0,Benign
2026-03-01 08:09:57,4625,9,9127,An account failed to log on. Subject: Security ID: S-1-0-0 Account Name: - Account Domain: - Logon Type: 3.,0,Benign
2026-02-27 12:22:48,4648,10,4953,A logon was attempted using explicit credentials. Target Server: DC01 Target User: backup_svc.,0,Benign
2026-02-23 17:49:12,4634,5,8082,An account was logged off. Subject: Security ID: S-1-5-21-1234567890 Account Name: jdoe.,0,Benign
2026-02-27 15:10:38,4634,7,6931,An account was logged off. Subject: Security ID: S-1-5-21-1234567890 Account Name: jdoe.,0,Benign
2026-02-27 11:48:17,4624,8,8214,An account was successfully logged on. Logon Type: 2 Interactive.,0,Benign
2026-02-24 08:06:23,4624,10,6521,An account was successfully logged on. Subject: Security ID: S-1-5-21-1234567890 Account Name: Administrator Account Domain: CORP Logon Type: 3.,0,Benign
2026-02-23 12:21:11,4624,8,2387,An account was successfully logged on. Subject: Security ID: S-1-5-21-1234567890 Account Name: Administrator Account Domain: CORP Logon Type: 3.,0,Benign
2026-03-01 17:03:43,4688,12,3459,A new process has been created. New Process Name: C:\Windows\System32\cmd.exe Command Line: cmd.exe /c dir.,0,Benign
2026-02-25 09:53:13,4625,11,9485,An account failed to log on. Failure Reason: Unknown user name or bad password. Status: 0xC000006D Sub Status: 0xC000006A.,0,Benign
2026-02-24 17:42:34,4625,3,9238,An account failed to log on. Failure Reason: Account locked out.,0,Benign
2026-02-25 11:43:11,4648,10,3532,A logon was attempted using explicit credentials. Process: C:\Windows\System32\runas.exe.,0,Benign
2026-02-26 12:10:13,4732,10,3937,A member was added to a security-enabled local group. Member Name: jdoe Group Name: Remote Desktop Users.,0,Benign
2026-02-24 13:35:40,4688,5,1727,A new process has been created. New Process Name: C:\Windows\System32\taskhostw.exe.,0,Benign
2026-02-23 14:05:11,4634,5,3813,An account was logged off. Logon Type: 3.,0,Benign
2026-02-24 13:16:03,4625,2,9826,An account failed to log on. Logon Type: 10 Remote Desktop Services.,0,Benign
2026-02-25 16:51:58,4688,2,5388,A new process has been created. New Process Name: C:\Program Files\Google\Chrome\chrome.exe Command Line: chrome.exe --type=renderer.,0,Benign
2026-02-28 12:59:44,4624,7,4645,An account was successfully logged on. Logon Type: 2 Interactive.,0,Benign
2026-02-23 13:59:00,4624,2,287,An account was successfully logged on. New Logon: Account Name: jdoe Account Domain: CORP Logon ID: 0x1A2B3C.,0,Benign
2026-02-28 23:44:34,4624,9,8480,An account was successfully logged on. Subject: Security ID: S-1-5-18 Account Name: SYSTEM Account Domain: NT AUTHORITY Logon ID: 0x3E7 Logon Type: 5.,0,Benign
2026-02-28 04:40:36,4624,12,4356,An account was successfully logged on. New Logon: Account Name: jdoe Account Domain: CORP Logon ID: 0x1A2B3C.,0,Benign
2026-02-27 11:11:58,4624,3,4497,An account was successfully logged on. Logon Type: 10 Remote Desktop Services.,0,Benign
2026-02-23 15:36:55,4624,3,8519,An account was successfully logged on. Logon Type: 10 Remote Desktop Services.,0,Benign
2026-03-01 03:21:17,4634,11,9020,An account was logged off. Subject: Security ID: S-1-5-21-1234567890 Account Name: jdoe.,0,Benign
2026-02-24 14:22:23,4688,5,5166,A new process has been created. New Process Name: C:\Windows\System32\cmd.exe Command Line: cmd.exe /c dir.,0,Benign
2026-02-23 17:45:41,4672,7,5979,Special privileges assigned to new logon. Account Name: SYSTEM Privileges: SeBackupPrivilege SeRestorePrivilege.,0,Benign
2026-03-01 10:34:36,4624,3,1518,An account was successfully logged on. New Logon: Account Name: jdoe Account Domain: CORP Logon ID: 0x1A2B3C.,0,Benign
2026-02-27 23:11:33,4624,7,5608,An account was successfully logged on. New Logon: Account Name: jdoe Account Domain: CORP Logon ID: 0x1A2B3C.,0,Benign
2026-02-27 09:00:12,4688,3,8778,A new process has been created. New Process Name: C:\Program Files\Google\Chrome\chrome.exe Command Line: chrome.exe --type=renderer.,0,Benign
2026-02-23 01:59:47,4624,7,6384,An account was successfully logged on. Subject: Security ID: S-1-5-21-1234567890 Account Name: Administrator Account Domain: CORP Logon Type: 3.,0,Benign
2026-02-27 16:50:45,4634,5,7374,An account was logged off. Subject: Security ID: S-1-5-21-1234567890 Account Name: jdoe.,0,Benign
2026-02-23 16:14:38,4624,12,5033,An account was successfully logged on. Subject: Security ID: S-1-5-21-1234567890 Account Name: Administrator Account Domain: CORP Logon Type: 3.,0,Benign
2026-02-24 16:41:06,4672,2,7269,Special privileges assigned to new logon. Account Name: SYSTEM Privileges: SeBackupPrivilege SeRestorePrivilege.,0,Benign
2026-02-28 09:13:56,4648,10,4999,A logon was attempted using explicit credentials. Target Server: localhost Target User: admin.,0,Benign
2026-02-24 00:43:25,4625,10,1063,An account failed to log on. Failure Reason: Account locked out.,0,Benign
2026-03-01 15:35:15,4624,9,4706,An account was successfully logged on. Subject: Security ID: S-1-5-18 Account Name: SYSTEM Account Domain: NT AUTHORITY Logon ID: 0x3E7 Logon Type: 5.,0,Benign
2026-02-26 09:09:13,4624,3,7790,An account was successfully logged on. Logon Type: 10 Remote Desktop Services.,0,Benign
2026-02-26 15:41:17,4634,11,993,An account was logged off. Logon Type: 3.,0,Benign
2026-02-25 14:46:08,4672,5,7653,Special privileges assigned to new logon. Account Name: SYSTEM Privileges: SeBackupPrivilege SeRestorePrivilege.,0,Benign
2026-02-26 09:17:29,4624,7,6666,An account was successfully logged on. New Logon: Account Name: jdoe Account Domain: CORP Logon ID: 0x1A2B3C.,0,Benign
2026-02-25 13:12:35,4624,5,1751,An account was successfully logged on. Subject: Security ID: S-1-5-18 Account Name: SYSTEM Account Domain: NT AUTHORITY Logon ID: 0x3E7 Logon Type: 5.,0,Benign
2026-02-25 12:29:42,4624,8,3574,An account was successfully logged on. Subject: Security ID: S-1-5-21-1234567890 Account Name: Administrator Account Domain: CORP Logon Type: 3.,0,Benign
2026-02-24 23:47:19,4624,12,2900,An account failed to log on. Failure Reason: Unknown user name or bad password.,1,T1110
2026-02-28 14:15:21,4625,2,7160,An account failed to log on. Failure Reason: Unknown user name or bad password. Status: 0xC000006D Sub Status: 0xC000006A.,0,Benign
2026-02-27 16:36:40,4672,7,7639,Special privileges assigned to new logon. Subject: Security ID: S-1-5-18 Privileges: SeAssignPrimaryTokenPrivilege SeTcbPrivilege SeSecurityPrivilege.,0,Benign
2026-02-27 14:22:02,4688,11,7534,A new process has been created. New Process Name: C:\Windows\System32\cmd.exe Command Line: cmd.exe /c dir.,0,Benign
2026-03-01 13:02:00,4720,8,2552,A user account was created. New Account Name: test_account.,0,Benign
2026-02-26 09:33:13,4648,3,6312,A logon was attempted using explicit credentials. Process: C:\Windows\System32\runas.exe.,0,Benign
2026-02-28 13:15:46,4648,12,793,A logon was attempted using explicit credentials. Process: C:\Windows\System32\runas.exe.,0,Benign
2026-02-26 14:29:00,4688,2,6996,A new process has been created. New Process Name: C:\Windows\System32\svchost.exe Creator Process Name: C:\Windows\System32\services.exe.,0,Benign
2026-03-01 10:23:48,4648,7,2046,A logon was attempted using explicit credentials. Target Server: DC01 Target User: backup_svc.,0,Benign
2026-02-28 14:39:43,4624,8,4372,An account was successfully logged on. Subject: Security ID: S-1-5-21-1234567890 Account Name: Administrator Account Domain: CORP Logon Type: 3.,0,Benign
2026-02-26 08:13:31,4624,9,2729,An account was successfully logged on. Logon Type: 2 Interactive.,0,Benign
2026-02-24 16:08:45,4624,3,1761,An account was successfully logged on. Logon Type: 2 Interactive.,0,Benign
2026-02-28 14:20:33,4624,8,4046,An account was successfully logged on. Logon Type: 2 Interactive.,0,Benign
2026-02-26 17:26:12,4625,12,8408,An account failed to log on. Subject: Security ID: S-1-0-0 Account Name: - Account Domain: - Logon Type: 3.,0,Benign
2026-02-26 22:48:03,4688,7,6831,A new process has been created. New Process Name: C:\Program Files\Google\Chrome\chrome.exe Command Line: chrome.exe --type=renderer.,0,Benign
2026-02-23 12:47:34,4648,3,9800,A logon was attempted using explicit credentials. Target Server: localhost Target User: admin.,0,Benign
2026-02-26 13:40:41,4624,2,3165,An account was successfully logged on. New Logon: Account Name: jdoe Account Domain: CORP Logon ID: 0x1A2B3C.,0,Benign
2026-02-24 11:05:37,4624,5,9788,An account was successfully logged on. New Logon: Account Name: jdoe Account Domain: CORP Logon ID: 0x1A2B3C.,0,Benign
2026-02-25 17:17:22,4624,9,2162,An account was successfully logged on. Subject: Security ID: S-1-5-18 Account Name: SYSTEM Account Domain: NT AUTHORITY Logon ID: 0x3E7 Logon Type: 5.,0,Benign
