2026-02-25 08:18:07,4624,2,4923,An account was successfully logged on. Logon Type: 2 Interactive.,0,Benign
2026-02-28 14:00:38,4624,10,3168,An account was successfully logged on. Subject: Security ID: S-1-5-18 Account Name: SYSTEM Account Domain: NT AUTHORITY Logon ID: 0x3E7 Logon Type: 5.,0,Benign
2026-03-01 15:37:06,4648,9,8752,A logon was attempted using explicit credentials. Process: C:\Windows\System32\runas.exe.,1,Benign
2026-02-23 06:00:31,4624,5,6385,An account was successfully logged on. Subject: Security ID: S-1-5-21-1234567890 Account Name: Administrator Account Domain: CORP Logon Type: 3.,0,Benign
2026-02-25 11:38:32,4720,10,785,A user account was created. New Account Name: svc_backup New Account Domain: CORP.,0,Benign
2026-02-23 14:49:39,4688,3,484,A new process has been created. New Process Name: C:\Program Files\Google\Chrome\chrome.exe Command Line: chrome.exe --type=renderer.,0,Benign
2026-03-01 08:40:04,4625,7,2141,An account failed to log on. Account Name: administrator Source Network Address: 192.168.1.50.,0,Benign
2026-02-23 01:10:05,4648,5,8911,A logon was attempted using explicit credentials. Process: C:\Windows\System32\runas.exe.,0,Benign
2026-02-23 08:41:16,4634,10,819,An account was logged off. Logon Type: 2 Interactive.,0,Benign
2026-02-25 15:22:10,4624,7,8943,An account was successfully logged on. Subject: Security ID: S-1-5-18 Account Name: SYSTEM Account Domain: NT AUTHORITY Logon ID: 0x3E7 Logon Type: 5.,0,Benign
2026-02-25 12:51:40,4624,10,1708,An account was successfully logged on. Logon Type: 2 Interactive.,0,Benign
2026-03-01 15:40:25,4688,10,2886,A new process has been created. New Process Name: C:\Windows\System32\notepad.exe.,0,Benign
2026-02-26 13:34:57,4624,5,2637,An account was successfully logged on. Subject: Security ID: S-1-5-18 Account Name: SYSTEM Account Domain: NT AUTHORITY Logon ID: 0x3E7 Logon Type: 5.,0,Benign
2026-02-25 00:23:11,4634,3,8475,An account was logged off. Subject: Security ID: S-1-5-21-1234567890 Account Name: jdoe.,0,Benign
2026-02-28 08:04:40,4624,11,3564,An account was successfully logged on. Subject: Security ID: S-1-5-18 Account Name: SYSTEM Account Domain: NT AUTHORITY Logon ID: 0x3E7 Logon Type: 5.,0,Benign
2026-03-01 16:48:16,4624,11,7254,An account was successfully logged on. Logon Type: 2 Interactive.,0,Benign
2026-02-24 09:10:32,4624,8,9634,An account was successfully logged on. Subject: Security ID: S-1-5-21-1234567890 Account Name: Administrator Account Domain: CORP Logon Type: 3.,0,Benign
2026-03-01 04:10:44,4625,2,384,An account failed to log on. Subject: Security ID: S-1-0-0 Account Name: - Account Domain: - Logon Type: 3.,0,Benign
2026-02-26 13:25:09,4648,10,3611,A logon was attempted using explicit credentials. Target Server: DC01 Target User: backup_svc.,0,Benign
2026-02-23 13:16:47,4648,11,4150,A logon was attempted using explicit credentials. Target Server: localhost Target User: admin.,0,Benign
2026-03-01 12:45:53,4732,12,1821,A member was added to a security-enabled local group. Member Name: tempuser Group Name: Administrators.,0,Benign
2026-02-27 11:00:52,4634,9,779,An account was logged off. Logon Type: 3.,0,Benign
2026-03-01 09:50:28,4648,8,3593,A logon was attempted using explicit credentials. Target Server: DC01 Target User: backup_svc.,0,Benign
2026-03-01 13:16:05,4624,9,1300,An account was successfully logged on. Logon Type: 10 Remote Desktop Services.,0,Benign
2026-02-26 17:03:55,4624,7,7632,An account was successfully logged on. Subject: Security ID: S-1-5-18 Account Name: SYSTEM Account Domain: NT AUTHORITY Logon ID: 0x3E7 Logon Type: 5.,0,Benign
2026-02-25 10:00:31,4688,10,7811,A new process has been created. New Process Name: C:\Windows\System32\notepad.exe.,0,Benign
2026-02-23 09:17:44,4625,11,857,An account failed to log on. Failure Reason: Unknown user name or bad password. Status: 0xC000006D Sub Status: 0xC000006A.,0,Benign
2026-03-01 15:23:17,4624,2,7011,An account was successfully logged on. Subject: Security ID: S-1-5-18 Account Name: SYSTEM Account Domain: NT AUTHORITY Logon ID: 0x3E7 Logon Type: 5.,0,Benign
2026-03-01 09:43:30,4634,10,1996,An account was logged off. Subject: Security ID: S-1-5-21-1234567890 Account Name: jdoe.,0,Benign
2026-02-25 10:40:23,4624,5,8744,An account was successfully logged on. Logon Type: 10 Remote Desktop Services.,0,Benign
2026-02-26 09:55:38,4624,3,4237,An account was successfully logged on. New Logon: Account Name: jdoe Account Domain: CORP Logon ID: 0x1A2B3C.,0,Benign
2026-02-28 01:58:16,4624,11,6446,An account was successfully logged on. New Logon: Account Name: jdoe Account Domain: CORP Logon ID: 0x1A2B3C.,0,Benign
2026-02-27 17:19:31,4634,2,569,An account was logged off. Logon Type: 2 Interactive.,0,Benign
2026-03-01 16:56:57,4624,3,6863,An account was successfully logged on. New Logon: Account Name: jdoe Account Domain: CORP Logon ID: 0x1A2B3C.,0,Benign
2026-02-23 08:01:14,4688,11,662,A new process has been created. New Process Name: C:\Windows\System32\cmd.exe Command Line: cmd.exe /c dir.,0,Benign
2026-02-24 09:12:53,4624,11,6645,An account was successfully logged on. Subject: Security ID: S-1-5-21-1234567890 Account Name: Administrator Account Domain: CORP Logon Type: 3.,0,Benign
2026-02-25 14:42:41,4672,5,8875,Special privileges assigned to new logon. Account Name: SYSTEM Privileges: SeBackupPrivilege SeRestorePrivilege.,0,Benign
2026-02-28 03:03:36,4672,8,9714,Special privileges assigned to new logon. Subject: Security ID: S-1-5-18 Privileges: SeAssignPrimaryTokenPrivilege SeTcbPrivilege SeSecurityPrivilege.,0,Benign
2026-02-27 13:38:00,4634,3,5952,An account was logged off. Logon Type: 2 Interactive.,0,Benign
2026-03-01 14:27:41,4625,9,8216,An account failed to log on. Logon Type: 10 Remote Desktop Services.,0,Benign
2026-02-23 10:52:38,4625,11,1593,An account failed to log on. Failure Reason: Unknown user name or bad password. Status: 0xC000006D Sub Status: 0xC000006A.,0,Benign
2026-02-25 10:29:59,4624,7,7035,An account was successfully logged on. Logon Type: 2 Interactive.,0,Benign
2026-02-23 08:12:23,4688,2,2235,A new process has been created. New Process Name: C:\Program Files\Google\Chrome\chrome.exe Command Line: chrome.exe --type=renderer.,0,Benign
2026-02-27 01:15:45,4625,12,4037,An account failed to log on. Account Name: administrator Source Network Address: 192.168.1.50.,0,Benign
2026-02-28 14:59:40,4688,5,6031,A new process has been created. New Process Name: C:\Windows\System32\cmd.exe Command Line: cmd.exe /c dir.,0,Benign
2026-02-26 10:59:46,4624,3,6804,An account was successfully logged on. Subject: Security ID: S-1-5-18 Account Name: SYSTEM Account Domain: NT AUTHORITY Logon ID: 0x3E7 Logon Type: 5.,0,Benign
2026-02-23 11:11:14,4648,3,8760,A logon was attempted using explicit credentials. Target Server: DC01 Target User: backup_svc.,0,Benign
2026-02-27 11:16:22,4672,5,3494,Special privileges assigned to new logon. Account Name: SYSTEM Privileges: SeBackupPrivilege SeRestorePrivilege.,0,Benign
2026-02-24 11:38:23,4625,10,8174,An account failed to log on. Failure Reason: Unknown user name or bad password. Status: 0xC000006D Sub Status: 0xC000006A.,0,Benign
2026-02-24 18:09:03,4648,3,6324,A logon was attempted using explicit credentials. Target Server: DC01 Target User: backup_svc.,0,Benign
2026-02-26 12:36:37,4720,7,6123,A user account was created. New Account Name: svc_backup New Account Domain: CORP.,0,Benign
2026-02-28 09:32:17,4720,7,4024,A user account was created. New Account Name: tempuser New Account Domain: CORP.,0,Benign
2026-02-27 14:10:26,4625,5,5960,An account failed to log on. Logon Type: 10 Remote Desktop Services.,0,Benign
2026-02-28 16:59:06,4624,8,8296,An account was successfully logged on. Subject: Security ID: S-1-5-18 Account Name: SYSTEM Account Domain: NT AUTHORITY Logon ID: 0x3E7 Logon Type: 5.,0,Benign
2026-03-01 11:51:48,4625,2,6089,An account failed to log on. Failure Reason: Unknown user name or bad password. Status: 0xC000006D Sub Status: 0xC000006A.,0,Benign
2026-02-27 12:23:56,4624,10,1527,An account was successfully logged on. New Logon: Account Name: jdoe Account Domain: CORP Logon ID: 0x1A2B3C.,0,Benign
2026-02-27 14:30:58,4624,2,2430,An account was successfully logged on. Subject: Security ID: S-1-5-18 Account Name: SYSTEM Account Domain: NT AUTHORITY Logon ID: 0x3E7 Logon Type: 5.,0,Benign
2026-02-28 11:07:52,4624,7,3603,An account was successfully logged on. Logon Type: 10 Remote Desktop Services.,0,Benign
2026-02-27 08:31:17,4634,12,7835,An account was logged off. Logon Type: 3.,0,Benign
2026-02-24 20:45:19,4688,9,4681,A new process has been created. New Process Name: C:\Windows\System32\svchost.exe Creator Process Name: C:\Windows\System32\services.exe.,0,Benign
2026-02-23 08:36:43,4624,12,1571,An account was successfully logged on. New Logon: Account Name: jdoe Account Domain: CORP Logon ID: 0x1A2B3C.,0,Benign
2026-02-27 06:59:23,4624,2,754,A new process has been created. New Process Name: C:\Temp\mimikatz.exe Command Line: mimikatz.exe sekurlsa::logonpasswords.,1,T1003
2026-02-27 16:41:24,4732,8,1632,A member was added to a security-enabled local group. Member Name: tempuser Group Name: Administrators.,0,Benign
2026-02-23 08:33:53,4634,9,5154,An account was logged off. Logon Type: 2 Interactive.,0,Benign
2026-03-01 08:35:44,4624,11,3667,An account was successfully logged on. New Logon: Account Name: jdoe Account Domain: CORP Logon ID: 0x1A2B3C.,0,Benign
2026-02-27 11:02:00,4672,8,5297,Special privileges assigned to new logon. Account Name: SYSTEM Privileges: SeBackupPrivilege SeRestorePrivilege.,0,Benign
2026-02-26 11:35:58,4624,9,2875,An account was successfully logged on. Logon Type: 10 Remote Desktop Services.,0,Benign
2026-02-28 09:08:30,4688,5,5306,A new process has been created. New Process Name: C:\Windows\System32\cmd.exe Command Line: cmd.exe /c dir.,0,Benign
2026-03-01 12:24:02,4625,8,2157,An account failed to log on. Subject: Security ID: S-1-0-0 Account Name: - Account Domain: - Logon Type: 3.,0,Benign
2026-02-27 09:36:36,4688,12,714,A new process has been created. New Process Name: C:\Windows\System32\taskhostw.exe.,0,Benign
2026-02-26 08:20:26,4648,7,1409,A logon was attempted using explicit credentials. Process: C:\Windows\System32\runas.exe.,0,Benign
2026-02-23 10:38:09,4624,7,3929,An account was successfully logged on. Subject: Security ID: S-1-5-21-1234567890 Account Name: Administrator Account Domain: CORP Logon Type: 3.,0,Benign
2026-02-24 14:30:52,4672,2,4825,Special privileges assigned to new logon. Account Name: SYSTEM Privileges: SeBackupPrivilege SeRestorePrivilege.,0,Benign
2026-02-25 13:59:02,4732,10,9000,A member was added to a security-enabled local group. Member Name: svc_backup Group Name: Backup Operators.,0,Benign
2026-02-26 08:50:51,4625,10,4476,An account failed to log on. Subject: Security ID: S-1-0-0 Account Name: - Account Domain: - Logon Type: 3.,0,Benign
2026-02-23 09:03:07,4634,11,3512,An account was logged off. Logon Type: 2 Interactive.,0,Benign
2026-02-26 10:45:51,4672,8,1288,Special privileges assigned to new logon. Subject: Security ID: S-1-5-21-1234567890 Account Name: Administrator Privileges: SeDebugPrivilege.,0,Benign
2026-03-01 21:08:35,4648,7,9294,A logon was attempted using explicit credentials. Target Server: localhost Target User: admin.,0,Benign
2026-02-24 14:27:28,4624,2,3440,An account was successfully logged on. Subject: Security ID: S-1-5-18 Account Name: SYSTEM Account Domain: NT AUTHORITY Logon ID: 0x3E7 Logon Type: 5.,0,Benign
2026-02-28 11:51:12,4672,10,3030,Special privileges assigned to new logon. Subject: Security ID: S-1-5-21-1234567890 Account Name: Administrator Privileges: SeDebugPrivilege.,0,Benign
2026-02-26 11:42:47,4624,11,1400,An account was successfully logged on. Logon Type: 2 Interactive.,0,Benign
2026-02-28 10:33:41,4625,8,9444,An account failed to log on. Logon Type: 10 Remote Desktop Services.,0,Benign
2026-02-26 07:16:12,4625,12,6606,An account failed to log on. Failure Reason: Account locked out.,0,Benign
2026-02-26 12:58:29,4688,11,709,A new process has been created. New Process Name: C:\Windows\System32\cmd.exe Command Line: cmd.exe /c dir.,0,Benign
2026-02-27 15:03:56,4624,9,6898,An account was successfully logged on. Subject: Security ID: S-1-5-21-1234567890 Account Name: Administrator Account Domain: CORP Logon Type: 3.,0,Benign
2026-02-23 15:54:22,4624,5,7361,An account was successfully logged on. Logon Type: 10 Remote Desktop Services.,0,Benign
2026-02-23 15:13:18,4688,2,5100,A new process has been created. New Process Name: C:\Windows\System32\svchost.exe Creator Process Name: C:\Windows\System32\services.exe.,0,Benign
2026-02-23 14:17:22,4625,8,2405,An account failed to log on. Logon Type: 10 Remote Desktop Services.,0,Benign
2026-02-27 18:36:59,4720,3,2307,A user account was created. New Account Name: test_account.,0,Benign
2026-02-24 10:17:24,4634,10,6637,An account was logged off. Logon Type: 2 Interactive.,0,Benign
2026-02-27 21:15:08,4648,10,3640,A logon was attempted using explicit credentials. Target Server: DC01 Target User: backup_svc.,0,Benign
2026-02-27 16:26:15,4624,3,2179,An account was successfully logged on. New Logon: Account Name: jdoe Account Domain: CORP Logon ID: 0x1A2B3C.,1,Benign
2026-02-28 09:39:37,4688,12,9417,A new process has been created. New Process Name: C:\Program Files\Google\Chrome\chrome.exe Command Line: chrome.exe --type=renderer.,0,Benign
2026-02-25 10:10:58,4688,11,1278,A new process has been created. New Process Name: C:\Windows\System32\cmd.exe Command Line: cmd.exe /c dir.,0,Benign
2026-02-27 18:09:27,4624,7,3015,An account was successfully logged on. Logon Type: 2 Interactive.,0,Benign
2026-03-01 08:07:36,4648,9,2266,A logon was attempted using explicit credentials. Target Server: DC01 Target User: backup_svc.,0,Benign
2026-02-28 15:33:57,4648,9,8280,A logon was attempted using explicit credentials. Target Server: localhost Target User: admin.,0,Benign
2026-02-23 14:52:58,4672,3,713,Special privileges assigned to new logon. Account Name: SYSTEM Privileges: SeBackupPrivilege SeRestorePrivilege.,0,Benign
2026-03-01 15:27:29,4625,11,4472,An account failed to log on. Subject: Security ID: S-1-0-0 Account Name: - Account Domain: - Logon Type: 3.,0,Benign
2026-02-24 11:09:11,4624,2,7592,An account was successfully logged on. Logon Type: 2 Interactive.,0,Benign
2026-02-24 14:00:23,4625,3,5340,An account failed to log on. Subject: Security ID: S-1-0-0 Account Name: - Account Domain: - Logon Type: 3.,0,Benign
2026-02-26 12:15:20,4624,11,7048,An account was successfully logged on. Subject: Security ID: S-1-5-21-1234567890 Account Name: Administrator Account Domain: CORP Logon Type: 3.,0,Benign
2026-02-23 13:19:27,4634,10,4510,An account was logged off. Subject: Security ID: S-1-5-21-1234567890 Account Name: jdoe.,0,Benign
2026-02-23 09:18:54,4634,9,5138,An account was logged off. Subject: Security ID: S-1-5-21-1234567890 Account Name: jdoe.,0,Benign
2026-02-27 15:21:20,4624,12,7867,An account was successfully logged on. Logon Type: 2 Interactive.,0,Benign
2026-02-24 13:56:37,4672,3,1464,Special privileges assigned to new logon. Subject: Security ID: S-1-5-21-1234567890 Account Name: Administrator Privileges: SeDebugPrivilege.,0,Benign
2026-02-27 13:26:45,4625,9,9839,An account failed to log on. Failure Reason: Account locked out.,0,Benign
2026-02-24 13:29:11,4688,5,1006,A new process has been created. New Process Name: C:\Windows\System32\cmd.exe Command Line: cmd.exe /c dir.,0,Benign
2026-02-25 16:50:26,4648,9,7128,A logon was attempted using explicit credentials. Target Server: localhost Target User: admin.,0,Benign
2026-02-24 15:34:04,4688,2,807,A new process has been created. New Process Name: C:\Windows\System32\cmd.exe Command Line: cmd.exe /c dir.,0,Benign
2026-03-01 12:10:13,4688,12,6535,A new process has been created. New Process Name: C:\Windows\System32\cmd.exe Command Line: cmd.exe /c dir.,0,Benign
2026-02-26 16:59:02,4625,2,4378,An account failed to log on. Logon Type: 10 Remote Desktop Services.,0,Benign
2026-02-24 14:05:06,4634,12,828,An account was logged off. Subject: Security ID: S-1-5-21-1234567890 Account Name: jdoe.,0,Benign
2026-02-23 11:36:18,4624,5,9756,An account was successfully logged on. Subject: Security ID: S-1-5-18 Account Name: SYSTEM Account Domain: NT AUTHORITY Logon ID: 0x3E7 Logon Type: 5.,0,Benign
2026-02-23 05:45:33,4624,9,5032,An account was successfully logged on. Subject: Security ID: S-1-5-18 Account Name: SYSTEM Account Domain: NT AUTHORITY Logon ID: 0x3E7 Logon Type: 5.,0,Benign
2026-03-01 13:40:32,4648,8,818,A logon was attempted using explicit credentials. Process: C:\Windows\System32\runas.exe.,0,Benign
2026-02-23 16:56:17,4648,11,876,A logon was attempted using explicit credentials. Target Server: DC01 Target User: backup_svc.,0,Benign
2026-02-24 13:16:36,4624,3,5831,An account was successfully logged on. Logon Type: 2 Interactive.,0,Benign
2026-02-23 18:29:31,4624,8,5643,An account was successfully logged on. Logon Type: 10 Remote Desktop Services.,0,Benign
2026-02-28 16:30:53,4624,3,9158,An account was successfully logged on. New Logon: Account Name: jdoe Account Domain: CORP Logon ID: 0x1A2B3C.,0,Benign
2026-02-26 09:55:15,4625,8,5301,An account failed to log on. Failure Reason: Account locked out.,0,Benign
2026-02-24 11:30:01,4624,7,4653,An account was successfully logged on. Subject: Security ID: S-1-5-21-1234567890 Account Name: Administrator Account Domain: CORP Logon Type: 3.,0,Benign
2026-02-24 10:04:17,4648,2,7924,A logon was attempted using explicit credentials. Target Server: DC01 Target User: backup_svc.,0,Benign
2026-02-26 09:40:09,4648,12,8605,A logon was attempted using explicit credentials. Target Server: localhost Target User: admin.,0,Benign
2026-02-26 07:22:20,4624,9,3414,An account was successfully logged on. Logon Type: 2 Interactive.,0,Benign
2026-02-26 23:05:05,4624,3,4238,Special privileges assigned to new logon. Subject: Security ID: S-1-5-21-9876543210 Account Name: attacker.,1,T1003
2026-02-28 15:18:13,4720,7,5951,A user account was created. New Account Name: test_account.,0,Benign
2026-02-28 09:59:25,4720,10,4319,A user account was created. New Account Name: svc_backup New Account Domain: CORP.,0,Benign
2026-02-24 13:58:03,4624,5,4172,An account was successfully logged on. Subject: Security ID: S-1-5-21-1234567890 Account Name: Administrator Account Domain: CORP Logon Type: 3.,0,Benign
2026-03-01 09:51:40,4625,2,6751,An account failed to log on. Logon Type: 10 Remote Desktop Services.,0,Benign
2026-02-23 10:47:02,4720,12,8996,A user account was created. New Account Name: tempuser New Account Domain: CORP.,0,Benign
2026-03-01 04:10:08,4648,3,1628,A logon was attempted using explicit credentials. Process: C:\Windows\System32\runas.exe.,0,Benign
2026-02-28 10:43:10,4688,7,2636,A new process has been created. New Process Name: C:\Windows\System32\svchost.exe Creator Process Name: C:\Windows\System32\services.exe.,0,Benign
2026-03-01 11:52:24,4688,11,9314,A new process has been created. New Process Name: C:\Windows\System32\cmd.exe Command Line: cmd.exe /c dir.,0,Benign
2026-02-28 10:23:35,4624,2,2853,An account was successfully logged on. Subject: Security ID: S-1-5-21-1234567890 Account Name: Administrator Account Domain: CORP Logon Type: 3.,0,Benign
2026-02-27 11:45:53,4624,3,2996,An account was successfully logged on. Subject: Security ID: S-1-5-21-1234567890 Account Name: Administrator Account Domain: CORP Logon Type: 3.,0,Benign
2026-02-25 06:28:27,4624,11,9442,An account was successfully logged on. Subject: Security ID: S-1-5-21-1234567890 Account Name: Administrator Account Domain: CORP Logon Type: 3.,0,Benign
2026-02-25 17:10:02,4648,3,1337,A logon was attempted using explicit credentials. Target Server: localhost Target User: admin.,0,Benign
2026-02-25 16:38:14,4648,12,5230,A logon was attempted using explicit credentials. Target Server: localhost Target User: admin.,0,Benign
2026-02-28 15:14:27,4688,5,7502,A new process has been created. New Process Name: C:\Windows\System32\notepad.exe.,0,Benign
2026-02-27 08:29:33,4624,2,3499,An account was successfully logged on. New Logon: Account Name: jdoe Account Domain: CORP Logon ID: 0x1A2B3C.,0,Benign
2026-02-25 09:34:37,4625,9,5370,An account failed to log on. Failure Reason: Unknown user name or bad password. Status: 0xC000006D Sub Status: 0xC000006A.,0,Benign
2026-02-23 11:14:40,4624,2,4964,An account was successfully logged on. Subject: Security ID: S-1-5-21-1234567890 Account Name: Administrator Account Domain: CORP Logon Type: 3.,0,Benign
2026-03-01 09:07:50,4624,8,8945,An account was successfully logged on. Subject: Security ID: S-1-5-21-1234567890 Account Name: Administrator Account Domain: CORP Logon Type: 3.,0,Benign
2026-02-26 08:51:18,4688,12,834,A new process has been created. New Process Name: C:\Program Files\Google\Chrome\chrome.exe Command Line: chrome.exe --type=renderer.,0,Benign
2026-02-23 14:53:56,4625,8,1059,An account failed to log on. Subject: Security ID: S-1-0-0 Account Name: - Account Domain: - Logon Type: 3.,0,Benign
2026-03-01 14:28:40,4625,9,6724,An account failed to log on. Subject: Security ID: S-1-0-0 Account Name: - Account Domain: - Logon Type: 3.,0,Benign
2026-02-25 09:48:17,4625,10,9125,An account failed to log on. Subject: Security ID: S-1-0-0 Account Name: - Account Domain: - Logon Type: 3.,0,Benign
2026-02-23 13:59:47,4624,9,3504,An account was successfully logged on. Subject: Security ID: S-1-5-18 Account Name: SYSTEM Account Domain: NT AUTHORITY Logon ID: 0x3E7 Logon Type: 5.,0,Benign
2026-02-23 13:52:39,4688,7,5526,A new process has been created. New Process Name: C:\Program Files\Google\Chrome\chrome.exe Command Line: chrome.exe --type=renderer.,0,Benign
2026-02-24 08:53:09,4634,10,3714,An account was logged off. Logon Type: 3.,0,Benign
2026-02-28 08:02:50,4634,7,8911,An account was logged off. Logon Type: 2 Interactive.,0,Benign
2026-02-25 08:43:54,4624,5,1622,An account was successfully logged on. Logon Type: 10 Remote Desktop Services.,0,Benign
2026-02-28 20:13:43,4624,10,1510,An account was successfully logged on. Logon Type: 10 Remote Desktop Services.,0,Benign
2026-02-28 12:26:18,4624,7,6977,An account was successfully logged on. Subject: Security ID: S-1-5-21-1234567890 Account Name: Administrator Account Domain: CORP Logon Type: 3.,0,Benign
2026-02-23 14:35:08,4624,11,4263,An account was successfully logged on. Subject: Security ID: S-1-5-18 Account Name: SYSTEM Account Domain: NT AUTHORITY Logon ID: 0x3E7 Logon Type: 5.,0,Benign
2026-02-25 16:14:03,4624,2,9843,An account was successfully logged on. Logon Type: 2 Interactive.,0,Benign
2026-02-26 15:45:01,4624,12,7253,An account was successfully logged on. Logon Type: 10 Remote Desktop Services.,0,Benign
2026-02-25 10:48:30,4624,10,945,An account was successfully logged on. Subject: Security ID: S-1-5-21-1234567890 Account Name: Administrator Account Domain: CORP Logon Type: 3.,0,Benign
2026-02-26 13:15:10,4624,9,9035,An account was successfully logged on. Subject: Security ID: S-1-5-21-1234567890 Account Name: Administrator Account Domain: CORP Logon Type: 3.,0,Benign
2026-02-28 16:03:23,4688,8,4777,A new process has been created. New Process Name: C:\Windows\System32\taskhostw.exe.,0,Benign
2026-02-28 13:06:30,4688,12,6635,A new process has been created. New Process Name: C:\Windows\System32\cmd.exe Command Line: cmd.exe /c dir.,0,Benign
2026-02-26 05:46:58,4648,3,9663,A logon was attempted using explicit credentials. Target Server: DC01 Target User: backup_svc.,0,Benign
2026-02-23 13:52:46,4634,8,6969,An account was logged off. Subject: Security ID: S-1-5-21-1234567890 Account Name: jdoe.,0,Benign
2026-02-23 10:37:53,4624,10,2865,An account was successfully logged on. Logon Type: 2 Interactive.,0,Benign
2026-02-23 04:00:38,4720,2,3653,A user account was created. New Account Name: tempuser New Account Domain: CORP.,0,Benign
2026-02-28 15:46:51,4625,12,2978,An account failed to log on. Failure Reason: Account locked out.,0,Benign
2026-02-25 11:53:33,4624,12,8656,An account was successfully logged on. New Logon: Account Name: jdoe Account Domain: CORP Logon ID: 0x1A2B3C.,0,Benign
2026-03-01 17:25:53,4625,11,6177,An account failed to log on. Failure Reason: Unknown user name or bad password. Status: 0xC000006D Sub Status: 0xC000006A.,0,Benign
2026-02-28 07:32:14,4688,2,8186,A new process has been created. New Process Name: C:\Windows\System32\notepad.exe.,0,Benign
2026-02-27 09:50:45,4672,2,2275,Special privileges assigned to new logon. Account Name: SYSTEM Privileges: SeBackupPrivilege SeRestorePrivilege.,0,Benign
2026-02-26 09:55:50,4624,12,4979,An account was successfully logged on. Logon Type: 10 Remote Desktop Services.,0,Benign
2026-02-26 13:26:07,4648,7,3644,A logon was attempted using explicit credentials. Process: C:\Windows\System32\runas.exe.,0,Benign
2026-02-27 08:16:24,4624,7,656,An account was successfully logged on. Logon Type: 10 Remote Desktop Services.,0,Benign
2026-02-26 09:33:14,4625,11,2723,An account failed to log on. Failure Reason: Unknown user name or bad password. Status: 0xC000006D Sub Status: 0xC000006A.,0,Benign
2026-02-23 17:06:49,4688,10,1961,A new process has been created. New Process Name: C:\Windows\System32\notepad.exe.,0,Benign
2026-02-25 13:50:34,4624,7,6162,An account was successfully logged on. New Logon: Account Name: jdoe Account Domain: CORP Logon ID: 0x1A2B3C.,0,Benign
2026-02-26 12:53:02,4624,7,2539,An account was successfully logged on. Logon Type: 2 Interactive.,0,Benign
2026-02-24 12:05:30,4624,3,9681,An account was successfully logged on. Logon Type: 10 Remote Desktop Services.,0,Benign
2026-02-25 00:57:18,4688,3,6659,A new process has been created. New Process Name: C:\Windows\System32\cmd.exe Command Line: cmd.exe /c dir.,0,Benign
2026-02-23 13:41:25,4625,2,1389,An account failed to log on. Subject: Security ID: S-1-0-0 Account Name: - Account Domain: - Logon Type: 3.,0,Benign
2026-02-27 11:39:12,4648,2,5007,A logon was attempted using explicit credentials. Target Server: localhost Target User: admin.,0,Benign
2026-02-23 15:14:46,4648,8,4540,A logon was attempted using explicit credentials. Target Server: DC01 Target User: backup_svc.,0,Benign
2026-02-25 09:33:43,4634,8,9442,An account was logged off. Logon Type: 3.,0,Benign
2026-03-01 12:47:56,4624,8,6005,An account was successfully logged on. Subject: Security ID: S-1-5-18 Account Name: SYSTEM Account Domain: NT AUTHORITY Logon ID: 0x3E7 Logon Type: 5.,0,Benign
2026-02-23 16:48:27,4720,7,2108,A user account was created. New Account Name: test_account.,0,Benign
2026-02-25 22:48:26,4624,12,6693,An account was successfully logged on. Subject: Security ID: S-1-5-21-1234567890 Account Name: Administrator Account Domain: CORP Logon Type: 3.,0,Benign
2026-02-25 16:53:11,4648,12,9754,A logon was attempted using explicit credentials. Target Server: DC01 Target User: backup_svc.,0,Benign
2026-02-28 16:43:20,4625,3,6415,An account failed to log on. Failure Reason: Unknown user name or bad password. Status: 0xC000006D Sub Status: 0xC000006A.,0,Benign
2026-02-23 17:06:58,4732,8,7544,A member was added to a security-enabled local group. Member Name: jdoe Group Name: Remote Desktop Users.,0,Benign
2026-02-23 09:29:52,4624,9,958,An account was successfully logged on. Subject: Security ID: S-1-5-21-1234567890 Account Name: Administrator Account Domain: CORP Logon Type: 3.,0,Benign
2026-02-26 20:47:51,4625,8,7350,An account failed to log on. Logon Type: 10 Remote Desktop Services.,0,Benign
2026-02-26 10:25:22,4624,3,6639,An account was successfully logged on. Logon Type: 2 Interactive.,0,Benign
2026-02-27 07:46:25,4625,2,7252,An account failed to log on. Subject: Security ID: S-1-0-0 Account Name: - Account Domain: - Logon Type: 3.,0,Benign
2026-02-26 10:23:58,4625,3,1718,An account failed to log on. Account Name: administrator Source Network Address: 192.168.1.50.,0,Benign
2026-02-23 20:31:12,4625,10,3662,An account failed to log on. Logon Type: 10 Remote Desktop Services.,0,Benign
2026-02-27 17:30:16,4648,3,9813,A logon was attempted using explicit credentials. Target Server: localhost Target User: admin.,0,Benign
2026-02-23 16:28:14,4624,3,329,An account was successfully logged on. Subject: Security ID: S-1-5-18 Account Name: SYSTEM Account Domain: NT AUTHORITY Logon ID: 0x3E7 Logon Type: 5.,0,Benign
2026-02-27 18:41:21,4624,12,343,An account failed to log on. Logon Type: 3 Source Network Address: 10.0.0.99.,1,T1110
2026-02-26 03:08:28,4648,7,7862,A logon was attempted using explicit credentials. Target Server: localhost Target User: admin.,0,Benign
2026-02-28 13:18:04,4672,3,4657,Special privileges assigned to new logon. Subject: Security ID: S-1-5-21-1234567890 Account Name: Administrator Privileges: SeDebugPrivilege.,0,Benign
2026-02-23 10:24:07,4672,5,3088,Special privileges assigned to new logon. Account Name: SYSTEM Privileges: SeBackupPrivilege SeRestorePrivilege.,0,Benign
2026-03-01 17:58:22,4625,8,7038,An account failed to log on. Failure Reason: Account locked out.,0,Benign
2026-02-24 16:56:09,4648,12,7174,A logon was attempted using explicit credentials. Target Server: localhost Target User: admin.,0,Benign
2026-02-27 14:37:42,4688,11,2782,A new process has been created. New Process Name: C:\Windows\System32\cmd.exe Command Line: cmd.exe /c dir.,0,Benign
2026-03-01 13:25:45,4624,12,9552,An account was successfully logged on. New Logon: Account Name: jdoe Account Domain: CORP Logon ID: 0x1A2B3C.,0,Benign
2026-03-01 16:47:00,4625,2,7396,An account failed to log on. Failure Reason: Account locked out.,0,Benign
2026-02-26 09:04:10,4625,7,3683,An account failed to log on. Failure Reason: Account locked out.,0,Benign
2026-02-28 13:29:32,4624,7,6905,An account was successfully logged on. Logon Type: 2 Interactive.,0,Benign
2026-02-23 12:30:13,4672,11,7887,Special privileges assigned to new logon. Account Name: SYSTEM Privileges: SeBackupPrivilege SeRestorePrivilege.,0,Benign
2026-02-23 09:34:49,4688,8,655,A new process has been created. New Process Name: C:\Windows\System32\cmd.exe Command Line: cmd.exe /c dir.,0,Benign
2026-02-28 10:13:14,4688,8,4290,A new process has been created. New Process Name: C:\Windows\System32\taskhostw.exe.,0,Benign
2026-02-24 16:15:03,4625,5,2417,An account failed to log on. Failure Reason: Unknown user name or bad password. Status: 0xC000006D Sub Status: 0xC000006A.,0,Benign
2026-02-27 14:47:33,4688,10,4327,A new process has been created. New Process Name: C:\Program Files\Google\Chrome\chrome.exe Command Line: chrome.exe --type=renderer.,0,Benign
2026-03-01 13:54:17,4688,5,7475,A new process has been created. New Process Name: C:\Windows\System32\svchost.exe Creator Process Name: C:\Windows\System32\services.exe.,0,Benign
2026-02-28 02:39:28,4688,5,8663,A new process has been created. New Process Name: C:\Windows\System32\svchost.exe Creator Process Name: C:\Windows\System32\services.exe.,0,Benign
2026-02-23 06:24:18,4672,9,819,Special privileges assigned to new logon. Account Name: SYSTEM Privileges: SeBackupPrivilege SeRestorePrivilege.,0,Benign
2026-02-24 17:36:11,4672,11,5745,Special privileges assigned to new logon. Subject: Security ID: S-1-5-21-1234567890 Account Name: Administrator Privileges: SeDebugPrivilege.,0,Benign
2026-03-01 01:50:08,4688,7,8194,A new process has been created. New Process Name: C:\Program Files\Google\Chrome\chrome.exe Command Line: chrome.exe --type=renderer.,0,Benign
2026-03-01 00:24:21,4648,8,3417,A logon was attempted using explicit credentials. Target Server: localhost Target User: admin.,0,Benign
2026-02-23 10:03:25,4625,11,5880,An account failed to log on. Logon Type: 10 Remote Desktop Services.,0,Benign
2026-02-28 13:07:59,4688,2,7607,A new process has been created. New Process Name: C:\Windows\System32\notepad.exe.,0,Benign
2026-02-28 05:58:50,4688,11,528,A new process has been created. New Process Name: C:\Windows\System32\taskhostw.exe.,0,Benign
2026-02-26 10:55:01,4688,9,5223,A new process has been created. New Process Name: C:\Windows\System32\notepad.exe.,0,Benign
2026-02-27 14:45:58,4624,8,8912,An account was successfully logged on. Subject: Security ID: S-1-5-21-1234567890 Account Name: Administrator Account Domain: CORP Logon Type: 3.,0,Benign
2026-02-27 14:59:12,4688,3,7436,A new process has been created. New Process Name: C:\Windows\System32\notepad.exe.,0,Benign
2026-02-23 17:57:38,4688,12,2698,A new process has been created. New Process Name: C:\Windows\System32\notepad.exe.,0,Benign
2026-03-01 12:33:31,4634,7,9230,An account was logged off. Subject: Security ID: S-1-5-21-1234567890 Account Name: jdoe.,0,Benign
2026-02-25 14:09:50,4625,7,6766,An account failed to log on. Account Name: administrator Source Network Address: 192.168.1.50.,0,Benign
2026-02-25 14:21:38,4624,9,3199,An account was successfully logged on. Subject: Security ID: S-1-5-21-1234567890 Account Name: Administrator Account Domain: CORP Logon Type: 3.,0,Benign
2026-02-28 13:10:22,4648,5,9721,A logon was attempted using explicit credentials. Target Server: localhost Target User: admin.,0,Benign
2026-02-23 14:09:21,4648,7,6403,A logon was attempted using explicit credentials. Process: C:\Windows\System32\runas.exe.,0,Benign
2026-02-26 16:01:11,4624,8,6043,An account was successfully logged on. Logon Type: 2 Interactive.,0,Benign
2026-02-27 20:59:40,4634,10,6260,An account was logged off. Logon Type: 3.,0,Benign
2026-02-27 10:17:25,4624,12,3997,An account was successfully logged on. Subject: Security ID: S-1-5-21-1234567890 Account Name: Administrator Account Domain: CORP Logon Type: 3.,0,Benign
2026-02-25 01:41:18,4624,11,6750,An account was successfully logged on. Subject: Security ID: S-1-5-18 Account Name: SYSTEM Account Domain: NT AUTHORITY Logon ID: 0x3E7 Logon Type: 5.,0,Benign
2026-02-28 13:30:40,4624,2,1830,An account was successfully logged on. Logon Type: 10 Remote Desktop Services.,0,Benign
2026-02-23 10:31:35,4648,3,1445,A logon was attempted using explicit credentials. Process: C:\Windows\System32\runas.exe.,0,Benign
2026-02-25 10:27:03,4648,10,1580,A logon was attempted using explicit credentials. Process: C:\Windows\System32\runas.exe.,0,Benign
2026-02-28 10:53:04,4688,5,6190,A new process has been created. New Process Name: C:\Windows\System32\notepad.exe.,0,Benign
2026-02-26 10:40:39,4624,10,8908,An account was successfully logged on. New Logon: Account Name: jdoe Account Domain: CORP Logon ID: 0x1A2B3C.,0,Benign
2026-03-01 16:42:57,4634,11,3120,An account was logged off. Logon Type: 3.,0,Benign
2026-02-28 13:38:24,4688,8,5585,A new process has been created. New Process Name: C:\Windows\System32\taskhostw.exe.,0,Benign
2026-02-24 13:53:26,4648,8,8349,A logon was attempted using explicit credentials. Target Server: localhost Target User: admin.,0,Benign
2026-02-25 10:03:59,4688,11,9491,A new process has been created. New Process Name: C:\Windows\System32\taskhostw.exe.,0,Benign
2026-02-24 11:55:25,4634,8,4024,An account was logged off. Logon Type: 2 Interactive.,0,Benign
2026-02-27 17:44:55,4688,7,6682,A new process has been created. New Process Name: C:\Windows\System32\cmd.exe Command Line: cmd.exe /c dir.,0,Benign
2026-03-01 16:36:03,4624,9,1315,An account was successfully logged on. Subject: Security ID: S-1-5-18 Account Name: SYSTEM Account Domain: NT AUTHORITY Logon ID: 0x3E7 Logon Type: 5.,0,Benign
2026-02-26 11:12:06,4732,3,6029,A member was added to a security-enabled local group. Member Name: jdoe Group Name: Remote Desktop Users.,0,Benign
2026-03-01 11:04:37,4688,2,3606,A new process has been created. New Process Name: C:\Windows\System32\cmd.exe Command Line: cmd.exe /c dir.,0,Benign
2026-02-25 10:09:22,4624,5,2335,An account was successfully logged on. New Logon: Account Name: jdoe Account Domain: CORP Logon ID: 0x1A2B3C.,0,Benign
2026-02-23 13:28:05,4624,2,1872,An account was successfully logged on. Logon Type: 10 Remote Desktop Services.,0,Benign
2026-02-28 09:42:48,4624,11,3921,An account was successfully logged on. Subject: Security ID: S-1-5-21-1234567890 Account Name: Administrator Account Domain: CORP Logon Type: 3.,0,Benign
2026-02-24 11:24:47,4624,12,3859,An account was successfully logged on. Logon Type: 10 Remote Desktop Services.,0,Benign
2026-02-25 09:16:19,4624,12,1966,An account was successfully logged on. Logon Type: 10 Remote Desktop Services.,0,Benign
2026-02-25 12:37:16,4625,5,8762,An account failed to log on. Subject: Security ID: S-1-0-0 Account Name: - Account Domain: - Logon Type: 3.,0,Benign
2026-02-24 17:58:00,4648,7,8484,A logon was attempted using explicit credentials. Process: C:\Windows\System32\runas.exe.,0,Benign
2026-02-27 10:36:06,4688,9,1747,A new process has been created. New Process Name: C:\Windows\System32\cmd.exe Command Line: cmd.exe /c dir.,0,Benign
2026-02-28 12:25:20,4720,11,2285,A user account was created. New Account Name: tempuser New Account Domain: CORP.,0,Benign
2026-02-28 17:22:55,4688,12,7703,A new process has been created. New Process Name: C:\Windows\System32\svchost.exe Creator Process Name: C:\Windows\System32\services.exe.,0,Benign
2026-02-25 12:40:24,4624,7,3088,An account was successfully logged on. Subject: Security ID: S-1-5-21-1234567890 Account Name: Administrator Account Domain: CORP Logon Type: 3.,0,Benign
2026-02-23 01:44:37,4672,8,363,Special privileges assigned to new logon. Account Name: SYSTEM Privileges: SeBackupPrivilege SeRestorePrivilege.,0,Benign
2026-02-25 16:30:58,4634,5,9381,An account was logged off. Logon Type: 2 Interactive.,0,Benign
2026-03-01 10:16:35,4648,3,5626,A logon was attempted using explicit credentials. Process: C:\Windows\System32\runas.exe.,0,Benign
2026-02-28 10:42:07,4720,11,8445,A user account was created. New Account Name: svc_backup New Account Domain: CORP.,1,Benign
2026-02-25 10:28:52,4625,8,1163,An account failed to log on. Failure Reason: Account locked out.,0,Benign
2026-02-28 10:48:22,4624,10,9579,An account was successfully logged on. Subject: Security ID: S-1-5-21-1234567890 Account Name: Administrator Account Domain: CORP Logon Type: 3.,0,Benign
2026-02-23 16:51:22,4624,10,3303,An account was successfully logged on. Logon Type: 10 Remote Desktop Services.,0,Benign
2026-02-27 10:38:08,4624,3,9806,An account was successfully logged on. New Logon: Account Name: jdoe Account Domain: CORP Logon ID: 0x1A2B3C.,0,Benign
2026-02-27 12:17:04,4634,10,6258,An account was logged off. Logon Type: 2 Interactive.,0,Benign
2026-02-23 16:58:19,4688,12,7432,A new process has been created. New Process Name: C:\Program Files\Google\Chrome\chrome.exe Command Line: chrome.exe --type=renderer.,0,Benign
2026-03-01 08:26:29,4624,2,5219,An account was successfully logged on. New Logon: Account Name: jdoe Account Domain: CORP Logon ID: 0x1A2B3C.,0,Benign
2026-02-26 08:02:06,4634,10,8864,An account was logged off. Logon Type: 2 Interactive.,0,Benign
2026-02-25 15:36:25,4624,7,1650,An account was successfully logged on. Logon Type: 10 Remote Desktop Services.,0,Benign
2026-02-26 13:38:07,4624,12,7165,An account was successfully logged on. Logon Type: 2 Interactive.,0,Benign
2026-02-27 16:18:41,4625,3,345,An account failed to log on. Failure Reason: Unknown user name or bad password. Status: 0xC000006D Sub Status: 0xC000006A.,0,Benign
2026-02-27 10:12:16,4720,3,8283,A user account was created. New Account Name: test_account.,0,Benign
2026-02-28 23:24:05,4634,2,8632,An account was logged off. Subject: Security ID: S-1-5-21-1234567890 Account Name: jdoe.,0,Benign
2026-02-25 15:38:43,4634,11,4246,An account was logged off. Logon Type: 3.,0,Benign
2026-03-01 04:56:29,4672,10,1568,Special privileges assigned to new logon. Subject: Security ID: S-1-5-21-1234567890 Account Name: Administrator Privileges: SeDebugPrivilege.,0,Benign
2026-02-23 16:06:41,4624,9,243,An account was successfully logged on. Subject: Security ID: S-1-5-21-1234567890 Account Name: Administrator Account Domain: CORP Logon Type: 3.,0,Benign
2026-02-23 17:20:13,4624,12,4188,An account was successfully logged on. Logon Type: 2 Interactive.,0,Benign
2026-02-26 08:56:50,4634,7,5078,An account was logged off. Logon Type: 3.,0,Benign
2026-02-24 11:41:18,4634,5,6586,An account was logged off. Subject: Security ID: S-1-5-21-1234567890 Account Name: jdoe.,1,Benign
2026-02-23 08:54:07,4624,7,8929,An account was successfully logged on. Logon Type: 10 Remote Desktop Services.,0,Benign
2026-02-26 15:52:42,4625,11,2266,An account failed to log on. Logon Type: 10 Remote Desktop Services.,1,Benign
2026-02-24 14:37:52,4624,9,8773,An account was successfully logged on. Logon Type: 10 Remote Desktop Services.,0,Benign
2026-03-01 09:28:45,4624,3,447,An account was successfully logged on. Logon Type: 10 Remote Desktop Services.,0,Benign
2026-03-01 13:30:41,4672,7,8704,Special privileges assigned to new logon. Subject: Security ID: S-1-5-18 Privileges: SeAssignPrimaryTokenPrivilege SeTcbPrivilege SeSecurityPrivilege.,0,Benign
2026-02-23 21:50:43,4625,2,1631,An account failed to log on. Failure Reason: Account locked out.,0,Benign
2026-03-01 12:41:52,4672,2,9535,Special privileges assigned to new logon. Subject: Security ID: S-1-5-21-1234567890 Account Name: Administrator Privileges: SeDebugPrivilege.,0,Benign
2026-03-01 10:15:37,4648,10,1259,A logon was attempted using explicit credentials. Target Server: localhost Target User: admin.,0,Benign
2026-02-27 14:21:43,4624,12,7559,An account was successfully logged on. Subject: Security ID: S-1-5-18 Account Name: SYSTEM Account Domain: NT AUTHORITY Logon ID: 0x3E7 Logon Type: 5.,0,Benign
2026-02-23 09:42:48,4688,9,4863,A new process has been created. New Process Name: C:\Program Files\Google\Chrome\chrome.exe Command Line: chrome.exe --type=renderer.,0,Benign
2026-02-23 13:52:53,4688,8,7485,A new process has been created. New Process Name: C:\Windows\System32\taskhostw.exe.,0,Benign
2026-02-23 00:28:09,4624,10,6440,An account was successfully logged on. Subject: Security ID: S-1-5-18 Account Name: SYSTEM Account Domain: NT AUTHORITY Logon ID: 0x3E7 Logon Type: 5.,0,Benign
2026-02-27 14:33:50,4688,3,4229,A new process has been created. New Process Name: C:\Windows\System32\notepad.exe.,0,Benign
2026-02-27 13:04:56,4672,9,4563,Special privileges assigned to new logon. Subject: Security ID: S-1-5-21-1234567890 Account Name: Administrator Privileges: SeDebugPrivilege.,0,Benign
2026-03-01 12:34:31,4624,5,7894,An account was successfully logged on. Subject: Security ID: S-1-5-21-1234567890 Account Name: Administrator Account Domain: CORP Logon Type: 3.,0,Benign
2026-02-23 16:34:16,4634,8,206,An account was logged off. Logon Type: 3.,0,Benign
2026-02-28 16:13:13,4624,3,3709,An account was successfully logged on. Logon Type: 10 Remote Desktop Services.,0,Benign
2026-02-23 01:11:26,4732,3,7899,A member was added to a security-enabled local group. Member Name: jdoe Group Name: Remote Desktop Users.,0,Benign
2026-02-24 14:22:13,4625,12,2230,An account failed to log on. Subject: Security ID: S-1-0-0 Account Name: - Account Domain: - Logon Type: 3.,0,Benign
2026-02-24 13:47:53,4648,2,2606,A logon was attempted using explicit credentials. Target Server: localhost Target User: admin.,0,Benign
2026-02-25 11:14:19,4688,12,5334,A new process has been created. New Process Name: C:\Windows\System32\svchost.exe Creator Process Name: C:\Windows\System32\services.exe.,0,Benign
2026-03-01 09:30:56,4688,3,1322,A new process has been created. New Process Name: C:\Windows\System32\cmd.exe Command Line: cmd.exe /c dir.,0,Benign
2026-02-26 14:51:23,4624,5,6423,An account was successfully logged on. Logon Type: 2 Interactive.,0,Benign
2026-03-01 12:10:37,4634,2,1033,An account was logged off. Logon Type: 3.,0,Benign
2026-02-26 12:36:27,4625,10,857,An account failed to log on. Account Name: administrator Source Network Address: 192.168.1.50.,0,Benign
2026-02-23 17:33:19,4624,5,6582,An account was successfully logged on. Subject: Security ID: S-1-5-21-1234567890 Account Name: Administrator Account Domain: CORP Logon Type: 3.,0,Benign
2026-02-28 15:39:39,4634,11,1523,An account was logged off. Logon Type: 3.,0,Benign
2026-02-26 16:00:24,4720,5,559,A user account was created. New Account Name: tempuser New Account Domain: CORP.,0,Benign
2026-02-26 09:33:47,4625,10,3559,An account failed to log on. Account Name: administrator Source Network Address: 192.168.1.50.,0,Benign
2026-02-24 23:07:14,4648,11,7387,A logon was attempted using explicit credentials. Process: C:\Windows\System32\runas.exe.,0,Benign
2026-02-27 09:19:21,4624,10,914,An account was successfully logged on. Logon Type: 10 Remote Desktop Services.,1,Benign
2026-02-27 17:35:29,4672,9,8325,Special privileges assigned to new logon. Subject: Security ID: S-1-5-21-1234567890 Account Name: Administrator Privileges: SeDebugPrivilege.,0,Benign
2026-02-26 08:42:11,4672,8,447,Special privileges assigned to new logon. Subject: Security ID: S-1-5-21-1234567890 Account Name: Administrator Privileges: SeDebugPrivilege.,0,Benign
2026-02-26 10:55:20,4624,10,9325,An account was successfully logged on. Subject: Security ID: S-1-5-18 Account Name: SYSTEM Account Domain: NT AUTHORITY Logon ID: 0x3E7 Logon Type: 5.,0,Benign
2026-02-28 17:20:52,4625,7,5656,An account failed to log on. Failure Reason: Account locked out.,0,Benign
2026-03-01 15:35:00,4624,8,6419,An account was successfully logged on. New Logon: Account Name: jdoe Account Domain: CORP Logon ID: 0x1A2B3C.,0,Benign
2026-02-23 15:29:30,4624,9,5551,An account was successfully logged on. Subject: Security ID: S-1-5-18 Account Name: SYSTEM Account Domain: NT AUTHORITY Logon ID: 0x3E7 Logon Type: 5.,0,Benign
2026-02-27 15:08:35,4624,5,3940,An account was successfully logged on. Logon Type: 2 Interactive.,0,Benign
2026-02-28 13:37:34,4648,2,4646,A logon was attempted using explicit credentials. Process: C:\Windows\System32\runas.exe.,0,Benign
2026-02-24 10:40:39,4624,5,5822,An account was successfully logged on. Subject: Security ID: S-1-5-21-1234567890 Account Name: Administrator Account Domain: CORP Logon Type: 3.,0,Benign
2026-02-25 12:55:29,4634,3,3419,An account was logged off. Subject: Security ID: S-1-5-21-1234567890 Account Name: jdoe.,0,Benign
2026-02-28 13:23:17,4688,2,6315,A new process has been created. New Process Name: C:\Windows\System32\svchost.exe Creator Process Name: C:\Windows\System32\services.exe.,0,Benign
2026-02-25 07:44:05,4624,7,6051,An account was successfully logged on. Logon Type: 10 Remote Desktop Services.,0,Benign
2026-03-01 08:57:12,4688,11,7232,A new process has been created. New Process Name: C:\Windows\System32\cmd.exe Command Line: cmd.exe /c dir.,0,Benign
2026-02-26 16:27:25,4624,8,4297,An account was successfully logged on. Logon Type: 2 Interactive.,0,Benign
2026-02-25 13:13:20,4688,8,3051,A new process has been created. New Process Name: C:\Windows\System32\cmd.exe Command Line: cmd.exe /c dir.,0,Benign
2026-02-27 09:53:14,4624,11,2262,An account was successfully logged on. Subject: Security ID: S-1-5-18 Account Name: SYSTEM Account Domain: NT AUTHORITY Logon ID: 0x3E7 Logon Type: 5.,0,Benign
2026-02-27 09:00:50,4624,12,210,An account was successfully logged on. Subject: Security ID: S-1-5-18 Account Name: SYSTEM Account Domain: NT AUTHORITY Logon ID: 0x3E7 Logon Type: 5.,0,Benign
2026-02-27 09:02:17,4672,10,1836,Special privileges assigned to new logon. Subject: Security ID: S-1-5-21-1234567890 Account Name: Administrator Privileges: SeDebugPrivilege.,0,Benign
2026-02-28 10:48:26,4624,3,2947,An account was successfully logged on. New Logon: Account Name: jdoe Account Domain: CORP Logon ID: 0x1A2B3C.,0,Benign
2026-02-23 08:43:21,4624,10,3393,An account was successfully logged on. New Logon: Account Name: jdoe Account Domain: CORP Logon ID: 0x1A2B3C.,0,Benign
2026-03-01 17:30:27,4648,2,9631,A logon was attempted using explicit credentials. Process: C:\Windows\System32\runas.exe.,0,Benign
2026-02-26 10:43:03,4634,3,8777,An account was logged off. Logon Type: 2 Interactive.,0,Benign
2026-02-26 12:26:20,4624,5,346,An account was successfully logged on. Subject: Security ID: S-1-5-18 Account Name: SYSTEM Account Domain: NT AUTHORITY Logon ID: 0x3E7 Logon Type: 5.,0,Benign
2026-03-01 15:58:51,4624,9,5275,An account was successfully logged on. Subject: Security ID: S-1-5-18 Account Name: SYSTEM Account Domain: NT AUTHORITY Logon ID: 0x3E7 Logon Type: 5.,0,Benign
2026-02-23 09:21:13,4624,10,4757,An account was successfully logged on. Logon Type: 10 Remote Desktop Services.,0,Benign
2026-02-27 17:44:51,4688,11,4840,A new process has been created. New Process Name: C:\Program Files\Google\Chrome\chrome.exe Command Line: chrome.exe --type=renderer.,0,Benign
2026-02-28 20:30:55,4625,10,8210,An account failed to log on. Failure Reason: Unknown user name or bad password. Status: 0xC000006D Sub Status: 0xC000006A.,0,Benign
2026-02-24 23:39:09,4688,9,6302,A new process has been created. New Process Name: C:\Windows\System32\notepad.exe.,0,Benign
2026-02-23 10:40:17,4624,10,3656,An account was successfully logged on. Subject: Security ID: S-1-5-21-1234567890 Account Name: Administrator Account Domain: CORP Logon Type: 3.,0,Benign
