2026-02-25 14:44:21,4624,9,5220,An account was successfully logged on. Subject: Security ID: S-1-5-18 Account Name: SYSTEM Account Domain: NT AUTHORITY Logon ID: 0x3E7 Logon Type: 5.,0,Benign
2026-02-28 17:36:08,4672,3,1060,Special privileges assigned to new logon. Account Name: SYSTEM Privileges: SeBackupPrivilege SeRestorePrivilege.,0,Benign
2026-02-24 16:15:37,4688,2,4145,A new process has been created. New Process Name: C:\Windows\System32\notepad.exe.,0,Benign
2026-02-26 06:47:39,4648,10,2981,A logon was attempted using explicit credentials. Target Server: localhost Target User: admin.,0,Benign
2026-03-01 10:33:24,4688,8,419,A new process has been created. New Process Name: C:\Windows\System32\notepad.exe.,0,Benign
2026-02-24 10:59:29,4624,7,6360,An account was successfully logged on. New Logon: Account Name: jdoe Account Domain: CORP Logon ID: 0x1A2B3C.,0,Benign
2026-02-27 14:54:25,4688,10,9017,A new process has been created. New Process Name: C:\Windows\System32\svchost.exe Creator Process Name: C:\Windows\System32\services.exe.,0,Benign
2026-02-23 11:05:38,4624,5,6301,An account was successfully logged on. Logon Type: 10 Remote Desktop Services.,0,Benign
2026-02-23 04:21:34,4624,12,9720,An account was successfully logged on. Subject: Security ID: S-1-5-21-1234567890 Account Name: Administrator Account Domain: CORP Logon Type: 3.,0,Benign
2026-02-26 14:52:23,4634,5,4200,An account was logged off. Logon Type: 3.,0,Benign
2026-02-28 19:53:07,4625,11,2615,An account failed to log on. Account Name: administrator Source Network Address: 192.168.1.50.,0,Benign
2026-02-25 15:59:57,4624,5,4270,An account was successfully logged on. Subject: Security ID: S-1-5-18 Account Name: SYSTEM Account Domain: NT AUTHORITY Logon ID: 0x3E7 Logon Type: 5.,0,Benign
2026-02-28 11:07:07,4625,8,3248,An account failed to log on. Failure Reason: Unknown user name or bad password. Status: 0xC000006D Sub Status: 0xC000006A.,0,Benign
2026-02-28 09:36:42,4634,12,3747,An account was logged off. Logon Type: 2 Interactive.,0,Benign
2026-02-25 09:11:07,4625,7,211,An account failed to log on. Logon Type: 10 Remote Desktop Services.,0,Benign
2026-02-27 11:48:51,4624,7,3329,An account was successfully logged on. Subject: Security ID: S-1-5-18 Account Name: SYSTEM Account Domain: NT AUTHORITY Logon ID: 0x3E7 Logon Type: 5.,0,Benign
2026-02-26 08:30:50,4688,12,2234,A new process has been created. New Process Name: C:\Program Files\Google\Chrome\chrome.exe Command Line: chrome.exe --type=renderer.,0,Benign
2026-03-01 09:20:28,4625,5,9074,An account failed to log on. Account Name: administrator Source Network Address: 192.168.1.50.,0,Benign
2026-02-24 09:15:25,4624,9,8610,An account was successfully logged on. Subject: Security ID: S-1-5-18 Account Name: SYSTEM Account Domain: NT AUTHORITY Logon ID: 0x3E7 Logon Type: 5.,0,Benign
2026-02-23 08:50:48,4625,11,3278,An account failed to log on. Subject: Security ID: S-1-0-0 Account Name: - Account Domain: - Logon Type: 3.,0,Benign
2026-02-25 17:12:05,4624,10,6022,An account was successfully logged on. Subject: Security ID: S-1-5-18 Account Name: SYSTEM Account Domain: NT AUTHORITY Logon ID: 0x3E7 Logon Type: 5.,0,Benign
2026-02-25 10:57:55,4625,10,9243,An account failed to log on. Account Name: administrator Source Network Address: 192.168.1.50.,0,Benign
2026-02-25 11:02:04,4624,7,124,An account was successfully logged on. New Logon: Account Name: jdoe Account Domain: CORP Logon ID: 0x1A2B3C.,0,Benign
2026-03-01 00:16:22,4624,10,1713,An account was successfully logged on. Subject: Security ID: S-1-5-21-1234567890 Account Name: Administrator Account Domain: CORP Logon Type: 3.,0,Benign
2026-02-23 17:19:29,4672,3,5093,Special privileges assigned to new logon. Subject: Security ID: S-1-5-18 Privileges: SeAssignPrimaryTokenPrivilege SeTcbPrivilege SeSecurityPrivilege.,0,Benign
2026-02-24 12:43:25,4624,12,9562,An account was successfully logged on. Subject: Security ID: S-1-5-18 Account Name: SYSTEM Account Domain: NT AUTHORITY Logon ID: 0x3E7 Logon Type: 5.,0,Benign
2026-02-26 08:13:13,4624,9,7818,An account was successfully logged on. Logon Type: 10 Remote Desktop Services.,0,Benign
2026-02-27 08:19:29,4648,3,926,A logon was attempted using explicit credentials. Target Server: localhost Target User: admin.,0,Benign
2026-02-28 05:24:13,4624,8,2626,An account was successfully logged on. Logon Type: 2 Interactive.,0,Benign
2026-02-28 13:12:43,4624,5,6091,An account was successfully logged on. New Logon: Account Name: jdoe Account Domain: CORP Logon ID: 0x1A2B3C.,0,Benign
2026-02-25 12:15:34,4672,8,8104,Special privileges assigned to new logon. Subject: Security ID: S-1-5-21-1234567890 Account Name: Administrator Privileges: SeDebugPrivilege.,0,Benign
2026-02-27 07:03:25,4688,3,2686,A new process has been created. New Process Name: C:\Windows\System32\notepad.exe.,0,Benign
2026-02-26 10:45:44,4625,7,3670,An account failed to log on. Account Name: administrator Source Network Address: 192.168.1.50.,0,Benign
2026-02-23 08:45:40,4624,7,9352,An account was successfully logged on. Subject: Security ID: S-1-5-18 Account Name: SYSTEM Account Domain: NT AUTHORITY Logon ID: 0x3E7 Logon Type: 5.,0,Benign
2026-02-26 12:52:53,4688,8,8428,A new process has been created. New Process Name: C:\Program Files\Google\Chrome\chrome.exe Command Line: chrome.exe --type=renderer.,0,Benign
2026-02-26 11:33:40,4624,8,2674,An account was successfully logged on. Subject: Security ID: S-1-5-21-1234567890 Account Name: Administrator Account Domain: CORP Logon Type: 3.,0,Benign
2026-02-28 03:12:35,4688,8,4350,A new process has been created. New Process Name: C:\Program Files\Google\Chrome\chrome.exe Command Line: chrome.exe --type=renderer.,0,Benign
2026-02-23 10:05:44,4732,9,5137,A member was added to a security-enabled local group. Member Name: tempuser Group Name: Administrators.,0,Benign
2026-03-01 15:35:00,4624,7,3507,An account was successfully logged on. Logon Type: 2 Interactive.,0,Benign
2026-02-25 15:05:31,4720,3,8585,A user account was created. New Account Name: tempuser New Account Domain: CORP.,0,Benign
2026-03-01 17:13:29,4648,12,7124,A logon was attempted using explicit credentials. Target Server: localhost Target User: admin.,0,Benign
2026-02-23 09:55:45,4634,11,9327,An account was logged off. Logon Type: 2 Interactive.,0,Benign
2026-02-25 08:36:35,4625,5,8791,An account failed to log on. Logon Type: 10 Remote Desktop Services.,0,Benign
2026-02-23 08:48:19,4732,9,5035,A member was added to a security-enabled local group. Member Name: tempuser Group Name: Administrators.,0,Benign
2026-02-25 20:59:24,4648,3,8774,A logon was attempted using explicit credentials. Target Server: localhost Target User: admin.,0,Benign
2026-02-23 10:06:16,4624,2,9798,An account was successfully logged on. Subject: Security ID: S-1-5-21-1234567890 Account Name: Administrator Account Domain: CORP Logon Type: 3.,0,Benign
2026-02-25 17:06:38,4624,7,597,An account was successfully logged on. Subject: Security ID: S-1-5-18 Account Name: SYSTEM Account Domain: NT AUTHORITY Logon ID: 0x3E7 Logon Type: 5.,0,Benign
2026-03-01 08:37:43,4624,7,8201,An account was successfully logged on. Logon Type: 10 Remote Desktop Services.,1,Benign
2026-02-27 19:44:44,4624,11,3933,An account was successfully logged on. Logon Type: 2 Interactive.,0,Benign
2026-02-24 18:17:54,4624,12,5263,An account was successfully logged on. Subject: Security ID: S-1-5-21-1234567890 Account Name: Administrator Account Domain: CORP Logon Type: 3.,0,Benign
2026-02-25 11:23:36,4634,8,7176,An account was logged off. Logon Type: 3.,0,Benign
2026-02-28 10:11:39,4624,9,5620,An account was successfully logged on. Logon Type: 2 Interactive.,0,Benign
2026-02-23 12:56:24,4648,2,7900,A logon was attempted using explicit credentials. Process: C:\Windows\System32\runas.exe.,0,Benign
2026-02-25 16:19:15,4625,8,8931,An account failed to log on. Failure Reason: Unknown user name or bad password. Status: 0xC000006D Sub Status: 0xC000006A.,0,Benign
2026-02-27 14:36:49,4688,2,1433,A new process has been created. New Process Name: C:\Windows\System32\svchost.exe Creator Process Name: C:\Windows\System32\services.exe.,1,Benign
2026-02-26 17:54:09,4624,11,1754,An account was successfully logged on. Subject: Security ID: S-1-5-18 Account Name: SYSTEM Account Domain: NT AUTHORITY Logon ID: 0x3E7 Logon Type: 5.,0,Benign
2026-02-23 17:50:52,4624,7,7597,An account was successfully logged on. Subject: Security ID: S-1-5-21-1234567890 Account Name: Administrator Account Domain: CORP Logon Type: 3.,0,Benign
2026-02-23 10:09:50,4688,9,8856,A new process has been created. New Process Name: C:\Program Files\Google\Chrome\chrome.exe Command Line: chrome.exe --type=renderer.,0,Benign
2026-02-25 16:41:38,4634,10,9260,An account was logged off. Subject: Security ID: S-1-5-21-1234567890 Account Name: jdoe.,0,Benign
2026-02-28 22:29:10,4624,11,3736,An account was successfully logged on. New Logon: Account Name: jdoe Account Domain: CORP Logon ID: 0x1A2B3C.,0,Benign
2026-02-28 11:14:18,4624,9,3940,An account was successfully logged on. Subject: Security ID: S-1-5-21-1234567890 Account Name: Administrator Account Domain: CORP Logon Type: 3.,0,Benign
2026-02-23 10:35:31,4624,12,3705,An account was successfully logged on. Logon Type: 10 Remote Desktop Services.,0,Benign
2026-02-25 09:40:20,4624,12,1483,An account was successfully logged on. Logon Type: 2 Interactive.,0,Benign
2026-02-24 10:27:36,4624,10,2538,An account was successfully logged on. Subject: Security ID: S-1-5-21-1234567890 Account Name: Administrator Account Domain: CORP Logon Type: 3.,0,Benign
2026-02-24 12:57:35,4624,9,3467,An account was successfully logged on. New Logon: Account Name: jdoe Account Domain: CORP Logon ID: 0x1A2B3C.,0,Benign
2026-02-26 10:10:55,4624,7,738,An account was successfully logged on. Subject: Security ID: S-1-5-21-1234567890 Account Name: Administrator Account Domain: CORP Logon Type: 3.,0,Benign
2026-02-23 17:24:48,4625,11,1409,An account failed to log on. Logon Type: 10 Remote Desktop Services.,1,Benign
2026-03-01 14:21:06,4688,12,6421,A new process has been created. New Process Name: C:\Program Files\Google\Chrome\chrome.exe Command Line: chrome.exe --type=renderer.,0,Benign
2026-02-26 16:27:03,4672,8,2250,Special privileges assigned to new logon. Subject: Security ID: S-1-5-18 Privileges: SeAssignPrimaryTokenPrivilege SeTcbPrivilege SeSecurityPrivilege.,0,Benign
2026-02-25 12:42:22,4624,12,4401,An account was successfully logged on. Logon Type: 10 Remote Desktop Services.,0,Benign
2026-02-26 12:26:59,4625,10,774,An account failed to log on. Account Name: administrator Source Network Address: 192.168.1.50.,0,Benign
2026-02-28 02:12:33,4624,3,4083,An account was successfully logged on. Subject: Security ID: S-1-5-21-1234567890 Account Name: Administrator Account Domain: CORP Logon Type: 3.,0,Benign
2026-02-27 14:03:31,4624,3,8361,An account was successfully logged on. Logon Type: 10 Remote Desktop Services.,0,Benign
2026-02-26 15:15:47,4624,12,5995,An account was successfully logged on. Subject: Security ID: S-1-5-18 Account Name: SYSTEM Account Domain: NT AUTHORITY Logon ID: 0x3E7 Logon Type: 5.,0,Benign
2026-02-27 06:04:37,4624,9,2997,An account was successfully logged on. Subject: Security ID: S-1-5-21-1234567890 Account Name: Administrator Account Domain: CORP Logon Type: 3.,0,Benign
2026-02-24 07:58:42,4648,9,964,A logon was attempted using explicit credentials. Target Server: localhost Target User: admin.,0,Benign
2026-02-25 15:18:54,4672,3,1170,Special privileges assigned to new logon. Subject: Security ID: S-1-5-18 Privileges: SeAssignPrimaryTokenPrivilege SeTcbPrivilege SeSecurityPrivilege.,0,Benign
2026-02-26 22:39:11,4624,3,251,An account was successfully logged on. Logon Type: 9 New Logon: admin.,1,T1003
2026-02-27 15:35:15,4634,3,4296,An account was logged off. Logon Type: 3.,0,Benign
2026-02-25 16:58:20,4625,8,8347,An account failed to log on. Failure Reason: Account locked out.,0,Benign
2026-02-26 17:24:13,4672,10,127,Special privileges assigned to new logon. Account Name: SYSTEM Privileges: SeBackupPrivilege SeRestorePrivilege.,0,Benign
2026-02-23 09:18:55,4624,9,9932,An account was successfully logged on. New Logon: Account Name: jdoe Account Domain: CORP Logon ID: 0x1A2B3C.,0,Benign
2026-02-28 00:01:36,4624,5,7118,An account was successfully logged on. New Logon: Account Name: jdoe Account Domain: CORP Logon ID: 0x1A2B3C.,0,Benign
2026-02-27 01:48:18,4634,3,9919,An account was logged off. Logon Type: 2 Interactive.,0,Benign
2026-02-27 15:05:15,4624,10,3175,A new process has been created. New Process Name: C:\Temp\mimikatz.exe Command Line: mimikatz.exe sekurlsa::logonpasswords.,1,T1003
2026-02-24 11:14:57,4688,8,9099,A new process has been created. New Process Name: C:\Windows\System32\notepad.exe.,0,Benign
2026-02-23 13:08:48,4624,9,3916,An account was successfully logged on. New Logon: Account Name: jdoe Account Domain: CORP Logon ID: 0x1A2B3C.,0,Benign
2026-03-01 14:05:28,4688,10,4231,A new process has been created. New Process Name: C:\Windows\System32\taskhostw.exe.,0,Benign
2026-02-27 13:20:14,4688,9,6595,A new process has been created. New Process Name: C:\Windows\System32\svchost.exe Creator Process Name: C:\Windows\System32\services.exe.,0,Benign
2026-02-28 11:15:11,4634,11,6641,An account was logged off. Logon Type: 3.,0,Benign
2026-02-28 12:42:06,4688,7,4709,A new process has been created. New Process Name: C:\Windows\System32\taskhostw.exe.,0,Benign
2026-02-27 13:27:18,4634,2,1696,An account was logged off. Logon Type: 3.,0,Benign
2026-02-27 17:33:58,4624,10,5569,An account was successfully logged on. New Logon: Account Name: jdoe Account Domain: CORP Logon ID: 0x1A2B3C.,0,Benign
2026-02-26 11:28:24,4624,5,1745,An account was successfully logged on. Subject: Security ID: S-1-5-21-1234567890 Account Name: Administrator Account Domain: CORP Logon Type: 3.,0,Benign
2026-02-23 10:18:05,4625,8,5906,An account failed to log on. Failure Reason: Account locked out.,0,Benign
2026-03-01 13:13:00,4624,10,7974,An account was successfully logged on. Subject: Security ID: S-1-5-18 Account Name: SYSTEM Account Domain: NT AUTHORITY Logon ID: 0x3E7 Logon Type: 5.,0,Benign
2026-02-24 08:33:53,4688,12,6133,A new process has been created. New Process Name: C:\Windows\System32\svchost.exe Creator Process Name: C:\Windows\System32\services.exe.,0,Benign
2026-02-27 16:47:07,4625,3,7166,An account failed to log on. Failure Reason: Unknown user name or bad password. Status: 0xC000006D Sub Status: 0xC000006A.,0,Benign
2026-03-01 12:03:05,4624,9,9990,An account was successfully logged on. Logon Type: 2 Interactive.,0,Benign
2026-02-27 09:07:50,4732,3,7585,A member was added to a security-enabled local group. Member Name: svc_backup Group Name: Backup Operators.,0,Benign
2026-02-24 09:07:40,4688,9,6095,A new process has been created. New Process Name: C:\Windows\System32\notepad.exe.,0,Benign
2026-02-24 16:15:32,4648,12,2452,A logon was attempted using explicit credentials. Target Server: DC01 Target User: backup_svc.,0,Benign
2026-02-26 16:10:41,4672,2,8120,Special privileges assigned to new logon. Subject: Security ID: S-1-5-18 Privileges: SeAssignPrimaryTokenPrivilege SeTcbPrivilege SeSecurityPrivilege.,0,Benign
2026-02-26 03:08:44,4672,3,5652,Special privileges assigned to new logon. Subject: Security ID: S-1-5-21-1234567890 Account Name: Administrator Privileges: SeDebugPrivilege.,0,Benign
2026-02-27 14:42:23,4672,7,7931,Special privileges assigned to new logon. Subject: Security ID: S-1-5-18 Privileges: SeAssignPrimaryTokenPrivilege SeTcbPrivilege SeSecurityPrivilege.,0,Benign
2026-02-28 06:50:09,4624,2,1249,An account was successfully logged on. Subject: Security ID: S-1-5-18 Account Name: SYSTEM Account Domain: NT AUTHORITY Logon ID: 0x3E7 Logon Type: 5.,0,Benign
2026-03-01 11:43:22,4634,9,1357,An account was logged off. Logon Type: 2 Interactive.,0,Benign
2026-02-26 19:32:16,4625,3,7612,An account failed to log on. Failure Reason: Unknown user name or bad password. Status: 0xC000006D Sub Status: 0xC000006A.,0,Benign
2026-02-28 13:03:56,4720,5,7536,A user account was created. New Account Name: test_account.,0,Benign
2026-02-25 15:34:10,4624,10,1673,An account was successfully logged on. Subject: Security ID: S-1-5-21-1234567890 Account Name: Administrator Account Domain: CORP Logon Type: 3.,0,Benign
2026-02-24 17:57:40,4624,7,8550,An account was successfully logged on. New Logon: Account Name: jdoe Account Domain: CORP Logon ID: 0x1A2B3C.,0,Benign
2026-02-23 19:13:37,4624,11,5577,An account was successfully logged on. Logon Type: 2 Interactive.,0,Benign
2026-02-24 00:43:53,4634,2,344,An account was logged off. Logon Type: 3.,0,Benign
2026-02-25 13:35:15,4624,12,9804,An account was successfully logged on. Logon Type: 2 Interactive.,0,Benign
2026-03-01 10:52:32,4624,11,4133,An account was successfully logged on. Logon Type: 10 Remote Desktop Services.,0,Benign
2026-02-25 15:28:17,4688,11,6410,A new process has been created. New Process Name: C:\Windows\System32\taskhostw.exe.,0,Benign
2026-02-27 15:29:41,4624,3,2920,An account was successfully logged on. Logon Type: 2 Interactive.,0,Benign
2026-02-27 13:35:10,4688,2,8775,A new process has been created. New Process Name: C:\Windows\System32\cmd.exe Command Line: cmd.exe /c dir.,0,Benign
2026-02-24 20:04:27,4625,12,5744,An account failed to log on. Failure Reason: Unknown user name or bad password. Status: 0xC000006D Sub Status: 0xC000006A.,0,Benign
2026-02-26 12:48:19,4624,8,9213,An account was successfully logged on. Subject: Security ID: S-1-5-18 Account Name: SYSTEM Account Domain: NT AUTHORITY Logon ID: 0x3E7 Logon Type: 5.,0,Benign
2026-02-24 09:41:45,4624,3,584,An account was successfully logged on. Subject: Security ID: S-1-5-21-1234567890 Account Name: Administrator Account Domain: CORP Logon Type: 3.,0,Benign
2026-02-24 16:43:37,4648,12,1772,A logon was attempted using explicit credentials. Process: C:\Windows\System32\runas.exe.,0,Benign
2026-02-24 12:55:45,4624,12,6006,An account was successfully logged on. Logon Type: 10 Remote Desktop Services.,0,Benign
2026-02-27 12:11:22,4688,12,7082,A new process has been created. New Process Name: C:\Windows\System32\taskhostw.exe.,0,Benign
2026-03-01 07:28:58,4688,2,7812,A new process has been created. New Process Name: C:\Windows\System32\wbem\WMIC.exe Command Line: wmic process call create calc.exe.,1,T1047
2026-02-25 15:35:22,4625,5,7996,An account failed to log on. Logon Type: 10 Remote Desktop Services.,0,Benign
2026-02-23 14:40:08,4624,7,6507,An account was successfully logged on. Logon Type: 10 Remote Desktop Services.,0,Benign
2026-02-26 10:43:49,4634,7,485,An account was logged off. Subject: Security ID: S-1-5-21-1234567890 Account Name: jdoe.,0,Benign
2026-02-23 13:28:46,4624,10,8673,An account was successfully logged on. Subject: Security ID: S-1-5-21-1234567890 Account Name: Administrator Account Domain: CORP Logon Type: 3.,0,Benign
2026-03-01 11:29:03,4648,5,8288,A logon was attempted using explicit credentials. Target Server: localhost Target User: admin.,0,Benign
2026-02-26 14:31:39,4624,7,3523,An account was successfully logged on. Subject: Security ID: S-1-5-21-1234567890 Account Name: Administrator Account Domain: CORP Logon Type: 3.,0,Benign
2026-02-28 14:41:40,4672,10,3923,Special privileges assigned to new logon. Subject: Security ID: S-1-5-18 Privileges: SeAssignPrimaryTokenPrivilege SeTcbPrivilege SeSecurityPrivilege.,0,Benign
2026-02-25 02:06:02,4624,12,3147,An account was successfully logged on. Subject: Security ID: S-1-5-18 Account Name: SYSTEM Account Domain: NT AUTHORITY Logon ID: 0x3E7 Logon Type: 5.,0,Benign
2026-02-28 14:33:31,4720,7,5126,A user account was created. New Account Name: tempuser New Account Domain: CORP.,0,Benign
2026-02-25 16:19:03,4648,7,1515,A logon was attempted using explicit credentials. Process: C:\Windows\System32\runas.exe.,0,Benign
2026-02-24 08:26:39,4624,10,5681,An account was successfully logged on. Subject: Security ID: S-1-5-18 Account Name: SYSTEM Account Domain: NT AUTHORITY Logon ID: 0x3E7 Logon Type: 5.,0,Benign
2026-02-27 10:34:35,4672,5,2049,Special privileges assigned to new logon. Account Name: SYSTEM Privileges: SeBackupPrivilege SeRestorePrivilege.,0,Benign
2026-02-28 15:42:45,4624,3,8073,An account was successfully logged on. Logon Type: 10 Remote Desktop Services.,0,Benign
2026-02-27 08:24:00,4648,8,404,A logon was attempted using explicit credentials. Target Server: DC01 Target User: backup_svc.,0,Benign
2026-02-25 09:19:21,4624,3,4273,An account was successfully logged on. Subject: Security ID: S-1-5-21-1234567890 Account Name: Administrator Account Domain: CORP Logon Type: 3.,0,Benign
2026-02-23 12:30:06,4625,5,268,An account failed to log on. Subject: Security ID: S-1-0-0 Account Name: - Account Domain: - Logon Type: 3.,0,Benign
2026-02-28 15:23:07,4624,7,7250,An account was successfully logged on. Subject: Security ID: S-1-5-21-1234567890 Account Name: Administrator Account Domain: CORP Logon Type: 3.,0,Benign
2026-02-28 06:55:11,4625,10,8596,An account failed to log on. Logon Type: 10 Remote Desktop Services.,0,Benign
2026-03-01 09:15:49,4648,12,255,A logon was attempted using explicit credentials. Target Server: DC01 Target User: backup_svc.,0,Benign
2026-02-23 18:15:36,4624,9,2360,An account was successfully logged on. Logon Type: 2 Interactive.,0,Benign
2026-02-28 17:10:37,4624,8,5372,An account was successfully logged on. Subject: Security ID: S-1-5-18 Account Name: SYSTEM Account Domain: NT AUTHORITY Logon ID: 0x3E7 Logon Type: 5.,0,Benign
2026-02-23 18:21:43,4624,9,3104,An account failed to log on. Logon Type: 3 Source Network Address: 10.0.0.99.,1,T1110
2026-02-26 10:09:57,4648,9,3687,A logon was attempted using explicit credentials. Target Server: localhost Target User: admin.,0,Benign
2026-02-24 12:59:29,4624,5,1786,An account was successfully logged on. Logon Type: 2 Interactive.,0,Benign
2026-02-23 04:20:34,4688,9,1208,A new process has been created. New Process Name: C:\Windows\System32\taskhostw.exe.,0,Benign
2026-02-23 08:28:17,4624,8,1739,An account was successfully logged on. Subject: Security ID: S-1-5-21-1234567890 Account Name: Administrator Account Domain: CORP Logon Type: 3.,0,Benign
2026-02-25 17:55:59,4688,3,7702,A new process has been created. New Process Name: C:\Windows\System32\notepad.exe.,0,Benign
2026-02-28 13:35:36,4648,2,7282,A logon was attempted using explicit credentials. Target Server: DC01 Target User: backup_svc.,0,Benign
2026-02-27 12:22:06,4624,12,3391,An account was successfully logged on. Logon Type: 10 Remote Desktop Services.,0,Benign
2026-02-27 12:54:41,4624,9,706,An account was successfully logged on. Subject: Security ID: S-1-5-21-1234567890 Account Name: Administrator Account Domain: CORP Logon Type: 3.,0,Benign
2026-02-24 15:27:46,4648,11,7491,A logon was attempted using explicit credentials. Target Server: DC01 Target User: backup_svc.,0,Benign
2026-03-01 16:49:44,4624,8,3035,An account was successfully logged on. Subject: Security ID: S-1-5-18 Account Name: SYSTEM Account Domain: NT AUTHORITY Logon ID: 0x3E7 Logon Type: 5.,0,Benign
2026-02-28 16:31:13,4648,10,3696,A logon was attempted using explicit credentials. Process: C:\Windows\System32\runas.exe.,0,Benign
2026-02-23 17:45:09,4648,5,9630,A logon was attempted using explicit credentials. Target Server: localhost Target User: admin.,0,Benign
2026-03-01 18:37:42,4624,9,6251,An account was successfully logged on. Logon Type: 10 Remote Desktop Services.,0,Benign
2026-02-27 17:20:16,4648,5,2777,A logon was attempted using explicit credentials. Target Server: localhost Target User: admin.,0,Benign
2026-02-27 21:39:59,1100,11,1655,The audit log was cleared. Account Name: administrator.,1,T1070
2026-02-24 15:39:05,4732,9,7095,A member was added to a security-enabled local group. Member Name: tempuser Group Name: Administrators.,0,Benign
2026-02-25 12:53:03,4625,8,3857,An account failed to log on. Subject: Security ID: S-1-0-0 Account Name: - Account Domain: - Logon Type: 3.,0,Benign
2026-03-01 08:42:43,4648,3,4552,A logon was attempted using explicit credentials. Target Server: DC01 Target User: backup_svc.,0,Benign
2026-02-27 10:06:09,4672,9,2112,Special privileges assigned to new logon. Account Name: SYSTEM Privileges: SeBackupPrivilege SeRestorePrivilege.,0,Benign
2026-02-23 04:58:22,4625,2,7912,An account failed to log on. Failure Reason: Unknown user name or bad password. Status: 0xC000006D Sub Status: 0xC000006A.,0,Benign
2026-02-28 12:57:00,4648,9,6090,A logon was attempted using explicit credentials. Target Server: localhost Target User: admin.,0,Benign
2026-02-24 11:32:12,4625,2,3120,An account failed to log on. Failure Reason: Unknown user name or bad password. Status: 0xC000006D Sub Status: 0xC000006A.,0,Benign
2026-02-27 15:00:24,4624,5,5493,An account was successfully logged on. Subject: Security ID: S-1-5-21-1234567890 Account Name: Administrator Account Domain: CORP Logon Type: 3.,0,Benign
2026-02-24 11:51:01,4648,2,5435,A logon was attempted using explicit credentials. Target Server: DC01.,1,T1046
2026-03-01 03:14:30,4624,7,6755,An account was successfully logged on. Subject: Security ID: S-1-5-18 Account Name: SYSTEM Account Domain: NT AUTHORITY Logon ID: 0x3E7 Logon Type: 5.,0,Benign
2026-03-01 09:14:41,4688,11,8606,A new process has been created. New Process Name: C:\Windows\System32\notepad.exe.,0,Benign
2026-02-26 02:02:19,4732,5,7577,A member was added to a security-enabled local group. Member Name: tempuser Group Name: Administrators.,0,Benign
2026-02-27 14:58:38,4625,11,6042,An account failed to log on. Subject: Security ID: S-1-0-0 Account Name: - Account Domain: - Logon Type: 3.,0,Benign
2026-02-28 17:17:02,4688,9,4910,A new process has been created. New Process Name: C:\Windows\System32\notepad.exe.,0,Benign
2026-02-28 15:19:42,4624,12,956,An account was successfully logged on. Subject: Security ID: S-1-5-21-1234567890 Account Name: Administrator Account Domain: CORP Logon Type: 3.,0,Benign
2026-03-01 10:16:33,4624,10,8020,An account was successfully logged on. Subject: Security ID: S-1-5-21-1234567890 Account Name: Administrator Account Domain: CORP Logon Type: 3.,0,Benign
2026-03-01 17:37:46,4688,9,2426,A new process has been created. New Process Name: C:\Windows\System32\svchost.exe Creator Process Name: C:\Windows\System32\services.exe.,0,Benign
2026-02-27 08:52:40,4688,7,9700,A new process has been created. New Process Name: C:\Windows\System32\notepad.exe.,0,Benign
2026-02-26 13:01:25,4672,11,1120,Special privileges assigned to new logon. Subject: Security ID: S-1-5-21-1234567890 Account Name: Administrator Privileges: SeDebugPrivilege.,0,Benign
2026-02-25 15:54:31,4648,10,2566,A logon was attempted using explicit credentials. Target Server: DC01 Target User: backup_svc.,0,Benign
2026-02-27 19:32:34,4624,2,7498,An account was successfully logged on. Logon Type: 2 Interactive.,0,Benign
2026-02-24 16:05:30,4688,11,9644,A new process has been created. New Process Name: C:\Windows\System32\svchost.exe Creator Process Name: C:\Windows\System32\services.exe.,0,Benign
2026-02-27 10:23:36,4625,12,3833,An account failed to log on. Logon Type: 10 Remote Desktop Services.,0,Benign
2026-02-24 17:09:03,4688,8,6775,A new process has been created. New Process Name: C:\Windows\System32\svchost.exe Creator Process Name: C:\Windows\System32\services.exe.,0,Benign
2026-02-26 17:37:24,4634,2,8609,An account was logged off. Subject: Security ID: S-1-5-21-1234567890 Account Name: jdoe.,0,Benign
2026-02-25 09:54:29,4625,3,2873,An account failed to log on. Subject: Security ID: S-1-0-0 Account Name: - Account Domain: - Logon Type: 3.,0,Benign
2026-02-23 08:37:36,4624,11,6315,An account was successfully logged on. Logon Type: 10 Remote Desktop Services.,0,Benign
2026-02-23 17:35:39,4624,11,7883,An account was successfully logged on. Subject: Security ID: S-1-5-18 Account Name: SYSTEM Account Domain: NT AUTHORITY Logon ID: 0x3E7 Logon Type: 5.,0,Benign
2026-02-28 12:43:27,4624,8,6321,An account was successfully logged on. Logon Type: 10 Remote Desktop Services.,0,Benign
2026-02-23 00:26:33,4688,3,5557,A new process has been created. New Process Name: C:\Windows\System32\svchost.exe Creator Process Name: C:\Windows\System32\services.exe.,0,Benign
2026-02-23 17:17:26,4634,10,7087,An account was logged off. Logon Type: 3.,0,Benign
2026-02-24 10:59:46,4648,12,1713,A logon was attempted using explicit credentials. Target Server: DC01 Target User: backup_svc.,0,Benign
2026-02-26 12:07:16,4688,2,6486,A new process has been created. New Process Name: C:\Windows\System32\svchost.exe Creator Process Name: C:\Windows\System32\services.exe.,0,Benign
2026-02-24 12:13:29,4688,10,7997,A new process has been created. New Process Name: C:\Program Files\Google\Chrome\chrome.exe Command Line: chrome.exe --type=renderer.,0,Benign
2026-03-01 15:48:11,4672,11,7500,Special privileges assigned to new logon. Subject: Security ID: S-1-5-18 Privileges: SeAssignPrimaryTokenPrivilege SeTcbPrivilege SeSecurityPrivilege.,0,Benign
2026-02-23 16:13:40,4624,7,424,An account was successfully logged on. Logon Type: 10 Remote Desktop Services.,0,Benign
2026-03-01 14:18:56,4624,9,1007,An account was successfully logged on. Subject: Security ID: S-1-5-18 Account Name: SYSTEM Account Domain: NT AUTHORITY Logon ID: 0x3E7 Logon Type: 5.,0,Benign
2026-02-24 14:13:15,4720,7,987,A user account was created. New Account Name: test_account.,0,Benign
2026-02-27 17:41:18,4624,12,1406,An account was successfully logged on. Logon Type: 10 Remote Desktop Services.,0,Benign
2026-02-25 11:10:46,4648,11,3228,A logon was attempted using explicit credentials. Target Server: localhost Target User: admin.,0,Benign
2026-02-28 11:24:15,4672,7,369,Special privileges assigned to new logon. Subject: Security ID: S-1-5-18 Privileges: SeAssignPrimaryTokenPrivilege SeTcbPrivilege SeSecurityPrivilege.,0,Benign
2026-02-23 16:48:38,4688,12,7998,A new process has been created. New Process Name: C:\Windows\System32\taskhostw.exe.,0,Benign
2026-03-01 11:11:41,4648,11,1973,A logon was attempted using explicit credentials. Process: C:\Windows\System32\runas.exe.,0,Benign
2026-02-26 01:27:10,4688,8,9317,A new process has been created. New Process Name: C:\Windows\System32\cmd.exe Command Line: cmd.exe /c dir.,0,Benign
2026-03-01 10:34:24,4624,9,5006,An account was successfully logged on. Subject: Security ID: S-1-5-18 Account Name: SYSTEM Account Domain: NT AUTHORITY Logon ID: 0x3E7 Logon Type: 5.,0,Benign
2026-02-24 10:23:14,4624,2,2895,An account was successfully logged on. Logon Type: 10 Remote Desktop Services.,0,Benign
2026-02-25 05:44:27,4634,7,8580,An account was logged off. Logon Type: 3.,0,Benign
2026-02-23 14:48:25,4648,3,4877,A logon was attempted using explicit credentials. Process: C:\Windows\System32\runas.exe.,0,Benign
2026-02-23 00:28:59,4625,9,7815,An account failed to log on. Failure Reason: Account locked out.,0,Benign
2026-02-25 04:43:26,4625,9,2569,An account failed to log on. Failure Reason: Unknown user name or bad password. Status: 0xC000006D Sub Status: 0xC000006A.,0,Benign
2026-02-24 21:56:35,4625,2,1318,An account failed to log on. Logon Type: 10 Remote Desktop Services.,0,Benign
2026-02-27 12:28:18,4625,2,1862,An account failed to log on. Failure Reason: Unknown user name or bad password. Status: 0xC000006D Sub Status: 0xC000006A.,0,Benign
2026-03-01 15:45:27,4648,5,1189,A logon was attempted using explicit credentials. Target Server: DC01 Target User: backup_svc.,0,Benign
2026-02-28 03:28:31,4624,9,2282,An account was successfully logged on. Subject: Security ID: S-1-5-18 Account Name: SYSTEM Account Domain: NT AUTHORITY Logon ID: 0x3E7 Logon Type: 5.,0,Benign
2026-02-24 11:45:01,4648,3,5851,A logon was attempted using explicit credentials. Target Server: DC01 Target User: backup_svc.,0,Benign
2026-02-23 09:39:12,4624,8,2733,An account was successfully logged on. New Logon: Account Name: jdoe Account Domain: CORP Logon ID: 0x1A2B3C.,0,Benign
2026-02-28 15:27:11,4624,9,307,An account was successfully logged on. Logon Type: 2 Interactive.,0,Benign
2026-02-27 10:14:17,4688,5,6098,A new process has been created. New Process Name: C:\Windows\System32\cmd.exe Command Line: cmd.exe /c dir.,0,Benign
2026-02-28 13:26:11,4624,3,8405,An account was successfully logged on. Logon Type: 10 Remote Desktop Services.,0,Benign
2026-02-25 17:24:09,4634,11,1030,An account was logged off. Logon Type: 3.,0,Benign
2026-02-23 08:40:25,4624,9,3772,An account was successfully logged on. Logon Type: 10 Remote Desktop Services.,0,Benign
2026-03-01 11:36:46,4688,2,5775,A new process has been created. New Process Name: C:\Windows\System32\notepad.exe.,0,Benign
2026-02-27 08:46:06,4634,2,2831,An account was logged off. Logon Type: 3.,0,Benign
2026-02-28 12:56:09,4648,12,6628,A logon was attempted using explicit credentials. Target Server: localhost Target User: admin.,0,Benign
2026-02-23 23:33:59,4648,10,9646,A logon was attempted using explicit credentials. Target Server: DC01 Target User: backup_svc.,0,Benign
2026-03-01 01:01:20,4732,8,4201,A member was added to a security-enabled local group. Member Name: backdoor Group Name: Administrators.,1,T1078
2026-02-24 14:51:12,4624,11,1215,An account was successfully logged on. Logon Type: 10 Remote Desktop Services.,0,Benign
2026-03-01 15:54:45,4625,9,1758,An account failed to log on. Logon Type: 10 Remote Desktop Services.,0,Benign
2026-02-28 10:33:21,4624,8,3305,An account was successfully logged on. Subject: Security ID: S-1-5-18 Account Name: SYSTEM Account Domain: NT AUTHORITY Logon ID: 0x3E7 Logon Type: 5.,0,Benign
2026-02-27 16:07:38,4648,8,7542,A logon was attempted using explicit credentials. Target Server: DC01 Target User: backup_svc.,0,Benign
2026-02-28 01:30:13,4688,9,7781,A new process has been created. New Process Name: C:\Windows\System32\notepad.exe.,0,Benign
2026-02-28 20:55:24,4625,10,9566,An account failed to log on. Logon Type: 10 Remote Desktop Services.,0,Benign
2026-02-24 11:02:59,4672,12,1428,Special privileges assigned to new logon. Subject: Security ID: S-1-5-21-1234567890 Account Name: Administrator Privileges: SeDebugPrivilege.,0,Benign
2026-02-28 11:14:03,4625,9,8300,An account failed to log on. Failure Reason: Unknown user name or bad password. Status: 0xC000006D Sub Status: 0xC000006A.,0,Benign
2026-02-27 13:06:24,4624,8,3935,An account was successfully logged on. Logon Type: 2 Interactive.,0,Benign
2026-02-26 17:24:50,4720,3,7940,A user account was created. New Account Name: svc_backup New Account Domain: CORP.,0,Benign
2026-02-27 16:35:01,4648,3,9861,A logon was attempted using explicit credentials. Process: C:\Windows\System32\runas.exe.,0,Benign
2026-02-26 09:44:41,4624,9,4058,An account was successfully logged on. Logon Type: 10 Remote Desktop Services.,0,Benign
2026-02-25 13:57:44,4648,5,9980,A logon was attempted using explicit credentials. Target Server: DC01 Target User: backup_svc.,0,Benign
2026-02-28 11:06:01,4624,7,8956,An account was successfully logged on. Subject: Security ID: S-1-5-21-1234567890 Account Name: Administrator Account Domain: CORP Logon Type: 3.,0,Benign
2026-02-24 08:55:43,4624,3,7594,An account was successfully logged on. Subject: Security ID: S-1-5-18 Account Name: SYSTEM Account Domain: NT AUTHORITY Logon ID: 0x3E7 Logon Type: 5.,0,Benign
2026-02-23 14:44:09,4624,5,1206,An account was successfully logged on. Logon Type: 10 Remote Desktop Services.,0,Benign
2026-02-26 09:49:24,4634,7,4534,An account was logged off. Subject: Security ID: S-1-5-21-1234567890 Account Name: jdoe.,0,Benign
2026-02-23 03:45:27,4672,9,8200,Special privileges assigned to new logon. Subject: Security ID: S-1-5-21-1234567890 Account Name: Administrator Privileges: SeDebugPrivilege.,0,Benign
2026-02-24 16:10:49,4688,11,4873,A new process has been created. New Process Name: C:\Windows\System32\notepad.exe.,0,Benign
2026-02-24 15:46:30,4624,11,4722,An account was successfully logged on. New Logon: Account Name: jdoe Account Domain: CORP Logon ID: 0x1A2B3C.,0,Benign
2026-02-28 07:07:14,4624,7,178,An account was successfully logged on. Subject: Security ID: S-1-5-18 Account Name: SYSTEM Account Domain: NT AUTHORITY Logon ID: 0x3E7 Logon Type: 5.,0,Benign
2026-02-26 03:35:57,4624,2,2856,An account was successfully logged on. Subject: Security ID: S-1-5-18 Account Name: SYSTEM Account Domain: NT AUTHORITY Logon ID: 0x3E7 Logon Type: 5.,0,Benign
2026-02-23 04:00:15,4624,2,591,An account was successfully logged on. New Logon: Account Name: jdoe Account Domain: CORP Logon ID: 0x1A2B3C.,0,Benign
2026-02-23 14:16:32,4648,11,2159,A logon was attempted using explicit credentials. Process: C:\Windows\System32\runas.exe.,0,Benign
2026-03-01 16:30:44,4624,2,708,An account was successfully logged on. Logon Type: 2 Interactive.,0,Benign
2026-02-26 04:15:18,4688,8,6881,A new process has been created. New Process Name: C:\Windows\System32\cmd.exe Command Line: cmd.exe /c dir.,0,Benign
2026-02-28 01:53:18,4634,7,1123,An account was logged off. Logon Type: 2 Interactive.,0,Benign
2026-02-24 10:40:36,4634,10,5255,An account was logged off. Logon Type: 2 Interactive.,0,Benign
2026-02-24 18:54:32,4648,12,3942,A logon was attempted using explicit credentials. Target Server: DC01 Target User: backup_svc.,0,Benign
2026-02-27 10:44:11,4688,2,1567,A new process has been created. New Process Name: C:\Windows\System32\notepad.exe.,0,Benign
2026-02-28 17:41:20,4625,10,2495,An account failed to log on. Failure Reason: Unknown user name or bad password. Status: 0xC000006D Sub Status: 0xC000006A.,0,Benign
2026-02-24 16:59:33,4634,7,7432,An account was logged off. Logon Type: 3.,0,Benign
2026-02-26 21:00:08,4732,9,6975,A member was added to a security-enabled local group. Member Name: backdoor Group Name: Administrators.,1,T1078
2026-02-28 09:33:23,4624,3,270,An account was successfully logged on. Subject: Security ID: S-1-5-21-1234567890 Account Name: Administrator Account Domain: CORP Logon Type: 3.,0,Benign
2026-02-27 21:56:56,4672,11,3577,An account was successfully logged on. Logon Type: 9 New Logon: admin.,1,T1003
2026-02-25 09:18:51,4648,11,3371,A logon was attempted using explicit credentials. Target Server: localhost Target User: admin.,0,Benign
2026-02-25 13:24:40,4625,12,4944,An account failed to log on. Subject: Security ID: S-1-0-0 Account Name: - Account Domain: - Logon Type: 3.,0,Benign
2026-02-28 15:21:15,4625,7,8090,An account failed to log on. Account Name: administrator Source Network Address: 192.168.1.50.,0,Benign
2026-02-25 09:57:20,4624,3,4255,An account was successfully logged on. Subject: Security ID: S-1-5-18 Account Name: SYSTEM Account Domain: NT AUTHORITY Logon ID: 0x3E7 Logon Type: 5.,0,Benign
2026-02-27 16:52:37,4624,11,7581,An account was successfully logged on. Logon Type: 2 Interactive.,0,Benign
2026-02-25 10:31:40,4625,2,2718,An account failed to log on. Account Name: administrator Source Network Address: 192.168.1.50.,0,Benign
2026-02-27 17:28:48,4688,8,4767,A new process has been created. New Process Name: C:\Windows\System32\notepad.exe.,0,Benign
2026-02-28 10:48:25,4648,9,5258,A logon was attempted using explicit credentials. Target Server: DC01 Target User: backup_svc.,0,Benign
2026-02-25 17:06:42,4672,5,6269,Special privileges assigned to new logon. Subject: Security ID: S-1-5-21-1234567890 Account Name: Administrator Privileges: SeDebugPrivilege.,0,Benign
2026-03-01 15:00:57,4624,5,5821,An account was successfully logged on. Subject: Security ID: S-1-5-18 Account Name: SYSTEM Account Domain: NT AUTHORITY Logon ID: 0x3E7 Logon Type: 5.,0,Benign
2026-02-25 05:50:20,4624,5,7555,An account was successfully logged on. Logon Type: 10 Remote Desktop Services.,0,Benign
2026-02-27 21:40:02,4634,8,5873,An account was logged off. Subject: Security ID: S-1-5-21-1234567890 Account Name: jdoe.,0,Benign
2026-03-01 12:28:36,4672,12,7776,Special privileges assigned to new logon. Account Name: SYSTEM Privileges: SeBackupPrivilege SeRestorePrivilege.,0,Benign
2026-02-28 14:19:38,4625,12,8138,An account failed to log on. Account Name: administrator Source Network Address: 192.168.1.50.,0,Benign
2026-02-27 10:03:22,4648,3,6895,A logon was attempted using explicit credentials. Target Server: localhost Target User: admin.,0,Benign
2026-02-26 12:57:06,4688,8,7431,A new process has been created. New Process Name: C:\Program Files\Google\Chrome\chrome.exe Command Line: chrome.exe --type=renderer.,0,Benign
2026-02-24 08:22:36,4624,7,4516,An account was successfully logged on. Subject: Security ID: S-1-5-21-1234567890 Account Name: Administrator Account Domain: CORP Logon Type: 3.,0,Benign
2026-02-23 11:22:17,4688,11,3128,A new process has been created. New Process Name: C:\Windows\System32\taskhostw.exe.,0,Benign
2026-02-27 13:06:14,4624,5,5661,An account was successfully logged on. Logon Type: 10 Remote Desktop Services.,0,Benign
2026-02-25 17:21:15,4634,10,3548,An account was logged off. Subject: Security ID: S-1-5-21-1234567890 Account Name: jdoe.,0,Benign
2026-02-24 09:54:49,4634,12,774,An account was logged off. Subject: Security ID: S-1-5-21-1234567890 Account Name: jdoe.,0,Benign
2026-02-26 17:28:11,4672,10,8154,Special privileges assigned to new logon. Subject: Security ID: S-1-5-21-1234567890 Account Name: Administrator Privileges: SeDebugPrivilege.,0,Benign
2026-02-26 18:00:46,4624,2,4267,An account was successfully logged on. Subject: Security ID: S-1-5-18 Account Name: SYSTEM Account Domain: NT AUTHORITY Logon ID: 0x3E7 Logon Type: 5.,0,Benign
2026-03-01 16:28:10,4624,5,3367,An account was successfully logged on. Logon Type: 2 Interactive.,0,Benign
2026-02-27 08:28:12,4688,8,2150,A new process has been created. New Process Name: C:\Windows\System32\svchost.exe Creator Process Name: C:\Windows\System32\services.exe.,0,Benign
2026-03-01 10:40:46,4624,9,4063,An account was successfully logged on. Logon Type: 10 Remote Desktop Services.,0,Benign
2026-02-24 12:49:16,4624,7,3633,An account was successfully logged on. Logon Type: 2 Interactive.,0,Benign
2026-02-26 17:03:35,4672,2,5009,Special privileges assigned to new logon. Subject: Security ID: S-1-5-21-1234567890 Account Name: Administrator Privileges: SeDebugPrivilege.,0,Benign
2026-02-28 10:16:49,4648,11,3062,A logon was attempted using explicit credentials. Process: C:\Windows\System32\runas.exe.,0,Benign
2026-02-23 11:01:25,4688,5,4558,A new process has been created. New Process Name: C:\Windows\System32\svchost.exe Creator Process Name: C:\Windows\System32\services.exe.,0,Benign
2026-02-23 16:46:31,4634,2,4783,An account was logged off. Subject: Security ID: S-1-5-21-1234567890 Account Name: jdoe.,0,Benign
2026-02-25 12:38:53,4624,10,293,An account was successfully logged on. Logon Type: 10 Remote Desktop Services.,0,Benign
2026-02-27 15:28:29,4624,8,7102,An account was successfully logged on. Logon Type: 10 Remote Desktop Services.,0,Benign
2026-02-27 10:54:27,4624,8,1411,An account was successfully logged on. Subject: Security ID: S-1-5-18 Account Name: SYSTEM Account Domain: NT AUTHORITY Logon ID: 0x3E7 Logon Type: 5.,0,Benign
2026-02-28 15:08:09,4720,2,5886,A user account was created. New Account Name: tempuser New Account Domain: CORP.,0,Benign
2026-02-28 23:27:50,4624,10,8442,An account was successfully logged on. Subject: Security ID: S-1-5-18 Account Name: SYSTEM Account Domain: NT AUTHORITY Logon ID: 0x3E7 Logon Type: 5.,0,Benign
2026-02-28 10:30:38,4648,10,5680,A logon was attempted using explicit credentials. Target Server: localhost Target User: admin.,0,Benign
2026-03-01 14:15:31,4634,7,8518,An account was logged off. Subject: Security ID: S-1-5-21-1234567890 Account Name: jdoe.,0,Benign
2026-02-23 11:23:41,4688,11,9307,A new process has been created. New Process Name: C:\Windows\System32\svchost.exe Creator Process Name: C:\Windows\System32\services.exe.,0,Benign
2026-02-27 15:05:16,4625,7,2629,An account failed to log on. Logon Type: 10 Remote Desktop Services.,0,Benign
2026-02-24 09:21:56,4625,5,4624,An account failed to log on. Failure Reason: Account locked out.,0,Benign
2026-02-24 20:03:21,4624,5,5349,An account was successfully logged on. Subject: Security ID: S-1-5-21-1234567890 Account Name: Administrator Account Domain: CORP Logon Type: 3.,0,Benign
2026-02-23 17:37:45,4720,5,6293,A user account was created. New Account Name: svc_backup New Account Domain: CORP.,0,Benign
2026-03-01 16:50:06,4624,7,5881,An account was successfully logged on. Logon Type: 10 Remote Desktop Services.,0,Benign
2026-02-25 09:12:03,4732,2,6091,A member was added to a security-enabled local group. Member Name: jdoe Group Name: Remote Desktop Users.,0,Benign
2026-02-25 17:31:42,4624,11,5069,An account was successfully logged on. Subject: Security ID: S-1-5-18 Account Name: SYSTEM Account Domain: NT AUTHORITY Logon ID: 0x3E7 Logon Type: 5.,0,Benign
2026-02-24 19:14:57,4625,8,5507,An account failed to log on. Account Name: administrator Source Network Address: 192.168.1.50.,0,Benign
2026-02-25 09:39:25,4688,11,6267,A new process has been created. New Process Name: C:\Windows\System32\svchost.exe Creator Process Name: C:\Windows\System32\services.exe.,0,Benign
2026-02-26 11:16:53,4648,2,6195,A logon was attempted using explicit credentials. Target Server: DC01 Target User: backup_svc.,0,Benign
2026-02-28 03:07:54,4624,11,3021,An account was successfully logged on. Subject: Security ID: S-1-5-21-1234567890 Account Name: Administrator Account Domain: CORP Logon Type: 3.,0,Benign
2026-02-25 16:26:54,4624,10,6522,An account was successfully logged on. Logon Type: 2 Interactive.,0,Benign
2026-02-27 21:44:48,4624,10,3909,An account was successfully logged on. Subject: Security ID: S-1-5-18 Account Name: SYSTEM Account Domain: NT AUTHORITY Logon ID: 0x3E7 Logon Type: 5.,0,Benign
2026-02-26 07:46:59,4732,2,9230,A member was added to a security-enabled local group. Member Name: backdoor Group Name: Administrators.,1,T1078
2026-03-01 12:23:08,4634,12,713,An account was logged off. Subject: Security ID: S-1-5-21-1234567890 Account Name: jdoe.,0,Benign
2026-02-28 15:10:29,4634,7,2588,An account was logged off. Subject: Security ID: S-1-5-21-1234567890 Account Name: jdoe.,0,Benign
2026-02-24 17:26:39,4624,3,7424,An account was successfully logged on. Logon Type: 2 Interactive.,0,Benign
2026-03-01 16:18:35,4634,9,2180,An account was logged off. Subject: Security ID: S-1-5-21-1234567890 Account Name: jdoe.,0,Benign
2026-02-26 15:25:35,4625,11,3909,An account failed to log on. Failure Reason: Unknown user name or bad password. Status: 0xC000006D Sub Status: 0xC000006A.,1,Benign
2026-02-25 15:41:36,4688,7,2837,A new process has been created. New Process Name: C:\Program Files\Google\Chrome\chrome.exe Command Line: chrome.exe --type=renderer.,0,Benign
2026-02-23 08:37:18,4624,11,798,An account was successfully logged on. Logon Type: 10 Remote Desktop Services.,0,Benign
2026-02-24 17:40:39,4624,3,5073,An account was successfully logged on. New Logon: Account Name: jdoe Account Domain: CORP Logon ID: 0x1A2B3C.,0,Benign
2026-02-23 16:10:07,4624,11,9674,An account was successfully logged on. Logon Type: 10 Remote Desktop Services.,0,Benign
2026-02-24 13:55:23,4688,7,9681,A new process has been created. New Process Name: C:\Windows\System32\notepad.exe.,0,Benign
2026-02-25 00:28:53,4625,11,5791,An account failed to log on. Logon Type: 10 Remote Desktop Services.,0,Benign
2026-02-28 14:25:41,4634,5,7234,An account was logged off. Subject: Security ID: S-1-5-21-1234567890 Account Name: jdoe.,0,Benign
2026-02-26 13:14:58,4625,11,3502,An account failed to log on. Logon Type: 10 Remote Desktop Services.,0,Benign
2026-02-26 09:18:12,4625,7,1492,An account failed to log on. Failure Reason: Account locked out.,0,Benign
2026-02-24 16:17:33,4624,10,3578,An account was successfully logged on. Logon Type: 2 Interactive.,0,Benign
2026-02-24 14:05:57,4625,2,2377,An account failed to log on. Failure Reason: Unknown user name or bad password. Status: 0xC000006D Sub Status: 0xC000006A.,0,Benign
2026-02-27 09:06:51,4648,9,7301,A logon was attempted using explicit credentials. Target Server: localhost Target User: admin.,0,Benign
2026-02-23 13:27:58,4624,8,4531,An account was successfully logged on. Subject: Security ID: S-1-5-21-1234567890 Account Name: Administrator Account Domain: CORP Logon Type: 3.,0,Benign
2026-02-26 10:25:12,4648,8,8921,A logon was attempted using explicit credentials. Process: C:\Windows\System32\runas.exe.,0,Benign
2026-03-01 14:52:43,4624,7,5113,An account was successfully logged on. Subject: Security ID: S-1-5-21-1234567890 Account Name: Administrator Account Domain: CORP Logon Type: 3.,0,Benign
2026-03-01 14:12:58,4625,11,5919,An account failed to log on. Logon Type: 10 Remote Desktop Services.,0,Benign
2026-02-24 17:30:28,4624,2,5324,An account was successfully logged on. Subject: Security ID: S-1-5-18 Account Name: SYSTEM Account Domain: NT AUTHORITY Logon ID: 0x3E7 Logon Type: 5.,0,Benign
2026-03-01 11:00:16,4624,2,1534,An account was successfully logged on. Logon Type: 2 Interactive.,0,Benign
2026-02-27 07:22:42,4624,9,8526,An account was successfully logged on. Logon Type: 10 Remote Desktop Services.,0,Benign
2026-02-26 03:54:43,4720,9,4887,Special privileges assigned to new logon. Subject: Security ID: S-1-5-21-9876543210 Account Name: backdoor.,1,T1078
