2026-02-26 11:12:57,4625,11,9399,An account failed to log on. Account Name: administrator Source Network Address: 192.168.1.50.,0,Benign
2026-03-01 04:30:58,4625,10,8068,An account failed to log on. Failure Reason: Unknown user name or bad password. Status: 0xC000006D Sub Status: 0xC000006A.,0,Benign
2026-02-26 17:26:14,4625,9,1421,An account failed to log on. Failure Reason: Unknown user name or bad password. Status: 0xC000006D Sub Status: 0xC000006A.,0,Benign
2026-02-23 17:45:01,4624,3,7384,An account was successfully logged on. New Logon: Account Name: jdoe Account Domain: CORP Logon ID: 0x1A2B3C.,0,Benign
2026-02-24 08:22:56,4634,8,7466,An account was logged off. Logon Type: 3.,0,Benign
2026-02-25 08:30:04,4634,9,9473,An account was logged off. Subject: Security ID: S-1-5-21-1234567890 Account Name: jdoe.,0,Benign
2026-02-26 05:02:25,4625,10,7067,An account failed to log on. Failure Reason: Account locked out.,0,Benign
2026-02-23 07:20:26,4634,3,3405,An account was logged off. Logon Type: 2 Interactive.,0,Benign
2026-03-01 15:04:17,4688,2,4682,A new process has been created. New Process Name: C:\Program Files\Google\Chrome\chrome.exe Command Line: chrome.exe --type=renderer.,0,Benign
2026-02-23 19:53:05,4624,5,7960,An account was successfully logged on. New Logon: Account Name: jdoe Account Domain: CORP Logon ID: 0x1A2B3C.,0,Benign
2026-02-24 11:20:43,4648,9,2047,A logon was attempted using explicit credentials. Target Server: DC01 Target User: backup_svc.,0,Benign
2026-02-28 14:24:42,4624,12,3596,An account was successfully logged on. Subject: Security ID: S-1-5-21-1234567890 Account Name: Administrator Account Domain: CORP Logon Type: 3.,0,Benign
2026-02-27 01:45:26,4732,10,6526,A member was added to a security-enabled local group. Member Name: backdoor Group Name: Administrators.,1,T1078
2026-02-23 13:59:50,4648,5,9652,A logon was attempted using explicit credentials. Process: C:\Windows\System32\runas.exe.,0,Benign
2026-02-28 15:49:23,4625,10,3308,An account failed to log on. Subject: Security ID: S-1-0-0 Account Name: - Account Domain: - Logon Type: 3.,0,Benign
2026-02-27 12:04:39,4625,3,355,An account failed to log on. Failure Reason: Account locked out.,0,Benign
2026-02-27 14:22:40,4625,9,9651,An account failed to log on. Account Name: administrator Source Network Address: 192.168.1.50.,0,Benign
2026-02-25 17:35:14,4625,8,5251,An account failed to log on. Account Name: administrator Source Network Address: 192.168.1.50.,0,Benign
2026-02-23 11:14:42,4634,9,429,An account was logged off. Subject: Security ID: S-1-5-21-1234567890 Account Name: jdoe.,0,Benign
2026-02-23 12:16:47,4648,5,7977,A logon was attempted using explicit credentials. Target Server: DC01 Target User: backup_svc.,0,Benign
2026-02-24 12:28:15,4688,3,9249,A new process has been created. New Process Name: C:\Windows\System32\svchost.exe Creator Process Name: C:\Windows\System32\services.exe.,0,Benign
2026-02-28 13:16:57,4634,3,5991,An account was logged off. Subject: Security ID: S-1-5-21-1234567890 Account Name: jdoe.,0,Benign
2026-02-28 08:07:16,4624,12,8753,An account was successfully logged on. Subject: Security ID: S-1-5-18 Account Name: SYSTEM Account Domain: NT AUTHORITY Logon ID: 0x3E7 Logon Type: 5.,0,Benign
2026-02-26 10:06:49,4625,8,7322,An account failed to log on. Subject: Security ID: S-1-0-0 Account Name: - Account Domain: - Logon Type: 3.,0,Benign
2026-02-26 17:45:19,4648,5,5476,A logon was attempted using explicit credentials. Target Server: localhost Target User: admin.,1,Benign
2026-02-25 08:12:32,4625,7,4387,An account failed to log on. Account Name: administrator Source Network Address: 192.168.1.50.,0,Benign
2026-02-26 22:14:28,4688,7,8187,A new process has been created. New Process Name: C:\Windows\System32\cmd.exe Command Line: cmd.exe /c dir.,0,Benign
2026-02-23 10:42:40,4648,11,6507,A logon was attempted using explicit credentials. Target Server: DC01 Target User: backup_svc.,0,Benign
2026-02-23 13:05:08,4624,11,5161,An account was successfully logged on. Subject: Security ID: S-1-5-21-1234567890 Account Name: Administrator Account Domain: CORP Logon Type: 3.,0,Benign
2026-02-26 14:13:17,4720,9,7091,A user account was created. New Account Name: svc_backup New Account Domain: CORP.,0,Benign
2026-02-28 13:42:19,4648,12,5715,A logon was attempted using explicit credentials. Target Server: localhost Target User: admin.,0,Benign
2026-02-26 05:51:24,4624,11,6956,An account was successfully logged on. Logon Type: 10 Remote Desktop Services.,0,Benign
2026-02-24 12:35:44,4688,2,9338,A new process has been created. New Process Name: C:\Program Files\Google\Chrome\chrome.exe Command Line: chrome.exe --type=renderer.,0,Benign
2026-02-28 20:56:11,4732,3,6524,Special privileges assigned to new logon. Subject: Security ID: S-1-5-21-9876543210 Account Name: backdoor.,1,T1078
2026-03-01 13:59:00,4625,10,8324,An account failed to log on. Logon Type: 10 Remote Desktop Services.,0,Benign
2026-02-26 17:59:04,4688,11,2221,A new process has been created. New Process Name: C:\Windows\System32\cmd.exe Command Line: cmd.exe /c dir.,0,Benign
2026-02-24 07:26:34,4688,7,8568,A new process has been created. New Process Name: C:\Program Files\Google\Chrome\chrome.exe Command Line: chrome.exe --type=renderer.,0,Benign
2026-02-26 08:03:11,4624,8,8384,An account was successfully logged on. Logon Type: 10 Remote Desktop Services.,0,Benign
2026-02-23 14:04:21,4624,12,6102,An account was successfully logged on. New Logon: Account Name: jdoe Account Domain: CORP Logon ID: 0x1A2B3C.,0,Benign
2026-03-01 10:27:17,4625,10,6019,An account failed to log on. Subject: Security ID: S-1-0-0 Account Name: - Account Domain: - Logon Type: 3.,0,Benign
2026-02-28 17:37:50,4720,5,9194,A user account was created. New Account Name: tempuser New Account Domain: CORP.,0,Benign
2026-02-23 16:48:35,4688,9,704,A new process has been created. New Process Name: C:\Program Files\Google\Chrome\chrome.exe Command Line: chrome.exe --type=renderer.,0,Benign
2026-02-24 15:42:56,4648,12,3942,A logon was attempted using explicit credentials. Process: C:\Windows\System32\runas.exe.,0,Benign
2026-02-27 16:06:59,4624,2,2350,An account was successfully logged on. Subject: Security ID: S-1-5-21-1234567890 Account Name: Administrator Account Domain: CORP Logon Type: 3.,0,Benign
2026-03-01 09:34:21,4688,12,6454,A new process has been created. New Process Name: C:\Windows\System32\svchost.exe Creator Process Name: C:\Windows\System32\services.exe.,0,Benign
2026-02-25 09:39:47,4624,3,6862,An account was successfully logged on. Logon Type: 10 Remote Desktop Services.,0,Benign
2026-02-26 10:16:07,4634,2,6315,An account was logged off. Subject: Security ID: S-1-5-21-1234567890 Account Name: jdoe.,0,Benign
2026-02-25 08:37:45,4672,10,3838,Special privileges assigned to new logon. Account Name: SYSTEM Privileges: SeBackupPrivilege SeRestorePrivilege.,0,Benign
2026-02-24 10:41:26,4732,12,5489,A member was added to a security-enabled local group. Member Name: jdoe Group Name: Remote Desktop Users.,0,Benign
2026-02-23 14:56:36,4648,9,844,A logon was attempted using explicit credentials. Target Server: DC01 Target User: backup_svc.,0,Benign
2026-02-28 14:26:54,4624,10,695,An account was successfully logged on. Logon Type: 2 Interactive.,0,Benign
2026-02-24 16:04:44,4648,12,3738,A logon was attempted using explicit credentials. Target Server: localhost Target User: admin.,0,Benign
2026-02-27 12:46:31,4720,5,8136,A user account was created. New Account Name: svc_backup New Account Domain: CORP.,0,Benign
2026-02-23 08:42:35,4648,11,6215,A logon was attempted using explicit credentials. Process: C:\Windows\System32\runas.exe.,0,Benign
2026-02-25 13:05:24,4624,10,4817,An account was successfully logged on. Logon Type: 10 Remote Desktop Services.,0,Benign
2026-02-23 14:44:23,4634,11,8481,An account was logged off. Logon Type: 2 Interactive.,0,Benign
2026-02-23 02:02:16,4634,2,9174,An account was logged off. Subject: Security ID: S-1-5-21-1234567890 Account Name: jdoe.,0,Benign
2026-03-01 08:46:35,4624,5,1702,An account was successfully logged on. Subject: Security ID: S-1-5-18 Account Name: SYSTEM Account Domain: NT AUTHORITY Logon ID: 0x3E7 Logon Type: 5.,0,Benign
2026-02-23 16:17:40,4624,3,624,An account was successfully logged on. New Logon: Account Name: jdoe Account Domain: CORP Logon ID: 0x1A2B3C.,0,Benign
2026-02-23 10:11:19,4624,11,4996,An account was successfully logged on. Subject: Security ID: S-1-5-21-1234567890 Account Name: Administrator Account Domain: CORP Logon Type: 3.,0,Benign
2026-03-01 08:08:25,4634,8,9398,An account was logged off. Logon Type: 3.,0,Benign
2026-02-28 15:00:05,4624,3,9365,An account was successfully logged on. New Logon: Account Name: jdoe Account Domain: CORP Logon ID: 0x1A2B3C.,0,Benign
2026-02-24 08:38:38,4624,2,5906,An account was successfully logged on. Subject: Security ID: S-1-5-18 Account Name: SYSTEM Account Domain: NT AUTHORITY Logon ID: 0x3E7 Logon Type: 5.,0,Benign
2026-03-01 17:56:15,4648,12,6899,A logon was attempted using explicit credentials. Target Server: localhost Target User: admin.,0,Benign
2026-02-27 17:49:20,4624,11,3758,An account was successfully logged on. Logon Type: 10 Remote Desktop Services.,0,Benign
2026-02-25 08:08:00,4624,7,727,An account was successfully logged on. Logon Type: 2 Interactive.,0,Benign
2026-02-28 10:08:04,4624,5,6067,An account was successfully logged on. Logon Type: 2 Interactive.,0,Benign
2026-02-27 10:48:13,4648,3,1723,A logon was attempted using explicit credentials. Process: C:\Windows\System32\runas.exe.,0,Benign
2026-02-24 01:08:38,4624,11,1792,An account was successfully logged on. Subject: Security ID: S-1-5-18 Account Name: SYSTEM Account Domain: NT AUTHORITY Logon ID: 0x3E7 Logon Type: 5.,0,Benign
2026-02-24 03:40:07,4648,8,2054,A logon was attempted using explicit credentials. Target Server: localhost Target User: admin.,0,Benign
2026-02-24 16:06:54,4624,2,4612,An account was successfully logged on. Logon Type: 10 Remote Desktop Services.,0,Benign
2026-02-27 11:25:05,4624,7,3383,An account was successfully logged on. Logon Type: 2 Interactive.,0,Benign
2026-02-27 18:02:15,4624,8,3388,An account was successfully logged on. Logon Type: 2 Interactive.,0,Benign
2026-03-01 17:54:39,4624,8,8305,An account was successfully logged on. New Logon: Account Name: jdoe Account Domain: CORP Logon ID: 0x1A2B3C.,0,Benign
2026-02-23 09:00:01,4625,12,165,An account failed to log on. Logon Type: 10 Remote Desktop Services.,0,Benign
2026-02-25 17:32:04,4624,8,9033,An account was successfully logged on. Logon Type: 10 Remote Desktop Services.,0,Benign
2026-02-26 11:21:29,4634,10,6507,An account was logged off. Subject: Security ID: S-1-5-21-1234567890 Account Name: jdoe.,0,Benign
2026-02-25 09:24:08,4625,2,8354,An account failed to log on. Subject: Security ID: S-1-0-0 Account Name: - Account Domain: - Logon Type: 3.,0,Benign
2026-02-23 14:35:32,4624,8,6709,An account was successfully logged on. Subject: Security ID: S-1-5-18 Account Name: SYSTEM Account Domain: NT AUTHORITY Logon ID: 0x3E7 Logon Type: 5.,0,Benign
2026-02-23 13:01:07,4688,7,2050,A new process has been created. New Process Name: C:\Windows\System32\powershell.exe Command Line: powershell -enc SQBFAFgA.,1,T1047
2026-02-25 10:31:52,4634,12,4637,An account was logged off. Logon Type: 2 Interactive.,0,Benign
2026-02-26 00:32:55,4624,12,9308,An account was successfully logged on. Logon Type: 2 Interactive.,0,Benign
2026-02-26 14:12:33,4648,7,1896,A logon was attempted using explicit credentials. Process: C:\Windows\System32\runas.exe.,0,Benign
2026-02-25 16:46:29,4624,7,4543,An account was successfully logged on. Logon Type: 2 Interactive.,0,Benign
2026-02-25 14:02:30,4625,12,7111,An account failed to log on. Account Name: administrator Source Network Address: 192.168.1.50.,0,Benign
2026-02-27 10:42:22,4625,2,2089,An account failed to log on. Logon Type: 10 Remote Desktop Services.,0,Benign
2026-02-28 19:03:17,4688,11,435,A new process has been created. New Process Name: C:\Windows\System32\svchost.exe Creator Process Name: C:\Windows\System32\services.exe.,0,Benign
2026-02-23 15:19:02,4624,12,5047,An account was successfully logged on. Logon Type: 10 Remote Desktop Services.,0,Benign
2026-03-01 13:59:37,4648,12,3280,A logon was attempted using explicit credentials. Target Server: localhost Target User: admin.,0,Benign
2026-02-24 14:16:43,4672,12,1122,Special privileges assigned to new logon. Subject: Security ID: S-1-5-18 Privileges: SeAssignPrimaryTokenPrivilege SeTcbPrivilege SeSecurityPrivilege.,0,Benign
2026-02-23 10:57:39,4634,10,8638,An account was logged off. Logon Type: 3.,0,Benign
2026-02-23 10:35:12,4688,7,958,A new process has been created. New Process Name: C:\Windows\System32\svchost.exe Creator Process Name: C:\Windows\System32\services.exe.,0,Benign
2026-02-23 13:05:09,4648,5,2088,A logon was attempted using explicit credentials. Target Server: DC01 Target User: backup_svc.,0,Benign
2026-02-23 16:21:31,4624,8,6459,An account was successfully logged on. Logon Type: 10 Remote Desktop Services.,0,Benign
2026-02-26 17:43:19,4624,3,4098,An account was successfully logged on. Logon Type: 10 Remote Desktop Services.,0,Benign
2026-02-28 08:10:23,4720,2,1592,A user account was created. New Account Name: tempuser New Account Domain: CORP.,0,Benign
2026-02-24 16:37:56,4688,3,7245,A new process has been created. New Process Name: C:\Windows\System32\svchost.exe Creator Process Name: C:\Windows\System32\services.exe.,0,Benign
2026-02-25 01:43:27,4624,11,1792,An account was successfully logged on. Logon Type: 2 Interactive.,0,Benign
2026-02-24 12:23:33,4688,10,2150,A new process has been created. New Process Name: C:\Program Files\Google\Chrome\chrome.exe Command Line: chrome.exe --type=renderer.,0,Benign
2026-02-23 17:18:47,4625,11,5608,An account failed to log on. Failure Reason: Account locked out.,0,Benign
2026-03-01 12:53:29,4624,8,3321,An account was successfully logged on. Subject: Security ID: S-1-5-18 Account Name: SYSTEM Account Domain: NT AUTHORITY Logon ID: 0x3E7 Logon Type: 5.,0,Benign
2026-02-25 12:11:35,4688,3,537,A new process has been created. New Process Name: C:\Windows\System32\svchost.exe Creator Process Name: C:\Windows\System32\services.exe.,0,Benign
2026-02-28 12:14:05,4625,10,7597,An account failed to log on. Failure Reason: Account locked out.,0,Benign
2026-02-23 08:00:18,4634,8,9832,An account was logged off. Logon Type: 3.,0,Benign
2026-02-24 20:21:38,4648,11,3387,A logon was attempted using explicit credentials. Target Server: localhost Target User: admin.,0,Benign
2026-02-23 12:56:03,4688,10,6777,A new process has been created. New Process Name: C:\Windows\System32\taskhostw.exe.,0,Benign
2026-02-26 09:59:30,4624,11,8402,An account was successfully logged on. Logon Type: 10 Remote Desktop Services.,0,Benign
2026-02-24 15:20:30,4624,2,2049,An account was successfully logged on. New Logon: Account Name: jdoe Account Domain: CORP Logon ID: 0x1A2B3C.,0,Benign
2026-03-01 14:25:14,4648,12,9810,A logon was attempted using explicit credentials. Target Server: localhost Target User: admin.,0,Benign
2026-03-01 12:59:27,4624,3,3504,An account was successfully logged on. Logon Type: 10 Remote Desktop Services.,0,Benign
2026-02-24 10:46:04,4625,8,7066,An account failed to log on. Subject: Security ID: S-1-0-0 Account Name: - Account Domain: - Logon Type: 3.,0,Benign
2026-03-01 00:10:54,4625,2,1393,An account failed to log on. Logon Type: 10 Remote Desktop Services.,0,Benign
2026-03-01 10:53:01,4634,12,4825,An account was logged off. Logon Type: 3.,0,Benign
2026-02-23 08:32:47,4672,9,2211,Special privileges assigned to new logon. Subject: Security ID: S-1-5-18 Privileges: SeAssignPrimaryTokenPrivilege SeTcbPrivilege SeSecurityPrivilege.,0,Benign
2026-02-23 15:08:34,4634,8,6901,An account was logged off. Logon Type: 3.,0,Benign
2026-02-26 17:00:54,4624,7,2378,An account was successfully logged on. Logon Type: 2 Interactive.,0,Benign
2026-02-25 11:22:15,4688,7,4274,A new process has been created. New Process Name: C:\Windows\System32\notepad.exe.,0,Benign
2026-02-24 03:43:41,4648,12,4370,A logon was attempted using explicit credentials. Process: C:\Windows\System32\runas.exe.,0,Benign
2026-02-26 16:43:02,4625,9,4359,An account failed to log on. Failure Reason: Unknown user name or bad password. Status: 0xC000006D Sub Status: 0xC000006A.,0,Benign
2026-02-23 23:03:51,4648,3,6591,A logon was attempted using explicit credentials. Target Server: localhost Target User: admin.,0,Benign
2026-02-28 04:51:32,4624,7,7379,An account was successfully logged on. New Logon: Account Name: jdoe Account Domain: CORP Logon ID: 0x1A2B3C.,0,Benign
2026-02-24 19:25:13,4624,5,6657,An account was successfully logged on. Logon Type: 10 Remote Desktop Services.,0,Benign
2026-02-26 16:13:19,4624,2,7436,An account was successfully logged on. Subject: Security ID: S-1-5-18 Account Name: SYSTEM Account Domain: NT AUTHORITY Logon ID: 0x3E7 Logon Type: 5.,0,Benign
2026-02-23 22:03:07,4648,5,5154,A logon was attempted using explicit credentials. Target Server: DC01 Target User: backup_svc.,0,Benign
2026-02-25 17:53:54,4688,5,3494,A new process has been created. New Process Name: C:\Program Files\Google\Chrome\chrome.exe Command Line: chrome.exe --type=renderer.,0,Benign
2026-02-24 14:41:38,4624,3,3906,An account was successfully logged on. Subject: Security ID: S-1-5-21-1234567890 Account Name: Administrator Account Domain: CORP Logon Type: 3.,0,Benign
2026-02-27 20:01:00,4625,9,1476,An account failed to log on. Account Name: administrator Source Network Address: 192.168.1.50.,0,Benign
2026-02-25 09:40:48,4624,2,7990,An account was successfully logged on. Subject: Security ID: S-1-5-18 Account Name: SYSTEM Account Domain: NT AUTHORITY Logon ID: 0x3E7 Logon Type: 5.,0,Benign
2026-02-24 17:53:04,4624,12,723,An account was successfully logged on. New Logon: Account Name: jdoe Account Domain: CORP Logon ID: 0x1A2B3C.,0,Benign
2026-02-26 15:12:18,4624,7,7400,An account was successfully logged on. Subject: Security ID: S-1-5-21-1234567890 Account Name: Administrator Account Domain: CORP Logon Type: 3.,0,Benign
2026-02-27 09:02:31,4648,12,6653,A logon was attempted using explicit credentials. Target Server: localhost Target User: admin.,0,Benign
2026-02-24 10:11:10,4648,2,8360,A logon was attempted using explicit credentials. Process: C:\Windows\System32\runas.exe.,0,Benign
2026-02-27 00:13:21,4624,2,6678,An account was successfully logged on. Subject: Security ID: S-1-5-18 Account Name: SYSTEM Account Domain: NT AUTHORITY Logon ID: 0x3E7 Logon Type: 5.,0,Benign
2026-02-23 12:05:38,4634,2,8887,An account was logged off. Logon Type: 2 Interactive.,0,Benign
2026-02-27 10:43:36,4624,8,2407,An account was successfully logged on. Subject: Security ID: S-1-5-21-1234567890 Account Name: Administrator Account Domain: CORP Logon Type: 3.,0,Benign
2026-02-28 16:48:57,4688,8,7194,A new process has been created. New Process Name: C:\Windows\System32\cmd.exe Command Line: cmd.exe /c dir.,0,Benign
2026-02-23 09:32:30,4672,5,3567,Special privileges assigned to new logon. Subject: Security ID: S-1-5-21-1234567890 Account Name: Administrator Privileges: SeDebugPrivilege.,0,Benign
2026-02-25 17:59:08,4672,7,6681,Special privileges assigned to new logon. Subject: Security ID: S-1-5-18 Privileges: SeAssignPrimaryTokenPrivilege SeTcbPrivilege SeSecurityPrivilege.,0,Benign
2026-02-28 08:33:33,4625,10,3177,An account failed to log on. Failure Reason: Account locked out.,0,Benign
2026-02-23 17:57:04,4688,8,9705,A new process has been created. New Process Name: C:\Program Files\Google\Chrome\chrome.exe Command Line: chrome.exe --type=renderer.,0,Benign
2026-02-27 15:12:51,4624,9,4428,An account was successfully logged on. Subject: Security ID: S-1-5-18 Account Name: SYSTEM Account Domain: NT AUTHORITY Logon ID: 0x3E7 Logon Type: 5.,0,Benign
2026-02-25 14:38:49,4624,3,3853,An account was successfully logged on. Logon Type: 2 Interactive.,0,Benign
2026-02-25 20:26:58,4634,7,9539,An account was logged off. Subject: Security ID: S-1-5-21-1234567890 Account Name: jdoe.,0,Benign
2026-02-25 12:50:19,4688,10,329,A new process has been created. New Process Name: C:\Windows\System32\cmd.exe Command Line: cmd.exe /c dir.,0,Benign
2026-02-23 14:36:44,4720,3,1195,A user account was created. New Account Name: tempuser New Account Domain: CORP.,0,Benign
2026-02-25 14:03:43,4625,3,8057,An account failed to log on. Failure Reason: Account locked out.,0,Benign
2026-02-27 10:12:51,4624,12,1693,An account was successfully logged on. Subject: Security ID: S-1-5-18 Account Name: SYSTEM Account Domain: NT AUTHORITY Logon ID: 0x3E7 Logon Type: 5.,0,Benign
2026-02-26 11:41:23,4688,3,2504,A new process has been created. New Process Name: C:\Windows\System32\svchost.exe Creator Process Name: C:\Windows\System32\services.exe.,0,Benign
2026-02-25 02:15:32,4720,12,5177,A user account was created. New Account Name: svc_backup New Account Domain: CORP.,0,Benign
2026-02-28 14:22:37,4688,7,992,A new process has been created. New Process Name: C:\Windows\System32\notepad.exe.,0,Benign
2026-02-27 11:33:11,4634,9,5810,An account was logged off. Subject: Security ID: S-1-5-21-1234567890 Account Name: jdoe.,0,Benign
2026-02-27 08:33:13,4624,8,2406,An account was successfully logged on. New Logon: Account Name: jdoe Account Domain: CORP Logon ID: 0x1A2B3C.,0,Benign
2026-02-28 09:56:54,4624,10,845,An account was successfully logged on. New Logon: Account Name: jdoe Account Domain: CORP Logon ID: 0x1A2B3C.,0,Benign
2026-03-01 17:06:50,4624,12,4331,An account was successfully logged on. Logon Type: 10 Remote Desktop Services.,0,Benign
2026-02-27 11:43:08,4648,2,355,A logon was attempted using explicit credentials. Target Server: localhost Target User: admin.,0,Benign
2026-02-27 14:40:54,4624,10,7290,An account was successfully logged on. Logon Type: 2 Interactive.,0,Benign
2026-02-27 09:48:07,4688,9,8457,A new process has been created. New Process Name: C:\Windows\System32\taskhostw.exe.,0,Benign
2026-03-01 15:56:47,4624,11,4226,An account was successfully logged on. New Logon: Account Name: jdoe Account Domain: CORP Logon ID: 0x1A2B3C.,0,Benign
2026-02-23 12:19:36,4688,9,4035,A new process has been created. New Process Name: C:\Windows\System32\notepad.exe.,0,Benign
2026-02-26 13:54:16,4672,11,7625,Special privileges assigned to new logon. Subject: Security ID: S-1-5-18 Privileges: SeAssignPrimaryTokenPrivilege SeTcbPrivilege SeSecurityPrivilege.,0,Benign
2026-02-25 15:29:08,4624,12,4254,An account was successfully logged on. Subject: Security ID: S-1-5-18 Account Name: SYSTEM Account Domain: NT AUTHORITY Logon ID: 0x3E7 Logon Type: 5.,0,Benign
2026-03-01 02:49:18,4634,10,870,An account was logged off. Subject: Security ID: S-1-5-21-1234567890 Account Name: jdoe.,0,Benign
2026-02-26 17:54:08,4624,11,4192,An account was successfully logged on. Subject: Security ID: S-1-5-21-1234567890 Account Name: Administrator Account Domain: CORP Logon Type: 3.,0,Benign
2026-02-25 11:38:28,4672,5,4220,Special privileges assigned to new logon. Subject: Security ID: S-1-5-21-1234567890 Account Name: Administrator Privileges: SeDebugPrivilege.,0,Benign
2026-02-27 17:16:35,4625,12,3684,An account failed to log on. Logon Type: 10 Remote Desktop Services.,0,Benign
2026-02-25 17:04:59,4624,2,1333,An account was successfully logged on. Logon Type: 2 Interactive.,0,Benign
2026-02-26 14:37:49,4624,11,4860,An account was successfully logged on. Subject: Security ID: S-1-5-21-1234567890 Account Name: Administrator Account Domain: CORP Logon Type: 3.,0,Benign
2026-03-01 21:42:36,4634,8,9958,An account was logged off. Logon Type: 2 Interactive.,0,Benign
2026-02-28 08:22:00,4688,3,1658,A new process has been created. New Process Name: C:\Windows\System32\taskhostw.exe.,0,Benign
2026-02-24 13:02:24,4634,3,8063,An account was logged off. Logon Type: 3.,0,Benign
2026-02-24 07:54:26,4624,11,2218,An account was successfully logged on. Subject: Security ID: S-1-5-18 Account Name: SYSTEM Account Domain: NT AUTHORITY Logon ID: 0x3E7 Logon Type: 5.,0,Benign
2026-02-24 15:32:43,4625,7,9507,An account failed to log on. Subject: Security ID: S-1-0-0 Account Name: - Account Domain: - Logon Type: 3.,0,Benign
2026-03-01 12:13:34,4648,7,8088,A logon was attempted using explicit credentials. Process: C:\Windows\System32\runas.exe.,0,Benign
2026-02-23 17:54:43,4624,12,3731,An account was successfully logged on. Logon Type: 10 Remote Desktop Services.,0,Benign
2026-02-23 01:48:47,1100,7,7905,The audit log was cleared. Subject: Security ID: S-1-5-21-9876543210 Account Name: attacker.,1,T1070
2026-02-23 17:26:09,4634,11,4707,An account was logged off. Logon Type: 2 Interactive.,0,Benign
2026-02-26 12:43:21,4624,9,5199,An account was successfully logged on. Logon Type: 10 Remote Desktop Services.,0,Benign
2026-02-25 09:09:16,4624,2,3349,An account was successfully logged on. Subject: Security ID: S-1-5-21-1234567890 Account Name: Administrator Account Domain: CORP Logon Type: 3.,0,Benign
2026-02-23 13:53:32,4720,5,6128,A user account was created. New Account Name: test_account.,0,Benign
2026-02-28 09:20:31,4624,9,2121,An account was successfully logged on. Subject: Security ID: S-1-5-18 Account Name: SYSTEM Account Domain: NT AUTHORITY Logon ID: 0x3E7 Logon Type: 5.,0,Benign
2026-02-28 12:02:30,4624,2,5829,An account was successfully logged on. New Logon: Account Name: jdoe Account Domain: CORP Logon ID: 0x1A2B3C.,0,Benign
2026-02-24 16:35:17,4688,9,3314,A new process has been created. New Process Name: C:\Windows\System32\svchost.exe Creator Process Name: C:\Windows\System32\services.exe.,0,Benign
2026-02-27 11:33:49,4634,5,8363,An account was logged off. Subject: Security ID: S-1-5-21-1234567890 Account Name: jdoe.,0,Benign
2026-02-28 20:12:42,4688,12,9543,A new process has been created. New Process Name: C:\Windows\System32\taskhostw.exe.,0,Benign
2026-02-28 16:00:35,4688,3,2658,A new process has been created. New Process Name: C:\Windows\System32\cmd.exe Command Line: cmd.exe /c dir.,0,Benign
2026-02-28 12:51:11,4648,8,5089,A logon was attempted using explicit credentials. Target Server: localhost Target User: admin.,0,Benign
2026-02-25 08:29:01,4625,9,7921,An account failed to log on. Logon Type: 10 Remote Desktop Services.,0,Benign
2026-02-26 15:38:51,4732,12,9652,A member was added to a security-enabled local group. Member Name: jdoe Group Name: Remote Desktop Users.,0,Benign
2026-02-27 17:57:53,4634,10,7840,An account was logged off. Logon Type: 2 Interactive.,0,Benign
2026-02-28 15:28:33,4624,12,9233,An account was successfully logged on. New Logon: Account Name: jdoe Account Domain: CORP Logon ID: 0x1A2B3C.,0,Benign
2026-02-24 11:26:57,4624,7,1359,An account was successfully logged on. New Logon: Account Name: jdoe Account Domain: CORP Logon ID: 0x1A2B3C.,0,Benign
2026-02-25 10:12:12,4624,10,3784,An account was successfully logged on. New Logon: Account Name: jdoe Account Domain: CORP Logon ID: 0x1A2B3C.,0,Benign
2026-02-27 10:00:57,4624,3,694,An account was successfully logged on. New Logon: Account Name: jdoe Account Domain: CORP Logon ID: 0x1A2B3C.,0,Benign
2026-02-23 09:19:06,4624,12,1613,An account was successfully logged on. Subject: Security ID: S-1-5-21-1234567890 Account Name: Administrator Account Domain: CORP Logon Type: 3.,0,Benign
2026-02-23 13:02:44,4624,8,4530,An account was successfully logged on. New Logon: Account Name: jdoe Account Domain: CORP Logon ID: 0x1A2B3C.,0,Benign
2026-02-25 16:31:01,4634,8,8369,An account was logged off. Logon Type: 2 Interactive.,0,Benign
2026-02-27 14:10:07,4624,8,8179,An account was successfully logged on. Subject: Security ID: S-1-5-21-1234567890 Account Name: Administrator Account Domain: CORP Logon Type: 3.,0,Benign
2026-02-23 13:17:17,4648,2,7524,A logon was attempted using explicit credentials. Process: C:\Windows\System32\runas.exe.,0,Benign
2026-02-27 14:20:58,4688,5,3341,A new process has been created. New Process Name: C:\Windows\System32\taskhostw.exe.,0,Benign
2026-03-01 17:50:38,4672,2,7101,Special privileges assigned to new logon. Subject: Security ID: S-1-5-18 Privileges: SeAssignPrimaryTokenPrivilege SeTcbPrivilege SeSecurityPrivilege.,0,Benign
2026-03-01 16:33:04,4625,3,1846,An account failed to log on. Logon Type: 10 Remote Desktop Services.,0,Benign
2026-02-23 09:08:43,4624,9,5870,An account was successfully logged on. Logon Type: 2 Interactive.,0,Benign
2026-02-26 11:59:40,1100,12,9823,The event logging service has shut down. Reason: The log was cleared by user.,1,T1070
2026-02-25 12:02:21,4625,3,1445,An account failed to log on. Logon Type: 10 Remote Desktop Services.,0,Benign
2026-02-24 14:08:43,4624,11,2705,An account was successfully logged on. Logon Type: 2 Interactive.,0,Benign
2026-02-27 14:02:17,4625,10,2026,An account failed to log on. Failure Reason: Account locked out.,0,Benign
2026-02-23 09:56:20,4688,2,896,A new process has been created. New Process Name: C:\Windows\System32\cmd.exe Command Line: cmd.exe /c dir.,0,Benign
2026-03-01 03:11:52,4625,9,7355,An account failed to log on. Failure Reason: Unknown user name or bad password. Status: 0xC000006D Sub Status: 0xC000006A.,0,Benign
2026-03-01 11:15:21,4624,10,8377,An account was successfully logged on. Subject: Security ID: S-1-5-18 Account Name: SYSTEM Account Domain: NT AUTHORITY Logon ID: 0x3E7 Logon Type: 5.,0,Benign
2026-02-28 13:00:58,4624,12,7142,An account was successfully logged on. New Logon: Account Name: jdoe Account Domain: CORP Logon ID: 0x1A2B3C.,0,Benign
2026-02-24 10:11:13,4688,2,9237,A new process has been created. New Process Name: C:\Windows\System32\notepad.exe.,0,Benign
2026-02-23 12:53:30,4624,9,3905,An account was successfully logged on. Subject: Security ID: S-1-5-18 Account Name: SYSTEM Account Domain: NT AUTHORITY Logon ID: 0x3E7 Logon Type: 5.,0,Benign
2026-02-26 17:09:16,4625,10,3972,An account failed to log on. Account Name: administrator Source Network Address: 192.168.1.50.,0,Benign
2026-02-28 09:59:26,4625,7,4147,An account failed to log on. Logon Type: 10 Remote Desktop Services.,0,Benign
2026-02-26 08:18:33,4688,10,8346,A new process has been created. New Process Name: C:\Program Files\Google\Chrome\chrome.exe Command Line: chrome.exe --type=renderer.,0,Benign
2026-02-26 17:36:29,4688,10,7285,A new process has been created. New Process Name: C:\Windows\System32\cmd.exe Command Line: cmd.exe /c dir.,0,Benign
2026-03-01 08:28:59,4688,8,8559,A new process has been created. New Process Name: C:\Windows\System32\notepad.exe.,0,Benign
2026-03-01 11:12:37,4624,9,3679,An account was successfully logged on. Logon Type: 2 Interactive.,0,Benign
2026-02-24 11:22:38,4688,8,9211,A new process has been created. New Process Name: C:\Windows\System32\notepad.exe.,0,Benign
2026-03-01 08:54:04,4648,8,2195,A logon was attempted using explicit credentials. Target Server: DC01 Target User: backup_svc.,0,Benign
2026-02-28 12:43:13,4688,2,7364,A new process has been created. New Process Name: C:\Windows\System32\taskhostw.exe.,0,Benign
2026-02-28 16:21:26,4688,5,5715,A new process has been created. New Process Name: C:\Windows\System32\notepad.exe.,0,Benign
2026-03-01 17:55:28,4732,7,8026,A member was added to a security-enabled local group. Member Name: jdoe Group Name: Remote Desktop Users.,0,Benign
2026-02-24 10:57:31,4648,7,843,A logon was attempted using explicit credentials. Target Server: DC01 Target User: backup_svc.,0,Benign
2026-02-27 09:43:00,4624,3,360,An account was successfully logged on. Subject: Security ID: S-1-5-21-1234567890 Account Name: Administrator Account Domain: CORP Logon Type: 3.,0,Benign
2026-02-24 07:50:30,4624,10,4503,An account was successfully logged on. Subject: Security ID: S-1-5-21-1234567890 Account Name: Administrator Account Domain: CORP Logon Type: 3.,0,Benign
2026-02-26 11:36:58,4624,2,6649,An account was successfully logged on. Subject: Security ID: S-1-5-18 Account Name: SYSTEM Account Domain: NT AUTHORITY Logon ID: 0x3E7 Logon Type: 5.,0,Benign
2026-02-25 09:45:40,4624,11,2692,An account was successfully logged on. Subject: Security ID: S-1-5-18 Account Name: SYSTEM Account Domain: NT AUTHORITY Logon ID: 0x3E7 Logon Type: 5.,0,Benign
2026-02-27 11:36:53,4732,9,2427,A member was added to a security-enabled local group. Member Name: tempuser Group Name: Administrators.,0,Benign
2026-02-27 12:39:32,4624,3,5047,An account was successfully logged on. Logon Type: 2 Interactive.,0,Benign
2026-02-26 08:19:47,4720,5,3428,A user account was created. New Account Name: svc_backup New Account Domain: CORP.,0,Benign
2026-02-26 15:40:26,4634,12,137,An account was logged off. Logon Type: 3.,0,Benign
2026-02-23 12:21:07,4634,8,5308,An account was logged off. Subject: Security ID: S-1-5-21-1234567890 Account Name: jdoe.,0,Benign
2026-02-25 13:20:54,4624,3,9538,An account was successfully logged on. New Logon: Account Name: jdoe Account Domain: CORP Logon ID: 0x1A2B3C.,0,Benign
2026-02-27 12:33:42,4648,2,6054,A logon was attempted using explicit credentials. Target Server: DC01 Target User: backup_svc.,0,Benign
2026-02-27 17:53:31,4672,9,5665,Special privileges assigned to new logon. Subject: Security ID: S-1-5-18 Privileges: SeAssignPrimaryTokenPrivilege SeTcbPrivilege SeSecurityPrivilege.,0,Benign
2026-02-26 12:54:30,4624,2,5144,An account was successfully logged on. New Logon: Account Name: jdoe Account Domain: CORP Logon ID: 0x1A2B3C.,0,Benign
2026-02-27 10:18:48,4634,5,562,An account was logged off. Subject: Security ID: S-1-5-21-1234567890 Account Name: jdoe.,0,Benign
2026-02-24 00:52:34,4624,2,2955,An account was successfully logged on. Subject: Security ID: S-1-5-18 Account Name: SYSTEM Account Domain: NT AUTHORITY Logon ID: 0x3E7 Logon Type: 5.,0,Benign
2026-02-28 02:04:32,4634,5,7310,An account was logged off. Subject: Security ID: S-1-5-21-1234567890 Account Name: jdoe.,0,Benign
2026-02-27 10:19:44,4625,2,1054,An account failed to log on. Failure Reason: Unknown user name or bad password. Status: 0xC000006D Sub Status: 0xC000006A.,0,Benign
2026-03-01 17:01:45,4634,10,2689,An account was logged off. Logon Type: 3.,0,Benign
2026-02-25 20:22:50,4625,12,2476,An account failed to log on. Failure Reason: Account locked out.,0,Benign
2026-02-28 11:27:46,4624,2,8578,An account was successfully logged on. Logon Type: 10 Remote Desktop Services.,0,Benign
2026-02-25 13:14:52,4688,8,4872,A new process has been created. New Process Name: C:\Program Files\Google\Chrome\chrome.exe Command Line: chrome.exe --type=renderer.,0,Benign
2026-02-27 10:54:59,4625,9,7069,An account failed to log on. Failure Reason: Unknown user name or bad password. Status: 0xC000006D Sub Status: 0xC000006A.,0,Benign
2026-02-25 17:37:28,4648,12,9502,A logon was attempted using explicit credentials. Target Server: DC01 Target User: backup_svc.,0,Benign
2026-02-26 15:30:25,4624,11,2271,An account was successfully logged on. Logon Type: 10 Remote Desktop Services.,0,Benign
2026-02-25 10:11:27,4634,5,2454,An account was logged off. Logon Type: 3.,0,Benign
2026-03-01 13:29:04,4672,2,3582,Special privileges assigned to new logon. Subject: Security ID: S-1-5-18 Privileges: SeAssignPrimaryTokenPrivilege SeTcbPrivilege SeSecurityPrivilege.,1,Benign
2026-03-01 04:01:49,4688,2,3854,A new process has been created. New Process Name: C:\Windows\System32\notepad.exe.,0,Benign
2026-02-23 13:28:17,4688,8,1170,A new process has been created. New Process Name: C:\Windows\System32\taskhostw.exe.,0,Benign
2026-02-23 17:05:59,4624,7,2548,An account was successfully logged on. Subject: Security ID: S-1-5-18 Account Name: SYSTEM Account Domain: NT AUTHORITY Logon ID: 0x3E7 Logon Type: 5.,0,Benign
2026-02-25 11:01:35,4624,11,8084,An account was successfully logged on. Subject: Security ID: S-1-5-18 Account Name: SYSTEM Account Domain: NT AUTHORITY Logon ID: 0x3E7 Logon Type: 5.,0,Benign
2026-02-28 09:47:36,4624,10,4842,An account was successfully logged on. New Logon: Account Name: jdoe Account Domain: CORP Logon ID: 0x1A2B3C.,0,Benign
2026-02-28 11:52:58,4672,9,8430,Special privileges assigned to new logon. Subject: Security ID: S-1-5-21-1234567890 Account Name: Administrator Privileges: SeDebugPrivilege.,0,Benign
2026-02-24 15:37:43,4624,10,5545,An account was successfully logged on. Subject: Security ID: S-1-5-21-1234567890 Account Name: Administrator Account Domain: CORP Logon Type: 3.,0,Benign
2026-02-27 13:25:22,4624,5,8536,An account was successfully logged on. Logon Type: 2 Interactive.,0,Benign
2026-02-26 17:30:19,4624,8,1490,An account was successfully logged on. Subject: Security ID: S-1-5-21-1234567890 Account Name: Administrator Account Domain: CORP Logon Type: 3.,0,Benign
2026-02-24 09:36:47,4688,3,7601,A new process has been created. New Process Name: C:\Windows\System32\cmd.exe Command Line: cmd.exe /c dir.,0,Benign
2026-02-28 16:38:39,4624,10,4853,An account was successfully logged on. New Logon: Account Name: jdoe Account Domain: CORP Logon ID: 0x1A2B3C.,0,Benign
2026-02-28 15:04:13,4625,9,489,An account failed to log on. Subject: Security ID: S-1-0-0 Account Name: - Account Domain: - Logon Type: 3.,0,Benign
2026-02-28 13:37:42,4688,9,3946,A new process has been created. New Process Name: C:\Windows\System32\cmd.exe Command Line: cmd.exe /c dir.,0,Benign
2026-02-28 06:58:45,4624,11,4792,An account was successfully logged on. Subject: Security ID: S-1-5-18 Account Name: SYSTEM Account Domain: NT AUTHORITY Logon ID: 0x3E7 Logon Type: 5.,0,Benign
2026-03-01 14:35:52,4624,8,1059,An account was successfully logged on. Subject: Security ID: S-1-5-21-1234567890 Account Name: Administrator Account Domain: CORP Logon Type: 3.,0,Benign
2026-02-24 16:29:02,4634,3,7578,An account was logged off. Logon Type: 3.,0,Benign
2026-02-25 13:10:34,4672,3,225,Special privileges assigned to new logon. Subject: Security ID: S-1-5-21-1234567890 Account Name: Administrator Privileges: SeDebugPrivilege.,0,Benign
2026-02-26 17:53:16,4624,9,1529,An account was successfully logged on. New Logon: Account Name: jdoe Account Domain: CORP Logon ID: 0x1A2B3C.,0,Benign
2026-03-01 17:46:24,4624,7,2361,An account was successfully logged on. Logon Type: 10 Remote Desktop Services.,0,Benign
2026-02-25 13:51:12,4634,2,3818,An account was logged off. Logon Type: 2 Interactive.,0,Benign
2026-03-01 09:17:31,4624,12,1507,An account was successfully logged on. New Logon: Account Name: jdoe Account Domain: CORP Logon ID: 0x1A2B3C.,0,Benign
2026-03-01 00:06:34,1100,3,5602,The audit log was cleared. Account Name: administrator.,1,T1070
2026-03-01 08:14:46,4624,10,8403,An account was successfully logged on. New Logon: Account Name: jdoe Account Domain: CORP Logon ID: 0x1A2B3C.,0,Benign
2026-02-28 16:22:04,4624,2,4789,An account was successfully logged on. New Logon: Account Name: jdoe Account Domain: CORP Logon ID: 0x1A2B3C.,0,Benign
2026-02-23 09:11:30,4624,8,1231,An account was successfully logged on. Logon Type: 10 Remote Desktop Services.,0,Benign
2026-02-27 10:23:15,4688,5,5175,A new process has been created. New Process Name: C:\Program Files\Google\Chrome\chrome.exe Command Line: chrome.exe --type=renderer.,0,Benign
2026-02-25 17:46:38,4688,5,8506,A new process has been created. New Process Name: C:\Windows\System32\cmd.exe Command Line: cmd.exe /c dir.,0,Benign
2026-02-27 14:10:24,4688,7,8382,A new process has been created. New Process Name: C:\Windows\System32\cmd.exe Command Line: cmd.exe /c dir.,0,Benign
2026-03-01 17:33:09,4624,2,325,An account was successfully logged on. Logon Type: 2 Interactive.,0,Benign
2026-03-01 15:48:13,4672,7,182,Special privileges assigned to new logon. Subject: Security ID: S-1-5-18 Privileges: SeAssignPrimaryTokenPrivilege SeTcbPrivilege SeSecurityPrivilege.,0,Benign
2026-02-25 13:36:44,4624,5,4734,An account was successfully logged on. Subject: Security ID: S-1-5-21-1234567890 Account Name: Administrator Account Domain: CORP Logon Type: 3.,0,Benign
2026-02-26 07:34:07,4732,7,8093,A member was added to a security-enabled local group. Member Name: jdoe Group Name: Remote Desktop Users.,0,Benign
2026-02-24 15:03:17,4624,10,3200,An account was successfully logged on. Subject: Security ID: S-1-5-21-1234567890 Account Name: Administrator Account Domain: CORP Logon Type: 3.,0,Benign
2026-02-27 10:39:34,4624,3,5986,An account was successfully logged on. Subject: Security ID: S-1-5-18 Account Name: SYSTEM Account Domain: NT AUTHORITY Logon ID: 0x3E7 Logon Type: 5.,0,Benign
2026-02-26 11:58:24,4624,5,6625,An account was successfully logged on. Subject: Security ID: S-1-5-18 Account Name: SYSTEM Account Domain: NT AUTHORITY Logon ID: 0x3E7 Logon Type: 5.,0,Benign
2026-02-28 14:17:28,4634,10,5523,An account was logged off. Logon Type: 2 Interactive.,0,Benign
2026-02-26 09:29:27,4624,12,7346,An account was successfully logged on. Subject: Security ID: S-1-5-21-1234567890 Account Name: Administrator Account Domain: CORP Logon Type: 3.,0,Benign
2026-03-01 15:06:46,4634,5,5945,An account was logged off. Subject: Security ID: S-1-5-21-1234567890 Account Name: jdoe.,0,Benign
2026-03-01 13:24:26,4625,3,6159,An account failed to log on. Failure Reason: Account locked out.,0,Benign
2026-02-27 08:05:38,4688,8,4482,A new process has been created. New Process Name: C:\Windows\System32\svchost.exe Creator Process Name: C:\Windows\System32\services.exe.,0,Benign
2026-02-28 12:33:02,4634,12,106,An account was logged off. Logon Type: 2 Interactive.,0,Benign
2026-02-28 17:40:58,4688,11,8352,A new process has been created. New Process Name: C:\Windows\System32\taskhostw.exe.,0,Benign
2026-02-27 09:03:09,4688,9,6622,A new process has been created. New Process Name: C:\Windows\System32\taskhostw.exe.,0,Benign
2026-02-28 10:23:37,4634,9,7606,An account was logged off. Logon Type: 2 Interactive.,0,Benign
2026-02-23 23:29:28,4688,3,8427,A new process has been created. New Process Name: C:\Windows\System32\cmd.exe Command Line: cmd.exe /c dir.,0,Benign
2026-02-28 10:21:10,4624,10,8655,An account was successfully logged on. Subject: Security ID: S-1-5-21-1234567890 Account Name: Administrator Account Domain: CORP Logon Type: 3.,0,Benign
2026-02-25 14:41:49,4688,11,8809,A new process has been created. New Process Name: C:\Windows\System32\svchost.exe Creator Process Name: C:\Windows\System32\services.exe.,0,Benign
2026-02-24 14:58:36,4634,7,7788,An account was logged off. Logon Type: 3.,0,Benign
2026-03-01 10:44:02,4625,7,7783,An account failed to log on. Account Name: administrator Source Network Address: 192.168.1.50.,0,Benign
2026-02-26 15:43:29,4625,7,4207,An account failed to log on. Failure Reason: Unknown user name or bad password. Status: 0xC000006D Sub Status: 0xC000006A.,0,Benign
2026-02-24 13:20:22,4634,10,641,An account was logged off. Logon Type: 3.,0,Benign
2026-03-01 19:44:15,4634,2,7142,An account was logged off. Logon Type: 2 Interactive.,0,Benign
2026-02-25 08:33:22,4624,5,8685,An account was successfully logged on. New Logon: Account Name: jdoe Account Domain: CORP Logon ID: 0x1A2B3C.,0,Benign
2026-02-27 08:46:59,4625,3,453,An account failed to log on. Failure Reason: Account locked out.,0,Benign
2026-02-25 12:45:35,4688,7,5223,A new process has been created. New Process Name: C:\Program Files\Google\Chrome\chrome.exe Command Line: chrome.exe --type=renderer.,0,Benign
2026-02-28 04:51:28,4732,9,4351,A member was added to a security-enabled local group. Member Name: tempuser Group Name: Administrators.,0,Benign
2026-02-25 14:59:01,4688,3,131,A new process has been created. New Process Name: C:\Windows\System32\cmd.exe Command Line: cmd.exe /c dir.,0,Benign
2026-03-01 11:09:28,4672,8,3846,Special privileges assigned to new logon. Subject: Security ID: S-1-5-21-1234567890 Account Name: Administrator Privileges: SeDebugPrivilege.,0,Benign
2026-03-01 17:31:46,4624,11,9586,An account was successfully logged on. Logon Type: 2 Interactive.,0,Benign
2026-02-24 22:47:36,4625,7,5814,An account failed to log on. Logon Type: 10 Remote Desktop Services.,0,Benign
2026-03-01 10:03:02,4688,10,9282,A new process has been created. New Process Name: C:\Program Files\Google\Chrome\chrome.exe Command Line: chrome.exe --type=renderer.,0,Benign
2026-02-25 19:14:39,4634,11,2404,An account was logged off. Subject: Security ID: S-1-5-21-1234567890 Account Name: jdoe.,0,Benign
2026-02-28 16:35:36,4624,7,9999,An account was successfully logged on. Logon Type: 10 Remote Desktop Services.,0,Benign
2026-02-25 17:30:33,4688,11,634,A new process has been created. New Process Name: C:\Windows\System32\taskhostw.exe.,0,Benign
2026-02-24 08:43:38,4625,3,9214,An account failed to log on. Subject: Security ID: S-1-0-0 Account Name: - Account Domain: - Logon Type: 3.,0,Benign
2026-02-25 03:31:25,4720,9,425,A user account was created. New Account Name: svc_backup New Account Domain: CORP.,0,Benign
2026-02-25 14:42:12,4624,3,7853,An account was successfully logged on. Subject: Security ID: S-1-5-18 Account Name: SYSTEM Account Domain: NT AUTHORITY Logon ID: 0x3E7 Logon Type: 5.,0,Benign
2026-02-24 10:17:13,4688,9,679,A new process has been created. New Process Name: C:\Windows\System32\svchost.exe Creator Process Name: C:\Windows\System32\services.exe.,0,Benign
2026-03-01 08:18:42,4624,3,8048,An account was successfully logged on. Subject: Security ID: S-1-5-21-1234567890 Account Name: Administrator Account Domain: CORP Logon Type: 3.,0,Benign
2026-02-26 09:41:11,4672,10,776,Special privileges assigned to new logon. Subject: Security ID: S-1-5-21-1234567890 Account Name: Administrator Privileges: SeDebugPrivilege.,0,Benign
2026-02-24 14:22:26,4624,5,9236,An account was successfully logged on. Logon Type: 2 Interactive.,0,Benign
2026-02-25 13:19:05,4624,7,411,An account was successfully logged on. Subject: Security ID: S-1-5-18 Account Name: SYSTEM Account Domain: NT AUTHORITY Logon ID: 0x3E7 Logon Type: 5.,0,Benign
2026-02-28 13:55:20,4625,12,1167,An account failed to log on. Subject: Security ID: S-1-0-0 Account Name: - Account Domain: - Logon Type: 3.,0,Benign
2026-02-28 15:07:50,4624,10,2156,An account was successfully logged on. New Logon: Account Name: jdoe Account Domain: CORP Logon ID: 0x1A2B3C.,0,Benign
2026-02-27 18:05:52,4625,2,8519,An account failed to log on. Logon Type: 10 Remote Desktop Services.,0,Benign
2026-02-27 09:01:59,4625,9,6665,An account failed to log on. Failure Reason: Account locked out.,0,Benign
2026-02-25 15:34:02,4624,5,4517,An account was successfully logged on. New Logon: Account Name: jdoe Account Domain: CORP Logon ID: 0x1A2B3C.,0,Benign
2026-02-28 17:15:00,4672,3,1037,Special privileges assigned to new logon. Account Name: SYSTEM Privileges: SeBackupPrivilege SeRestorePrivilege.,0,Benign
2026-02-26 09:02:36,4624,10,3091,An account was successfully logged on. New Logon: Account Name: jdoe Account Domain: CORP Logon ID: 0x1A2B3C.,0,Benign
2026-02-25 09:26:05,4688,9,8917,A new process has been created. New Process Name: C:\Windows\System32\svchost.exe Creator Process Name: C:\Windows\System32\services.exe.,0,Benign
2026-02-26 15:20:42,4634,5,1520,An account was logged off. Logon Type: 3.,0,Benign
2026-02-26 13:50:01,4624,9,3178,An account was successfully logged on. Logon Type: 2 Interactive.,0,Benign
2026-02-24 15:02:05,4732,9,6155,A member was added to a security-enabled local group. Member Name: jdoe Group Name: Remote Desktop Users.,0,Benign
2026-02-25 17:52:39,4624,8,3615,An account was successfully logged on. Logon Type: 10 Remote Desktop Services.,0,Benign
2026-02-23 11:57:20,4624,8,3422,An account was successfully logged on. New Logon: Account Name: jdoe Account Domain: CORP Logon ID: 0x1A2B3C.,0,Benign
2026-02-27 16:48:42,4625,10,2852,An account failed to log on. Failure Reason: Account locked out.,0,Benign
2026-03-01 11:08:40,4624,8,7336,An account was successfully logged on. New Logon: Account Name: jdoe Account Domain: CORP Logon ID: 0x1A2B3C.,0,Benign
2026-02-23 15:01:32,4624,11,1914,An account was successfully logged on. Logon Type: 10 Remote Desktop Services.,1,Benign
2026-02-27 10:07:35,4625,3,2325,An account failed to log on. Subject: Security ID: S-1-0-0 Account Name: - Account Domain: - Logon Type: 3.,0,Benign
2026-02-28 12:12:54,4625,5,2803,An account failed to log on. Failure Reason: Unknown user name or bad password. Status: 0xC000006D Sub Status: 0xC000006A.,0,Benign
2026-02-26 15:31:31,4720,5,6091,A user account was created. New Account Name: tempuser New Account Domain: CORP.,0,Benign
2026-02-27 13:29:53,4634,12,861,An account was logged off. Logon Type: 3.,0,Benign
2026-02-24 11:30:54,4648,8,7744,A logon was attempted using explicit credentials. Target Server: DC01 Target User: backup_svc.,0,Benign
2026-02-26 17:56:23,4624,5,9028,An account was successfully logged on. Logon Type: 2 Interactive.,0,Benign
2026-02-25 20:33:39,4625,12,3184,An account failed to log on. Subject: Security ID: S-1-0-0 Account Name: - Account Domain: - Logon Type: 3.,0,Benign
2026-03-01 17:23:08,4634,10,1773,An account was logged off. Logon Type: 2 Interactive.,0,Benign
2026-02-26 16:51:57,4625,11,8297,An account failed to log on. Logon Type: 10 Remote Desktop Services.,0,Benign
2026-02-23 12:03:48,4648,8,5252,A logon was attempted using explicit credentials. Process: C:\Windows\System32\runas.exe.,0,Benign
2026-02-23 13:32:33,4625,10,5399,An account failed to log on. Account Name: administrator Source Network Address: 192.168.1.50.,0,Benign
2026-02-23 11:52:38,4624,2,885,An account was successfully logged on. Subject: Security ID: S-1-5-18 Account Name: SYSTEM Account Domain: NT AUTHORITY Logon ID: 0x3E7 Logon Type: 5.,0,Benign
