2026-02-23 17:30:31,4634,5,8950,An account was logged off. Logon Type: 3.,0,Benign
2026-02-25 09:48:19,4624,12,3750,An account was successfully logged on. Logon Type: 10 Remote Desktop Services.,0,Benign
2026-03-01 11:16:56,4634,12,5272,An account was logged off. Logon Type: 2 Interactive.,0,Benign
2026-02-25 12:28:37,4624,12,5902,An account was successfully logged on. Logon Type: 10 Remote Desktop Services.,0,Benign
2026-03-01 09:16:15,4648,8,4887,A logon was attempted using explicit credentials. Target Server: localhost Target User: admin.,0,Benign
2026-02-28 15:14:27,4624,2,2170,An account was successfully logged on. New Logon: Account Name: jdoe Account Domain: CORP Logon ID: 0x1A2B3C.,0,Benign
2026-02-23 15:28:25,4634,8,3133,An account was logged off. Logon Type: 3.,0,Benign
2026-02-28 09:51:13,4634,9,8460,An account was logged off. Logon Type: 2 Interactive.,0,Benign
2026-03-01 16:05:37,4720,8,9004,A user account was created. New Account Name: svc_backup New Account Domain: CORP.,0,Benign
2026-02-24 09:26:11,4688,10,3845,A new process has been created. New Process Name: C:\Windows\System32\svchost.exe Creator Process Name: C:\Windows\System32\services.exe.,0,Benign
2026-03-01 13:50:28,4624,10,4464,An account was successfully logged on. Logon Type: 10 Remote Desktop Services.,0,Benign
2026-02-25 15:53:16,4625,5,1982,An account failed to log on. Account Name: administrator Source Network Address: 192.168.1.50.,1,Benign
2026-03-01 22:27:17,4634,12,7305,An account was logged off. Logon Type: 2 Interactive.,0,Benign
2026-02-23 11:47:26,4624,5,1321,An account was successfully logged on. Logon Type: 10 Remote Desktop Services.,0,Benign
2026-02-26 19:24:10,4624,10,4168,An account was successfully logged on. Logon Type: 2 Interactive.,0,Benign
2026-02-25 16:13:57,4634,9,9401,An account was logged off. Logon Type: 2 Interactive.,0,Benign
2026-03-01 11:17:11,4648,7,6778,A logon was attempted using explicit credentials. Target Server: localhost Target User: admin.,0,Benign
2026-02-25 15:13:08,4624,10,1281,An account was successfully logged on. Logon Type: 2 Interactive.,0,Benign
2026-02-23 05:52:16,4625,10,6175,An account failed to log on. Account Name: administrator Source Network Address: 192.168.1.50.,0,Benign
2026-03-01 11:05:58,4624,12,157,An account was successfully logged on. New Logon: Account Name: jdoe Account Domain: CORP Logon ID: 0x1A2B3C.,0,Benign
2026-02-23 00:33:37,4625,7,4938,An account failed to log on. Subject: Security ID: S-1-0-0 Account Name: - Account Domain: - Logon Type: 3.,0,Benign
2026-02-27 04:23:03,4648,9,4235,A logon was attempted using explicit credentials. Target Server: DC01 Target User: backup_svc.,0,Benign
2026-02-24 10:37:43,4624,11,8706,An account was successfully logged on. New Logon: Account Name: jdoe Account Domain: CORP Logon ID: 0x1A2B3C.,0,Benign
2026-02-23 15:40:00,4688,3,6247,A new process has been created. New Process Name: C:\Windows\System32\cmd.exe Command Line: cmd.exe /c dir.,0,Benign
2026-02-25 08:36:49,4624,3,5211,An account was successfully logged on. Subject: Security ID: S-1-5-21-1234567890 Account Name: Administrator Account Domain: CORP Logon Type: 3.,0,Benign
2026-02-25 13:08:21,4625,3,5825,An account failed to log on. Subject: Security ID: S-1-0-0 Account Name: - Account Domain: - Logon Type: 3.,0,Benign
2026-02-28 11:40:46,4624,7,5647,An account was successfully logged on. Logon Type: 10 Remote Desktop Services.,0,Benign
2026-02-23 09:24:00,4634,11,1686,An account was logged off. Logon Type: 2 Interactive.,0,Benign
2026-02-25 14:37:21,4634,12,9572,An account was logged off. Subject: Security ID: S-1-5-21-1234567890 Account Name: jdoe.,0,Benign
2026-02-26 09:40:35,4624,9,1967,An account was successfully logged on. New Logon: Account Name: jdoe Account Domain: CORP Logon ID: 0x1A2B3C.,0,Benign
2026-02-23 08:33:01,4732,12,6199,A member was added to a security-enabled local group. Member Name: jdoe Group Name: Remote Desktop Users.,0,Benign
2026-02-24 10:34:00,4624,7,3194,An account was successfully logged on. Subject: Security ID: S-1-5-21-1234567890 Account Name: Administrator Account Domain: CORP Logon Type: 3.,0,Benign
2026-03-01 13:29:24,4688,3,8608,A new process has been created. New Process Name: C:\Windows\System32\taskhostw.exe.,0,Benign
2026-03-01 14:06:53,4624,3,6667,An account was successfully logged on. New Logon: Account Name: jdoe Account Domain: CORP Logon ID: 0x1A2B3C.,0,Benign
2026-02-28 15:11:46,4648,5,6502,A logon was attempted using explicit credentials. Target Server: DC01 Target User: backup_svc.,0,Benign
2026-02-23 14:06:49,4648,2,8786,A logon was attempted using explicit credentials. Target Server: DC01 Target User: backup_svc.,0,Benign
2026-03-01 08:43:55,4672,11,8693,Special privileges assigned to new logon. Account Name: SYSTEM Privileges: SeBackupPrivilege SeRestorePrivilege.,0,Benign
2026-02-27 17:06:32,4648,3,7880,A logon was attempted using explicit credentials. Target Server: DC01 Target User: backup_svc.,0,Benign
2026-02-24 14:21:33,4624,10,8243,An account was successfully logged on. New Logon: Account Name: jdoe Account Domain: CORP Logon ID: 0x1A2B3C.,0,Benign
2026-02-24 08:41:09,4732,3,6911,A member was added to a security-enabled local group. Member Name: jdoe Group Name: Remote Desktop Users.,0,Benign
2026-02-25 10:56:34,4624,8,2295,An account was successfully logged on. Subject: Security ID: S-1-5-18 Account Name: SYSTEM Account Domain: NT AUTHORITY Logon ID: 0x3E7 Logon Type: 5.,0,Benign
2026-03-01 06:04:01,4624,8,3244,An account was successfully logged on. Logon Type: 10 Remote Desktop Services.,0,Benign
2026-02-27 20:06:51,1102,2,5844,The audit log was cleared. Subject: Security ID: S-1-5-21-9876543210 Account Name: attacker.,1,T1070
2026-03-01 14:36:02,4634,12,4726,An account was logged off. Logon Type: 3.,0,Benign
2026-02-28 17:37:20,4648,2,1336,A logon was attempted using explicit credentials. Target Server: localhost Target User: admin.,0,Benign
2026-02-27 04:37:53,4648,2,7594,A logon was attempted using explicit credentials. Process: C:\Windows\System32\runas.exe.,0,Benign
2026-02-27 08:23:26,4624,12,8435,An account was successfully logged on. New Logon: Account Name: jdoe Account Domain: CORP Logon ID: 0x1A2B3C.,0,Benign
2026-02-23 13:54:22,4688,7,6861,A new process has been created. New Process Name: C:\Windows\System32\taskhostw.exe.,0,Benign
2026-02-26 16:20:30,4624,3,7450,An account was successfully logged on. Subject: Security ID: S-1-5-18 Account Name: SYSTEM Account Domain: NT AUTHORITY Logon ID: 0x3E7 Logon Type: 5.,0,Benign
2026-02-28 10:09:52,4625,2,9687,An account failed to log on. Subject: Security ID: S-1-0-0 Account Name: - Account Domain: - Logon Type: 3.,0,Benign
2026-02-27 13:12:21,4634,2,7370,An account was logged off. Logon Type: 3.,0,Benign
2026-03-01 09:08:57,4624,8,4391,An account was successfully logged on. New Logon: Account Name: jdoe Account Domain: CORP Logon ID: 0x1A2B3C.,0,Benign
2026-02-23 15:50:38,4624,5,3321,An account was successfully logged on. Subject: Security ID: S-1-5-18 Account Name: SYSTEM Account Domain: NT AUTHORITY Logon ID: 0x3E7 Logon Type: 5.,0,Benign
2026-02-26 20:19:58,4720,10,2099,A user account was created. New Account Name: tempuser New Account Domain: CORP.,0,Benign
2026-02-27 15:48:41,4624,11,3348,An account was successfully logged on. New Logon: Account Name: jdoe Account Domain: CORP Logon ID: 0x1A2B3C.,1,Benign
2026-02-27 13:27:23,4624,5,4794,An account was successfully logged on. Logon Type: 2 Interactive.,0,Benign
2026-03-01 08:11:26,4688,5,1387,A new process has been created. New Process Name: C:\Windows\System32\notepad.exe.,0,Benign
2026-02-28 14:55:56,4625,8,5988,An account failed to log on. Account Name: administrator Source Network Address: 192.168.1.50.,0,Benign
2026-02-26 03:31:32,4634,10,4550,An account was logged off. Logon Type: 3.,0,Benign
2026-02-25 13:21:39,4624,2,3333,An account was successfully logged on. Logon Type: 10 Remote Desktop Services.,0,Benign
2026-02-27 12:19:57,4634,7,4708,An account was logged off. Logon Type: 3.,0,Benign
2026-02-28 13:41:13,4625,7,6861,An account failed to log on. Logon Type: 10 Remote Desktop Services.,0,Benign
2026-02-28 13:43:59,4688,10,9874,A new process has been created. New Process Name: C:\Windows\System32\cmd.exe Command Line: cmd.exe /c dir.,0,Benign
2026-02-28 09:33:37,4624,8,9167,An account was successfully logged on. Logon Type: 10 Remote Desktop Services.,0,Benign
2026-03-01 10:38:32,4624,8,5786,An account was successfully logged on. Logon Type: 10 Remote Desktop Services.,0,Benign
2026-02-27 20:31:56,4732,10,1426,A member was added to a security-enabled local group. Member Name: svc_backup Group Name: Backup Operators.,0,Benign
2026-03-01 19:25:38,4624,11,5717,An account was successfully logged on. Logon Type: 2 Interactive.,0,Benign
2026-02-27 13:34:53,4625,7,7271,An account failed to log on. Failure Reason: Unknown user name or bad password. Status: 0xC000006D Sub Status: 0xC000006A.,0,Benign
2026-03-01 15:11:15,4688,3,2814,A new process has been created. New Process Name: C:\Windows\System32\notepad.exe.,0,Benign
2026-02-25 16:28:47,4720,10,1563,A user account was created. New Account Name: test_account.,0,Benign
2026-02-24 12:49:21,4672,9,9886,Special privileges assigned to new logon. Account Name: SYSTEM Privileges: SeBackupPrivilege SeRestorePrivilege.,0,Benign
2026-02-25 09:03:24,4634,11,2616,An account was logged off. Logon Type: 3.,0,Benign
2026-02-24 14:12:17,4648,12,2229,A logon was attempted using explicit credentials. Target Server: DC01 Target User: backup_svc.,0,Benign
2026-02-28 11:30:59,4624,12,7505,An account was successfully logged on. New Logon: Account Name: jdoe Account Domain: CORP Logon ID: 0x1A2B3C.,0,Benign
2026-02-26 09:43:29,4634,8,7876,An account was logged off. Logon Type: 3.,0,Benign
2026-02-23 08:27:03,4672,9,7074,Special privileges assigned to new logon. Account Name: SYSTEM Privileges: SeBackupPrivilege SeRestorePrivilege.,0,Benign
2026-02-26 13:29:47,4720,7,8804,A user account was created. New Account Name: test_account.,0,Benign
2026-02-24 10:54:42,4672,11,741,Special privileges assigned to new logon. Account Name: SYSTEM Privileges: SeBackupPrivilege SeRestorePrivilege.,0,Benign
2026-02-24 09:27:30,4648,9,8334,A logon was attempted using explicit credentials. Target Server: DC01 Target User: backup_svc.,0,Benign
2026-02-25 08:00:39,4625,9,427,An account failed to log on. Subject: Security ID: S-1-0-0 Account Name: - Account Domain: - Logon Type: 3.,0,Benign
2026-02-25 10:21:43,4624,11,6481,An account was successfully logged on. Logon Type: 10 Remote Desktop Services.,0,Benign
2026-02-28 20:02:30,4624,10,1404,An account was successfully logged on. Logon Type: 2 Interactive.,0,Benign
2026-02-24 15:39:20,4624,9,2822,An account was successfully logged on. New Logon: Account Name: jdoe Account Domain: CORP Logon ID: 0x1A2B3C.,0,Benign
2026-03-01 19:12:15,4648,9,1581,A logon was attempted using explicit credentials. Process: C:\Windows\System32\runas.exe.,0,Benign
2026-02-24 14:04:31,4634,11,9913,An account was logged off. Logon Type: 2 Interactive.,0,Benign
2026-02-25 15:26:40,4625,11,6322,An account failed to log on. Account Name: administrator Source Network Address: 192.168.1.50.,0,Benign
2026-02-24 16:19:07,4624,12,4082,An account was successfully logged on. Logon Type: 2 Interactive.,0,Benign
2026-02-27 08:02:00,4625,7,239,An account failed to log on. Failure Reason: Account locked out.,0,Benign
2026-02-26 01:07:42,4624,11,8903,An account was successfully logged on. Logon Type: 10 Remote Desktop Services.,0,Benign
2026-02-28 12:01:27,4624,11,8200,An account was successfully logged on. Logon Type: 10 Remote Desktop Services.,0,Benign
2026-02-23 14:51:43,4672,2,4041,Special privileges assigned to new logon. Subject: Security ID: S-1-5-21-1234567890 Account Name: Administrator Privileges: SeDebugPrivilege.,0,Benign
2026-02-23 08:11:05,4624,12,6704,An account was successfully logged on. Subject: Security ID: S-1-5-18 Account Name: SYSTEM Account Domain: NT AUTHORITY Logon ID: 0x3E7 Logon Type: 5.,0,Benign
2026-02-26 13:41:58,4624,2,4806,An account was successfully logged on. Subject: Security ID: S-1-5-18 Account Name: SYSTEM Account Domain: NT AUTHORITY Logon ID: 0x3E7 Logon Type: 5.,0,Benign
2026-02-25 13:24:13,4688,10,3746,A new process has been created. New Process Name: C:\Windows\System32\svchost.exe Creator Process Name: C:\Windows\System32\services.exe.,0,Benign
2026-02-23 12:55:52,4688,3,6848,A new process has been created. New Process Name: C:\Program Files\Google\Chrome\chrome.exe Command Line: chrome.exe --type=renderer.,0,Benign
2026-02-28 08:09:36,4624,8,8794,An account was successfully logged on. Subject: Security ID: S-1-5-21-1234567890 Account Name: Administrator Account Domain: CORP Logon Type: 3.,0,Benign
2026-02-27 11:58:35,4634,7,3188,An account was logged off. Subject: Security ID: S-1-5-21-1234567890 Account Name: jdoe.,0,Benign
2026-02-26 15:22:49,4624,7,9134,An account was successfully logged on. New Logon: Account Name: jdoe Account Domain: CORP Logon ID: 0x1A2B3C.,0,Benign
2026-02-23 22:34:59,4648,10,170,A logon was attempted using explicit credentials. Target Server: localhost Target User: admin.,0,Benign
2026-02-23 05:14:39,4624,3,2552,An account was successfully logged on. New Logon: Account Name: jdoe Account Domain: CORP Logon ID: 0x1A2B3C.,0,Benign
2026-02-28 17:10:08,4624,2,9039,An account was successfully logged on. Logon Type: 10 Remote Desktop Services.,0,Benign
2026-02-26 10:48:59,4648,12,3867,A logon was attempted using explicit credentials. Process: C:\Windows\System32\runas.exe.,0,Benign
2026-02-23 04:34:04,4624,8,4997,An account was successfully logged on. New Logon: Account Name: jdoe Account Domain: CORP Logon ID: 0x1A2B3C.,0,Benign
2026-02-24 19:37:34,4624,8,2604,An account was successfully logged on. Subject: Security ID: S-1-5-21-1234567890 Account Name: Administrator Account Domain: CORP Logon Type: 3.,0,Benign
2026-02-27 19:45:12,4624,11,9523,An account was successfully logged on. Logon Type: 10 Remote Desktop Services.,0,Benign
2026-02-23 13:04:41,4624,3,6831,An account was successfully logged on. Logon Type: 2 Interactive.,0,Benign
2026-02-23 15:58:41,4624,8,8546,An account was successfully logged on. Subject: Security ID: S-1-5-21-1234567890 Account Name: Administrator Account Domain: CORP Logon Type: 3.,0,Benign
2026-02-23 13:08:22,4648,2,3669,A logon was attempted using explicit credentials. Target Server: localhost Target User: admin.,0,Benign
2026-02-25 15:22:38,4625,12,6517,An account failed to log on. Failure Reason: Account locked out.,0,Benign
2026-02-27 10:10:55,4624,7,8785,An account was successfully logged on. Logon Type: 10 Remote Desktop Services.,0,Benign
2026-02-23 17:06:27,4648,2,6868,A logon was attempted using explicit credentials. Process: C:\Windows\System32\runas.exe.,0,Benign
2026-03-01 15:17:04,4624,7,2783,An account was successfully logged on. Subject: Security ID: S-1-5-21-1234567890 Account Name: Administrator Account Domain: CORP Logon Type: 3.,0,Benign
2026-02-28 15:35:18,4672,8,4203,Special privileges assigned to new logon. Subject: Security ID: S-1-5-18 Privileges: SeAssignPrimaryTokenPrivilege SeTcbPrivilege SeSecurityPrivilege.,0,Benign
2026-02-26 02:21:52,4625,11,1014,An account failed to log on. Account Name: administrator Source Network Address: 192.168.1.50.,0,Benign
2026-03-01 11:15:39,4624,2,2869,An account was successfully logged on. Logon Type: 10 Remote Desktop Services.,0,Benign
2026-02-25 09:15:40,4624,8,7557,An account was successfully logged on. Logon Type: 10 Remote Desktop Services.,0,Benign
2026-02-25 03:02:45,4624,11,2895,An account was successfully logged on. Logon Type: 10 Remote Desktop Services.,0,Benign
2026-02-24 16:00:43,4624,10,7165,An account was successfully logged on. Logon Type: 10 Remote Desktop Services.,0,Benign
2026-02-25 16:15:42,4648,5,3972,A logon was attempted using explicit credentials. Target Server: DC01 Target User: backup_svc.,0,Benign
2026-02-28 07:38:00,4672,8,5475,Special privileges assigned to new logon. Account Name: SYSTEM Privileges: SeDebugPrivilege.,1,T1003
2026-03-01 14:58:17,4624,12,8783,An account was successfully logged on. Subject: Security ID: S-1-5-18 Account Name: SYSTEM Account Domain: NT AUTHORITY Logon ID: 0x3E7 Logon Type: 5.,0,Benign
2026-02-23 10:17:36,4624,5,5150,An account was successfully logged on. New Logon: Account Name: jdoe Account Domain: CORP Logon ID: 0x1A2B3C.,0,Benign
2026-03-01 08:29:07,4624,9,3146,An account was successfully logged on. New Logon: Account Name: jdoe Account Domain: CORP Logon ID: 0x1A2B3C.,0,Benign
2026-02-26 13:08:47,4648,7,9249,A logon was attempted using explicit credentials. Process: C:\Windows\System32\runas.exe.,0,Benign
2026-02-26 14:58:37,4672,2,4575,Special privileges assigned to new logon. Subject: Security ID: S-1-5-18 Privileges: SeAssignPrimaryTokenPrivilege SeTcbPrivilege SeSecurityPrivilege.,0,Benign
2026-02-24 13:21:48,4624,3,3804,An account was successfully logged on. Subject: Security ID: S-1-5-18 Account Name: SYSTEM Account Domain: NT AUTHORITY Logon ID: 0x3E7 Logon Type: 5.,0,Benign
2026-02-27 10:54:46,4688,3,742,A new process has been created. New Process Name: C:\Windows\System32\svchost.exe Creator Process Name: C:\Windows\System32\services.exe.,0,Benign
2026-02-23 00:28:51,4688,10,4342,A new process has been created. New Process Name: C:\Windows\System32\taskhostw.exe.,0,Benign
2026-02-24 17:48:31,4688,9,6174,A new process has been created. New Process Name: C:\Windows\System32\notepad.exe.,0,Benign
2026-02-25 16:04:42,4624,11,715,An account was successfully logged on. Logon Type: 10 Remote Desktop Services.,0,Benign
2026-02-24 17:23:35,4648,3,7164,A logon was attempted using explicit credentials. Target Server: localhost Target User: admin.,0,Benign
2026-02-27 04:24:22,4688,2,4946,A new process has been created. New Process Name: C:\Program Files\Google\Chrome\chrome.exe Command Line: chrome.exe --type=renderer.,0,Benign
2026-02-24 11:37:56,4624,11,2494,An account was successfully logged on. Logon Type: 10 Remote Desktop Services.,0,Benign
2026-02-23 17:38:02,4648,7,4682,A logon was attempted using explicit credentials. Target Server: DC01 Target User: backup_svc.,0,Benign
2026-02-28 15:47:54,4648,8,8366,A logon was attempted using explicit credentials. Process: C:\Windows\System32\runas.exe.,0,Benign
2026-02-25 09:32:45,4624,2,3950,An account was successfully logged on. Subject: Security ID: S-1-5-21-1234567890 Account Name: Administrator Account Domain: CORP Logon Type: 3.,0,Benign
2026-02-27 11:56:57,4648,2,7348,A logon was attempted using explicit credentials. Target Server: localhost Target User: admin.,0,Benign
2026-02-25 14:45:25,4688,10,8282,A new process has been created. New Process Name: C:\Program Files\Google\Chrome\chrome.exe Command Line: chrome.exe --type=renderer.,0,Benign
2026-02-25 10:52:32,4688,9,7688,A new process has been created. New Process Name: C:\Program Files\Google\Chrome\chrome.exe Command Line: chrome.exe --type=renderer.,0,Benign
2026-02-23 09:53:34,4624,12,4278,An account was successfully logged on. Logon Type: 2 Interactive.,0,Benign
2026-02-25 08:13:25,4732,9,3647,A member was added to a security-enabled local group. Member Name: svc_backup Group Name: Backup Operators.,0,Benign
2026-03-01 10:49:00,4688,11,8815,A new process has been created. New Process Name: C:\Windows\System32\cmd.exe Command Line: cmd.exe /c dir.,0,Benign
2026-02-28 18:23:04,4688,10,1517,A new process has been created. New Process Name: C:\Program Files\Google\Chrome\chrome.exe Command Line: chrome.exe --type=renderer.,0,Benign
2026-02-27 11:01:38,4634,10,9952,An account was logged off. Subject: Security ID: S-1-5-21-1234567890 Account Name: jdoe.,0,Benign
2026-02-28 12:40:41,4634,10,9061,An account was logged off. Logon Type: 3.,0,Benign
2026-02-25 12:36:29,4648,2,2089,A logon was attempted using explicit credentials. Process: C:\Windows\System32\runas.exe.,0,Benign
2026-02-27 16:57:06,4648,11,7343,A logon was attempted using explicit credentials. Process: C:\Windows\System32\runas.exe.,0,Benign
2026-02-27 12:24:57,4648,2,6824,A logon was attempted using explicit credentials. Process: C:\Windows\System32\runas.exe.,0,Benign
2026-02-28 18:29:03,4634,12,6666,An account was logged off. Logon Type: 2 Interactive.,0,Benign
2026-02-28 10:29:59,4624,8,4879,An account was successfully logged on. Subject: Security ID: S-1-5-18 Account Name: SYSTEM Account Domain: NT AUTHORITY Logon ID: 0x3E7 Logon Type: 5.,0,Benign
2026-02-25 04:40:47,4625,2,9989,An account failed to log on. Subject: Security ID: S-1-0-0 Account Name: - Account Domain: - Logon Type: 3.,0,Benign
2026-02-28 08:20:58,4624,12,7817,An account was successfully logged on. Subject: Security ID: S-1-5-21-1234567890 Account Name: Administrator Account Domain: CORP Logon Type: 3.,0,Benign
2026-02-27 08:58:13,4624,7,427,An account was successfully logged on. Subject: Security ID: S-1-5-18 Account Name: SYSTEM Account Domain: NT AUTHORITY Logon ID: 0x3E7 Logon Type: 5.,0,Benign
2026-02-24 15:17:19,4625,11,3058,An account failed to log on. Account Name: administrator Source Network Address: 192.168.1.50.,0,Benign
2026-02-27 16:03:08,4624,12,8242,An account was successfully logged on. Logon Type: 10 Remote Desktop Services.,0,Benign
2026-03-01 02:08:04,4624,8,3469,An account was successfully logged on. New Logon: Account Name: jdoe Account Domain: CORP Logon ID: 0x1A2B3C.,0,Benign
2026-02-27 16:44:18,4672,8,5799,Special privileges assigned to new logon. Subject: Security ID: S-1-5-18 Privileges: SeAssignPrimaryTokenPrivilege SeTcbPrivilege SeSecurityPrivilege.,0,Benign
2026-02-28 02:47:48,4625,12,1433,An account failed to log on. Account Name: administrator Source Network Address: 192.168.1.50.,0,Benign
2026-03-01 07:02:06,4625,7,2018,An account failed to log on. Logon Type: 10 Remote Desktop Services.,0,Benign
2026-02-23 21:16:35,4624,12,3455,An account was successfully logged on. New Logon: Account Name: jdoe Account Domain: CORP Logon ID: 0x1A2B3C.,0,Benign
2026-02-23 09:49:33,4625,10,8991,An account failed to log on. Logon Type: 10 Remote Desktop Services.,0,Benign
2026-03-01 07:25:13,4634,9,3551,An account was logged off. Logon Type: 2 Interactive.,0,Benign
2026-02-28 16:33:54,4688,5,5971,A new process has been created. New Process Name: C:\Windows\System32\svchost.exe Creator Process Name: C:\Windows\System32\services.exe.,0,Benign
2026-02-24 13:35:36,4672,7,5309,Special privileges assigned to new logon. Subject: Security ID: S-1-5-18 Privileges: SeAssignPrimaryTokenPrivilege SeTcbPrivilege SeSecurityPrivilege.,0,Benign
2026-02-26 17:01:50,4624,11,660,An account was successfully logged on. Logon Type: 2 Interactive.,0,Benign
2026-02-23 09:37:00,4624,7,2619,An account was successfully logged on. New Logon: Account Name: jdoe Account Domain: CORP Logon ID: 0x1A2B3C.,0,Benign
2026-02-25 10:02:34,4625,11,5906,An account failed to log on. Logon Type: 10 Remote Desktop Services.,0,Benign
2026-02-26 11:28:36,4625,10,8789,An account failed to log on. Failure Reason: Account locked out.,0,Benign
2026-03-01 13:38:27,4648,3,2623,A logon was attempted using explicit credentials. Process: C:\Windows\System32\runas.exe.,1,Benign
2026-02-25 12:12:30,4672,7,1336,Special privileges assigned to new logon. Subject: Security ID: S-1-5-21-1234567890 Account Name: Administrator Privileges: SeDebugPrivilege.,0,Benign
2026-02-28 15:24:37,4624,12,5918,An account was successfully logged on. New Logon: Account Name: jdoe Account Domain: CORP Logon ID: 0x1A2B3C.,0,Benign
2026-02-25 12:57:01,4624,3,5481,An account was successfully logged on. Logon Type: 2 Interactive.,0,Benign
2026-02-23 08:45:57,4672,7,9772,Special privileges assigned to new logon. Subject: Security ID: S-1-5-21-1234567890 Account Name: Administrator Privileges: SeDebugPrivilege.,0,Benign
2026-02-23 18:23:37,4688,7,1165,A new process has been created. New Process Name: C:\Temp\procdump.exe.,1,T1003
2026-02-25 15:32:32,4624,12,1193,An account was successfully logged on. Logon Type: 2 Interactive.,0,Benign
2026-02-24 15:04:49,4688,8,3034,A new process has been created. New Process Name: C:\Program Files\Google\Chrome\chrome.exe Command Line: chrome.exe --type=renderer.,0,Benign
2026-02-27 15:09:59,4624,12,3602,An account was successfully logged on. Logon Type: 2 Interactive.,0,Benign
2026-02-25 13:12:32,4634,11,519,An account was logged off. Logon Type: 2 Interactive.,0,Benign
2026-02-23 09:04:36,4688,8,5026,A new process has been created. New Process Name: C:\Windows\System32\svchost.exe Creator Process Name: C:\Windows\System32\services.exe.,0,Benign
2026-02-25 08:24:51,4648,2,4609,A logon was attempted using explicit credentials. Process: C:\Windows\System32\runas.exe.,0,Benign
2026-02-25 09:15:12,4624,3,6146,An account was successfully logged on. Subject: Security ID: S-1-5-18 Account Name: SYSTEM Account Domain: NT AUTHORITY Logon ID: 0x3E7 Logon Type: 5.,0,Benign
2026-03-01 12:50:35,4634,5,8614,An account was logged off. Logon Type: 2 Interactive.,0,Benign
2026-02-27 17:43:00,4688,8,8455,A new process has been created. New Process Name: C:\Windows\System32\taskhostw.exe.,0,Benign
2026-03-01 16:01:09,4688,9,8224,A new process has been created. New Process Name: C:\Program Files\Google\Chrome\chrome.exe Command Line: chrome.exe --type=renderer.,0,Benign
2026-02-28 16:05:26,4625,9,6060,An account failed to log on. Account Name: administrator Source Network Address: 192.168.1.50.,0,Benign
2026-02-27 22:00:00,4688,2,9547,A new process has been created. New Process Name: C:\Program Files\Google\Chrome\chrome.exe Command Line: chrome.exe --type=renderer.,0,Benign
2026-02-28 14:28:51,4624,2,2311,An account was successfully logged on. Subject: Security ID: S-1-5-18 Account Name: SYSTEM Account Domain: NT AUTHORITY Logon ID: 0x3E7 Logon Type: 5.,0,Benign
2026-03-01 11:04:45,4624,9,4891,An account was successfully logged on. Subject: Security ID: S-1-5-21-1234567890 Account Name: Administrator Account Domain: CORP Logon Type: 3.,0,Benign
2026-03-01 15:33:58,4688,8,8434,A new process has been created. New Process Name: C:\Windows\System32\svchost.exe Creator Process Name: C:\Windows\System32\services.exe.,0,Benign
2026-03-01 08:46:54,4624,10,8086,An account was successfully logged on. New Logon: Account Name: jdoe Account Domain: CORP Logon ID: 0x1A2B3C.,0,Benign
2026-02-26 08:35:55,4624,8,819,An account was successfully logged on. New Logon: Account Name: jdoe Account Domain: CORP Logon ID: 0x1A2B3C.,0,Benign
2026-02-25 12:33:13,4624,12,8277,An account was successfully logged on. Logon Type: 10 Remote Desktop Services.,0,Benign
2026-03-01 09:19:58,4648,11,5804,A logon was attempted using explicit credentials. Target Server: DC01 Target User: backup_svc.,0,Benign
2026-02-23 09:21:01,4688,9,7166,A new process has been created. New Process Name: C:\Windows\System32\svchost.exe Creator Process Name: C:\Windows\System32\services.exe.,0,Benign
2026-02-27 11:32:52,4634,3,6321,An account was logged off. Logon Type: 3.,0,Benign
2026-02-28 08:26:44,4624,11,9681,An account was successfully logged on. Subject: Security ID: S-1-5-21-1234567890 Account Name: Administrator Account Domain: CORP Logon Type: 3.,0,Benign
2026-03-01 12:53:21,4648,2,5057,A logon was attempted using explicit credentials. Target Server: localhost Target User: admin.,0,Benign
2026-02-27 14:20:47,4624,7,2982,An account was successfully logged on. Subject: Security ID: S-1-5-21-1234567890 Account Name: Administrator Account Domain: CORP Logon Type: 3.,0,Benign
2026-02-27 09:55:55,4672,5,376,Special privileges assigned to new logon. Subject: Security ID: S-1-5-21-1234567890 Account Name: Administrator Privileges: SeDebugPrivilege.,0,Benign
2026-02-26 13:42:43,4625,10,2945,An account failed to log on. Logon Type: 10 Remote Desktop Services.,0,Benign
2026-02-24 10:22:04,4688,10,7651,A new process has been created. New Process Name: C:\Windows\System32\cmd.exe Command Line: cmd.exe /c dir.,0,Benign
2026-02-23 12:34:58,4688,12,1302,A new process has been created. New Process Name: C:\Windows\System32\notepad.exe.,0,Benign
2026-02-24 17:08:54,4624,10,7073,An account was successfully logged on. Logon Type: 2 Interactive.,0,Benign
2026-02-25 08:58:30,4624,12,8320,An account was successfully logged on. New Logon: Account Name: jdoe Account Domain: CORP Logon ID: 0x1A2B3C.,0,Benign
2026-02-24 14:13:38,4624,5,5141,An account was successfully logged on. New Logon: Account Name: jdoe Account Domain: CORP Logon ID: 0x1A2B3C.,0,Benign
2026-02-23 12:19:38,4634,3,9439,An account was logged off. Subject: Security ID: S-1-5-21-1234567890 Account Name: jdoe.,0,Benign
2026-02-25 21:07:25,4648,9,974,An account failed to log on. Logon Type: 3 Source Network Address: 10.0.0.55.,1,T1046
2026-02-28 08:34:18,4634,10,3440,An account was logged off. Subject: Security ID: S-1-5-21-1234567890 Account Name: jdoe.,0,Benign
2026-03-01 07:16:51,4625,11,708,An account failed to log on. Account Name: administrator Source Network Address: 192.168.1.50.,0,Benign
2026-02-23 07:08:10,4634,2,4132,An account was logged off. Logon Type: 3.,0,Benign
2026-02-27 09:18:40,4688,11,5781,A new process has been created. New Process Name: C:\Windows\System32\cmd.exe Command Line: cmd.exe /c dir.,0,Benign
2026-02-23 15:58:11,4688,12,3102,A new process has been created. New Process Name: C:\Windows\System32\taskhostw.exe.,0,Benign
2026-03-01 09:37:52,4648,12,2314,A logon was attempted using explicit credentials. Process: C:\Windows\System32\runas.exe.,0,Benign
2026-02-26 17:18:10,4624,2,1180,An account was successfully logged on. New Logon: Account Name: jdoe Account Domain: CORP Logon ID: 0x1A2B3C.,0,Benign
2026-02-23 11:54:03,4624,8,2549,An account was successfully logged on. Logon Type: 10 Remote Desktop Services.,0,Benign
2026-03-01 16:14:51,4634,5,9937,An account was logged off. Logon Type: 3.,0,Benign
2026-03-01 04:14:15,4624,7,2083,An account was successfully logged on. Subject: Security ID: S-1-5-21-1234567890 Account Name: Administrator Account Domain: CORP Logon Type: 3.,0,Benign
2026-02-28 16:31:15,4634,11,4480,An account was logged off. Subject: Security ID: S-1-5-21-1234567890 Account Name: jdoe.,0,Benign
2026-02-27 21:27:33,4648,2,1185,A logon was attempted using explicit credentials. Target Server: DC01 Target User: backup_svc.,0,Benign
2026-02-23 12:49:33,4688,9,8980,A new process has been created. New Process Name: C:\Windows\System32\svchost.exe Creator Process Name: C:\Windows\System32\services.exe.,0,Benign
2026-02-26 13:08:16,4624,2,8633,An account was successfully logged on. New Logon: Account Name: jdoe Account Domain: CORP Logon ID: 0x1A2B3C.,0,Benign
2026-02-23 14:53:18,4720,5,8946,A user account was created. New Account Name: svc_backup New Account Domain: CORP.,0,Benign
2026-02-25 16:44:34,4688,12,1799,A new process has been created. New Process Name: C:\Windows\System32\taskhostw.exe.,0,Benign
2026-02-27 08:40:47,4648,8,3742,A logon was attempted using explicit credentials. Process: C:\Windows\System32\runas.exe.,0,Benign
2026-02-25 12:00:16,4720,5,8820,A user account was created. New Account Name: tempuser New Account Domain: CORP.,0,Benign
2026-02-23 04:28:54,4688,3,385,A new process has been created. New Process Name: C:\Windows\System32\notepad.exe.,0,Benign
2026-02-24 11:38:46,4634,3,326,An account was logged off. Logon Type: 2 Interactive.,0,Benign
2026-02-25 18:37:54,4672,2,1786,Special privileges assigned to new logon. Subject: Security ID: S-1-5-21-1234567890 Account Name: Administrator Privileges: SeDebugPrivilege.,0,Benign
2026-02-24 22:23:37,4688,8,4372,A new process has been created. New Process Name: C:\Program Files\Google\Chrome\chrome.exe Command Line: chrome.exe --type=renderer.,0,Benign
2026-03-01 11:37:58,4648,12,394,A logon was attempted using explicit credentials. Target Server: localhost Target User: admin.,0,Benign
2026-02-23 09:36:24,4624,8,1111,An account was successfully logged on. Logon Type: 10 Remote Desktop Services.,0,Benign
2026-02-26 14:02:06,4624,2,816,An account was successfully logged on. Logon Type: 2 Interactive.,0,Benign
2026-03-01 10:49:15,4624,11,1888,An account was successfully logged on. Subject: Security ID: S-1-5-21-1234567890 Account Name: Administrator Account Domain: CORP Logon Type: 3.,0,Benign
2026-02-25 13:49:52,4672,10,1077,Special privileges assigned to new logon. Subject: Security ID: S-1-5-18 Privileges: SeAssignPrimaryTokenPrivilege SeTcbPrivilege SeSecurityPrivilege.,0,Benign
2026-02-23 11:49:59,4688,9,2290,A new process has been created. New Process Name: C:\Windows\System32\svchost.exe Creator Process Name: C:\Windows\System32\services.exe.,0,Benign
2026-03-01 14:06:44,4688,9,2788,A new process has been created. New Process Name: C:\Windows\System32\cmd.exe Command Line: cmd.exe /c dir.,0,Benign
2026-03-01 14:18:36,4624,11,4497,An account was successfully logged on. Logon Type: 10 Remote Desktop Services.,0,Benign
2026-03-01 10:50:06,4624,3,4574,An account was successfully logged on. Subject: Security ID: S-1-5-21-1234567890 Account Name: Administrator Account Domain: CORP Logon Type: 3.,0,Benign
2026-02-23 10:11:09,4624,12,9071,An account was successfully logged on. Subject: Security ID: S-1-5-18 Account Name: SYSTEM Account Domain: NT AUTHORITY Logon ID: 0x3E7 Logon Type: 5.,0,Benign
2026-02-28 14:32:51,4624,7,8914,An account was successfully logged on. Logon Type: 10 Remote Desktop Services.,0,Benign
2026-02-27 19:09:02,4648,10,2021,A logon was attempted using explicit credentials. Process: C:\Windows\System32\runas.exe.,0,Benign
2026-02-25 08:09:13,4624,5,1895,An account was successfully logged on. New Logon: Account Name: jdoe Account Domain: CORP Logon ID: 0x1A2B3C.,0,Benign
2026-03-01 19:07:17,4732,12,2448,A member was added to a security-enabled local group. Member Name: svc_backup Group Name: Backup Operators.,0,Benign
2026-02-27 13:46:03,4688,7,9699,A new process has been created. New Process Name: C:\Windows\System32\taskhostw.exe.,0,Benign
2026-02-26 09:15:18,4634,10,5662,An account was logged off. Subject: Security ID: S-1-5-21-1234567890 Account Name: jdoe.,0,Benign
2026-02-27 08:51:07,4648,12,1600,A logon was attempted using explicit credentials. Process: C:\Windows\System32\runas.exe.,0,Benign
2026-02-23 08:58:47,4624,7,9140,An account was successfully logged on. New Logon: Account Name: jdoe Account Domain: CORP Logon ID: 0x1A2B3C.,0,Benign
2026-02-25 00:01:54,4625,8,7328,An account failed to log on. Logon Type: 10 Remote Desktop Services.,0,Benign
2026-02-27 01:06:42,4624,11,9806,An account was successfully logged on. Logon Type: 2 Interactive.,0,Benign
2026-02-23 05:40:07,4688,9,7532,A new process has been created. New Process Name: C:\Program Files\Google\Chrome\chrome.exe Command Line: chrome.exe --type=renderer.,0,Benign
2026-03-01 14:38:28,4624,11,8299,An account was successfully logged on. Logon Type: 10 Remote Desktop Services.,0,Benign
2026-02-24 12:10:42,4688,5,5222,A new process has been created. New Process Name: C:\Windows\System32\svchost.exe Creator Process Name: C:\Windows\System32\services.exe.,0,Benign
2026-02-23 00:59:04,4624,10,7780,An account was successfully logged on. Logon Type: 10 Remote Desktop Services.,0,Benign
2026-02-27 04:56:27,4625,11,8967,An account failed to log on. Failure Reason: Unknown user name or bad password. Status: 0xC000006D Sub Status: 0xC000006A.,0,Benign
2026-02-24 17:12:57,4624,10,2677,An account was successfully logged on. Logon Type: 2 Interactive.,0,Benign
2026-02-26 00:16:45,4624,7,2821,An account was successfully logged on. Logon Type: 10 Remote Desktop Services.,0,Benign
2026-02-24 13:58:45,4688,2,6787,A new process has been created. New Process Name: C:\Program Files\Google\Chrome\chrome.exe Command Line: chrome.exe --type=renderer.,0,Benign
2026-02-26 16:34:06,4634,5,7013,An account was logged off. Logon Type: 2 Interactive.,0,Benign
2026-02-23 17:54:52,4625,7,1476,An account failed to log on. Account Name: administrator Source Network Address: 192.168.1.50.,0,Benign
2026-02-27 15:48:49,4624,7,1374,An account was successfully logged on. New Logon: Account Name: jdoe Account Domain: CORP Logon ID: 0x1A2B3C.,0,Benign
2026-02-23 11:03:40,4625,12,6722,An account failed to log on. Logon Type: 10 Remote Desktop Services.,0,Benign
2026-02-23 11:31:08,4624,12,6408,An account was successfully logged on. Subject: Security ID: S-1-5-18 Account Name: SYSTEM Account Domain: NT AUTHORITY Logon ID: 0x3E7 Logon Type: 5.,0,Benign
2026-02-23 03:40:23,4624,9,7233,An account was successfully logged on. Logon Type: 10 Remote Desktop Services.,0,Benign
2026-02-23 11:28:02,4648,8,6582,A logon was attempted using explicit credentials. Target Server: localhost Target User: admin.,0,Benign
2026-02-25 17:11:39,4624,7,3712,An account was successfully logged on. Logon Type: 2 Interactive.,0,Benign
2026-02-24 11:48:05,4624,10,2415,An account was successfully logged on. New Logon: Account Name: jdoe Account Domain: CORP Logon ID: 0x1A2B3C.,0,Benign
2026-02-23 03:01:29,4624,5,6946,An account was successfully logged on. Subject: Security ID: S-1-5-18 Account Name: SYSTEM Account Domain: NT AUTHORITY Logon ID: 0x3E7 Logon Type: 5.,0,Benign
2026-03-01 12:30:50,4688,2,8104,A new process has been created. New Process Name: C:\Windows\System32\taskhostw.exe.,0,Benign
2026-02-26 16:31:18,4634,2,7834,An account was logged off. Logon Type: 3.,0,Benign
2026-02-26 18:12:47,4688,2,686,Special privileges assigned to new logon. Account Name: SYSTEM Privileges: SeDebugPrivilege.,1,T1003
2026-03-01 11:06:56,4625,10,999,An account failed to log on. Failure Reason: Unknown user name or bad password. Status: 0xC000006D Sub Status: 0xC000006A.,0,Benign
2026-02-27 17:18:53,4625,10,3231,An account failed to log on. Failure Reason: Unknown user name or bad password. Status: 0xC000006D Sub Status: 0xC000006A.,0,Benign
2026-02-25 13:23:22,4672,8,2365,Special privileges assigned to new logon. Subject: Security ID: S-1-5-18 Privileges: SeAssignPrimaryTokenPrivilege SeTcbPrivilege SeSecurityPrivilege.,0,Benign
2026-02-23 17:59:49,4625,11,6537,An account failed to log on. Account Name: administrator Source Network Address: 192.168.1.50.,0,Benign
2026-02-23 12:55:18,4625,8,4425,An account failed to log on. Account Name: administrator Source Network Address: 192.168.1.50.,0,Benign
2026-03-01 09:24:02,4624,7,2418,An account was successfully logged on. New Logon: Account Name: jdoe Account Domain: CORP Logon ID: 0x1A2B3C.,0,Benign
2026-02-23 20:07:56,4624,12,7098,An account was successfully logged on. Subject: Security ID: S-1-5-21-1234567890 Account Name: Administrator Account Domain: CORP Logon Type: 3.,0,Benign
2026-02-28 15:22:46,4688,9,632,A new process has been created. New Process Name: C:\Windows\System32\taskhostw.exe.,0,Benign
2026-02-28 08:57:19,4672,12,3222,Special privileges assigned to new logon. Subject: Security ID: S-1-5-18 Privileges: SeAssignPrimaryTokenPrivilege SeTcbPrivilege SeSecurityPrivilege.,0,Benign
2026-02-26 12:57:12,4625,3,6277,An account failed to log on. Failure Reason: Account locked out.,0,Benign
2026-02-23 17:29:07,4624,11,5314,An account was successfully logged on. Subject: Security ID: S-1-5-18 Account Name: SYSTEM Account Domain: NT AUTHORITY Logon ID: 0x3E7 Logon Type: 5.,0,Benign
2026-02-25 11:35:30,4624,3,7661,An account was successfully logged on. Subject: Security ID: S-1-5-21-1234567890 Account Name: Administrator Account Domain: CORP Logon Type: 3.,0,Benign
2026-02-27 03:43:21,4688,3,9391,A new process has been created. New Process Name: C:\Windows\System32\svchost.exe Creator Process Name: C:\Windows\System32\services.exe.,0,Benign
2026-02-28 10:39:53,4634,10,7107,An account was logged off. Logon Type: 2 Interactive.,0,Benign
2026-02-28 10:47:07,4624,7,7401,An account was successfully logged on. Logon Type: 10 Remote Desktop Services.,0,Benign
2026-03-01 15:47:47,4624,12,7510,An account was successfully logged on. Subject: Security ID: S-1-5-18 Account Name: SYSTEM Account Domain: NT AUTHORITY Logon ID: 0x3E7 Logon Type: 5.,0,Benign
2026-02-28 12:59:13,4624,3,6002,An account was successfully logged on. Subject: Security ID: S-1-5-18 Account Name: SYSTEM Account Domain: NT AUTHORITY Logon ID: 0x3E7 Logon Type: 5.,0,Benign
2026-02-27 14:22:44,4732,2,7110,A member was added to a security-enabled local group. Member Name: jdoe Group Name: Remote Desktop Users.,0,Benign
2026-02-25 09:32:01,4624,12,3833,An account was successfully logged on. Subject: Security ID: S-1-5-18 Account Name: SYSTEM Account Domain: NT AUTHORITY Logon ID: 0x3E7 Logon Type: 5.,0,Benign
2026-02-27 16:54:44,4648,3,931,A logon was attempted using explicit credentials. Target Server: DC01 Target User: backup_svc.,0,Benign
2026-02-24 09:26:43,4688,9,3332,A new process has been created. New Process Name: C:\Windows\System32\taskhostw.exe.,0,Benign
2026-03-01 13:19:35,4688,7,6096,A new process has been created. New Process Name: C:\Program Files\Google\Chrome\chrome.exe Command Line: chrome.exe --type=renderer.,0,Benign
2026-02-23 09:57:04,4624,12,5014,An account was successfully logged on. Logon Type: 10 Remote Desktop Services.,0,Benign
2026-02-26 16:39:25,4688,7,3229,A new process has been created. New Process Name: C:\Windows\System32\cmd.exe Command Line: cmd.exe /c dir.,0,Benign
2026-02-28 17:08:34,4634,12,8580,An account was logged off. Subject: Security ID: S-1-5-21-1234567890 Account Name: jdoe.,0,Benign
2026-02-27 13:04:42,4625,8,5182,An account failed to log on. Failure Reason: Account locked out.,0,Benign
2026-03-01 12:29:53,4648,9,2713,A logon was attempted using explicit credentials. Target Server: DC01 Target User: backup_svc.,0,Benign
2026-02-24 15:43:51,4634,5,9928,An account was logged off. Logon Type: 2 Interactive.,0,Benign
2026-02-27 16:45:51,4672,3,3499,Special privileges assigned to new logon. Account Name: SYSTEM Privileges: SeBackupPrivilege SeRestorePrivilege.,0,Benign
2026-02-23 00:34:19,4625,2,1501,An account failed to log on. Subject: Security ID: S-1-0-0 Account Name: - Account Domain: - Logon Type: 3.,0,Benign
2026-02-24 08:47:40,4624,8,4740,An account was successfully logged on. Subject: Security ID: S-1-5-18 Account Name: SYSTEM Account Domain: NT AUTHORITY Logon ID: 0x3E7 Logon Type: 5.,0,Benign
2026-02-23 07:33:18,4624,11,6489,An account was successfully logged on. Subject: Security ID: S-1-5-18 Account Name: SYSTEM Account Domain: NT AUTHORITY Logon ID: 0x3E7 Logon Type: 5.,0,Benign
2026-02-23 14:21:44,4624,3,6651,An account was successfully logged on. Subject: Security ID: S-1-5-18 Account Name: SYSTEM Account Domain: NT AUTHORITY Logon ID: 0x3E7 Logon Type: 5.,0,Benign
2026-02-24 10:02:33,4688,10,857,A new process has been created. New Process Name: C:\Windows\System32\taskhostw.exe.,0,Benign
2026-02-24 13:03:32,4625,12,6781,An account failed to log on. Failure Reason: Account locked out.,0,Benign
2026-02-26 17:59:32,4624,8,9449,An account was successfully logged on. Logon Type: 2 Interactive.,0,Benign
2026-02-28 17:58:04,4720,8,4569,A user account was created. New Account Name: test_account.,0,Benign
2026-02-27 14:53:25,4625,5,2334,An account failed to log on. Failure Reason: Account locked out.,0,Benign
2026-02-23 16:28:11,4624,8,8791,An account was successfully logged on. Subject: Security ID: S-1-5-21-1234567890 Account Name: Administrator Account Domain: CORP Logon Type: 3.,0,Benign
2026-02-25 12:28:20,4624,12,5822,An account was successfully logged on. Subject: Security ID: S-1-5-21-1234567890 Account Name: Administrator Account Domain: CORP Logon Type: 3.,0,Benign
2026-02-23 17:39:14,4648,7,2368,A logon was attempted using explicit credentials. Process: C:\Windows\System32\runas.exe.,0,Benign
2026-02-24 16:24:35,4624,10,9054,An account was successfully logged on. Subject: Security ID: S-1-5-18 Account Name: SYSTEM Account Domain: NT AUTHORITY Logon ID: 0x3E7 Logon Type: 5.,0,Benign
2026-02-27 11:06:49,4625,8,2214,An account failed to log on. Failure Reason: Unknown user name or bad password. Status: 0xC000006D Sub Status: 0xC000006A.,0,Benign
2026-02-23 16:42:53,4624,10,6342,An account was successfully logged on. Subject: Security ID: S-1-5-18 Account Name: SYSTEM Account Domain: NT AUTHORITY Logon ID: 0x3E7 Logon Type: 5.,0,Benign
2026-02-24 10:50:55,4720,7,5502,A user account was created. New Account Name: svc_backup New Account Domain: CORP.,1,Benign
2026-02-28 15:32:56,4648,7,6828,A logon was attempted using explicit credentials. Target Server: localhost Target User: admin.,0,Benign
2026-02-27 20:26:06,4688,10,482,A new process has been created. New Process Name: C:\Windows\System32\svchost.exe Creator Process Name: C:\Windows\System32\services.exe.,0,Benign
2026-02-23 20:35:46,4624,2,5088,An account was successfully logged on. Logon Type: 10 Remote Desktop Services.,0,Benign
2026-02-24 08:10:55,4634,11,9165,An account was logged off. Logon Type: 2 Interactive.,0,Benign
2026-03-01 16:10:36,4688,3,6750,A new process has been created. New Process Name: C:\Program Files\Google\Chrome\chrome.exe Command Line: chrome.exe --type=renderer.,0,Benign
2026-02-24 13:56:34,4624,7,1952,An account was successfully logged on. Logon Type: 10 Remote Desktop Services.,0,Benign
2026-02-27 15:51:46,4624,9,9212,An account was successfully logged on. Subject: Security ID: S-1-5-18 Account Name: SYSTEM Account Domain: NT AUTHORITY Logon ID: 0x3E7 Logon Type: 5.,0,Benign
2026-02-23 16:44:34,4672,9,7236,Special privileges assigned to new logon. Subject: Security ID: S-1-5-18 Privileges: SeAssignPrimaryTokenPrivilege SeTcbPrivilege SeSecurityPrivilege.,0,Benign
2026-02-27 21:37:40,4688,11,5560,A new process has been created. New Process Name: C:\Windows\System32\notepad.exe.,0,Benign
2026-02-27 10:18:03,4625,3,1580,An account failed to log on. Failure Reason: Account locked out.,0,Benign
2026-02-23 21:26:32,4624,3,1123,An account was successfully logged on. New Logon: Account Name: jdoe Account Domain: CORP Logon ID: 0x1A2B3C.,0,Benign
2026-02-24 09:28:27,4624,3,2048,An account was successfully logged on. New Logon: Account Name: jdoe Account Domain: CORP Logon ID: 0x1A2B3C.,0,Benign
2026-02-27 13:18:49,4688,8,2667,A new process has been created. New Process Name: C:\Program Files\Google\Chrome\chrome.exe Command Line: chrome.exe --type=renderer.,0,Benign
2026-02-25 12:54:35,4625,12,5693,An account failed to log on. Failure Reason: Unknown user name or bad password. Status: 0xC000006D Sub Status: 0xC000006A.,0,Benign
2026-02-28 12:33:36,4624,5,6780,An account was successfully logged on. Logon Type: 10 Remote Desktop Services.,0,Benign
2026-02-27 17:12:33,4648,12,780,A logon was attempted using explicit credentials. Target Server: DC01 Target User: backup_svc.,0,Benign
2026-03-01 13:31:44,4720,7,8695,A user account was created. New Account Name: tempuser New Account Domain: CORP.,0,Benign
2026-02-27 13:21:02,4648,10,5997,A logon was attempted using explicit credentials. Target Server: DC01 Target User: backup_svc.,0,Benign
2026-02-27 16:09:53,4634,10,8387,An account was logged off. Subject: Security ID: S-1-5-21-1234567890 Account Name: jdoe.,0,Benign
2026-02-26 14:01:24,4688,11,7697,A new process has been created. New Process Name: C:\Windows\System32\svchost.exe Creator Process Name: C:\Windows\System32\services.exe.,0,Benign
2026-02-27 09:48:51,4688,11,5715,A new process has been created. New Process Name: C:\Windows\System32\notepad.exe.,0,Benign
2026-02-27 17:25:59,4624,2,4420,An account was successfully logged on. New Logon: Account Name: jdoe Account Domain: CORP Logon ID: 0x1A2B3C.,0,Benign
2026-03-01 15:33:01,4624,11,7889,An account was successfully logged on. Subject: Security ID: S-1-5-21-1234567890 Account Name: Administrator Account Domain: CORP Logon Type: 3.,0,Benign
2026-02-25 11:08:10,4625,7,6392,An account failed to log on. Failure Reason: Account locked out.,0,Benign
2026-02-26 17:13:51,4688,7,9662,A new process has been created. New Process Name: C:\Windows\System32\svchost.exe Creator Process Name: C:\Windows\System32\services.exe.,0,Benign
2026-03-01 06:56:46,4624,7,8098,An account was successfully logged on. Logon Type: 3 New Logon: admin.,1,T1110
2026-03-01 09:09:37,4688,5,8225,A new process has been created. New Process Name: C:\Windows\System32\notepad.exe.,0,Benign
2026-02-27 11:24:23,4624,2,3415,An account was successfully logged on. Logon Type: 2 Interactive.,0,Benign
2026-02-25 17:58:01,4634,2,5083,An account was logged off. Logon Type: 3.,0,Benign
2026-02-24 10:35:50,4624,3,6088,An account was successfully logged on. Logon Type: 10 Remote Desktop Services.,0,Benign
2026-02-23 22:57:20,4688,8,9782,A new process has been created. New Process Name: C:\Program Files\Google\Chrome\chrome.exe Command Line: chrome.exe --type=renderer.,0,Benign
2026-02-27 10:36:39,4624,10,4383,An account was successfully logged on. Subject: Security ID: S-1-5-18 Account Name: SYSTEM Account Domain: NT AUTHORITY Logon ID: 0x3E7 Logon Type: 5.,0,Benign
