2026-03-01 15:14:41,4625,3,8967,An account failed to log on. Failure Reason: Account locked out.,0,Benign
2026-02-26 18:07:23,4625,8,2429,An account failed to log on. Account Name: administrator Source Network Address: 192.168.1.50.,0,Benign
2026-02-24 15:37:26,4624,5,9942,An account was successfully logged on. Subject: Security ID: S-1-5-21-1234567890 Account Name: Administrator Account Domain: CORP Logon Type: 3.,0,Benign
2026-02-24 13:48:32,4720,7,9300,A user account was created. New Account Name: test_account.,0,Benign
2026-03-01 07:10:11,4624,5,4261,An account was successfully logged on. New Logon: Account Name: jdoe Account Domain: CORP Logon ID: 0x1A2B3C.,0,Benign
2026-03-01 12:13:59,4672,9,4271,Special privileges assigned to new logon. Subject: Security ID: S-1-5-18 Privileges: SeAssignPrimaryTokenPrivilege SeTcbPrivilege SeSecurityPrivilege.,0,Benign
2026-02-23 10:33:11,4625,3,5061,An account failed to log on. Failure Reason: Account locked out.,0,Benign
2026-02-24 05:46:15,4688,12,4297,A new process has been created. New Process Name: C:\Windows\System32\notepad.exe.,0,Benign
2026-02-25 15:06:13,4688,5,318,A new process has been created. New Process Name: C:\Windows\System32\notepad.exe.,1,Benign
2026-02-27 13:58:47,4625,3,6971,An account failed to log on. Logon Type: 10 Remote Desktop Services.,0,Benign
2026-02-23 11:29:55,4624,9,3247,An account was successfully logged on. Subject: Security ID: S-1-5-18 Account Name: SYSTEM Account Domain: NT AUTHORITY Logon ID: 0x3E7 Logon Type: 5.,0,Benign
2026-02-24 17:59:22,4688,3,6905,A new process has been created. New Process Name: C:\Windows\System32\svchost.exe Creator Process Name: C:\Windows\System32\services.exe.,0,Benign
2026-02-27 10:15:08,4672,7,6832,Special privileges assigned to new logon. Account Name: SYSTEM Privileges: SeBackupPrivilege SeRestorePrivilege.,0,Benign
2026-02-26 10:23:31,4672,8,3480,Special privileges assigned to new logon. Account Name: SYSTEM Privileges: SeBackupPrivilege SeRestorePrivilege.,0,Benign
2026-02-27 09:45:09,4624,12,5293,An account was successfully logged on. Subject: Security ID: S-1-5-21-1234567890 Account Name: Administrator Account Domain: CORP Logon Type: 3.,0,Benign
2026-02-27 16:23:19,4624,8,6999,An account was successfully logged on. New Logon: Account Name: jdoe Account Domain: CORP Logon ID: 0x1A2B3C.,0,Benign
2026-02-23 15:23:41,4624,8,6780,An account was successfully logged on. Subject: Security ID: S-1-5-21-1234567890 Account Name: Administrator Account Domain: CORP Logon Type: 3.,0,Benign
2026-02-25 10:47:30,4672,10,2150,Special privileges assigned to new logon. Subject: Security ID: S-1-5-18 Privileges: SeAssignPrimaryTokenPrivilege SeTcbPrivilege SeSecurityPrivilege.,0,Benign
2026-02-28 14:49:01,4688,8,2480,A new process has been created. New Process Name: C:\Windows\System32\svchost.exe Creator Process Name: C:\Windows\System32\services.exe.,0,Benign
2026-02-26 12:59:12,4624,8,1949,An account was successfully logged on. New Logon: Account Name: jdoe Account Domain: CORP Logon ID: 0x1A2B3C.,0,Benign
2026-02-25 12:03:02,4624,9,6640,An account was successfully logged on. New Logon: Account Name: jdoe Account Domain: CORP Logon ID: 0x1A2B3C.,0,Benign
2026-03-01 09:31:28,4624,10,6280,An account was successfully logged on. Logon Type: 2 Interactive.,0,Benign
2026-02-28 16:37:36,4624,7,6905,An account was successfully logged on. New Logon: Account Name: jdoe Account Domain: CORP Logon ID: 0x1A2B3C.,0,Benign
2026-02-24 15:01:05,4625,2,5631,An account failed to log on. Failure Reason: Account locked out.,0,Benign
2026-02-27 08:00:41,4624,8,922,An account was successfully logged on. Logon Type: 2 Interactive.,0,Benign
2026-02-28 09:26:16,4688,8,516,A new process has been created. New Process Name: C:\Program Files\Google\Chrome\chrome.exe Command Line: chrome.exe --type=renderer.,0,Benign
2026-02-26 12:10:26,4688,7,1488,A new process has been created. New Process Name: C:\Program Files\Google\Chrome\chrome.exe Command Line: chrome.exe --type=renderer.,0,Benign
2026-02-28 09:43:15,4624,5,5387,An account was successfully logged on. New Logon: Account Name: jdoe Account Domain: CORP Logon ID: 0x1A2B3C.,0,Benign
2026-02-27 15:11:22,4624,12,2318,An account was successfully logged on. Subject: Security ID: S-1-5-21-1234567890 Account Name: Administrator Account Domain: CORP Logon Type: 3.,0,Benign
2026-02-25 13:29:43,4624,8,9338,An account was successfully logged on. Subject: Security ID: S-1-5-18 Account Name: SYSTEM Account Domain: NT AUTHORITY Logon ID: 0x3E7 Logon Type: 5.,0,Benign
2026-02-25 11:56:28,4624,8,8913,An account was successfully logged on. Logon Type: 10 Remote Desktop Services.,0,Benign
2026-02-23 12:48:06,4624,9,9887,An account was successfully logged on. New Logon: Account Name: jdoe Account Domain: CORP Logon ID: 0x1A2B3C.,0,Benign
2026-02-28 08:51:46,4624,11,3926,An account was successfully logged on. Logon Type: 2 Interactive.,0,Benign
2026-02-23 17:49:08,4672,2,5528,Special privileges assigned to new logon. Subject: Security ID: S-1-5-21-9876543210 Account Name: backdoor.,1,T1078
2026-02-26 12:54:19,4624,9,6617,An account was successfully logged on. Subject: Security ID: S-1-5-21-1234567890 Account Name: Administrator Account Domain: CORP Logon Type: 3.,0,Benign
2026-02-25 10:38:01,4625,12,8445,An account failed to log on. Subject: Security ID: S-1-0-0 Account Name: - Account Domain: - Logon Type: 3.,0,Benign
2026-02-27 12:30:33,4624,9,465,An account was successfully logged on. Subject: Security ID: S-1-5-18 Account Name: SYSTEM Account Domain: NT AUTHORITY Logon ID: 0x3E7 Logon Type: 5.,0,Benign
2026-02-26 16:30:56,4648,3,8400,A logon was attempted using explicit credentials. Target Server: DC01 Target User: backup_svc.,0,Benign
2026-02-27 08:19:16,4624,8,2405,An account was successfully logged on. Subject: Security ID: S-1-5-21-1234567890 Account Name: Administrator Account Domain: CORP Logon Type: 3.,0,Benign
2026-02-26 15:30:13,4648,3,599,A logon was attempted using explicit credentials. Target Server: localhost Target User: admin.,0,Benign
2026-02-27 15:38:01,4634,10,8311,An account was logged off. Logon Type: 2 Interactive.,0,Benign
2026-03-01 09:34:22,4648,7,6715,A logon was attempted using explicit credentials. Target Server: localhost Target User: admin.,0,Benign
2026-02-23 05:20:24,4672,3,2618,Special privileges assigned to new logon. Account Name: SYSTEM Privileges: SeBackupPrivilege SeRestorePrivilege.,0,Benign
2026-02-27 23:35:04,4624,3,8507,An account was successfully logged on. New Logon: Account Name: jdoe Account Domain: CORP Logon ID: 0x1A2B3C.,0,Benign
2026-02-23 13:01:39,4624,7,8362,An account was successfully logged on. New Logon: Account Name: jdoe Account Domain: CORP Logon ID: 0x1A2B3C.,0,Benign
2026-02-28 11:16:33,4624,11,6530,An account was successfully logged on. New Logon: Account Name: jdoe Account Domain: CORP Logon ID: 0x1A2B3C.,0,Benign
2026-02-24 12:17:25,4624,11,8178,An account was successfully logged on. Subject: Security ID: S-1-5-21-1234567890 Account Name: Administrator Account Domain: CORP Logon Type: 3.,0,Benign
2026-02-28 11:44:15,4624,11,6603,An account was successfully logged on. Logon Type: 10 Remote Desktop Services.,0,Benign
2026-02-27 00:42:52,4624,9,4981,An account was successfully logged on. Logon Type: 10 Remote Desktop Services.,0,Benign
2026-02-25 11:51:40,4624,12,7773,An account was successfully logged on. New Logon: Account Name: jdoe Account Domain: CORP Logon ID: 0x1A2B3C.,0,Benign
2026-03-01 19:29:55,4648,11,120,A logon was attempted using explicit credentials. Target Server: localhost Target User: admin.,0,Benign
2026-02-24 10:05:18,4688,3,8385,A new process has been created. New Process Name: C:\Windows\System32\notepad.exe.,0,Benign
2026-02-27 16:04:07,4624,8,6976,An account was successfully logged on. Logon Type: 2 Interactive.,0,Benign
2026-02-24 11:16:11,4625,8,9402,An account failed to log on. Account Name: administrator Source Network Address: 192.168.1.50.,0,Benign
2026-02-24 10:21:16,4624,2,9524,An account was successfully logged on. Subject: Security ID: S-1-5-21-1234567890 Account Name: Administrator Account Domain: CORP Logon Type: 3.,0,Benign
2026-02-24 13:07:49,4688,5,5574,A new process has been created. New Process Name: C:\Windows\System32\notepad.exe.,0,Benign
2026-02-24 10:02:03,4624,7,4120,An account was successfully logged on. New Logon: Account Name: jdoe Account Domain: CORP Logon ID: 0x1A2B3C.,0,Benign
2026-02-25 09:18:58,4624,9,6441,An account was successfully logged on. Subject: Security ID: S-1-5-18 Account Name: SYSTEM Account Domain: NT AUTHORITY Logon ID: 0x3E7 Logon Type: 5.,0,Benign
2026-02-25 14:16:19,4624,10,6408,An account was successfully logged on. Subject: Security ID: S-1-5-21-1234567890 Account Name: Administrator Account Domain: CORP Logon Type: 3.,0,Benign
2026-02-27 11:39:01,4688,5,4335,A new process has been created. New Process Name: C:\Windows\System32\notepad.exe.,0,Benign
2026-02-27 14:55:23,4625,10,8925,An account failed to log on. Subject: Security ID: S-1-0-0 Account Name: - Account Domain: - Logon Type: 3.,0,Benign
2026-02-23 08:54:17,4624,5,9245,An account was successfully logged on. Logon Type: 2 Interactive.,0,Benign
2026-02-28 09:00:34,4720,10,8634,A user account was created. New Account Name: tempuser New Account Domain: CORP.,0,Benign
2026-02-25 09:05:25,4634,3,7259,An account was logged off. Logon Type: 3.,0,Benign
2026-02-25 17:16:17,4688,5,280,A new process has been created. New Process Name: C:\Windows\System32\notepad.exe.,0,Benign
2026-02-25 09:42:19,4648,8,6727,A logon was attempted using explicit credentials. Process: C:\Windows\System32\runas.exe.,0,Benign
2026-02-26 08:51:08,4624,2,7817,An account was successfully logged on. Subject: Security ID: S-1-5-18 Account Name: SYSTEM Account Domain: NT AUTHORITY Logon ID: 0x3E7 Logon Type: 5.,0,Benign
2026-02-27 09:21:27,4688,3,7018,A new process has been created. New Process Name: C:\Windows\System32\notepad.exe.,0,Benign
2026-02-26 11:01:29,4624,2,4704,An account was successfully logged on. Subject: Security ID: S-1-5-21-1234567890 Account Name: Administrator Account Domain: CORP Logon Type: 3.,0,Benign
2026-03-01 11:09:49,4688,3,2675,A new process has been created. New Process Name: C:\Windows\System32\svchost.exe Creator Process Name: C:\Windows\System32\services.exe.,0,Benign
2026-02-27 17:26:21,4625,12,9410,An account failed to log on. Logon Type: 10 Remote Desktop Services.,0,Benign
2026-02-24 11:26:19,4624,5,6105,An account was successfully logged on. Logon Type: 2 Interactive.,0,Benign
2026-02-25 12:07:37,4624,11,9192,An account was successfully logged on. New Logon: Account Name: jdoe Account Domain: CORP Logon ID: 0x1A2B3C.,0,Benign
2026-02-25 10:59:03,4624,8,6544,An account was successfully logged on. Subject: Security ID: S-1-5-21-1234567890 Account Name: Administrator Account Domain: CORP Logon Type: 3.,0,Benign
2026-03-01 21:29:31,4720,12,4734,A user account was created. New Account Name: test_account.,0,Benign
2026-02-24 00:03:39,4672,10,7266,Special privileges assigned to new logon. Subject: Security ID: S-1-5-18 Privileges: SeAssignPrimaryTokenPrivilege SeTcbPrivilege SeSecurityPrivilege.,0,Benign
2026-02-25 12:08:54,4720,7,6538,A user account was created. New Account Name: test_account.,0,Benign
2026-02-23 09:48:25,4672,5,3344,Special privileges assigned to new logon. Subject: Security ID: S-1-5-18 Privileges: SeAssignPrimaryTokenPrivilege SeTcbPrivilege SeSecurityPrivilege.,0,Benign
2026-02-26 17:25:52,4624,5,3205,An account was successfully logged on. Logon Type: 2 Interactive.,0,Benign
2026-02-28 11:06:28,4688,7,5347,A new process has been created. New Process Name: C:\Windows\System32\svchost.exe Creator Process Name: C:\Windows\System32\services.exe.,0,Benign
2026-03-01 08:52:45,4688,8,4339,A new process has been created. New Process Name: C:\Program Files\Google\Chrome\chrome.exe Command Line: chrome.exe --type=renderer.,0,Benign
2026-03-01 10:30:54,4648,10,8536,A logon was attempted using explicit credentials. Target Server: localhost Target User: admin.,0,Benign
2026-02-27 09:42:47,4625,11,7735,An account failed to log on. Failure Reason: Unknown user name or bad password. Status: 0xC000006D Sub Status: 0xC000006A.,0,Benign
2026-02-24 10:08:14,4624,7,6143,An account was successfully logged on. Logon Type: 2 Interactive.,0,Benign
2026-02-27 09:29:22,4624,2,1398,An account was successfully logged on. Subject: Security ID: S-1-5-21-1234567890 Account Name: Administrator Account Domain: CORP Logon Type: 3.,0,Benign
2026-02-27 08:16:51,4624,3,4744,An account was successfully logged on. Logon Type: 10 Remote Desktop Services.,0,Benign
2026-02-27 09:02:37,4648,9,4060,A logon was attempted using explicit credentials. Target Server: localhost Target User: admin.,0,Benign
2026-03-01 14:55:33,4672,5,8350,Special privileges assigned to new logon. Subject: Security ID: S-1-5-21-1234567890 Account Name: Administrator Privileges: SeDebugPrivilege.,0,Benign
2026-02-28 14:40:13,4634,2,1547,An account was logged off. Logon Type: 3.,0,Benign
2026-02-23 11:44:03,4624,3,120,An account was successfully logged on. Subject: Security ID: S-1-5-18 Account Name: SYSTEM Account Domain: NT AUTHORITY Logon ID: 0x3E7 Logon Type: 5.,0,Benign
2026-03-01 14:52:03,4625,11,2546,An account failed to log on. Failure Reason: Account locked out.,0,Benign
2026-02-24 09:41:50,4625,2,7331,An account failed to log on. Failure Reason: Account locked out.,0,Benign
2026-02-26 10:46:25,4625,7,324,An account failed to log on. Account Name: administrator Source Network Address: 192.168.1.50.,0,Benign
2026-02-23 01:25:21,4624,10,5897,An account was successfully logged on. Subject: Security ID: S-1-5-18 Account Name: SYSTEM Account Domain: NT AUTHORITY Logon ID: 0x3E7 Logon Type: 5.,0,Benign
2026-02-25 10:37:37,4625,2,4854,An account failed to log on. Account Name: administrator Source Network Address: 192.168.1.50.,0,Benign
2026-02-23 16:32:59,4625,8,8785,An account failed to log on. Failure Reason: Account locked out.,0,Benign
2026-02-23 17:43:22,4625,8,6739,An account failed to log on. Account Name: administrator Source Network Address: 192.168.1.50.,0,Benign
2026-03-01 02:00:58,4648,5,540,An account was successfully logged on. Logon Type: 3 Source Network Address: 192.168.1.100.,1,T1046
2026-02-27 17:52:28,4634,9,8971,An account was logged off. Subject: Security ID: S-1-5-21-1234567890 Account Name: jdoe.,0,Benign
2026-02-28 15:59:09,4634,11,8662,An account was logged off. Logon Type: 2 Interactive.,0,Benign
2026-02-24 15:33:23,4624,5,7631,An account was successfully logged on. Logon Type: 2 Interactive.,0,Benign
2026-02-24 16:59:42,4624,5,7207,An account was successfully logged on. Logon Type: 10 Remote Desktop Services.,0,Benign
2026-02-25 09:07:22,4624,2,6803,An account was successfully logged on. New Logon: Account Name: jdoe Account Domain: CORP Logon ID: 0x1A2B3C.,0,Benign
2026-02-26 11:20:21,4634,2,5094,An account was logged off. Logon Type: 3.,0,Benign
2026-02-26 15:03:12,4624,2,1382,An account was successfully logged on. Subject: Security ID: S-1-5-21-1234567890 Account Name: Administrator Account Domain: CORP Logon Type: 3.,0,Benign
2026-02-25 01:24:04,4624,7,5533,An account was successfully logged on. Logon Type: 2 Interactive.,0,Benign
2026-02-25 15:37:30,4688,2,4217,A new process has been created. New Process Name: C:\Windows\System32\svchost.exe Creator Process Name: C:\Windows\System32\services.exe.,0,Benign
2026-02-26 08:14:05,4720,3,9531,A user account was created. New Account Name: test_account.,0,Benign
2026-02-25 14:03:54,4624,7,328,An account was successfully logged on. Subject: Security ID: S-1-5-18 Account Name: SYSTEM Account Domain: NT AUTHORITY Logon ID: 0x3E7 Logon Type: 5.,0,Benign
2026-02-23 04:44:52,4688,5,4576,A new process has been created. New Process Name: C:\Windows\System32\cmd.exe Command Line: cmd.exe /c dir.,0,Benign
2026-02-24 11:24:34,4625,11,6180,An account failed to log on. Failure Reason: Account locked out.,0,Benign
2026-02-28 15:49:16,4624,7,3517,An account was successfully logged on. Logon Type: 10 Remote Desktop Services.,0,Benign
2026-02-24 15:45:57,4688,5,2362,A new process has been created. New Process Name: C:\Windows\System32\taskhostw.exe.,0,Benign
2026-02-23 14:45:27,4624,7,1707,An account was successfully logged on. Subject: Security ID: S-1-5-21-1234567890 Account Name: Administrator Account Domain: CORP Logon Type: 3.,0,Benign
2026-02-27 10:03:37,4688,11,6744,A new process has been created. New Process Name: C:\Windows\System32\taskhostw.exe.,0,Benign
2026-02-23 17:08:00,4648,5,2572,A logon was attempted using explicit credentials. Process: C:\Windows\System32\runas.exe.,0,Benign
2026-02-25 00:58:07,4625,5,9099,An account failed to log on. Logon Type: 10 Remote Desktop Services.,0,Benign
2026-02-23 11:10:45,4625,12,9097,An account failed to log on. Account Name: administrator Source Network Address: 192.168.1.50.,0,Benign
2026-02-27 07:24:05,4688,11,2235,A new process has been created. New Process Name: C:\Windows\System32\taskhostw.exe.,1,Benign
2026-02-27 08:32:16,4648,7,6313,A logon was attempted using explicit credentials. Target Server: DC01 Target User: backup_svc.,0,Benign
2026-03-01 08:25:25,4624,3,5581,An account was successfully logged on. Logon Type: 2 Interactive.,0,Benign
2026-02-27 17:23:12,4648,9,2771,A logon was attempted using explicit credentials. Target Server: DC01 Target User: backup_svc.,0,Benign
2026-02-25 05:12:57,4688,11,5667,A new process has been created. New Process Name: C:\Windows\System32\taskhostw.exe.,0,Benign
2026-03-01 04:37:36,4624,12,2982,An account was successfully logged on. New Logon: Account Name: jdoe Account Domain: CORP Logon ID: 0x1A2B3C.,0,Benign
2026-02-25 10:12:45,4672,10,1279,Special privileges assigned to new logon. Subject: Security ID: S-1-5-18 Privileges: SeAssignPrimaryTokenPrivilege SeTcbPrivilege SeSecurityPrivilege.,0,Benign
2026-02-28 18:41:57,4688,9,4217,A new process has been created. New Process Name: C:\Windows\System32\notepad.exe.,0,Benign
2026-02-27 14:16:36,4688,11,9563,A new process has been created. New Process Name: C:\Windows\System32\cmd.exe Command Line: cmd.exe /c dir.,0,Benign
2026-02-25 12:17:17,4624,8,5247,An account was successfully logged on. Logon Type: 2 Interactive.,0,Benign
2026-02-23 06:53:03,4624,5,7682,An account was successfully logged on. Subject: Security ID: S-1-5-21-1234567890 Account Name: Administrator Account Domain: CORP Logon Type: 3.,0,Benign
2026-02-23 14:21:12,4624,10,4233,An account was successfully logged on. Logon Type: 10 Remote Desktop Services.,0,Benign
2026-02-25 17:05:03,4624,7,320,An account was successfully logged on. Logon Type: 2 Interactive.,0,Benign
2026-02-24 13:37:30,4688,3,3155,A new process has been created. New Process Name: C:\Windows\System32\cmd.exe Command Line: cmd.exe /c dir.,0,Benign
2026-02-25 17:35:01,4648,3,219,A logon was attempted using explicit credentials. Target Server: DC01 Target User: backup_svc.,0,Benign
2026-02-28 10:57:36,4624,12,7553,An account was successfully logged on. New Logon: Account Name: jdoe Account Domain: CORP Logon ID: 0x1A2B3C.,0,Benign
2026-03-01 13:00:09,4624,7,1656,An account was successfully logged on. Logon Type: 2 Interactive.,0,Benign
2026-02-26 12:50:18,4624,5,2822,An account was successfully logged on. New Logon: Account Name: jdoe Account Domain: CORP Logon ID: 0x1A2B3C.,0,Benign
2026-02-26 12:00:51,4624,10,5443,An account was successfully logged on. Logon Type: 10 Remote Desktop Services.,0,Benign
2026-02-24 16:35:27,4625,9,4489,An account failed to log on. Failure Reason: Unknown user name or bad password. Status: 0xC000006D Sub Status: 0xC000006A.,0,Benign
2026-02-23 09:32:11,4624,10,4005,An account was successfully logged on. Subject: Security ID: S-1-5-21-1234567890 Account Name: Administrator Account Domain: CORP Logon Type: 3.,0,Benign
2026-02-25 07:50:38,4648,9,3353,A logon was attempted using explicit credentials. Target Server: DC01 Target User: backup_svc.,0,Benign
2026-02-24 17:06:27,4634,7,736,An account was logged off. Logon Type: 3.,0,Benign
2026-02-28 08:45:20,4625,3,4486,An account failed to log on. Logon Type: 10 Remote Desktop Services.,0,Benign
2026-03-01 08:42:38,4624,5,2567,An account was successfully logged on. New Logon: Account Name: jdoe Account Domain: CORP Logon ID: 0x1A2B3C.,0,Benign
2026-02-27 15:15:10,4648,11,2408,A logon was attempted using explicit credentials. Process: C:\Windows\System32\runas.exe.,0,Benign
2026-02-25 08:07:17,4672,5,541,Special privileges assigned to new logon. Subject: Security ID: S-1-5-18 Privileges: SeAssignPrimaryTokenPrivilege SeTcbPrivilege SeSecurityPrivilege.,0,Benign
2026-02-24 01:25:11,4634,8,6982,An account was logged off. Subject: Security ID: S-1-5-21-1234567890 Account Name: jdoe.,0,Benign
2026-02-26 10:36:38,4634,5,8349,An account was logged off. Logon Type: 3.,0,Benign
2026-02-28 13:06:40,4624,7,5606,An account was successfully logged on. Subject: Security ID: S-1-5-18 Account Name: SYSTEM Account Domain: NT AUTHORITY Logon ID: 0x3E7 Logon Type: 5.,0,Benign
2026-02-23 13:56:51,4688,5,4820,A new process has been created. New Process Name: C:\Windows\System32\notepad.exe.,0,Benign
2026-02-27 08:49:31,4688,12,3661,A new process has been created. New Process Name: C:\Windows\System32\notepad.exe.,0,Benign
2026-02-24 15:53:23,4720,12,3041,A user account was created. New Account Name: test_account.,0,Benign
2026-02-25 16:29:30,4624,2,3778,An account was successfully logged on. Subject: Security ID: S-1-5-18 Account Name: SYSTEM Account Domain: NT AUTHORITY Logon ID: 0x3E7 Logon Type: 5.,0,Benign
2026-02-28 11:30:54,4720,7,4599,A user account was created. New Account Name: tempuser New Account Domain: CORP.,0,Benign
2026-02-27 16:20:54,4624,8,4547,An account was successfully logged on. Logon Type: 10 Remote Desktop Services.,0,Benign
2026-02-26 11:17:22,4688,8,7940,A new process has been created. New Process Name: C:\Program Files\Google\Chrome\chrome.exe Command Line: chrome.exe --type=renderer.,0,Benign
2026-02-27 00:37:06,4624,9,5356,An account was successfully logged on. Subject: Security ID: S-1-5-18 Account Name: SYSTEM Account Domain: NT AUTHORITY Logon ID: 0x3E7 Logon Type: 5.,0,Benign
2026-02-23 10:09:02,4634,9,5624,An account was logged off. Logon Type: 2 Interactive.,0,Benign
2026-02-26 23:05:58,4688,5,1434,A new process has been created. New Process Name: C:\Program Files\Google\Chrome\chrome.exe Command Line: chrome.exe --type=renderer.,0,Benign
2026-03-01 13:41:18,4624,10,2396,An account was successfully logged on. Logon Type: 2 Interactive.,0,Benign
2026-02-27 16:59:00,4624,12,8873,An account was successfully logged on. Subject: Security ID: S-1-5-18 Account Name: SYSTEM Account Domain: NT AUTHORITY Logon ID: 0x3E7 Logon Type: 5.,0,Benign
2026-02-27 13:28:04,4634,7,2023,An account was logged off. Subject: Security ID: S-1-5-21-1234567890 Account Name: jdoe.,0,Benign
2026-02-28 11:44:10,4624,8,3550,An account was successfully logged on. Logon Type: 10 Remote Desktop Services.,0,Benign
2026-02-26 07:09:49,4624,8,1757,An account was successfully logged on. Logon Type: 2 Interactive.,0,Benign
2026-02-24 09:04:14,4648,9,9604,A logon was attempted using explicit credentials. Target Server: localhost Target User: admin.,0,Benign
2026-03-01 11:30:04,4648,5,8844,A logon was attempted using explicit credentials. Target Server: localhost Target User: admin.,0,Benign
2026-02-28 08:00:37,4624,3,3509,An account was successfully logged on. Subject: Security ID: S-1-5-18 Account Name: SYSTEM Account Domain: NT AUTHORITY Logon ID: 0x3E7 Logon Type: 5.,0,Benign
2026-02-25 14:16:56,4624,3,5540,An account was successfully logged on. New Logon: Account Name: jdoe Account Domain: CORP Logon ID: 0x1A2B3C.,0,Benign
2026-02-28 08:21:32,4624,7,9769,An account was successfully logged on. Subject: Security ID: S-1-5-21-1234567890 Account Name: Administrator Account Domain: CORP Logon Type: 3.,0,Benign
2026-02-27 23:53:28,4624,9,1273,An account was successfully logged on. Logon Type: 10 Remote Desktop Services.,0,Benign
2026-03-01 14:12:36,4688,5,9787,A new process has been created. New Process Name: C:\Windows\System32\taskhostw.exe.,0,Benign
2026-02-27 20:18:05,4624,2,8598,An account was successfully logged on. Logon Type: 2 Interactive.,0,Benign
2026-02-24 17:26:50,4732,5,9721,A member was added to a security-enabled local group. Member Name: jdoe Group Name: Remote Desktop Users.,0,Benign
2026-03-01 09:50:06,4624,10,2731,An account was successfully logged on. Logon Type: 2 Interactive.,0,Benign
2026-02-23 03:36:43,4634,3,6814,An account was logged off. Subject: Security ID: S-1-5-21-1234567890 Account Name: jdoe.,0,Benign
2026-02-24 13:51:58,4672,9,6523,Special privileges assigned to new logon. Subject: Security ID: S-1-5-21-1234567890 Account Name: Administrator Privileges: SeDebugPrivilege.,0,Benign
2026-02-25 06:15:43,4625,2,127,An account failed to log on. Failure Reason: Account locked out.,0,Benign
2026-02-25 16:43:53,4624,5,246,An account was successfully logged on. New Logon: Account Name: jdoe Account Domain: CORP Logon ID: 0x1A2B3C.,0,Benign
2026-02-23 15:20:12,4720,3,5254,A user account was created. New Account Name: svc_backup New Account Domain: CORP.,1,Benign
2026-02-27 10:20:59,4624,2,2844,An account was successfully logged on. Logon Type: 2 Interactive.,0,Benign
2026-02-24 10:46:45,4625,3,3764,An account failed to log on. Failure Reason: Unknown user name or bad password. Status: 0xC000006D Sub Status: 0xC000006A.,0,Benign
2026-02-27 15:08:27,4624,3,4984,An account was successfully logged on. Subject: Security ID: S-1-5-21-1234567890 Account Name: Administrator Account Domain: CORP Logon Type: 3.,0,Benign
2026-02-27 11:49:42,4688,10,505,A new process has been created. New Process Name: C:\Windows\System32\notepad.exe.,0,Benign
2026-02-28 17:45:49,4634,12,9203,An account was logged off. Logon Type: 3.,0,Benign
2026-03-01 10:33:25,4672,5,3279,Special privileges assigned to new logon. Account Name: SYSTEM Privileges: SeBackupPrivilege SeRestorePrivilege.,0,Benign
2026-02-25 15:20:14,4688,9,1685,A new process has been created. New Process Name: C:\Program Files\Google\Chrome\chrome.exe Command Line: chrome.exe --type=renderer.,0,Benign
2026-03-01 12:48:13,4634,7,9243,An account was logged off. Subject: Security ID: S-1-5-21-1234567890 Account Name: jdoe.,0,Benign
2026-02-27 10:03:55,4624,2,4891,An account was successfully logged on. New Logon: Account Name: jdoe Account Domain: CORP Logon ID: 0x1A2B3C.,0,Benign
2026-02-27 19:42:40,4624,11,6839,An account was successfully logged on. Subject: Security ID: S-1-5-21-1234567890 Account Name: Administrator Account Domain: CORP Logon Type: 3.,0,Benign
2026-03-01 01:40:57,4625,2,9088,An account failed to log on. Failure Reason: Unknown user name or bad password. Status: 0xC000006D Sub Status: 0xC000006A.,0,Benign
2026-03-01 16:14:10,4625,12,2711,An account failed to log on. Account Name: administrator Source Network Address: 192.168.1.50.,0,Benign
2026-02-26 11:23:34,4624,7,8135,An account was successfully logged on. Subject: Security ID: S-1-5-18 Account Name: SYSTEM Account Domain: NT AUTHORITY Logon ID: 0x3E7 Logon Type: 5.,0,Benign
2026-02-28 12:15:31,4624,2,4321,An account was successfully logged on. New Logon: Account Name: jdoe Account Domain: CORP Logon ID: 0x1A2B3C.,0,Benign
2026-03-01 15:49:38,4625,8,4133,An account failed to log on. Subject: Security ID: S-1-0-0 Account Name: - Account Domain: - Logon Type: 3.,0,Benign
2026-02-28 09:35:44,4625,11,6490,An account failed to log on. Account Name: administrator Source Network Address: 192.168.1.50.,0,Benign
2026-02-25 11:32:12,4624,11,3531,An account was successfully logged on. Logon Type: 10 Remote Desktop Services.,0,Benign
2026-02-25 08:20:45,4624,10,352,An account was successfully logged on. Subject: Security ID: S-1-5-21-1234567890 Account Name: Administrator Account Domain: CORP Logon Type: 3.,0,Benign
2026-02-25 12:41:41,4634,8,4261,An account was logged off. Subject: Security ID: S-1-5-21-1234567890 Account Name: jdoe.,0,Benign
2026-02-27 15:43:04,4624,5,404,An account was successfully logged on. New Logon: Account Name: jdoe Account Domain: CORP Logon ID: 0x1A2B3C.,0,Benign
2026-02-28 09:49:21,4624,12,4672,An account was successfully logged on. Subject: Security ID: S-1-5-21-1234567890 Account Name: Administrator Account Domain: CORP Logon Type: 3.,0,Benign
2026-02-25 10:14:13,4634,9,1207,An account was logged off. Logon Type: 3.,0,Benign
2026-02-25 09:17:16,4634,5,5722,An account was logged off. Logon Type: 2 Interactive.,0,Benign
2026-02-25 08:29:22,4625,2,3105,An account failed to log on. Logon Type: 10 Remote Desktop Services.,0,Benign
2026-02-27 17:48:51,4720,2,1817,A user account was created. New Account Name: svc_backup New Account Domain: CORP.,0,Benign
2026-02-28 13:30:33,4624,3,7339,An account was successfully logged on. Logon Type: 10 Remote Desktop Services.,0,Benign
2026-03-01 14:57:28,4625,8,8377,An account failed to log on. Subject: Security ID: S-1-0-0 Account Name: - Account Domain: - Logon Type: 3.,0,Benign
2026-02-24 09:33:05,4624,12,3617,An account was successfully logged on. Logon Type: 2 Interactive.,0,Benign
2026-02-24 15:39:24,4732,7,1747,A member was added to a security-enabled local group. Member Name: tempuser Group Name: Administrators.,0,Benign
2026-02-28 11:23:28,4672,7,9991,Special privileges assigned to new logon. Subject: Security ID: S-1-5-18 Privileges: SeAssignPrimaryTokenPrivilege SeTcbPrivilege SeSecurityPrivilege.,0,Benign
2026-02-24 16:42:55,4624,7,1111,An account was successfully logged on. Logon Type: 10 Remote Desktop Services.,0,Benign
2026-02-26 17:30:58,4688,7,7606,A new process has been created. New Process Name: C:\Windows\System32\cmd.exe Command Line: cmd.exe /c dir.,0,Benign
2026-03-01 15:14:27,4672,10,1551,Special privileges assigned to new logon. Subject: Security ID: S-1-5-21-1234567890 Account Name: Administrator Privileges: SeDebugPrivilege.,0,Benign
2026-03-01 12:13:54,4688,11,5296,A new process has been created. New Process Name: C:\Windows\System32\notepad.exe.,0,Benign
2026-02-24 11:11:46,4625,8,1603,An account failed to log on. Logon Type: 10 Remote Desktop Services.,0,Benign
2026-02-23 21:24:40,4624,3,382,An account was successfully logged on. Subject: Security ID: S-1-5-18 Account Name: SYSTEM Account Domain: NT AUTHORITY Logon ID: 0x3E7 Logon Type: 5.,0,Benign
2026-02-25 16:46:23,4648,12,6284,A logon was attempted using explicit credentials. Target Server: DC01 Target User: backup_svc.,0,Benign
2026-02-26 14:39:24,4732,11,3987,A member was added to a security-enabled local group. Member Name: svc_backup Group Name: Backup Operators.,0,Benign
2026-02-24 17:04:43,4732,11,9431,A member was added to a security-enabled local group. Member Name: tempuser Group Name: Administrators.,0,Benign
2026-02-24 15:52:25,4688,11,3617,A new process has been created. New Process Name: C:\Windows\System32\taskhostw.exe.,0,Benign
2026-02-25 13:19:00,4625,11,349,An account failed to log on. Subject: Security ID: S-1-0-0 Account Name: - Account Domain: - Logon Type: 3.,0,Benign
2026-02-23 10:45:25,4634,5,9311,An account was logged off. Logon Type: 3.,0,Benign
2026-02-28 02:12:32,4688,12,4772,A new process has been created. New Process Name: C:\Program Files\Google\Chrome\chrome.exe Command Line: chrome.exe --type=renderer.,0,Benign
2026-02-24 13:39:00,4688,5,8014,A new process has been created. New Process Name: C:\Windows\System32\notepad.exe.,0,Benign
2026-02-24 11:14:22,4624,9,5617,An account was successfully logged on. Subject: Security ID: S-1-5-18 Account Name: SYSTEM Account Domain: NT AUTHORITY Logon ID: 0x3E7 Logon Type: 5.,0,Benign
2026-02-28 15:04:39,4688,12,7778,A new process has been created. New Process Name: C:\Program Files\Google\Chrome\chrome.exe Command Line: chrome.exe --type=renderer.,0,Benign
2026-02-26 13:03:10,4688,8,3939,A new process has been created. New Process Name: C:\Program Files\Google\Chrome\chrome.exe Command Line: chrome.exe --type=renderer.,0,Benign
2026-02-28 01:31:16,4625,2,816,An account failed to log on. Logon Type: 10 Remote Desktop Services.,0,Benign
2026-02-27 12:34:00,4624,2,905,An account was successfully logged on. Logon Type: 2 Interactive.,0,Benign
2026-02-28 19:05:35,4648,2,5448,A logon was attempted using explicit credentials. Target Server: DC01 Target User: backup_svc.,0,Benign
2026-02-24 08:09:12,4624,8,645,An account was successfully logged on. Subject: Security ID: S-1-5-21-1234567890 Account Name: Administrator Account Domain: CORP Logon Type: 3.,0,Benign
2026-02-24 16:55:14,4625,10,6432,An account failed to log on. Account Name: administrator Source Network Address: 192.168.1.50.,0,Benign
2026-02-28 06:01:03,4624,11,1304,An account was successfully logged on. Logon Type: 2 Interactive.,0,Benign
2026-02-24 15:46:36,4625,2,6490,An account failed to log on. Account Name: administrator Source Network Address: 192.168.1.50.,0,Benign
2026-02-28 08:07:18,4625,9,1039,An account failed to log on. Subject: Security ID: S-1-0-0 Account Name: - Account Domain: - Logon Type: 3.,0,Benign
2026-02-25 12:33:19,4648,11,3422,A logon was attempted using explicit credentials. Target Server: localhost Target User: admin.,0,Benign
2026-02-26 12:29:03,4688,10,6315,A new process has been created. New Process Name: C:\Windows\System32\notepad.exe.,0,Benign
2026-02-25 10:06:05,4624,12,7193,An account was successfully logged on. Subject: Security ID: S-1-5-21-1234567890 Account Name: Administrator Account Domain: CORP Logon Type: 3.,0,Benign
2026-02-24 13:16:55,4688,5,8216,A new process has been created. New Process Name: C:\Windows\System32\cmd.exe Command Line: cmd.exe /c dir.,0,Benign
2026-02-23 10:54:20,4634,10,316,An account was logged off. Logon Type: 3.,0,Benign
2026-02-24 08:17:25,4634,10,9112,An account was logged off. Logon Type: 2 Interactive.,0,Benign
2026-03-01 11:12:55,4634,12,2935,An account was logged off. Logon Type: 3.,0,Benign
2026-02-25 14:35:25,4648,11,8602,A logon was attempted using explicit credentials. Target Server: DC01 Target User: backup_svc.,0,Benign
2026-02-25 16:32:51,4648,5,4149,A logon was attempted using explicit credentials. Process: C:\Windows\System32\runas.exe.,0,Benign
2026-02-27 17:09:02,4624,11,5752,An account was successfully logged on. Logon Type: 2 Interactive.,0,Benign
2026-02-26 22:39:32,4648,2,9361,A logon was attempted using explicit credentials. Target Server: DC01 Target User: backup_svc.,0,Benign
2026-02-27 13:21:57,4624,12,8108,An account was successfully logged on. Subject: Security ID: S-1-5-18 Account Name: SYSTEM Account Domain: NT AUTHORITY Logon ID: 0x3E7 Logon Type: 5.,0,Benign
2026-02-25 03:48:18,4672,10,2438,Special privileges assigned to new logon. Subject: Security ID: S-1-5-18 Privileges: SeAssignPrimaryTokenPrivilege SeTcbPrivilege SeSecurityPrivilege.,0,Benign
2026-02-25 12:42:19,4688,12,1082,A new process has been created. New Process Name: C:\Windows\System32\svchost.exe Creator Process Name: C:\Windows\System32\services.exe.,0,Benign
2026-02-26 14:57:55,4624,8,9803,An account was successfully logged on. Subject: Security ID: S-1-5-18 Account Name: SYSTEM Account Domain: NT AUTHORITY Logon ID: 0x3E7 Logon Type: 5.,0,Benign
2026-02-25 11:59:30,4688,8,8316,A new process has been created. New Process Name: C:\Windows\System32\taskhostw.exe.,0,Benign
2026-02-28 08:54:48,4634,2,9211,An account was logged off. Logon Type: 2 Interactive.,0,Benign
2026-03-01 09:42:49,4688,2,5089,A new process has been created. New Process Name: C:\Windows\System32\taskhostw.exe.,0,Benign
2026-02-27 16:11:20,4624,10,4242,An account was successfully logged on. Logon Type: 2 Interactive.,0,Benign
2026-02-26 08:14:35,4648,11,8187,A logon was attempted using explicit credentials. Target Server: localhost Target User: admin.,0,Benign
2026-02-28 11:25:18,4624,3,4666,An account was successfully logged on. Subject: Security ID: S-1-5-18 Account Name: SYSTEM Account Domain: NT AUTHORITY Logon ID: 0x3E7 Logon Type: 5.,0,Benign
2026-02-24 09:50:18,4648,9,173,A logon was attempted using explicit credentials. Target Server: localhost Target User: admin.,0,Benign
2026-02-27 23:27:02,4624,7,7062,An account was successfully logged on. Subject: Security ID: S-1-5-21-1234567890 Account Name: Administrator Account Domain: CORP Logon Type: 3.,0,Benign
2026-02-24 13:41:18,4648,12,7569,A logon was attempted using explicit credentials. Target Server: localhost Target User: admin.,0,Benign
2026-02-23 12:55:59,4625,8,4295,An account failed to log on. Logon Type: 10 Remote Desktop Services.,0,Benign
2026-02-28 03:35:38,4624,12,4432,An account was successfully logged on. Logon Type: 10 Remote Desktop Services.,0,Benign
2026-02-26 09:03:13,4624,5,4066,An account was successfully logged on. Subject: Security ID: S-1-5-21-1234567890 Account Name: Administrator Account Domain: CORP Logon Type: 3.,0,Benign
2026-02-25 08:31:32,4634,3,9192,An account was logged off. Logon Type: 2 Interactive.,0,Benign
2026-02-25 15:02:24,4624,5,4576,An account was successfully logged on. Logon Type: 2 Interactive.,0,Benign
2026-03-01 15:56:40,4720,10,2618,A user account was created. New Account Name: svc_backup New Account Domain: CORP.,0,Benign
2026-03-01 10:20:28,4634,11,6183,An account was logged off. Logon Type: 2 Interactive.,0,Benign
2026-02-28 14:05:52,4634,5,4202,An account was logged off. Logon Type: 3.,0,Benign
2026-02-25 21:31:01,4624,10,9791,An account was successfully logged on. Logon Type: 2 Interactive.,0,Benign
2026-02-28 16:39:55,4720,3,859,A user account was created. New Account Name: tempuser New Account Domain: CORP.,0,Benign
2026-02-25 15:55:45,4648,8,7764,A logon was attempted using explicit credentials. Target Server: DC01 Target User: backup_svc.,0,Benign
2026-02-26 09:32:04,4624,7,3629,An account was successfully logged on. Logon Type: 2 Interactive.,0,Benign
2026-02-24 13:04:41,4624,12,7213,An account was successfully logged on. New Logon: Account Name: jdoe Account Domain: CORP Logon ID: 0x1A2B3C.,0,Benign
2026-02-26 15:26:35,4648,2,9528,A logon was attempted using explicit credentials. Target Server: DC01 Target User: backup_svc.,0,Benign
2026-02-26 13:11:13,4624,7,5537,An account was successfully logged on. Logon Type: 2 Interactive.,0,Benign
2026-02-28 09:02:59,4732,8,3642,A member was added to a security-enabled local group. Member Name: svc_backup Group Name: Backup Operators.,0,Benign
2026-02-23 02:07:01,4625,10,8950,An account failed to log on. Subject: Security ID: S-1-0-0 Account Name: - Account Domain: - Logon Type: 3.,0,Benign
2026-02-28 09:41:35,4624,2,2968,An account was successfully logged on. New Logon: Account Name: jdoe Account Domain: CORP Logon ID: 0x1A2B3C.,0,Benign
2026-02-26 18:30:11,4688,5,8175,A new process has been created. New Process Name: C:\Program Files\Google\Chrome\chrome.exe Command Line: chrome.exe --type=renderer.,0,Benign
2026-02-28 15:26:46,4648,9,9011,A logon was attempted using explicit credentials. Target Server: DC01 Target User: backup_svc.,0,Benign
2026-02-27 16:18:13,4624,12,7916,An account was successfully logged on. Subject: Security ID: S-1-5-21-1234567890 Account Name: Administrator Account Domain: CORP Logon Type: 3.,0,Benign
2026-02-25 12:29:17,4624,8,6627,An account was successfully logged on. New Logon: Account Name: jdoe Account Domain: CORP Logon ID: 0x1A2B3C.,0,Benign
2026-02-26 20:32:09,4688,9,1885,A new process has been created. New Process Name: C:\Program Files\Google\Chrome\chrome.exe Command Line: chrome.exe --type=renderer.,0,Benign
2026-02-26 08:56:35,4688,3,4717,A new process has been created. New Process Name: C:\Windows\System32\taskhostw.exe.,0,Benign
2026-02-23 08:40:37,4634,11,8191,An account was logged off. Subject: Security ID: S-1-5-21-1234567890 Account Name: jdoe.,0,Benign
2026-03-01 13:11:53,4624,7,6158,An account was successfully logged on. New Logon: Account Name: jdoe Account Domain: CORP Logon ID: 0x1A2B3C.,0,Benign
2026-02-28 17:34:46,4648,5,1049,A logon was attempted using explicit credentials. Process: C:\Windows\System32\runas.exe.,0,Benign
2026-02-26 16:34:55,4625,7,3061,An account failed to log on. Account Name: administrator Source Network Address: 192.168.1.50.,0,Benign
2026-02-23 15:27:51,4648,7,3277,A logon was attempted using explicit credentials. Process: C:\Windows\System32\runas.exe.,0,Benign
2026-02-24 13:36:14,4625,3,2867,An account failed to log on. Failure Reason: Account locked out.,0,Benign
2026-02-28 10:20:58,4688,8,2772,A new process has been created. New Process Name: C:\Windows\System32\svchost.exe Creator Process Name: C:\Windows\System32\services.exe.,0,Benign
2026-02-25 09:29:01,4672,5,4050,Special privileges assigned to new logon. Subject: Security ID: S-1-5-18 Privileges: SeAssignPrimaryTokenPrivilege SeTcbPrivilege SeSecurityPrivilege.,0,Benign
2026-02-24 13:02:10,4624,8,1489,An account was successfully logged on. New Logon: Account Name: jdoe Account Domain: CORP Logon ID: 0x1A2B3C.,0,Benign
2026-03-01 06:23:16,4624,7,1696,An account was successfully logged on. Logon Type: 2 Interactive.,0,Benign
2026-02-26 08:01:49,4624,2,3784,An account was successfully logged on. Subject: Security ID: S-1-5-18 Account Name: SYSTEM Account Domain: NT AUTHORITY Logon ID: 0x3E7 Logon Type: 5.,0,Benign
2026-02-27 08:39:31,4634,7,6256,An account was logged off. Subject: Security ID: S-1-5-21-1234567890 Account Name: jdoe.,0,Benign
2026-03-01 10:47:22,4624,11,3048,An account was successfully logged on. Subject: Security ID: S-1-5-21-1234567890 Account Name: Administrator Account Domain: CORP Logon Type: 3.,0,Benign
2026-02-28 12:05:07,4625,12,6534,An account failed to log on. Account Name: administrator Source Network Address: 192.168.1.50.,0,Benign
2026-02-25 13:50:53,4688,11,3403,A new process has been created. New Process Name: C:\Windows\System32\taskhostw.exe.,0,Benign
2026-02-25 11:12:24,4625,2,5302,An account failed to log on. Failure Reason: Account locked out.,0,Benign
2026-02-28 08:15:13,4625,12,6877,An account failed to log on. Subject: Security ID: S-1-0-0 Account Name: - Account Domain: - Logon Type: 3.,0,Benign
2026-02-27 13:09:05,4625,11,6441,An account failed to log on. Failure Reason: Account locked out.,0,Benign
2026-02-28 21:56:24,4625,10,6262,An account failed to log on. Logon Type: 10 Remote Desktop Services.,0,Benign
2026-03-01 22:46:30,1102,10,2240,The audit log was cleared. Subject: Security ID: S-1-5-21-9876543210 Account Name: attacker.,1,T1070
2026-02-23 11:14:07,4688,7,4499,A new process has been created. New Process Name: C:\Windows\System32\taskhostw.exe.,0,Benign
2026-02-26 12:49:05,4648,9,1781,A logon was attempted using explicit credentials. Target Server: localhost Target User: admin.,0,Benign
2026-03-01 22:39:19,4624,12,9247,An account was successfully logged on. Subject: Security ID: S-1-5-18 Account Name: SYSTEM Account Domain: NT AUTHORITY Logon ID: 0x3E7 Logon Type: 5.,0,Benign
2026-02-28 15:25:39,4634,2,7925,An account was logged off. Logon Type: 3.,0,Benign
2026-02-23 12:51:47,4625,7,8854,An account failed to log on. Failure Reason: Unknown user name or bad password. Status: 0xC000006D Sub Status: 0xC000006A.,0,Benign
2026-02-24 14:21:31,4634,12,1007,An account was logged off. Logon Type: 2 Interactive.,0,Benign
2026-02-27 08:00:22,4648,10,3406,A logon was attempted using explicit credentials. Target Server: localhost Target User: admin.,0,Benign
2026-02-25 08:25:38,4624,11,8060,An account was successfully logged on. Logon Type: 2 Interactive.,0,Benign
2026-02-26 14:09:27,4624,11,5850,An account was successfully logged on. Subject: Security ID: S-1-5-21-1234567890 Account Name: Administrator Account Domain: CORP Logon Type: 3.,0,Benign
2026-02-23 13:57:52,4624,2,7082,An account was successfully logged on. Subject: Security ID: S-1-5-18 Account Name: SYSTEM Account Domain: NT AUTHORITY Logon ID: 0x3E7 Logon Type: 5.,0,Benign
2026-02-23 14:03:12,4624,5,7108,An account was successfully logged on. Logon Type: 10 Remote Desktop Services.,0,Benign
2026-02-24 01:05:17,4688,5,1644,A new process has been created. New Process Name: C:\Windows\System32\cmd.exe Command Line: cmd.exe /c dir.,0,Benign
2026-02-27 10:16:20,4624,8,1071,An account was successfully logged on. Subject: Security ID: S-1-5-21-1234567890 Account Name: Administrator Account Domain: CORP Logon Type: 3.,0,Benign
2026-02-23 09:12:21,4625,8,6456,An account failed to log on. Account Name: administrator Source Network Address: 192.168.1.50.,0,Benign
2026-03-01 16:00:13,4624,7,277,An account was successfully logged on. New Logon: Account Name: jdoe Account Domain: CORP Logon ID: 0x1A2B3C.,0,Benign
2026-02-28 11:38:58,4648,12,3826,A logon was attempted using explicit credentials. Target Server: localhost Target User: admin.,0,Benign
2026-02-26 13:50:44,4625,9,8688,An account failed to log on. Logon Type: 10 Remote Desktop Services.,0,Benign
2026-02-26 11:58:55,4624,12,9703,An account was successfully logged on. Subject: Security ID: S-1-5-18 Account Name: SYSTEM Account Domain: NT AUTHORITY Logon ID: 0x3E7 Logon Type: 5.,0,Benign
2026-02-27 12:21:06,4688,8,8913,A new process has been created. New Process Name: C:\Windows\System32\taskhostw.exe.,0,Benign
2026-02-25 00:49:11,4688,7,5289,A new process has been created. New Process Name: C:\Windows\System32\svchost.exe Creator Process Name: C:\Windows\System32\services.exe.,1,Benign
2026-02-25 15:40:26,4624,3,8283,An account was successfully logged on. Subject: Security ID: S-1-5-21-1234567890 Account Name: Administrator Account Domain: CORP Logon Type: 3.,0,Benign
2026-03-01 11:09:46,4624,9,5002,An account was successfully logged on. New Logon: Account Name: jdoe Account Domain: CORP Logon ID: 0x1A2B3C.,0,Benign
2026-02-25 09:13:06,4688,12,8681,A new process has been created. New Process Name: C:\Windows\System32\svchost.exe Creator Process Name: C:\Windows\System32\services.exe.,0,Benign
2026-02-24 17:25:22,4624,5,4621,An account was successfully logged on. Logon Type: 10 Remote Desktop Services.,0,Benign
2026-02-24 11:05:13,4634,5,9403,An account was logged off. Logon Type: 2 Interactive.,0,Benign
2026-02-25 10:28:32,4624,3,3173,An account was successfully logged on. Logon Type: 2 Interactive.,0,Benign
2026-02-28 11:46:43,4688,12,7301,A new process has been created. New Process Name: C:\Program Files\Google\Chrome\chrome.exe Command Line: chrome.exe --type=renderer.,0,Benign
2026-02-27 15:31:11,4624,9,7689,An account was successfully logged on. Subject: Security ID: S-1-5-21-1234567890 Account Name: Administrator Account Domain: CORP Logon Type: 3.,0,Benign
2026-03-01 11:24:28,4624,3,4840,An account was successfully logged on. Subject: Security ID: S-1-5-21-1234567890 Account Name: Administrator Account Domain: CORP Logon Type: 3.,0,Benign
2026-02-25 08:54:54,4625,11,5559,An account failed to log on. Logon Type: 10 Remote Desktop Services.,0,Benign
2026-03-01 08:37:59,4624,5,3722,An account was successfully logged on. Subject: Security ID: S-1-5-21-1234567890 Account Name: Administrator Account Domain: CORP Logon Type: 3.,0,Benign
2026-02-27 08:36:33,4648,10,4083,A logon was attempted using explicit credentials. Target Server: localhost Target User: admin.,0,Benign
2026-02-24 14:53:15,4672,11,6797,Special privileges assigned to new logon. Account Name: SYSTEM Privileges: SeBackupPrivilege SeRestorePrivilege.,0,Benign
2026-03-01 11:25:31,4648,5,5677,A logon was attempted using explicit credentials. Target Server: DC01 Target User: backup_svc.,0,Benign
2026-02-27 14:43:06,4720,10,1820,A user account was created. New Account Name: svc_backup New Account Domain: CORP.,0,Benign
2026-02-25 08:20:54,4624,11,3498,An account was successfully logged on. Subject: Security ID: S-1-5-21-1234567890 Account Name: Administrator Account Domain: CORP Logon Type: 3.,0,Benign
2026-02-24 12:24:35,4624,3,7318,An account was successfully logged on. Subject: Security ID: S-1-5-21-1234567890 Account Name: Administrator Account Domain: CORP Logon Type: 3.,0,Benign
2026-02-25 15:51:10,4624,5,5740,An account was successfully logged on. Subject: Security ID: S-1-5-18 Account Name: SYSTEM Account Domain: NT AUTHORITY Logon ID: 0x3E7 Logon Type: 5.,0,Benign
2026-03-01 10:21:25,4720,11,1568,A user account was created. New Account Name: tempuser New Account Domain: CORP.,0,Benign
2026-02-26 13:28:49,4634,2,4798,An account was logged off. Logon Type: 3.,0,Benign
2026-02-23 10:25:21,4634,7,4386,An account was logged off. Subject: Security ID: S-1-5-21-1234567890 Account Name: jdoe.,0,Benign
2026-02-23 10:01:34,4648,11,1499,A logon was attempted using explicit credentials. Target Server: localhost Target User: admin.,0,Benign
2026-02-25 14:34:40,4624,10,9056,An account was successfully logged on. Subject: Security ID: S-1-5-21-1234567890 Account Name: Administrator Account Domain: CORP Logon Type: 3.,0,Benign
