2026-03-01 14:03:59,4624,3,2201,An account was successfully logged on. Logon Type: 10 Remote Desktop Services.,0,Benign
2026-02-27 15:43:50,4624,3,9707,An account was successfully logged on. Logon Type: 2 Interactive.,0,Benign
2026-02-25 14:38:09,4634,9,4087,An account was logged off. Subject: Security ID: S-1-5-21-1234567890 Account Name: jdoe.,0,Benign
2026-02-26 10:33:59,4624,9,2342,An account was successfully logged on. Subject: Security ID: S-1-5-21-1234567890 Account Name: Administrator Account Domain: CORP Logon Type: 3.,0,Benign
2026-02-26 17:54:12,4624,10,2632,An account was successfully logged on. Logon Type: 2 Interactive.,0,Benign
2026-02-25 14:50:52,4688,3,9076,A new process has been created. New Process Name: C:\Program Files\Google\Chrome\chrome.exe Command Line: chrome.exe --type=renderer.,0,Benign
2026-03-01 16:57:59,4688,2,8420,A new process has been created. New Process Name: C:\Windows\System32\cmd.exe Command Line: cmd.exe /c dir.,0,Benign
2026-02-23 12:49:11,4648,10,3145,A logon was attempted using explicit credentials. Target Server: DC01 Target User: backup_svc.,0,Benign
2026-02-26 16:40:46,4625,7,7019,An account failed to log on. Subject: Security ID: S-1-0-0 Account Name: - Account Domain: - Logon Type: 3.,0,Benign
2026-02-23 08:42:57,4624,8,8914,An account was successfully logged on. Subject: Security ID: S-1-5-21-1234567890 Account Name: Administrator Account Domain: CORP Logon Type: 3.,0,Benign
2026-02-28 13:35:24,4634,10,4138,An account was logged off. Subject: Security ID: S-1-5-21-1234567890 Account Name: jdoe.,0,Benign
2026-02-28 02:38:30,4625,8,4931,An account failed to log on. Logon Type: 10 Remote Desktop Services.,0,Benign
2026-02-27 15:31:42,4688,9,1248,A new process has been created. New Process Name: C:\Windows\System32\cmd.exe Command Line: cmd.exe /c dir.,0,Benign
2026-02-26 13:34:06,4624,7,3816,An account was successfully logged on. Logon Type: 10 Remote Desktop Services.,0,Benign
2026-03-01 16:19:47,4625,7,8305,An account failed to log on. Failure Reason: Account locked out.,0,Benign
2026-02-25 09:23:20,4624,2,1744,An account was successfully logged on. New Logon: Account Name: jdoe Account Domain: CORP Logon ID: 0x1A2B3C.,0,Benign
2026-02-23 08:20:03,4634,11,7674,An account was logged off. Logon Type: 3.,0,Benign
2026-02-27 09:57:41,4624,2,1986,An account was successfully logged on. Logon Type: 2 Interactive.,0,Benign
2026-02-27 11:09:48,4688,12,8274,A new process has been created. New Process Name: C:\Windows\System32\cmd.exe Command Line: cmd.exe /c dir.,0,Benign
2026-02-25 04:10:49,4672,9,3048,Special privileges assigned to new logon. Account Name: SYSTEM Privileges: SeBackupPrivilege SeRestorePrivilege.,0,Benign
2026-02-24 15:00:27,4672,10,3008,Special privileges assigned to new logon. Subject: Security ID: S-1-5-21-1234567890 Account Name: Administrator Privileges: SeDebugPrivilege.,0,Benign
2026-02-24 10:16:10,4625,8,6437,An account failed to log on. Subject: Security ID: S-1-0-0 Account Name: - Account Domain: - Logon Type: 3.,0,Benign
2026-02-26 12:13:52,4688,12,1103,A new process has been created. New Process Name: C:\Windows\System32\svchost.exe Creator Process Name: C:\Windows\System32\services.exe.,0,Benign
2026-02-26 11:04:03,4624,11,941,An account was successfully logged on. Subject: Security ID: S-1-5-18 Account Name: SYSTEM Account Domain: NT AUTHORITY Logon ID: 0x3E7 Logon Type: 5.,0,Benign
2026-03-01 18:17:40,4624,9,2815,An account was successfully logged on. Logon Type: 10 Remote Desktop Services.,0,Benign
2026-03-01 14:11:38,4624,11,2195,An account was successfully logged on. Logon Type: 10 Remote Desktop Services.,0,Benign
2026-02-25 17:35:37,4624,3,9135,An account was successfully logged on. New Logon: Account Name: jdoe Account Domain: CORP Logon ID: 0x1A2B3C.,0,Benign
2026-02-23 15:37:37,4634,7,7945,An account was logged off. Logon Type: 2 Interactive.,0,Benign
2026-03-01 23:04:05,4648,5,1173,A logon was attempted using explicit credentials. Process: C:\Windows\System32\runas.exe.,0,Benign
2026-02-23 22:32:28,4624,10,2321,An account was successfully logged on. New Logon: Account Name: jdoe Account Domain: CORP Logon ID: 0x1A2B3C.,0,Benign
2026-02-27 10:46:21,4672,10,756,Special privileges assigned to new logon. Account Name: SYSTEM Privileges: SeBackupPrivilege SeRestorePrivilege.,0,Benign
2026-02-23 08:20:20,4634,10,9657,An account was logged off. Subject: Security ID: S-1-5-21-1234567890 Account Name: jdoe.,0,Benign
2026-02-23 18:15:16,4648,3,3052,A logon was attempted using explicit credentials. Process: C:\Windows\System32\runas.exe.,0,Benign
2026-02-27 08:50:38,4624,10,6723,An account was successfully logged on. Subject: Security ID: S-1-5-18 Account Name: SYSTEM Account Domain: NT AUTHORITY Logon ID: 0x3E7 Logon Type: 5.,0,Benign
2026-02-27 14:44:14,4688,12,594,A new process has been created. New Process Name: C:\Windows\System32\cmd.exe Command Line: cmd.exe /c dir.,0,Benign
2026-02-26 15:35:14,4624,7,5796,An account was successfully logged on. Logon Type: 10 Remote Desktop Services.,0,Benign
2026-02-23 17:59:15,4720,7,6173,A user account was created. New Account Name: test_account.,0,Benign
2026-02-24 12:36:13,4720,2,7439,A user account was created. New Account Name: svc_backup New Account Domain: CORP.,0,Benign
2026-02-25 15:21:20,4648,10,3513,A logon was attempted using explicit credentials. Target Server: localhost Target User: admin.,0,Benign
2026-02-25 19:28:30,4624,9,4629,An account was successfully logged on. New Logon: Account Name: jdoe Account Domain: CORP Logon ID: 0x1A2B3C.,0,Benign
2026-02-28 12:42:44,4648,9,9800,A logon was attempted using explicit credentials. Process: C:\Windows\System32\runas.exe.,0,Benign
2026-02-24 16:47:44,4624,11,2132,An account was successfully logged on. Subject: Security ID: S-1-5-21-1234567890 Account Name: Administrator Account Domain: CORP Logon Type: 3.,0,Benign
2026-02-26 08:20:01,4624,5,8815,An account was successfully logged on. Subject: Security ID: S-1-5-21-1234567890 Account Name: Administrator Account Domain: CORP Logon Type: 3.,0,Benign
2026-02-23 11:21:21,4624,10,4680,An account was successfully logged on. Logon Type: 2 Interactive.,0,Benign
2026-02-25 11:22:11,4624,2,6121,An account was successfully logged on. Logon Type: 10 Remote Desktop Services.,0,Benign
2026-02-28 09:20:32,4625,11,1626,An account failed to log on. Logon Type: 10 Remote Desktop Services.,0,Benign
2026-02-26 14:32:59,4672,5,6529,Special privileges assigned to new logon. Account Name: SYSTEM Privileges: SeBackupPrivilege SeRestorePrivilege.,0,Benign
2026-02-25 14:29:14,4720,9,4477,A user account was created. New Account Name: test_account.,0,Benign
2026-02-23 17:54:38,4624,7,1315,An account was successfully logged on. Logon Type: 2 Interactive.,0,Benign
2026-02-26 11:46:11,4648,2,3804,A logon was attempted using explicit credentials. Target Server: localhost Target User: admin.,0,Benign
2026-03-01 11:04:35,4634,9,6348,An account was logged off. Logon Type: 2 Interactive.,0,Benign
2026-02-26 15:18:57,4720,11,2001,A user account was created. New Account Name: tempuser New Account Domain: CORP.,0,Benign
2026-03-01 12:19:02,4720,3,3615,A user account was created. New Account Name: tempuser New Account Domain: CORP.,0,Benign
2026-02-24 13:56:35,4625,9,5590,An account failed to log on. Subject: Security ID: S-1-0-0 Account Name: - Account Domain: - Logon Type: 3.,0,Benign
2026-03-01 15:33:42,4625,8,3674,An account failed to log on. Account Name: administrator Source Network Address: 192.168.1.50.,0,Benign
2026-02-25 16:15:31,4648,2,4991,A logon was attempted using explicit credentials. Process: C:\Windows\System32\runas.exe.,0,Benign
2026-02-25 16:19:13,4648,5,5884,A logon was attempted using explicit credentials. Process: C:\Windows\System32\runas.exe.,0,Benign
2026-03-01 13:52:02,4688,10,8190,A new process has been created. New Process Name: C:\Program Files\Google\Chrome\chrome.exe Command Line: chrome.exe --type=renderer.,0,Benign
2026-02-28 09:42:35,4624,5,5414,An account was successfully logged on. Subject: Security ID: S-1-5-18 Account Name: SYSTEM Account Domain: NT AUTHORITY Logon ID: 0x3E7 Logon Type: 5.,0,Benign
2026-02-23 05:50:37,4720,3,9917,A user account was created. New Account Name: svc_temp.,1,T1078
2026-02-25 13:47:56,4625,8,6187,An account failed to log on. Subject: Security ID: S-1-0-0 Account Name: - Account Domain: - Logon Type: 3.,0,Benign
2026-02-24 12:48:31,4624,10,5640,An account was successfully logged on. Logon Type: 2 Interactive.,0,Benign
2026-02-23 08:10:30,4720,12,8574,A user account was created. New Account Name: test_account.,0,Benign
2026-02-23 09:10:46,4624,11,1078,An account was successfully logged on. Subject: Security ID: S-1-5-21-1234567890 Account Name: Administrator Account Domain: CORP Logon Type: 3.,0,Benign
2026-02-26 17:26:19,4624,9,1899,An account was successfully logged on. Subject: Security ID: S-1-5-21-1234567890 Account Name: Administrator Account Domain: CORP Logon Type: 3.,0,Benign
2026-03-01 08:09:18,4648,7,3234,A logon was attempted using explicit credentials. Target Server: DC01 Target User: backup_svc.,0,Benign
2026-02-24 16:56:19,4624,3,1240,An account was successfully logged on. Logon Type: 2 Interactive.,0,Benign
2026-03-01 09:14:52,4720,11,1502,A user account was created. New Account Name: svc_backup New Account Domain: CORP.,0,Benign
2026-02-28 13:39:25,4648,11,7909,A logon was attempted using explicit credentials. Target Server: localhost Target User: admin.,0,Benign
2026-02-28 10:27:45,4634,3,8382,An account was logged off. Logon Type: 3.,0,Benign
2026-03-01 08:09:27,4624,12,9652,An account was successfully logged on. Subject: Security ID: S-1-5-21-1234567890 Account Name: Administrator Account Domain: CORP Logon Type: 3.,0,Benign
2026-02-28 10:16:26,4624,12,6327,An account was successfully logged on. New Logon: Account Name: jdoe Account Domain: CORP Logon ID: 0x1A2B3C.,0,Benign
2026-02-25 09:22:39,4688,12,6648,A new process has been created. New Process Name: C:\Windows\System32\cmd.exe Command Line: cmd.exe /c dir.,0,Benign
2026-03-01 16:08:45,4624,12,831,An account was successfully logged on. New Logon: Account Name: jdoe Account Domain: CORP Logon ID: 0x1A2B3C.,0,Benign
2026-03-01 08:23:38,4625,9,4031,An account failed to log on. Subject: Security ID: S-1-0-0 Account Name: - Account Domain: - Logon Type: 3.,0,Benign
2026-02-28 13:42:58,4624,8,6943,An account was successfully logged on. Logon Type: 10 Remote Desktop Services.,0,Benign
2026-03-01 23:11:22,4634,9,6582,An account was logged off. Logon Type: 3.,0,Benign
2026-02-23 14:55:53,4732,8,8926,A member was added to a security-enabled local group. Member Name: jdoe Group Name: Remote Desktop Users.,0,Benign
2026-02-26 12:05:40,4624,3,9443,An account was successfully logged on. Subject: Security ID: S-1-5-21-1234567890 Account Name: Administrator Account Domain: CORP Logon Type: 3.,0,Benign
2026-02-26 12:04:31,4688,3,6101,A new process has been created. New Process Name: C:\Windows\System32\cmd.exe Command Line: cmd.exe /c dir.,0,Benign
2026-02-23 06:07:16,4634,11,3525,An account was logged off. Logon Type: 3.,0,Benign
2026-02-26 10:56:31,4625,8,4367,An account failed to log on. Failure Reason: Account locked out.,0,Benign
2026-03-01 10:26:20,4624,10,3699,An account was successfully logged on. Logon Type: 2 Interactive.,0,Benign
2026-02-25 10:40:36,4624,7,7725,An account was successfully logged on. Logon Type: 2 Interactive.,0,Benign
2026-02-28 13:49:39,4625,9,9286,An account failed to log on. Failure Reason: Unknown user name or bad password. Status: 0xC000006D Sub Status: 0xC000006A.,0,Benign
2026-02-25 08:55:45,4688,9,794,A new process has been created. New Process Name: C:\Program Files\Google\Chrome\chrome.exe Command Line: chrome.exe --type=renderer.,0,Benign
2026-02-24 13:33:02,4688,11,2269,A new process has been created. New Process Name: C:\Windows\System32\notepad.exe.,0,Benign
2026-02-23 11:30:57,4672,10,1215,Special privileges assigned to new logon. Subject: Security ID: S-1-5-21-1234567890 Account Name: Administrator Privileges: SeDebugPrivilege.,0,Benign
2026-02-24 14:11:32,4624,11,9299,An account was successfully logged on. New Logon: Account Name: jdoe Account Domain: CORP Logon ID: 0x1A2B3C.,0,Benign
2026-02-23 12:35:12,4672,10,7985,Special privileges assigned to new logon. Subject: Security ID: S-1-5-18 Privileges: SeAssignPrimaryTokenPrivilege SeTcbPrivilege SeSecurityPrivilege.,0,Benign
2026-02-23 14:22:14,4720,8,3853,A user account was created. New Account Name: svc_backup New Account Domain: CORP.,0,Benign
2026-02-25 11:01:55,4732,3,2538,A member was added to a security-enabled local group. Member Name: jdoe Group Name: Remote Desktop Users.,0,Benign
2026-02-28 00:32:55,4634,9,6491,An account was logged off. Subject: Security ID: S-1-5-21-1234567890 Account Name: jdoe.,0,Benign
2026-02-23 16:11:33,4624,3,3734,An account was successfully logged on. Logon Type: 10 Remote Desktop Services.,0,Benign
2026-02-27 03:11:05,4648,11,4494,A logon was attempted using explicit credentials. Process: C:\Windows\System32\runas.exe.,1,Benign
2026-02-25 12:48:44,4624,3,6052,An account was successfully logged on. New Logon: Account Name: jdoe Account Domain: CORP Logon ID: 0x1A2B3C.,0,Benign
2026-03-01 14:28:01,4624,10,2464,An account was successfully logged on. Logon Type: 2 Interactive.,0,Benign
2026-02-25 10:31:59,4624,2,7151,An account was successfully logged on. Subject: Security ID: S-1-5-21-1234567890 Account Name: Administrator Account Domain: CORP Logon Type: 3.,0,Benign
2026-02-28 19:42:46,4624,10,3596,An account was successfully logged on. Logon Type: 10 Remote Desktop Services.,0,Benign
2026-02-24 14:12:57,4634,8,674,An account was logged off. Logon Type: 2 Interactive.,0,Benign
2026-02-23 10:11:48,4624,9,8197,An account was successfully logged on. New Logon: Account Name: jdoe Account Domain: CORP Logon ID: 0x1A2B3C.,0,Benign
2026-02-25 10:24:24,4648,5,3947,A logon was attempted using explicit credentials. Target Server: localhost Target User: admin.,0,Benign
2026-02-23 11:40:37,4624,8,9891,An account was successfully logged on. Subject: Security ID: S-1-5-21-1234567890 Account Name: Administrator Account Domain: CORP Logon Type: 3.,0,Benign
2026-02-24 05:24:51,4624,9,7275,An account was successfully logged on. New Logon: Account Name: jdoe Account Domain: CORP Logon ID: 0x1A2B3C.,0,Benign
2026-03-01 14:14:06,4625,10,4413,An account failed to log on. Failure Reason: Account locked out.,1,Benign
2026-02-28 16:58:52,4624,7,9112,An account was successfully logged on. Logon Type: 10 Remote Desktop Services.,0,Benign
2026-02-26 10:52:53,4648,11,8090,A logon was attempted using explicit credentials. Target Server: localhost Target User: admin.,0,Benign
2026-02-25 01:40:12,4688,8,4802,A new process has been created. New Process Name: C:\Program Files\Google\Chrome\chrome.exe Command Line: chrome.exe --type=renderer.,0,Benign
2026-03-01 17:50:42,4688,5,7767,A new process has been created. New Process Name: C:\Windows\System32\taskhostw.exe.,0,Benign
2026-02-26 14:01:05,4624,10,5813,An account was successfully logged on. New Logon: Account Name: jdoe Account Domain: CORP Logon ID: 0x1A2B3C.,0,Benign
2026-02-27 15:29:34,4720,2,9198,A user account was created. New Account Name: tempuser New Account Domain: CORP.,0,Benign
2026-02-26 09:03:17,4625,8,2562,An account failed to log on. Failure Reason: Unknown user name or bad password. Status: 0xC000006D Sub Status: 0xC000006A.,0,Benign
2026-03-01 10:48:09,4624,9,3717,An account was successfully logged on. Logon Type: 2 Interactive.,0,Benign
2026-02-23 09:39:57,4624,5,4681,An account was successfully logged on. Subject: Security ID: S-1-5-21-1234567890 Account Name: Administrator Account Domain: CORP Logon Type: 3.,0,Benign
2026-02-24 15:21:59,4624,5,1962,An account was successfully logged on. Subject: Security ID: S-1-5-18 Account Name: SYSTEM Account Domain: NT AUTHORITY Logon ID: 0x3E7 Logon Type: 5.,0,Benign
2026-02-28 14:56:45,4688,12,9409,A new process has been created. New Process Name: C:\Windows\System32\svchost.exe Creator Process Name: C:\Windows\System32\services.exe.,0,Benign
2026-02-24 12:42:36,4672,10,9073,Special privileges assigned to new logon. Subject: Security ID: S-1-5-21-1234567890 Account Name: Administrator Privileges: SeDebugPrivilege.,0,Benign
2026-02-27 16:30:50,4648,5,650,A logon was attempted using explicit credentials. Target Server: localhost Target User: admin.,0,Benign
2026-02-27 17:30:40,4625,12,762,An account failed to log on. Logon Type: 10 Remote Desktop Services.,0,Benign
2026-02-27 19:43:21,4672,8,5350,Special privileges assigned to new logon. Subject: Security ID: S-1-5-18 Privileges: SeAssignPrimaryTokenPrivilege SeTcbPrivilege SeSecurityPrivilege.,0,Benign
2026-02-25 12:51:57,4648,10,4972,A logon was attempted using explicit credentials. Target Server: localhost Target User: admin.,0,Benign
2026-02-25 13:43:34,4648,11,2717,A logon was attempted using explicit credentials. Target Server: DC01 Target User: backup_svc.,0,Benign
2026-02-25 13:53:32,4625,9,3810,An account failed to log on. Failure Reason: Unknown user name or bad password. Status: 0xC000006D Sub Status: 0xC000006A.,0,Benign
2026-02-28 13:07:23,4648,5,1073,A logon was attempted using explicit credentials. Target Server: DC01 Target User: backup_svc.,0,Benign
2026-02-28 15:04:24,4634,9,2452,An account was logged off. Logon Type: 2 Interactive.,0,Benign
2026-02-26 21:10:48,4625,2,9514,An account failed to log on. Logon Type: 10 Remote Desktop Services.,0,Benign
2026-03-01 09:26:55,4648,9,9720,A logon was attempted using explicit credentials. Process: C:\Windows\System32\runas.exe.,0,Benign
2026-02-28 15:49:13,4688,12,1520,A new process has been created. New Process Name: C:\Windows\System32\notepad.exe.,0,Benign
2026-02-23 15:30:56,4648,5,7788,A logon was attempted using explicit credentials. Target Server: DC01 Target User: backup_svc.,0,Benign
2026-02-28 23:17:00,4625,2,8702,An account failed to log on. Failure Reason: Account locked out.,0,Benign
2026-02-24 14:17:34,4624,2,3382,An account was successfully logged on. Logon Type: 2 Interactive.,0,Benign
2026-02-27 17:36:20,4624,7,7886,An account was successfully logged on. Logon Type: 2 Interactive.,0,Benign
2026-02-28 06:42:28,4720,10,3619,A user account was created. New Account Name: tempuser New Account Domain: CORP.,0,Benign
2026-02-28 15:36:39,4624,3,1421,An account was successfully logged on. New Logon: Account Name: jdoe Account Domain: CORP Logon ID: 0x1A2B3C.,0,Benign
2026-02-28 13:58:33,4625,8,5854,An account failed to log on. Failure Reason: Unknown user name or bad password. Status: 0xC000006D Sub Status: 0xC000006A.,0,Benign
2026-03-01 13:34:48,4624,12,5899,An account was successfully logged on. Subject: Security ID: S-1-5-21-1234567890 Account Name: Administrator Account Domain: CORP Logon Type: 3.,0,Benign
2026-02-28 14:39:42,4624,5,8647,An account was successfully logged on. Logon Type: 2 Interactive.,0,Benign
2026-02-28 10:32:48,4720,2,2470,A user account was created. New Account Name: test_account.,0,Benign
2026-02-24 16:57:06,4634,8,1836,An account was logged off. Subject: Security ID: S-1-5-21-1234567890 Account Name: jdoe.,0,Benign
2026-02-28 15:09:19,4648,2,8125,An account failed to log on. Source Network Address: 10.0.0.99.,1,T1046
2026-03-01 22:20:13,4624,12,573,An account was successfully logged on. New Logon: Account Name: jdoe Account Domain: CORP Logon ID: 0x1A2B3C.,0,Benign
2026-02-28 17:47:01,4625,3,3054,An account failed to log on. Subject: Security ID: S-1-0-0 Account Name: - Account Domain: - Logon Type: 3.,0,Benign
2026-02-25 11:46:15,4624,8,5598,An account was successfully logged on. New Logon: Account Name: jdoe Account Domain: CORP Logon ID: 0x1A2B3C.,0,Benign
2026-02-24 19:23:57,4624,11,2783,An account was successfully logged on. Logon Type: 2 Interactive.,0,Benign
2026-02-28 11:28:33,4624,7,3775,An account was successfully logged on. Logon Type: 10 Remote Desktop Services.,0,Benign
2026-02-27 08:05:18,4625,12,9546,An account failed to log on. Failure Reason: Account locked out.,0,Benign
2026-03-01 14:26:07,4624,10,1115,An account was successfully logged on. Subject: Security ID: S-1-5-18 Account Name: SYSTEM Account Domain: NT AUTHORITY Logon ID: 0x3E7 Logon Type: 5.,0,Benign
2026-02-28 19:53:24,4625,8,9862,An account failed to log on. Subject: Security ID: S-1-0-0 Account Name: - Account Domain: - Logon Type: 3.,0,Benign
2026-02-24 15:07:31,4625,2,9685,An account failed to log on. Account Name: administrator Source Network Address: 192.168.1.50.,0,Benign
2026-02-26 10:44:58,4624,10,4403,An account was successfully logged on. Subject: Security ID: S-1-5-21-1234567890 Account Name: Administrator Account Domain: CORP Logon Type: 3.,0,Benign
2026-03-01 00:39:17,4625,8,7581,An account failed to log on. Failure Reason: Account locked out.,0,Benign
2026-02-25 12:09:33,4625,9,5279,An account failed to log on. Subject: Security ID: S-1-0-0 Account Name: - Account Domain: - Logon Type: 3.,0,Benign
2026-02-27 16:57:11,4625,11,7331,An account failed to log on. Subject: Security ID: S-1-0-0 Account Name: - Account Domain: - Logon Type: 3.,0,Benign
2026-02-28 11:36:24,4672,3,8145,Special privileges assigned to new logon. Subject: Security ID: S-1-5-18 Privileges: SeAssignPrimaryTokenPrivilege SeTcbPrivilege SeSecurityPrivilege.,0,Benign
2026-02-23 16:25:36,4634,10,4420,An account was logged off. Logon Type: 2 Interactive.,0,Benign
2026-03-01 17:18:10,4625,8,2044,An account failed to log on. Subject: Security ID: S-1-0-0 Account Name: - Account Domain: - Logon Type: 3.,0,Benign
2026-02-25 08:33:33,4624,10,2446,An account was successfully logged on. Logon Type: 10 Remote Desktop Services.,0,Benign
2026-02-23 12:29:34,4672,9,6726,Special privileges assigned to new logon. Subject: Security ID: S-1-5-21-1234567890 Account Name: Administrator Privileges: SeDebugPrivilege.,0,Benign
2026-02-26 15:52:28,4624,11,9786,An account was successfully logged on. Subject: Security ID: S-1-5-21-1234567890 Account Name: Administrator Account Domain: CORP Logon Type: 3.,0,Benign
2026-03-01 09:58:10,4624,8,9704,An account was successfully logged on. New Logon: Account Name: jdoe Account Domain: CORP Logon ID: 0x1A2B3C.,0,Benign
2026-02-28 02:14:45,4672,11,937,Special privileges assigned to new logon. Account Name: SYSTEM Privileges: SeBackupPrivilege SeRestorePrivilege.,0,Benign
2026-02-27 17:47:24,1102,12,7825,The audit log was cleared. Subject: Security ID: S-1-5-21-9876543210 Account Name: attacker.,1,T1070
2026-02-24 10:18:22,4624,9,2958,An account was successfully logged on. Logon Type: 2 Interactive.,0,Benign
2026-02-27 09:31:05,4624,10,8510,An account was successfully logged on. Logon Type: 2 Interactive.,0,Benign
2026-02-27 14:51:28,4625,8,9423,An account failed to log on. Subject: Security ID: S-1-0-0 Account Name: - Account Domain: - Logon Type: 3.,0,Benign
2026-02-26 09:05:31,4624,3,6392,An account was successfully logged on. Logon Type: 10 Remote Desktop Services.,0,Benign
2026-02-25 10:37:26,4624,11,2052,An account was successfully logged on. Subject: Security ID: S-1-5-21-1234567890 Account Name: Administrator Account Domain: CORP Logon Type: 3.,0,Benign
2026-02-26 11:19:10,4624,9,9350,An account was successfully logged on. Logon Type: 2 Interactive.,0,Benign
2026-02-28 11:30:19,4624,5,2093,An account was successfully logged on. Subject: Security ID: S-1-5-18 Account Name: SYSTEM Account Domain: NT AUTHORITY Logon ID: 0x3E7 Logon Type: 5.,0,Benign
2026-02-24 10:38:44,4624,10,1865,An account was successfully logged on. New Logon: Account Name: jdoe Account Domain: CORP Logon ID: 0x1A2B3C.,0,Benign
2026-02-27 11:02:44,4625,8,590,An account failed to log on. Subject: Security ID: S-1-0-0 Account Name: - Account Domain: - Logon Type: 3.,0,Benign
2026-02-28 05:53:58,4634,2,1430,An account was logged off. Logon Type: 3.,0,Benign
2026-02-23 14:48:25,4688,5,862,A new process has been created. New Process Name: C:\Windows\System32\notepad.exe.,0,Benign
2026-02-27 16:28:53,4625,5,3664,An account failed to log on. Failure Reason: Account locked out.,0,Benign
2026-02-28 10:56:43,4624,11,9248,An account was successfully logged on. Subject: Security ID: S-1-5-18 Account Name: SYSTEM Account Domain: NT AUTHORITY Logon ID: 0x3E7 Logon Type: 5.,0,Benign
2026-02-26 13:15:49,4624,8,4530,An account was successfully logged on. Subject: Security ID: S-1-5-18 Account Name: SYSTEM Account Domain: NT AUTHORITY Logon ID: 0x3E7 Logon Type: 5.,0,Benign
2026-02-27 12:23:39,4625,3,5218,An account failed to log on. Failure Reason: Unknown user name or bad password. Status: 0xC000006D Sub Status: 0xC000006A.,0,Benign
2026-02-25 22:06:48,4625,2,3115,An account failed to log on. Failure Reason: Unknown user name or bad password. Status: 0xC000006D Sub Status: 0xC000006A.,0,Benign
2026-03-01 09:49:16,4634,5,4502,An account was logged off. Subject: Security ID: S-1-5-21-1234567890 Account Name: jdoe.,0,Benign
2026-02-23 03:49:26,4625,2,7890,An account failed to log on. Failure Reason: Account locked out.,0,Benign
2026-02-26 11:43:17,4648,7,6791,A logon was attempted using explicit credentials. Target Server: localhost Target User: admin.,0,Benign
2026-02-23 14:11:40,4624,9,780,An account was successfully logged on. New Logon: Account Name: jdoe Account Domain: CORP Logon ID: 0x1A2B3C.,0,Benign
2026-03-01 11:53:10,4648,9,9794,A logon was attempted using explicit credentials. Target Server: DC01 Target User: backup_svc.,0,Benign
2026-03-01 13:45:28,4648,10,916,A logon was attempted using explicit credentials. Target Server: localhost Target User: admin.,0,Benign
2026-02-28 14:48:47,4624,5,7355,An account was successfully logged on. Subject: Security ID: S-1-5-18 Account Name: SYSTEM Account Domain: NT AUTHORITY Logon ID: 0x3E7 Logon Type: 5.,0,Benign
2026-02-24 09:14:15,4624,2,5408,An account was successfully logged on. Logon Type: 2 Interactive.,0,Benign
2026-02-28 17:16:24,4648,11,798,A logon was attempted using explicit credentials. Target Server: localhost Target User: admin.,0,Benign
2026-03-01 16:38:36,4688,2,4539,A new process has been created. New Process Name: C:\Windows\System32\notepad.exe.,0,Benign
2026-03-01 04:19:39,4688,9,3413,A new process has been created. New Process Name: C:\Windows\System32\taskhostw.exe.,0,Benign
2026-02-25 00:47:42,4624,3,7964,An account was successfully logged on. New Logon: Account Name: jdoe Account Domain: CORP Logon ID: 0x1A2B3C.,0,Benign
2026-02-24 12:01:21,4625,3,1802,An account failed to log on. Subject: Security ID: S-1-0-0 Account Name: - Account Domain: - Logon Type: 3.,0,Benign
2026-02-26 12:40:44,4624,5,5172,An account was successfully logged on. Logon Type: 10 Remote Desktop Services.,0,Benign
2026-02-24 11:57:43,4625,8,6142,An account failed to log on. Failure Reason: Account locked out.,0,Benign
2026-02-25 08:42:56,4624,5,5098,An account was successfully logged on. Subject: Security ID: S-1-5-21-1234567890 Account Name: Administrator Account Domain: CORP Logon Type: 3.,0,Benign
2026-02-25 17:53:18,4625,9,357,An account failed to log on. Failure Reason: Unknown user name or bad password. Status: 0xC000006D Sub Status: 0xC000006A.,0,Benign
2026-02-24 14:46:02,4634,10,3781,An account was logged off. Subject: Security ID: S-1-5-21-1234567890 Account Name: jdoe.,0,Benign
2026-03-01 03:25:36,4648,9,5358,A logon was attempted using explicit credentials. Target Server: localhost Target User: admin.,0,Benign
2026-02-28 12:48:54,4625,8,1158,An account failed to log on. Logon Type: 10 Remote Desktop Services.,0,Benign
2026-02-24 14:08:58,4624,2,7337,An account was successfully logged on. New Logon: Account Name: jdoe Account Domain: CORP Logon ID: 0x1A2B3C.,0,Benign
2026-02-25 07:15:57,4648,2,5159,A logon was attempted using explicit credentials. Process: C:\Windows\System32\runas.exe.,0,Benign
2026-02-23 16:59:38,4720,3,164,A user account was created. New Account Name: test_account.,0,Benign
2026-02-27 08:13:21,4648,12,9581,A logon was attempted using explicit credentials. Target Server: DC01 Target User: backup_svc.,0,Benign
2026-02-23 13:17:50,4688,10,7673,A new process has been created. New Process Name: C:\Windows\System32\notepad.exe.,0,Benign
2026-02-25 15:26:10,4732,12,561,A member was added to a security-enabled local group. Member Name: jdoe Group Name: Remote Desktop Users.,0,Benign
2026-03-01 09:03:29,4720,11,6525,A user account was created. New Account Name: svc_backup New Account Domain: CORP.,0,Benign
2026-03-01 08:25:33,4624,7,1834,An account was successfully logged on. Subject: Security ID: S-1-5-18 Account Name: SYSTEM Account Domain: NT AUTHORITY Logon ID: 0x3E7 Logon Type: 5.,0,Benign
2026-02-28 11:22:03,4688,2,188,A new process has been created. New Process Name: C:\Windows\System32\notepad.exe.,0,Benign
2026-03-01 08:45:56,4624,8,7470,An account was successfully logged on. Subject: Security ID: S-1-5-18 Account Name: SYSTEM Account Domain: NT AUTHORITY Logon ID: 0x3E7 Logon Type: 5.,0,Benign
2026-02-23 11:32:54,4624,9,7992,An account was successfully logged on. Logon Type: 10 Remote Desktop Services.,0,Benign
2026-02-26 10:37:15,4648,11,2860,A logon was attempted using explicit credentials. Target Server: DC01 Target User: backup_svc.,0,Benign
2026-03-01 14:49:53,4624,5,7783,An account was successfully logged on. New Logon: Account Name: jdoe Account Domain: CORP Logon ID: 0x1A2B3C.,0,Benign
2026-02-24 13:29:31,4624,8,1801,An account was successfully logged on. Subject: Security ID: S-1-5-21-1234567890 Account Name: Administrator Account Domain: CORP Logon Type: 3.,0,Benign
2026-02-23 11:49:28,4624,3,2690,An account was successfully logged on. Subject: Security ID: S-1-5-18 Account Name: SYSTEM Account Domain: NT AUTHORITY Logon ID: 0x3E7 Logon Type: 5.,0,Benign
2026-02-23 09:22:15,4648,2,8294,A logon was attempted using explicit credentials. Target Server: localhost Target User: admin.,0,Benign
2026-02-26 06:30:08,4624,9,4131,An account was successfully logged on. Subject: Security ID: S-1-5-18 Account Name: SYSTEM Account Domain: NT AUTHORITY Logon ID: 0x3E7 Logon Type: 5.,0,Benign
2026-02-23 16:18:03,4624,11,7355,An account was successfully logged on. Subject: Security ID: S-1-5-18 Account Name: SYSTEM Account Domain: NT AUTHORITY Logon ID: 0x3E7 Logon Type: 5.,0,Benign
2026-02-26 08:56:15,4624,7,5116,An account was successfully logged on. New Logon: Account Name: jdoe Account Domain: CORP Logon ID: 0x1A2B3C.,0,Benign
2026-02-24 11:31:38,4688,12,1423,A new process has been created. New Process Name: C:\Windows\System32\taskhostw.exe.,0,Benign
2026-02-28 08:13:50,4624,5,3254,An account was successfully logged on. Logon Type: 2 Interactive.,0,Benign
2026-02-26 10:41:13,4624,3,3314,An account was successfully logged on. Logon Type: 10 Remote Desktop Services.,0,Benign
2026-02-26 15:52:12,4625,10,4295,An account failed to log on. Failure Reason: Account locked out.,0,Benign
2026-02-26 09:10:08,4624,10,9053,An account was successfully logged on. Logon Type: 2 Interactive.,0,Benign
2026-02-25 16:13:17,4688,8,5509,A new process has been created. New Process Name: C:\Windows\System32\notepad.exe.,0,Benign
2026-02-24 12:06:18,4625,10,9879,An account failed to log on. Logon Type: 10 Remote Desktop Services.,0,Benign
2026-03-01 04:04:42,4688,5,4685,A new process has been created. New Process Name: C:\Windows\System32\notepad.exe.,0,Benign
2026-02-24 17:03:03,4634,12,1303,An account was logged off. Logon Type: 3.,0,Benign
2026-02-24 20:24:29,4624,11,2103,An account was successfully logged on. Subject: Security ID: S-1-5-18 Account Name: SYSTEM Account Domain: NT AUTHORITY Logon ID: 0x3E7 Logon Type: 5.,0,Benign
2026-02-28 16:27:59,4648,12,3406,A logon was attempted using explicit credentials. Target Server: localhost Target User: admin.,0,Benign
2026-02-24 15:05:16,4624,12,9172,An account was successfully logged on. Logon Type: 2 Interactive.,0,Benign
2026-02-23 14:41:19,4688,8,9111,A new process has been created. New Process Name: C:\Windows\System32\svchost.exe Creator Process Name: C:\Windows\System32\services.exe.,0,Benign
2026-03-01 12:41:54,4624,3,1350,An account was successfully logged on. Subject: Security ID: S-1-5-18 Account Name: SYSTEM Account Domain: NT AUTHORITY Logon ID: 0x3E7 Logon Type: 5.,0,Benign
2026-02-24 02:47:27,4688,5,9902,A new process has been created. New Process Name: C:\Program Files\Google\Chrome\chrome.exe Command Line: chrome.exe --type=renderer.,0,Benign
2026-02-26 13:53:23,4624,9,7551,An account was successfully logged on. New Logon: Account Name: jdoe Account Domain: CORP Logon ID: 0x1A2B3C.,0,Benign
2026-03-01 02:00:09,4648,12,8908,A logon was attempted using explicit credentials. Process: C:\Windows\System32\runas.exe.,0,Benign
2026-02-28 15:23:52,4672,2,5281,Special privileges assigned to new logon. Subject: Security ID: S-1-5-21-1234567890 Account Name: Administrator Privileges: SeDebugPrivilege.,0,Benign
2026-02-24 12:43:54,4688,9,3241,A new process has been created. New Process Name: C:\Windows\System32\cmd.exe Command Line: cmd.exe /c dir.,0,Benign
2026-03-01 14:07:29,4648,8,9661,A logon was attempted using explicit credentials. Process: C:\Windows\System32\runas.exe.,0,Benign
2026-02-27 09:52:38,4624,3,2254,An account was successfully logged on. Subject: Security ID: S-1-5-18 Account Name: SYSTEM Account Domain: NT AUTHORITY Logon ID: 0x3E7 Logon Type: 5.,0,Benign
2026-03-01 15:06:43,4624,3,5262,An account was successfully logged on. Logon Type: 10 Remote Desktop Services.,0,Benign
2026-02-25 16:17:26,4625,12,6640,An account failed to log on. Account Name: administrator Source Network Address: 192.168.1.50.,0,Benign
2026-02-23 14:53:11,4625,12,2948,An account failed to log on. Failure Reason: Account locked out.,0,Benign
2026-02-26 08:03:53,4624,11,7770,An account was successfully logged on. Subject: Security ID: S-1-5-18 Account Name: SYSTEM Account Domain: NT AUTHORITY Logon ID: 0x3E7 Logon Type: 5.,0,Benign
2026-02-28 22:31:44,4624,9,8515,An account was successfully logged on. Logon Type: 10 Remote Desktop Services.,0,Benign
2026-02-26 08:25:46,4672,5,8115,Special privileges assigned to new logon. Subject: Security ID: S-1-5-21-1234567890 Account Name: Administrator Privileges: SeDebugPrivilege.,0,Benign
2026-02-25 12:47:57,4648,7,5110,A logon was attempted using explicit credentials. Target Server: DC01 Target User: backup_svc.,0,Benign
2026-02-28 17:57:44,4634,2,7874,An account was logged off. Logon Type: 2 Interactive.,0,Benign
2026-02-24 17:45:29,4688,2,6428,A new process has been created. New Process Name: C:\Windows\System32\cmd.exe Command Line: cmd.exe /c dir.,0,Benign
2026-02-26 11:42:55,4648,8,9597,A logon was attempted using explicit credentials. Process: C:\Windows\System32\runas.exe.,0,Benign
2026-02-24 13:03:39,4672,2,3210,Special privileges assigned to new logon. Subject: Security ID: S-1-5-18 Privileges: SeAssignPrimaryTokenPrivilege SeTcbPrivilege SeSecurityPrivilege.,0,Benign
2026-02-28 13:25:10,4624,2,4735,An account was successfully logged on. Logon Type: 10 Remote Desktop Services.,0,Benign
2026-02-28 11:37:30,4624,2,2081,An account was successfully logged on. Subject: Security ID: S-1-5-18 Account Name: SYSTEM Account Domain: NT AUTHORITY Logon ID: 0x3E7 Logon Type: 5.,0,Benign
2026-02-24 03:18:57,4625,8,9345,An account failed to log on. Failure Reason: Unknown user name or bad password. Status: 0xC000006D Sub Status: 0xC000006A.,0,Benign
2026-02-25 10:18:59,4624,5,5734,An account was successfully logged on. Logon Type: 10 Remote Desktop Services.,0,Benign
2026-02-27 17:32:22,4688,8,2036,A new process has been created. New Process Name: C:\Windows\System32\cmd.exe Command Line: cmd.exe /c dir.,0,Benign
2026-02-25 12:07:07,4648,3,7631,A logon was attempted using explicit credentials. Target Server: localhost Target User: admin.,0,Benign
2026-02-26 15:54:25,4625,12,8457,An account failed to log on. Failure Reason: Account locked out.,0,Benign
2026-02-24 09:59:54,4688,11,6547,A new process has been created. New Process Name: C:\Windows\System32\notepad.exe.,0,Benign
2026-02-24 17:34:13,4624,8,7200,An account was successfully logged on. Logon Type: 2 Interactive.,0,Benign
2026-02-27 17:49:23,4624,3,1725,An account was successfully logged on. Logon Type: 2 Interactive.,0,Benign
2026-02-27 15:34:57,4634,2,2807,An account was logged off. Logon Type: 3.,0,Benign
2026-02-24 09:36:58,4688,2,2565,A new process has been created. New Process Name: C:\Program Files\Google\Chrome\chrome.exe Command Line: chrome.exe --type=renderer.,0,Benign
2026-02-24 14:38:55,4625,10,8164,An account failed to log on. Failure Reason: Account locked out.,0,Benign
2026-02-25 11:48:03,4624,11,1064,An account was successfully logged on. Subject: Security ID: S-1-5-21-1234567890 Account Name: Administrator Account Domain: CORP Logon Type: 3.,0,Benign
2026-03-01 16:31:57,4624,2,3051,An account was successfully logged on. Logon Type: 10 Remote Desktop Services.,0,Benign
2026-02-24 03:07:53,4624,9,2877,An account was successfully logged on. Subject: Security ID: S-1-5-21-1234567890 Account Name: Administrator Account Domain: CORP Logon Type: 3.,0,Benign
2026-02-23 15:26:26,4688,2,1186,A new process has been created. New Process Name: C:\Program Files\Google\Chrome\chrome.exe Command Line: chrome.exe --type=renderer.,0,Benign
2026-02-28 12:26:56,4624,7,1216,An account was successfully logged on. Subject: Security ID: S-1-5-18 Account Name: SYSTEM Account Domain: NT AUTHORITY Logon ID: 0x3E7 Logon Type: 5.,0,Benign
2026-02-27 12:13:02,4624,12,8409,An account was successfully logged on. Logon Type: 10 Remote Desktop Services.,0,Benign
2026-02-27 09:27:31,4625,12,3668,An account failed to log on. Failure Reason: Unknown user name or bad password. Status: 0xC000006D Sub Status: 0xC000006A.,0,Benign
2026-02-26 03:44:50,4624,2,554,An account failed to log on. Logon Type: 3 Source Network Address: 10.0.0.99.,1,T1110
2026-02-28 12:45:50,4625,11,6764,An account failed to log on. Failure Reason: Unknown user name or bad password. Status: 0xC000006D Sub Status: 0xC000006A.,0,Benign
2026-02-24 08:05:01,4624,8,8255,An account was successfully logged on. Subject: Security ID: S-1-5-18 Account Name: SYSTEM Account Domain: NT AUTHORITY Logon ID: 0x3E7 Logon Type: 5.,0,Benign
2026-03-01 10:08:56,4624,11,4275,An account was successfully logged on. Subject: Security ID: S-1-5-21-1234567890 Account Name: Administrator Account Domain: CORP Logon Type: 3.,0,Benign
2026-02-27 08:15:15,4624,7,9177,An account was successfully logged on. Logon Type: 2 Interactive.,0,Benign
2026-02-28 13:12:04,4634,9,5796,An account was logged off. Logon Type: 2 Interactive.,0,Benign
2026-02-25 14:14:16,4688,3,5048,A new process has been created. New Process Name: C:\Program Files\Google\Chrome\chrome.exe Command Line: chrome.exe --type=renderer.,0,Benign
2026-02-25 05:37:24,4634,9,6624,An account was logged off. Logon Type: 2 Interactive.,0,Benign
2026-02-23 08:20:54,4688,11,5904,A new process has been created. New Process Name: C:\Windows\System32\notepad.exe.,0,Benign
2026-02-24 14:38:49,4624,8,4822,An account was successfully logged on. Logon Type: 2 Interactive.,0,Benign
2026-02-28 11:14:43,4688,8,2212,A new process has been created. New Process Name: C:\Windows\System32\svchost.exe Creator Process Name: C:\Windows\System32\services.exe.,0,Benign
2026-02-25 16:47:58,4625,2,9227,An account failed to log on. Subject: Security ID: S-1-0-0 Account Name: - Account Domain: - Logon Type: 3.,0,Benign
2026-02-24 21:21:08,4688,2,3662,A new process has been created. New Process Name: C:\Windows\System32\taskhostw.exe.,0,Benign
2026-02-24 16:48:19,4624,12,5041,An account was successfully logged on. Logon Type: 2 Interactive.,0,Benign
2026-03-01 08:03:46,4624,5,3221,An account was successfully logged on. Logon Type: 10 Remote Desktop Services.,0,Benign
2026-02-23 16:02:02,4634,11,2643,An account was logged off. Subject: Security ID: S-1-5-21-1234567890 Account Name: jdoe.,0,Benign
2026-02-25 16:16:19,4624,5,7709,An account was successfully logged on. Subject: Security ID: S-1-5-21-1234567890 Account Name: Administrator Account Domain: CORP Logon Type: 3.,0,Benign
2026-02-24 16:24:19,4625,11,9370,An account failed to log on. Failure Reason: Account locked out.,0,Benign
2026-02-23 11:57:06,4624,5,5575,An account was successfully logged on. New Logon: Account Name: jdoe Account Domain: CORP Logon ID: 0x1A2B3C.,0,Benign
2026-02-28 17:05:10,4634,11,3643,An account was logged off. Logon Type: 2 Interactive.,0,Benign
2026-02-26 11:14:11,4625,3,5121,An account failed to log on. Logon Type: 10 Remote Desktop Services.,0,Benign
2026-02-27 15:04:08,4625,12,7456,An account failed to log on. Subject: Security ID: S-1-0-0 Account Name: - Account Domain: - Logon Type: 3.,0,Benign
2026-02-23 10:04:23,4648,10,2528,A logon was attempted using explicit credentials. Target Server: DC01 Target User: backup_svc.,0,Benign
2026-02-27 10:01:31,4624,7,219,An account was successfully logged on. Subject: Security ID: S-1-5-21-1234567890 Account Name: Administrator Account Domain: CORP Logon Type: 3.,0,Benign
2026-02-27 05:03:35,4688,9,3682,A new process has been created. New Process Name: C:\Windows\System32\svchost.exe Creator Process Name: C:\Windows\System32\services.exe.,0,Benign
2026-03-01 10:39:58,4624,8,8459,An account was successfully logged on. Subject: Security ID: S-1-5-21-1234567890 Account Name: Administrator Account Domain: CORP Logon Type: 3.,0,Benign
2026-02-23 09:23:50,4672,10,8724,Special privileges assigned to new logon. Subject: Security ID: S-1-5-21-1234567890 Account Name: Administrator Privileges: SeDebugPrivilege.,0,Benign
2026-02-27 09:58:35,4624,12,8381,An account was successfully logged on. Subject: Security ID: S-1-5-21-1234567890 Account Name: Administrator Account Domain: CORP Logon Type: 3.,0,Benign
2026-03-01 08:32:27,4688,8,5594,A new process has been created. New Process Name: C:\Windows\System32\cmd.exe Command Line: cmd.exe /c dir.,0,Benign
2026-02-26 19:13:17,4688,2,3618,A new process has been created. New Process Name: C:\Program Files\Google\Chrome\chrome.exe Command Line: chrome.exe --type=renderer.,0,Benign
2026-02-24 11:55:25,4624,2,703,An account was successfully logged on. Logon Type: 2 Interactive.,0,Benign
2026-02-26 10:21:28,4624,7,8464,An account was successfully logged on. Subject: Security ID: S-1-5-18 Account Name: SYSTEM Account Domain: NT AUTHORITY Logon ID: 0x3E7 Logon Type: 5.,0,Benign
2026-03-01 14:20:57,4625,9,3858,An account failed to log on. Failure Reason: Unknown user name or bad password. Status: 0xC000006D Sub Status: 0xC000006A.,0,Benign
2026-03-01 14:36:36,4625,9,7665,An account failed to log on. Failure Reason: Account locked out.,0,Benign
2026-02-24 12:48:08,4624,11,3832,An account was successfully logged on. Logon Type: 10 Remote Desktop Services.,0,Benign
2026-02-24 10:59:08,4688,3,6009,A new process has been created. New Process Name: C:\Windows\System32\taskhostw.exe.,0,Benign
2026-02-26 15:48:25,4720,2,7341,A user account was created. New Account Name: tempuser New Account Domain: CORP.,0,Benign
2026-02-23 17:25:29,4624,9,4499,An account was successfully logged on. Subject: Security ID: S-1-5-18 Account Name: SYSTEM Account Domain: NT AUTHORITY Logon ID: 0x3E7 Logon Type: 5.,0,Benign
2026-02-26 13:22:03,4624,3,9191,An account was successfully logged on. Subject: Security ID: S-1-5-21-1234567890 Account Name: Administrator Account Domain: CORP Logon Type: 3.,0,Benign
2026-02-25 10:56:14,4624,5,5961,An account was successfully logged on. Logon Type: 10 Remote Desktop Services.,0,Benign
2026-02-27 08:21:00,4624,5,7156,An account was successfully logged on. Logon Type: 10 Remote Desktop Services.,0,Benign
2026-02-26 14:18:37,4624,8,3931,An account was successfully logged on. Logon Type: 2 Interactive.,0,Benign
2026-02-24 08:44:23,4625,10,4604,An account failed to log on. Account Name: administrator Source Network Address: 192.168.1.50.,0,Benign
2026-02-23 14:50:16,4672,12,318,Special privileges assigned to new logon. Subject: Security ID: S-1-5-21-1234567890 Account Name: Administrator Privileges: SeDebugPrivilege.,0,Benign
2026-03-01 16:08:51,4624,7,8442,An account was successfully logged on. Logon Type: 10 Remote Desktop Services.,0,Benign
2026-03-01 14:44:36,4624,9,6371,An account was successfully logged on. New Logon: Account Name: jdoe Account Domain: CORP Logon ID: 0x1A2B3C.,0,Benign
2026-02-27 09:50:10,4688,10,2639,A new process has been created. New Process Name: C:\Windows\System32\cmd.exe Command Line: cmd.exe /c dir.,0,Benign
2026-02-25 10:10:08,4624,3,4666,An account was successfully logged on. New Logon: Account Name: jdoe Account Domain: CORP Logon ID: 0x1A2B3C.,0,Benign
2026-02-26 13:57:32,4672,8,236,Special privileges assigned to new logon. Subject: Security ID: S-1-5-21-1234567890 Account Name: Administrator Privileges: SeDebugPrivilege.,0,Benign
2026-02-23 12:19:54,4624,8,7316,An account was successfully logged on. Logon Type: 2 Interactive.,0,Benign
2026-02-26 11:24:35,4648,8,9330,A logon was attempted using explicit credentials. Target Server: localhost Target User: admin.,0,Benign
2026-02-26 11:16:12,4624,11,6134,An account was successfully logged on. Subject: Security ID: S-1-5-21-1234567890 Account Name: Administrator Account Domain: CORP Logon Type: 3.,0,Benign
2026-02-27 11:34:38,4720,10,8499,A user account was created. New Account Name: tempuser New Account Domain: CORP.,0,Benign
2026-02-28 10:27:39,4625,8,3573,An account failed to log on. Logon Type: 10 Remote Desktop Services.,0,Benign
2026-02-28 12:48:12,4624,8,3402,An account was successfully logged on. Logon Type: 10 Remote Desktop Services.,0,Benign
2026-02-24 11:36:33,4688,12,7204,A new process has been created. New Process Name: C:\Windows\System32\cmd.exe Command Line: cmd.exe /c dir.,0,Benign
2026-02-26 12:30:44,4720,8,4197,A user account was created. New Account Name: tempuser New Account Domain: CORP.,0,Benign
2026-02-23 19:55:11,4624,11,2796,An account was successfully logged on. Logon Type: 10 Remote Desktop Services.,0,Benign
2026-02-28 11:37:52,4720,5,5552,A user account was created. New Account Name: test_account.,0,Benign
2026-02-24 15:40:24,4624,7,5359,An account was successfully logged on. Subject: Security ID: S-1-5-21-1234567890 Account Name: Administrator Account Domain: CORP Logon Type: 3.,0,Benign
2026-02-24 14:13:46,4672,10,3740,Special privileges assigned to new logon. Account Name: SYSTEM Privileges: SeBackupPrivilege SeRestorePrivilege.,0,Benign
2026-02-26 23:06:16,4624,8,345,An account was successfully logged on. New Logon: Account Name: jdoe Account Domain: CORP Logon ID: 0x1A2B3C.,0,Benign
2026-02-28 08:44:41,4625,2,2879,An account failed to log on. Subject: Security ID: S-1-0-0 Account Name: - Account Domain: - Logon Type: 3.,0,Benign
2026-02-24 23:16:15,4625,9,179,An account failed to log on. Failure Reason: Unknown user name or bad password. Status: 0xC000006D Sub Status: 0xC000006A.,0,Benign
2026-02-27 01:24:41,4634,12,8656,An account was logged off. Logon Type: 3.,0,Benign
2026-02-26 13:18:57,4732,9,9932,A member was added to a security-enabled local group. Member Name: svc_backup Group Name: Backup Operators.,0,Benign
2026-02-23 08:05:11,4688,8,2604,A new process has been created. New Process Name: C:\Windows\System32\svchost.exe Creator Process Name: C:\Windows\System32\services.exe.,0,Benign
2026-02-24 23:38:33,4625,12,2297,An account failed to log on. Subject: Security ID: S-1-0-0 Account Name: - Account Domain: - Logon Type: 3.,0,Benign
2026-02-27 16:50:50,4634,5,6513,An account was logged off. Logon Type: 3.,0,Benign
2026-02-27 08:51:35,4625,3,7522,An account failed to log on. Failure Reason: Account locked out.,0,Benign
2026-03-01 06:29:17,4624,8,2791,An account was successfully logged on. Logon Type: 10 Remote Desktop Services.,0,Benign
2026-02-27 01:55:06,4624,3,339,An account was successfully logged on. Subject: Security ID: S-1-5-18 Account Name: SYSTEM Account Domain: NT AUTHORITY Logon ID: 0x3E7 Logon Type: 5.,0,Benign
2026-03-01 16:23:34,4624,11,4689,An account was successfully logged on. Logon Type: 2 Interactive.,0,Benign
2026-03-01 09:26:24,4624,12,7898,An account was successfully logged on. Subject: Security ID: S-1-5-18 Account Name: SYSTEM Account Domain: NT AUTHORITY Logon ID: 0x3E7 Logon Type: 5.,0,Benign
2026-02-27 17:36:37,4720,3,4221,A user account was created. New Account Name: svc_backup New Account Domain: CORP.,0,Benign
2026-03-01 12:46:23,4688,2,5338,A new process has been created. New Process Name: C:\Windows\System32\cmd.exe Command Line: cmd.exe /c dir.,0,Benign
2026-02-28 11:11:03,4634,3,4304,An account was logged off. Logon Type: 2 Interactive.,0,Benign
2026-02-27 09:14:50,4634,7,8861,An account was logged off. Logon Type: 2 Interactive.,0,Benign
2026-02-27 11:24:08,4672,3,8134,Special privileges assigned to new logon. Subject: Security ID: S-1-5-21-1234567890 Account Name: Administrator Privileges: SeDebugPrivilege.,0,Benign
2026-02-23 23:57:36,4624,2,5177,An account was successfully logged on. Logon Type: 10 Remote Desktop Services.,0,Benign
2026-02-27 05:44:02,4625,8,4020,An account failed to log on. Account Name: administrator Source Network Address: 192.168.1.50.,0,Benign
2026-02-25 09:00:02,4688,10,9996,A new process has been created. New Process Name: C:\Windows\System32\svchost.exe Creator Process Name: C:\Windows\System32\services.exe.,0,Benign
2026-02-23 12:15:40,4625,9,4154,An account failed to log on. Subject: Security ID: S-1-0-0 Account Name: - Account Domain: - Logon Type: 3.,0,Benign
