2026-03-01 11:16:48,4648,11,2563,A logon was attempted using explicit credentials. Target Server: DC01 Target User: backup_svc.,0,Benign
2026-02-25 17:09:26,4624,5,7077,An account was successfully logged on. Logon Type: 10 Remote Desktop Services.,0,Benign
2026-02-28 12:09:06,4624,3,5018,An account was successfully logged on. Logon Type: 2 Interactive.,0,Benign
2026-02-28 12:56:42,4672,10,1506,Special privileges assigned to new logon. Subject: Security ID: S-1-5-21-1234567890 Account Name: Administrator Privileges: SeDebugPrivilege.,0,Benign
2026-02-24 04:20:52,4625,3,8308,An account failed to log on. Subject: Security ID: S-1-0-0 Account Name: - Account Domain: - Logon Type: 3.,0,Benign
2026-02-28 03:01:02,4648,7,1384,A logon was attempted using explicit credentials. Process: C:\Windows\System32\runas.exe.,0,Benign
2026-02-23 09:55:34,4625,2,7177,An account failed to log on. Failure Reason: Account locked out.,0,Benign
2026-02-26 10:53:11,4648,5,7531,A logon was attempted using explicit credentials. Process: C:\Windows\System32\runas.exe.,0,Benign
2026-02-28 11:57:15,4624,7,3879,An account was successfully logged on. Subject: Security ID: S-1-5-18 Account Name: SYSTEM Account Domain: NT AUTHORITY Logon ID: 0x3E7 Logon Type: 5.,0,Benign
2026-02-24 13:53:46,4624,9,8703,An account was successfully logged on. New Logon: Account Name: jdoe Account Domain: CORP Logon ID: 0x1A2B3C.,0,Benign
2026-02-24 09:43:16,4672,12,1952,Special privileges assigned to new logon. Subject: Security ID: S-1-5-21-1234567890 Account Name: Administrator Privileges: SeDebugPrivilege.,0,Benign
2026-02-27 18:56:25,4688,3,6414,A new process has been created. New Process Name: C:\Windows\System32\svchost.exe Creator Process Name: C:\Windows\System32\services.exe.,0,Benign
2026-02-24 16:16:13,4648,8,8452,A logon was attempted using explicit credentials. Target Server: DC01 Target User: backup_svc.,0,Benign
2026-02-27 17:06:49,4624,8,3931,An account was successfully logged on. Logon Type: 2 Interactive.,0,Benign
2026-02-25 17:30:07,4688,7,4853,A new process has been created. New Process Name: C:\Program Files\Google\Chrome\chrome.exe Command Line: chrome.exe --type=renderer.,0,Benign
2026-02-28 16:51:39,4625,8,9909,An account failed to log on. Logon Type: 10 Remote Desktop Services.,0,Benign
2026-02-23 16:21:03,4672,7,3973,Special privileges assigned to new logon. Account Name: SYSTEM Privileges: SeBackupPrivilege SeRestorePrivilege.,0,Benign
2026-02-23 12:02:50,4624,5,3107,An account was successfully logged on. Logon Type: 2 Interactive.,0,Benign
2026-03-01 05:51:51,4624,3,2315,An account was successfully logged on. Logon Type: 2 Interactive.,0,Benign
2026-02-28 18:37:32,4648,11,2985,A logon was attempted using explicit credentials. Target Server: DC01 Target User: backup_svc.,0,Benign
2026-02-25 12:28:08,4624,10,4663,An account was successfully logged on. Subject: Security ID: S-1-5-21-1234567890 Account Name: Administrator Account Domain: CORP Logon Type: 3.,0,Benign
2026-02-27 13:16:49,4672,10,8325,Special privileges assigned to new logon. Account Name: SYSTEM Privileges: SeBackupPrivilege SeRestorePrivilege.,0,Benign
2026-02-27 18:27:06,4624,12,5741,An account was successfully logged on. Logon Type: 10 Remote Desktop Services.,0,Benign
2026-02-24 08:37:48,4624,10,6568,An account was successfully logged on. Subject: Security ID: S-1-5-18 Account Name: SYSTEM Account Domain: NT AUTHORITY Logon ID: 0x3E7 Logon Type: 5.,0,Benign
2026-03-01 14:00:16,4732,2,3392,A member was added to a security-enabled local group. Member Name: svc_backup Group Name: Backup Operators.,0,Benign
2026-02-26 15:10:22,4634,3,6715,An account was logged off. Logon Type: 3.,0,Benign
2026-02-26 16:06:33,4625,8,1701,An account failed to log on. Logon Type: 10 Remote Desktop Services.,0,Benign
2026-03-01 10:44:06,4688,11,850,A new process has been created. New Process Name: C:\Windows\System32\notepad.exe.,0,Benign
2026-02-23 11:01:20,4624,11,3070,An account was successfully logged on. New Logon: Account Name: jdoe Account Domain: CORP Logon ID: 0x1A2B3C.,0,Benign
2026-02-28 12:39:07,4688,2,9477,A new process has been created. New Process Name: C:\Windows\System32\cmd.exe Command Line: cmd.exe /c dir.,0,Benign
2026-02-23 21:37:45,4624,11,9285,An account was successfully logged on. New Logon: Account Name: jdoe Account Domain: CORP Logon ID: 0x1A2B3C.,0,Benign
2026-03-01 13:16:27,4634,9,4367,An account was logged off. Logon Type: 3.,0,Benign
2026-02-26 10:22:42,4648,2,1367,A logon was attempted using explicit credentials. Target Server: localhost Target User: admin.,0,Benign
2026-02-24 04:13:47,4688,9,3901,A new process has been created. New Process Name: C:\Windows\System32\notepad.exe.,0,Benign
2026-02-26 15:54:38,4672,2,5203,Special privileges assigned to new logon. Account Name: SYSTEM Privileges: SeBackupPrivilege SeRestorePrivilege.,0,Benign
2026-02-26 08:06:47,4625,11,2653,An account failed to log on. Subject: Security ID: S-1-0-0 Account Name: - Account Domain: - Logon Type: 3.,0,Benign
2026-03-01 10:28:02,4625,5,819,An account failed to log on. Logon Type: 10 Remote Desktop Services.,0,Benign
2026-02-23 00:58:50,4624,12,7456,An account was successfully logged on. Subject: Security ID: S-1-5-18 Account Name: SYSTEM Account Domain: NT AUTHORITY Logon ID: 0x3E7 Logon Type: 5.,0,Benign
2026-02-23 11:40:07,4625,10,7156,An account failed to log on. Subject: Security ID: S-1-0-0 Account Name: - Account Domain: - Logon Type: 3.,0,Benign
2026-02-27 16:00:58,4624,9,9450,An account was successfully logged on. Logon Type: 2 Interactive.,0,Benign
2026-02-23 14:25:15,4688,3,1951,A new process has been created. New Process Name: C:\Program Files\Google\Chrome\chrome.exe Command Line: chrome.exe --type=renderer.,0,Benign
2026-02-25 22:50:35,4625,3,593,An account failed to log on. Failure Reason: Unknown user name or bad password. Status: 0xC000006D Sub Status: 0xC000006A.,0,Benign
2026-02-27 10:21:12,4625,8,4665,An account failed to log on. Failure Reason: Unknown user name or bad password. Status: 0xC000006D Sub Status: 0xC000006A.,0,Benign
2026-02-28 02:07:30,1102,5,2345,The audit log was cleared. Account Name: administrator.,1,T1070
2026-02-23 20:43:40,4624,9,7186,An account was successfully logged on. New Logon: Account Name: jdoe Account Domain: CORP Logon ID: 0x1A2B3C.,0,Benign
2026-02-24 23:23:35,4672,11,4127,Special privileges assigned to new logon. Subject: Security ID: S-1-5-21-1234567890 Account Name: Administrator Privileges: SeDebugPrivilege.,0,Benign
2026-02-25 14:11:52,4634,7,8119,An account was logged off. Logon Type: 3.,0,Benign
2026-02-26 20:04:54,4648,12,3028,A logon was attempted using explicit credentials. Target Server: localhost Target User: admin.,0,Benign
2026-02-27 12:18:18,4688,11,7920,A new process has been created. New Process Name: C:\Program Files\Google\Chrome\chrome.exe Command Line: chrome.exe --type=renderer.,0,Benign
2026-02-27 04:26:07,4688,11,2826,A new process has been created. New Process Name: C:\Windows\System32\notepad.exe.,0,Benign
2026-02-25 12:51:32,4688,12,2441,A new process has been created. New Process Name: C:\Windows\System32\cmd.exe Command Line: cmd.exe /c dir.,0,Benign
2026-02-27 17:25:20,4624,12,8412,An account was successfully logged on. Logon Type: 2 Interactive.,0,Benign
2026-02-24 09:32:09,4624,3,9106,An account was successfully logged on. Logon Type: 10 Remote Desktop Services.,0,Benign
2026-02-28 08:41:41,4624,7,6077,An account was successfully logged on. Logon Type: 10 Remote Desktop Services.,0,Benign
2026-03-01 12:22:10,4672,11,424,Special privileges assigned to new logon. Account Name: SYSTEM Privileges: SeBackupPrivilege SeRestorePrivilege.,0,Benign
2026-02-26 09:23:03,4634,5,4314,An account was logged off. Subject: Security ID: S-1-5-21-1234567890 Account Name: jdoe.,0,Benign
2026-02-25 10:42:26,4624,2,4380,An account was successfully logged on. New Logon: Account Name: jdoe Account Domain: CORP Logon ID: 0x1A2B3C.,0,Benign
2026-03-01 10:00:04,4625,9,9451,An account failed to log on. Failure Reason: Account locked out.,1,Benign
2026-02-23 16:02:21,4625,10,4055,An account failed to log on. Subject: Security ID: S-1-0-0 Account Name: - Account Domain: - Logon Type: 3.,0,Benign
2026-02-28 08:27:19,4688,5,8440,A new process has been created. New Process Name: C:\Windows\System32\cmd.exe Command Line: cmd.exe /c dir.,0,Benign
2026-02-28 12:18:46,4625,5,7166,An account failed to log on. Failure Reason: Unknown user name or bad password. Status: 0xC000006D Sub Status: 0xC000006A.,0,Benign
2026-03-01 15:17:35,4625,12,5957,An account failed to log on. Failure Reason: Account locked out.,0,Benign
2026-02-26 01:34:33,4624,10,3160,An account was successfully logged on. Logon Type: 10 Remote Desktop Services.,0,Benign
2026-03-01 10:33:05,4648,5,7794,A logon was attempted using explicit credentials. Target Server: DC01 Target User: backup_svc.,0,Benign
2026-02-24 12:07:35,4624,10,5415,An account was successfully logged on. Subject: Security ID: S-1-5-18 Account Name: SYSTEM Account Domain: NT AUTHORITY Logon ID: 0x3E7 Logon Type: 5.,0,Benign
2026-02-23 08:02:47,4634,7,448,An account was logged off. Logon Type: 2 Interactive.,0,Benign
2026-02-24 15:47:07,4625,12,9868,An account failed to log on. Failure Reason: Unknown user name or bad password. Status: 0xC000006D Sub Status: 0xC000006A.,0,Benign
2026-02-27 11:07:20,4634,12,5178,An account was logged off. Logon Type: 2 Interactive.,0,Benign
2026-02-26 12:37:42,4634,8,2700,An account was logged off. Logon Type: 2 Interactive.,0,Benign
2026-03-01 03:33:50,4634,5,8699,An account was logged off. Subject: Security ID: S-1-5-21-1234567890 Account Name: jdoe.,0,Benign
2026-02-23 13:41:30,4672,8,6947,Special privileges assigned to new logon. Account Name: SYSTEM Privileges: SeBackupPrivilege SeRestorePrivilege.,0,Benign
2026-02-23 19:51:00,4624,9,4687,An account was successfully logged on. New Logon: Account Name: jdoe Account Domain: CORP Logon ID: 0x1A2B3C.,0,Benign
2026-02-24 08:07:01,4720,2,6188,A user account was created. New Account Name: svc_backup New Account Domain: CORP.,0,Benign
2026-02-28 09:35:25,4688,2,6593,A new process has been created. New Process Name: C:\Windows\System32\notepad.exe.,0,Benign
2026-03-01 15:47:03,4624,10,4774,An account was successfully logged on. Subject: Security ID: S-1-5-21-1234567890 Account Name: Administrator Account Domain: CORP Logon Type: 3.,0,Benign
2026-02-23 09:02:04,4672,11,5725,Special privileges assigned to new logon. Subject: Security ID: S-1-5-21-1234567890 Account Name: Administrator Privileges: SeDebugPrivilege.,0,Benign
2026-02-25 15:16:26,4624,10,9832,An account was successfully logged on. Subject: Security ID: S-1-5-21-1234567890 Account Name: Administrator Account Domain: CORP Logon Type: 3.,0,Benign
2026-02-25 09:49:12,4634,5,4279,An account was logged off. Subject: Security ID: S-1-5-21-1234567890 Account Name: jdoe.,0,Benign
2026-02-23 12:01:54,4634,7,3708,An account was logged off. Logon Type: 2 Interactive.,1,Benign
2026-03-01 16:27:35,4625,11,9614,An account failed to log on. Failure Reason: Unknown user name or bad password. Status: 0xC000006D Sub Status: 0xC000006A.,0,Benign
2026-02-26 17:36:33,4624,2,6120,An account was successfully logged on. Subject: Security ID: S-1-5-21-1234567890 Account Name: Administrator Account Domain: CORP Logon Type: 3.,0,Benign
2026-02-27 10:10:08,4625,5,769,An account failed to log on. Subject: Security ID: S-1-0-0 Account Name: - Account Domain: - Logon Type: 3.,0,Benign
2026-02-28 12:46:57,4625,2,2752,An account failed to log on. Logon Type: 10 Remote Desktop Services.,0,Benign
2026-02-26 11:38:55,4688,7,1464,A new process has been created. New Process Name: C:\Windows\System32\taskhostw.exe.,0,Benign
2026-02-27 15:47:33,4624,5,5240,An account was successfully logged on. Subject: Security ID: S-1-5-21-1234567890 Account Name: Administrator Account Domain: CORP Logon Type: 3.,0,Benign
2026-02-24 15:19:12,4624,9,8393,An account was successfully logged on. Logon Type: 10 Remote Desktop Services.,0,Benign
2026-02-24 10:51:33,4624,12,4263,An account was successfully logged on. Subject: Security ID: S-1-5-18 Account Name: SYSTEM Account Domain: NT AUTHORITY Logon ID: 0x3E7 Logon Type: 5.,0,Benign
2026-03-01 17:35:38,4624,12,5593,An account was successfully logged on. Subject: Security ID: S-1-5-18 Account Name: SYSTEM Account Domain: NT AUTHORITY Logon ID: 0x3E7 Logon Type: 5.,0,Benign
2026-02-24 10:55:49,4688,11,3019,A new process has been created. New Process Name: C:\Windows\System32\taskhostw.exe.,0,Benign
2026-02-24 17:41:26,4672,11,6256,Special privileges assigned to new logon. Account Name: SYSTEM Privileges: SeBackupPrivilege SeRestorePrivilege.,0,Benign
2026-02-24 05:57:31,4732,8,4486,A member was added to a security-enabled local group. Member Name: backdoor Group Name: Administrators.,1,T1078
2026-02-23 16:18:22,4625,5,9556,An account failed to log on. Account Name: administrator Source Network Address: 192.168.1.50.,0,Benign
2026-02-24 16:27:12,4648,3,4026,A logon was attempted using explicit credentials. Target Server: DC01 Target User: backup_svc.,0,Benign
2026-02-24 08:41:56,4634,7,1589,An account was logged off. Subject: Security ID: S-1-5-21-1234567890 Account Name: jdoe.,0,Benign
2026-02-27 08:07:54,4624,8,6155,An account was successfully logged on. Subject: Security ID: S-1-5-18 Account Name: SYSTEM Account Domain: NT AUTHORITY Logon ID: 0x3E7 Logon Type: 5.,0,Benign
2026-02-24 08:21:48,4624,5,2095,An account was successfully logged on. Subject: Security ID: S-1-5-18 Account Name: SYSTEM Account Domain: NT AUTHORITY Logon ID: 0x3E7 Logon Type: 5.,0,Benign
2026-02-26 02:10:09,4624,8,5036,An account was successfully logged on. New Logon: Account Name: jdoe Account Domain: CORP Logon ID: 0x1A2B3C.,0,Benign
2026-02-26 10:56:05,4624,11,4942,An account was successfully logged on. Logon Type: 2 Interactive.,0,Benign
2026-02-26 22:36:36,4624,7,4753,An account was successfully logged on. New Logon: Account Name: jdoe Account Domain: CORP Logon ID: 0x1A2B3C.,0,Benign
2026-02-24 10:34:12,4672,3,5501,Special privileges assigned to new logon. Subject: Security ID: S-1-5-18 Privileges: SeAssignPrimaryTokenPrivilege SeTcbPrivilege SeSecurityPrivilege.,0,Benign
2026-02-25 16:03:20,4624,10,4048,An account was successfully logged on. Subject: Security ID: S-1-5-21-1234567890 Account Name: Administrator Account Domain: CORP Logon Type: 3.,0,Benign
2026-02-23 13:40:06,4624,5,525,An account was successfully logged on. New Logon: Account Name: jdoe Account Domain: CORP Logon ID: 0x1A2B3C.,0,Benign
2026-02-25 10:17:56,4625,5,7637,An account failed to log on. Logon Type: 10 Remote Desktop Services.,0,Benign
2026-02-26 15:05:22,4634,3,8945,An account was logged off. Logon Type: 3.,0,Benign
2026-02-25 13:36:05,4648,2,4345,A logon was attempted using explicit credentials. Target Server: localhost Target User: admin.,0,Benign
2026-02-26 05:04:56,4720,5,8483,A user account was created. New Account Name: svc_backup New Account Domain: CORP.,0,Benign
2026-02-26 15:55:27,4634,11,3073,An account was logged off. Subject: Security ID: S-1-5-21-1234567890 Account Name: jdoe.,0,Benign
2026-02-27 12:05:38,4624,5,9024,An account was successfully logged on. Subject: Security ID: S-1-5-18 Account Name: SYSTEM Account Domain: NT AUTHORITY Logon ID: 0x3E7 Logon Type: 5.,0,Benign
2026-02-24 00:11:19,4624,7,8409,An account was successfully logged on. New Logon: Account Name: jdoe Account Domain: CORP Logon ID: 0x1A2B3C.,0,Benign
2026-02-23 12:43:14,4688,5,6194,A new process has been created. New Process Name: C:\Windows\System32\notepad.exe.,0,Benign
2026-02-27 13:43:53,4688,10,5238,A new process has been created. New Process Name: C:\Program Files\Google\Chrome\chrome.exe Command Line: chrome.exe --type=renderer.,0,Benign
2026-03-01 15:30:33,4648,2,3593,A logon was attempted using explicit credentials. Target Server: DC01 Target User: backup_svc.,0,Benign
2026-02-27 11:52:14,4625,3,344,An account failed to log on. Failure Reason: Account locked out.,0,Benign
2026-03-01 05:44:15,4634,2,9360,An account was logged off. Logon Type: 2 Interactive.,0,Benign
2026-02-24 11:05:51,4648,5,2939,A logon was attempted using explicit credentials. Process: C:\Windows\System32\runas.exe.,0,Benign
2026-02-23 10:53:17,4624,12,2139,An account was successfully logged on. Logon Type: 2 Interactive.,0,Benign
2026-03-01 15:57:18,4624,7,2205,An account was successfully logged on. Subject: Security ID: S-1-5-21-1234567890 Account Name: Administrator Account Domain: CORP Logon Type: 3.,0,Benign
2026-02-23 10:45:41,4648,2,8316,A logon was attempted using explicit credentials. Process: C:\Windows\System32\runas.exe.,0,Benign
2026-02-26 20:03:58,4688,5,2382,A new process has been created. New Process Name: C:\Windows\System32\notepad.exe.,0,Benign
2026-02-25 08:24:09,4624,9,6962,An account was successfully logged on. Subject: Security ID: S-1-5-21-1234567890 Account Name: Administrator Account Domain: CORP Logon Type: 3.,0,Benign
2026-02-28 14:18:26,4688,2,5777,A new process has been created. New Process Name: C:\Windows\System32\svchost.exe Creator Process Name: C:\Windows\System32\services.exe.,0,Benign
2026-02-24 15:41:31,4688,7,117,A new process has been created. New Process Name: C:\Windows\System32\taskhostw.exe.,0,Benign
2026-02-24 14:43:32,4624,5,991,An account was successfully logged on. Subject: Security ID: S-1-5-18 Account Name: SYSTEM Account Domain: NT AUTHORITY Logon ID: 0x3E7 Logon Type: 5.,0,Benign
2026-02-26 17:56:19,4625,10,6959,An account failed to log on. Failure Reason: Account locked out.,0,Benign
2026-03-01 13:45:02,4624,3,1195,An account was successfully logged on. Logon Type: 2 Interactive.,0,Benign
2026-02-26 15:19:36,4688,2,9856,A new process has been created. New Process Name: C:\Windows\System32\cmd.exe Command Line: cmd.exe /c dir.,0,Benign
2026-02-25 09:09:41,4648,8,4923,A logon was attempted using explicit credentials. Target Server: DC01 Target User: backup_svc.,0,Benign
2026-02-26 16:21:13,4624,2,148,An account was successfully logged on. Subject: Security ID: S-1-5-18 Account Name: SYSTEM Account Domain: NT AUTHORITY Logon ID: 0x3E7 Logon Type: 5.,0,Benign
2026-02-24 10:23:35,4625,2,3818,An account failed to log on. Failure Reason: Account locked out.,0,Benign
2026-02-25 09:59:18,4624,2,4918,An account was successfully logged on. Logon Type: 10 Remote Desktop Services.,0,Benign
2026-03-01 09:55:02,4720,9,2581,A user account was created. New Account Name: test_account.,0,Benign
2026-02-27 08:00:27,4624,11,9056,An account was successfully logged on. Subject: Security ID: S-1-5-18 Account Name: SYSTEM Account Domain: NT AUTHORITY Logon ID: 0x3E7 Logon Type: 5.,0,Benign
2026-02-25 10:02:34,4624,10,2199,An account was successfully logged on. Logon Type: 10 Remote Desktop Services.,0,Benign
2026-02-25 09:25:59,4624,5,2029,An account was successfully logged on. Subject: Security ID: S-1-5-18 Account Name: SYSTEM Account Domain: NT AUTHORITY Logon ID: 0x3E7 Logon Type: 5.,0,Benign
2026-02-23 17:32:09,4634,7,8786,An account was logged off. Logon Type: 3.,0,Benign
2026-02-23 08:12:41,4720,12,8231,A user account was created. New Account Name: svc_backup New Account Domain: CORP.,0,Benign
2026-02-26 16:41:37,4624,9,1595,An account was successfully logged on. Logon Type: 2 Interactive.,0,Benign
2026-02-28 16:43:06,4624,8,8976,An account was successfully logged on. New Logon: Account Name: jdoe Account Domain: CORP Logon ID: 0x1A2B3C.,0,Benign
2026-03-01 05:24:00,4688,5,6485,A new process has been created. New Process Name: C:\Windows\System32\notepad.exe.,0,Benign
2026-02-24 11:48:45,4624,5,6407,An account was successfully logged on. Logon Type: 2 Interactive.,0,Benign
2026-02-27 17:42:56,4625,5,5471,An account failed to log on. Failure Reason: Account locked out.,0,Benign
2026-02-25 08:33:20,4624,5,8679,An account was successfully logged on. Subject: Security ID: S-1-5-18 Account Name: SYSTEM Account Domain: NT AUTHORITY Logon ID: 0x3E7 Logon Type: 5.,0,Benign
2026-02-27 08:52:48,4688,2,3030,A new process has been created. New Process Name: C:\Windows\System32\notepad.exe.,0,Benign
2026-02-28 22:27:58,4624,5,207,An account was successfully logged on. Logon Type: 10 Remote Desktop Services.,0,Benign
2026-02-27 17:34:12,4688,5,198,A new process has been created. New Process Name: C:\Windows\System32\notepad.exe.,0,Benign
2026-02-23 09:48:12,4634,8,1430,An account was logged off. Logon Type: 3.,0,Benign
2026-02-24 18:42:40,1102,12,4832,The audit log was cleared. Subject: Security ID: S-1-5-21-9876543210 Account Name: attacker.,1,T1070
2026-02-28 10:20:46,4648,8,8374,A logon was attempted using explicit credentials. Target Server: localhost Target User: admin.,0,Benign
2026-02-23 10:54:49,4648,10,9475,A logon was attempted using explicit credentials. Process: C:\Windows\System32\runas.exe.,0,Benign
2026-02-27 16:42:46,4624,9,2199,An account was successfully logged on. Logon Type: 2 Interactive.,0,Benign
2026-02-24 15:31:06,4634,12,5722,An account was logged off. Logon Type: 2 Interactive.,0,Benign
2026-02-27 09:48:13,4624,11,5862,An account was successfully logged on. Logon Type: 2 Interactive.,0,Benign
2026-02-23 13:31:39,4624,3,9881,An account was successfully logged on. Subject: Security ID: S-1-5-21-1234567890 Account Name: Administrator Account Domain: CORP Logon Type: 3.,0,Benign
2026-02-23 17:22:55,4625,9,8051,An account failed to log on. Logon Type: 10 Remote Desktop Services.,0,Benign
2026-03-01 16:49:47,4624,3,2226,An account was successfully logged on. Logon Type: 2 Interactive.,0,Benign
2026-02-28 11:54:55,4624,5,3271,An account was successfully logged on. Subject: Security ID: S-1-5-21-1234567890 Account Name: Administrator Account Domain: CORP Logon Type: 3.,0,Benign
2026-02-23 20:38:09,4624,3,9075,An account was successfully logged on. Subject: Security ID: S-1-5-21-1234567890 Account Name: Administrator Account Domain: CORP Logon Type: 3.,0,Benign
2026-02-28 17:59:08,4648,9,1530,A logon was attempted using explicit credentials. Target Server: localhost Target User: admin.,0,Benign
2026-02-28 10:30:03,4624,7,3467,An account was successfully logged on. Logon Type: 10 Remote Desktop Services.,0,Benign
2026-02-26 17:09:08,4624,12,7958,An account was successfully logged on. Subject: Security ID: S-1-5-18 Account Name: SYSTEM Account Domain: NT AUTHORITY Logon ID: 0x3E7 Logon Type: 5.,0,Benign
2026-02-26 17:46:54,4625,3,9503,An account failed to log on. Account Name: administrator Source Network Address: 192.168.1.50.,0,Benign
2026-02-28 08:07:57,4624,12,1560,An account was successfully logged on. Logon Type: 2 Interactive.,0,Benign
2026-02-28 12:46:02,4624,10,1354,An account was successfully logged on. Logon Type: 2 Interactive.,0,Benign
2026-02-27 09:40:17,4625,5,1275,An account failed to log on. Account Name: administrator Source Network Address: 192.168.1.50.,0,Benign
2026-02-24 17:01:29,4624,7,8373,An account was successfully logged on. Logon Type: 2 Interactive.,0,Benign
2026-02-25 16:30:56,4648,5,2388,A logon was attempted using explicit credentials. Target Server: DC01 Target User: backup_svc.,0,Benign
2026-02-23 08:50:13,4624,9,6535,An account was successfully logged on. Logon Type: 2 Interactive.,0,Benign
2026-02-23 13:27:10,4634,8,2039,An account was logged off. Subject: Security ID: S-1-5-21-1234567890 Account Name: jdoe.,0,Benign
2026-03-01 12:03:35,4625,5,8926,An account failed to log on. Failure Reason: Unknown user name or bad password. Status: 0xC000006D Sub Status: 0xC000006A.,0,Benign
2026-02-24 11:17:48,4624,7,3876,An account was successfully logged on. Logon Type: 10 Remote Desktop Services.,0,Benign
2026-02-24 08:58:22,4624,9,6925,An account was successfully logged on. Subject: Security ID: S-1-5-21-1234567890 Account Name: Administrator Account Domain: CORP Logon Type: 3.,0,Benign
2026-02-23 11:46:24,4624,5,2437,An account was successfully logged on. Subject: Security ID: S-1-5-21-1234567890 Account Name: Administrator Account Domain: CORP Logon Type: 3.,0,Benign
2026-03-01 16:39:17,4624,10,5430,An account was successfully logged on. New Logon: Account Name: jdoe Account Domain: CORP Logon ID: 0x1A2B3C.,0,Benign
2026-02-28 09:58:42,4624,2,8556,An account was successfully logged on. Logon Type: 10 Remote Desktop Services.,0,Benign
2026-02-28 17:51:29,4624,11,1117,An account was successfully logged on. Subject: Security ID: S-1-5-21-1234567890 Account Name: Administrator Account Domain: CORP Logon Type: 3.,0,Benign
2026-02-25 15:56:49,4624,9,4516,An account was successfully logged on. Logon Type: 2 Interactive.,0,Benign
2026-02-27 16:04:52,4634,5,1164,An account was logged off. Subject: Security ID: S-1-5-21-1234567890 Account Name: jdoe.,0,Benign
2026-02-27 08:22:35,4624,12,8647,An account was successfully logged on. Subject: Security ID: S-1-5-18 Account Name: SYSTEM Account Domain: NT AUTHORITY Logon ID: 0x3E7 Logon Type: 5.,0,Benign
2026-02-23 16:57:43,4688,2,2254,A new process has been created. New Process Name: C:\Windows\System32\svchost.exe Creator Process Name: C:\Windows\System32\services.exe.,0,Benign
2026-02-23 13:05:11,4720,12,9173,A user account was created. New Account Name: test_account.,0,Benign
2026-02-24 11:01:39,4624,2,3449,An account was successfully logged on. Logon Type: 10 Remote Desktop Services.,0,Benign
2026-02-25 12:42:33,4624,2,7698,An account was successfully logged on. New Logon: Account Name: jdoe Account Domain: CORP Logon ID: 0x1A2B3C.,0,Benign
2026-02-26 16:27:41,4648,5,6423,A logon was attempted using explicit credentials. Process: C:\Windows\System32\runas.exe.,0,Benign
2026-02-26 16:17:45,4625,10,4122,An account failed to log on. Subject: Security ID: S-1-0-0 Account Name: - Account Domain: - Logon Type: 3.,0,Benign
2026-02-26 12:13:09,4720,11,6398,A user account was created. New Account Name: tempuser New Account Domain: CORP.,0,Benign
2026-02-26 17:40:09,4688,12,397,A new process has been created. New Process Name: C:\Windows\System32\notepad.exe.,0,Benign
2026-02-27 09:50:42,4624,3,1609,An account was successfully logged on. Subject: Security ID: S-1-5-18 Account Name: SYSTEM Account Domain: NT AUTHORITY Logon ID: 0x3E7 Logon Type: 5.,0,Benign
2026-02-24 10:25:52,4624,8,3143,An account was successfully logged on. Logon Type: 10 Remote Desktop Services.,0,Benign
2026-02-23 16:32:19,4688,11,2540,A new process has been created. New Process Name: C:\Windows\System32\cmd.exe Command Line: cmd.exe /c dir.,0,Benign
2026-03-01 12:11:44,4624,5,8192,An account was successfully logged on. Logon Type: 10 Remote Desktop Services.,0,Benign
2026-03-01 17:27:43,4688,12,7466,A new process has been created. New Process Name: C:\Program Files\Google\Chrome\chrome.exe Command Line: chrome.exe --type=renderer.,0,Benign
2026-02-28 16:36:52,4688,12,1826,A new process has been created. New Process Name: C:\Windows\System32\taskhostw.exe.,0,Benign
2026-02-23 06:05:35,4624,10,4371,An account was successfully logged on. Logon Type: 10 Remote Desktop Services.,0,Benign
2026-02-28 03:07:49,4624,7,8967,An account was successfully logged on. Logon Type: 10 Remote Desktop Services.,0,Benign
2026-02-28 15:13:12,4672,7,4272,Special privileges assigned to new logon. Subject: Security ID: S-1-5-21-1234567890 Account Name: Administrator Privileges: SeDebugPrivilege.,0,Benign
2026-02-27 08:57:11,4624,8,871,An account was successfully logged on. Logon Type: 2 Interactive.,0,Benign
2026-02-28 16:29:19,4624,2,4077,An account was successfully logged on. Subject: Security ID: S-1-5-21-1234567890 Account Name: Administrator Account Domain: CORP Logon Type: 3.,0,Benign
2026-02-26 09:06:36,4688,7,1088,A new process has been created. New Process Name: C:\Windows\System32\taskhostw.exe.,0,Benign
2026-02-24 12:27:40,4625,10,3159,An account failed to log on. Failure Reason: Account locked out.,0,Benign
2026-02-28 11:54:23,4624,8,9449,An account was successfully logged on. Subject: Security ID: S-1-5-21-1234567890 Account Name: Administrator Account Domain: CORP Logon Type: 3.,0,Benign
2026-02-27 00:00:17,4688,7,1709,A new process has been created. New Process Name: C:\Program Files\Google\Chrome\chrome.exe Command Line: chrome.exe --type=renderer.,0,Benign
2026-02-25 08:20:16,4624,12,9073,An account was successfully logged on. Subject: Security ID: S-1-5-18 Account Name: SYSTEM Account Domain: NT AUTHORITY Logon ID: 0x3E7 Logon Type: 5.,0,Benign
2026-02-26 13:45:34,4625,11,1943,An account failed to log on. Failure Reason: Unknown user name or bad password. Status: 0xC000006D Sub Status: 0xC000006A.,0,Benign
2026-02-24 13:20:19,4672,9,6619,Special privileges assigned to new logon. Subject: Security ID: S-1-5-21-1234567890 Account Name: Administrator Privileges: SeDebugPrivilege.,0,Benign
2026-02-27 13:48:44,4625,8,1314,An account failed to log on. Failure Reason: Account locked out.,0,Benign
2026-02-26 15:02:36,4634,5,3789,An account was logged off. Logon Type: 2 Interactive.,0,Benign
2026-02-26 13:40:21,4634,7,2178,An account was logged off. Logon Type: 3.,0,Benign
2026-02-25 17:33:26,4624,3,6653,An account was successfully logged on. Subject: Security ID: S-1-5-21-1234567890 Account Name: Administrator Account Domain: CORP Logon Type: 3.,0,Benign
2026-02-25 21:23:35,4624,9,2799,An account was successfully logged on. Logon Type: 2 Interactive.,0,Benign
2026-02-24 10:47:40,4625,2,3219,An account failed to log on. Logon Type: 10 Remote Desktop Services.,0,Benign
2026-02-24 14:50:28,4624,11,3623,An account was successfully logged on. Logon Type: 2 Interactive.,0,Benign
2026-02-27 20:49:21,4624,11,6517,An account was successfully logged on. Subject: Security ID: S-1-5-18 Account Name: SYSTEM Account Domain: NT AUTHORITY Logon ID: 0x3E7 Logon Type: 5.,0,Benign
2026-02-28 17:16:54,4624,7,5805,An account was successfully logged on. New Logon: Account Name: jdoe Account Domain: CORP Logon ID: 0x1A2B3C.,0,Benign
2026-02-24 10:45:58,4625,5,3033,An account failed to log on. Subject: Security ID: S-1-0-0 Account Name: - Account Domain: - Logon Type: 3.,0,Benign
2026-02-27 11:53:20,4732,12,1956,A user account was created. New Account Name: svc_temp.,1,T1078
2026-02-24 17:16:22,4688,11,5862,A new process has been created. New Process Name: C:\Windows\System32\svchost.exe Creator Process Name: C:\Windows\System32\services.exe.,0,Benign
2026-02-25 07:23:53,4672,12,9864,Special privileges assigned to new logon. Subject: Security ID: S-1-5-21-9876543210 Account Name: attacker.,1,T1003
2026-02-25 12:55:49,4624,12,6016,An account was successfully logged on. Subject: Security ID: S-1-5-18 Account Name: SYSTEM Account Domain: NT AUTHORITY Logon ID: 0x3E7 Logon Type: 5.,0,Benign
2026-02-23 13:08:36,4624,5,6520,An account was successfully logged on. Subject: Security ID: S-1-5-21-1234567890 Account Name: Administrator Account Domain: CORP Logon Type: 3.,0,Benign
2026-02-23 14:49:17,4625,12,5309,An account failed to log on. Subject: Security ID: S-1-0-0 Account Name: - Account Domain: - Logon Type: 3.,0,Benign
2026-02-26 02:35:44,4648,12,9568,An account failed to log on. Source Network Address: 10.0.0.99.,1,T1046
2026-02-25 14:56:32,4624,2,2307,An account was successfully logged on. New Logon: Account Name: jdoe Account Domain: CORP Logon ID: 0x1A2B3C.,0,Benign
2026-02-25 12:15:55,4625,7,9108,An account failed to log on. Subject: Security ID: S-1-0-0 Account Name: - Account Domain: - Logon Type: 3.,1,Benign
2026-02-23 12:35:32,4625,9,9817,An account failed to log on. Failure Reason: Unknown user name or bad password. Status: 0xC000006D Sub Status: 0xC000006A.,0,Benign
2026-02-25 12:27:29,4624,2,8924,An account was successfully logged on. Subject: Security ID: S-1-5-21-1234567890 Account Name: Administrator Account Domain: CORP Logon Type: 3.,0,Benign
2026-03-01 13:37:25,4672,9,1018,Special privileges assigned to new logon. Subject: Security ID: S-1-5-18 Privileges: SeAssignPrimaryTokenPrivilege SeTcbPrivilege SeSecurityPrivilege.,0,Benign
2026-02-25 01:40:04,4624,7,8589,An account was successfully logged on. Subject: Security ID: S-1-5-18 Account Name: SYSTEM Account Domain: NT AUTHORITY Logon ID: 0x3E7 Logon Type: 5.,0,Benign
2026-02-24 14:03:38,4732,12,7082,A user account was created. New Account Name: backdoor New Account Domain: CORP.,1,T1078
2026-02-24 15:12:05,4688,2,9216,A new process has been created. New Process Name: C:\Program Files\Google\Chrome\chrome.exe Command Line: chrome.exe --type=renderer.,0,Benign
2026-02-28 08:07:09,4732,12,3475,A member was added to a security-enabled local group. Member Name: jdoe Group Name: Remote Desktop Users.,0,Benign
2026-02-27 10:06:34,4672,8,3261,Special privileges assigned to new logon. Account Name: SYSTEM Privileges: SeBackupPrivilege SeRestorePrivilege.,0,Benign
2026-02-23 16:30:44,4625,9,1551,An account failed to log on. Failure Reason: Account locked out.,0,Benign
2026-02-27 23:28:38,4624,8,9258,An account was successfully logged on. New Logon: Account Name: jdoe Account Domain: CORP Logon ID: 0x1A2B3C.,1,Benign
2026-03-01 02:28:25,4624,11,9747,An account was successfully logged on. Logon Type: 10 Remote Desktop Services.,0,Benign
2026-02-23 19:27:20,4624,5,9038,An account was successfully logged on. New Logon: Account Name: jdoe Account Domain: CORP Logon ID: 0x1A2B3C.,0,Benign
2026-02-24 16:32:20,4634,8,7864,An account was logged off. Subject: Security ID: S-1-5-21-1234567890 Account Name: jdoe.,0,Benign
2026-02-27 10:24:51,4625,12,2460,An account failed to log on. Failure Reason: Unknown user name or bad password. Status: 0xC000006D Sub Status: 0xC000006A.,0,Benign
2026-02-26 08:36:16,4624,12,6392,An account was successfully logged on. Subject: Security ID: S-1-5-21-1234567890 Account Name: Administrator Account Domain: CORP Logon Type: 3.,0,Benign
2026-02-26 12:22:43,4688,12,2877,A new process has been created. New Process Name: C:\Windows\System32\notepad.exe.,0,Benign
2026-02-23 08:25:40,4648,7,2334,A logon was attempted using explicit credentials. Process: C:\Windows\System32\runas.exe.,0,Benign
2026-03-01 12:59:20,4625,12,3367,An account failed to log on. Logon Type: 10 Remote Desktop Services.,0,Benign
2026-02-24 20:14:06,4634,10,7001,An account was logged off. Logon Type: 3.,0,Benign
2026-02-28 13:13:28,4625,9,6002,An account failed to log on. Account Name: administrator Source Network Address: 192.168.1.50.,0,Benign
2026-02-27 20:44:19,4634,7,4851,An account was logged off. Logon Type: 3.,0,Benign
2026-03-01 12:48:44,4688,2,2968,A new process has been created. New Process Name: C:\Windows\System32\cmd.exe Command Line: cmd.exe /c dir.,0,Benign
2026-02-23 08:45:56,4624,10,2840,An account was successfully logged on. Subject: Security ID: S-1-5-21-1234567890 Account Name: Administrator Account Domain: CORP Logon Type: 3.,0,Benign
2026-02-25 07:08:01,4688,11,9752,A new process has been created. New Process Name: C:\Temp\procdump.exe.,1,T1003
2026-02-28 15:14:06,4624,7,2291,An account was successfully logged on. Logon Type: 10 Remote Desktop Services.,0,Benign
2026-02-27 15:18:35,4688,9,6062,A new process has been created. New Process Name: C:\Windows\System32\notepad.exe.,0,Benign
2026-02-24 10:00:06,4672,5,3522,Special privileges assigned to new logon. Account Name: SYSTEM Privileges: SeBackupPrivilege SeRestorePrivilege.,0,Benign
2026-02-25 11:40:55,4625,9,1786,An account failed to log on. Account Name: administrator Source Network Address: 192.168.1.50.,0,Benign
2026-02-25 13:24:15,4624,2,9698,An account was successfully logged on. Subject: Security ID: S-1-5-21-1234567890 Account Name: Administrator Account Domain: CORP Logon Type: 3.,0,Benign
2026-02-23 07:02:28,4624,11,4931,An account was successfully logged on. Subject: Security ID: S-1-5-18 Account Name: SYSTEM Account Domain: NT AUTHORITY Logon ID: 0x3E7 Logon Type: 5.,0,Benign
2026-02-23 17:07:32,4624,12,7256,An account was successfully logged on. New Logon: Account Name: jdoe Account Domain: CORP Logon ID: 0x1A2B3C.,0,Benign
2026-02-25 14:09:07,4648,12,2736,A logon was attempted using explicit credentials. Target Server: localhost Target User: admin.,0,Benign
2026-02-28 12:03:29,4634,2,9837,An account was logged off. Subject: Security ID: S-1-5-21-1234567890 Account Name: jdoe.,0,Benign
2026-02-23 10:14:48,4688,8,1710,A new process has been created. New Process Name: C:\Windows\System32\taskhostw.exe.,0,Benign
2026-02-23 17:09:44,4634,11,3476,An account was logged off. Subject: Security ID: S-1-5-21-1234567890 Account Name: jdoe.,0,Benign
2026-02-24 23:59:13,4624,7,684,An account was successfully logged on. New Logon: Account Name: jdoe Account Domain: CORP Logon ID: 0x1A2B3C.,0,Benign
2026-02-24 12:06:01,4720,12,7065,A user account was created. New Account Name: svc_backup New Account Domain: CORP.,0,Benign
2026-02-23 17:12:30,4624,7,4793,An account was successfully logged on. Subject: Security ID: S-1-5-18 Account Name: SYSTEM Account Domain: NT AUTHORITY Logon ID: 0x3E7 Logon Type: 5.,0,Benign
2026-02-26 11:20:17,4688,9,1211,A new process has been created. New Process Name: C:\Program Files\Google\Chrome\chrome.exe Command Line: chrome.exe --type=renderer.,0,Benign
2026-02-28 16:06:12,4732,7,1085,A member was added to a security-enabled local group. Member Name: tempuser Group Name: Administrators.,0,Benign
2026-02-26 09:42:43,4688,2,8955,A new process has been created. New Process Name: C:\Windows\System32\cmd.exe Command Line: cmd.exe /c dir.,0,Benign
2026-02-26 15:25:13,4625,10,7680,An account failed to log on. Failure Reason: Unknown user name or bad password. Status: 0xC000006D Sub Status: 0xC000006A.,0,Benign
2026-02-28 11:59:55,4634,2,9241,An account was logged off. Logon Type: 3.,0,Benign
2026-02-26 11:16:15,4624,2,6701,An account was successfully logged on. Logon Type: 10 Remote Desktop Services.,0,Benign
2026-02-23 17:31:52,4625,7,3359,An account failed to log on. Logon Type: 10 Remote Desktop Services.,0,Benign
2026-02-23 08:50:34,4648,12,2403,A logon was attempted using explicit credentials. Target Server: DC01 Target User: backup_svc.,0,Benign
2026-02-23 16:19:06,4672,2,4077,Special privileges assigned to new logon. Account Name: SYSTEM Privileges: SeBackupPrivilege SeRestorePrivilege.,0,Benign
2026-02-26 17:31:10,4624,12,5712,An account was successfully logged on. Logon Type: 10 Remote Desktop Services.,0,Benign
2026-03-01 17:12:57,4625,2,2516,An account failed to log on. Failure Reason: Account locked out.,0,Benign
2026-02-27 07:21:36,4624,10,3481,An account was successfully logged on. Subject: Security ID: S-1-5-18 Account Name: SYSTEM Account Domain: NT AUTHORITY Logon ID: 0x3E7 Logon Type: 5.,0,Benign
2026-02-26 21:00:17,4688,12,7069,A new process has been created. New Process Name: C:\Windows\System32\notepad.exe.,0,Benign
2026-03-01 13:43:14,4672,12,1760,Special privileges assigned to new logon. Account Name: SYSTEM Privileges: SeBackupPrivilege SeRestorePrivilege.,0,Benign
2026-02-27 11:21:21,4625,8,2383,An account failed to log on. Account Name: administrator Source Network Address: 192.168.1.50.,0,Benign
2026-02-26 14:34:05,4688,10,5811,A new process has been created. New Process Name: C:\Program Files\Google\Chrome\chrome.exe Command Line: chrome.exe --type=renderer.,0,Benign
2026-02-26 15:16:04,4648,12,1784,A logon was attempted using explicit credentials. Target Server: DC01 Target User: backup_svc.,0,Benign
2026-02-27 16:19:32,4672,10,6949,Special privileges assigned to new logon. Account Name: SYSTEM Privileges: SeBackupPrivilege SeRestorePrivilege.,0,Benign
2026-02-25 08:20:22,4648,12,1423,A logon was attempted using explicit credentials. Process: C:\Windows\System32\runas.exe.,0,Benign
2026-02-26 09:27:12,4625,9,1421,An account failed to log on. Subject: Security ID: S-1-0-0 Account Name: - Account Domain: - Logon Type: 3.,0,Benign
2026-03-01 12:19:43,4624,5,5174,An account was successfully logged on. Logon Type: 2 Interactive.,0,Benign
2026-02-25 14:09:35,4648,10,5493,A logon was attempted using explicit credentials. Process: C:\Windows\System32\runas.exe.,0,Benign
2026-02-26 10:48:17,4624,3,5064,An account was successfully logged on. Logon Type: 10 Remote Desktop Services.,0,Benign
2026-02-24 12:17:13,4625,3,436,An account failed to log on. Failure Reason: Unknown user name or bad password. Status: 0xC000006D Sub Status: 0xC000006A.,0,Benign
2026-02-25 04:03:49,4624,9,739,An account failed to log on. Source Network Address: 10.0.0.99.,1,T1046
2026-03-01 13:08:48,4624,12,1894,An account was successfully logged on. Logon Type: 2 Interactive.,0,Benign
2026-02-23 10:56:28,4624,9,8455,An account was successfully logged on. Logon Type: 10 Remote Desktop Services.,0,Benign
2026-02-26 03:51:25,4688,10,6403,A new process has been created. New Process Name: C:\Program Files\Google\Chrome\chrome.exe Command Line: chrome.exe --type=renderer.,0,Benign
2026-02-27 23:00:12,4688,2,168,A new process has been created. New Process Name: C:\Windows\System32\cmd.exe Command Line: cmd.exe /c dir.,0,Benign
2026-02-27 16:08:36,4672,2,4769,Special privileges assigned to new logon. Subject: Security ID: S-1-5-21-1234567890 Account Name: Administrator Privileges: SeDebugPrivilege.,0,Benign
2026-02-26 22:57:12,4625,11,8057,An account failed to log on. Failure Reason: Account locked out.,0,Benign
2026-02-24 13:16:33,4624,7,9901,An account was successfully logged on. Subject: Security ID: S-1-5-18 Account Name: SYSTEM Account Domain: NT AUTHORITY Logon ID: 0x3E7 Logon Type: 5.,0,Benign
2026-02-25 08:15:13,4624,2,3821,An account was successfully logged on. New Logon: Account Name: jdoe Account Domain: CORP Logon ID: 0x1A2B3C.,0,Benign
2026-02-27 08:44:26,4688,8,2455,A new process has been created. New Process Name: C:\Windows\System32\notepad.exe.,0,Benign
2026-02-23 15:23:01,4720,5,6874,A user account was created. New Account Name: tempuser New Account Domain: CORP.,0,Benign
2026-03-01 12:51:51,4625,7,6228,An account failed to log on. Failure Reason: Unknown user name or bad password. Status: 0xC000006D Sub Status: 0xC000006A.,0,Benign
2026-02-28 14:49:25,4648,9,820,A logon was attempted using explicit credentials. Target Server: localhost Target User: admin.,0,Benign
2026-03-01 08:03:18,4648,2,8908,A logon was attempted using explicit credentials. Process: C:\Windows\System32\runas.exe.,0,Benign
2026-02-24 17:40:06,4720,12,1143,A user account was created. New Account Name: svc_backup New Account Domain: CORP.,0,Benign
2026-03-01 16:08:25,4648,5,1722,A logon was attempted using explicit credentials. Target Server: DC01 Target User: backup_svc.,0,Benign
2026-02-25 04:24:57,4624,12,1378,An account was successfully logged on. Logon Type: 10 Remote Desktop Services.,0,Benign
2026-02-25 15:06:06,4624,12,7572,An account was successfully logged on. Subject: Security ID: S-1-5-21-1234567890 Account Name: Administrator Account Domain: CORP Logon Type: 3.,0,Benign
2026-02-25 17:44:35,4720,5,7155,A user account was created. New Account Name: tempuser New Account Domain: CORP.,0,Benign
2026-02-28 21:56:33,4648,5,7488,A logon was attempted using explicit credentials. Process: C:\Windows\System32\runas.exe.,0,Benign
2026-02-25 03:24:35,4688,11,2905,A new process has been created. New Process Name: C:\Windows\System32\notepad.exe.,0,Benign
2026-02-23 08:32:59,4624,7,3525,An account was successfully logged on. Logon Type: 10 Remote Desktop Services.,0,Benign
2026-02-24 04:36:15,4634,9,2091,An account was logged off. Subject: Security ID: S-1-5-21-1234567890 Account Name: jdoe.,0,Benign
2026-02-25 19:48:03,4634,12,2484,An account was logged off. Logon Type: 2 Interactive.,0,Benign
2026-03-01 09:57:59,4624,12,1263,An account was successfully logged on. Logon Type: 2 Interactive.,0,Benign
2026-02-28 14:08:19,4648,3,7320,A logon was attempted using explicit credentials. Process: C:\Windows\System32\runas.exe.,0,Benign
2026-02-23 12:18:26,4672,10,4826,Special privileges assigned to new logon. Subject: Security ID: S-1-5-21-1234567890 Account Name: Administrator Privileges: SeDebugPrivilege.,0,Benign
2026-02-26 12:17:43,4672,8,5276,Special privileges assigned to new logon. Subject: Security ID: S-1-5-18 Privileges: SeAssignPrimaryTokenPrivilege SeTcbPrivilege SeSecurityPrivilege.,0,Benign
2026-02-23 21:34:20,4624,7,2515,An account was successfully logged on. Subject: Security ID: S-1-5-21-1234567890 Account Name: Administrator Account Domain: CORP Logon Type: 3.,0,Benign
2026-02-27 11:00:16,4624,10,3453,An account was successfully logged on. Logon Type: 2 Interactive.,0,Benign
2026-02-26 07:34:08,4688,8,7214,A new process has been created. New Process Name: C:\Windows\System32\notepad.exe.,0,Benign
2026-02-28 07:33:11,4634,2,5344,An account was logged off. Subject: Security ID: S-1-5-21-1234567890 Account Name: jdoe.,0,Benign
2026-02-28 01:02:38,4688,9,3484,A new process has been created. New Process Name: C:\Windows\System32\svchost.exe Creator Process Name: C:\Windows\System32\services.exe.,0,Benign
2026-02-25 14:13:10,4624,7,6405,An account was successfully logged on. Subject: Security ID: S-1-5-21-1234567890 Account Name: Administrator Account Domain: CORP Logon Type: 3.,0,Benign
2026-02-26 16:59:04,4625,7,2791,An account failed to log on. Subject: Security ID: S-1-0-0 Account Name: - Account Domain: - Logon Type: 3.,0,Benign
2026-02-26 13:01:56,4688,9,4481,A new process has been created. New Process Name: C:\Program Files\Google\Chrome\chrome.exe Command Line: chrome.exe --type=renderer.,0,Benign
2026-02-24 09:49:23,4624,12,148,An account was successfully logged on. Logon Type: 2 Interactive.,0,Benign
2026-02-24 08:50:03,4624,7,818,An account was successfully logged on. New Logon: Account Name: jdoe Account Domain: CORP Logon ID: 0x1A2B3C.,0,Benign
2026-02-24 18:35:02,4624,12,5720,An account was successfully logged on. Logon Type: 10 Remote Desktop Services.,0,Benign
2026-02-25 17:12:17,4624,7,6528,An account was successfully logged on. New Logon: Account Name: jdoe Account Domain: CORP Logon ID: 0x1A2B3C.,0,Benign
2026-03-01 11:13:29,4624,2,9933,An account was successfully logged on. Logon Type: 10 Remote Desktop Services.,0,Benign
2026-02-27 15:33:22,4624,8,9473,An account was successfully logged on. Subject: Security ID: S-1-5-21-1234567890 Account Name: Administrator Account Domain: CORP Logon Type: 3.,0,Benign
2026-02-23 15:43:16,4688,5,5832,A new process has been created. New Process Name: C:\Windows\System32\svchost.exe Creator Process Name: C:\Windows\System32\services.exe.,0,Benign
2026-02-26 13:49:19,4624,7,5859,An account was successfully logged on. New Logon: Account Name: jdoe Account Domain: CORP Logon ID: 0x1A2B3C.,0,Benign
2026-03-01 11:17:15,4688,10,8976,A new process has been created. New Process Name: C:\Windows\System32\taskhostw.exe.,0,Benign
2026-02-28 15:47:01,4672,7,4566,Special privileges assigned to new logon. Subject: Security ID: S-1-5-18 Privileges: SeAssignPrimaryTokenPrivilege SeTcbPrivilege SeSecurityPrivilege.,0,Benign
2026-02-25 04:52:29,4624,5,2676,An account was successfully logged on. New Logon: Account Name: jdoe Account Domain: CORP Logon ID: 0x1A2B3C.,0,Benign
2026-02-24 15:20:35,4634,12,7631,An account was logged off. Subject: Security ID: S-1-5-21-1234567890 Account Name: jdoe.,0,Benign
2026-02-27 08:51:20,4624,9,9188,An account was successfully logged on. Logon Type: 10 Remote Desktop Services.,1,Benign
2026-02-23 14:44:44,4624,11,8194,An account was successfully logged on. Logon Type: 10 Remote Desktop Services.,0,Benign
2026-02-25 17:34:42,4624,12,6036,An account was successfully logged on. New Logon: Account Name: jdoe Account Domain: CORP Logon ID: 0x1A2B3C.,0,Benign
2026-03-01 17:54:01,4634,11,6851,An account was logged off. Logon Type: 3.,0,Benign
2026-02-23 16:11:31,4624,12,4380,An account was successfully logged on. Logon Type: 2 Interactive.,0,Benign
2026-02-25 15:12:46,4624,3,7849,An account was successfully logged on. Logon Type: 2 Interactive.,0,Benign
2026-02-26 12:32:53,4648,3,3074,A logon was attempted using explicit credentials. Process: C:\Windows\System32\runas.exe.,0,Benign
2026-02-28 15:28:56,4634,7,8737,An account was logged off. Logon Type: 3.,0,Benign
2026-02-25 08:59:03,4624,10,5347,An account was successfully logged on. Subject: Security ID: S-1-5-18 Account Name: SYSTEM Account Domain: NT AUTHORITY Logon ID: 0x3E7 Logon Type: 5.,0,Benign
2026-02-27 06:49:12,4624,10,2683,An account was successfully logged on. Subject: Security ID: S-1-5-18 Account Name: SYSTEM Account Domain: NT AUTHORITY Logon ID: 0x3E7 Logon Type: 5.,0,Benign
2026-02-23 00:11:09,4634,9,1335,An account was logged off. Logon Type: 3.,0,Benign
2026-02-25 01:17:14,4634,8,628,An account was logged off. Logon Type: 3.,0,Benign
2026-02-24 12:04:33,4624,11,5393,An account was successfully logged on. Logon Type: 10 Remote Desktop Services.,0,Benign
2026-02-26 14:47:59,4634,12,1856,An account was logged off. Logon Type: 2 Interactive.,0,Benign
2026-02-28 12:28:36,4624,8,3553,An account was successfully logged on. Logon Type: 2 Interactive.,0,Benign
2026-02-27 22:37:30,4672,10,6205,Special privileges assigned to new logon. Subject: Security ID: S-1-5-21-1234567890 Account Name: Administrator Privileges: SeDebugPrivilege.,0,Benign
