2026-03-01 00:01:21,4624,10,4007,An account was successfully logged on. Logon Type: 10 Remote Desktop Services.,0,Benign
2026-02-24 15:34:50,4688,11,1651,A new process has been created. New Process Name: C:\Windows\System32\notepad.exe.,0,Benign
2026-03-01 11:47:21,4625,5,5589,An account failed to log on. Failure Reason: Unknown user name or bad password. Status: 0xC000006D Sub Status: 0xC000006A.,0,Benign
2026-02-24 20:21:23,4625,9,3529,An account failed to log on. Failure Reason: Account locked out.,0,Benign
2026-02-28 09:08:48,4624,5,4576,An account was successfully logged on. Subject: Security ID: S-1-5-21-1234567890 Account Name: Administrator Account Domain: CORP Logon Type: 3.,0,Benign
2026-02-27 20:56:41,4625,2,9013,An account failed to log on. Logon Type: 10 Remote Desktop Services.,0,Benign
2026-02-27 16:42:26,4648,8,4188,A logon was attempted using explicit credentials. Target Server: DC01 Target User: backup_svc.,0,Benign
2026-02-24 15:59:38,4625,10,6337,An account failed to log on. Failure Reason: Account locked out.,0,Benign
2026-03-01 15:22:17,4624,2,3650,An account was successfully logged on. Subject: Security ID: S-1-5-18 Account Name: SYSTEM Account Domain: NT AUTHORITY Logon ID: 0x3E7 Logon Type: 5.,0,Benign
2026-02-28 08:38:18,4672,2,4196,Special privileges assigned to new logon. Account Name: SYSTEM Privileges: SeBackupPrivilege SeRestorePrivilege.,0,Benign
2026-02-24 16:03:12,4625,3,5595,An account failed to log on. Subject: Security ID: S-1-0-0 Account Name: - Account Domain: - Logon Type: 3.,0,Benign
2026-02-24 17:10:07,4625,8,792,An account failed to log on. Failure Reason: Unknown user name or bad password. Status: 0xC000006D Sub Status: 0xC000006A.,0,Benign
2026-02-27 15:55:57,4624,2,3207,An account was successfully logged on. New Logon: Account Name: jdoe Account Domain: CORP Logon ID: 0x1A2B3C.,0,Benign
2026-03-01 14:18:53,4688,2,482,A new process has been created. New Process Name: C:\Windows\System32\cmd.exe Command Line: cmd.exe /c dir.,1,Benign
2026-02-24 17:49:27,4648,11,9458,A logon was attempted using explicit credentials. Target Server: localhost Target User: admin.,0,Benign
2026-02-23 13:19:21,4624,9,3150,An account was successfully logged on. New Logon: Account Name: jdoe Account Domain: CORP Logon ID: 0x1A2B3C.,0,Benign
2026-02-28 03:26:56,4624,10,3903,An account was successfully logged on. Logon Type: 10 Remote Desktop Services.,0,Benign
2026-02-23 17:01:45,4672,7,5057,Special privileges assigned to new logon. Subject: Security ID: S-1-5-21-1234567890 Account Name: Administrator Privileges: SeDebugPrivilege.,0,Benign
2026-02-27 14:17:12,4625,3,7281,An account failed to log on. Logon Type: 10 Remote Desktop Services.,0,Benign
2026-03-01 08:36:57,4624,3,6139,An account was successfully logged on. Logon Type: 2 Interactive.,0,Benign
2026-02-27 13:40:16,4624,10,1944,An account was successfully logged on. Subject: Security ID: S-1-5-21-1234567890 Account Name: Administrator Account Domain: CORP Logon Type: 3.,0,Benign
2026-02-28 12:54:13,4624,3,5261,An account was successfully logged on. Logon Type: 10 Remote Desktop Services.,0,Benign
2026-03-01 16:21:23,4648,3,5219,A logon was attempted using explicit credentials. Process: C:\Windows\System32\runas.exe.,0,Benign
2026-03-01 11:57:23,4624,11,115,An account was successfully logged on. New Logon: Account Name: jdoe Account Domain: CORP Logon ID: 0x1A2B3C.,0,Benign
2026-03-01 14:19:51,4648,5,453,A logon was attempted using explicit credentials. Process: C:\Windows\System32\runas.exe.,0,Benign
2026-02-23 10:06:06,4624,7,3257,An account was successfully logged on. Subject: Security ID: S-1-5-18 Account Name: SYSTEM Account Domain: NT AUTHORITY Logon ID: 0x3E7 Logon Type: 5.,0,Benign
2026-03-01 14:23:56,4624,10,6254,An account was successfully logged on. Subject: Security ID: S-1-5-18 Account Name: SYSTEM Account Domain: NT AUTHORITY Logon ID: 0x3E7 Logon Type: 5.,0,Benign
2026-02-23 10:36:53,4648,12,4928,A logon was attempted using explicit credentials. Process: C:\Windows\System32\runas.exe.,0,Benign
2026-02-25 07:38:52,4624,10,2116,An account was successfully logged on. Subject: Security ID: S-1-5-18 Account Name: SYSTEM Account Domain: NT AUTHORITY Logon ID: 0x3E7 Logon Type: 5.,0,Benign
2026-02-26 04:30:17,4732,10,8731,A member was added to a security-enabled local group. Member Name: svc_backup Group Name: Backup Operators.,0,Benign
2026-02-28 17:49:41,4624,9,3746,An account was successfully logged on. Logon Type: 10 Remote Desktop Services.,0,Benign
2026-02-25 12:57:52,4625,8,505,An account failed to log on. Subject: Security ID: S-1-0-0 Account Name: - Account Domain: - Logon Type: 3.,0,Benign
2026-02-24 14:29:21,4625,9,1914,An account failed to log on. Subject: Security ID: S-1-0-0 Account Name: - Account Domain: - Logon Type: 3.,0,Benign
2026-02-24 14:11:08,4624,3,1875,An account was successfully logged on. New Logon: Account Name: jdoe Account Domain: CORP Logon ID: 0x1A2B3C.,0,Benign
2026-03-01 08:22:20,4634,9,7502,An account was logged off. Logon Type: 2 Interactive.,0,Benign
2026-03-01 08:31:06,4625,5,6123,An account failed to log on. Failure Reason: Unknown user name or bad password. Status: 0xC000006D Sub Status: 0xC000006A.,0,Benign
2026-02-28 10:34:09,4648,7,9382,A logon was attempted using explicit credentials. Process: C:\Windows\System32\runas.exe.,0,Benign
2026-02-28 16:07:42,4625,3,2994,An account failed to log on. Logon Type: 10 Remote Desktop Services.,0,Benign
2026-03-01 04:31:26,4624,7,7416,An account was successfully logged on. Logon Type: 2 Interactive.,0,Benign
2026-03-01 16:12:12,4624,12,4580,An account was successfully logged on. Logon Type: 2 Interactive.,0,Benign
2026-03-01 09:41:45,4624,9,9443,An account was successfully logged on. New Logon: Account Name: jdoe Account Domain: CORP Logon ID: 0x1A2B3C.,0,Benign
2026-02-28 08:32:01,4634,7,3908,An account was logged off. Logon Type: 3.,0,Benign
2026-03-01 13:01:38,4688,2,8864,A new process has been created. New Process Name: C:\Windows\System32\notepad.exe.,0,Benign
2026-02-28 16:42:36,4634,3,7408,An account was logged off. Logon Type: 3.,0,Benign
2026-02-28 22:56:07,4624,8,6018,An account was successfully logged on. Subject: Security ID: S-1-5-18 Account Name: SYSTEM Account Domain: NT AUTHORITY Logon ID: 0x3E7 Logon Type: 5.,0,Benign
2026-03-01 05:46:14,4634,8,5146,An account was logged off. Logon Type: 3.,0,Benign
2026-02-23 10:18:28,4688,12,7301,A new process has been created. New Process Name: C:\Windows\System32\svchost.exe Creator Process Name: C:\Windows\System32\services.exe.,0,Benign
2026-02-24 16:44:20,4688,3,7201,A new process has been created. New Process Name: C:\Windows\System32\notepad.exe.,0,Benign
2026-02-23 11:17:42,4624,3,9760,An account was successfully logged on. Subject: Security ID: S-1-5-21-1234567890 Account Name: Administrator Account Domain: CORP Logon Type: 3.,0,Benign
2026-02-27 09:25:56,4624,7,5402,An account was successfully logged on. Subject: Security ID: S-1-5-18 Account Name: SYSTEM Account Domain: NT AUTHORITY Logon ID: 0x3E7 Logon Type: 5.,0,Benign
2026-02-26 14:08:11,4625,12,1402,An account failed to log on. Account Name: administrator Source Network Address: 192.168.1.50.,0,Benign
2026-02-28 04:06:27,4732,10,5246,A member was added to a security-enabled local group. Member Name: svc_backup Group Name: Backup Operators.,0,Benign
2026-02-23 17:03:01,4688,7,2875,A new process has been created. New Process Name: C:\Program Files\Google\Chrome\chrome.exe Command Line: chrome.exe --type=renderer.,0,Benign
2026-02-27 19:05:16,4624,7,6881,An account was successfully logged on. Subject: Security ID: S-1-5-21-1234567890 Account Name: Administrator Account Domain: CORP Logon Type: 3.,0,Benign
2026-02-27 08:55:25,4625,3,9724,An account failed to log on. Failure Reason: Account locked out.,0,Benign
2026-02-23 15:48:43,4624,9,3215,An account was successfully logged on. Logon Type: 2 Interactive.,0,Benign
2026-02-26 10:46:45,4624,10,4952,An account was successfully logged on. Subject: Security ID: S-1-5-21-1234567890 Account Name: Administrator Account Domain: CORP Logon Type: 3.,0,Benign
2026-02-27 13:30:13,4634,12,3933,An account was logged off. Logon Type: 2 Interactive.,0,Benign
2026-02-24 16:27:11,4624,9,8007,An account was successfully logged on. Logon Type: 2 Interactive.,0,Benign
2026-02-23 16:57:52,4688,8,2181,A new process has been created. New Process Name: C:\Windows\System32\svchost.exe Creator Process Name: C:\Windows\System32\services.exe.,0,Benign
2026-02-28 16:39:49,4625,11,3893,An account failed to log on. Failure Reason: Unknown user name or bad password. Status: 0xC000006D Sub Status: 0xC000006A.,0,Benign
2026-02-28 12:37:47,4648,10,1374,A logon was attempted using explicit credentials. Target Server: localhost Target User: admin.,0,Benign
2026-02-23 14:12:46,4672,8,4243,Special privileges assigned to new logon. Account Name: SYSTEM Privileges: SeBackupPrivilege SeRestorePrivilege.,0,Benign
2026-02-27 16:14:44,4688,7,2391,A new process has been created. New Process Name: C:\Windows\System32\cmd.exe Command Line: cmd.exe /c dir.,0,Benign
2026-03-01 15:11:49,4624,9,1503,An account was successfully logged on. New Logon: Account Name: jdoe Account Domain: CORP Logon ID: 0x1A2B3C.,0,Benign
2026-03-01 09:13:12,4624,12,8145,An account was successfully logged on. Logon Type: 2 Interactive.,0,Benign
2026-02-28 06:38:58,4624,5,8170,An account was successfully logged on. New Logon: Account Name: jdoe Account Domain: CORP Logon ID: 0x1A2B3C.,0,Benign
2026-02-28 11:18:57,4634,5,8686,An account was logged off. Subject: Security ID: S-1-5-21-1234567890 Account Name: jdoe.,0,Benign
2026-02-27 18:18:33,4625,10,6284,An account failed to log on. Account Name: administrator Source Network Address: 192.168.1.50.,0,Benign
2026-02-25 04:56:53,4625,10,2820,An account failed to log on. Subject: Security ID: S-1-0-0 Account Name: - Account Domain: - Logon Type: 3.,0,Benign
2026-02-23 10:12:11,4672,10,893,Special privileges assigned to new logon. Account Name: SYSTEM Privileges: SeBackupPrivilege SeRestorePrivilege.,0,Benign
2026-02-25 18:33:26,4648,2,7120,A logon was attempted using explicit credentials. Process: C:\Windows\System32\runas.exe.,0,Benign
2026-03-01 08:26:37,4624,3,8008,An account was successfully logged on. Logon Type: 2 Interactive.,0,Benign
2026-02-28 16:48:15,4688,11,8490,A new process has been created. New Process Name: C:\Windows\System32\notepad.exe.,0,Benign
2026-02-27 17:13:17,4625,9,4935,An account failed to log on. Logon Type: 10 Remote Desktop Services.,0,Benign
2026-02-27 14:31:10,4688,10,7301,A new process has been created. New Process Name: C:\Windows\System32\notepad.exe.,0,Benign
2026-02-28 08:56:29,4648,7,1929,A logon was attempted using explicit credentials. Target Server: localhost Target User: admin.,0,Benign
2026-02-28 15:19:18,4624,2,7324,An account was successfully logged on. Subject: Security ID: S-1-5-21-1234567890 Account Name: Administrator Account Domain: CORP Logon Type: 3.,0,Benign
2026-02-24 09:22:30,4624,12,5776,An account was successfully logged on. Subject: Security ID: S-1-5-21-1234567890 Account Name: Administrator Account Domain: CORP Logon Type: 3.,0,Benign
2026-02-25 09:16:52,4624,8,6631,An account was successfully logged on. Logon Type: 2 Interactive.,0,Benign
2026-02-24 04:18:44,4624,5,2948,An account was successfully logged on. Subject: Security ID: S-1-5-18 Account Name: SYSTEM Account Domain: NT AUTHORITY Logon ID: 0x3E7 Logon Type: 5.,0,Benign
2026-02-27 14:56:44,4624,2,8459,An account was successfully logged on. New Logon: Account Name: jdoe Account Domain: CORP Logon ID: 0x1A2B3C.,0,Benign
2026-02-26 13:55:57,4624,2,371,An account was successfully logged on. Logon Type: 10 Remote Desktop Services.,0,Benign
2026-02-26 17:41:26,4624,2,5530,An account was successfully logged on. New Logon: Account Name: jdoe Account Domain: CORP Logon ID: 0x1A2B3C.,0,Benign
2026-02-23 14:10:41,4624,9,5031,An account was successfully logged on. Logon Type: 10 Remote Desktop Services.,0,Benign
2026-03-01 16:03:35,4688,10,7563,A new process has been created. New Process Name: C:\Windows\System32\notepad.exe.,0,Benign
2026-03-01 13:31:20,4624,9,1911,An account was successfully logged on. Logon Type: 10 Remote Desktop Services.,0,Benign
2026-02-26 11:45:49,4648,8,6906,A logon was attempted using explicit credentials. Target Server: DC01 Target User: backup_svc.,0,Benign
2026-02-26 15:56:50,4625,10,7927,An account failed to log on. Failure Reason: Unknown user name or bad password. Status: 0xC000006D Sub Status: 0xC000006A.,0,Benign
2026-02-28 15:32:25,4648,2,5378,A logon was attempted using explicit credentials. Target Server: localhost Target User: admin.,0,Benign
2026-02-23 08:25:26,4634,5,4505,An account was logged off. Logon Type: 2 Interactive.,0,Benign
2026-02-23 13:33:59,4688,7,9343,A new process has been created. New Process Name: C:\Windows\System32\notepad.exe.,0,Benign
2026-02-23 11:21:32,4624,11,3677,An account was successfully logged on. Subject: Security ID: S-1-5-18 Account Name: SYSTEM Account Domain: NT AUTHORITY Logon ID: 0x3E7 Logon Type: 5.,0,Benign
2026-02-26 08:51:58,4625,3,2324,An account failed to log on. Logon Type: 10 Remote Desktop Services.,0,Benign
2026-02-24 10:03:52,4624,10,3460,An account was successfully logged on. New Logon: Account Name: jdoe Account Domain: CORP Logon ID: 0x1A2B3C.,0,Benign
2026-02-23 12:30:50,4624,8,3419,An account was successfully logged on. Logon Type: 2 Interactive.,0,Benign
2026-02-23 18:36:54,4672,8,4768,Special privileges assigned to new logon. Subject: Security ID: S-1-5-21-1234567890 Account Name: Administrator Privileges: SeDebugPrivilege.,0,Benign
2026-03-01 16:39:34,4625,2,2452,An account failed to log on. Failure Reason: Account locked out.,0,Benign
2026-02-27 11:49:38,4688,5,4933,A new process has been created. New Process Name: C:\Program Files\Google\Chrome\chrome.exe Command Line: chrome.exe --type=renderer.,0,Benign
2026-03-01 10:02:19,4688,2,9806,A new process has been created. New Process Name: C:\Windows\System32\taskhostw.exe.,0,Benign
2026-02-23 10:32:37,4624,7,9341,An account was successfully logged on. Subject: Security ID: S-1-5-21-1234567890 Account Name: Administrator Account Domain: CORP Logon Type: 3.,0,Benign
2026-03-01 08:16:03,4624,7,4261,An account was successfully logged on. Logon Type: 10 Remote Desktop Services.,0,Benign
2026-02-23 13:45:30,4688,2,3316,A new process has been created. New Process Name: C:\Windows\System32\taskhostw.exe.,0,Benign
2026-02-25 14:16:21,4624,7,1814,An account was successfully logged on. Subject: Security ID: S-1-5-18 Account Name: SYSTEM Account Domain: NT AUTHORITY Logon ID: 0x3E7 Logon Type: 5.,0,Benign
2026-02-24 09:40:09,4624,11,4804,An account was successfully logged on. Subject: Security ID: S-1-5-21-1234567890 Account Name: Administrator Account Domain: CORP Logon Type: 3.,0,Benign
2026-02-27 02:33:54,4625,11,7396,An account failed to log on. Failure Reason: Account locked out.,0,Benign
2026-02-27 14:21:12,4624,11,1387,An account was successfully logged on. New Logon: Account Name: jdoe Account Domain: CORP Logon ID: 0x1A2B3C.,0,Benign
2026-02-23 09:31:02,4625,5,2379,An account failed to log on. Subject: Security ID: S-1-0-0 Account Name: - Account Domain: - Logon Type: 3.,0,Benign
2026-02-25 11:28:16,4648,2,2192,A logon was attempted using explicit credentials. Process: C:\Windows\System32\runas.exe.,0,Benign
2026-02-26 17:44:24,4624,2,2669,An account was successfully logged on. Subject: Security ID: S-1-5-21-1234567890 Account Name: Administrator Account Domain: CORP Logon Type: 3.,0,Benign
2026-03-01 14:06:58,4688,12,9984,A new process has been created. New Process Name: C:\Windows\System32\taskhostw.exe.,0,Benign
2026-02-23 11:50:37,4624,2,2026,An account was successfully logged on. New Logon: Account Name: jdoe Account Domain: CORP Logon ID: 0x1A2B3C.,0,Benign
2026-02-26 08:23:02,4688,11,6420,A new process has been created. New Process Name: C:\Windows\System32\taskhostw.exe.,0,Benign
2026-02-23 09:49:05,4624,12,1596,An account was successfully logged on. Subject: Security ID: S-1-5-18 Account Name: SYSTEM Account Domain: NT AUTHORITY Logon ID: 0x3E7 Logon Type: 5.,0,Benign
2026-02-27 13:08:30,4624,5,4743,An account was successfully logged on. New Logon: Account Name: jdoe Account Domain: CORP Logon ID: 0x1A2B3C.,0,Benign
2026-02-23 14:55:14,4720,10,2249,A user account was created. New Account Name: test_account.,0,Benign
2026-03-01 09:30:02,4624,2,8653,An account was successfully logged on. Logon Type: 10 Remote Desktop Services.,0,Benign
2026-02-25 10:03:45,4625,10,7704,An account failed to log on. Subject: Security ID: S-1-0-0 Account Name: - Account Domain: - Logon Type: 3.,0,Benign
2026-02-24 12:46:20,4648,9,9997,A logon was attempted using explicit credentials. Target Server: localhost Target User: admin.,0,Benign
2026-02-23 09:44:09,4624,12,7403,An account was successfully logged on. New Logon: Account Name: jdoe Account Domain: CORP Logon ID: 0x1A2B3C.,0,Benign
2026-03-01 21:20:38,4732,11,5840,A member was added to a security-enabled local group. Member Name: jdoe Group Name: Remote Desktop Users.,0,Benign
2026-03-01 11:12:30,4648,9,7430,A logon was attempted using explicit credentials. Process: C:\Windows\System32\runas.exe.,0,Benign
2026-02-24 16:31:41,4624,3,8067,An account was successfully logged on. Logon Type: 3 New Logon: admin.,1,T1110
2026-02-25 11:25:33,4688,2,2752,A new process has been created. New Process Name: C:\Windows\System32\taskhostw.exe.,0,Benign
2026-02-27 11:59:09,4624,7,6839,An account was successfully logged on. Logon Type: 2 Interactive.,0,Benign
2026-02-28 21:10:43,4624,2,7192,An account was successfully logged on. Logon Type: 10 Remote Desktop Services.,0,Benign
2026-02-23 11:51:38,4624,2,2076,An account was successfully logged on. New Logon: Account Name: jdoe Account Domain: CORP Logon ID: 0x1A2B3C.,0,Benign
2026-02-28 09:33:12,4688,9,7136,A new process has been created. New Process Name: C:\Windows\System32\cmd.exe Command Line: cmd.exe /c dir.,0,Benign
2026-03-01 10:04:08,4688,7,4055,A new process has been created. New Process Name: C:\Windows\System32\svchost.exe Creator Process Name: C:\Windows\System32\services.exe.,0,Benign
2026-02-28 13:41:21,4648,5,8358,A logon was attempted using explicit credentials. Target Server: localhost Target User: admin.,0,Benign
2026-02-26 15:56:32,4624,10,4385,An account was successfully logged on. Subject: Security ID: S-1-5-18 Account Name: SYSTEM Account Domain: NT AUTHORITY Logon ID: 0x3E7 Logon Type: 5.,0,Benign
2026-02-26 09:30:27,4624,12,1716,An account was successfully logged on. Subject: Security ID: S-1-5-21-1234567890 Account Name: Administrator Account Domain: CORP Logon Type: 3.,0,Benign
2026-02-23 08:12:16,4648,8,2695,A logon was attempted using explicit credentials. Target Server: DC01 Target User: backup_svc.,0,Benign
2026-02-24 01:56:20,4624,2,4288,An account was successfully logged on. Subject: Security ID: S-1-5-21-1234567890 Account Name: Administrator Account Domain: CORP Logon Type: 3.,0,Benign
2026-02-26 11:41:14,4625,10,7988,An account failed to log on. Logon Type: 10 Remote Desktop Services.,0,Benign
2026-02-27 08:49:43,4688,10,3693,A new process has been created. New Process Name: C:\Windows\System32\cmd.exe Command Line: cmd.exe /c dir.,0,Benign
2026-03-01 15:37:02,4624,11,2117,An account was successfully logged on. Logon Type: 2 Interactive.,0,Benign
2026-02-23 22:47:17,4634,11,9287,An account was logged off. Subject: Security ID: S-1-5-21-1234567890 Account Name: jdoe.,0,Benign
2026-02-25 11:33:29,4624,12,2315,An account was successfully logged on. Subject: Security ID: S-1-5-18 Account Name: SYSTEM Account Domain: NT AUTHORITY Logon ID: 0x3E7 Logon Type: 5.,0,Benign
2026-02-26 16:26:01,4720,9,1978,A user account was created. New Account Name: test_account.,0,Benign
2026-02-28 09:31:12,4624,11,5327,An account was successfully logged on. Logon Type: 2 Interactive.,0,Benign
2026-02-24 02:33:19,4624,7,8838,An account was successfully logged on. Subject: Security ID: S-1-5-18 Account Name: SYSTEM Account Domain: NT AUTHORITY Logon ID: 0x3E7 Logon Type: 5.,0,Benign
2026-03-01 22:04:51,4672,2,3642,A user account was created. New Account Name: backdoor New Account Domain: CORP.,1,T1078
2026-02-27 13:49:58,4624,7,6087,An account was successfully logged on. Subject: Security ID: S-1-5-18 Account Name: SYSTEM Account Domain: NT AUTHORITY Logon ID: 0x3E7 Logon Type: 5.,0,Benign
2026-02-24 14:03:07,4634,2,8260,An account was logged off. Logon Type: 3.,0,Benign
2026-03-01 10:57:06,4624,11,467,An account was successfully logged on. Logon Type: 2 Interactive.,0,Benign
2026-02-23 11:40:08,4648,9,1102,A logon was attempted using explicit credentials. Process: C:\Windows\System32\runas.exe.,0,Benign
2026-02-27 07:36:27,4624,7,2448,An account was successfully logged on. New Logon: Account Name: jdoe Account Domain: CORP Logon ID: 0x1A2B3C.,0,Benign
2026-02-25 15:20:35,4624,11,1060,An account was successfully logged on. Logon Type: 10 Remote Desktop Services.,0,Benign
2026-02-24 08:36:32,4624,2,6244,An account was successfully logged on. Subject: Security ID: S-1-5-21-1234567890 Account Name: Administrator Account Domain: CORP Logon Type: 3.,0,Benign
2026-02-24 09:27:42,4624,12,4825,An account was successfully logged on. Logon Type: 2 Interactive.,0,Benign
2026-02-27 10:14:11,4624,12,7251,An account was successfully logged on. Subject: Security ID: S-1-5-21-1234567890 Account Name: Administrator Account Domain: CORP Logon Type: 3.,0,Benign
2026-02-27 23:27:04,4624,2,685,An account was successfully logged on. Subject: Security ID: S-1-5-18 Account Name: SYSTEM Account Domain: NT AUTHORITY Logon ID: 0x3E7 Logon Type: 5.,0,Benign
2026-02-27 09:48:04,4688,10,6210,A new process has been created. New Process Name: C:\Windows\System32\notepad.exe.,0,Benign
2026-02-28 09:01:41,4624,9,5383,An account was successfully logged on. Logon Type: 2 Interactive.,0,Benign
2026-02-25 16:16:06,4625,3,4539,An account failed to log on. Failure Reason: Account locked out.,0,Benign
2026-02-28 14:15:56,4624,9,5188,An account was successfully logged on. New Logon: Account Name: jdoe Account Domain: CORP Logon ID: 0x1A2B3C.,0,Benign
2026-03-01 20:14:13,4624,12,2425,An account was successfully logged on. Logon Type: 10 Remote Desktop Services.,0,Benign
2026-02-28 16:27:59,4625,7,9976,An account failed to log on. Failure Reason: Account locked out.,0,Benign
2026-02-28 09:20:46,4624,12,5519,An account was successfully logged on. Logon Type: 2 Interactive.,0,Benign
2026-02-23 10:10:27,4625,12,8432,An account failed to log on. Failure Reason: Account locked out.,0,Benign
2026-02-27 09:33:57,4672,9,5944,Special privileges assigned to new logon. Subject: Security ID: S-1-5-21-1234567890 Account Name: Administrator Privileges: SeDebugPrivilege.,0,Benign
2026-02-28 13:08:42,4720,8,1232,A user account was created. New Account Name: test_account.,0,Benign
2026-02-26 14:48:11,4634,9,1185,An account was logged off. Logon Type: 2 Interactive.,0,Benign
2026-02-26 05:03:16,4634,7,9245,An account was logged off. Subject: Security ID: S-1-5-21-1234567890 Account Name: jdoe.,0,Benign
2026-02-25 20:23:04,4624,2,6071,An account was successfully logged on. Logon Type: 2 Interactive.,0,Benign
2026-02-27 11:26:42,4672,9,6950,Special privileges assigned to new logon. Subject: Security ID: S-1-5-21-1234567890 Account Name: Administrator Privileges: SeDebugPrivilege.,0,Benign
2026-02-25 13:38:30,4624,11,1973,An account was successfully logged on. Logon Type: 10 Remote Desktop Services.,0,Benign
2026-02-23 15:03:03,4625,5,6168,An account failed to log on. Account Name: administrator Source Network Address: 192.168.1.50.,0,Benign
2026-02-25 17:54:35,4688,8,3541,A new process has been created. New Process Name: C:\Windows\System32\svchost.exe Creator Process Name: C:\Windows\System32\services.exe.,0,Benign
2026-02-28 11:54:47,4624,5,8794,An account was successfully logged on. Logon Type: 10 Remote Desktop Services.,0,Benign
2026-02-24 09:12:58,4625,7,2508,An account failed to log on. Subject: Security ID: S-1-0-0 Account Name: - Account Domain: - Logon Type: 3.,0,Benign
2026-02-28 14:37:10,4625,7,223,An account failed to log on. Failure Reason: Account locked out.,0,Benign
2026-02-23 12:32:55,4624,9,494,An account was successfully logged on. Logon Type: 10 Remote Desktop Services.,0,Benign
2026-02-26 19:33:36,4624,5,2805,An account was successfully logged on. Subject: Security ID: S-1-5-18 Account Name: SYSTEM Account Domain: NT AUTHORITY Logon ID: 0x3E7 Logon Type: 5.,0,Benign
2026-02-26 03:08:03,4624,2,5543,An account was successfully logged on. Logon Type: 2 Interactive.,0,Benign
2026-02-25 13:43:02,4625,10,8127,An account failed to log on. Failure Reason: Account locked out.,1,T1110
2026-02-24 11:49:46,4688,11,9350,A new process has been created. New Process Name: C:\Windows\System32\notepad.exe.,0,Benign
2026-02-28 15:48:33,4672,5,2901,Special privileges assigned to new logon. Subject: Security ID: S-1-5-21-1234567890 Account Name: Administrator Privileges: SeDebugPrivilege.,0,Benign
2026-03-01 13:43:33,4672,8,8721,Special privileges assigned to new logon. Subject: Security ID: S-1-5-21-1234567890 Account Name: Administrator Privileges: SeDebugPrivilege.,0,Benign
2026-03-01 03:59:17,4625,9,5682,An account failed to log on. Subject: Security ID: S-1-0-0 Account Name: - Account Domain: - Logon Type: 3.,0,Benign
2026-02-23 09:34:31,4624,8,8596,An account was successfully logged on. Subject: Security ID: S-1-5-18 Account Name: SYSTEM Account Domain: NT AUTHORITY Logon ID: 0x3E7 Logon Type: 5.,0,Benign
2026-02-24 07:50:25,4634,2,1631,An account was logged off. Logon Type: 2 Interactive.,0,Benign
2026-03-01 12:44:11,4624,11,4064,An account was successfully logged on. New Logon: Account Name: jdoe Account Domain: CORP Logon ID: 0x1A2B3C.,0,Benign
2026-02-28 11:16:48,4624,2,7273,An account was successfully logged on. New Logon: Account Name: jdoe Account Domain: CORP Logon ID: 0x1A2B3C.,0,Benign
2026-02-23 11:07:29,4624,3,1797,An account was successfully logged on. Logon Type: 10 Remote Desktop Services.,0,Benign
2026-02-26 02:39:30,4625,9,322,An account failed to log on. Logon Type: 10 Remote Desktop Services.,0,Benign
2026-02-26 14:01:43,4688,8,5857,A new process has been created. New Process Name: C:\Windows\System32\taskhostw.exe.,0,Benign
2026-02-28 09:39:39,4648,3,5004,A logon was attempted using explicit credentials. Target Server: DC01 Target User: backup_svc.,0,Benign
2026-02-26 11:03:47,4688,9,6276,A new process has been created. New Process Name: C:\Windows\System32\cmd.exe Command Line: cmd.exe /c dir.,0,Benign
2026-02-27 12:08:51,4624,3,8463,An account was successfully logged on. Subject: Security ID: S-1-5-18 Account Name: SYSTEM Account Domain: NT AUTHORITY Logon ID: 0x3E7 Logon Type: 5.,0,Benign
2026-02-25 03:10:53,4625,11,9603,An account failed to log on. Failure Reason: Unknown user name or bad password. Status: 0xC000006D Sub Status: 0xC000006A.,0,Benign
2026-02-24 12:48:38,4624,9,3379,An account was successfully logged on. New Logon: Account Name: jdoe Account Domain: CORP Logon ID: 0x1A2B3C.,0,Benign
2026-02-26 09:34:54,4624,3,3854,An account was successfully logged on. Subject: Security ID: S-1-5-18 Account Name: SYSTEM Account Domain: NT AUTHORITY Logon ID: 0x3E7 Logon Type: 5.,0,Benign
2026-02-23 17:56:25,4688,11,2556,A new process has been created. New Process Name: C:\Windows\System32\svchost.exe Creator Process Name: C:\Windows\System32\services.exe.,0,Benign
2026-02-28 12:25:53,4634,8,5796,An account was logged off. Logon Type: 2 Interactive.,0,Benign
2026-02-27 02:14:45,4625,9,2405,An account failed to log on. Subject: Security ID: S-1-0-0 Account Name: - Account Domain: - Logon Type: 3.,0,Benign
2026-02-24 12:22:43,4648,3,4128,A logon was attempted using explicit credentials. Target Server: localhost Target User: admin.,0,Benign
2026-02-27 15:10:29,4625,9,5335,An account failed to log on. Account Name: administrator Source Network Address: 192.168.1.50.,0,Benign
2026-02-23 13:42:25,4688,10,6655,A new process has been created. New Process Name: C:\Windows\System32\notepad.exe.,0,Benign
2026-03-01 10:12:11,4634,2,8128,An account was logged off. Subject: Security ID: S-1-5-21-1234567890 Account Name: jdoe.,0,Benign
2026-02-25 04:06:46,4672,2,706,Special privileges assigned to new logon. Account Name: SYSTEM Privileges: SeBackupPrivilege SeRestorePrivilege.,0,Benign
2026-02-26 15:02:21,4624,2,3543,An account was successfully logged on. New Logon: Account Name: jdoe Account Domain: CORP Logon ID: 0x1A2B3C.,0,Benign
2026-03-01 11:10:43,4634,3,3705,An account was logged off. Logon Type: 2 Interactive.,0,Benign
2026-02-24 09:19:39,4688,8,6178,A new process has been created. New Process Name: C:\Windows\System32\wbem\WMIC.exe Command Line: wmic process call create calc.exe.,0,Benign
2026-03-01 11:48:40,4648,12,7565,A logon was attempted using explicit credentials. Target Server: DC01 Target User: backup_svc.,0,Benign
2026-02-28 11:06:52,4625,7,9730,An account failed to log on. Failure Reason: Account locked out.,0,Benign
2026-02-26 11:27:30,4672,5,9212,Special privileges assigned to new logon. Subject: Security ID: S-1-5-21-1234567890 Account Name: Administrator Privileges: SeDebugPrivilege.,0,Benign
2026-02-24 17:06:15,4625,12,2165,An account failed to log on. Logon Type: 10 Remote Desktop Services.,0,Benign
2026-02-25 10:41:15,4624,3,9256,An account was successfully logged on. New Logon: Account Name: jdoe Account Domain: CORP Logon ID: 0x1A2B3C.,0,Benign
2026-03-01 11:57:23,4624,5,3262,An account was successfully logged on. Subject: Security ID: S-1-5-21-1234567890 Account Name: Administrator Account Domain: CORP Logon Type: 3.,0,Benign
2026-02-28 12:46:17,4688,3,6907,A new process has been created. New Process Name: C:\Windows\System32\svchost.exe Creator Process Name: C:\Windows\System32\services.exe.,0,Benign
2026-02-27 15:58:04,4624,11,2388,An account was successfully logged on. New Logon: Account Name: jdoe Account Domain: CORP Logon ID: 0x1A2B3C.,0,Benign
2026-02-26 17:03:34,4624,12,9897,An account was successfully logged on. New Logon: Account Name: jdoe Account Domain: CORP Logon ID: 0x1A2B3C.,0,Benign
2026-02-23 00:41:27,4732,11,4932,A member was added to a security-enabled local group. Member Name: tempuser Group Name: Administrators.,0,Benign
2026-02-23 03:30:38,4624,8,667,An account was successfully logged on. Logon Type: 2 Interactive.,0,Benign
2026-02-23 15:24:37,4624,3,4164,An account was successfully logged on. New Logon: Account Name: jdoe Account Domain: CORP Logon ID: 0x1A2B3C.,0,Benign
2026-02-23 14:38:09,4688,2,1026,A new process has been created. New Process Name: C:\Windows\System32\cmd.exe Command Line: cmd.exe /c dir.,0,Benign
2026-02-27 15:07:24,4634,10,7294,An account was logged off. Subject: Security ID: S-1-5-21-1234567890 Account Name: jdoe.,0,Benign
2026-02-24 17:28:52,4624,8,9526,An account was successfully logged on. Subject: Security ID: S-1-5-21-1234567890 Account Name: Administrator Account Domain: CORP Logon Type: 3.,0,Benign
2026-02-27 09:02:17,4624,10,4395,An account was successfully logged on. New Logon: Account Name: jdoe Account Domain: CORP Logon ID: 0x1A2B3C.,0,Benign
2026-02-27 09:31:49,4625,12,7608,An account failed to log on. Failure Reason: Unknown user name or bad password. Status: 0xC000006D Sub Status: 0xC000006A.,0,Benign
2026-02-24 17:57:27,4688,8,5535,A new process has been created. New Process Name: C:\Windows\System32\notepad.exe.,0,Benign
2026-02-27 08:30:47,4625,5,3931,An account failed to log on. Account Name: administrator Source Network Address: 192.168.1.50.,0,Benign
2026-02-23 09:13:32,4624,5,7062,An account was successfully logged on. Logon Type: 2 Interactive.,0,Benign
2026-02-27 14:41:27,4624,7,7892,An account was successfully logged on. Logon Type: 10 Remote Desktop Services.,0,Benign
2026-02-24 10:10:46,4720,12,4009,A user account was created. New Account Name: svc_backup New Account Domain: CORP.,0,Benign
2026-02-23 11:12:10,4625,2,7705,An account failed to log on. Failure Reason: Account locked out.,0,Benign
2026-03-01 13:53:37,4672,9,8339,Special privileges assigned to new logon. Subject: Security ID: S-1-5-21-1234567890 Account Name: Administrator Privileges: SeDebugPrivilege.,0,Benign
2026-02-24 13:54:40,4624,3,6870,An account was successfully logged on. Logon Type: 10 Remote Desktop Services.,0,Benign
2026-02-25 14:23:52,4624,7,2267,An account was successfully logged on. Logon Type: 10 Remote Desktop Services.,0,Benign
2026-02-27 09:35:42,4688,10,826,A new process has been created. New Process Name: C:\Windows\System32\notepad.exe.,0,Benign
2026-02-23 13:56:40,4624,8,2788,An account was successfully logged on. Subject: Security ID: S-1-5-21-1234567890 Account Name: Administrator Account Domain: CORP Logon Type: 3.,0,Benign
2026-02-24 19:40:08,4625,8,593,An account failed to log on. Failure Reason: Unknown user name or bad password. Status: 0xC000006D Sub Status: 0xC000006A.,0,Benign
2026-02-28 16:54:29,4688,5,6592,A new process has been created. New Process Name: C:\Program Files\Google\Chrome\chrome.exe Command Line: chrome.exe --type=renderer.,0,Benign
2026-02-26 15:51:27,4648,12,2173,A logon was attempted using explicit credentials. Target Server: localhost Target User: admin.,0,Benign
2026-02-28 13:13:18,4648,9,5026,A logon was attempted using explicit credentials. Target Server: localhost Target User: admin.,0,Benign
2026-03-01 14:17:59,4625,9,5123,An account failed to log on. Failure Reason: Account locked out.,0,Benign
2026-02-28 08:41:22,4624,10,8817,An account was successfully logged on. Subject: Security ID: S-1-5-18 Account Name: SYSTEM Account Domain: NT AUTHORITY Logon ID: 0x3E7 Logon Type: 5.,0,Benign
2026-02-26 16:34:17,4624,10,1884,An account was successfully logged on. Subject: Security ID: S-1-5-18 Account Name: SYSTEM Account Domain: NT AUTHORITY Logon ID: 0x3E7 Logon Type: 5.,0,Benign
2026-03-01 02:33:46,4624,2,5393,An account was successfully logged on. Logon Type: 2 Interactive.,0,Benign
2026-02-23 15:00:07,4625,5,9585,An account failed to log on. Account Name: administrator Source Network Address: 192.168.1.50.,0,Benign
2026-02-28 09:45:04,4625,10,8653,An account failed to log on. Logon Type: 10 Remote Desktop Services.,0,Benign
2026-02-27 11:28:12,4672,8,6211,Special privileges assigned to new logon. Subject: Security ID: S-1-5-18 Privileges: SeAssignPrimaryTokenPrivilege SeTcbPrivilege SeSecurityPrivilege.,0,Benign
2026-02-26 16:48:09,4720,12,8067,A user account was created. New Account Name: test_account.,0,Benign
2026-03-01 17:32:33,4648,5,4570,A logon was attempted using explicit credentials. Target Server: DC01 Target User: backup_svc.,0,Benign
2026-02-23 11:53:38,4624,9,5356,An account was successfully logged on. Subject: Security ID: S-1-5-21-1234567890 Account Name: Administrator Account Domain: CORP Logon Type: 3.,0,Benign
2026-02-24 17:40:30,4720,3,2788,A user account was created. New Account Name: svc_backup New Account Domain: CORP.,0,Benign
2026-02-25 08:46:42,4625,8,1522,An account failed to log on. Subject: Security ID: S-1-0-0 Account Name: - Account Domain: - Logon Type: 3.,0,Benign
2026-02-23 21:56:10,1100,10,6263,The audit log was cleared. Subject: Security ID: S-1-5-21-9876543210 Account Name: attacker.,1,T1070
2026-02-28 13:45:33,4624,8,874,An account was successfully logged on. Subject: Security ID: S-1-5-18 Account Name: SYSTEM Account Domain: NT AUTHORITY Logon ID: 0x3E7 Logon Type: 5.,0,Benign
2026-02-24 17:58:44,4625,9,8281,An account failed to log on. Subject: Security ID: S-1-0-0 Account Name: - Account Domain: - Logon Type: 3.,0,Benign
2026-03-01 12:04:49,4624,10,8835,An account was successfully logged on. Subject: Security ID: S-1-5-18 Account Name: SYSTEM Account Domain: NT AUTHORITY Logon ID: 0x3E7 Logon Type: 5.,0,Benign
2026-02-27 15:35:45,4624,10,7561,An account was successfully logged on. Logon Type: 10 Remote Desktop Services.,0,Benign
2026-03-01 09:09:35,4634,11,1985,An account was logged off. Logon Type: 2 Interactive.,0,Benign
2026-03-01 17:33:54,4624,8,3178,An account was successfully logged on. Subject: Security ID: S-1-5-18 Account Name: SYSTEM Account Domain: NT AUTHORITY Logon ID: 0x3E7 Logon Type: 5.,0,Benign
2026-02-23 11:55:40,4672,8,5208,Special privileges assigned to new logon. Account Name: SYSTEM Privileges: SeBackupPrivilege SeRestorePrivilege.,0,Benign
2026-02-28 15:26:28,4625,11,7155,An account failed to log on. Account Name: administrator Source Network Address: 192.168.1.50.,0,Benign
2026-02-28 09:13:34,4688,5,548,A new process has been created. New Process Name: C:\Windows\System32\taskhostw.exe.,0,Benign
2026-03-01 21:14:15,4624,10,6512,An account was successfully logged on. Logon Type: 10 Remote Desktop Services.,0,Benign
2026-02-25 18:07:59,1102,5,3313,The audit log was cleared. Subject: Security ID: S-1-5-21-9876543210 Account Name: attacker.,1,T1070
2026-02-24 13:02:28,4648,10,9406,A logon was attempted using explicit credentials. Process: C:\Windows\System32\runas.exe.,0,Benign
2026-02-27 16:45:55,4634,3,5836,An account was logged off. Logon Type: 3.,0,Benign
2026-02-24 14:17:16,4720,5,4562,A user account was created. New Account Name: test_account.,0,Benign
2026-02-25 09:51:23,4634,3,6633,An account was logged off. Logon Type: 3.,0,Benign
2026-02-28 12:41:05,4624,8,6161,An account was successfully logged on. Subject: Security ID: S-1-5-21-1234567890 Account Name: Administrator Account Domain: CORP Logon Type: 3.,0,Benign
2026-03-01 06:05:26,4648,11,6382,A logon was attempted using explicit credentials. Target Server: localhost Target User: admin.,0,Benign
2026-02-23 07:54:34,4648,5,698,A logon was attempted using explicit credentials. Target Server: DC01 Target User: backup_svc.,0,Benign
2026-02-25 14:37:40,4648,7,1512,A logon was attempted using explicit credentials. Target Server: DC01 Target User: backup_svc.,0,Benign
2026-03-01 16:10:03,4625,11,4944,An account failed to log on. Logon Type: 10 Remote Desktop Services.,0,Benign
2026-02-25 10:11:43,4624,9,8937,An account was successfully logged on. Logon Type: 2 Interactive.,0,Benign
2026-02-25 22:45:48,4624,7,6146,An account was successfully logged on. New Logon: Account Name: jdoe Account Domain: CORP Logon ID: 0x1A2B3C.,1,Benign
2026-02-25 13:28:34,4732,8,5777,A member was added to a security-enabled local group. Member Name: tempuser Group Name: Administrators.,0,Benign
2026-02-27 16:37:35,4688,9,1672,A new process has been created. New Process Name: C:\Windows\System32\cmd.exe Command Line: cmd.exe /c dir.,0,Benign
2026-02-28 05:21:29,4624,8,5797,An account was successfully logged on. Subject: Security ID: S-1-5-21-1234567890 Account Name: Administrator Account Domain: CORP Logon Type: 3.,0,Benign
2026-03-01 08:02:33,4624,3,1370,An account was successfully logged on. Subject: Security ID: S-1-5-18 Account Name: SYSTEM Account Domain: NT AUTHORITY Logon ID: 0x3E7 Logon Type: 5.,1,Benign
2026-02-25 05:07:12,1102,8,7258,The audit log was cleared. Subject: Security ID: S-1-5-21-9876543210 Account Name: attacker.,1,T1070
2026-02-28 12:09:15,4625,9,1872,An account failed to log on. Failure Reason: Unknown user name or bad password. Status: 0xC000006D Sub Status: 0xC000006A.,0,Benign
2026-02-25 15:30:33,4625,5,7188,An account failed to log on. Failure Reason: Account locked out.,0,Benign
2026-03-01 16:42:27,4625,11,3597,An account failed to log on. Subject: Security ID: S-1-0-0 Account Name: - Account Domain: - Logon Type: 3.,0,Benign
2026-02-23 08:01:58,4624,12,5330,An account was successfully logged on. Logon Type: 2 Interactive.,0,Benign
2026-02-27 13:48:13,4634,9,5759,An account was logged off. Subject: Security ID: S-1-5-21-1234567890 Account Name: jdoe.,0,Benign
2026-02-27 14:50:37,4625,3,6338,An account failed to log on. Failure Reason: Unknown user name or bad password. Status: 0xC000006D Sub Status: 0xC000006A.,0,Benign
2026-03-01 10:25:24,4688,10,5010,A new process has been created. New Process Name: C:\Program Files\Google\Chrome\chrome.exe Command Line: chrome.exe --type=renderer.,0,Benign
2026-02-24 14:33:29,4732,5,7875,A member was added to a security-enabled local group. Member Name: jdoe Group Name: Remote Desktop Users.,0,Benign
2026-02-25 17:23:41,4688,10,6312,A new process has been created. New Process Name: C:\Windows\System32\taskhostw.exe.,0,Benign
2026-02-24 08:41:32,4624,7,4044,An account was successfully logged on. Subject: Security ID: S-1-5-18 Account Name: SYSTEM Account Domain: NT AUTHORITY Logon ID: 0x3E7 Logon Type: 5.,0,Benign
2026-03-01 13:26:14,4624,11,6686,An account was successfully logged on. Subject: Security ID: S-1-5-21-1234567890 Account Name: Administrator Account Domain: CORP Logon Type: 3.,0,Benign
2026-02-24 11:59:35,4624,7,1154,An account was successfully logged on. Logon Type: 10 Remote Desktop Services.,0,Benign
2026-02-28 11:48:24,4625,3,8199,An account failed to log on. Failure Reason: Unknown user name or bad password. Status: 0xC000006D Sub Status: 0xC000006A.,0,Benign
2026-02-23 11:24:25,4624,8,5983,An account was successfully logged on. Subject: Security ID: S-1-5-21-1234567890 Account Name: Administrator Account Domain: CORP Logon Type: 3.,0,Benign
2026-02-27 13:23:50,4720,5,3455,A user account was created. New Account Name: svc_backup New Account Domain: CORP.,0,Benign
2026-02-25 04:17:56,4648,11,5372,A logon was attempted using explicit credentials. Target Server: localhost Target User: admin.,0,Benign
2026-02-28 13:03:21,4625,8,6752,An account failed to log on. Account Name: administrator Source Network Address: 192.168.1.50.,0,Benign
2026-02-28 15:05:50,4625,12,4939,An account failed to log on. Source Network Address: 10.0.0.99.,1,T1046
2026-02-24 07:49:21,4624,9,8800,An account was successfully logged on. Subject: Security ID: S-1-5-21-1234567890 Account Name: Administrator Account Domain: CORP Logon Type: 3.,0,Benign
2026-02-23 01:20:35,4634,5,3156,An account was logged off. Logon Type: 2 Interactive.,0,Benign
2026-02-24 08:45:22,4625,8,7513,An account failed to log on. Logon Type: 10 Remote Desktop Services.,0,Benign
2026-02-25 08:06:38,4625,11,3748,An account failed to log on. Failure Reason: Account locked out.,0,Benign
2026-02-25 08:12:07,4720,11,2728,A user account was created. New Account Name: test_account.,0,Benign
2026-02-24 09:17:00,4625,5,3428,An account failed to log on. Subject: Security ID: S-1-0-0 Account Name: - Account Domain: - Logon Type: 3.,0,Benign
2026-02-26 14:19:23,4688,2,7208,A new process has been created. New Process Name: C:\Program Files\Google\Chrome\chrome.exe Command Line: chrome.exe --type=renderer.,0,Benign
2026-03-01 17:12:46,4634,9,5213,An account was logged off. Logon Type: 2 Interactive.,0,Benign
2026-03-01 12:21:16,4624,8,7936,An account was successfully logged on. Subject: Security ID: S-1-5-18 Account Name: SYSTEM Account Domain: NT AUTHORITY Logon ID: 0x3E7 Logon Type: 5.,0,Benign
2026-02-24 10:01:23,4648,9,3868,A logon was attempted using explicit credentials. Process: C:\Windows\System32\runas.exe.,0,Benign
2026-02-24 17:45:53,4688,9,8178,A new process has been created. New Process Name: C:\Program Files\Google\Chrome\chrome.exe Command Line: chrome.exe --type=renderer.,0,Benign
2026-02-25 13:41:49,4625,8,7311,An account failed to log on. Failure Reason: Unknown user name or bad password. Status: 0xC000006D Sub Status: 0xC000006A.,0,Benign
2026-03-01 13:04:24,4688,2,7247,A new process has been created. New Process Name: C:\Windows\System32\svchost.exe Creator Process Name: C:\Windows\System32\services.exe.,0,Benign
2026-03-01 10:15:02,4624,8,4098,An account was successfully logged on. Subject: Security ID: S-1-5-18 Account Name: SYSTEM Account Domain: NT AUTHORITY Logon ID: 0x3E7 Logon Type: 5.,0,Benign
2026-02-28 20:35:21,4625,5,9217,An account failed to log on. Subject: Security ID: S-1-0-0 Account Name: - Account Domain: - Logon Type: 3.,0,Benign
2026-02-23 15:39:23,4688,5,7842,A new process has been created. New Process Name: C:\Program Files\Google\Chrome\chrome.exe Command Line: chrome.exe --type=renderer.,0,Benign
2026-03-01 12:46:07,4688,2,555,A new process has been created. New Process Name: C:\Windows\System32\taskhostw.exe.,0,Benign
2026-02-24 13:57:29,4625,10,3941,An account failed to log on. Logon Type: 10 Remote Desktop Services.,0,Benign
2026-02-24 08:33:40,4732,11,209,A member was added to a security-enabled local group. Member Name: jdoe Group Name: Remote Desktop Users.,0,Benign
2026-02-23 11:14:16,4648,11,666,A logon was attempted using explicit credentials. Process: C:\Windows\System32\runas.exe.,0,Benign
2026-02-26 14:58:13,4625,2,3897,An account failed to log on. Failure Reason: Account locked out.,0,Benign
2026-02-23 06:21:01,4624,2,2160,An account was successfully logged on. Subject: Security ID: S-1-5-18 Account Name: SYSTEM Account Domain: NT AUTHORITY Logon ID: 0x3E7 Logon Type: 5.,0,Benign
2026-02-26 16:36:06,4624,7,506,An account was successfully logged on. Subject: Security ID: S-1-5-18 Account Name: SYSTEM Account Domain: NT AUTHORITY Logon ID: 0x3E7 Logon Type: 5.,0,Benign
2026-02-26 15:30:21,4688,7,9474,A new process has been created. New Process Name: C:\Windows\System32\svchost.exe Creator Process Name: C:\Windows\System32\services.exe.,0,Benign
2026-02-24 09:11:26,4688,9,1614,A new process has been created. New Process Name: C:\Program Files\Google\Chrome\chrome.exe Command Line: chrome.exe --type=renderer.,0,Benign
2026-02-27 09:23:16,4624,9,2903,An account was successfully logged on. New Logon: Account Name: jdoe Account Domain: CORP Logon ID: 0x1A2B3C.,0,Benign
2026-02-25 17:14:34,4648,12,4310,A logon was attempted using explicit credentials. Target Server: DC01 Target User: backup_svc.,0,Benign
2026-02-25 15:27:45,4625,12,6296,An account failed to log on. Subject: Security ID: S-1-0-0 Account Name: - Account Domain: - Logon Type: 3.,0,Benign
2026-02-24 08:09:44,4688,8,537,A new process has been created. New Process Name: C:\Windows\System32\notepad.exe.,0,Benign
2026-02-27 15:24:27,4625,7,4451,An account failed to log on. Subject: Security ID: S-1-0-0 Account Name: - Account Domain: - Logon Type: 3.,0,Benign
2026-02-26 16:32:08,4688,10,1037,A new process has been created. New Process Name: C:\Windows\System32\notepad.exe.,0,Benign
2026-02-23 14:49:27,4625,8,3004,An account failed to log on. Logon Type: 10 Remote Desktop Services.,0,Benign
2026-02-24 14:29:08,4634,7,8571,An account was logged off. Logon Type: 3.,0,Benign
2026-02-24 16:36:45,4648,9,3263,A logon was attempted using explicit credentials. Target Server: localhost Target User: admin.,0,Benign
2026-02-24 16:07:55,4625,3,9084,An account failed to log on. Subject: Security ID: S-1-0-0 Account Name: - Account Domain: - Logon Type: 3.,0,Benign
2026-02-25 14:34:23,4672,9,9516,Special privileges assigned to new logon. Subject: Security ID: S-1-5-18 Privileges: SeAssignPrimaryTokenPrivilege SeTcbPrivilege SeSecurityPrivilege.,0,Benign
2026-02-23 17:49:59,4624,10,5983,An account was successfully logged on. Subject: Security ID: S-1-5-21-1234567890 Account Name: Administrator Account Domain: CORP Logon Type: 3.,0,Benign
2026-02-28 16:42:51,4625,11,3513,An account failed to log on. Logon Type: 10 Remote Desktop Services.,0,Benign
2026-02-25 13:03:49,4648,3,9544,A logon was attempted using explicit credentials. Target Server: localhost Target User: admin.,0,Benign
2026-02-25 10:30:18,4624,12,2547,An account was successfully logged on. Subject: Security ID: S-1-5-18 Account Name: SYSTEM Account Domain: NT AUTHORITY Logon ID: 0x3E7 Logon Type: 5.,0,Benign
2026-02-25 10:20:30,4624,3,2873,An account was successfully logged on. Logon Type: 2 Interactive.,0,Benign
2026-02-25 11:51:44,4624,9,3464,An account was successfully logged on. Subject: Security ID: S-1-5-21-1234567890 Account Name: Administrator Account Domain: CORP Logon Type: 3.,0,Benign
2026-02-23 03:02:44,4672,3,7285,Special privileges assigned to new logon. Subject: Security ID: S-1-5-18 Privileges: SeAssignPrimaryTokenPrivilege SeTcbPrivilege SeSecurityPrivilege.,0,Benign
2026-02-28 12:36:17,4624,8,518,An account was successfully logged on. Logon Type: 2 Interactive.,0,Benign
2026-02-28 14:05:48,4634,7,1304,An account was logged off. Logon Type: 3.,0,Benign
2026-03-01 11:43:58,4688,5,3345,A new process has been created. New Process Name: C:\Windows\System32\notepad.exe.,0,Benign
2026-03-01 17:58:31,4624,5,2835,An account was successfully logged on. Logon Type: 10 Remote Desktop Services.,0,Benign
2026-02-24 22:09:20,4624,9,3473,An account was successfully logged on. Logon Type: 10 Remote Desktop Services.,0,Benign
2026-02-25 14:10:03,4625,10,2755,An account failed to log on. Account Name: administrator Source Network Address: 192.168.1.50.,0,Benign
2026-02-24 17:08:40,4624,12,999,An account was successfully logged on. Logon Type: 10 Remote Desktop Services.,0,Benign
2026-02-24 08:04:23,4624,12,6113,An account was successfully logged on. Subject: Security ID: S-1-5-21-1234567890 Account Name: Administrator Account Domain: CORP Logon Type: 3.,0,Benign
2026-02-28 08:09:45,4624,3,1161,An account was successfully logged on. Logon Type: 10 Remote Desktop Services.,0,Benign
2026-03-01 10:17:00,4688,9,2631,A new process has been created. New Process Name: C:\Windows\System32\notepad.exe.,0,Benign
2026-02-25 07:35:54,4624,7,3892,An account was successfully logged on. Subject: Security ID: S-1-5-21-1234567890 Account Name: Administrator Account Domain: CORP Logon Type: 3.,0,Benign
