2026-03-01 11:02:45,4624,11,7440,An account was successfully logged on. New Logon: Account Name: jdoe Account Domain: CORP Logon ID: 0x1A2B3C.,0,Benign
2026-02-23 10:15:42,4624,7,2217,An account was successfully logged on. New Logon: Account Name: jdoe Account Domain: CORP Logon ID: 0x1A2B3C.,0,Benign
2026-02-23 17:27:51,4625,12,412,An account failed to log on. Failure Reason: Account locked out.,0,Benign
2026-02-28 07:24:16,4634,9,1373,An account was logged off. Logon Type: 2 Interactive.,0,Benign
2026-02-26 17:43:10,4625,12,9901,An account failed to log on. Failure Reason: Unknown user name or bad password. Status: 0xC000006D Sub Status: 0xC000006A.,0,Benign
2026-02-26 15:37:51,4688,2,2684,A new process has been created. New Process Name: C:\Windows\System32\wbem\WMIC.exe Command Line: wmic process call create calc.exe.,1,T1047
2026-02-24 08:13:58,4624,7,9958,An account was successfully logged on. Subject: Security ID: S-1-5-21-1234567890 Account Name: Administrator Account Domain: CORP Logon Type: 3.,0,Benign
2026-02-24 12:19:34,4672,7,4636,Special privileges assigned to new logon. Subject: Security ID: S-1-5-18 Privileges: SeAssignPrimaryTokenPrivilege SeTcbPrivilege SeSecurityPrivilege.,0,Benign
2026-02-27 08:33:37,4720,10,8795,A user account was created. New Account Name: tempuser New Account Domain: CORP.,0,Benign
2026-02-23 09:34:39,4624,5,4104,An account was successfully logged on. Subject: Security ID: S-1-5-18 Account Name: SYSTEM Account Domain: NT AUTHORITY Logon ID: 0x3E7 Logon Type: 5.,0,Benign
2026-02-24 16:25:15,4624,9,236,An account was successfully logged on. Logon Type: 10 Remote Desktop Services.,0,Benign
2026-02-28 01:13:22,4648,3,5200,A logon was attempted using explicit credentials. Process: C:\Windows\System32\runas.exe.,0,Benign
2026-02-26 16:38:30,4648,2,968,A logon was attempted using explicit credentials. Target Server: localhost Target User: admin.,0,Benign
2026-02-27 14:46:25,4634,5,9957,An account was logged off. Subject: Security ID: S-1-5-21-1234567890 Account Name: jdoe.,1,Benign
2026-02-23 16:22:14,4648,5,9235,A logon was attempted using explicit credentials. Process: C:\Windows\System32\runas.exe.,0,Benign
2026-02-25 23:30:47,4625,11,794,An account failed to log on. Failure Reason: Account locked out.,0,Benign
2026-02-27 17:40:31,4624,3,9995,An account was successfully logged on. Logon Type: 2 Interactive.,0,Benign
2026-02-23 13:20:20,4625,3,2673,An account failed to log on. Logon Type: 10 Remote Desktop Services.,0,Benign
2026-02-23 11:38:00,4688,11,8624,A new process has been created. New Process Name: C:\Windows\System32\taskhostw.exe.,0,Benign
2026-02-27 10:02:24,4624,12,7889,An account was successfully logged on. Logon Type: 10 Remote Desktop Services.,0,Benign
2026-02-24 16:02:28,4624,11,6344,An account was successfully logged on. Logon Type: 10 Remote Desktop Services.,0,Benign
2026-03-01 08:37:07,4624,2,1514,An account was successfully logged on. Logon Type: 2 Interactive.,0,Benign
2026-02-27 13:51:37,4648,11,7480,A logon was attempted using explicit credentials. Target Server: DC01 Target User: backup_svc.,0,Benign
2026-03-01 05:37:44,4624,7,7783,An account was successfully logged on. Logon Type: 10 Remote Desktop Services.,0,Benign
2026-02-23 10:54:20,4624,10,3516,An account was successfully logged on. Subject: Security ID: S-1-5-18 Account Name: SYSTEM Account Domain: NT AUTHORITY Logon ID: 0x3E7 Logon Type: 5.,0,Benign
2026-03-01 12:50:20,4625,7,8920,An account failed to log on. Logon Type: 10 Remote Desktop Services.,0,Benign
2026-02-26 15:35:57,4634,3,5457,An account was logged off. Logon Type: 3.,0,Benign
2026-02-23 09:55:10,4634,7,8685,An account was logged off. Logon Type: 3.,0,Benign
2026-02-28 10:13:51,4624,9,1230,An account was successfully logged on. Subject: Security ID: S-1-5-21-1234567890 Account Name: Administrator Account Domain: CORP Logon Type: 3.,0,Benign
2026-02-25 17:21:15,4648,8,6249,A logon was attempted using explicit credentials. Target Server: DC01 Target User: backup_svc.,0,Benign
2026-02-25 12:38:18,4624,10,2375,An account was successfully logged on. Logon Type: 2 Interactive.,0,Benign
2026-02-25 13:56:03,4625,2,1427,An account failed to log on. Failure Reason: Unknown user name or bad password. Status: 0xC000006D Sub Status: 0xC000006A.,0,Benign
2026-02-25 16:03:01,4624,10,7037,An account was successfully logged on. New Logon: Account Name: jdoe Account Domain: CORP Logon ID: 0x1A2B3C.,0,Benign
2026-02-24 08:06:08,4624,9,3662,An account was successfully logged on. Logon Type: 2 Interactive.,0,Benign
2026-02-26 14:11:45,4624,7,6277,An account was successfully logged on. New Logon: Account Name: jdoe Account Domain: CORP Logon ID: 0x1A2B3C.,0,Benign
2026-02-23 12:23:59,4648,12,9200,A logon was attempted using explicit credentials. Target Server: localhost Target User: admin.,0,Benign
2026-02-24 13:36:23,4624,11,3077,An account was successfully logged on. Subject: Security ID: S-1-5-18 Account Name: SYSTEM Account Domain: NT AUTHORITY Logon ID: 0x3E7 Logon Type: 5.,0,Benign
2026-02-26 08:29:56,4672,11,4822,Special privileges assigned to new logon. Subject: Security ID: S-1-5-21-1234567890 Account Name: Administrator Privileges: SeDebugPrivilege.,1,Benign
2026-02-27 09:26:49,4624,11,2996,An account was successfully logged on. Logon Type: 2 Interactive.,0,Benign
2026-02-24 13:07:17,4624,10,6621,An account was successfully logged on. Subject: Security ID: S-1-5-21-1234567890 Account Name: Administrator Account Domain: CORP Logon Type: 3.,0,Benign
2026-02-27 11:47:34,4624,7,9986,An account was successfully logged on. New Logon: Account Name: jdoe Account Domain: CORP Logon ID: 0x1A2B3C.,0,Benign
2026-02-25 16:58:24,4648,12,5090,A logon was attempted using explicit credentials. Target Server: localhost Target User: admin.,0,Benign
2026-02-25 15:03:24,4648,3,8983,A logon was attempted using explicit credentials. Target Server: DC01 Target User: backup_svc.,0,Benign
2026-02-26 08:46:50,4625,9,9083,An account failed to log on. Failure Reason: Unknown user name or bad password. Status: 0xC000006D Sub Status: 0xC000006A.,0,Benign
2026-02-26 10:35:40,4624,10,686,An account was successfully logged on. Logon Type: 10 Remote Desktop Services.,0,Benign
2026-02-25 08:04:00,4624,9,5113,An account was successfully logged on. Logon Type: 10 Remote Desktop Services.,0,Benign
2026-02-24 08:52:31,4624,7,120,An account was successfully logged on. Logon Type: 10 Remote Desktop Services.,0,Benign
2026-02-27 09:47:20,4624,5,7862,An account was successfully logged on. Logon Type: 2 Interactive.,0,Benign
2026-02-28 06:26:57,4624,12,1012,An account was successfully logged on. New Logon: Account Name: jdoe Account Domain: CORP Logon ID: 0x1A2B3C.,0,Benign
2026-02-24 15:19:09,4688,12,4556,A new process has been created. New Process Name: C:\Windows\System32\taskhostw.exe.,0,Benign
2026-02-27 10:55:34,4732,7,5947,A member was added to a security-enabled local group. Member Name: jdoe Group Name: Remote Desktop Users.,0,Benign
2026-02-23 11:07:23,4720,3,6466,A user account was created. New Account Name: test_account.,0,Benign
2026-02-28 11:07:31,4688,12,7102,A new process has been created. New Process Name: C:\Windows\System32\taskhostw.exe.,0,Benign
2026-02-24 15:04:38,4624,11,2991,An account was successfully logged on. Logon Type: 2 Interactive.,0,Benign
2026-02-25 12:50:33,4634,9,1940,An account was logged off. Subject: Security ID: S-1-5-21-1234567890 Account Name: jdoe.,0,Benign
2026-02-25 17:05:05,4634,2,8944,An account was logged off. Subject: Security ID: S-1-5-21-1234567890 Account Name: jdoe.,0,Benign
2026-02-23 09:13:27,4624,9,8785,An account was successfully logged on. Subject: Security ID: S-1-5-21-1234567890 Account Name: Administrator Account Domain: CORP Logon Type: 3.,0,Benign
2026-02-27 14:11:52,4625,10,8898,An account failed to log on. Subject: Security ID: S-1-0-0 Account Name: - Account Domain: - Logon Type: 3.,0,Benign
2026-02-25 10:31:05,4688,3,3529,A new process has been created. New Process Name: C:\Windows\System32\svchost.exe Creator Process Name: C:\Windows\System32\services.exe.,0,Benign
2026-02-28 09:11:18,4625,9,3874,An account failed to log on. Subject: Security ID: S-1-0-0 Account Name: - Account Domain: - Logon Type: 3.,0,Benign
2026-02-24 13:11:32,4624,12,7782,An account was successfully logged on. New Logon: Account Name: jdoe Account Domain: CORP Logon ID: 0x1A2B3C.,0,Benign
2026-02-28 14:27:06,4624,11,8116,An account was successfully logged on. Logon Type: 10 Remote Desktop Services.,0,Benign
2026-02-28 17:56:53,4688,8,4263,A new process has been created. New Process Name: C:\Windows\System32\taskhostw.exe.,0,Benign
2026-03-01 07:18:34,4688,3,6696,A new process has been created. New Process Name: C:\Windows\System32\taskhostw.exe.,0,Benign
2026-02-23 05:51:02,4624,2,5569,An account was successfully logged on. Subject: Security ID: S-1-5-18 Account Name: SYSTEM Account Domain: NT AUTHORITY Logon ID: 0x3E7 Logon Type: 5.,0,Benign
2026-03-01 21:33:04,4688,11,6056,A new process has been created. New Process Name: C:\Program Files\Google\Chrome\chrome.exe Command Line: chrome.exe --type=renderer.,0,Benign
2026-02-28 16:22:51,4624,7,4027,An account was successfully logged on. Subject: Security ID: S-1-5-18 Account Name: SYSTEM Account Domain: NT AUTHORITY Logon ID: 0x3E7 Logon Type: 5.,0,Benign
2026-02-27 21:20:43,4624,11,9673,An account was successfully logged on. Subject: Security ID: S-1-5-21-1234567890 Account Name: Administrator Account Domain: CORP Logon Type: 3.,0,Benign
2026-02-24 14:43:28,4624,10,7021,An account was successfully logged on. Subject: Security ID: S-1-5-18 Account Name: SYSTEM Account Domain: NT AUTHORITY Logon ID: 0x3E7 Logon Type: 5.,0,Benign
2026-02-24 15:21:39,4732,9,1050,A member was added to a security-enabled local group. Member Name: tempuser Group Name: Administrators.,0,Benign
2026-02-27 09:09:27,4624,5,8114,An account was successfully logged on. Subject: Security ID: S-1-5-21-1234567890 Account Name: Administrator Account Domain: CORP Logon Type: 3.,0,Benign
2026-02-27 12:26:08,4720,9,4857,A user account was created. New Account Name: tempuser New Account Domain: CORP.,0,Benign
2026-02-24 05:10:01,4624,9,5853,An account was successfully logged on. Subject: Security ID: S-1-5-21-1234567890 Account Name: Administrator Account Domain: CORP Logon Type: 3.,0,Benign
2026-03-01 15:12:05,4648,9,1592,A logon was attempted using explicit credentials. Target Server: DC01 Target User: backup_svc.,0,Benign
2026-02-26 16:38:50,4624,10,1597,An account was successfully logged on. Logon Type: 2 Interactive.,0,Benign
2026-02-28 14:54:05,4624,10,6994,An account was successfully logged on. Logon Type: 2 Interactive.,0,Benign
2026-02-26 08:50:55,4624,8,6891,An account was successfully logged on. Subject: Security ID: S-1-5-21-1234567890 Account Name: Administrator Account Domain: CORP Logon Type: 3.,0,Benign
2026-02-24 15:00:43,4648,11,1390,A logon was attempted using explicit credentials. Target Server: localhost Target User: admin.,0,Benign
2026-02-24 15:15:56,4624,2,3083,An account was successfully logged on. Subject: Security ID: S-1-5-21-1234567890 Account Name: Administrator Account Domain: CORP Logon Type: 3.,0,Benign
2026-02-23 12:48:44,4634,10,3188,An account was logged off. Logon Type: 3.,0,Benign
2026-02-27 12:04:01,4624,9,4985,An account was successfully logged on. Subject: Security ID: S-1-5-18 Account Name: SYSTEM Account Domain: NT AUTHORITY Logon ID: 0x3E7 Logon Type: 5.,0,Benign
2026-02-24 13:17:50,4624,10,4519,An account was successfully logged on. Logon Type: 2 Interactive.,0,Benign
2026-02-27 07:10:13,4624,2,3063,An account was successfully logged on. Subject: Security ID: S-1-5-18 Account Name: SYSTEM Account Domain: NT AUTHORITY Logon ID: 0x3E7 Logon Type: 5.,0,Benign
2026-02-28 13:08:37,4688,5,6769,A new process has been created. New Process Name: C:\Windows\System32\svchost.exe Creator Process Name: C:\Windows\System32\services.exe.,0,Benign
2026-02-25 12:23:08,4624,12,9127,An account was successfully logged on. Logon Type: 10 Remote Desktop Services.,0,Benign
2026-02-27 16:19:13,4624,9,2908,An account was successfully logged on. Subject: Security ID: S-1-5-21-1234567890 Account Name: Administrator Account Domain: CORP Logon Type: 3.,0,Benign
2026-02-27 11:56:32,4625,12,251,An account failed to log on. Account Name: administrator Source Network Address: 192.168.1.50.,0,Benign
2026-02-23 10:41:54,4624,8,1789,An account was successfully logged on. Subject: Security ID: S-1-5-21-1234567890 Account Name: Administrator Account Domain: CORP Logon Type: 3.,0,Benign
2026-02-26 08:19:49,4688,2,9185,A new process has been created. New Process Name: C:\Windows\System32\taskhostw.exe.,0,Benign
2026-02-27 08:17:49,4732,12,4534,A member was added to a security-enabled local group. Member Name: svc_backup Group Name: Backup Operators.,0,Benign
2026-03-01 11:59:30,4624,7,4531,An account was successfully logged on. Logon Type: 10 Remote Desktop Services.,0,Benign
2026-02-27 13:52:58,4648,8,1590,A logon was attempted using explicit credentials. Target Server: DC01 Target User: backup_svc.,0,Benign
2026-02-27 08:05:36,4624,5,246,An account was successfully logged on. Subject: Security ID: S-1-5-18 Account Name: SYSTEM Account Domain: NT AUTHORITY Logon ID: 0x3E7 Logon Type: 5.,0,Benign
2026-02-26 09:59:36,4648,8,5958,A logon was attempted using explicit credentials. Target Server: DC01 Target User: backup_svc.,0,Benign
2026-02-24 08:01:21,4672,3,2051,Special privileges assigned to new logon. Subject: Security ID: S-1-5-18 Privileges: SeAssignPrimaryTokenPrivilege SeTcbPrivilege SeSecurityPrivilege.,0,Benign
2026-02-26 17:33:41,4624,11,5851,An account was successfully logged on. Logon Type: 10 Remote Desktop Services.,0,Benign
2026-03-01 15:36:54,4625,2,142,An account failed to log on. Failure Reason: Account locked out.,0,Benign
2026-02-27 16:41:04,4634,12,916,An account was logged off. Logon Type: 2 Interactive.,0,Benign
2026-03-01 16:53:44,4624,12,6979,An account was successfully logged on. New Logon: Account Name: jdoe Account Domain: CORP Logon ID: 0x1A2B3C.,0,Benign
2026-02-25 08:20:33,4648,3,5697,A logon was attempted using explicit credentials. Process: C:\Windows\System32\runas.exe.,0,Benign
2026-02-26 11:41:11,4624,3,1935,An account was successfully logged on. Subject: Security ID: S-1-5-18 Account Name: SYSTEM Account Domain: NT AUTHORITY Logon ID: 0x3E7 Logon Type: 5.,0,Benign
2026-02-26 17:30:56,4634,9,4126,An account was logged off. Logon Type: 2 Interactive.,0,Benign
2026-02-25 09:37:07,4624,12,9377,An account was successfully logged on. Subject: Security ID: S-1-5-21-1234567890 Account Name: Administrator Account Domain: CORP Logon Type: 3.,0,Benign
2026-02-24 08:27:50,4624,2,7635,An account was successfully logged on. New Logon: Account Name: jdoe Account Domain: CORP Logon ID: 0x1A2B3C.,0,Benign
2026-02-28 12:49:30,4688,5,9574,A new process has been created. New Process Name: C:\Windows\System32\notepad.exe.,0,Benign
2026-02-25 16:02:58,4634,3,3144,An account was logged off. Logon Type: 2 Interactive.,0,Benign
2026-02-25 03:31:20,4648,8,6081,A logon was attempted using explicit credentials. Target Server: localhost Target User: admin.,0,Benign
2026-02-26 17:56:50,4624,9,7879,An account was successfully logged on. Logon Type: 2 Interactive.,0,Benign
2026-02-27 16:46:00,4720,7,8525,A user account was created. New Account Name: tempuser New Account Domain: CORP.,0,Benign
2026-03-01 08:10:07,4688,2,5521,A new process has been created. New Process Name: C:\Windows\System32\svchost.exe Creator Process Name: C:\Windows\System32\services.exe.,0,Benign
2026-02-24 10:06:58,4648,2,1840,A logon was attempted using explicit credentials. Process: C:\Windows\System32\runas.exe.,0,Benign
2026-02-25 15:08:14,4624,3,7721,An account was successfully logged on. Subject: Security ID: S-1-5-21-1234567890 Account Name: Administrator Account Domain: CORP Logon Type: 3.,0,Benign
2026-02-28 09:17:38,4625,8,2102,An account failed to log on. Subject: Security ID: S-1-0-0 Account Name: - Account Domain: - Logon Type: 3.,0,Benign
2026-02-28 17:53:21,4624,3,8063,An account was successfully logged on. Subject: Security ID: S-1-5-18 Account Name: SYSTEM Account Domain: NT AUTHORITY Logon ID: 0x3E7 Logon Type: 5.,0,Benign
2026-02-25 09:54:05,4624,8,2521,An account was successfully logged on. Subject: Security ID: S-1-5-21-1234567890 Account Name: Administrator Account Domain: CORP Logon Type: 3.,0,Benign
2026-03-01 14:28:14,4688,12,6182,A new process has been created. New Process Name: C:\Program Files\Google\Chrome\chrome.exe Command Line: chrome.exe --type=renderer.,0,Benign
2026-02-25 01:00:03,4624,12,2669,An account was successfully logged on. Subject: Security ID: S-1-5-21-1234567890 Account Name: Administrator Account Domain: CORP Logon Type: 3.,0,Benign
2026-02-28 09:54:32,4624,12,1798,An account was successfully logged on. Logon Type: 2 Interactive.,0,Benign
2026-02-24 17:26:31,4648,10,8951,A logon was attempted using explicit credentials. Target Server: localhost Target User: admin.,0,Benign
2026-02-25 08:26:33,4624,3,3021,An account was successfully logged on. Logon Type: 2 Interactive.,0,Benign
2026-02-28 15:58:27,4624,8,5218,An account was successfully logged on. New Logon: Account Name: jdoe Account Domain: CORP Logon ID: 0x1A2B3C.,0,Benign
2026-02-27 13:08:06,4688,10,9070,A new process has been created. New Process Name: C:\Windows\System32\svchost.exe Creator Process Name: C:\Windows\System32\services.exe.,0,Benign
2026-02-25 14:22:37,4624,10,5020,An account was successfully logged on. Logon Type: 2 Interactive.,0,Benign
2026-03-01 16:28:39,4624,10,4915,An account was successfully logged on. New Logon: Account Name: jdoe Account Domain: CORP Logon ID: 0x1A2B3C.,0,Benign
2026-02-24 15:20:54,4634,10,6232,An account was logged off. Logon Type: 3.,0,Benign
2026-02-27 07:35:30,4672,5,2934,Special privileges assigned to new logon. Subject: Security ID: S-1-5-18 Privileges: SeAssignPrimaryTokenPrivilege SeTcbPrivilege SeSecurityPrivilege.,0,Benign
2026-02-24 08:09:52,4624,3,4198,An account was successfully logged on. Subject: Security ID: S-1-5-18 Account Name: SYSTEM Account Domain: NT AUTHORITY Logon ID: 0x3E7 Logon Type: 5.,0,Benign
2026-02-27 09:26:55,4624,7,4474,An account was successfully logged on. Subject: Security ID: S-1-5-18 Account Name: SYSTEM Account Domain: NT AUTHORITY Logon ID: 0x3E7 Logon Type: 5.,0,Benign
2026-02-28 15:19:32,4688,9,2120,A new process has been created. New Process Name: C:\Windows\System32\cmd.exe Command Line: cmd.exe /c dir.,0,Benign
2026-02-28 16:07:37,4625,12,4981,An account failed to log on. Failure Reason: Unknown user name or bad password. Status: 0xC000006D Sub Status: 0xC000006A.,0,Benign
2026-02-28 09:55:06,4688,3,3596,A new process has been created. New Process Name: C:\Windows\System32\cmd.exe Command Line: cmd.exe /c dir.,0,Benign
2026-02-25 16:54:03,4624,9,9764,An account was successfully logged on. Subject: Security ID: S-1-5-21-1234567890 Account Name: Administrator Account Domain: CORP Logon Type: 3.,0,Benign
2026-02-27 09:53:14,4625,7,941,An account failed to log on. Account Name: administrator Source Network Address: 192.168.1.50.,0,Benign
2026-03-01 16:15:04,4624,5,7308,An account was successfully logged on. Subject: Security ID: S-1-5-18 Account Name: SYSTEM Account Domain: NT AUTHORITY Logon ID: 0x3E7 Logon Type: 5.,0,Benign
2026-02-27 17:43:51,4648,12,3972,A logon was attempted using explicit credentials. Process: C:\Windows\System32\runas.exe.,0,Benign
2026-02-23 10:48:15,4634,9,7400,An account was logged off. Subject: Security ID: S-1-5-21-1234567890 Account Name: jdoe.,0,Benign
2026-02-24 16:12:11,4672,5,3339,Special privileges assigned to new logon. Account Name: SYSTEM Privileges: SeBackupPrivilege SeRestorePrivilege.,0,Benign
2026-03-01 11:04:04,4624,3,1072,An account was successfully logged on. New Logon: Account Name: jdoe Account Domain: CORP Logon ID: 0x1A2B3C.,0,Benign
2026-02-26 14:12:55,4624,7,8128,An account was successfully logged on. Logon Type: 10 Remote Desktop Services.,0,Benign
2026-02-28 09:54:50,4634,9,8251,An account was logged off. Logon Type: 2 Interactive.,0,Benign
2026-02-26 12:50:51,4648,10,6845,A logon was attempted using explicit credentials. Process: C:\Windows\System32\runas.exe.,0,Benign
2026-02-28 16:46:41,4624,12,2707,An account was successfully logged on. Subject: Security ID: S-1-5-18 Account Name: SYSTEM Account Domain: NT AUTHORITY Logon ID: 0x3E7 Logon Type: 5.,0,Benign
2026-02-26 11:28:03,4672,10,2166,Special privileges assigned to new logon. Subject: Security ID: S-1-5-21-1234567890 Account Name: Administrator Privileges: SeDebugPrivilege.,0,Benign
2026-02-28 06:02:18,4624,3,5771,An account was successfully logged on. Logon Type: 2 Interactive.,0,Benign
2026-02-27 12:19:22,4648,12,4769,A logon was attempted using explicit credentials. Target Server: localhost Target User: admin.,0,Benign
2026-02-27 17:38:03,4625,3,8526,An account failed to log on. Logon Type: 10 Remote Desktop Services.,0,Benign
2026-02-27 16:31:28,4624,2,5651,An account was successfully logged on. Subject: Security ID: S-1-5-18 Account Name: SYSTEM Account Domain: NT AUTHORITY Logon ID: 0x3E7 Logon Type: 5.,0,Benign
2026-02-24 13:02:57,4624,9,4928,An account was successfully logged on. New Logon: Account Name: jdoe Account Domain: CORP Logon ID: 0x1A2B3C.,0,Benign
2026-02-24 13:59:35,4648,7,2365,A logon was attempted using explicit credentials. Target Server: localhost Target User: admin.,0,Benign
2026-02-27 16:14:08,4720,9,7969,A user account was created. New Account Name: svc_backup New Account Domain: CORP.,0,Benign
2026-02-26 08:06:44,4672,12,6363,Special privileges assigned to new logon. Account Name: SYSTEM Privileges: SeBackupPrivilege SeRestorePrivilege.,0,Benign
2026-02-25 13:17:16,4648,5,923,A logon was attempted using explicit credentials. Process: C:\Windows\System32\runas.exe.,0,Benign
2026-02-26 15:10:01,4624,3,2692,An account was successfully logged on. Subject: Security ID: S-1-5-18 Account Name: SYSTEM Account Domain: NT AUTHORITY Logon ID: 0x3E7 Logon Type: 5.,0,Benign
2026-02-25 17:14:14,4624,10,6600,An account was successfully logged on. Subject: Security ID: S-1-5-18 Account Name: SYSTEM Account Domain: NT AUTHORITY Logon ID: 0x3E7 Logon Type: 5.,0,Benign
2026-02-28 08:44:08,4624,5,1832,An account was successfully logged on. Logon Type: 2 Interactive.,0,Benign
2026-02-28 16:32:20,4732,5,9508,A member was added to a security-enabled local group. Member Name: svc_backup Group Name: Backup Operators.,0,Benign
2026-02-25 14:18:01,4625,10,179,An account failed to log on. Account Name: administrator Source Network Address: 192.168.1.50.,0,Benign
2026-02-28 12:07:12,4688,12,3757,A new process has been created. New Process Name: C:\Windows\System32\svchost.exe Creator Process Name: C:\Windows\System32\services.exe.,0,Benign
2026-02-24 00:49:23,4624,9,1830,An account was successfully logged on. Logon Type: 2 Interactive.,0,Benign
2026-03-01 10:27:30,4624,5,6946,An account was successfully logged on. Subject: Security ID: S-1-5-21-1234567890 Account Name: Administrator Account Domain: CORP Logon Type: 3.,0,Benign
2026-02-23 22:39:08,4688,2,3548,A new process has been created. New Process Name: C:\Windows\System32\notepad.exe.,0,Benign
2026-03-01 12:09:31,4624,9,9373,An account was successfully logged on. Logon Type: 2 Interactive.,0,Benign
2026-03-01 11:27:38,4625,8,8212,An account failed to log on. Logon Type: 10 Remote Desktop Services.,0,Benign
2026-02-24 12:06:10,4688,8,8601,A new process has been created. New Process Name: C:\Windows\System32\taskhostw.exe.,0,Benign
2026-02-27 10:46:48,4624,7,3379,An account was successfully logged on. Logon Type: 2 Interactive.,0,Benign
2026-02-23 11:46:43,4624,8,1220,An account was successfully logged on. Logon Type: 2 Interactive.,0,Benign
2026-02-23 05:17:38,4624,3,5324,An account was successfully logged on. Logon Type: 10 Remote Desktop Services.,0,Benign
2026-02-25 00:32:59,4625,11,9895,An account failed to log on. Logon Type: 10 Remote Desktop Services.,0,Benign
2026-02-24 12:31:12,4688,2,5814,A new process has been created. New Process Name: C:\Windows\System32\notepad.exe.,0,Benign
2026-02-25 12:27:16,4634,8,6499,An account was logged off. Subject: Security ID: S-1-5-21-1234567890 Account Name: jdoe.,0,Benign
2026-02-28 10:38:18,4624,3,6733,An account was successfully logged on. New Logon: Account Name: jdoe Account Domain: CORP Logon ID: 0x1A2B3C.,0,Benign
2026-02-27 16:57:21,4688,12,6085,A new process has been created. New Process Name: C:\Windows\System32\notepad.exe.,0,Benign
2026-02-25 10:53:44,4648,7,5771,A logon was attempted using explicit credentials. Process: C:\Windows\System32\runas.exe.,0,Benign
2026-02-26 15:27:46,4624,5,880,An account was successfully logged on. Subject: Security ID: S-1-5-21-1234567890 Account Name: Administrator Account Domain: CORP Logon Type: 3.,0,Benign
2026-03-01 09:50:24,4688,11,9331,A new process has been created. New Process Name: C:\Windows\System32\svchost.exe Creator Process Name: C:\Windows\System32\services.exe.,0,Benign
2026-02-24 14:02:40,4624,10,4736,An account was successfully logged on. New Logon: Account Name: jdoe Account Domain: CORP Logon ID: 0x1A2B3C.,0,Benign
2026-02-24 14:30:38,4624,11,3809,An account was successfully logged on. Subject: Security ID: S-1-5-18 Account Name: SYSTEM Account Domain: NT AUTHORITY Logon ID: 0x3E7 Logon Type: 5.,0,Benign
2026-02-23 16:54:20,4625,12,6974,An account failed to log on. Account Name: administrator Source Network Address: 192.168.1.50.,0,Benign
2026-02-28 09:22:15,4688,5,8447,A new process has been created. New Process Name: C:\Windows\System32\taskhostw.exe.,0,Benign
2026-02-26 11:28:08,4688,10,4769,A new process has been created. New Process Name: C:\Windows\System32\cmd.exe Command Line: cmd.exe /c dir.,0,Benign
2026-02-28 14:59:02,4732,3,4417,A member was added to a security-enabled local group. Member Name: tempuser Group Name: Administrators.,0,Benign
2026-02-23 05:34:33,4624,2,9370,An account was successfully logged on. Logon Type: 2 Interactive.,0,Benign
2026-02-25 08:38:22,4624,10,4535,An account was successfully logged on. New Logon: Account Name: jdoe Account Domain: CORP Logon ID: 0x1A2B3C.,0,Benign
2026-02-26 12:13:34,4624,10,2742,An account was successfully logged on. Subject: Security ID: S-1-5-21-1234567890 Account Name: Administrator Account Domain: CORP Logon Type: 3.,0,Benign
2026-02-28 13:31:33,4634,11,7430,An account was logged off. Logon Type: 3.,0,Benign
2026-02-25 12:42:09,4624,3,808,An account was successfully logged on. Subject: Security ID: S-1-5-18 Account Name: SYSTEM Account Domain: NT AUTHORITY Logon ID: 0x3E7 Logon Type: 5.,0,Benign
2026-02-27 01:06:47,4648,2,4200,A logon was attempted using explicit credentials. Process: C:\Windows\System32\runas.exe.,0,Benign
2026-02-27 16:27:00,4625,7,5314,An account failed to log on. Account Name: administrator Source Network Address: 192.168.1.50.,0,Benign
2026-02-27 14:57:03,4720,9,7592,A user account was created. New Account Name: tempuser New Account Domain: CORP.,0,Benign
2026-02-24 12:32:01,4672,11,3914,Special privileges assigned to new logon. Account Name: SYSTEM Privileges: SeBackupPrivilege SeRestorePrivilege.,0,Benign
2026-02-28 23:18:24,4648,11,1109,A logon was attempted using explicit credentials. Target Server: localhost Target User: admin.,0,Benign
2026-03-01 17:46:52,4688,8,9031,A new process has been created. New Process Name: C:\Windows\System32\taskhostw.exe.,0,Benign
2026-02-24 03:01:55,4634,5,6811,An account was logged off. Logon Type: 2 Interactive.,0,Benign
2026-02-23 14:07:42,4648,10,228,A logon was attempted using explicit credentials. Target Server: DC01 Target User: backup_svc.,0,Benign
2026-02-25 12:38:02,4672,11,5248,Special privileges assigned to new logon. Subject: Security ID: S-1-5-18 Privileges: SeAssignPrimaryTokenPrivilege SeTcbPrivilege SeSecurityPrivilege.,0,Benign
2026-02-28 12:04:49,4624,12,992,An account was successfully logged on. Logon Type: 10 Remote Desktop Services.,0,Benign
2026-02-25 04:56:11,4625,11,5031,An account failed to log on. Account Name: administrator Source Network Address: 192.168.1.50.,0,Benign
2026-02-28 17:07:26,4624,2,3127,An account was successfully logged on. Subject: Security ID: S-1-5-21-1234567890 Account Name: Administrator Account Domain: CORP Logon Type: 3.,0,Benign
2026-02-27 12:19:56,4688,3,5244,A new process has been created. New Process Name: C:\Program Files\Google\Chrome\chrome.exe Command Line: chrome.exe --type=renderer.,0,Benign
2026-02-25 11:04:33,4624,11,4125,An account was successfully logged on. Subject: Security ID: S-1-5-21-1234567890 Account Name: Administrator Account Domain: CORP Logon Type: 3.,0,Benign
2026-02-24 17:53:26,4648,7,6522,A logon was attempted using explicit credentials. Process: C:\Windows\System32\runas.exe.,0,Benign
2026-02-23 21:44:32,4648,10,8511,A logon was attempted using explicit credentials. Target Server: DC01 Target User: backup_svc.,0,Benign
2026-02-26 09:31:47,4688,8,3492,A new process has been created. New Process Name: C:\Windows\System32\notepad.exe.,0,Benign
2026-02-23 09:44:35,4648,3,7859,A logon was attempted using explicit credentials. Target Server: localhost Target User: admin.,0,Benign
2026-03-01 10:43:42,4624,11,4350,An account was successfully logged on. Logon Type: 10 Remote Desktop Services.,0,Benign
2026-02-27 14:01:31,4625,9,9300,An account failed to log on. Failure Reason: Account locked out.,0,Benign
2026-02-25 03:40:23,4688,7,5261,A new process has been created. New Process Name: C:\Windows\System32\taskhostw.exe.,0,Benign
2026-02-23 10:30:14,4625,2,7778,An account failed to log on. Account Name: administrator Source Network Address: 192.168.1.50.,0,Benign
2026-02-27 16:02:25,4624,2,5466,An account was successfully logged on. New Logon: Account Name: jdoe Account Domain: CORP Logon ID: 0x1A2B3C.,0,Benign
2026-03-01 13:09:29,4672,2,7273,Special privileges assigned to new logon. Subject: Security ID: S-1-5-18 Privileges: SeAssignPrimaryTokenPrivilege SeTcbPrivilege SeSecurityPrivilege.,0,Benign
2026-02-25 17:53:14,4625,7,9196,An account failed to log on. Logon Type: 10 Remote Desktop Services.,0,Benign
2026-02-25 19:00:54,4732,5,4410,A member was added to a security-enabled local group. Member Name: tempuser Group Name: Administrators.,0,Benign
2026-02-23 17:20:18,4625,12,2467,An account failed to log on. Account Name: administrator Source Network Address: 192.168.1.50.,0,Benign
2026-02-27 22:02:39,4624,5,887,An account was successfully logged on. Subject: Security ID: S-1-5-21-1234567890 Account Name: Administrator Account Domain: CORP Logon Type: 3.,0,Benign
2026-03-01 08:26:56,4648,2,4413,A logon was attempted using explicit credentials. Process: C:\Windows\System32\runas.exe.,0,Benign
2026-02-27 14:42:14,4624,10,2927,An account was successfully logged on. Subject: Security ID: S-1-5-18 Account Name: SYSTEM Account Domain: NT AUTHORITY Logon ID: 0x3E7 Logon Type: 5.,0,Benign
2026-02-26 09:58:20,4720,3,6068,A user account was created. New Account Name: tempuser New Account Domain: CORP.,0,Benign
2026-02-27 02:14:46,4624,2,747,An account was successfully logged on. New Logon: Account Name: jdoe Account Domain: CORP Logon ID: 0x1A2B3C.,0,Benign
2026-02-27 16:36:00,4688,5,4880,A new process has been created. New Process Name: C:\Windows\System32\taskhostw.exe.,0,Benign
2026-03-01 16:03:16,4624,11,4618,An account was successfully logged on. Subject: Security ID: S-1-5-18 Account Name: SYSTEM Account Domain: NT AUTHORITY Logon ID: 0x3E7 Logon Type: 5.,0,Benign
2026-02-25 11:03:51,4625,10,4867,An account failed to log on. Account Name: administrator Source Network Address: 192.168.1.50.,0,Benign
2026-02-28 16:47:52,4634,3,4127,An account was logged off. Subject: Security ID: S-1-5-21-1234567890 Account Name: jdoe.,0,Benign
2026-02-27 11:38:26,4634,5,6943,An account was logged off. Logon Type: 2 Interactive.,0,Benign
2026-02-25 12:49:54,4624,11,850,An account was successfully logged on. Subject: Security ID: S-1-5-21-1234567890 Account Name: Administrator Account Domain: CORP Logon Type: 3.,0,Benign
2026-02-25 11:05:17,4688,7,7476,A new process has been created. New Process Name: C:\Windows\System32\notepad.exe.,0,Benign
2026-02-27 10:49:17,4648,12,3678,A logon was attempted using explicit credentials. Target Server: localhost Target User: admin.,0,Benign
2026-03-01 16:41:52,4624,5,6497,An account was successfully logged on. Subject: Security ID: S-1-5-21-1234567890 Account Name: Administrator Account Domain: CORP Logon Type: 3.,0,Benign
2026-02-26 16:24:51,4634,9,3964,An account was logged off. Subject: Security ID: S-1-5-21-1234567890 Account Name: jdoe.,0,Benign
2026-02-24 15:18:04,4624,11,3182,An account was successfully logged on. Logon Type: 10 Remote Desktop Services.,0,Benign
2026-02-28 01:03:28,4720,8,6374,A user account was created. New Account Name: svc_backup New Account Domain: CORP.,0,Benign
2026-02-26 11:37:05,4688,9,3473,A new process has been created. New Process Name: C:\Windows\System32\svchost.exe Creator Process Name: C:\Windows\System32\services.exe.,0,Benign
2026-02-25 10:05:35,4625,7,9001,An account failed to log on. Failure Reason: Unknown user name or bad password. Status: 0xC000006D Sub Status: 0xC000006A.,0,Benign
2026-02-25 03:33:37,4624,12,2522,An account was successfully logged on. Logon Type: 2 Interactive.,0,Benign
2026-03-01 10:57:39,4688,10,3091,A new process has been created. New Process Name: C:\Windows\System32\cmd.exe Command Line: cmd.exe /c dir.,0,Benign
2026-02-26 16:36:16,4625,5,173,An account failed to log on. Failure Reason: Account locked out.,0,Benign
2026-02-28 12:20:32,4688,12,8841,A new process has been created. New Process Name: C:\Windows\System32\notepad.exe.,0,Benign
2026-02-24 19:54:01,4625,2,2188,An account failed to log on. Subject: Security ID: S-1-0-0 Account Name: - Account Domain: - Logon Type: 3.,0,Benign
2026-03-01 11:28:58,4720,5,3738,A user account was created. New Account Name: test_account.,0,Benign
2026-02-28 13:59:31,4624,8,1517,An account was successfully logged on. Logon Type: 10 Remote Desktop Services.,0,Benign
2026-02-27 16:35:47,4624,8,7251,An account was successfully logged on. Subject: Security ID: S-1-5-18 Account Name: SYSTEM Account Domain: NT AUTHORITY Logon ID: 0x3E7 Logon Type: 5.,0,Benign
2026-02-28 17:16:55,4624,5,4811,An account was successfully logged on. Subject: Security ID: S-1-5-18 Account Name: SYSTEM Account Domain: NT AUTHORITY Logon ID: 0x3E7 Logon Type: 5.,0,Benign
2026-02-26 12:39:56,4625,7,5609,An account failed to log on. Logon Type: 10 Remote Desktop Services.,0,Benign
2026-02-25 16:13:51,4625,12,2132,An account failed to log on. Failure Reason: Account locked out.,0,Benign
2026-02-26 06:46:52,4688,5,520,A new process has been created. New Process Name: C:\Windows\System32\taskhostw.exe.,0,Benign
2026-02-26 09:32:05,4720,3,7873,A user account was created. New Account Name: svc_backup New Account Domain: CORP.,0,Benign
2026-02-27 01:43:15,4625,5,1293,An account failed to log on. Failure Reason: Account locked out.,0,Benign
2026-02-23 14:19:38,4624,9,2130,An account was successfully logged on. New Logon: Account Name: jdoe Account Domain: CORP Logon ID: 0x1A2B3C.,0,Benign
2026-02-25 10:26:53,4688,12,168,A new process has been created. New Process Name: C:\Windows\System32\svchost.exe Creator Process Name: C:\Windows\System32\services.exe.,0,Benign
2026-02-26 17:45:22,4624,11,702,An account was successfully logged on. New Logon: Account Name: jdoe Account Domain: CORP Logon ID: 0x1A2B3C.,0,Benign
2026-03-01 11:11:10,4688,8,7848,A new process has been created. New Process Name: C:\Program Files\Google\Chrome\chrome.exe Command Line: chrome.exe --type=renderer.,0,Benign
2026-02-27 11:31:50,4624,3,7830,An account was successfully logged on. New Logon: Account Name: jdoe Account Domain: CORP Logon ID: 0x1A2B3C.,0,Benign
2026-02-25 17:27:04,4624,7,7615,An account was successfully logged on. Subject: Security ID: S-1-5-21-1234567890 Account Name: Administrator Account Domain: CORP Logon Type: 3.,0,Benign
2026-02-28 08:31:26,4688,10,2967,A new process has been created. New Process Name: C:\Windows\System32\svchost.exe Creator Process Name: C:\Windows\System32\services.exe.,0,Benign
2026-02-23 11:11:46,4625,10,587,An account failed to log on. Account Name: administrator Source Network Address: 192.168.1.50.,0,Benign
2026-02-26 15:49:58,4624,12,1204,An account was successfully logged on. Logon Type: 10 Remote Desktop Services.,0,Benign
2026-02-25 08:25:28,4625,9,4357,An account failed to log on. Logon Type: 10 Remote Desktop Services.,0,Benign
2026-02-25 10:44:52,4634,9,9951,An account was logged off. Logon Type: 3.,0,Benign
2026-02-23 17:41:00,4625,8,9629,An account failed to log on. Failure Reason: Account locked out.,0,Benign
2026-02-27 10:12:40,4648,7,9280,A logon was attempted using explicit credentials. Process: C:\Windows\System32\runas.exe.,0,Benign
2026-02-27 10:51:32,4624,10,8033,An account was successfully logged on. Subject: Security ID: S-1-5-21-1234567890 Account Name: Administrator Account Domain: CORP Logon Type: 3.,0,Benign
2026-03-01 12:17:36,4688,11,6706,A new process has been created. New Process Name: C:\Windows\System32\notepad.exe.,0,Benign
2026-02-24 15:47:48,4634,5,8573,An account was logged off. Subject: Security ID: S-1-5-21-1234567890 Account Name: jdoe.,0,Benign
2026-02-28 10:03:46,4624,8,8314,An account was successfully logged on. Subject: Security ID: S-1-5-21-1234567890 Account Name: Administrator Account Domain: CORP Logon Type: 3.,0,Benign
2026-02-24 09:25:48,4624,9,9970,An account was successfully logged on. Logon Type: 2 Interactive.,1,Benign
2026-02-26 12:27:29,4624,12,6171,An account was successfully logged on. Logon Type: 2 Interactive.,0,Benign
2026-02-28 10:06:33,4688,2,701,A new process has been created. New Process Name: C:\Program Files\Google\Chrome\chrome.exe Command Line: chrome.exe --type=renderer.,0,Benign
2026-02-24 13:41:48,4625,5,2265,An account failed to log on. Failure Reason: Account locked out.,0,Benign
2026-02-24 23:46:04,4624,9,503,An account was successfully logged on. New Logon: Account Name: jdoe Account Domain: CORP Logon ID: 0x1A2B3C.,0,Benign
2026-02-24 08:20:30,4624,11,1860,An account was successfully logged on. Subject: Security ID: S-1-5-21-1234567890 Account Name: Administrator Account Domain: CORP Logon Type: 3.,0,Benign
2026-03-01 10:02:51,4625,10,4944,An account failed to log on. Failure Reason: Unknown user name or bad password. Status: 0xC000006D Sub Status: 0xC000006A.,0,Benign
2026-02-24 08:34:22,4688,11,2056,A new process has been created. New Process Name: C:\Windows\System32\svchost.exe Creator Process Name: C:\Windows\System32\services.exe.,0,Benign
2026-02-26 13:40:49,4720,2,9827,A user account was created. New Account Name: test_account.,0,Benign
2026-02-25 17:41:55,4624,7,8582,An account was successfully logged on. Subject: Security ID: S-1-5-18 Account Name: SYSTEM Account Domain: NT AUTHORITY Logon ID: 0x3E7 Logon Type: 5.,0,Benign
2026-02-25 13:08:06,4624,3,2194,An account was successfully logged on. Logon Type: 10 Remote Desktop Services.,0,Benign
2026-02-26 11:12:04,4648,5,7256,A logon was attempted using explicit credentials. Process: C:\Windows\System32\runas.exe.,0,Benign
2026-02-23 15:35:33,4688,3,5993,A new process has been created. New Process Name: C:\Windows\System32\taskhostw.exe.,0,Benign
2026-02-24 11:34:47,4625,5,8927,An account failed to log on. Subject: Security ID: S-1-0-0 Account Name: - Account Domain: - Logon Type: 3.,0,Benign
2026-02-28 15:05:59,4624,9,4517,An account was successfully logged on. Logon Type: 10 Remote Desktop Services.,0,Benign
2026-02-28 13:12:16,4672,11,7686,Special privileges assigned to new logon. Account Name: SYSTEM Privileges: SeBackupPrivilege SeRestorePrivilege.,0,Benign
2026-03-01 09:20:10,4625,2,6042,An account failed to log on. Failure Reason: Unknown user name or bad password. Status: 0xC000006D Sub Status: 0xC000006A.,0,Benign
2026-02-26 09:44:43,4624,2,5489,An account was successfully logged on. New Logon: Account Name: jdoe Account Domain: CORP Logon ID: 0x1A2B3C.,0,Benign
2026-03-01 11:59:21,4634,8,4342,An account was logged off. Logon Type: 3.,0,Benign
2026-03-01 11:08:23,4672,8,8233,Special privileges assigned to new logon. Subject: Security ID: S-1-5-21-1234567890 Account Name: Administrator Privileges: SeDebugPrivilege.,0,Benign
2026-02-28 13:02:21,4648,10,5464,A logon was attempted using explicit credentials. Process: C:\Windows\System32\runas.exe.,0,Benign
2026-02-28 18:42:35,4634,9,2233,An account was logged off. Logon Type: 3.,0,Benign
2026-02-23 17:39:43,4648,7,9096,A logon was attempted using explicit credentials. Target Server: DC01 Target User: backup_svc.,0,Benign
2026-03-01 21:05:13,4688,2,9238,A new process has been created. New Process Name: C:\Program Files\Google\Chrome\chrome.exe Command Line: chrome.exe --type=renderer.,0,Benign
2026-03-01 20:48:54,4634,10,7934,An account was logged off. Subject: Security ID: S-1-5-21-1234567890 Account Name: jdoe.,0,Benign
2026-02-27 14:10:28,4624,11,2205,An account was successfully logged on. Logon Type: 2 Interactive.,0,Benign
2026-02-27 17:19:48,4688,12,5031,A new process has been created. New Process Name: C:\Windows\System32\notepad.exe.,0,Benign
2026-02-23 15:38:37,4634,12,9130,An account was logged off. Logon Type: 2 Interactive.,0,Benign
2026-02-24 11:30:16,4624,11,7658,An account was successfully logged on. New Logon: Account Name: jdoe Account Domain: CORP Logon ID: 0x1A2B3C.,0,Benign
2026-02-24 15:47:10,4688,8,893,A new process has been created. New Process Name: C:\Windows\System32\cmd.exe Command Line: cmd.exe /c dir.,0,Benign
2026-02-24 15:53:03,4648,9,4512,A logon was attempted using explicit credentials. Target Server: DC01 Target User: backup_svc.,0,Benign
2026-02-28 11:57:56,4624,12,2277,An account was successfully logged on. Logon Type: 10 Remote Desktop Services.,0,Benign
2026-03-01 13:18:35,4624,3,8018,An account was successfully logged on. Logon Type: 10 Remote Desktop Services.,0,Benign
2026-02-24 15:18:20,4672,2,5598,Special privileges assigned to new logon. Subject: Security ID: S-1-5-18 Privileges: SeAssignPrimaryTokenPrivilege SeTcbPrivilege SeSecurityPrivilege.,0,Benign
2026-03-01 17:46:14,4624,3,7355,An account was successfully logged on. Subject: Security ID: S-1-5-18 Account Name: SYSTEM Account Domain: NT AUTHORITY Logon ID: 0x3E7 Logon Type: 5.,0,Benign
2026-02-27 17:52:08,4672,11,3009,Special privileges assigned to new logon. Subject: Security ID: S-1-5-18 Privileges: SeAssignPrimaryTokenPrivilege SeTcbPrivilege SeSecurityPrivilege.,0,Benign
2026-02-28 17:07:20,4624,8,3259,An account was successfully logged on. Subject: Security ID: S-1-5-18 Account Name: SYSTEM Account Domain: NT AUTHORITY Logon ID: 0x3E7 Logon Type: 5.,0,Benign
2026-02-25 16:35:18,4625,5,483,An account failed to log on. Subject: Security ID: S-1-0-0 Account Name: - Account Domain: - Logon Type: 3.,0,Benign
2026-02-23 05:30:36,4624,10,4352,An account was successfully logged on. Subject: Security ID: S-1-5-18 Account Name: SYSTEM Account Domain: NT AUTHORITY Logon ID: 0x3E7 Logon Type: 5.,0,Benign
2026-03-01 08:14:36,4624,2,4593,An account was successfully logged on. Subject: Security ID: S-1-5-21-1234567890 Account Name: Administrator Account Domain: CORP Logon Type: 3.,0,Benign
2026-02-28 12:07:18,4688,7,9773,A new process has been created. New Process Name: C:\Windows\System32\cmd.exe Command Line: cmd.exe /c dir.,0,Benign
2026-03-01 09:55:13,4624,11,5357,An account was successfully logged on. Logon Type: 10 Remote Desktop Services.,0,Benign
2026-02-26 16:06:07,4648,8,5635,A logon was attempted using explicit credentials. Target Server: DC01 Target User: backup_svc.,0,Benign
2026-02-28 12:22:09,4732,11,9272,A member was added to a security-enabled local group. Member Name: tempuser Group Name: Administrators.,0,Benign
2026-02-26 08:09:06,4648,5,2294,A logon was attempted using explicit credentials. Target Server: DC01 Target User: backup_svc.,0,Benign
2026-02-23 08:49:18,4634,8,3093,An account was logged off. Logon Type: 3.,0,Benign
2026-02-25 09:07:20,4634,2,7189,An account was logged off. Subject: Security ID: S-1-5-21-1234567890 Account Name: jdoe.,0,Benign
2026-02-23 21:28:32,4624,8,277,An account was successfully logged on. Subject: Security ID: S-1-5-21-1234567890 Account Name: Administrator Account Domain: CORP Logon Type: 3.,0,Benign
2026-02-27 08:07:19,4624,8,505,An account was successfully logged on. Logon Type: 2 Interactive.,0,Benign
2026-02-26 15:09:34,4634,10,6656,An account was logged off. Subject: Security ID: S-1-5-21-1234567890 Account Name: jdoe.,0,Benign
2026-02-28 11:09:08,4648,10,9721,A logon was attempted using explicit credentials. Target Server: DC01 Target User: backup_svc.,0,Benign
2026-03-01 05:42:52,4648,5,6018,A logon was attempted using explicit credentials. Process: C:\Windows\System32\runas.exe.,0,Benign
2026-02-24 09:55:55,4648,9,3492,A logon was attempted using explicit credentials. Process: C:\Windows\System32\runas.exe.,0,Benign
2026-02-23 08:19:49,4624,3,8689,An account was successfully logged on. Logon Type: 10 Remote Desktop Services.,0,Benign
2026-03-01 06:56:31,4672,11,8274,Special privileges assigned to new logon. Subject: Security ID: S-1-5-18 Privileges: SeAssignPrimaryTokenPrivilege SeTcbPrivilege SeSecurityPrivilege.,0,Benign
2026-02-23 04:02:28,4634,5,9401,An account was logged off. Subject: Security ID: S-1-5-21-1234567890 Account Name: jdoe.,0,Benign
2026-02-25 10:05:32,4688,3,5574,A new process has been created. New Process Name: C:\Windows\System32\notepad.exe.,0,Benign
2026-02-25 22:17:39,4624,3,429,An account was successfully logged on. Logon Type: 2 Interactive.,0,Benign
2026-02-23 13:34:16,4634,3,7239,An account was logged off. Logon Type: 3.,0,Benign
2026-02-24 08:33:17,4634,9,5008,An account was logged off. Logon Type: 3.,0,Benign
2026-02-26 11:45:32,4634,5,7225,An account was logged off. Subject: Security ID: S-1-5-21-1234567890 Account Name: jdoe.,0,Benign
2026-02-26 15:04:06,4625,7,5142,An account failed to log on. Subject: Security ID: S-1-0-0 Account Name: - Account Domain: - Logon Type: 3.,0,Benign
2026-02-26 10:31:52,4648,2,4607,A logon was attempted using explicit credentials. Target Server: localhost Target User: admin.,0,Benign
2026-02-24 09:15:42,4624,8,7209,An account was successfully logged on. Logon Type: 2 Interactive.,0,Benign
2026-02-25 13:49:17,4624,10,4473,An account was successfully logged on. Subject: Security ID: S-1-5-21-1234567890 Account Name: Administrator Account Domain: CORP Logon Type: 3.,0,Benign
2026-02-28 10:32:48,4625,11,5737,An account failed to log on. Subject: Security ID: S-1-0-0 Account Name: - Account Domain: - Logon Type: 3.,0,Benign
2026-02-25 09:30:00,4624,5,4680,An account was successfully logged on. Logon Type: 10 Remote Desktop Services.,0,Benign
2026-02-28 14:39:36,4648,9,8499,A logon was attempted using explicit credentials. Process: C:\Windows\System32\runas.exe.,0,Benign
2026-03-01 12:08:38,4634,7,2521,An account was logged off. Logon Type: 3.,0,Benign
2026-02-25 15:29:12,4625,9,1997,An account failed to log on. Failure Reason: Unknown user name or bad password. Status: 0xC000006D Sub Status: 0xC000006A.,0,Benign
2026-02-24 03:13:02,4688,5,6458,A new process has been created. New Process Name: C:\Windows\System32\notepad.exe.,0,Benign
2026-02-25 14:11:06,4625,12,8834,An account failed to log on. Logon Type: 10 Remote Desktop Services.,0,Benign
2026-02-27 11:52:28,4672,10,497,Special privileges assigned to new logon. Subject: Security ID: S-1-5-18 Privileges: SeAssignPrimaryTokenPrivilege SeTcbPrivilege SeSecurityPrivilege.,0,Benign
2026-02-27 14:05:59,4624,11,8224,An account was successfully logged on. Subject: Security ID: S-1-5-21-1234567890 Account Name: Administrator Account Domain: CORP Logon Type: 3.,0,Benign
2026-02-26 14:47:31,4634,10,8430,An account was logged off. Logon Type: 2 Interactive.,0,Benign
2026-02-26 16:44:25,4624,7,4664,An account was successfully logged on. Subject: Security ID: S-1-5-18 Account Name: SYSTEM Account Domain: NT AUTHORITY Logon ID: 0x3E7 Logon Type: 5.,0,Benign
2026-02-25 08:46:45,4625,7,6889,An account failed to log on. Logon Type: 10 Remote Desktop Services.,0,Benign
2026-02-27 13:00:42,4624,2,3977,An account was successfully logged on. Logon Type: 2 Interactive.,0,Benign
2026-03-01 22:21:43,4624,7,591,An account was successfully logged on. Subject: Security ID: S-1-5-21-1234567890 Account Name: Administrator Account Domain: CORP Logon Type: 3.,0,Benign
2026-02-25 12:50:35,4624,3,919,An account was successfully logged on. Subject: Security ID: S-1-5-18 Account Name: SYSTEM Account Domain: NT AUTHORITY Logon ID: 0x3E7 Logon Type: 5.,0,Benign
2026-02-27 08:50:28,4634,3,166,An account was logged off. Subject: Security ID: S-1-5-21-1234567890 Account Name: jdoe.,0,Benign
2026-03-01 16:04:15,4648,2,5092,A logon was attempted using explicit credentials. Target Server: DC01 Target User: backup_svc.,0,Benign
2026-02-28 22:22:44,4624,3,1961,An account was successfully logged on. New Logon: Account Name: jdoe Account Domain: CORP Logon ID: 0x1A2B3C.,0,Benign
2026-02-23 11:33:24,4624,3,5468,An account was successfully logged on. Subject: Security ID: S-1-5-18 Account Name: SYSTEM Account Domain: NT AUTHORITY Logon ID: 0x3E7 Logon Type: 5.,0,Benign
