2026-02-27 15:48:33,4648,3,8142,A logon was attempted using explicit credentials. Process: C:\Windows\System32\runas.exe.,0,Benign
2026-02-26 08:23:26,4624,3,9217,An account was successfully logged on. Logon Type: 2 Interactive.,0,Benign
2026-02-26 03:46:02,4688,7,3941,A new process has been created. New Process Name: C:\Windows\System32\cmd.exe Command Line: cmd.exe /c dir.,0,Benign
2026-02-26 10:11:16,4688,7,2703,A new process has been created. New Process Name: C:\Windows\System32\notepad.exe.,0,Benign
2026-02-26 11:09:16,4625,9,2279,An account failed to log on. Account Name: administrator Source Network Address: 192.168.1.50.,0,Benign
2026-02-26 17:36:58,4625,12,1661,An account failed to log on. Failure Reason: Account locked out.,0,Benign
2026-02-26 05:03:06,4688,5,9635,A new process has been created. New Process Name: C:\Windows\System32\taskhostw.exe.,0,Benign
2026-03-01 13:20:35,4624,11,3137,An account was successfully logged on. Subject: Security ID: S-1-5-21-1234567890 Account Name: Administrator Account Domain: CORP Logon Type: 3.,0,Benign
2026-02-23 13:06:21,4625,3,6514,An account failed to log on. Subject: Security ID: S-1-0-0 Account Name: - Account Domain: - Logon Type: 3.,0,Benign
2026-02-25 08:44:02,4688,10,4251,A new process has been created. New Process Name: C:\Windows\System32\taskhostw.exe.,0,Benign
2026-03-01 13:39:33,4672,7,1012,Special privileges assigned to new logon. Subject: Security ID: S-1-5-18 Privileges: SeAssignPrimaryTokenPrivilege SeTcbPrivilege SeSecurityPrivilege.,0,Benign
2026-02-28 11:33:02,4720,5,8053,A user account was created. New Account Name: svc_backup New Account Domain: CORP.,0,Benign
2026-02-25 15:37:48,4624,12,8899,An account was successfully logged on. Logon Type: 2 Interactive.,0,Benign
2026-02-27 19:20:23,4720,7,4757,A user account was created. New Account Name: tempuser New Account Domain: CORP.,0,Benign
2026-02-25 16:37:47,4672,9,135,Special privileges assigned to new logon. Subject: Security ID: S-1-5-18 Privileges: SeAssignPrimaryTokenPrivilege SeTcbPrivilege SeSecurityPrivilege.,0,Benign
2026-02-24 00:14:09,4688,5,9288,A new process has been created. New Process Name: C:\Windows\System32\cmd.exe Command Line: cmd.exe /c dir.,0,Benign
2026-02-26 08:02:40,4648,9,7641,A logon was attempted using explicit credentials. Process: C:\Windows\System32\runas.exe.,0,Benign
2026-02-25 11:14:25,4624,3,9972,An account was successfully logged on. Logon Type: 2 Interactive.,0,Benign
2026-02-26 17:39:36,4624,9,2902,An account was successfully logged on. Subject: Security ID: S-1-5-21-1234567890 Account Name: Administrator Account Domain: CORP Logon Type: 3.,0,Benign
2026-02-26 21:55:04,4625,9,2291,An account failed to log on. Account Name: administrator Source Network Address: 192.168.1.50.,0,Benign
2026-03-01 14:50:37,4688,12,2339,A new process has been created. New Process Name: C:\Windows\System32\cmd.exe Command Line: cmd.exe /c dir.,0,Benign
2026-02-25 09:47:29,4624,9,1241,An account was successfully logged on. Logon Type: 10 Remote Desktop Services.,0,Benign
2026-02-26 17:47:18,4648,11,3800,A logon was attempted using explicit credentials. Process: C:\Windows\System32\runas.exe.,0,Benign
2026-02-27 12:39:32,4624,12,262,An account was successfully logged on. Logon Type: 2 Interactive.,0,Benign
2026-02-28 10:47:06,4688,3,6480,A new process has been created. New Process Name: C:\Windows\System32\taskhostw.exe.,0,Benign
2026-03-01 14:02:11,4624,12,9818,An account was successfully logged on. Subject: Security ID: S-1-5-18 Account Name: SYSTEM Account Domain: NT AUTHORITY Logon ID: 0x3E7 Logon Type: 5.,0,Benign
2026-02-26 11:20:14,4625,11,8857,An account failed to log on. Failure Reason: Unknown user name or bad password. Status: 0xC000006D Sub Status: 0xC000006A.,0,Benign
2026-02-24 08:50:15,4688,7,1937,A new process has been created. New Process Name: C:\Windows\System32\taskhostw.exe.,0,Benign
2026-02-28 08:23:53,4624,3,3967,An account was successfully logged on. New Logon: Account Name: jdoe Account Domain: CORP Logon ID: 0x1A2B3C.,0,Benign
2026-02-24 11:47:34,4625,10,9660,An account failed to log on. Account Name: administrator Source Network Address: 192.168.1.50.,0,Benign
2026-02-24 12:49:44,4624,12,2448,An account was successfully logged on. Logon Type: 10 Remote Desktop Services.,0,Benign
2026-02-23 12:53:17,4648,11,6858,A logon was attempted using explicit credentials. Process: C:\Windows\System32\runas.exe.,0,Benign
2026-02-25 09:10:48,4624,3,3836,An account was successfully logged on. Subject: Security ID: S-1-5-18 Account Name: SYSTEM Account Domain: NT AUTHORITY Logon ID: 0x3E7 Logon Type: 5.,0,Benign
2026-02-27 21:39:00,4648,5,6143,A logon was attempted using explicit credentials. Target Server: DC01 Target User: backup_svc.,0,Benign
2026-02-23 08:23:07,4688,5,3205,A new process has been created. New Process Name: C:\Windows\System32\notepad.exe.,0,Benign
2026-02-28 05:49:39,4624,2,935,An account was successfully logged on. Logon Type: 10 Remote Desktop Services.,0,Benign
2026-02-27 10:42:49,4624,12,2851,An account was successfully logged on. Logon Type: 10 Remote Desktop Services.,0,Benign
2026-03-01 04:39:35,4624,10,8725,An account was successfully logged on. New Logon: Account Name: jdoe Account Domain: CORP Logon ID: 0x1A2B3C.,0,Benign
2026-02-23 13:44:28,4624,5,6924,An account was successfully logged on. Logon Type: 10 Remote Desktop Services.,0,Benign
2026-02-25 16:55:00,4732,7,6320,A member was added to a security-enabled local group. Member Name: jdoe Group Name: Remote Desktop Users.,0,Benign
2026-02-25 08:46:50,4648,9,2581,A logon was attempted using explicit credentials. Process: C:\Windows\System32\runas.exe.,0,Benign
2026-02-24 16:06:00,4625,12,6790,An account failed to log on. Logon Type: 10 Remote Desktop Services.,0,Benign
2026-03-01 11:06:20,4634,3,674,An account was logged off. Subject: Security ID: S-1-5-21-1234567890 Account Name: jdoe.,0,Benign
2026-02-24 10:20:03,4624,8,5239,An account was successfully logged on. Logon Type: 10 Remote Desktop Services.,0,Benign
2026-02-27 10:49:39,4624,2,4605,An account was successfully logged on. Logon Type: 10 Remote Desktop Services.,0,Benign
2026-02-26 10:57:55,4625,8,1551,An account failed to log on. Account Name: administrator Source Network Address: 192.168.1.50.,0,Benign
2026-02-24 16:30:07,4688,10,5367,A new process has been created. New Process Name: C:\Windows\System32\svchost.exe Creator Process Name: C:\Windows\System32\services.exe.,0,Benign
2026-02-27 14:44:42,4624,8,7542,An account was successfully logged on. Logon Type: 2 Interactive.,0,Benign
2026-02-25 09:09:09,4624,12,8135,An account was successfully logged on. Subject: Security ID: S-1-5-21-1234567890 Account Name: Administrator Account Domain: CORP Logon Type: 3.,0,Benign
2026-03-01 08:05:41,4732,12,2197,A member was added to a security-enabled local group. Member Name: tempuser Group Name: Administrators.,0,Benign
2026-02-23 08:46:21,4688,11,3852,A new process has been created. New Process Name: C:\Windows\System32\taskhostw.exe.,0,Benign
2026-03-01 15:12:45,4672,11,8620,Special privileges assigned to new logon. Subject: Security ID: S-1-5-18 Privileges: SeAssignPrimaryTokenPrivilege SeTcbPrivilege SeSecurityPrivilege.,0,Benign
2026-02-23 15:12:39,4634,3,6040,An account was logged off. Subject: Security ID: S-1-5-21-1234567890 Account Name: jdoe.,0,Benign
2026-03-01 11:33:20,4688,11,7639,A new process has been created. New Process Name: C:\Windows\System32\notepad.exe.,0,Benign
2026-02-23 17:48:10,4624,12,9607,An account was successfully logged on. Subject: Security ID: S-1-5-21-1234567890 Account Name: Administrator Account Domain: CORP Logon Type: 3.,0,Benign
2026-02-23 10:50:17,4624,9,2580,An account was successfully logged on. Logon Type: 2 Interactive.,0,Benign
2026-02-23 11:10:34,4624,8,2641,An account was successfully logged on. Subject: Security ID: S-1-5-21-1234567890 Account Name: Administrator Account Domain: CORP Logon Type: 3.,0,Benign
2026-02-28 03:37:59,4624,2,2697,An account was successfully logged on. New Logon: Account Name: jdoe Account Domain: CORP Logon ID: 0x1A2B3C.,0,Benign
2026-02-23 17:03:30,4624,3,3762,An account was successfully logged on. New Logon: Account Name: jdoe Account Domain: CORP Logon ID: 0x1A2B3C.,0,Benign
2026-02-24 15:31:53,4625,12,3764,An account failed to log on. Subject: Security ID: S-1-0-0 Account Name: - Account Domain: - Logon Type: 3.,0,Benign
2026-02-26 12:44:58,4624,10,9625,An account was successfully logged on. Logon Type: 2 Interactive.,0,Benign
2026-02-25 14:56:23,4624,10,3455,An account was successfully logged on. Subject: Security ID: S-1-5-21-1234567890 Account Name: Administrator Account Domain: CORP Logon Type: 3.,0,Benign
2026-02-26 12:53:31,4625,9,7451,An account failed to log on. Failure Reason: Account locked out.,0,Benign
2026-03-01 13:50:25,4634,2,3552,An account was logged off. Logon Type: 3.,0,Benign
2026-02-24 15:54:10,4672,9,1616,Special privileges assigned to new logon. Subject: Security ID: S-1-5-21-1234567890 Account Name: Administrator Privileges: SeDebugPrivilege.,0,Benign
2026-02-28 15:42:06,4688,9,2726,A new process has been created. New Process Name: C:\Windows\System32\notepad.exe.,0,Benign
2026-02-25 10:10:47,4624,9,8651,An account was successfully logged on. Logon Type: 2 Interactive.,0,Benign
2026-02-28 17:48:52,4625,7,8251,An account failed to log on. Failure Reason: Unknown user name or bad password. Status: 0xC000006D Sub Status: 0xC000006A.,0,Benign
2026-02-25 16:38:54,4688,7,4869,A new process has been created. New Process Name: C:\Windows\System32\taskhostw.exe.,0,Benign
2026-02-27 10:14:00,4624,12,1092,An account was successfully logged on. New Logon: Account Name: jdoe Account Domain: CORP Logon ID: 0x1A2B3C.,0,Benign
2026-02-24 13:17:50,4688,12,7316,A new process has been created. New Process Name: C:\Windows\System32\taskhostw.exe.,0,Benign
2026-02-24 21:39:56,4672,2,5193,Special privileges assigned to new logon. Subject: Security ID: S-1-5-21-1234567890 Account Name: Administrator Privileges: SeDebugPrivilege.,0,Benign
2026-02-26 11:07:27,4634,10,1084,An account was logged off. Logon Type: 2 Interactive.,0,Benign
2026-02-28 17:09:23,4625,11,2666,An account failed to log on. Failure Reason: Account locked out.,0,Benign
2026-02-27 08:33:52,4688,12,3100,A new process has been created. New Process Name: C:\Program Files\Google\Chrome\chrome.exe Command Line: chrome.exe --type=renderer.,0,Benign
2026-02-25 13:16:48,4720,7,8551,A user account was created. New Account Name: tempuser New Account Domain: CORP.,0,Benign
2026-02-23 16:54:32,4624,5,2793,An account was successfully logged on. Logon Type: 2 Interactive.,0,Benign
2026-02-27 13:10:43,4720,7,9748,A user account was created. New Account Name: test_account.,0,Benign
2026-02-23 09:34:39,4688,10,9300,A new process has been created. New Process Name: C:\Windows\System32\svchost.exe Creator Process Name: C:\Windows\System32\services.exe.,0,Benign
2026-02-27 08:29:05,4624,5,3447,An account was successfully logged on. New Logon: Account Name: jdoe Account Domain: CORP Logon ID: 0x1A2B3C.,0,Benign
2026-02-23 14:47:11,4625,5,5808,An account failed to log on. Failure Reason: Unknown user name or bad password. Status: 0xC000006D Sub Status: 0xC000006A.,0,Benign
2026-02-24 12:55:57,4624,3,5404,An account was successfully logged on. Subject: Security ID: S-1-5-21-1234567890 Account Name: Administrator Account Domain: CORP Logon Type: 3.,0,Benign
2026-02-23 05:13:58,4688,7,4225,A new process has been created. New Process Name: C:\Windows\System32\notepad.exe.,0,Benign
2026-02-26 09:24:39,4688,11,5648,A new process has been created. New Process Name: C:\Windows\System32\notepad.exe.,0,Benign
2026-02-23 16:47:12,4625,5,695,An account failed to log on. Logon Type: 10 Remote Desktop Services.,0,Benign
2026-02-28 11:44:42,4688,12,2234,A new process has been created. New Process Name: C:\Windows\System32\svchost.exe Creator Process Name: C:\Windows\System32\services.exe.,0,Benign
2026-02-28 14:00:34,4634,5,7283,An account was logged off. Logon Type: 3.,0,Benign
2026-02-23 10:57:41,4624,10,6356,An account was successfully logged on. Logon Type: 2 Interactive.,0,Benign
2026-02-26 12:21:18,4634,2,4385,An account was logged off. Logon Type: 2 Interactive.,0,Benign
2026-02-27 09:46:11,4648,8,9529,A logon was attempted using explicit credentials. Process: C:\Windows\System32\runas.exe.,0,Benign
2026-03-01 13:57:29,4648,8,201,A logon was attempted using explicit credentials. Process: C:\Windows\System32\runas.exe.,0,Benign
2026-02-24 14:24:38,4624,10,5597,An account was successfully logged on. Subject: Security ID: S-1-5-18 Account Name: SYSTEM Account Domain: NT AUTHORITY Logon ID: 0x3E7 Logon Type: 5.,0,Benign
2026-02-25 09:30:14,4624,11,4306,An account was successfully logged on. Subject: Security ID: S-1-5-18 Account Name: SYSTEM Account Domain: NT AUTHORITY Logon ID: 0x3E7 Logon Type: 5.,0,Benign
2026-02-23 23:45:21,4634,9,431,An account was logged off. Subject: Security ID: S-1-5-21-1234567890 Account Name: jdoe.,0,Benign
2026-02-24 17:38:30,4624,12,5931,An account was successfully logged on. Logon Type: 2 Interactive.,0,Benign
2026-02-23 12:08:32,4625,2,6110,An account failed to log on. Subject: Security ID: S-1-0-0 Account Name: - Account Domain: - Logon Type: 3.,0,Benign
2026-02-23 21:44:48,4688,3,8494,A new process has been created. New Process Name: C:\Windows\System32\svchost.exe Creator Process Name: C:\Windows\System32\services.exe.,0,Benign
2026-02-24 16:23:22,4648,3,1751,A logon was attempted using explicit credentials. Target Server: localhost Target User: admin.,0,Benign
2026-03-01 09:08:49,4625,3,2032,An account failed to log on. Account Name: administrator Source Network Address: 192.168.1.50.,0,Benign
2026-02-23 13:59:40,4634,11,9986,An account was logged off. Logon Type: 2 Interactive.,0,Benign
2026-02-27 13:09:29,4624,11,4595,An account was successfully logged on. Subject: Security ID: S-1-5-18 Account Name: SYSTEM Account Domain: NT AUTHORITY Logon ID: 0x3E7 Logon Type: 5.,0,Benign
2026-02-26 17:17:59,4634,7,2893,An account was logged off. Logon Type: 3.,0,Benign
2026-02-26 10:27:37,4732,12,3159,Special privileges assigned to new logon. Subject: Security ID: S-1-5-21-9876543210 Account Name: backdoor.,1,T1078
2026-02-26 04:20:45,4624,3,7128,An account was successfully logged on. Subject: Security ID: S-1-5-21-1234567890 Account Name: Administrator Account Domain: CORP Logon Type: 3.,0,Benign
2026-02-28 10:19:14,4688,5,5649,A new process has been created. New Process Name: C:\Program Files\Google\Chrome\chrome.exe Command Line: chrome.exe --type=renderer.,0,Benign
2026-02-26 15:50:59,4624,5,5329,An account was successfully logged on. Subject: Security ID: S-1-5-18 Account Name: SYSTEM Account Domain: NT AUTHORITY Logon ID: 0x3E7 Logon Type: 5.,0,Benign
2026-02-24 09:56:00,4624,10,4396,An account was successfully logged on. Subject: Security ID: S-1-5-18 Account Name: SYSTEM Account Domain: NT AUTHORITY Logon ID: 0x3E7 Logon Type: 5.,0,Benign
2026-02-25 15:34:49,4624,2,8915,An account was successfully logged on. Logon Type: 2 Interactive.,0,Benign
2026-02-24 17:58:15,4624,2,644,An account was successfully logged on. Subject: Security ID: S-1-5-21-1234567890 Account Name: Administrator Account Domain: CORP Logon Type: 3.,0,Benign
2026-02-23 11:16:14,4624,5,2513,A new process has been created. New Process Name: C:\Temp\mimikatz.exe Command Line: mimikatz.exe sekurlsa::logonpasswords.,1,T1003
2026-02-25 16:19:31,4688,10,1521,A new process has been created. New Process Name: C:\Windows\System32\svchost.exe Creator Process Name: C:\Windows\System32\services.exe.,0,Benign
2026-02-23 16:12:44,4624,10,9350,An account was successfully logged on. Logon Type: 2 Interactive.,0,Benign
2026-02-27 13:20:08,4688,9,6367,A new process has been created. New Process Name: C:\Windows\System32\svchost.exe Creator Process Name: C:\Windows\System32\services.exe.,0,Benign
2026-02-23 01:59:34,4625,3,8027,An account failed to log on. Account Name: administrator Source Network Address: 192.168.1.50.,0,Benign
2026-02-27 14:08:51,4720,11,8750,A user account was created. New Account Name: tempuser New Account Domain: CORP.,0,Benign
2026-02-26 09:22:45,4672,11,3961,Special privileges assigned to new logon. Subject: Security ID: S-1-5-21-1234567890 Account Name: Administrator Privileges: SeDebugPrivilege.,0,Benign
2026-02-28 15:51:12,4624,3,5775,An account was successfully logged on. Subject: Security ID: S-1-5-18 Account Name: SYSTEM Account Domain: NT AUTHORITY Logon ID: 0x3E7 Logon Type: 5.,0,Benign
2026-02-28 12:48:29,4648,5,9759,A logon was attempted using explicit credentials. Process: C:\Windows\System32\runas.exe.,0,Benign
2026-02-23 16:09:11,4624,11,8679,An account was successfully logged on. Logon Type: 10 Remote Desktop Services.,0,Benign
2026-02-26 01:37:51,4624,3,6501,An account was successfully logged on. Subject: Security ID: S-1-5-18 Account Name: SYSTEM Account Domain: NT AUTHORITY Logon ID: 0x3E7 Logon Type: 5.,0,Benign
2026-02-24 08:12:53,4625,5,6504,An account failed to log on. Failure Reason: Unknown user name or bad password. Status: 0xC000006D Sub Status: 0xC000006A.,0,Benign
2026-02-26 18:48:45,4624,7,3684,An account was successfully logged on. Logon Type: 10 Remote Desktop Services.,0,Benign
2026-02-27 15:04:07,4648,10,4375,A logon was attempted using explicit credentials. Target Server: localhost Target User: admin.,0,Benign
2026-02-24 20:53:17,4624,10,9460,An account was successfully logged on. Logon Type: 10 Remote Desktop Services.,0,Benign
2026-02-26 14:14:06,4720,7,3894,A user account was created. New Account Name: svc_backup New Account Domain: CORP.,0,Benign
2026-03-01 13:43:43,4672,12,9856,Special privileges assigned to new logon. Account Name: SYSTEM Privileges: SeBackupPrivilege SeRestorePrivilege.,0,Benign
2026-03-01 09:54:00,4634,2,4021,An account was logged off. Logon Type: 2 Interactive.,0,Benign
2026-02-23 13:54:04,4634,3,8793,An account was logged off. Logon Type: 2 Interactive.,0,Benign
2026-03-01 12:42:16,4624,8,3840,An account was successfully logged on. New Logon: Account Name: jdoe Account Domain: CORP Logon ID: 0x1A2B3C.,0,Benign
2026-02-24 17:26:57,4634,8,4180,An account was logged off. Logon Type: 2 Interactive.,1,Benign
2026-02-23 15:17:31,4625,9,3366,An account failed to log on. Failure Reason: Account locked out.,0,Benign
2026-03-01 12:10:22,4624,8,9934,An account was successfully logged on. New Logon: Account Name: jdoe Account Domain: CORP Logon ID: 0x1A2B3C.,0,Benign
2026-02-23 01:45:10,4688,10,1803,A new process has been created. New Process Name: C:\Windows\System32\notepad.exe.,0,Benign
2026-02-28 07:16:29,4624,5,8841,An account was successfully logged on. Logon Type: 10 Remote Desktop Services.,0,Benign
2026-02-26 15:07:37,4648,10,6880,A logon was attempted using explicit credentials. Target Server: DC01 Target User: backup_svc.,0,Benign
2026-02-26 09:43:20,4624,10,3623,An account was successfully logged on. New Logon: Account Name: jdoe Account Domain: CORP Logon ID: 0x1A2B3C.,0,Benign
2026-02-26 14:08:34,4625,8,6907,An account failed to log on. Account Name: administrator Source Network Address: 192.168.1.50.,0,Benign
2026-02-26 16:29:45,4624,7,8261,An account was successfully logged on. Logon Type: 2 Interactive.,0,Benign
2026-02-28 18:40:16,4688,5,1965,A new process has been created. New Process Name: C:\Windows\System32\svchost.exe Creator Process Name: C:\Windows\System32\services.exe.,0,Benign
2026-02-24 13:44:24,4688,7,3561,A new process has been created. New Process Name: C:\Windows\System32\taskhostw.exe.,0,Benign
2026-02-28 16:02:36,4625,2,3136,An account failed to log on. Logon Type: 10 Remote Desktop Services.,0,Benign
2026-02-25 17:00:33,4624,8,5037,An account was successfully logged on. Subject: Security ID: S-1-5-18 Account Name: SYSTEM Account Domain: NT AUTHORITY Logon ID: 0x3E7 Logon Type: 5.,0,Benign
2026-02-23 21:25:17,4624,5,157,An account was successfully logged on. New Logon: Account Name: jdoe Account Domain: CORP Logon ID: 0x1A2B3C.,0,Benign
2026-02-25 22:33:38,4624,7,3309,An account was successfully logged on. Logon Type: 2 Interactive.,0,Benign
2026-02-23 16:14:45,4624,8,3411,An account was successfully logged on. Logon Type: 2 Interactive.,0,Benign
2026-02-24 09:25:56,4688,2,8326,A new process has been created. New Process Name: C:\Windows\System32\taskhostw.exe.,0,Benign
2026-02-24 10:01:55,4624,7,8251,An account was successfully logged on. Subject: Security ID: S-1-5-21-1234567890 Account Name: Administrator Account Domain: CORP Logon Type: 3.,0,Benign
2026-02-25 13:41:20,4624,8,624,An account was successfully logged on. New Logon: Account Name: jdoe Account Domain: CORP Logon ID: 0x1A2B3C.,0,Benign
2026-02-27 17:20:55,4624,2,8385,An account was successfully logged on. Logon Type: 2 Interactive.,0,Benign
2026-02-24 10:02:40,4720,2,9500,A user account was created. New Account Name: test_account.,0,Benign
2026-02-26 14:27:05,4648,2,5388,A logon was attempted using explicit credentials. Target Server: localhost Target User: admin.,0,Benign
2026-02-23 12:19:17,4624,2,5124,An account was successfully logged on. Logon Type: 2 Interactive.,0,Benign
2026-02-25 12:05:13,4688,12,9873,A new process has been created. New Process Name: C:\Windows\System32\svchost.exe Creator Process Name: C:\Windows\System32\services.exe.,0,Benign
2026-02-25 15:01:05,4688,9,6810,A new process has been created. New Process Name: C:\Windows\System32\cmd.exe Command Line: cmd.exe /c dir.,0,Benign
2026-02-23 15:19:05,4688,12,6251,A new process has been created. New Process Name: C:\Windows\System32\notepad.exe.,0,Benign
2026-03-01 14:00:22,4672,12,4746,Special privileges assigned to new logon. Subject: Security ID: S-1-5-21-1234567890 Account Name: Administrator Privileges: SeDebugPrivilege.,1,Benign
2026-02-25 15:52:25,4648,5,4136,A logon was attempted using explicit credentials. Process: C:\Windows\System32\runas.exe.,0,Benign
2026-02-26 13:13:40,4688,12,8223,A new process has been created. New Process Name: C:\Windows\System32\cmd.exe Command Line: cmd.exe /c dir.,0,Benign
2026-02-28 14:01:54,4625,12,2143,An account failed to log on. Failure Reason: Unknown user name or bad password. Status: 0xC000006D Sub Status: 0xC000006A.,0,Benign
2026-02-26 09:54:36,4625,12,4325,An account failed to log on. Logon Type: 10 Remote Desktop Services.,0,Benign
2026-02-27 11:05:11,4624,9,5635,An account was successfully logged on. New Logon: Account Name: jdoe Account Domain: CORP Logon ID: 0x1A2B3C.,0,Benign
2026-02-24 03:59:21,4625,2,4777,An account failed to log on. Account Name: administrator Source Network Address: 192.168.1.50.,0,Benign
2026-02-23 13:59:21,4672,10,5102,Special privileges assigned to new logon. Subject: Security ID: S-1-5-21-1234567890 Account Name: Administrator Privileges: SeDebugPrivilege.,0,Benign
2026-02-23 14:27:34,4648,11,8053,A logon was attempted using explicit credentials. Process: C:\Windows\System32\runas.exe.,0,Benign
2026-02-28 11:53:45,4624,3,2522,An account was successfully logged on. Logon Type: 10 Remote Desktop Services.,0,Benign
2026-02-25 01:08:12,4634,8,9525,An account was logged off. Logon Type: 2 Interactive.,0,Benign
2026-02-28 16:27:59,4624,11,4779,An account was successfully logged on. Subject: Security ID: S-1-5-21-1234567890 Account Name: Administrator Account Domain: CORP Logon Type: 3.,0,Benign
2026-02-24 14:33:27,4624,8,7275,An account was successfully logged on. Logon Type: 2 Interactive.,0,Benign
2026-02-26 11:15:08,4624,12,7837,An account was successfully logged on. New Logon: Account Name: jdoe Account Domain: CORP Logon ID: 0x1A2B3C.,0,Benign
2026-03-01 16:14:16,4688,2,8859,A new process has been created. New Process Name: C:\Program Files\Google\Chrome\chrome.exe Command Line: chrome.exe --type=renderer.,0,Benign
2026-02-28 10:32:14,4624,7,316,An account was successfully logged on. New Logon: Account Name: jdoe Account Domain: CORP Logon ID: 0x1A2B3C.,0,Benign
2026-02-25 12:16:54,4625,7,2958,An account failed to log on. Failure Reason: Unknown user name or bad password. Status: 0xC000006D Sub Status: 0xC000006A.,0,Benign
2026-02-27 16:13:36,4625,7,5587,An account failed to log on. Account Name: administrator Source Network Address: 192.168.1.50.,0,Benign
2026-02-25 13:19:16,4634,5,4802,An account was logged off. Logon Type: 2 Interactive.,0,Benign
2026-02-23 14:57:44,4648,5,2210,A logon was attempted using explicit credentials. Target Server: DC01 Target User: backup_svc.,0,Benign
2026-02-28 17:13:16,4648,11,6396,A logon was attempted using explicit credentials. Target Server: DC01 Target User: backup_svc.,0,Benign
2026-02-24 11:13:04,4688,5,2448,A new process has been created. New Process Name: C:\Program Files\Google\Chrome\chrome.exe Command Line: chrome.exe --type=renderer.,0,Benign
2026-02-27 16:33:33,4625,3,6749,An account failed to log on. Account Name: administrator Source Network Address: 192.168.1.50.,0,Benign
2026-03-01 17:58:57,4624,3,5759,An account was successfully logged on. Logon Type: 10 Remote Desktop Services.,0,Benign
2026-02-23 21:40:55,4624,7,9921,An account was successfully logged on. Subject: Security ID: S-1-5-18 Account Name: SYSTEM Account Domain: NT AUTHORITY Logon ID: 0x3E7 Logon Type: 5.,0,Benign
2026-02-23 15:41:06,4624,7,9626,An account was successfully logged on. Logon Type: 10 Remote Desktop Services.,0,Benign
2026-02-27 12:19:02,4624,10,2348,An account was successfully logged on. Logon Type: 10 Remote Desktop Services.,0,Benign
2026-02-26 17:31:39,4720,12,6776,A user account was created. New Account Name: test_account.,0,Benign
2026-03-01 15:34:09,4732,2,3841,A member was added to a security-enabled local group. Member Name: svc_backup Group Name: Backup Operators.,0,Benign
2026-02-24 12:06:19,4688,12,1150,A new process has been created. New Process Name: C:\Windows\System32\taskhostw.exe.,0,Benign
2026-02-24 13:15:37,4625,9,6894,An account failed to log on. Account Name: administrator Source Network Address: 192.168.1.50.,0,Benign
2026-02-24 23:46:54,4634,11,8428,An account was logged off. Logon Type: 2 Interactive.,0,Benign
2026-02-25 17:27:21,4648,9,7249,A logon was attempted using explicit credentials. Process: C:\Windows\System32\runas.exe.,0,Benign
2026-03-01 16:45:16,4624,12,1055,An account was successfully logged on. Subject: Security ID: S-1-5-18 Account Name: SYSTEM Account Domain: NT AUTHORITY Logon ID: 0x3E7 Logon Type: 5.,0,Benign
2026-02-27 10:20:53,4625,3,3465,An account failed to log on. Failure Reason: Account locked out.,0,Benign
2026-02-23 09:32:03,4672,7,6866,Special privileges assigned to new logon. Subject: Security ID: S-1-5-21-1234567890 Account Name: Administrator Privileges: SeDebugPrivilege.,0,Benign
2026-02-28 12:38:52,4720,10,5187,A user account was created. New Account Name: test_account.,0,Benign
2026-02-28 13:02:26,4648,3,100,A logon was attempted using explicit credentials. Target Server: localhost Target User: admin.,0,Benign
2026-02-25 16:11:06,4648,5,221,A logon was attempted using explicit credentials. Target Server: localhost Target User: admin.,0,Benign
2026-02-26 07:07:34,4625,5,9705,An account failed to log on. Logon Type: 10 Remote Desktop Services.,0,Benign
2026-03-01 15:35:54,4624,7,2870,An account was successfully logged on. Logon Type: 10 Remote Desktop Services.,0,Benign
2026-03-01 12:09:50,4624,11,5193,An account was successfully logged on. Subject: Security ID: S-1-5-21-1234567890 Account Name: Administrator Account Domain: CORP Logon Type: 3.,0,Benign
2026-02-23 17:00:30,4624,11,1095,An account was successfully logged on. Logon Type: 10 Remote Desktop Services.,0,Benign
2026-02-23 13:20:23,4648,12,4849,A logon was attempted using explicit credentials. Target Server: DC01 Target User: backup_svc.,0,Benign
2026-02-27 12:18:13,4624,9,324,An account was successfully logged on. New Logon: Account Name: jdoe Account Domain: CORP Logon ID: 0x1A2B3C.,0,Benign
2026-02-25 12:01:50,4624,2,4488,An account was successfully logged on. Subject: Security ID: S-1-5-21-1234567890 Account Name: Administrator Account Domain: CORP Logon Type: 3.,0,Benign
2026-02-24 17:56:49,4624,5,4824,An account was successfully logged on. Subject: Security ID: S-1-5-18 Account Name: SYSTEM Account Domain: NT AUTHORITY Logon ID: 0x3E7 Logon Type: 5.,0,Benign
2026-02-25 06:02:58,4672,10,8262,Special privileges assigned to new logon. Subject: Security ID: S-1-5-18 Privileges: SeAssignPrimaryTokenPrivilege SeTcbPrivilege SeSecurityPrivilege.,0,Benign
2026-02-27 09:03:41,4625,5,9810,An account failed to log on. Logon Type: 10 Remote Desktop Services.,0,Benign
2026-02-23 08:01:43,4672,12,6855,Special privileges assigned to new logon. Subject: Security ID: S-1-5-21-1234567890 Account Name: Administrator Privileges: SeDebugPrivilege.,0,Benign
2026-03-01 11:59:47,4624,8,7817,An account was successfully logged on. New Logon: Account Name: jdoe Account Domain: CORP Logon ID: 0x1A2B3C.,0,Benign
2026-02-23 16:41:55,4648,3,4283,A logon was attempted using explicit credentials. Target Server: localhost Target User: admin.,0,Benign
2026-02-23 19:36:56,4624,12,5076,An account was successfully logged on. Logon Type: 2 Interactive.,0,Benign
2026-03-01 09:28:04,4625,11,3925,An account failed to log on. Subject: Security ID: S-1-0-0 Account Name: - Account Domain: - Logon Type: 3.,0,Benign
2026-02-24 14:20:35,4688,7,7269,A new process has been created. New Process Name: C:\Windows\System32\cmd.exe Command Line: cmd.exe /c dir.,0,Benign
2026-02-27 15:31:29,4625,9,8534,An account failed to log on. Subject: Security ID: S-1-0-0 Account Name: - Account Domain: - Logon Type: 3.,0,Benign
2026-02-28 15:37:38,4624,3,6413,An account was successfully logged on. Logon Type: 10 Remote Desktop Services.,0,Benign
2026-02-25 16:16:28,4688,9,1133,A new process has been created. New Process Name: C:\Windows\System32\notepad.exe.,0,Benign
2026-02-25 13:49:03,4634,3,8154,An account was logged off. Logon Type: 3.,0,Benign
2026-02-24 12:25:45,4720,3,5299,A user account was created. New Account Name: tempuser New Account Domain: CORP.,0,Benign
2026-02-27 22:29:59,4624,12,8950,An account was successfully logged on. Subject: Security ID: S-1-5-21-1234567890 Account Name: Administrator Account Domain: CORP Logon Type: 3.,0,Benign
2026-02-28 12:04:52,4624,7,5107,An account was successfully logged on. New Logon: Account Name: jdoe Account Domain: CORP Logon ID: 0x1A2B3C.,0,Benign
2026-02-26 14:03:50,4624,5,5812,An account was successfully logged on. New Logon: Account Name: jdoe Account Domain: CORP Logon ID: 0x1A2B3C.,0,Benign
2026-02-25 03:53:55,4688,8,3524,A new process has been created. New Process Name: C:\Windows\System32\wbem\WMIC.exe Command Line: wmic process call create calc.exe.,1,T1047
2026-02-23 16:19:46,4648,8,5648,A logon was attempted using explicit credentials. Process: C:\Windows\System32\runas.exe.,0,Benign
2026-02-25 11:46:46,4688,11,4376,A new process has been created. New Process Name: C:\Windows\System32\notepad.exe.,0,Benign
2026-02-26 17:31:19,4625,11,3432,An account failed to log on. Logon Type: 10 Remote Desktop Services.,0,Benign
2026-02-24 23:36:48,4624,3,2116,An account was successfully logged on. Logon Type: 10 Remote Desktop Services.,0,Benign
2026-02-26 13:32:50,4624,7,2273,An account was successfully logged on. Subject: Security ID: S-1-5-21-1234567890 Account Name: Administrator Account Domain: CORP Logon Type: 3.,0,Benign
2026-02-24 14:22:53,4688,2,8646,A new process has been created. New Process Name: C:\Windows\System32\svchost.exe Creator Process Name: C:\Windows\System32\services.exe.,0,Benign
2026-03-01 10:37:38,4624,8,323,An account was successfully logged on. Subject: Security ID: S-1-5-21-1234567890 Account Name: Administrator Account Domain: CORP Logon Type: 3.,0,Benign
2026-02-25 13:03:04,4624,12,1446,An account was successfully logged on. Logon Type: 10 Remote Desktop Services.,0,Benign
2026-02-23 19:32:29,4624,2,7460,An account was successfully logged on. Subject: Security ID: S-1-5-21-1234567890 Account Name: Administrator Account Domain: CORP Logon Type: 3.,0,Benign
2026-02-23 12:11:00,4624,2,3107,An account was successfully logged on. Logon Type: 2 Interactive.,0,Benign
2026-03-01 08:47:06,4648,3,826,A logon was attempted using explicit credentials. Process: C:\Windows\System32\runas.exe.,0,Benign
2026-02-27 14:02:24,4688,9,3992,A new process has been created. New Process Name: C:\Windows\System32\svchost.exe Creator Process Name: C:\Windows\System32\services.exe.,0,Benign
2026-02-23 09:35:44,4688,10,5991,A new process has been created. New Process Name: C:\Windows\System32\notepad.exe.,0,Benign
2026-02-28 10:06:43,4624,3,8841,An account was successfully logged on. New Logon: Account Name: jdoe Account Domain: CORP Logon ID: 0x1A2B3C.,0,Benign
2026-02-26 16:51:28,4624,8,5009,An account was successfully logged on. Subject: Security ID: S-1-5-18 Account Name: SYSTEM Account Domain: NT AUTHORITY Logon ID: 0x3E7 Logon Type: 5.,0,Benign
2026-02-28 16:49:12,4625,8,9631,An account failed to log on. Subject: Security ID: S-1-0-0 Account Name: - Account Domain: - Logon Type: 3.,0,Benign
2026-02-26 08:34:11,4624,7,8995,An account was successfully logged on. New Logon: Account Name: jdoe Account Domain: CORP Logon ID: 0x1A2B3C.,0,Benign
2026-02-25 03:47:49,4624,9,8092,An account was successfully logged on. Logon Type: 2 Interactive.,0,Benign
2026-03-01 13:11:56,4688,2,6807,A new process has been created. New Process Name: C:\Windows\System32\svchost.exe Creator Process Name: C:\Windows\System32\services.exe.,0,Benign
2026-02-24 10:06:42,4688,10,2683,A new process has been created. New Process Name: C:\Windows\System32\notepad.exe.,0,Benign
2026-02-23 16:17:33,4624,10,4908,An account was successfully logged on. Logon Type: 2 Interactive.,0,Benign
2026-02-27 19:03:04,4688,7,3303,A new process has been created. New Process Name: C:\Windows\System32\cmd.exe Command Line: cmd.exe /c dir.,0,Benign
2026-02-27 14:57:36,4648,2,9187,A logon was attempted using explicit credentials. Process: C:\Windows\System32\runas.exe.,0,Benign
2026-02-25 12:56:17,4688,7,2008,A new process has been created. New Process Name: C:\Windows\System32\svchost.exe Creator Process Name: C:\Windows\System32\services.exe.,0,Benign
2026-03-01 12:51:40,4648,11,4275,A logon was attempted using explicit credentials. Target Server: DC01 Target User: backup_svc.,0,Benign
2026-02-27 17:32:19,4624,5,3515,An account was successfully logged on. Logon Type: 10 Remote Desktop Services.,0,Benign
2026-02-23 17:48:40,4624,9,7823,An account was successfully logged on. Logon Type: 10 Remote Desktop Services.,0,Benign
2026-02-23 09:33:09,4688,7,1605,A new process has been created. New Process Name: C:\Windows\System32\cmd.exe Command Line: cmd.exe /c dir.,0,Benign
2026-02-26 12:37:37,4648,9,794,A logon was attempted using explicit credentials. Target Server: DC01 Target User: backup_svc.,0,Benign
2026-03-01 13:22:32,4624,12,4273,An account was successfully logged on. Logon Type: 10 Remote Desktop Services.,1,Benign
2026-03-01 00:14:56,4624,11,5385,An account was successfully logged on. Subject: Security ID: S-1-5-18 Account Name: SYSTEM Account Domain: NT AUTHORITY Logon ID: 0x3E7 Logon Type: 5.,0,Benign
2026-02-27 17:30:32,4625,10,900,An account failed to log on. Subject: Security ID: S-1-0-0 Account Name: - Account Domain: - Logon Type: 3.,0,Benign
2026-02-26 13:41:57,4648,7,5822,A logon was attempted using explicit credentials. Target Server: localhost Target User: admin.,0,Benign
2026-03-01 13:26:44,4648,2,3247,A logon was attempted using explicit credentials. Process: C:\Windows\System32\runas.exe.,0,Benign
2026-02-25 08:29:33,4625,10,2126,An account failed to log on. Failure Reason: Unknown user name or bad password. Status: 0xC000006D Sub Status: 0xC000006A.,0,Benign
2026-02-28 14:03:43,4688,2,5433,A new process has been created. New Process Name: C:\Windows\System32\taskhostw.exe.,0,Benign
2026-02-27 15:41:45,4624,11,7760,An account was successfully logged on. Subject: Security ID: S-1-5-18 Account Name: SYSTEM Account Domain: NT AUTHORITY Logon ID: 0x3E7 Logon Type: 5.,0,Benign
2026-02-23 14:08:12,4624,9,4262,An account was successfully logged on. Logon Type: 2 Interactive.,0,Benign
2026-02-25 11:44:35,4624,9,6016,An account was successfully logged on. New Logon: Account Name: jdoe Account Domain: CORP Logon ID: 0x1A2B3C.,0,Benign
2026-02-28 13:12:39,4688,3,7258,A new process has been created. New Process Name: C:\Windows\System32\svchost.exe Creator Process Name: C:\Windows\System32\services.exe.,0,Benign
2026-02-27 12:34:15,4648,2,1949,A logon was attempted using explicit credentials. Target Server: DC01 Target User: backup_svc.,0,Benign
2026-02-23 13:28:05,4688,2,9474,A new process has been created. New Process Name: C:\Windows\System32\svchost.exe Creator Process Name: C:\Windows\System32\services.exe.,0,Benign
2026-02-23 15:34:43,4624,11,376,An account was successfully logged on. New Logon: Account Name: jdoe Account Domain: CORP Logon ID: 0x1A2B3C.,0,Benign
2026-03-01 12:13:44,4688,11,9382,A new process has been created. New Process Name: C:\Windows\System32\notepad.exe.,0,Benign
2026-02-26 17:45:07,4624,5,2246,An account was successfully logged on. New Logon: Account Name: jdoe Account Domain: CORP Logon ID: 0x1A2B3C.,0,Benign
2026-02-23 17:46:45,4720,11,5902,A user account was created. New Account Name: tempuser New Account Domain: CORP.,0,Benign
2026-02-25 14:29:33,4624,3,4338,An account was successfully logged on. Subject: Security ID: S-1-5-18 Account Name: SYSTEM Account Domain: NT AUTHORITY Logon ID: 0x3E7 Logon Type: 5.,0,Benign
2026-03-01 13:53:12,4688,2,8136,A new process has been created. New Process Name: C:\Windows\System32\cmd.exe Command Line: cmd.exe /c dir.,0,Benign
2026-02-27 15:30:10,4672,2,9502,Special privileges assigned to new logon. Subject: Security ID: S-1-5-21-1234567890 Account Name: Administrator Privileges: SeDebugPrivilege.,0,Benign
2026-02-25 02:02:51,4720,10,1343,A user account was created. New Account Name: svc_backup New Account Domain: CORP.,0,Benign
2026-03-01 10:40:10,4625,11,9473,An account failed to log on. Failure Reason: Unknown user name or bad password. Status: 0xC000006D Sub Status: 0xC000006A.,0,Benign
2026-02-25 11:21:03,4625,9,5650,An account failed to log on. Logon Type: 10 Remote Desktop Services.,0,Benign
2026-02-25 15:43:43,4732,5,654,A member was added to a security-enabled local group. Member Name: jdoe Group Name: Remote Desktop Users.,0,Benign
2026-02-25 17:34:48,4688,8,1069,A new process has been created. New Process Name: C:\Program Files\Google\Chrome\chrome.exe Command Line: chrome.exe --type=renderer.,0,Benign
2026-02-26 01:20:27,4688,2,3044,A new process has been created. New Process Name: C:\Windows\System32\cmd.exe Command Line: cmd.exe /c dir.,1,Benign
2026-02-23 11:29:47,4625,12,5367,An account failed to log on. Account Name: administrator Source Network Address: 192.168.1.50.,0,Benign
2026-02-27 17:13:24,4624,5,7212,An account was successfully logged on. Subject: Security ID: S-1-5-18 Account Name: SYSTEM Account Domain: NT AUTHORITY Logon ID: 0x3E7 Logon Type: 5.,0,Benign
2026-02-27 12:41:49,4625,7,6448,An account failed to log on. Logon Type: 10 Remote Desktop Services.,0,Benign
2026-02-25 16:20:04,4648,5,9947,A logon was attempted using explicit credentials. Target Server: DC01 Target User: backup_svc.,0,Benign
2026-03-01 10:54:42,4624,7,6627,An account was successfully logged on. Logon Type: 2 Interactive.,0,Benign
2026-03-01 09:57:18,4720,5,8793,A user account was created. New Account Name: test_account.,0,Benign
2026-02-24 08:14:03,4688,9,1260,A new process has been created. New Process Name: C:\Windows\System32\taskhostw.exe.,0,Benign
2026-02-24 15:18:58,4625,12,4766,An account failed to log on. Account Name: administrator Source Network Address: 192.168.1.50.,0,Benign
2026-03-01 10:27:48,4624,8,9924,An account was successfully logged on. Logon Type: 2 Interactive.,0,Benign
2026-02-23 14:05:17,4624,9,4738,An account was successfully logged on. Subject: Security ID: S-1-5-18 Account Name: SYSTEM Account Domain: NT AUTHORITY Logon ID: 0x3E7 Logon Type: 5.,0,Benign
2026-02-27 08:14:24,4624,11,3089,An account was successfully logged on. Subject: Security ID: S-1-5-21-1234567890 Account Name: Administrator Account Domain: CORP Logon Type: 3.,0,Benign
2026-02-23 10:24:15,4688,9,1970,A new process has been created. New Process Name: C:\Windows\System32\cmd.exe Command Line: cmd.exe /c dir.,0,Benign
2026-02-23 16:28:25,4688,5,7339,A new process has been created. New Process Name: C:\Program Files\Google\Chrome\chrome.exe Command Line: chrome.exe --type=renderer.,0,Benign
2026-02-27 10:17:37,4624,7,1008,An account was successfully logged on. Logon Type: 2 Interactive.,0,Benign
2026-02-28 11:50:19,4720,8,8952,A user account was created. New Account Name: svc_backup New Account Domain: CORP.,0,Benign
2026-02-27 17:26:36,4634,3,4772,An account was logged off. Logon Type: 2 Interactive.,0,Benign
2026-02-24 08:08:18,4624,8,5298,An account was successfully logged on. Logon Type: 2 Interactive.,0,Benign
2026-02-26 13:43:42,4624,10,6604,An account was successfully logged on. Subject: Security ID: S-1-5-21-1234567890 Account Name: Administrator Account Domain: CORP Logon Type: 3.,0,Benign
2026-02-28 06:07:17,4648,12,2662,An account failed to log on. Source Network Address: 10.0.0.99.,1,T1046
2026-02-26 03:00:51,4648,11,4693,A logon was attempted using explicit credentials. Process: C:\Windows\System32\runas.exe.,0,Benign
2026-02-24 08:00:34,4625,3,7418,An account failed to log on. Failure Reason: Unknown user name or bad password. Status: 0xC000006D Sub Status: 0xC000006A.,0,Benign
2026-03-01 09:14:00,4624,3,3480,An account was successfully logged on. Logon Type: 10 Remote Desktop Services.,0,Benign
2026-02-28 08:58:21,4672,8,8923,Special privileges assigned to new logon. Subject: Security ID: S-1-5-18 Privileges: SeAssignPrimaryTokenPrivilege SeTcbPrivilege SeSecurityPrivilege.,0,Benign
2026-02-28 17:22:44,4634,2,7307,An account was logged off. Logon Type: 2 Interactive.,0,Benign
2026-02-24 11:51:37,4672,2,5651,Special privileges assigned to new logon. Subject: Security ID: S-1-5-18 Privileges: SeAssignPrimaryTokenPrivilege SeTcbPrivilege SeSecurityPrivilege.,0,Benign
2026-02-28 20:59:06,4624,9,7125,An account was successfully logged on. Logon Type: 10 Remote Desktop Services.,0,Benign
2026-02-28 12:50:15,4625,3,3033,An account failed to log on. Failure Reason: Unknown user name or bad password. Status: 0xC000006D Sub Status: 0xC000006A.,0,Benign
2026-02-28 20:57:24,4624,12,4788,An account was successfully logged on. Subject: Security ID: S-1-5-21-1234567890 Account Name: Administrator Account Domain: CORP Logon Type: 3.,0,Benign
2026-02-28 13:31:05,4625,9,6277,An account failed to log on. Failure Reason: Account locked out.,0,Benign
2026-02-24 09:40:36,4648,5,8556,A logon was attempted using explicit credentials. Target Server: localhost Target User: admin.,0,Benign
2026-02-27 09:45:43,4624,11,4925,An account was successfully logged on. Subject: Security ID: S-1-5-21-1234567890 Account Name: Administrator Account Domain: CORP Logon Type: 3.,0,Benign
2026-02-28 08:27:03,4624,8,2447,An account was successfully logged on. New Logon: Account Name: jdoe Account Domain: CORP Logon ID: 0x1A2B3C.,0,Benign
2026-02-26 14:30:47,4624,12,5928,An account was successfully logged on. Logon Type: 2 Interactive.,0,Benign
2026-02-24 09:31:40,4625,5,396,An account failed to log on. Logon Type: 10 Remote Desktop Services.,0,Benign
2026-02-26 08:18:11,4624,3,6171,An account was successfully logged on. Logon Type: 10 Remote Desktop Services.,0,Benign
2026-02-25 19:17:44,4624,11,5485,An account was successfully logged on. Logon Type: 2 Interactive.,0,Benign
2026-02-25 15:53:39,4688,7,9427,A new process has been created. New Process Name: C:\Windows\System32\notepad.exe.,0,Benign
2026-02-26 11:03:22,4634,5,1333,An account was logged off. Logon Type: 2 Interactive.,0,Benign
2026-02-24 14:08:01,4688,7,1541,A new process has been created. New Process Name: C:\Windows\System32\notepad.exe.,0,Benign
2026-02-26 17:00:42,4648,11,8874,A logon was attempted using explicit credentials. Target Server: DC01 Target User: backup_svc.,0,Benign
2026-03-01 14:05:15,4624,10,5057,An account was successfully logged on. Logon Type: 2 Interactive.,0,Benign
2026-02-24 17:29:23,4688,10,2841,A new process has been created. New Process Name: C:\Windows\System32\svchost.exe Creator Process Name: C:\Windows\System32\services.exe.,0,Benign
2026-02-26 13:46:51,4624,12,4158,An account was successfully logged on. Subject: Security ID: S-1-5-18 Account Name: SYSTEM Account Domain: NT AUTHORITY Logon ID: 0x3E7 Logon Type: 5.,0,Benign
2026-02-24 12:33:53,4624,7,2982,An account was successfully logged on. Subject: Security ID: S-1-5-21-1234567890 Account Name: Administrator Account Domain: CORP Logon Type: 3.,0,Benign
2026-02-28 08:37:05,4624,2,4264,An account was successfully logged on. Subject: Security ID: S-1-5-18 Account Name: SYSTEM Account Domain: NT AUTHORITY Logon ID: 0x3E7 Logon Type: 5.,0,Benign
2026-02-26 16:39:12,4648,2,6951,A logon was attempted using explicit credentials. Process: C:\Windows\System32\runas.exe.,0,Benign
2026-03-01 08:28:39,4625,2,6215,An account failed to log on. Logon Type: 10 Remote Desktop Services.,0,Benign
2026-02-26 16:22:20,4634,11,1900,An account was logged off. Logon Type: 3.,0,Benign
2026-03-01 10:53:56,4625,7,4462,An account failed to log on. Account Name: administrator Source Network Address: 192.168.1.50.,0,Benign
2026-02-26 13:01:25,4624,2,3715,An account was successfully logged on. Subject: Security ID: S-1-5-21-1234567890 Account Name: Administrator Account Domain: CORP Logon Type: 3.,0,Benign
2026-03-01 12:01:28,4688,9,2575,A new process has been created. New Process Name: C:\Windows\System32\notepad.exe.,0,Benign
2026-02-24 23:51:00,4634,10,4739,An account was logged off. Logon Type: 3.,0,Benign
2026-03-01 10:52:03,4625,5,1789,An account failed to log on. Account Name: administrator Source Network Address: 192.168.1.50.,0,Benign
2026-02-28 12:38:41,4625,3,7450,An account failed to log on. Subject: Security ID: S-1-0-0 Account Name: - Account Domain: - Logon Type: 3.,0,Benign
2026-02-28 11:07:30,4624,9,3486,An account was successfully logged on. Logon Type: 2 Interactive.,0,Benign
2026-03-01 13:51:02,4648,12,9967,A logon was attempted using explicit credentials. Target Server: DC01 Target User: backup_svc.,0,Benign
2026-02-26 17:02:14,4720,12,9340,A user account was created. New Account Name: tempuser New Account Domain: CORP.,0,Benign
2026-02-23 16:31:24,4688,12,6521,A new process has been created. New Process Name: C:\Windows\System32\taskhostw.exe.,0,Benign
2026-02-26 07:12:41,4688,5,4055,A new process has been created. New Process Name: C:\Windows\System32\svchost.exe Creator Process Name: C:\Windows\System32\services.exe.,0,Benign
2026-02-28 04:38:02,4625,8,8285,An account failed to log on. Logon Type: 10 Remote Desktop Services.,0,Benign
2026-02-28 14:23:19,4672,11,2223,Special privileges assigned to new logon. Subject: Security ID: S-1-5-18 Privileges: SeAssignPrimaryTokenPrivilege SeTcbPrivilege SeSecurityPrivilege.,0,Benign
2026-02-23 09:55:52,4625,3,1882,An account failed to log on. Subject: Security ID: S-1-0-0 Account Name: - Account Domain: - Logon Type: 3.,0,Benign
2026-03-01 22:26:34,4624,11,6631,An account was successfully logged on. Logon Type: 10 Remote Desktop Services.,0,Benign
2026-02-23 14:09:51,4672,3,9748,Special privileges assigned to new logon. Subject: Security ID: S-1-5-21-1234567890 Account Name: Administrator Privileges: SeDebugPrivilege.,0,Benign
2026-02-24 09:47:20,4648,2,9310,A logon was attempted using explicit credentials. Process: C:\Windows\System32\runas.exe.,0,Benign
2026-03-01 10:02:44,4648,7,6888,A logon was attempted using explicit credentials. Target Server: DC01 Target User: backup_svc.,0,Benign
2026-02-27 09:47:23,4624,3,6818,An account was successfully logged on. Subject: Security ID: S-1-5-21-1234567890 Account Name: Administrator Account Domain: CORP Logon Type: 3.,0,Benign
2026-03-01 01:09:36,4634,11,5521,An account was logged off. Logon Type: 2 Interactive.,0,Benign
2026-02-24 09:28:04,4634,9,5933,An account was logged off. Subject: Security ID: S-1-5-21-1234567890 Account Name: jdoe.,0,Benign
2026-02-28 17:12:09,4624,9,2950,An account was successfully logged on. Logon Type: 2 Interactive.,0,Benign
2026-02-23 13:42:27,4624,7,1256,An account was successfully logged on. Subject: Security ID: S-1-5-21-1234567890 Account Name: Administrator Account Domain: CORP Logon Type: 3.,0,Benign
2026-02-28 08:25:57,4688,7,623,A new process has been created. New Process Name: C:\Windows\System32\taskhostw.exe.,0,Benign
2026-02-28 08:36:51,4624,11,7546,An account was successfully logged on. New Logon: Account Name: jdoe Account Domain: CORP Logon ID: 0x1A2B3C.,0,Benign
2026-02-27 10:01:03,4688,12,763,A new process has been created. New Process Name: C:\Windows\System32\cmd.exe Command Line: cmd.exe /c dir.,0,Benign
2026-02-25 10:59:48,4625,10,1708,An account failed to log on. Subject: Security ID: S-1-0-0 Account Name: - Account Domain: - Logon Type: 3.,0,Benign
