2026-02-25 12:37:47,4672,12,723,Special privileges assigned to new logon. Account Name: SYSTEM Privileges: SeBackupPrivilege SeRestorePrivilege.,0,Benign
2026-02-24 12:25:29,4688,3,3478,A new process has been created. New Process Name: C:\Program Files\Google\Chrome\chrome.exe Command Line: chrome.exe --type=renderer.,0,Benign
2026-03-01 13:47:14,4624,3,6724,An account was successfully logged on. New Logon: Account Name: jdoe Account Domain: CORP Logon ID: 0x1A2B3C.,0,Benign
2026-03-01 15:59:58,4624,8,8724,An account was successfully logged on. Logon Type: 2 Interactive.,0,Benign
2026-02-23 10:14:18,4732,10,8689,A member was added to a security-enabled local group. Member Name: svc_backup Group Name: Backup Operators.,0,Benign
2026-02-28 11:41:22,4688,11,5779,A new process has been created. New Process Name: C:\Windows\System32\notepad.exe.,0,Benign
2026-02-24 17:23:55,4624,11,7608,An account was successfully logged on. Subject: Security ID: S-1-5-18 Account Name: SYSTEM Account Domain: NT AUTHORITY Logon ID: 0x3E7 Logon Type: 5.,0,Benign
2026-02-27 11:33:19,4624,8,9915,An account was successfully logged on. Subject: Security ID: S-1-5-18 Account Name: SYSTEM Account Domain: NT AUTHORITY Logon ID: 0x3E7 Logon Type: 5.,0,Benign
2026-03-01 04:55:31,4634,8,8644,An account was logged off. Logon Type: 2 Interactive.,0,Benign
2026-03-01 16:08:47,4634,12,5500,An account was logged off. Subject: Security ID: S-1-5-21-1234567890 Account Name: jdoe.,0,Benign
2026-02-28 18:44:23,4624,12,2222,An account was successfully logged on. Logon Type: 10 Remote Desktop Services.,0,Benign
2026-02-23 02:31:35,4634,10,3806,An account was logged off. Logon Type: 2 Interactive.,0,Benign
2026-02-24 09:29:03,4624,3,8964,An account was successfully logged on. New Logon: Account Name: jdoe Account Domain: CORP Logon ID: 0x1A2B3C.,0,Benign
2026-02-28 16:46:12,4648,9,7697,A logon was attempted using explicit credentials. Target Server: DC01 Target User: backup_svc.,1,Benign
2026-02-25 12:55:07,4624,3,5034,An account was successfully logged on. New Logon: Account Name: jdoe Account Domain: CORP Logon ID: 0x1A2B3C.,0,Benign
2026-03-01 10:45:56,4672,10,6650,Special privileges assigned to new logon. Subject: Security ID: S-1-5-18 Privileges: SeAssignPrimaryTokenPrivilege SeTcbPrivilege SeSecurityPrivilege.,0,Benign
2026-02-28 14:35:08,4624,11,8656,An account was successfully logged on. Logon Type: 10 Remote Desktop Services.,0,Benign
2026-02-23 13:23:57,4624,2,7756,An account was successfully logged on. Logon Type: 2 Interactive.,0,Benign
2026-02-28 16:35:10,4688,10,4109,A new process has been created. New Process Name: C:\Windows\System32\svchost.exe Creator Process Name: C:\Windows\System32\services.exe.,0,Benign
2026-02-25 16:06:58,4624,8,1872,An account was successfully logged on. Subject: Security ID: S-1-5-21-1234567890 Account Name: Administrator Account Domain: CORP Logon Type: 3.,0,Benign
2026-02-27 14:17:07,4672,5,3478,Special privileges assigned to new logon. Account Name: SYSTEM Privileges: SeBackupPrivilege SeRestorePrivilege.,0,Benign
2026-02-24 16:54:37,4625,2,3246,An account failed to log on. Subject: Security ID: S-1-0-0 Account Name: - Account Domain: - Logon Type: 3.,0,Benign
2026-02-27 03:31:20,4624,5,4291,An account was successfully logged on. Subject: Security ID: S-1-5-21-1234567890 Account Name: Administrator Account Domain: CORP Logon Type: 3.,0,Benign
2026-02-28 08:03:17,4625,3,4733,An account failed to log on. Failure Reason: Account locked out.,0,Benign
2026-02-26 08:43:39,4624,3,7754,An account was successfully logged on. Subject: Security ID: S-1-5-21-1234567890 Account Name: Administrator Account Domain: CORP Logon Type: 3.,0,Benign
2026-03-01 16:33:47,4634,7,3015,An account was logged off. Logon Type: 3.,0,Benign
2026-02-25 14:38:19,4624,9,996,An account was successfully logged on. Logon Type: 10 Remote Desktop Services.,0,Benign
2026-03-01 14:33:51,4634,7,7401,An account was logged off. Logon Type: 3.,0,Benign
2026-02-23 14:36:00,4720,10,2182,A user account was created. New Account Name: tempuser New Account Domain: CORP.,0,Benign
2026-02-26 19:00:52,4634,3,330,An account was logged off. Logon Type: 2 Interactive.,0,Benign
2026-02-23 13:29:43,4625,10,6716,An account failed to log on. Subject: Security ID: S-1-0-0 Account Name: - Account Domain: - Logon Type: 3.,0,Benign
2026-02-28 18:58:06,4625,7,1325,An account failed to log on. Failure Reason: Account locked out.,0,Benign
2026-02-25 20:30:13,4624,9,5618,An account was successfully logged on. Subject: Security ID: S-1-5-18 Account Name: SYSTEM Account Domain: NT AUTHORITY Logon ID: 0x3E7 Logon Type: 5.,0,Benign
2026-03-01 16:52:27,4672,8,366,Special privileges assigned to new logon. Subject: Security ID: S-1-5-18 Privileges: SeAssignPrimaryTokenPrivilege SeTcbPrivilege SeSecurityPrivilege.,0,Benign
2026-02-27 13:56:22,4624,3,7056,An account was successfully logged on. Subject: Security ID: S-1-5-18 Account Name: SYSTEM Account Domain: NT AUTHORITY Logon ID: 0x3E7 Logon Type: 5.,0,Benign
2026-02-25 15:47:56,4625,3,3332,An account failed to log on. Logon Type: 10 Remote Desktop Services.,0,Benign
2026-02-28 14:15:27,4648,7,8924,A logon was attempted using explicit credentials. Target Server: DC01 Target User: backup_svc.,0,Benign
2026-02-23 12:58:18,4688,8,8531,A new process has been created. New Process Name: C:\Program Files\Google\Chrome\chrome.exe Command Line: chrome.exe --type=renderer.,0,Benign
2026-02-26 15:25:37,4672,2,9424,Special privileges assigned to new logon. Account Name: SYSTEM Privileges: SeBackupPrivilege SeRestorePrivilege.,0,Benign
2026-03-01 17:09:45,4625,7,8957,An account failed to log on. Failure Reason: Unknown user name or bad password. Status: 0xC000006D Sub Status: 0xC000006A.,0,Benign
2026-02-26 16:49:54,4688,5,8929,A new process has been created. New Process Name: C:\Program Files\Google\Chrome\chrome.exe Command Line: chrome.exe --type=renderer.,0,Benign
2026-02-26 16:32:16,4634,11,7674,An account was logged off. Logon Type: 3.,0,Benign
2026-03-01 13:20:27,4634,11,4248,An account was logged off. Subject: Security ID: S-1-5-21-1234567890 Account Name: jdoe.,0,Benign
2026-03-01 16:13:15,4624,5,1098,An account was successfully logged on. Subject: Security ID: S-1-5-18 Account Name: SYSTEM Account Domain: NT AUTHORITY Logon ID: 0x3E7 Logon Type: 5.,0,Benign
2026-02-26 10:36:22,4648,9,5749,A logon was attempted using explicit credentials. Process: C:\Windows\System32\runas.exe.,0,Benign
2026-02-25 09:42:10,4624,11,9427,An account was successfully logged on. Logon Type: 10 Remote Desktop Services.,0,Benign
2026-02-24 16:45:57,4625,10,4626,An account failed to log on. Account Name: administrator Source Network Address: 192.168.1.50.,0,Benign
2026-02-28 08:17:19,4624,12,8021,An account was successfully logged on. Subject: Security ID: S-1-5-18 Account Name: SYSTEM Account Domain: NT AUTHORITY Logon ID: 0x3E7 Logon Type: 5.,0,Benign
2026-02-28 09:02:40,4624,11,3743,An account was successfully logged on. Logon Type: 2 Interactive.,0,Benign
2026-02-24 13:14:26,4624,12,6604,An account was successfully logged on. Subject: Security ID: S-1-5-21-1234567890 Account Name: Administrator Account Domain: CORP Logon Type: 3.,0,Benign
2026-03-01 03:39:09,4688,9,9948,A new process has been created. New Process Name: C:\Windows\System32\cmd.exe Command Line: cmd.exe /c dir.,0,Benign
2026-02-27 14:16:47,4648,10,1264,A logon was attempted using explicit credentials. Process: C:\Windows\System32\runas.exe.,0,Benign
2026-02-24 16:54:22,4648,7,5199,A logon was attempted using explicit credentials. Target Server: localhost Target User: admin.,0,Benign
2026-02-28 13:36:45,4672,8,4279,Special privileges assigned to new logon. Subject: Security ID: S-1-5-18 Privileges: SeAssignPrimaryTokenPrivilege SeTcbPrivilege SeSecurityPrivilege.,0,Benign
2026-02-28 20:59:22,4672,9,7616,Special privileges assigned to new logon. Subject: Security ID: S-1-5-18 Privileges: SeAssignPrimaryTokenPrivilege SeTcbPrivilege SeSecurityPrivilege.,0,Benign
2026-03-01 11:58:43,4624,9,7782,An account was successfully logged on. Subject: Security ID: S-1-5-21-1234567890 Account Name: Administrator Account Domain: CORP Logon Type: 3.,0,Benign
2026-02-28 13:50:26,4624,8,2529,An account was successfully logged on. Subject: Security ID: S-1-5-21-1234567890 Account Name: Administrator Account Domain: CORP Logon Type: 3.,0,Benign
2026-03-01 11:53:20,4634,10,9856,An account was logged off. Subject: Security ID: S-1-5-21-1234567890 Account Name: jdoe.,0,Benign
2026-02-28 17:39:18,4625,8,6940,An account failed to log on. Logon Type: 10 Remote Desktop Services.,0,Benign
2026-02-24 08:30:56,4624,7,5484,An account was successfully logged on. Logon Type: 2 Interactive.,0,Benign
2026-02-26 13:54:31,4625,11,9271,An account failed to log on. Subject: Security ID: S-1-0-0 Account Name: - Account Domain: - Logon Type: 3.,0,Benign
2026-02-24 13:20:45,4720,7,1745,A user account was created. New Account Name: tempuser New Account Domain: CORP.,0,Benign
2026-02-25 14:46:08,4634,9,5216,An account was logged off. Subject: Security ID: S-1-5-21-1234567890 Account Name: jdoe.,0,Benign
2026-02-23 16:09:23,4625,11,450,An account failed to log on. Account Name: administrator Source Network Address: 192.168.1.50.,0,Benign
2026-02-23 03:28:08,4634,2,2599,An account was logged off. Logon Type: 3.,0,Benign
2026-02-26 06:21:35,4688,11,7151,A new process has been created. New Process Name: C:\Windows\System32\notepad.exe.,0,Benign
2026-02-24 14:47:52,4648,11,2936,A logon was attempted using explicit credentials. Target Server: localhost Target User: admin.,0,Benign
2026-02-25 21:49:08,4624,11,981,An account was successfully logged on. New Logon: Account Name: jdoe Account Domain: CORP Logon ID: 0x1A2B3C.,0,Benign
2026-02-23 10:33:30,4624,3,2558,An account was successfully logged on. Subject: Security ID: S-1-5-18 Account Name: SYSTEM Account Domain: NT AUTHORITY Logon ID: 0x3E7 Logon Type: 5.,0,Benign
2026-02-24 10:22:58,4624,9,6779,An account was successfully logged on. New Logon: Account Name: jdoe Account Domain: CORP Logon ID: 0x1A2B3C.,0,Benign
2026-02-25 16:52:24,4625,5,1690,An account failed to log on. Subject: Security ID: S-1-0-0 Account Name: - Account Domain: - Logon Type: 3.,0,Benign
2026-02-24 12:08:42,4672,12,6978,Special privileges assigned to new logon. Subject: Security ID: S-1-5-21-1234567890 Account Name: Administrator Privileges: SeDebugPrivilege.,0,Benign
2026-02-26 09:21:25,4624,3,6910,An account was successfully logged on. Subject: Security ID: S-1-5-18 Account Name: SYSTEM Account Domain: NT AUTHORITY Logon ID: 0x3E7 Logon Type: 5.,0,Benign
2026-03-01 17:08:08,4688,10,321,A new process has been created. New Process Name: C:\Windows\System32\taskhostw.exe.,0,Benign
2026-02-24 10:19:24,4625,8,9803,An account failed to log on. Failure Reason: Unknown user name or bad password. Status: 0xC000006D Sub Status: 0xC000006A.,0,Benign
2026-02-26 23:27:48,4688,9,3497,A new process has been created. New Process Name: C:\Program Files\Google\Chrome\chrome.exe Command Line: chrome.exe --type=renderer.,0,Benign
2026-02-28 17:41:24,4624,11,2703,An account was successfully logged on. Subject: Security ID: S-1-5-21-1234567890 Account Name: Administrator Account Domain: CORP Logon Type: 3.,0,Benign
2026-02-27 15:17:11,4624,5,7402,An account was successfully logged on. Subject: Security ID: S-1-5-18 Account Name: SYSTEM Account Domain: NT AUTHORITY Logon ID: 0x3E7 Logon Type: 5.,0,Benign
2026-02-28 10:14:23,4688,3,4596,A new process has been created. New Process Name: C:\Windows\System32\notepad.exe.,0,Benign
2026-02-24 06:38:48,4672,11,1727,Special privileges assigned to new logon. Account Name: SYSTEM Privileges: SeBackupPrivilege SeRestorePrivilege.,0,Benign
2026-02-27 10:47:24,4720,10,3476,A user account was created. New Account Name: tempuser New Account Domain: CORP.,0,Benign
2026-02-25 10:31:28,4624,3,3271,An account was successfully logged on. Logon Type: 2 Interactive.,0,Benign
2026-03-01 16:18:47,4672,7,6940,Special privileges assigned to new logon. Subject: Security ID: S-1-5-21-1234567890 Account Name: Administrator Privileges: SeDebugPrivilege.,0,Benign
2026-02-26 21:04:04,4688,12,8237,A new process has been created. New Process Name: C:\Windows\System32\cmd.exe Command Line: cmd.exe /c dir.,0,Benign
2026-02-24 09:17:51,4624,2,7717,An account was successfully logged on. Subject: Security ID: S-1-5-21-1234567890 Account Name: Administrator Account Domain: CORP Logon Type: 3.,0,Benign
2026-02-24 07:41:46,4634,12,801,An account was logged off. Logon Type: 3.,0,Benign
2026-02-25 08:35:54,4624,11,9237,An account was successfully logged on. Logon Type: 10 Remote Desktop Services.,0,Benign
2026-02-27 18:57:30,4720,9,8816,A user account was created. New Account Name: svc_backup New Account Domain: CORP.,0,Benign
2026-02-27 12:12:41,4648,9,4553,A logon was attempted using explicit credentials. Target Server: DC01 Target User: backup_svc.,0,Benign
2026-03-01 04:21:37,4648,7,9764,A logon was attempted using explicit credentials. Target Server: DC01 Target User: backup_svc.,0,Benign
2026-02-26 11:37:12,4648,3,2204,A logon was attempted using explicit credentials. Process: C:\Windows\System32\runas.exe.,0,Benign
2026-02-27 14:26:56,4634,7,2450,An account was logged off. Subject: Security ID: S-1-5-21-1234567890 Account Name: jdoe.,0,Benign
2026-02-26 09:31:46,4624,11,9071,An account was successfully logged on. Subject: Security ID: S-1-5-21-1234567890 Account Name: Administrator Account Domain: CORP Logon Type: 3.,0,Benign
2026-02-24 00:23:44,4624,2,7156,An account was successfully logged on. New Logon: Account Name: jdoe Account Domain: CORP Logon ID: 0x1A2B3C.,0,Benign
2026-02-28 17:40:40,4625,9,8726,An account failed to log on. Failure Reason: Account locked out.,0,Benign
2026-02-25 10:03:40,4634,10,8235,An account was logged off. Logon Type: 3.,0,Benign
2026-02-26 16:08:57,4732,3,4540,A member was added to a security-enabled local group. Member Name: svc_backup Group Name: Backup Operators.,0,Benign
2026-02-23 09:00:31,4624,7,3397,An account was successfully logged on. New Logon: Account Name: jdoe Account Domain: CORP Logon ID: 0x1A2B3C.,0,Benign
2026-02-24 14:20:25,4624,12,7296,An account was successfully logged on. New Logon: Account Name: jdoe Account Domain: CORP Logon ID: 0x1A2B3C.,0,Benign
2026-02-25 11:11:33,4688,5,409,A new process has been created. New Process Name: C:\Windows\System32\taskhostw.exe.,0,Benign
2026-02-25 13:48:56,4624,5,2905,An account was successfully logged on. Logon Type: 10 Remote Desktop Services.,0,Benign
2026-03-01 14:42:10,4732,8,3944,A member was added to a security-enabled local group. Member Name: jdoe Group Name: Remote Desktop Users.,0,Benign
2026-02-24 17:59:03,4624,5,3681,An account was successfully logged on. New Logon: Account Name: jdoe Account Domain: CORP Logon ID: 0x1A2B3C.,0,Benign
2026-02-25 17:37:36,4624,12,5938,An account was successfully logged on. Logon Type: 2 Interactive.,0,Benign
2026-02-28 10:51:55,4648,5,1443,A logon was attempted using explicit credentials. Target Server: DC01 Target User: backup_svc.,0,Benign
2026-02-27 12:07:29,4624,3,5417,An account was successfully logged on. New Logon: Account Name: jdoe Account Domain: CORP Logon ID: 0x1A2B3C.,0,Benign
2026-02-23 11:36:45,4688,5,2708,A new process has been created. New Process Name: C:\Windows\System32\cmd.exe Command Line: cmd.exe /c dir.,0,Benign
2026-02-28 16:24:26,4634,9,4564,An account was logged off. Subject: Security ID: S-1-5-21-1234567890 Account Name: jdoe.,0,Benign
2026-02-28 16:22:59,4672,12,6734,Special privileges assigned to new logon. Subject: Security ID: S-1-5-21-1234567890 Account Name: Administrator Privileges: SeDebugPrivilege.,0,Benign
2026-02-26 11:45:21,4634,8,6256,An account was logged off. Logon Type: 3.,0,Benign
2026-02-25 02:27:07,4672,8,8252,Special privileges assigned to new logon. Subject: Security ID: S-1-5-18 Privileges: SeAssignPrimaryTokenPrivilege SeTcbPrivilege SeSecurityPrivilege.,0,Benign
2026-02-23 19:41:21,4624,10,3749,An account was successfully logged on. Logon Type: 10 Remote Desktop Services.,0,Benign
2026-02-24 10:29:22,4648,11,9818,A logon was attempted using explicit credentials. Process: C:\Windows\System32\runas.exe.,0,Benign
2026-02-24 09:37:40,4688,8,7670,A new process has been created. New Process Name: C:\Windows\System32\notepad.exe.,0,Benign
2026-02-27 12:38:50,4624,8,5040,An account was successfully logged on. Subject: Security ID: S-1-5-18 Account Name: SYSTEM Account Domain: NT AUTHORITY Logon ID: 0x3E7 Logon Type: 5.,0,Benign
2026-02-24 08:29:56,4625,2,2736,An account failed to log on. Account Name: administrator Source Network Address: 192.168.1.50.,0,Benign
2026-02-23 03:10:58,4624,11,226,An account was successfully logged on. Subject: Security ID: S-1-5-21-1234567890 Account Name: Administrator Account Domain: CORP Logon Type: 3.,0,Benign
2026-03-01 12:55:56,4624,10,4745,An account was successfully logged on. Logon Type: 2 Interactive.,0,Benign
2026-02-25 15:47:48,4648,2,5890,A logon was attempted using explicit credentials. Target Server: localhost Target User: admin.,0,Benign
2026-02-28 14:46:56,4624,8,8154,An account was successfully logged on. New Logon: Account Name: jdoe Account Domain: CORP Logon ID: 0x1A2B3C.,0,Benign
2026-03-01 14:46:22,4648,8,3392,A logon was attempted using explicit credentials. Target Server: localhost Target User: admin.,0,Benign
2026-02-24 17:33:44,4634,5,7140,An account was logged off. Logon Type: 2 Interactive.,0,Benign
2026-02-27 13:05:48,4648,8,1906,A logon was attempted using explicit credentials. Process: C:\Windows\System32\runas.exe.,0,Benign
2026-02-26 14:59:11,4624,12,4056,An account was successfully logged on. New Logon: Account Name: jdoe Account Domain: CORP Logon ID: 0x1A2B3C.,0,Benign
2026-02-24 20:58:31,4624,5,5557,An account was successfully logged on. Logon Type: 2 Interactive.,0,Benign
2026-02-27 14:54:24,4624,10,7533,An account was successfully logged on. Logon Type: 10 Remote Desktop Services.,0,Benign
2026-03-01 11:39:24,4688,7,2327,A new process has been created. New Process Name: C:\Windows\System32\notepad.exe.,0,Benign
2026-02-25 11:19:32,4624,7,2343,An account was successfully logged on. Subject: Security ID: S-1-5-21-1234567890 Account Name: Administrator Account Domain: CORP Logon Type: 3.,0,Benign
2026-02-23 09:21:49,4720,11,8955,A user account was created. New Account Name: test_account.,0,Benign
2026-02-28 15:23:01,4688,3,1876,A new process has been created. New Process Name: C:\Windows\System32\taskhostw.exe.,0,Benign
2026-02-27 03:42:04,1100,5,995,The event logging service has shut down. Reason: The log was cleared by user.,1,T1070
2026-02-27 11:51:09,4720,5,7701,A user account was created. New Account Name: tempuser New Account Domain: CORP.,0,Benign
2026-02-28 10:19:53,4688,2,7585,A new process has been created. New Process Name: C:\Windows\System32\cmd.exe Command Line: cmd.exe /c dir.,0,Benign
2026-02-27 05:05:41,4634,9,4345,An account was logged off. Subject: Security ID: S-1-5-21-1234567890 Account Name: jdoe.,0,Benign
2026-02-27 06:52:54,4688,8,3829,A new process has been created. New Process Name: C:\Windows\System32\svchost.exe Creator Process Name: C:\Windows\System32\services.exe.,0,Benign
2026-02-24 10:19:35,4625,3,8299,An account failed to log on. Failure Reason: Unknown user name or bad password. Status: 0xC000006D Sub Status: 0xC000006A.,0,Benign
2026-02-28 12:30:14,4688,10,4973,A new process has been created. New Process Name: C:\Windows\System32\notepad.exe.,0,Benign
2026-02-23 09:06:21,4624,5,8372,An account was successfully logged on. Logon Type: 10 Remote Desktop Services.,0,Benign
2026-03-01 23:46:47,4624,8,6943,An account was successfully logged on. Subject: Security ID: S-1-5-18 Account Name: SYSTEM Account Domain: NT AUTHORITY Logon ID: 0x3E7 Logon Type: 5.,0,Benign
2026-02-27 10:08:49,4624,12,9536,An account was successfully logged on. Logon Type: 2 Interactive.,0,Benign
2026-02-25 12:20:14,4624,3,2223,An account was successfully logged on. Subject: Security ID: S-1-5-21-1234567890 Account Name: Administrator Account Domain: CORP Logon Type: 3.,0,Benign
2026-02-26 11:34:29,4634,8,6668,An account was logged off. Logon Type: 3.,0,Benign
2026-02-25 11:29:16,4624,11,9018,An account was successfully logged on. Subject: Security ID: S-1-5-18 Account Name: SYSTEM Account Domain: NT AUTHORITY Logon ID: 0x3E7 Logon Type: 5.,0,Benign
2026-03-01 08:50:12,4688,12,1016,An account was successfully logged on. Logon Type: 9 New Logon: admin.,1,T1003
2026-02-27 08:59:50,4624,10,7856,An account was successfully logged on. Subject: Security ID: S-1-5-21-1234567890 Account Name: Administrator Account Domain: CORP Logon Type: 3.,0,Benign
2026-02-27 16:53:50,4648,2,6799,A logon was attempted using explicit credentials. Target Server: DC01 Target User: backup_svc.,0,Benign
2026-03-01 01:31:35,4648,5,9423,A logon was attempted using explicit credentials. Target Server: DC01 Target User: backup_svc.,0,Benign
2026-02-26 19:46:29,4624,10,4564,An account was successfully logged on. Subject: Security ID: S-1-5-18 Account Name: SYSTEM Account Domain: NT AUTHORITY Logon ID: 0x3E7 Logon Type: 5.,0,Benign
2026-03-01 10:24:30,4720,2,4193,A user account was created. New Account Name: tempuser New Account Domain: CORP.,0,Benign
2026-02-28 03:56:19,4688,12,4781,A new process has been created. New Process Name: C:\Windows\System32\cmd.exe Command Line: cmd.exe /c dir.,0,Benign
2026-02-25 09:38:28,4688,12,1762,A new process has been created. New Process Name: C:\Program Files\Google\Chrome\chrome.exe Command Line: chrome.exe --type=renderer.,0,Benign
2026-02-25 16:17:14,4624,12,6990,An account was successfully logged on. Logon Type: 10 Remote Desktop Services.,0,Benign
2026-03-01 15:40:03,4624,9,2898,An account was successfully logged on. Logon Type: 10 Remote Desktop Services.,0,Benign
2026-02-23 16:25:53,4624,8,1122,An account was successfully logged on. Logon Type: 10 Remote Desktop Services.,0,Benign
2026-02-26 10:22:04,4625,9,1909,An account failed to log on. Account Name: administrator Source Network Address: 192.168.1.50.,0,Benign
2026-02-27 10:01:51,4625,5,660,An account failed to log on. Failure Reason: Account locked out.,0,Benign
2026-02-26 15:56:56,4672,11,4354,Special privileges assigned to new logon. Subject: Security ID: S-1-5-21-1234567890 Account Name: Administrator Privileges: SeDebugPrivilege.,0,Benign
2026-02-28 12:26:53,4688,9,3900,A new process has been created. New Process Name: C:\Windows\System32\svchost.exe Creator Process Name: C:\Windows\System32\services.exe.,0,Benign
2026-02-25 15:39:31,4625,8,9404,An account failed to log on. Failure Reason: Unknown user name or bad password. Status: 0xC000006D Sub Status: 0xC000006A.,0,Benign
2026-02-23 11:03:21,4624,2,4357,An account was successfully logged on. Subject: Security ID: S-1-5-21-1234567890 Account Name: Administrator Account Domain: CORP Logon Type: 3.,0,Benign
2026-02-23 13:52:04,4720,10,7551,A user account was created. New Account Name: test_account.,0,Benign
2026-02-26 13:25:41,4634,8,1375,An account was logged off. Logon Type: 3.,0,Benign
2026-03-01 08:16:36,4688,9,7083,A new process has been created. New Process Name: C:\Windows\System32\cmd.exe Command Line: cmd.exe /c dir.,0,Benign
2026-03-01 17:12:33,4688,7,8080,A new process has been created. New Process Name: C:\Windows\System32\notepad.exe.,0,Benign
2026-02-27 09:43:39,4688,9,4915,A new process has been created. New Process Name: C:\Program Files\Google\Chrome\chrome.exe Command Line: chrome.exe --type=renderer.,0,Benign
2026-02-28 16:10:05,4624,9,1457,An account was successfully logged on. Subject: Security ID: S-1-5-21-1234567890 Account Name: Administrator Account Domain: CORP Logon Type: 3.,0,Benign
2026-02-23 12:46:08,4625,7,4296,An account failed to log on. Account Name: administrator Source Network Address: 192.168.1.50.,0,Benign
2026-03-01 17:45:20,4624,12,7857,An account was successfully logged on. Logon Type: 10 Remote Desktop Services.,0,Benign
2026-02-27 12:47:49,4625,3,8937,An account failed to log on. Logon Type: 10 Remote Desktop Services.,0,Benign
2026-02-26 12:06:17,4634,8,1709,An account was logged off. Logon Type: 2 Interactive.,0,Benign
2026-02-27 11:17:02,4624,5,7872,An account was successfully logged on. New Logon: Account Name: jdoe Account Domain: CORP Logon ID: 0x1A2B3C.,0,Benign
2026-02-24 16:13:10,4648,7,8023,A logon was attempted using explicit credentials. Process: C:\Windows\System32\runas.exe.,0,Benign
2026-02-26 15:19:03,4625,8,476,An account failed to log on. Subject: Security ID: S-1-0-0 Account Name: - Account Domain: - Logon Type: 3.,0,Benign
2026-02-26 12:02:20,4688,2,861,A new process has been created. New Process Name: C:\Windows\System32\cmd.exe Command Line: cmd.exe /c dir.,0,Benign
2026-02-24 12:20:27,4625,12,4156,An account failed to log on. Failure Reason: Unknown user name or bad password. Status: 0xC000006D Sub Status: 0xC000006A.,0,Benign
2026-03-01 11:58:12,4672,12,7998,Special privileges assigned to new logon. Account Name: SYSTEM Privileges: SeBackupPrivilege SeRestorePrivilege.,0,Benign
2026-02-24 12:06:28,4625,2,5545,An account failed to log on. Account Name: administrator Source Network Address: 192.168.1.50.,0,Benign
2026-03-01 11:00:34,4688,7,3583,A new process has been created. New Process Name: C:\Windows\System32\notepad.exe.,0,Benign
2026-02-25 08:15:31,4624,10,5640,An account was successfully logged on. Subject: Security ID: S-1-5-18 Account Name: SYSTEM Account Domain: NT AUTHORITY Logon ID: 0x3E7 Logon Type: 5.,0,Benign
2026-02-23 21:31:49,4720,12,1641,A user account was created. New Account Name: test_account.,0,Benign
2026-03-01 16:30:51,4625,11,6334,An account failed to log on. Subject: Security ID: S-1-0-0 Account Name: - Account Domain: - Logon Type: 3.,0,Benign
2026-02-24 13:06:18,4625,9,7920,An account failed to log on. Subject: Security ID: S-1-0-0 Account Name: - Account Domain: - Logon Type: 3.,0,Benign
2026-02-28 14:48:30,4648,3,1698,A logon was attempted using explicit credentials. Target Server: DC01 Target User: backup_svc.,0,Benign
2026-02-28 16:26:50,4688,2,1311,A new process has been created. New Process Name: C:\Windows\System32\notepad.exe.,0,Benign
2026-02-25 22:43:29,4648,10,9480,A logon was attempted using explicit credentials. Process: C:\Windows\System32\runas.exe.,0,Benign
2026-02-23 15:48:16,4688,3,402,A new process has been created. New Process Name: C:\Windows\System32\notepad.exe.,0,Benign
2026-02-24 12:17:42,4672,3,3703,Special privileges assigned to new logon. Subject: Security ID: S-1-5-18 Privileges: SeAssignPrimaryTokenPrivilege SeTcbPrivilege SeSecurityPrivilege.,1,Benign
2026-03-01 11:34:43,4624,10,4289,An account was successfully logged on. New Logon: Account Name: jdoe Account Domain: CORP Logon ID: 0x1A2B3C.,0,Benign
2026-02-27 14:24:11,4625,8,6620,An account failed to log on. Failure Reason: Account locked out.,0,Benign
2026-02-28 10:42:55,4624,10,1383,An account was successfully logged on. Logon Type: 2 Interactive.,0,Benign
2026-02-23 08:28:08,4624,11,7946,An account was successfully logged on. Logon Type: 10 Remote Desktop Services.,0,Benign
2026-02-23 08:45:09,4624,11,2117,An account was successfully logged on. Subject: Security ID: S-1-5-21-1234567890 Account Name: Administrator Account Domain: CORP Logon Type: 3.,0,Benign
2026-02-23 16:53:21,4672,12,5912,Special privileges assigned to new logon. Account Name: SYSTEM Privileges: SeBackupPrivilege SeRestorePrivilege.,0,Benign
2026-02-24 11:34:06,4688,5,2601,A new process has been created. New Process Name: C:\Windows\System32\taskhostw.exe.,0,Benign
2026-02-24 14:39:47,4624,8,7171,An account was successfully logged on. Logon Type: 2 Interactive.,0,Benign
2026-02-27 11:50:28,4624,10,4071,An account was successfully logged on. New Logon: Account Name: jdoe Account Domain: CORP Logon ID: 0x1A2B3C.,0,Benign
2026-02-27 14:57:24,4625,11,5581,An account failed to log on. Subject: Security ID: S-1-0-0 Account Name: - Account Domain: - Logon Type: 3.,0,Benign
2026-02-24 15:24:42,4624,3,9176,An account was successfully logged on. Subject: Security ID: S-1-5-18 Account Name: SYSTEM Account Domain: NT AUTHORITY Logon ID: 0x3E7 Logon Type: 5.,0,Benign
2026-02-26 11:11:14,4720,10,169,A user account was created. New Account Name: test_account.,0,Benign
2026-02-28 15:28:10,4634,8,1874,An account was logged off. Subject: Security ID: S-1-5-21-1234567890 Account Name: jdoe.,0,Benign
2026-02-24 11:29:02,4732,5,7019,A member was added to a security-enabled local group. Member Name: svc_backup Group Name: Backup Operators.,0,Benign
2026-02-23 13:32:18,4624,3,1917,An account was successfully logged on. Logon Type: 10 Remote Desktop Services.,0,Benign
2026-02-23 11:02:52,4625,5,5704,An account failed to log on. Logon Type: 10 Remote Desktop Services.,0,Benign
2026-02-23 13:41:27,4625,5,4782,An account failed to log on. Failure Reason: Account locked out.,0,Benign
2026-02-25 23:33:46,4648,10,1894,A logon was attempted using explicit credentials. Target Server: DC01 Target User: backup_svc.,0,Benign
2026-02-26 09:27:52,4648,12,3455,A logon was attempted using explicit credentials. Target Server: DC01 Target User: backup_svc.,0,Benign
2026-02-27 14:38:16,4625,7,4152,An account failed to log on. Logon Type: 10 Remote Desktop Services.,0,Benign
2026-02-23 07:32:31,4625,2,1210,An account failed to log on. Failure Reason: Unknown user name or bad password. Status: 0xC000006D Sub Status: 0xC000006A.,0,Benign
2026-02-23 07:56:30,4688,11,2402,A new process has been created. New Process Name: C:\Windows\System32\cmd.exe Command Line: cmd.exe /c dir.,0,Benign
2026-02-23 14:15:46,4625,7,195,An account failed to log on. Subject: Security ID: S-1-0-0 Account Name: - Account Domain: - Logon Type: 3.,0,Benign
2026-02-23 09:25:58,4688,7,435,A new process has been created. New Process Name: C:\Program Files\Google\Chrome\chrome.exe Command Line: chrome.exe --type=renderer.,0,Benign
2026-02-27 13:51:38,4672,11,4278,Special privileges assigned to new logon. Subject: Security ID: S-1-5-18 Privileges: SeAssignPrimaryTokenPrivilege SeTcbPrivilege SeSecurityPrivilege.,0,Benign
2026-03-01 15:22:35,4624,9,7688,An account was successfully logged on. Subject: Security ID: S-1-5-18 Account Name: SYSTEM Account Domain: NT AUTHORITY Logon ID: 0x3E7 Logon Type: 5.,0,Benign
2026-02-28 01:47:44,4624,11,4120,An account was successfully logged on. Subject: Security ID: S-1-5-18 Account Name: SYSTEM Account Domain: NT AUTHORITY Logon ID: 0x3E7 Logon Type: 5.,0,Benign
2026-02-23 12:01:02,4624,12,8501,An account was successfully logged on. Logon Type: 2 Interactive.,0,Benign
2026-02-26 13:46:28,4624,7,550,An account was successfully logged on. New Logon: Account Name: jdoe Account Domain: CORP Logon ID: 0x1A2B3C.,0,Benign
2026-02-27 12:44:25,4624,11,4858,An account was successfully logged on. Logon Type: 2 Interactive.,0,Benign
2026-02-25 04:48:53,4624,12,5193,An account was successfully logged on. Logon Type: 10 Remote Desktop Services.,0,Benign
2026-02-25 11:04:34,4688,3,8748,A new process has been created. New Process Name: C:\Windows\System32\svchost.exe Creator Process Name: C:\Windows\System32\services.exe.,0,Benign
2026-02-28 13:52:51,4688,11,2469,A new process has been created. New Process Name: C:\Program Files\Google\Chrome\chrome.exe Command Line: chrome.exe --type=renderer.,0,Benign
2026-02-28 15:25:17,4624,9,7709,An account was successfully logged on. Logon Type: 2 Interactive.,0,Benign
2026-02-26 02:06:45,4624,3,9314,An account was successfully logged on. New Logon: Account Name: jdoe Account Domain: CORP Logon ID: 0x1A2B3C.,0,Benign
2026-02-28 10:20:02,4625,7,4665,An account failed to log on. Failure Reason: Unknown user name or bad password. Status: 0xC000006D Sub Status: 0xC000006A.,0,Benign
2026-02-24 14:57:39,4625,5,2338,An account failed to log on. Account Name: administrator Source Network Address: 192.168.1.50.,0,Benign
2026-02-25 16:30:15,4624,7,4787,An account was successfully logged on. Logon Type: 10 Remote Desktop Services.,0,Benign
2026-02-24 13:32:30,4624,12,3661,An account was successfully logged on. Logon Type: 2 Interactive.,0,Benign
2026-02-26 16:08:40,4625,3,3438,An account failed to log on. Failure Reason: Account locked out.,0,Benign
2026-03-01 08:36:56,4648,11,6850,A logon was attempted using explicit credentials. Target Server: localhost Target User: admin.,0,Benign
2026-02-27 18:29:22,4624,3,4708,An account was successfully logged on. Subject: Security ID: S-1-5-18 Account Name: SYSTEM Account Domain: NT AUTHORITY Logon ID: 0x3E7 Logon Type: 5.,0,Benign
2026-02-25 12:34:51,4624,5,4314,An account was successfully logged on. Subject: Security ID: S-1-5-21-1234567890 Account Name: Administrator Account Domain: CORP Logon Type: 3.,0,Benign
2026-02-26 18:41:15,4648,2,6692,A logon was attempted using explicit credentials. Process: C:\Windows\System32\runas.exe.,0,Benign
2026-02-24 15:37:10,4624,5,4215,An account was successfully logged on. New Logon: Account Name: jdoe Account Domain: CORP Logon ID: 0x1A2B3C.,0,Benign
2026-02-25 20:52:55,4625,2,1430,An account failed to log on. Failure Reason: Unknown user name or bad password. Status: 0xC000006D Sub Status: 0xC000006A.,0,Benign
2026-03-01 22:14:54,4625,10,6579,An account failed to log on. Failure Reason: Account locked out.,0,Benign
2026-02-25 17:34:12,4625,5,3896,An account failed to log on. Logon Type: 10 Remote Desktop Services.,0,Benign
2026-02-27 12:12:32,4720,7,4683,A user account was created. New Account Name: svc_backup New Account Domain: CORP.,0,Benign
2026-02-28 14:24:57,4624,10,9952,An account was successfully logged on. New Logon: Account Name: jdoe Account Domain: CORP Logon ID: 0x1A2B3C.,0,Benign
2026-02-24 11:52:39,4720,2,500,A user account was created. New Account Name: test_account.,0,Benign
2026-02-23 10:31:29,4625,11,2729,An account failed to log on. Subject: Security ID: S-1-0-0 Account Name: - Account Domain: - Logon Type: 3.,0,Benign
2026-02-24 12:22:24,4624,12,174,An account was successfully logged on. Subject: Security ID: S-1-5-21-1234567890 Account Name: Administrator Account Domain: CORP Logon Type: 3.,0,Benign
2026-02-24 16:22:38,4624,9,7739,An account was successfully logged on. Subject: Security ID: S-1-5-21-1234567890 Account Name: Administrator Account Domain: CORP Logon Type: 3.,0,Benign
2026-02-23 19:23:40,4624,8,5774,An account was successfully logged on. Subject: Security ID: S-1-5-21-1234567890 Account Name: Administrator Account Domain: CORP Logon Type: 3.,0,Benign
2026-02-25 10:55:27,4648,2,9996,A logon was attempted using explicit credentials. Target Server: localhost Target User: admin.,0,Benign
2026-02-27 11:47:28,4624,10,1407,An account was successfully logged on. Subject: Security ID: S-1-5-21-1234567890 Account Name: Administrator Account Domain: CORP Logon Type: 3.,0,Benign
2026-02-28 14:12:16,4672,3,9878,Special privileges assigned to new logon. Account Name: SYSTEM Privileges: SeBackupPrivilege SeRestorePrivilege.,0,Benign
2026-02-26 11:46:44,4688,2,4546,A new process has been created. New Process Name: C:\Program Files\Google\Chrome\chrome.exe Command Line: chrome.exe --type=renderer.,0,Benign
2026-02-28 12:52:22,4688,3,3692,A new process has been created. New Process Name: C:\Program Files\Google\Chrome\chrome.exe Command Line: chrome.exe --type=renderer.,0,Benign
2026-02-23 15:36:36,4624,9,9445,An account was successfully logged on. Subject: Security ID: S-1-5-18 Account Name: SYSTEM Account Domain: NT AUTHORITY Logon ID: 0x3E7 Logon Type: 5.,0,Benign
2026-02-23 13:18:09,4624,7,1499,An account was successfully logged on. Logon Type: 10 Remote Desktop Services.,0,Benign
2026-02-25 17:27:20,4634,5,4099,An account was logged off. Logon Type: 2 Interactive.,0,Benign
2026-02-23 15:06:14,4672,10,7007,Special privileges assigned to new logon. Subject: Security ID: S-1-5-21-1234567890 Account Name: Administrator Privileges: SeDebugPrivilege.,0,Benign
2026-03-01 10:18:51,4688,9,6642,A new process has been created. New Process Name: C:\Windows\System32\taskhostw.exe.,0,Benign
2026-03-01 12:09:22,4648,3,5119,A logon was attempted using explicit credentials. Process: C:\Windows\System32\runas.exe.,0,Benign
2026-02-24 10:17:18,4625,7,6890,An account failed to log on. Failure Reason: Unknown user name or bad password. Status: 0xC000006D Sub Status: 0xC000006A.,0,Benign
2026-02-23 08:06:19,4634,2,7803,An account was logged off. Logon Type: 2 Interactive.,0,Benign
2026-02-25 08:44:16,4634,9,6903,An account was logged off. Logon Type: 2 Interactive.,0,Benign
2026-02-27 21:11:33,4648,3,5189,A logon was attempted using explicit credentials. Target Server: localhost Target User: admin.,0,Benign
2026-02-28 11:22:02,4634,12,3984,An account was logged off. Logon Type: 2 Interactive.,0,Benign
2026-02-23 19:55:01,4624,2,1961,An account failed to log on. Account Name: administrator.,1,T1110
2026-03-01 18:52:34,4625,8,7684,An account failed to log on. Subject: Security ID: S-1-0-0 Account Name: - Account Domain: - Logon Type: 3.,0,Benign
2026-02-26 11:08:13,4625,10,6706,An account failed to log on. Account Name: administrator Source Network Address: 192.168.1.50.,0,Benign
2026-02-27 15:34:53,4648,3,9579,A logon was attempted using explicit credentials. Target Server: localhost Target User: admin.,0,Benign
2026-03-01 09:44:33,4672,12,9536,Special privileges assigned to new logon. Subject: Security ID: S-1-5-18 Privileges: SeAssignPrimaryTokenPrivilege SeTcbPrivilege SeSecurityPrivilege.,0,Benign
2026-02-25 12:46:18,4688,11,2534,A new process has been created. New Process Name: C:\Windows\System32\notepad.exe.,0,Benign
2026-02-23 10:50:23,4688,9,6153,A new process has been created. New Process Name: C:\Windows\System32\cmd.exe Command Line: cmd.exe /c dir.,0,Benign
2026-02-27 11:51:21,4624,10,681,An account was successfully logged on. Logon Type: 2 Interactive.,0,Benign
2026-03-01 10:03:04,4625,12,8808,An account failed to log on. Failure Reason: Unknown user name or bad password. Status: 0xC000006D Sub Status: 0xC000006A.,0,Benign
2026-02-27 23:46:25,4624,8,9526,An account was successfully logged on. New Logon: Account Name: jdoe Account Domain: CORP Logon ID: 0x1A2B3C.,0,Benign
2026-03-01 16:37:19,4624,11,6410,An account was successfully logged on. Logon Type: 2 Interactive.,0,Benign
2026-02-28 16:18:38,4625,3,4955,An account failed to log on. Subject: Security ID: S-1-0-0 Account Name: - Account Domain: - Logon Type: 3.,0,Benign
2026-02-25 20:55:43,4624,10,191,An account was successfully logged on. New Logon: Account Name: jdoe Account Domain: CORP Logon ID: 0x1A2B3C.,0,Benign
2026-02-28 04:57:38,4634,12,1208,An account was logged off. Subject: Security ID: S-1-5-21-1234567890 Account Name: jdoe.,0,Benign
2026-02-25 09:48:02,4624,7,304,An account was successfully logged on. Logon Type: 10 Remote Desktop Services.,0,Benign
2026-02-27 12:25:57,4624,12,5189,An account was successfully logged on. Logon Type: 10 Remote Desktop Services.,0,Benign
2026-02-25 16:28:22,4625,5,7753,An account failed to log on. Subject: Security ID: S-1-0-0 Account Name: - Account Domain: - Logon Type: 3.,0,Benign
2026-02-25 15:05:11,4625,8,4501,An account failed to log on. Failure Reason: Account locked out.,0,Benign
2026-02-27 12:04:41,4624,10,8178,An account was successfully logged on. Logon Type: 10 Remote Desktop Services.,0,Benign
2026-02-23 03:14:42,4688,3,2922,A new process has been created. New Process Name: C:\Windows\System32\svchost.exe Creator Process Name: C:\Windows\System32\services.exe.,0,Benign
2026-02-27 08:23:14,4624,5,1143,An account was successfully logged on. Logon Type: 10 Remote Desktop Services.,0,Benign
2026-02-28 21:04:35,4624,12,1215,An account was successfully logged on. New Logon: Account Name: jdoe Account Domain: CORP Logon ID: 0x1A2B3C.,0,Benign
2026-02-26 16:09:52,4624,2,270,An account was successfully logged on. Logon Type: 2 Interactive.,0,Benign
2026-02-25 16:21:13,4624,2,8261,An account was successfully logged on. New Logon: Account Name: jdoe Account Domain: CORP Logon ID: 0x1A2B3C.,0,Benign
2026-02-26 16:03:08,4624,2,4423,An account was successfully logged on. Subject: Security ID: S-1-5-18 Account Name: SYSTEM Account Domain: NT AUTHORITY Logon ID: 0x3E7 Logon Type: 5.,0,Benign
2026-03-01 13:40:02,4624,10,694,An account was successfully logged on. Subject: Security ID: S-1-5-21-1234567890 Account Name: Administrator Account Domain: CORP Logon Type: 3.,0,Benign
2026-02-28 17:46:30,4625,12,5335,An account failed to log on. Logon Type: 10 Remote Desktop Services.,0,Benign
2026-02-28 12:53:37,4624,5,6976,An account was successfully logged on. Subject: Security ID: S-1-5-18 Account Name: SYSTEM Account Domain: NT AUTHORITY Logon ID: 0x3E7 Logon Type: 5.,0,Benign
2026-02-26 01:44:05,4624,10,2149,An account was successfully logged on. Logon Type: 2 Interactive.,0,Benign
2026-02-26 16:11:51,4688,12,4049,A new process has been created. New Process Name: C:\Windows\System32\svchost.exe Creator Process Name: C:\Windows\System32\services.exe.,0,Benign
2026-02-25 13:41:44,4624,10,6613,An account was successfully logged on. Logon Type: 10 Remote Desktop Services.,0,Benign
2026-02-24 08:34:48,4688,10,9537,A new process has been created. New Process Name: C:\Windows\System32\svchost.exe Creator Process Name: C:\Windows\System32\services.exe.,0,Benign
2026-02-28 18:53:47,4634,5,266,An account was logged off. Logon Type: 3.,0,Benign
2026-02-25 06:13:30,4648,5,7633,A logon was attempted using explicit credentials. Target Server: DC01 Target User: backup_svc.,0,Benign
2026-02-26 17:11:21,4624,3,8047,An account was successfully logged on. Logon Type: 10 Remote Desktop Services.,0,Benign
2026-02-26 15:01:37,4634,3,1618,An account was logged off. Logon Type: 3.,0,Benign
2026-02-24 17:17:58,4624,3,3087,An account was successfully logged on. Logon Type: 10 Remote Desktop Services.,1,Benign
2026-02-28 12:32:23,4648,8,8162,A logon was attempted using explicit credentials. Process: C:\Windows\System32\runas.exe.,0,Benign
2026-03-01 00:48:00,4688,7,433,A new process has been created. New Process Name: C:\Windows\System32\taskhostw.exe.,0,Benign
2026-02-27 20:09:41,4624,7,2085,An account was successfully logged on. Logon Type: 10 Remote Desktop Services.,0,Benign
2026-02-24 09:52:14,4625,3,333,An account failed to log on. Subject: Security ID: S-1-0-0 Account Name: - Account Domain: - Logon Type: 3.,0,Benign
2026-02-25 15:00:57,4624,5,817,An account was successfully logged on. New Logon: Account Name: jdoe Account Domain: CORP Logon ID: 0x1A2B3C.,0,Benign
2026-02-26 13:20:34,4634,7,8975,An account was logged off. Subject: Security ID: S-1-5-21-1234567890 Account Name: jdoe.,0,Benign
2026-03-01 12:29:42,4634,3,2933,An account was logged off. Logon Type: 3.,0,Benign
2026-02-28 09:52:58,4688,3,5773,A new process has been created. New Process Name: C:\Program Files\Google\Chrome\chrome.exe Command Line: chrome.exe --type=renderer.,0,Benign
2026-02-24 13:04:13,4672,8,5307,Special privileges assigned to new logon. Subject: Security ID: S-1-5-18 Privileges: SeAssignPrimaryTokenPrivilege SeTcbPrivilege SeSecurityPrivilege.,0,Benign
2026-02-28 22:16:43,4625,11,3795,An account failed to log on. Subject: Security ID: S-1-0-0 Account Name: - Account Domain: - Logon Type: 3.,0,Benign
2026-02-26 11:26:39,4688,8,5210,A new process has been created. New Process Name: C:\Windows\System32\cmd.exe Command Line: cmd.exe /c dir.,0,Benign
2026-02-27 10:16:36,4624,10,4007,An account was successfully logged on. Subject: Security ID: S-1-5-21-1234567890 Account Name: Administrator Account Domain: CORP Logon Type: 3.,0,Benign
2026-02-27 15:16:57,4625,5,2243,An account failed to log on. Failure Reason: Unknown user name or bad password. Status: 0xC000006D Sub Status: 0xC000006A.,0,Benign
2026-02-25 13:29:45,4688,2,6360,A new process has been created. New Process Name: C:\Windows\System32\cmd.exe Command Line: cmd.exe /c dir.,0,Benign
2026-02-26 08:01:56,4672,12,2301,Special privileges assigned to new logon. Account Name: SYSTEM Privileges: SeBackupPrivilege SeRestorePrivilege.,0,Benign
2026-02-23 13:05:54,4624,11,2163,An account was successfully logged on. Subject: Security ID: S-1-5-18 Account Name: SYSTEM Account Domain: NT AUTHORITY Logon ID: 0x3E7 Logon Type: 5.,0,Benign
2026-03-01 02:53:58,4624,11,6172,An account was successfully logged on. Subject: Security ID: S-1-5-18 Account Name: SYSTEM Account Domain: NT AUTHORITY Logon ID: 0x3E7 Logon Type: 5.,0,Benign
2026-02-27 10:06:46,4624,5,397,An account was successfully logged on. Subject: Security ID: S-1-5-21-1234567890 Account Name: Administrator Account Domain: CORP Logon Type: 3.,0,Benign
2026-02-26 14:31:34,4634,7,2490,An account was logged off. Subject: Security ID: S-1-5-21-1234567890 Account Name: jdoe.,0,Benign
2026-02-28 09:11:30,4688,12,7609,A new process has been created. New Process Name: C:\Windows\System32\taskhostw.exe.,0,Benign
2026-02-25 17:16:49,4624,12,3747,An account was successfully logged on. Logon Type: 2 Interactive.,0,Benign
2026-02-26 23:19:21,4624,2,4156,An account was successfully logged on. Subject: Security ID: S-1-5-21-1234567890 Account Name: Administrator Account Domain: CORP Logon Type: 3.,0,Benign
2026-02-25 12:47:08,4648,11,3009,A logon was attempted using explicit credentials. Target Server: localhost Target User: admin.,0,Benign
2026-02-23 11:18:25,4648,8,8615,A logon was attempted using explicit credentials. Target Server: localhost Target User: admin.,0,Benign
2026-02-24 15:57:52,4624,11,7664,An account was successfully logged on. Logon Type: 10 Remote Desktop Services.,0,Benign
2026-02-26 11:34:14,4672,3,2938,Special privileges assigned to new logon. Account Name: SYSTEM Privileges: SeBackupPrivilege SeRestorePrivilege.,0,Benign
2026-02-25 09:33:56,4624,8,8731,An account was successfully logged on. New Logon: Account Name: jdoe Account Domain: CORP Logon ID: 0x1A2B3C.,0,Benign
2026-03-01 12:04:23,4648,9,8607,A logon was attempted using explicit credentials. Target Server: DC01 Target User: backup_svc.,0,Benign
2026-03-01 16:29:44,4688,8,7427,A new process has been created. New Process Name: C:\Windows\System32\notepad.exe.,0,Benign
2026-02-23 08:33:32,4634,3,2087,An account was logged off. Subject: Security ID: S-1-5-21-1234567890 Account Name: jdoe.,0,Benign
2026-02-27 09:58:33,4624,11,9317,An account was successfully logged on. New Logon: Account Name: jdoe Account Domain: CORP Logon ID: 0x1A2B3C.,0,Benign
2026-02-24 18:14:22,4688,5,2523,A new process has been created. New Process Name: C:\Program Files\Google\Chrome\chrome.exe Command Line: chrome.exe --type=renderer.,0,Benign
2026-02-28 10:44:59,4624,9,3322,An account was successfully logged on. Subject: Security ID: S-1-5-21-1234567890 Account Name: Administrator Account Domain: CORP Logon Type: 3.,0,Benign
2026-02-25 12:23:09,4625,7,8998,An account failed to log on. Subject: Security ID: S-1-0-0 Account Name: - Account Domain: - Logon Type: 3.,0,Benign
2026-03-01 18:41:40,4624,5,355,An account was successfully logged on. New Logon: Account Name: jdoe Account Domain: CORP Logon ID: 0x1A2B3C.,0,Benign
2026-02-25 13:47:32,4625,12,2914,An account failed to log on. Logon Type: 10 Remote Desktop Services.,0,Benign
2026-02-23 09:56:23,4624,9,1027,An account was successfully logged on. Subject: Security ID: S-1-5-21-1234567890 Account Name: Administrator Account Domain: CORP Logon Type: 3.,0,Benign
2026-02-23 09:36:20,4688,9,2902,A new process has been created. New Process Name: C:\Windows\System32\taskhostw.exe.,0,Benign
2026-03-01 22:23:14,4720,2,1378,A user account was created. New Account Name: test_account.,0,Benign
2026-02-24 05:55:50,4688,12,9257,A new process has been created. New Process Name: C:\Windows\System32\svchost.exe Creator Process Name: C:\Windows\System32\services.exe.,0,Benign
2026-02-24 14:13:45,4625,11,130,An account failed to log on. Subject: Security ID: S-1-0-0 Account Name: - Account Domain: - Logon Type: 3.,0,Benign
2026-02-23 11:37:29,4634,10,3088,An account was logged off. Subject: Security ID: S-1-5-21-1234567890 Account Name: jdoe.,1,Benign
