2026-03-01 15:20:17,4672,5,4839,Special privileges assigned to new logon. Account Name: SYSTEM Privileges: SeBackupPrivilege SeRestorePrivilege.,0,Benign
2026-02-27 09:59:54,4688,5,8395,A new process has been created. New Process Name: C:\Windows\System32\svchost.exe Creator Process Name: C:\Windows\System32\services.exe.,0,Benign
2026-02-28 07:59:41,4624,8,9981,An account was successfully logged on. Subject: Security ID: S-1-5-18 Account Name: SYSTEM Account Domain: NT AUTHORITY Logon ID: 0x3E7 Logon Type: 5.,0,Benign
2026-02-26 22:51:26,4634,9,2430,An account was logged off. Logon Type: 3.,0,Benign
2026-02-24 17:58:08,4624,8,6539,An account was successfully logged on. Subject: Security ID: S-1-5-21-1234567890 Account Name: Administrator Account Domain: CORP Logon Type: 3.,0,Benign
2026-02-23 12:10:31,4648,11,8689,A logon was attempted using explicit credentials. Target Server: localhost Target User: admin.,0,Benign
2026-03-01 07:24:19,4624,8,7879,An account was successfully logged on. Subject: Security ID: S-1-5-21-1234567890 Account Name: Administrator Account Domain: CORP Logon Type: 3.,0,Benign
2026-03-01 15:11:31,4624,12,5475,An account was successfully logged on. Logon Type: 10 Remote Desktop Services.,0,Benign
2026-02-27 16:46:22,4624,10,4515,An account was successfully logged on. Subject: Security ID: S-1-5-21-1234567890 Account Name: Administrator Account Domain: CORP Logon Type: 3.,0,Benign
2026-02-28 14:09:19,4688,5,1723,A new process has been created. New Process Name: C:\Windows\System32\notepad.exe.,0,Benign
2026-02-28 16:24:09,4624,11,2642,An account was successfully logged on. New Logon: Account Name: jdoe Account Domain: CORP Logon ID: 0x1A2B3C.,0,Benign
2026-02-28 12:01:24,4720,8,1510,A user account was created. New Account Name: tempuser New Account Domain: CORP.,0,Benign
2026-02-23 09:26:41,4624,12,2444,An account was successfully logged on. Subject: Security ID: S-1-5-18 Account Name: SYSTEM Account Domain: NT AUTHORITY Logon ID: 0x3E7 Logon Type: 5.,0,Benign
2026-02-24 09:24:10,4672,5,6637,Special privileges assigned to new logon. Subject: Security ID: S-1-5-21-1234567890 Account Name: Administrator Privileges: SeDebugPrivilege.,0,Benign
2026-02-23 08:21:26,4624,10,7630,An account was successfully logged on. Subject: Security ID: S-1-5-18 Account Name: SYSTEM Account Domain: NT AUTHORITY Logon ID: 0x3E7 Logon Type: 5.,0,Benign
2026-02-27 10:57:35,4625,3,8962,An account failed to log on. Failure Reason: Account locked out.,0,Benign
2026-02-26 15:27:05,4625,5,2039,An account failed to log on. Subject: Security ID: S-1-0-0 Account Name: - Account Domain: - Logon Type: 3.,0,Benign
2026-02-26 08:56:24,4624,10,6585,An account was successfully logged on. Subject: Security ID: S-1-5-18 Account Name: SYSTEM Account Domain: NT AUTHORITY Logon ID: 0x3E7 Logon Type: 5.,0,Benign
2026-02-27 15:05:09,4624,12,8771,An account was successfully logged on. Subject: Security ID: S-1-5-18 Account Name: SYSTEM Account Domain: NT AUTHORITY Logon ID: 0x3E7 Logon Type: 5.,0,Benign
2026-03-01 12:45:44,4634,5,147,An account was logged off. Logon Type: 2 Interactive.,0,Benign
2026-02-27 10:44:21,4624,11,5119,An account was successfully logged on. Logon Type: 10 Remote Desktop Services.,0,Benign
2026-03-01 08:43:41,4624,9,1279,An account was successfully logged on. Subject: Security ID: S-1-5-21-1234567890 Account Name: Administrator Account Domain: CORP Logon Type: 3.,0,Benign
2026-03-01 17:10:14,4624,7,7311,An account was successfully logged on. Subject: Security ID: S-1-5-21-1234567890 Account Name: Administrator Account Domain: CORP Logon Type: 3.,0,Benign
2026-02-28 18:14:01,4624,9,1770,An account was successfully logged on. Subject: Security ID: S-1-5-21-1234567890 Account Name: Administrator Account Domain: CORP Logon Type: 3.,0,Benign
2026-02-25 09:56:44,4624,10,5815,An account was successfully logged on. Subject: Security ID: S-1-5-21-1234567890 Account Name: Administrator Account Domain: CORP Logon Type: 3.,0,Benign
2026-02-28 08:22:11,4688,12,2436,A new process has been created. New Process Name: C:\Windows\System32\svchost.exe Creator Process Name: C:\Windows\System32\services.exe.,0,Benign
2026-03-01 14:39:09,4672,11,6491,Special privileges assigned to new logon. Account Name: SYSTEM Privileges: SeBackupPrivilege SeRestorePrivilege.,0,Benign
2026-02-28 11:26:50,4624,3,3974,An account was successfully logged on. Subject: Security ID: S-1-5-18 Account Name: SYSTEM Account Domain: NT AUTHORITY Logon ID: 0x3E7 Logon Type: 5.,0,Benign
2026-03-01 17:00:37,4624,11,871,An account was successfully logged on. Subject: Security ID: S-1-5-21-1234567890 Account Name: Administrator Account Domain: CORP Logon Type: 3.,0,Benign
2026-02-23 14:14:13,4688,5,6596,A new process has been created. New Process Name: C:\Program Files\Google\Chrome\chrome.exe Command Line: chrome.exe --type=renderer.,0,Benign
2026-02-25 09:35:53,4624,7,4216,An account was successfully logged on. Subject: Security ID: S-1-5-18 Account Name: SYSTEM Account Domain: NT AUTHORITY Logon ID: 0x3E7 Logon Type: 5.,0,Benign
2026-02-27 04:04:49,4624,3,6981,An account was successfully logged on. New Logon: Account Name: jdoe Account Domain: CORP Logon ID: 0x1A2B3C.,0,Benign
2026-02-23 10:23:58,4688,12,3546,A new process has been created. New Process Name: C:\Windows\System32\taskhostw.exe.,0,Benign
2026-03-01 16:51:15,4648,8,7313,A logon was attempted using explicit credentials. Target Server: localhost Target User: admin.,0,Benign
2026-02-28 22:03:14,4625,10,6896,An account failed to log on. Logon Type: 10 Remote Desktop Services.,0,Benign
2026-02-25 11:40:07,4624,2,1217,An account was successfully logged on. New Logon: Account Name: jdoe Account Domain: CORP Logon ID: 0x1A2B3C.,0,Benign
2026-02-27 10:42:01,4624,9,5396,An account was successfully logged on. Logon Type: 10 Remote Desktop Services.,0,Benign
2026-03-01 05:25:45,4624,10,7025,An account was successfully logged on. Logon Type: 2 Interactive.,0,Benign
2026-03-01 17:03:17,4648,11,8638,A logon was attempted using explicit credentials. Process: C:\Windows\System32\runas.exe.,0,Benign
2026-02-24 16:50:42,4688,2,4463,A new process has been created. New Process Name: C:\Windows\System32\cmd.exe Command Line: cmd.exe /c dir.,0,Benign
2026-02-25 16:32:48,4624,8,3048,An account was successfully logged on. New Logon: Account Name: jdoe Account Domain: CORP Logon ID: 0x1A2B3C.,0,Benign
2026-02-23 14:17:41,4624,2,351,An account was successfully logged on. Subject: Security ID: S-1-5-18 Account Name: SYSTEM Account Domain: NT AUTHORITY Logon ID: 0x3E7 Logon Type: 5.,0,Benign
2026-02-25 13:40:33,4624,5,3932,An account was successfully logged on. Subject: Security ID: S-1-5-18 Account Name: SYSTEM Account Domain: NT AUTHORITY Logon ID: 0x3E7 Logon Type: 5.,1,Benign
2026-03-01 13:51:25,4624,11,1283,An account was successfully logged on. Subject: Security ID: S-1-5-18 Account Name: SYSTEM Account Domain: NT AUTHORITY Logon ID: 0x3E7 Logon Type: 5.,0,Benign
2026-03-01 15:55:55,4648,5,6297,A logon was attempted using explicit credentials. Process: C:\Windows\System32\runas.exe.,0,Benign
2026-02-28 11:40:34,4625,12,1240,An account failed to log on. Failure Reason: Account locked out.,0,Benign
2026-02-26 16:20:25,4624,10,4497,An account was successfully logged on. Logon Type: 10 Remote Desktop Services.,0,Benign
2026-02-24 13:01:57,4625,11,4439,An account failed to log on. Subject: Security ID: S-1-0-0 Account Name: - Account Domain: - Logon Type: 3.,0,Benign
2026-02-23 09:02:52,4688,5,612,A new process has been created. New Process Name: C:\Program Files\Google\Chrome\chrome.exe Command Line: chrome.exe --type=renderer.,0,Benign
2026-02-24 09:47:36,4624,5,7073,An account was successfully logged on. Subject: Security ID: S-1-5-21-1234567890 Account Name: Administrator Account Domain: CORP Logon Type: 3.,0,Benign
2026-02-26 15:01:55,4625,2,5300,An account failed to log on. Logon Type: 10 Remote Desktop Services.,0,Benign
2026-02-26 17:54:30,4672,3,933,Special privileges assigned to new logon. Subject: Security ID: S-1-5-18 Privileges: SeAssignPrimaryTokenPrivilege SeTcbPrivilege SeSecurityPrivilege.,0,Benign
2026-02-23 17:06:02,4624,11,4605,An account was successfully logged on. Subject: Security ID: S-1-5-18 Account Name: SYSTEM Account Domain: NT AUTHORITY Logon ID: 0x3E7 Logon Type: 5.,0,Benign
2026-02-28 08:08:23,4634,9,6186,An account was logged off. Logon Type: 3.,0,Benign
2026-02-23 14:43:05,4624,7,7118,An account was successfully logged on. New Logon: Account Name: jdoe Account Domain: CORP Logon ID: 0x1A2B3C.,1,Benign
2026-02-24 16:25:14,4625,8,842,An account failed to log on. Account Name: administrator Source Network Address: 192.168.1.50.,0,Benign
2026-02-24 10:54:38,4624,7,9338,An account was successfully logged on. Logon Type: 10 Remote Desktop Services.,0,Benign
2026-02-26 02:41:47,4624,5,725,An account was successfully logged on. New Logon: Account Name: jdoe Account Domain: CORP Logon ID: 0x1A2B3C.,0,Benign
2026-03-01 15:55:11,4720,10,2164,A user account was created. New Account Name: svc_backup New Account Domain: CORP.,0,Benign
2026-02-25 01:33:47,4732,7,6370,A user account was created. New Account Name: backdoor New Account Domain: CORP.,1,T1078
2026-02-28 16:52:24,4624,8,1548,An account was successfully logged on. Subject: Security ID: S-1-5-18 Account Name: SYSTEM Account Domain: NT AUTHORITY Logon ID: 0x3E7 Logon Type: 5.,0,Benign
2026-02-23 16:19:02,4688,9,4211,A new process has been created. New Process Name: C:\Windows\System32\taskhostw.exe.,0,Benign
2026-02-28 10:45:04,4720,11,7222,A user account was created. New Account Name: test_account.,0,Benign
2026-02-28 09:51:39,4688,2,4598,A new process has been created. New Process Name: C:\Windows\System32\svchost.exe Creator Process Name: C:\Windows\System32\services.exe.,0,Benign
2026-03-01 10:34:20,4688,11,4656,A new process has been created. New Process Name: C:\Windows\System32\notepad.exe.,0,Benign
2026-02-28 06:04:10,4634,2,8809,An account was logged off. Logon Type: 3.,0,Benign
2026-02-27 08:31:43,4688,12,5976,A new process has been created. New Process Name: C:\Windows\System32\notepad.exe.,0,Benign
2026-02-24 13:29:59,4634,5,8888,An account was logged off. Logon Type: 3.,0,Benign
2026-02-27 15:28:08,4688,12,8347,A new process has been created. New Process Name: C:\Windows\System32\notepad.exe.,0,Benign
2026-02-28 09:40:19,4688,10,1633,A new process has been created. New Process Name: C:\Windows\System32\taskhostw.exe.,0,Benign
2026-02-25 09:38:45,4625,3,6677,An account failed to log on. Logon Type: 10 Remote Desktop Services.,0,Benign
2026-02-28 15:25:44,4624,12,3656,An account was successfully logged on. New Logon: Account Name: jdoe Account Domain: CORP Logon ID: 0x1A2B3C.,0,Benign
2026-02-25 17:56:06,4672,2,318,Special privileges assigned to new logon. Subject: Security ID: S-1-5-18 Privileges: SeAssignPrimaryTokenPrivilege SeTcbPrivilege SeSecurityPrivilege.,0,Benign
2026-02-24 10:18:09,4625,3,4595,An account failed to log on. Subject: Security ID: S-1-0-0 Account Name: - Account Domain: - Logon Type: 3.,0,Benign
2026-02-28 08:44:57,4634,8,3537,An account was logged off. Logon Type: 3.,0,Benign
2026-02-28 13:12:44,4634,3,412,An account was logged off. Logon Type: 3.,0,Benign
2026-02-24 12:37:38,4672,2,8673,Special privileges assigned to new logon. Account Name: SYSTEM Privileges: SeBackupPrivilege SeRestorePrivilege.,0,Benign
2026-02-27 09:59:15,4625,11,3427,An account failed to log on. Subject: Security ID: S-1-0-0 Account Name: - Account Domain: - Logon Type: 3.,0,Benign
2026-02-27 16:21:09,4624,7,2092,An account was successfully logged on. Subject: Security ID: S-1-5-18 Account Name: SYSTEM Account Domain: NT AUTHORITY Logon ID: 0x3E7 Logon Type: 5.,0,Benign
2026-02-25 09:24:23,4634,10,4617,An account was logged off. Logon Type: 3.,0,Benign
2026-03-01 16:51:16,4624,12,9397,An account was successfully logged on. Logon Type: 2 Interactive.,0,Benign
2026-02-27 16:27:38,4720,5,183,A user account was created. New Account Name: tempuser New Account Domain: CORP.,0,Benign
2026-03-01 11:16:19,4672,2,9119,Special privileges assigned to new logon. Account Name: SYSTEM Privileges: SeBackupPrivilege SeRestorePrivilege.,0,Benign
2026-02-28 12:57:22,4624,8,2985,An account was successfully logged on. Logon Type: 2 Interactive.,0,Benign
2026-02-23 05:34:13,4624,5,6286,An account was successfully logged on. New Logon: Account Name: jdoe Account Domain: CORP Logon ID: 0x1A2B3C.,0,Benign
2026-02-28 11:15:21,4625,5,3754,An account failed to log on. Subject: Security ID: S-1-0-0 Account Name: - Account Domain: - Logon Type: 3.,0,Benign
2026-02-24 00:14:45,4624,11,1723,An account was successfully logged on. New Logon: Account Name: jdoe Account Domain: CORP Logon ID: 0x1A2B3C.,0,Benign
2026-02-23 02:07:18,4634,9,9582,An account was logged off. Subject: Security ID: S-1-5-21-1234567890 Account Name: jdoe.,0,Benign
2026-02-27 06:32:31,4688,10,7648,A new process has been created. New Process Name: C:\Windows\System32\svchost.exe Creator Process Name: C:\Windows\System32\services.exe.,0,Benign
2026-02-28 21:35:48,4688,10,2287,Special privileges assigned to new logon. Account Name: SYSTEM Privileges: SeDebugPrivilege.,1,T1003
2026-02-28 14:30:18,4624,7,1793,An account was successfully logged on. Subject: Security ID: S-1-5-18 Account Name: SYSTEM Account Domain: NT AUTHORITY Logon ID: 0x3E7 Logon Type: 5.,0,Benign
2026-02-23 10:31:15,4648,9,8957,A logon was attempted using explicit credentials. Process: C:\Windows\System32\runas.exe.,0,Benign
2026-02-26 19:27:55,4624,7,8990,An account was successfully logged on. Logon Type: 2 Interactive.,0,Benign
2026-02-27 06:47:53,4625,10,7215,An account failed to log on. Subject: Security ID: S-1-0-0 Account Name: - Account Domain: - Logon Type: 3.,0,Benign
2026-02-28 03:58:51,4624,5,4455,An account was successfully logged on. Subject: Security ID: S-1-5-21-1234567890 Account Name: Administrator Account Domain: CORP Logon Type: 3.,0,Benign
2026-02-27 13:09:23,4688,11,9952,A new process has been created. New Process Name: C:\Windows\System32\svchost.exe Creator Process Name: C:\Windows\System32\services.exe.,0,Benign
2026-02-26 11:08:02,4634,3,1207,An account was logged off. Subject: Security ID: S-1-5-21-1234567890 Account Name: jdoe.,0,Benign
2026-02-28 10:29:04,4732,11,8957,A member was added to a security-enabled local group. Member Name: svc_backup Group Name: Backup Operators.,0,Benign
2026-02-23 12:58:33,4624,9,6345,An account was successfully logged on. Subject: Security ID: S-1-5-18 Account Name: SYSTEM Account Domain: NT AUTHORITY Logon ID: 0x3E7 Logon Type: 5.,0,Benign
2026-02-25 11:57:47,4624,8,7883,An account was successfully logged on. Subject: Security ID: S-1-5-18 Account Name: SYSTEM Account Domain: NT AUTHORITY Logon ID: 0x3E7 Logon Type: 5.,0,Benign
2026-02-27 17:42:57,4624,5,2790,An account was successfully logged on. Logon Type: 2 Interactive.,0,Benign
2026-02-27 11:49:27,4624,2,4552,An account was successfully logged on. Logon Type: 10 Remote Desktop Services.,0,Benign
2026-02-23 23:06:33,4624,12,4459,An account was successfully logged on. Logon Type: 10 Remote Desktop Services.,0,Benign
2026-02-24 22:28:10,4625,5,2322,An account failed to log on. Failure Reason: Account locked out.,0,Benign
2026-02-26 09:58:10,4624,12,9913,An account was successfully logged on. Logon Type: 2 Interactive.,0,Benign
2026-03-01 08:32:17,4625,3,7368,An account failed to log on. Failure Reason: Unknown user name or bad password. Status: 0xC000006D Sub Status: 0xC000006A.,0,Benign
2026-02-25 11:26:03,4648,2,9961,A logon was attempted using explicit credentials. Target Server: DC01 Target User: backup_svc.,0,Benign
2026-02-23 10:24:59,4634,7,8741,An account was logged off. Logon Type: 2 Interactive.,0,Benign
2026-02-24 15:54:13,4634,3,4387,An account was logged off. Subject: Security ID: S-1-5-21-1234567890 Account Name: jdoe.,0,Benign
2026-03-01 10:27:55,4688,3,4941,A new process has been created. New Process Name: C:\Program Files\Google\Chrome\chrome.exe Command Line: chrome.exe --type=renderer.,0,Benign
2026-02-28 11:47:58,4624,10,3173,An account was successfully logged on. Logon Type: 10 Remote Desktop Services.,1,Benign
2026-02-23 09:50:34,4624,12,4282,An account was successfully logged on. New Logon: Account Name: jdoe Account Domain: CORP Logon ID: 0x1A2B3C.,0,Benign
2026-02-23 16:17:27,4688,2,7897,A new process has been created. New Process Name: C:\Windows\System32\svchost.exe Creator Process Name: C:\Windows\System32\services.exe.,0,Benign
2026-02-28 14:37:06,4624,2,7218,An account was successfully logged on. Subject: Security ID: S-1-5-18 Account Name: SYSTEM Account Domain: NT AUTHORITY Logon ID: 0x3E7 Logon Type: 5.,0,Benign
2026-02-27 16:25:29,4624,10,8911,An account was successfully logged on. New Logon: Account Name: jdoe Account Domain: CORP Logon ID: 0x1A2B3C.,0,Benign
2026-02-28 16:21:36,4624,7,1732,An account was successfully logged on. Subject: Security ID: S-1-5-21-1234567890 Account Name: Administrator Account Domain: CORP Logon Type: 3.,0,Benign
2026-02-25 15:19:44,4648,9,1061,A logon was attempted using explicit credentials. Target Server: localhost Target User: admin.,0,Benign
2026-02-26 09:36:09,4688,9,7154,A new process has been created. New Process Name: C:\Program Files\Google\Chrome\chrome.exe Command Line: chrome.exe --type=renderer.,0,Benign
2026-02-25 15:52:41,4625,5,2327,An account failed to log on. Failure Reason: Account locked out.,0,Benign
2026-02-26 10:27:22,4625,9,7200,An account failed to log on. Account Name: administrator Source Network Address: 192.168.1.50.,0,Benign
2026-02-24 11:51:05,4720,11,5711,A user account was created. New Account Name: test_account.,1,Benign
2026-02-26 16:24:25,4648,3,4575,A logon was attempted using explicit credentials. Target Server: localhost Target User: admin.,0,Benign
2026-02-28 14:42:30,4634,12,2142,An account was logged off. Logon Type: 2 Interactive.,0,Benign
2026-02-25 13:48:01,4625,11,2879,An account failed to log on. Subject: Security ID: S-1-0-0 Account Name: - Account Domain: - Logon Type: 3.,0,Benign
2026-02-25 14:33:16,4625,10,4100,An account failed to log on. Failure Reason: Unknown user name or bad password. Status: 0xC000006D Sub Status: 0xC000006A.,0,Benign
2026-02-25 14:42:07,4688,9,9189,A new process has been created. New Process Name: C:\Windows\System32\cmd.exe Command Line: cmd.exe /c dir.,0,Benign
2026-02-28 12:17:54,4624,3,7951,An account was successfully logged on. New Logon: Account Name: jdoe Account Domain: CORP Logon ID: 0x1A2B3C.,0,Benign
2026-02-26 01:19:42,4688,11,230,A new process has been created. New Process Name: C:\Windows\System32\cmd.exe Command Line: cmd.exe /c whoami.,1,T1047
2026-02-27 14:13:55,4688,8,9259,A new process has been created. New Process Name: C:\Windows\System32\cmd.exe Command Line: cmd.exe /c dir.,0,Benign
2026-02-23 16:02:12,4625,9,7587,An account failed to log on. Logon Type: 10 Remote Desktop Services.,0,Benign
2026-02-23 08:41:44,4688,11,6030,A new process has been created. New Process Name: C:\Windows\System32\notepad.exe.,0,Benign
2026-03-01 12:09:10,4624,5,5040,An account was successfully logged on. Subject: Security ID: S-1-5-21-1234567890 Account Name: Administrator Account Domain: CORP Logon Type: 3.,0,Benign
2026-02-27 10:40:50,4688,2,3600,A new process has been created. New Process Name: C:\Windows\System32\notepad.exe.,1,Benign
2026-02-25 02:45:03,4732,11,1554,A member was added to a security-enabled local group. Member Name: jdoe Group Name: Remote Desktop Users.,0,Benign
2026-02-23 10:37:51,4648,3,2704,A logon was attempted using explicit credentials. Target Server: localhost Target User: admin.,0,Benign
2026-02-24 10:28:20,4625,11,1093,An account failed to log on. Subject: Security ID: S-1-0-0 Account Name: - Account Domain: - Logon Type: 3.,0,Benign
2026-02-26 08:56:56,4720,8,6824,A user account was created. New Account Name: svc_backup New Account Domain: CORP.,0,Benign
2026-02-26 11:32:43,4634,9,6282,An account was logged off. Logon Type: 2 Interactive.,0,Benign
2026-03-01 08:41:08,4625,12,4374,An account failed to log on. Failure Reason: Account locked out.,0,Benign
2026-03-01 08:09:20,4688,12,9114,A new process has been created. New Process Name: C:\Program Files\Google\Chrome\chrome.exe Command Line: chrome.exe --type=renderer.,0,Benign
2026-02-23 12:15:48,4625,12,5763,An account failed to log on. Account Name: administrator Source Network Address: 192.168.1.50.,0,Benign
2026-02-24 10:57:36,4672,11,8734,Special privileges assigned to new logon. Account Name: SYSTEM Privileges: SeBackupPrivilege SeRestorePrivilege.,0,Benign
2026-02-28 12:33:30,4624,10,6680,An account was successfully logged on. New Logon: Account Name: jdoe Account Domain: CORP Logon ID: 0x1A2B3C.,0,Benign
2026-02-26 09:03:10,4688,11,8746,A new process has been created. New Process Name: C:\Windows\System32\cmd.exe Command Line: cmd.exe /c dir.,0,Benign
2026-02-23 15:07:33,4634,12,8393,An account was logged off. Subject: Security ID: S-1-5-21-1234567890 Account Name: jdoe.,0,Benign
2026-02-24 10:55:14,4625,10,6753,An account failed to log on. Failure Reason: Account locked out.,0,Benign
2026-02-26 22:11:38,4688,2,3243,A new process has been created. New Process Name: C:\Windows\System32\notepad.exe.,0,Benign
2026-02-26 06:03:47,4634,2,8113,An account was logged off. Logon Type: 2 Interactive.,0,Benign
2026-02-26 10:39:22,4672,7,4029,Special privileges assigned to new logon. Account Name: SYSTEM Privileges: SeBackupPrivilege SeRestorePrivilege.,0,Benign
2026-02-23 15:33:54,4634,10,7984,An account was logged off. Logon Type: 3.,0,Benign
2026-02-27 19:43:13,4624,9,6170,An account was successfully logged on. Subject: Security ID: S-1-5-21-1234567890 Account Name: Administrator Account Domain: CORP Logon Type: 3.,0,Benign
2026-02-27 07:33:07,4672,7,7012,Special privileges assigned to new logon. Account Name: SYSTEM Privileges: SeBackupPrivilege SeRestorePrivilege.,0,Benign
2026-02-25 09:16:44,4624,11,3844,An account was successfully logged on. Subject: Security ID: S-1-5-18 Account Name: SYSTEM Account Domain: NT AUTHORITY Logon ID: 0x3E7 Logon Type: 5.,0,Benign
2026-03-01 11:07:08,4624,12,2604,An account was successfully logged on. Subject: Security ID: S-1-5-21-1234567890 Account Name: Administrator Account Domain: CORP Logon Type: 3.,0,Benign
2026-03-01 12:31:47,4720,3,2947,A user account was created. New Account Name: svc_backup New Account Domain: CORP.,0,Benign
2026-02-28 09:18:52,4624,8,1198,An account was successfully logged on. Subject: Security ID: S-1-5-18 Account Name: SYSTEM Account Domain: NT AUTHORITY Logon ID: 0x3E7 Logon Type: 5.,0,Benign
2026-02-26 17:42:15,4688,8,5888,A new process has been created. New Process Name: C:\Windows\System32\cmd.exe Command Line: cmd.exe /c dir.,0,Benign
2026-02-25 12:47:28,4634,7,4968,An account was logged off. Logon Type: 3.,0,Benign
2026-02-26 23:56:35,4624,2,9250,An account was successfully logged on. Logon Type: 2 Interactive.,0,Benign
2026-02-26 12:45:52,4634,11,3157,An account was logged off. Subject: Security ID: S-1-5-21-1234567890 Account Name: jdoe.,0,Benign
2026-02-25 06:12:32,4634,2,4421,An account was logged off. Logon Type: 3.,0,Benign
2026-02-23 08:18:34,4672,5,4774,Special privileges assigned to new logon. Subject: Security ID: S-1-5-21-1234567890 Account Name: Administrator Privileges: SeDebugPrivilege.,0,Benign
2026-02-27 02:47:17,4625,11,5421,An account failed to log on. Logon Type: 10 Remote Desktop Services.,0,Benign
2026-03-01 04:32:11,4634,11,6534,An account was logged off. Subject: Security ID: S-1-5-21-1234567890 Account Name: jdoe.,0,Benign
2026-02-27 14:22:52,4648,9,5161,A logon was attempted using explicit credentials. Target Server: DC01 Target User: backup_svc.,0,Benign
2026-03-01 15:05:16,4624,2,1210,An account was successfully logged on. Logon Type: 10 Remote Desktop Services.,0,Benign
2026-02-26 11:24:22,4732,12,3216,A member was added to a security-enabled local group. Member Name: svc_backup Group Name: Backup Operators.,0,Benign
2026-02-23 17:50:31,4624,3,3655,An account was successfully logged on. Logon Type: 10 Remote Desktop Services.,0,Benign
2026-02-24 15:08:26,4648,12,2094,A logon was attempted using explicit credentials. Target Server: DC01 Target User: backup_svc.,0,Benign
2026-02-26 12:20:23,4672,12,9543,Special privileges assigned to new logon. Subject: Security ID: S-1-5-18 Privileges: SeAssignPrimaryTokenPrivilege SeTcbPrivilege SeSecurityPrivilege.,0,Benign
2026-03-01 09:05:47,4672,5,1487,Special privileges assigned to new logon. Subject: Security ID: S-1-5-18 Privileges: SeAssignPrimaryTokenPrivilege SeTcbPrivilege SeSecurityPrivilege.,0,Benign
2026-02-25 05:45:17,4624,10,9786,An account was successfully logged on. New Logon: Account Name: jdoe Account Domain: CORP Logon ID: 0x1A2B3C.,0,Benign
2026-02-26 09:26:53,4634,12,7019,An account was logged off. Logon Type: 3.,0,Benign
2026-02-23 16:31:04,4688,7,6382,A new process has been created. New Process Name: C:\Windows\System32\cmd.exe Command Line: cmd.exe /c dir.,0,Benign
2026-02-25 16:05:54,4720,5,6613,A user account was created. New Account Name: test_account.,0,Benign
2026-02-26 17:17:42,4624,7,6870,An account was successfully logged on. Logon Type: 2 Interactive.,0,Benign
2026-02-23 14:12:31,4624,11,1390,An account was successfully logged on. New Logon: Account Name: jdoe Account Domain: CORP Logon ID: 0x1A2B3C.,0,Benign
2026-02-26 12:06:44,4625,10,2463,An account failed to log on. Subject: Security ID: S-1-0-0 Account Name: - Account Domain: - Logon Type: 3.,0,Benign
2026-02-27 07:00:21,4624,2,3836,An account was successfully logged on. Subject: Security ID: S-1-5-18 Account Name: SYSTEM Account Domain: NT AUTHORITY Logon ID: 0x3E7 Logon Type: 5.,0,Benign
2026-02-28 14:16:50,4634,11,9749,An account was logged off. Logon Type: 2 Interactive.,0,Benign
2026-02-25 11:06:32,4648,8,3044,A logon was attempted using explicit credentials. Process: C:\Windows\System32\runas.exe.,0,Benign
2026-02-27 09:27:30,4648,8,7133,A logon was attempted using explicit credentials. Target Server: localhost Target User: admin.,0,Benign
2026-02-24 07:34:20,4648,12,3330,A logon was attempted using explicit credentials. Target Server: DC01 Target User: backup_svc.,0,Benign
2026-02-25 09:45:13,4634,12,8984,An account was logged off. Subject: Security ID: S-1-5-21-1234567890 Account Name: jdoe.,0,Benign
2026-02-28 15:59:39,4625,7,8635,An account failed to log on. Account Name: administrator Source Network Address: 192.168.1.50.,0,Benign
2026-02-25 08:09:21,4625,8,5327,An account failed to log on. Subject: Security ID: S-1-0-0 Account Name: - Account Domain: - Logon Type: 3.,0,Benign
2026-03-01 19:05:42,4634,12,9751,An account was logged off. Logon Type: 2 Interactive.,0,Benign
2026-02-24 13:51:17,4624,9,4546,An account was successfully logged on. Logon Type: 10 Remote Desktop Services.,0,Benign
2026-02-25 12:57:02,4634,12,7473,An account was logged off. Subject: Security ID: S-1-5-21-1234567890 Account Name: jdoe.,0,Benign
2026-02-27 15:23:52,4624,12,4603,An account was successfully logged on. Logon Type: 10 Remote Desktop Services.,0,Benign
2026-02-26 10:24:50,4624,2,3993,An account was successfully logged on. Subject: Security ID: S-1-5-18 Account Name: SYSTEM Account Domain: NT AUTHORITY Logon ID: 0x3E7 Logon Type: 5.,0,Benign
2026-02-23 10:35:03,4624,8,2202,An account was successfully logged on. Logon Type: 2 Interactive.,0,Benign
2026-02-24 13:14:12,4720,9,9048,A user account was created. New Account Name: test_account.,0,Benign
2026-02-27 11:04:51,4624,9,6791,An account was successfully logged on. Logon Type: 10 Remote Desktop Services.,0,Benign
2026-02-25 23:16:22,4688,8,9552,A new process has been created. New Process Name: C:\Windows\System32\taskhostw.exe.,0,Benign
2026-02-23 17:10:35,4624,8,547,An account was successfully logged on. Logon Type: 10 Remote Desktop Services.,0,Benign
2026-03-01 16:27:01,4624,10,8992,An account was successfully logged on. Logon Type: 2 Interactive.,0,Benign
2026-02-24 16:15:58,4624,2,7222,An account was successfully logged on. Subject: Security ID: S-1-5-21-1234567890 Account Name: Administrator Account Domain: CORP Logon Type: 3.,0,Benign
2026-02-26 21:43:26,4625,12,1218,An account failed to log on. Failure Reason: Unknown user name or bad password. Status: 0xC000006D Sub Status: 0xC000006A.,0,Benign
2026-03-01 17:11:46,4625,10,7248,An account failed to log on. Logon Type: 10 Remote Desktop Services.,0,Benign
2026-03-01 13:29:29,4624,9,4151,An account was successfully logged on. Logon Type: 2 Interactive.,0,Benign
2026-02-25 11:24:15,4624,3,8384,An account was successfully logged on. Logon Type: 2 Interactive.,0,Benign
2026-02-26 17:08:44,4624,8,7395,An account was successfully logged on. Subject: Security ID: S-1-5-21-1234567890 Account Name: Administrator Account Domain: CORP Logon Type: 3.,0,Benign
2026-02-26 11:10:42,4624,12,8346,An account was successfully logged on. Logon Type: 10 Remote Desktop Services.,0,Benign
2026-02-23 15:23:16,4672,8,2106,Special privileges assigned to new logon. Subject: Security ID: S-1-5-21-1234567890 Account Name: Administrator Privileges: SeDebugPrivilege.,0,Benign
2026-02-24 08:30:20,4624,10,1972,An account was successfully logged on. Subject: Security ID: S-1-5-21-1234567890 Account Name: Administrator Account Domain: CORP Logon Type: 3.,0,Benign
2026-02-23 08:17:27,4624,9,4530,An account was successfully logged on. New Logon: Account Name: jdoe Account Domain: CORP Logon ID: 0x1A2B3C.,0,Benign
2026-02-26 14:11:06,4624,5,1543,An account was successfully logged on. Logon Type: 10 Remote Desktop Services.,0,Benign
2026-03-01 07:07:34,4672,2,2084,Special privileges assigned to new logon. Subject: Security ID: S-1-5-21-1234567890 Account Name: Administrator Privileges: SeDebugPrivilege.,0,Benign
2026-03-01 07:48:52,4624,7,6173,An account was successfully logged on. Logon Type: 10 Remote Desktop Services.,0,Benign
2026-02-26 10:17:44,4625,2,5227,An account failed to log on. Logon Type: 10 Remote Desktop Services.,0,Benign
2026-02-28 17:28:22,4624,5,4964,An account was successfully logged on. Logon Type: 2 Interactive.,0,Benign
2026-02-23 14:15:10,4624,8,9782,An account was successfully logged on. Subject: Security ID: S-1-5-18 Account Name: SYSTEM Account Domain: NT AUTHORITY Logon ID: 0x3E7 Logon Type: 5.,0,Benign
2026-02-24 10:50:04,4625,9,5265,An account failed to log on. Failure Reason: Unknown user name or bad password. Status: 0xC000006D Sub Status: 0xC000006A.,0,Benign
2026-02-26 14:13:50,4648,2,8937,A logon was attempted using explicit credentials. Target Server: DC01 Target User: backup_svc.,0,Benign
2026-02-28 17:19:53,4624,7,1389,An account was successfully logged on. Subject: Security ID: S-1-5-18 Account Name: SYSTEM Account Domain: NT AUTHORITY Logon ID: 0x3E7 Logon Type: 5.,0,Benign
2026-02-27 08:18:02,4624,8,1546,An account was successfully logged on. New Logon: Account Name: jdoe Account Domain: CORP Logon ID: 0x1A2B3C.,0,Benign
2026-02-26 11:25:56,4624,2,7635,An account was successfully logged on. New Logon: Account Name: jdoe Account Domain: CORP Logon ID: 0x1A2B3C.,0,Benign
2026-02-27 09:51:57,4688,10,5540,A new process has been created. New Process Name: C:\Program Files\Google\Chrome\chrome.exe Command Line: chrome.exe --type=renderer.,0,Benign
2026-02-24 16:56:22,4624,3,344,An account was successfully logged on. Subject: Security ID: S-1-5-18 Account Name: SYSTEM Account Domain: NT AUTHORITY Logon ID: 0x3E7 Logon Type: 5.,0,Benign
2026-02-27 13:56:05,4624,11,6147,An account was successfully logged on. Logon Type: 10 Remote Desktop Services.,0,Benign
2026-02-25 11:04:18,4648,7,647,A logon was attempted using explicit credentials. Target Server: localhost Target User: admin.,0,Benign
2026-02-27 10:20:48,4625,3,6806,An account failed to log on. Subject: Security ID: S-1-0-0 Account Name: - Account Domain: - Logon Type: 3.,0,Benign
2026-02-28 14:11:42,4688,10,2614,A new process has been created. New Process Name: C:\Program Files\Google\Chrome\chrome.exe Command Line: chrome.exe --type=renderer.,0,Benign
2026-02-24 08:20:40,4625,12,8073,An account failed to log on. Account Name: administrator Source Network Address: 192.168.1.50.,0,Benign
2026-02-23 13:56:19,4624,9,3272,An account was successfully logged on. Logon Type: 2 Interactive.,0,Benign
2026-03-01 08:08:29,4625,3,5907,An account failed to log on. Logon Type: 10 Remote Desktop Services.,0,Benign
2026-02-23 15:59:04,4648,2,941,A logon was attempted using explicit credentials. Process: C:\Windows\System32\runas.exe.,0,Benign
2026-02-28 15:08:20,4624,11,1217,An account was successfully logged on. Logon Type: 10 Remote Desktop Services.,0,Benign
2026-03-01 11:40:44,4624,8,9196,An account was successfully logged on. New Logon: Account Name: jdoe Account Domain: CORP Logon ID: 0x1A2B3C.,0,Benign
2026-02-27 16:48:07,4648,9,6530,A logon was attempted using explicit credentials. Process: C:\Windows\System32\runas.exe.,0,Benign
2026-02-24 23:43:41,4625,7,9633,An account failed to log on. Account Name: administrator Source Network Address: 192.168.1.50.,0,Benign
2026-03-01 10:16:03,4625,9,6058,An account failed to log on. Subject: Security ID: S-1-0-0 Account Name: - Account Domain: - Logon Type: 3.,0,Benign
2026-02-26 10:59:18,4624,5,2388,An account was successfully logged on. Logon Type: 2 Interactive.,0,Benign
2026-02-27 15:37:29,4688,2,5167,A new process has been created. New Process Name: C:\Windows\System32\taskhostw.exe.,0,Benign
2026-02-25 08:30:00,4648,3,4917,A logon was attempted using explicit credentials. Process: C:\Windows\System32\runas.exe.,0,Benign
2026-02-27 06:19:35,4732,9,7136,A member was added to a security-enabled local group. Member Name: svc_backup Group Name: Backup Operators.,0,Benign
2026-02-28 02:11:22,4624,5,8709,An account was successfully logged on. Subject: Security ID: S-1-5-18 Account Name: SYSTEM Account Domain: NT AUTHORITY Logon ID: 0x3E7 Logon Type: 5.,0,Benign
2026-02-26 10:22:33,4648,11,1855,A logon was attempted using explicit credentials. Target Server: localhost Target User: admin.,0,Benign
2026-02-28 17:48:41,4625,11,2888,An account failed to log on. Account Name: administrator Source Network Address: 192.168.1.50.,0,Benign
2026-02-27 17:53:20,4625,10,213,An account failed to log on. Failure Reason: Unknown user name or bad password. Status: 0xC000006D Sub Status: 0xC000006A.,0,Benign
2026-02-23 14:07:49,4624,12,8863,An account was successfully logged on. Subject: Security ID: S-1-5-21-1234567890 Account Name: Administrator Account Domain: CORP Logon Type: 3.,0,Benign
2026-02-26 15:56:02,4624,11,5579,An account was successfully logged on. Logon Type: 10 Remote Desktop Services.,0,Benign
2026-02-28 16:20:32,4624,8,8652,An account was successfully logged on. Logon Type: 2 Interactive.,0,Benign
2026-02-26 13:53:07,4624,3,3761,An account was successfully logged on. Logon Type: 2 Interactive.,0,Benign
2026-02-25 15:48:30,4624,2,3683,An account was successfully logged on. Logon Type: 10 Remote Desktop Services.,0,Benign
2026-02-28 09:06:22,4625,10,7051,An account failed to log on. Failure Reason: Account locked out.,0,Benign
2026-02-27 14:07:40,4634,5,9182,An account was logged off. Logon Type: 3.,0,Benign
2026-02-24 15:30:03,4624,5,9928,An account was successfully logged on. Subject: Security ID: S-1-5-18 Account Name: SYSTEM Account Domain: NT AUTHORITY Logon ID: 0x3E7 Logon Type: 5.,0,Benign
2026-02-23 10:59:10,4625,7,132,An account failed to log on. Failure Reason: Account locked out.,0,Benign
2026-02-24 07:00:43,4720,7,6312,A user account was created. New Account Name: test_account.,0,Benign
2026-02-24 11:29:10,4672,8,7867,Special privileges assigned to new logon. Account Name: SYSTEM Privileges: SeBackupPrivilege SeRestorePrivilege.,0,Benign
2026-02-28 12:35:40,4624,10,4901,An account was successfully logged on. Logon Type: 10 Remote Desktop Services.,0,Benign
2026-02-28 17:22:50,4634,7,5009,An account was logged off. Subject: Security ID: S-1-5-21-1234567890 Account Name: jdoe.,0,Benign
2026-02-27 08:40:17,4624,10,1161,An account was successfully logged on. New Logon: Account Name: jdoe Account Domain: CORP Logon ID: 0x1A2B3C.,0,Benign
2026-02-27 15:44:55,4688,10,9083,A new process has been created. New Process Name: C:\Windows\System32\cmd.exe Command Line: cmd.exe /c dir.,0,Benign
2026-03-01 10:07:22,4624,9,2307,An account was successfully logged on. Logon Type: 10 Remote Desktop Services.,1,Benign
2026-02-24 16:25:20,4624,2,8776,An account was successfully logged on. New Logon: Account Name: jdoe Account Domain: CORP Logon ID: 0x1A2B3C.,0,Benign
2026-03-01 08:21:45,4688,10,617,A new process has been created. New Process Name: C:\Windows\System32\taskhostw.exe.,0,Benign
2026-02-23 12:07:38,4648,9,5413,A logon was attempted using explicit credentials. Target Server: localhost Target User: admin.,0,Benign
2026-02-24 16:49:22,4625,3,6586,An account failed to log on. Failure Reason: Unknown user name or bad password. Status: 0xC000006D Sub Status: 0xC000006A.,0,Benign
2026-02-27 17:12:00,4672,12,226,Special privileges assigned to new logon. Account Name: SYSTEM Privileges: SeBackupPrivilege SeRestorePrivilege.,0,Benign
2026-02-25 17:59:21,4624,2,3544,An account was successfully logged on. Logon Type: 10 Remote Desktop Services.,1,Benign
2026-02-26 14:49:28,4634,2,1682,An account was logged off. Logon Type: 2 Interactive.,0,Benign
2026-02-26 19:47:21,4624,3,7106,An account was successfully logged on. New Logon: Account Name: jdoe Account Domain: CORP Logon ID: 0x1A2B3C.,0,Benign
2026-03-01 17:11:17,4720,12,528,A user account was created. New Account Name: svc_backup New Account Domain: CORP.,0,Benign
2026-02-28 10:39:54,4624,8,2335,An account was successfully logged on. Logon Type: 10 Remote Desktop Services.,0,Benign
2026-02-23 11:44:32,4624,2,2100,An account was successfully logged on. Subject: Security ID: S-1-5-21-1234567890 Account Name: Administrator Account Domain: CORP Logon Type: 3.,0,Benign
2026-02-27 10:45:12,4624,9,7706,An account was successfully logged on. Logon Type: 10 Remote Desktop Services.,0,Benign
2026-02-24 09:12:37,4624,3,1121,An account was successfully logged on. Subject: Security ID: S-1-5-18 Account Name: SYSTEM Account Domain: NT AUTHORITY Logon ID: 0x3E7 Logon Type: 5.,0,Benign
2026-02-28 11:49:10,4625,7,1662,An account failed to log on. Logon Type: 10 Remote Desktop Services.,0,Benign
2026-02-25 14:17:36,4625,11,9095,An account failed to log on. Account Name: administrator Source Network Address: 192.168.1.50.,0,Benign
2026-02-24 17:13:51,4688,10,7738,A new process has been created. New Process Name: C:\Windows\System32\taskhostw.exe.,0,Benign
2026-02-23 10:09:47,4624,11,7752,An account was successfully logged on. Logon Type: 2 Interactive.,0,Benign
2026-02-27 15:01:22,4648,11,4085,A logon was attempted using explicit credentials. Target Server: DC01 Target User: backup_svc.,0,Benign
2026-02-25 10:47:50,4624,3,3512,An account was successfully logged on. Logon Type: 10 Remote Desktop Services.,0,Benign
2026-02-27 12:38:57,4625,7,1445,An account failed to log on. Subject: Security ID: S-1-0-0 Account Name: - Account Domain: - Logon Type: 3.,0,Benign
2026-02-28 08:21:10,4688,9,7327,A new process has been created. New Process Name: C:\Program Files\Google\Chrome\chrome.exe Command Line: chrome.exe --type=renderer.,0,Benign
2026-02-23 16:23:51,4688,2,4693,A new process has been created. New Process Name: C:\Windows\System32\cmd.exe Command Line: cmd.exe /c dir.,1,Benign
2026-02-23 10:37:50,4634,5,649,An account was logged off. Subject: Security ID: S-1-5-21-1234567890 Account Name: jdoe.,0,Benign
2026-02-24 14:27:03,4624,11,3731,An account was successfully logged on. Logon Type: 2 Interactive.,0,Benign
2026-02-23 13:27:28,4624,11,9549,An account was successfully logged on. New Logon: Account Name: jdoe Account Domain: CORP Logon ID: 0x1A2B3C.,0,Benign
2026-02-27 09:55:09,4720,8,8583,A user account was created. New Account Name: test_account.,0,Benign
2026-02-24 09:38:25,4624,11,3646,An account was successfully logged on. Subject: Security ID: S-1-5-21-1234567890 Account Name: Administrator Account Domain: CORP Logon Type: 3.,0,Benign
2026-02-25 16:34:59,4672,7,6791,Special privileges assigned to new logon. Account Name: SYSTEM Privileges: SeBackupPrivilege SeRestorePrivilege.,0,Benign
2026-02-28 16:45:03,4624,3,1736,An account was successfully logged on. Logon Type: 10 Remote Desktop Services.,0,Benign
2026-02-23 16:34:50,4648,12,7834,A logon was attempted using explicit credentials. Target Server: localhost Target User: admin.,0,Benign
2026-03-01 12:24:20,4634,9,8559,An account was logged off. Logon Type: 3.,0,Benign
2026-02-27 17:30:50,4624,2,7198,An account was successfully logged on. New Logon: Account Name: jdoe Account Domain: CORP Logon ID: 0x1A2B3C.,0,Benign
2026-03-01 04:33:00,4625,7,663,An account failed to log on. Subject: Security ID: S-1-0-0 Account Name: - Account Domain: - Logon Type: 3.,0,Benign
2026-02-27 22:01:33,4625,2,2226,An account failed to log on. Failure Reason: Account locked out.,0,Benign
2026-02-25 13:32:15,4688,8,1234,A new process has been created. New Process Name: C:\Program Files\Google\Chrome\chrome.exe Command Line: chrome.exe --type=renderer.,0,Benign
2026-02-26 17:59:48,4624,7,5898,An account was successfully logged on. Logon Type: 10 Remote Desktop Services.,0,Benign
2026-02-27 16:33:37,4688,8,664,A new process has been created. New Process Name: C:\Windows\System32\svchost.exe Creator Process Name: C:\Windows\System32\services.exe.,0,Benign
2026-02-24 09:29:00,4624,11,4054,An account was successfully logged on. Logon Type: 2 Interactive.,0,Benign
2026-02-27 12:49:07,4624,9,1564,An account was successfully logged on. Subject: Security ID: S-1-5-18 Account Name: SYSTEM Account Domain: NT AUTHORITY Logon ID: 0x3E7 Logon Type: 5.,0,Benign
2026-02-24 10:24:54,4624,11,1804,An account was successfully logged on. Logon Type: 2 Interactive.,0,Benign
2026-02-26 09:21:58,4624,11,4034,An account was successfully logged on. Logon Type: 10 Remote Desktop Services.,0,Benign
2026-02-25 13:41:11,4624,3,6478,An account was successfully logged on. New Logon: Account Name: jdoe Account Domain: CORP Logon ID: 0x1A2B3C.,0,Benign
2026-03-01 15:53:48,4625,2,4978,An account failed to log on. Failure Reason: Account locked out.,0,Benign
2026-02-27 08:40:29,4625,9,7519,An account failed to log on. Account Name: administrator Source Network Address: 192.168.1.50.,0,Benign
2026-02-24 02:07:00,4688,7,7762,A new process has been created. New Process Name: C:\Windows\System32\taskhostw.exe.,0,Benign
2026-03-01 08:03:46,4624,12,247,An account was successfully logged on. Logon Type: 2 Interactive.,0,Benign
2026-02-26 14:22:31,4624,8,4613,An account was successfully logged on. Logon Type: 10 Remote Desktop Services.,0,Benign
2026-02-27 08:24:48,4624,2,9161,An account was successfully logged on. Subject: Security ID: S-1-5-18 Account Name: SYSTEM Account Domain: NT AUTHORITY Logon ID: 0x3E7 Logon Type: 5.,0,Benign
2026-03-01 08:30:11,4688,5,8438,A new process has been created. New Process Name: C:\Windows\System32\taskhostw.exe.,0,Benign
2026-02-28 09:28:56,4624,2,2098,An account was successfully logged on. Logon Type: 2 Interactive.,0,Benign
2026-03-01 17:59:08,4634,9,6900,An account was logged off. Subject: Security ID: S-1-5-21-1234567890 Account Name: jdoe.,0,Benign
2026-02-28 16:24:55,4634,10,5724,An account was logged off. Logon Type: 3.,0,Benign
2026-03-01 04:00:12,4624,7,5811,A new process has been created. New Process Name: C:\Temp\procdump.exe.,1,T1003
2026-02-25 15:37:11,4624,10,9202,An account was successfully logged on. Subject: Security ID: S-1-5-21-1234567890 Account Name: Administrator Account Domain: CORP Logon Type: 3.,0,Benign
2026-02-25 09:55:41,4624,12,7677,An account was successfully logged on. Subject: Security ID: S-1-5-18 Account Name: SYSTEM Account Domain: NT AUTHORITY Logon ID: 0x3E7 Logon Type: 5.,0,Benign
2026-03-01 09:39:05,4688,10,2075,A new process has been created. New Process Name: C:\Windows\System32\notepad.exe.,0,Benign
2026-02-23 14:00:38,4624,3,1362,An account was successfully logged on. Logon Type: 2 Interactive.,0,Benign
2026-02-24 03:17:23,4720,12,9952,A user account was created. New Account Name: test_account.,0,Benign
2026-02-25 23:29:45,4624,11,5978,An account was successfully logged on. Logon Type: 2 Interactive.,0,Benign
2026-03-01 22:31:25,4624,3,7064,An account was successfully logged on. Subject: Security ID: S-1-5-18 Account Name: SYSTEM Account Domain: NT AUTHORITY Logon ID: 0x3E7 Logon Type: 5.,0,Benign
2026-03-01 09:04:42,4624,2,6252,An account was successfully logged on. Subject: Security ID: S-1-5-21-1234567890 Account Name: Administrator Account Domain: CORP Logon Type: 3.,0,Benign
2026-02-25 20:06:42,4634,3,3193,An account was logged off. Logon Type: 2 Interactive.,0,Benign
2026-02-23 05:08:33,4688,5,7086,A new process has been created. New Process Name: C:\Windows\System32\svchost.exe Creator Process Name: C:\Windows\System32\services.exe.,0,Benign
2026-02-25 08:08:36,4624,5,541,An account was successfully logged on. Logon Type: 2 Interactive.,0,Benign
2026-02-27 12:25:24,4688,10,9999,A new process has been created. New Process Name: C:\Windows\System32\notepad.exe.,0,Benign
2026-02-24 08:28:39,4634,8,8371,An account was logged off. Logon Type: 2 Interactive.,0,Benign
2026-02-24 12:20:13,4688,11,3491,A new process has been created. New Process Name: C:\Windows\System32\notepad.exe.,0,Benign
2026-02-23 10:47:58,4624,3,2501,An account was successfully logged on. Logon Type: 2 Interactive.,0,Benign
2026-02-25 08:57:07,4634,10,6343,An account was logged off. Logon Type: 3.,0,Benign
2026-02-23 20:43:12,4672,12,8452,Special privileges assigned to new logon. Subject: Security ID: S-1-5-18 Privileges: SeAssignPrimaryTokenPrivilege SeTcbPrivilege SeSecurityPrivilege.,0,Benign
2026-03-01 09:49:05,4625,3,2191,An account failed to log on. Logon Type: 10 Remote Desktop Services.,0,Benign
2026-02-23 06:58:22,4624,3,1579,An account was successfully logged on. Subject: Security ID: S-1-5-21-1234567890 Account Name: Administrator Account Domain: CORP Logon Type: 3.,0,Benign
2026-02-24 19:18:14,4672,12,997,Special privileges assigned to new logon. Subject: Security ID: S-1-5-18 Privileges: SeAssignPrimaryTokenPrivilege SeTcbPrivilege SeSecurityPrivilege.,0,Benign
2026-02-28 15:26:28,4624,7,408,An account was successfully logged on. Logon Type: 10 Remote Desktop Services.,0,Benign
2026-02-27 22:39:45,4624,12,6565,An account was successfully logged on. New Logon: Account Name: jdoe Account Domain: CORP Logon ID: 0x1A2B3C.,0,Benign
2026-03-01 09:32:41,4624,11,3353,An account was successfully logged on. Logon Type: 10 Remote Desktop Services.,0,Benign
2026-02-28 10:48:21,4634,12,6290,An account was logged off. Subject: Security ID: S-1-5-21-1234567890 Account Name: jdoe.,0,Benign
2026-02-25 09:53:30,4625,2,902,An account failed to log on. Failure Reason: Account locked out.,0,Benign
2026-02-24 00:40:56,1102,2,9741,The event logging service has shut down. Reason: The log was cleared by user.,1,T1070
2026-03-01 08:50:01,4624,12,7049,An account was successfully logged on. Logon Type: 10 Remote Desktop Services.,1,Benign
2026-02-25 17:31:29,4634,3,2783,An account was logged off. Subject: Security ID: S-1-5-21-1234567890 Account Name: jdoe.,0,Benign
2026-02-25 09:18:25,4688,9,2124,A new process has been created. New Process Name: C:\Windows\System32\notepad.exe.,0,Benign
2026-02-26 12:13:54,4625,7,4489,An account failed to log on. Failure Reason: Unknown user name or bad password. Status: 0xC000006D Sub Status: 0xC000006A.,0,Benign
2026-02-24 08:55:12,4634,5,2117,An account was logged off. Logon Type: 2 Interactive.,0,Benign
2026-02-26 12:05:09,4634,12,2385,An account was logged off. Logon Type: 2 Interactive.,0,Benign
2026-02-23 11:10:26,4688,8,1924,A new process has been created. New Process Name: C:\Windows\System32\taskhostw.exe.,0,Benign
2026-02-26 19:42:36,4634,12,8936,An account was logged off. Logon Type: 2 Interactive.,0,Benign
2026-02-24 13:56:53,4625,3,8956,An account failed to log on. Subject: Security ID: S-1-0-0 Account Name: - Account Domain: - Logon Type: 3.,0,Benign
2026-02-24 16:27:48,4625,5,5227,An account failed to log on. Failure Reason: Account locked out.,0,Benign
2026-02-27 09:25:41,4625,7,1713,An account failed to log on. Logon Type: 10 Remote Desktop Services.,0,Benign
2026-02-25 08:12:46,4624,10,4614,An account was successfully logged on. Subject: Security ID: S-1-5-18 Account Name: SYSTEM Account Domain: NT AUTHORITY Logon ID: 0x3E7 Logon Type: 5.,0,Benign
