2026-02-23 22:25:14,4688,12,6210,A new process has been created. New Process Name: C:\Windows\System32\taskhostw.exe.,0,Benign
2026-02-27 15:34:23,4624,11,9590,An account was successfully logged on. Logon Type: 10 Remote Desktop Services.,0,Benign
2026-02-23 04:55:19,4624,7,2914,An account was successfully logged on. New Logon: Account Name: jdoe Account Domain: CORP Logon ID: 0x1A2B3C.,0,Benign
2026-02-28 08:16:31,4624,9,3647,An account was successfully logged on. Logon Type: 10 Remote Desktop Services.,0,Benign
2026-02-27 18:23:47,4688,10,2656,A new process has been created. New Process Name: C:\Windows\System32\svchost.exe Creator Process Name: C:\Windows\System32\services.exe.,0,Benign
2026-02-28 06:07:09,4624,7,3406,An account was successfully logged on. Logon Type: 2 Interactive.,0,Benign
2026-02-27 15:27:24,4624,11,1739,An account was successfully logged on. New Logon: Account Name: jdoe Account Domain: CORP Logon ID: 0x1A2B3C.,0,Benign
2026-02-26 13:38:37,4625,7,8439,An account failed to log on. Failure Reason: Unknown user name or bad password. Status: 0xC000006D Sub Status: 0xC000006A.,0,Benign
2026-02-27 17:45:16,4625,12,7983,An account failed to log on. Failure Reason: Unknown user name or bad password. Status: 0xC000006D Sub Status: 0xC000006A.,0,Benign
2026-03-01 02:28:12,4634,7,4398,An account was logged off. Logon Type: 2 Interactive.,0,Benign
2026-02-27 02:21:25,4688,12,2637,A new process has been created. New Process Name: C:\Windows\System32\cmd.exe Command Line: cmd.exe /c whoami.,1,T1047
2026-02-25 00:30:34,4625,2,5707,An account failed to log on. Failure Reason: Unknown user name or bad password. Status: 0xC000006D Sub Status: 0xC000006A.,0,Benign
2026-02-26 16:29:03,4625,3,7137,An account failed to log on. Subject: Security ID: S-1-0-0 Account Name: - Account Domain: - Logon Type: 3.,0,Benign
2026-02-25 12:42:29,4624,3,4509,An account was successfully logged on. New Logon: Account Name: jdoe Account Domain: CORP Logon ID: 0x1A2B3C.,0,Benign
2026-02-23 06:19:48,4634,3,8884,An account was logged off. Logon Type: 2 Interactive.,0,Benign
2026-02-23 11:40:12,4720,11,5049,A user account was created. New Account Name: tempuser New Account Domain: CORP.,0,Benign
2026-02-28 10:09:48,4624,2,9479,An account was successfully logged on. Logon Type: 2 Interactive.,0,Benign
2026-02-28 16:56:56,4625,9,8152,An account failed to log on. Failure Reason: Unknown user name or bad password. Status: 0xC000006D Sub Status: 0xC000006A.,0,Benign
2026-02-26 04:26:05,4624,8,569,An account was successfully logged on. New Logon: Account Name: jdoe Account Domain: CORP Logon ID: 0x1A2B3C.,0,Benign
2026-02-28 06:13:43,4625,2,9823,An account failed to log on. Failure Reason: Account locked out.,0,Benign
2026-02-25 16:22:23,4624,5,6193,An account was successfully logged on. Subject: Security ID: S-1-5-18 Account Name: SYSTEM Account Domain: NT AUTHORITY Logon ID: 0x3E7 Logon Type: 5.,0,Benign
2026-03-01 08:41:41,4634,10,9659,An account was logged off. Logon Type: 3.,0,Benign
2026-02-27 13:05:30,4648,9,2288,A logon was attempted using explicit credentials. Process: C:\Windows\System32\runas.exe.,0,Benign
2026-02-26 09:44:03,4688,7,6349,A new process has been created. New Process Name: C:\Windows\System32\taskhostw.exe.,0,Benign
2026-02-26 15:17:01,4688,12,5626,A new process has been created. New Process Name: C:\Windows\System32\svchost.exe Creator Process Name: C:\Windows\System32\services.exe.,0,Benign
2026-02-24 07:03:42,4624,7,6312,An account was successfully logged on. Subject: Security ID: S-1-5-21-1234567890 Account Name: Administrator Account Domain: CORP Logon Type: 3.,0,Benign
2026-02-27 09:37:21,4624,7,5373,An account was successfully logged on. Logon Type: 10 Remote Desktop Services.,0,Benign
2026-03-01 17:41:55,4624,5,4818,An account was successfully logged on. New Logon: Account Name: jdoe Account Domain: CORP Logon ID: 0x1A2B3C.,0,Benign
2026-02-24 11:00:11,4634,7,4294,An account was logged off. Logon Type: 3.,0,Benign
2026-02-26 19:53:22,4634,5,7738,An account was logged off. Logon Type: 2 Interactive.,0,Benign
2026-02-26 12:57:21,4688,2,2753,A new process has been created. New Process Name: C:\Windows\System32\cmd.exe Command Line: cmd.exe /c dir.,0,Benign
2026-02-27 15:14:32,4624,3,568,An account was successfully logged on. Subject: Security ID: S-1-5-21-1234567890 Account Name: Administrator Account Domain: CORP Logon Type: 3.,0,Benign
2026-02-26 11:12:10,4688,8,9985,A new process has been created. New Process Name: C:\Windows\System32\notepad.exe.,0,Benign
2026-02-27 15:19:32,4672,12,793,Special privileges assigned to new logon. Subject: Security ID: S-1-5-18 Privileges: SeAssignPrimaryTokenPrivilege SeTcbPrivilege SeSecurityPrivilege.,0,Benign
2026-02-25 13:33:28,4648,12,5879,A logon was attempted using explicit credentials. Process: C:\Windows\System32\runas.exe.,0,Benign
2026-02-25 15:17:03,4648,9,8574,A logon was attempted using explicit credentials. Target Server: DC01 Target User: backup_svc.,0,Benign
2026-02-24 14:34:02,4648,2,8972,A logon was attempted using explicit credentials. Target Server: DC01 Target User: backup_svc.,0,Benign
2026-02-26 11:53:47,4624,5,5250,An account was successfully logged on. Logon Type: 10 Remote Desktop Services.,0,Benign
2026-03-01 16:11:32,4624,7,1575,An account was successfully logged on. Subject: Security ID: S-1-5-21-1234567890 Account Name: Administrator Account Domain: CORP Logon Type: 3.,0,Benign
2026-03-01 16:05:35,4634,11,7616,An account was logged off. Logon Type: 2 Interactive.,0,Benign
2026-02-26 17:39:04,4625,5,2208,An account failed to log on. Account Name: administrator Source Network Address: 192.168.1.50.,0,Benign
2026-02-26 15:21:54,4634,7,3640,An account was logged off. Subject: Security ID: S-1-5-21-1234567890 Account Name: jdoe.,0,Benign
2026-02-28 08:53:27,4624,3,1037,An account was successfully logged on. New Logon: Account Name: jdoe Account Domain: CORP Logon ID: 0x1A2B3C.,0,Benign
2026-02-25 16:09:08,4624,11,7241,An account was successfully logged on. Logon Type: 10 Remote Desktop Services.,0,Benign
2026-02-26 08:56:23,4634,7,9762,An account was logged off. Logon Type: 3.,0,Benign
2026-03-01 08:24:08,4688,3,8286,A new process has been created. New Process Name: C:\Windows\System32\taskhostw.exe.,0,Benign
2026-02-26 14:23:19,4634,3,1163,An account was logged off. Logon Type: 2 Interactive.,1,Benign
2026-03-01 17:00:29,4648,11,5875,A logon was attempted using explicit credentials. Target Server: DC01 Target User: backup_svc.,0,Benign
2026-03-01 17:20:56,4720,5,5790,A user account was created. New Account Name: tempuser New Account Domain: CORP.,0,Benign
2026-02-25 17:44:27,4688,10,1580,A new process has been created. New Process Name: C:\Program Files\Google\Chrome\chrome.exe Command Line: chrome.exe --type=renderer.,0,Benign
2026-02-26 10:52:49,4625,12,3788,An account failed to log on. Logon Type: 10 Remote Desktop Services.,0,Benign
2026-02-24 17:41:10,4624,9,9862,An account was successfully logged on. Subject: Security ID: S-1-5-21-1234567890 Account Name: Administrator Account Domain: CORP Logon Type: 3.,0,Benign
2026-02-27 11:42:18,4624,2,4468,An account was successfully logged on. Subject: Security ID: S-1-5-18 Account Name: SYSTEM Account Domain: NT AUTHORITY Logon ID: 0x3E7 Logon Type: 5.,0,Benign
2026-03-01 10:21:12,4732,7,3431,A member was added to a security-enabled local group. Member Name: tempuser Group Name: Administrators.,0,Benign
2026-02-27 14:35:30,4624,11,4590,An account was successfully logged on. Subject: Security ID: S-1-5-18 Account Name: SYSTEM Account Domain: NT AUTHORITY Logon ID: 0x3E7 Logon Type: 5.,1,Benign
2026-02-25 11:42:28,4624,7,8149,An account was successfully logged on. Subject: Security ID: S-1-5-21-1234567890 Account Name: Administrator Account Domain: CORP Logon Type: 3.,0,Benign
2026-02-28 22:02:15,4625,9,7772,An account failed to log on. Failure Reason: Unknown user name or bad password. Status: 0xC000006D Sub Status: 0xC000006A.,0,Benign
2026-02-25 11:17:17,4624,2,1886,An account was successfully logged on. Logon Type: 2 Interactive.,0,Benign
2026-02-27 16:50:44,4634,2,7231,An account was logged off. Logon Type: 2 Interactive.,0,Benign
2026-02-26 04:36:23,4624,7,4391,An account was successfully logged on. Logon Type: 10 Remote Desktop Services.,0,Benign
2026-02-28 17:16:31,4688,10,9062,A new process has been created. New Process Name: C:\Program Files\Google\Chrome\chrome.exe Command Line: chrome.exe --type=renderer.,0,Benign
2026-02-26 17:45:33,4688,12,1848,A new process has been created. New Process Name: C:\Program Files\Google\Chrome\chrome.exe Command Line: chrome.exe --type=renderer.,0,Benign
2026-02-25 10:27:29,4624,7,4739,An account was successfully logged on. Subject: Security ID: S-1-5-18 Account Name: SYSTEM Account Domain: NT AUTHORITY Logon ID: 0x3E7 Logon Type: 5.,0,Benign
2026-02-23 15:44:14,4624,8,410,An account was successfully logged on. New Logon: Account Name: jdoe Account Domain: CORP Logon ID: 0x1A2B3C.,0,Benign
2026-02-24 01:45:53,4624,7,1852,An account was successfully logged on. New Logon: Account Name: jdoe Account Domain: CORP Logon ID: 0x1A2B3C.,0,Benign
2026-02-27 10:13:08,4688,12,7378,A new process has been created. New Process Name: C:\Windows\System32\cmd.exe Command Line: cmd.exe /c dir.,0,Benign
2026-02-28 14:59:49,4624,11,9920,An account was successfully logged on. Subject: Security ID: S-1-5-18 Account Name: SYSTEM Account Domain: NT AUTHORITY Logon ID: 0x3E7 Logon Type: 5.,0,Benign
2026-02-28 15:46:07,4634,9,3692,An account was logged off. Logon Type: 2 Interactive.,0,Benign
2026-02-28 21:11:07,4648,5,6612,A logon was attempted using explicit credentials. Target Server: DC01 Target User: backup_svc.,1,Benign
2026-02-26 16:41:21,4624,12,8096,An account was successfully logged on. Logon Type: 2 Interactive.,0,Benign
2026-02-27 10:22:19,4688,3,2753,A new process has been created. New Process Name: C:\Windows\System32\svchost.exe Creator Process Name: C:\Windows\System32\services.exe.,0,Benign
2026-02-23 10:17:50,4625,3,6026,An account failed to log on. Logon Type: 10 Remote Desktop Services.,0,Benign
2026-02-23 09:58:45,4634,10,8880,An account was logged off. Subject: Security ID: S-1-5-21-1234567890 Account Name: jdoe.,0,Benign
2026-02-28 17:13:59,4624,12,4273,An account was successfully logged on. Logon Type: 2 Interactive.,0,Benign
2026-02-26 15:11:50,4624,12,3287,An account was successfully logged on. Subject: Security ID: S-1-5-18 Account Name: SYSTEM Account Domain: NT AUTHORITY Logon ID: 0x3E7 Logon Type: 5.,0,Benign
2026-02-26 14:57:08,4624,2,4383,An account was successfully logged on. Logon Type: 10 Remote Desktop Services.,0,Benign
2026-02-25 13:04:26,4625,8,8931,An account failed to log on. Failure Reason: Account locked out.,0,Benign
2026-02-24 08:01:53,4625,5,8275,An account failed to log on. Failure Reason: Unknown user name or bad password. Status: 0xC000006D Sub Status: 0xC000006A.,0,Benign
2026-02-24 14:51:25,4624,3,3556,An account was successfully logged on. Logon Type: 2 Interactive.,0,Benign
2026-02-23 09:17:28,4732,12,5363,A member was added to a security-enabled local group. Member Name: jdoe Group Name: Remote Desktop Users.,0,Benign
2026-02-27 11:05:55,4648,8,1107,A logon was attempted using explicit credentials. Process: C:\Windows\System32\runas.exe.,0,Benign
2026-02-27 16:55:29,4624,3,4497,An account was successfully logged on. New Logon: Account Name: jdoe Account Domain: CORP Logon ID: 0x1A2B3C.,0,Benign
2026-02-23 10:08:54,4624,3,5709,An account was successfully logged on. Logon Type: 10 Remote Desktop Services.,0,Benign
2026-03-01 16:53:06,4624,12,6575,An account was successfully logged on. Logon Type: 2 Interactive.,0,Benign
2026-03-01 08:22:24,4624,11,8299,An account was successfully logged on. Subject: Security ID: S-1-5-21-1234567890 Account Name: Administrator Account Domain: CORP Logon Type: 3.,0,Benign
2026-02-26 17:41:16,4624,3,5365,An account was successfully logged on. Subject: Security ID: S-1-5-18 Account Name: SYSTEM Account Domain: NT AUTHORITY Logon ID: 0x3E7 Logon Type: 5.,0,Benign
2026-02-25 11:28:39,4624,7,8044,An account was successfully logged on. New Logon: Account Name: jdoe Account Domain: CORP Logon ID: 0x1A2B3C.,0,Benign
2026-02-25 12:44:34,4624,5,8674,An account was successfully logged on. Logon Type: 10 Remote Desktop Services.,0,Benign
2026-02-27 12:47:12,4624,8,9987,An account was successfully logged on. Subject: Security ID: S-1-5-21-1234567890 Account Name: Administrator Account Domain: CORP Logon Type: 3.,0,Benign
2026-02-27 14:43:21,4625,3,3388,An account failed to log on. Failure Reason: Unknown user name or bad password. Status: 0xC000006D Sub Status: 0xC000006A.,0,Benign
2026-02-28 16:05:57,4624,9,2256,An account was successfully logged on. Subject: Security ID: S-1-5-18 Account Name: SYSTEM Account Domain: NT AUTHORITY Logon ID: 0x3E7 Logon Type: 5.,0,Benign
2026-02-23 11:37:04,4624,11,159,An account was successfully logged on. Subject: Security ID: S-1-5-18 Account Name: SYSTEM Account Domain: NT AUTHORITY Logon ID: 0x3E7 Logon Type: 5.,0,Benign
2026-03-01 17:33:37,4688,5,7293,A new process has been created. New Process Name: C:\Windows\System32\svchost.exe Creator Process Name: C:\Windows\System32\services.exe.,0,Benign
2026-02-23 18:10:35,4624,10,742,An account was successfully logged on. Logon Type: 2 Interactive.,0,Benign
2026-02-24 13:16:17,4625,10,3931,An account failed to log on. Logon Type: 10 Remote Desktop Services.,0,Benign
2026-02-23 08:31:29,4624,12,9137,An account was successfully logged on. Logon Type: 10 Remote Desktop Services.,0,Benign
2026-02-27 17:22:20,4624,8,2877,An account was successfully logged on. Subject: Security ID: S-1-5-21-1234567890 Account Name: Administrator Account Domain: CORP Logon Type: 3.,0,Benign
2026-02-27 08:49:39,4625,5,406,An account failed to log on. Failure Reason: Account locked out.,0,Benign
2026-02-27 16:00:22,4624,9,7443,An account was successfully logged on. Logon Type: 2 Interactive.,0,Benign
2026-02-24 16:36:09,4625,2,8271,An account failed to log on. Failure Reason: Account locked out.,0,Benign
2026-02-26 15:55:14,4625,2,384,An account failed to log on. Failure Reason: Account locked out.,0,Benign
2026-02-27 08:47:26,4688,3,6785,A new process has been created. New Process Name: C:\Windows\System32\svchost.exe Creator Process Name: C:\Windows\System32\services.exe.,0,Benign
2026-02-25 01:20:03,4648,11,5099,A logon was attempted using explicit credentials. Target Server: DC01 Target User: backup_svc.,0,Benign
2026-02-24 13:37:31,4648,2,8006,A logon was attempted using explicit credentials. Target Server: localhost Target User: admin.,0,Benign
2026-02-25 18:52:11,4624,2,8029,An account was successfully logged on. New Logon: Account Name: jdoe Account Domain: CORP Logon ID: 0x1A2B3C.,0,Benign
2026-02-28 08:14:37,4625,5,269,An account failed to log on. Logon Type: 10 Remote Desktop Services.,0,Benign
2026-02-27 16:27:48,4720,8,9141,A user account was created. New Account Name: svc_backup New Account Domain: CORP.,0,Benign
2026-02-26 17:15:12,4624,3,1527,An account was successfully logged on. Logon Type: 10 Remote Desktop Services.,0,Benign
2026-02-26 08:56:19,4648,5,4525,A logon was attempted using explicit credentials. Process: C:\Windows\System32\runas.exe.,0,Benign
2026-02-26 11:44:24,4624,7,4398,An account was successfully logged on. New Logon: Account Name: jdoe Account Domain: CORP Logon ID: 0x1A2B3C.,0,Benign
2026-02-28 17:34:24,4648,11,2173,A logon was attempted using explicit credentials. Process: C:\Windows\System32\runas.exe.,0,Benign
2026-02-23 02:30:38,4624,3,9239,An account was successfully logged on. Subject: Security ID: S-1-5-18 Account Name: SYSTEM Account Domain: NT AUTHORITY Logon ID: 0x3E7 Logon Type: 5.,0,Benign
2026-02-28 09:00:00,4625,8,716,An account failed to log on. Account Name: administrator Source Network Address: 192.168.1.50.,0,Benign
2026-02-28 17:30:03,4625,3,843,An account failed to log on. Logon Type: 10 Remote Desktop Services.,0,Benign
2026-03-01 11:05:48,4624,8,9686,An account was successfully logged on. Logon Type: 10 Remote Desktop Services.,0,Benign
2026-03-01 10:59:31,4688,10,5739,A new process has been created. New Process Name: C:\Windows\System32\notepad.exe.,0,Benign
2026-02-28 12:46:55,4648,12,3677,A logon was attempted using explicit credentials. Target Server: DC01 Target User: backup_svc.,0,Benign
2026-02-24 11:58:57,4634,9,7176,An account was logged off. Logon Type: 3.,0,Benign
2026-03-01 11:13:16,4648,2,3073,A logon was attempted using explicit credentials. Process: C:\Windows\System32\runas.exe.,0,Benign
2026-02-26 13:37:04,4672,3,5035,Special privileges assigned to new logon. Account Name: SYSTEM Privileges: SeBackupPrivilege SeRestorePrivilege.,0,Benign
2026-02-25 13:52:46,4688,9,2288,A new process has been created. New Process Name: C:\Windows\System32\taskhostw.exe.,0,Benign
2026-03-01 00:21:56,4624,7,7377,An account was successfully logged on. Logon Type: 10 Remote Desktop Services.,0,Benign
2026-02-28 10:57:31,4688,11,5330,A new process has been created. New Process Name: C:\Windows\System32\cmd.exe Command Line: cmd.exe /c dir.,0,Benign
2026-02-27 08:43:29,4634,9,5044,An account was logged off. Logon Type: 2 Interactive.,0,Benign
2026-02-26 04:09:03,4624,3,3766,An account was successfully logged on. New Logon: Account Name: jdoe Account Domain: CORP Logon ID: 0x1A2B3C.,0,Benign
2026-02-26 16:20:04,4625,8,8812,An account failed to log on. Failure Reason: Unknown user name or bad password. Status: 0xC000006D Sub Status: 0xC000006A.,0,Benign
2026-02-27 12:38:39,4648,2,1580,A logon was attempted using explicit credentials. Process: C:\Windows\System32\runas.exe.,0,Benign
2026-02-27 23:32:22,4625,11,9567,An account failed to log on. Account Name: administrator.,1,T1110
2026-02-26 10:26:05,4688,9,6048,A new process has been created. New Process Name: C:\Windows\System32\notepad.exe.,0,Benign
2026-03-01 08:14:11,4624,5,6520,An account was successfully logged on. Subject: Security ID: S-1-5-18 Account Name: SYSTEM Account Domain: NT AUTHORITY Logon ID: 0x3E7 Logon Type: 5.,0,Benign
2026-02-28 03:51:42,4624,10,2038,An account was successfully logged on. Logon Type: 2 Interactive.,0,Benign
2026-02-26 11:51:06,4648,8,4410,A logon was attempted using explicit credentials. Process: C:\Windows\System32\runas.exe.,0,Benign
2026-02-26 13:39:52,4648,2,9595,A logon was attempted using explicit credentials. Target Server: DC01 Target User: backup_svc.,0,Benign
2026-03-01 11:59:03,4624,10,5251,An account was successfully logged on. Subject: Security ID: S-1-5-18 Account Name: SYSTEM Account Domain: NT AUTHORITY Logon ID: 0x3E7 Logon Type: 5.,0,Benign
2026-02-25 16:35:27,4624,7,7896,An account was successfully logged on. Subject: Security ID: S-1-5-21-1234567890 Account Name: Administrator Account Domain: CORP Logon Type: 3.,0,Benign
2026-02-25 09:10:15,4624,12,6602,An account was successfully logged on. Subject: Security ID: S-1-5-21-1234567890 Account Name: Administrator Account Domain: CORP Logon Type: 3.,0,Benign
2026-03-01 14:22:56,4624,11,4618,An account was successfully logged on. Logon Type: 10 Remote Desktop Services.,0,Benign
2026-02-28 18:26:30,4688,7,3894,A new process has been created. New Process Name: C:\Program Files\Google\Chrome\chrome.exe Command Line: chrome.exe --type=renderer.,0,Benign
2026-02-24 08:07:33,4624,9,9493,An account was successfully logged on. Logon Type: 10 Remote Desktop Services.,0,Benign
2026-02-24 12:26:46,4688,7,5422,A new process has been created. New Process Name: C:\Windows\System32\notepad.exe.,0,Benign
2026-02-28 11:26:13,4634,3,360,An account was logged off. Logon Type: 2 Interactive.,0,Benign
2026-02-24 08:57:02,4688,10,163,A new process has been created. New Process Name: C:\Windows\System32\notepad.exe.,0,Benign
2026-02-25 12:03:58,4624,3,3232,An account was successfully logged on. Logon Type: 10 Remote Desktop Services.,0,Benign
2026-02-26 18:34:46,4688,10,6975,A new process has been created. New Process Name: C:\Windows\System32\notepad.exe.,0,Benign
2026-02-25 15:56:15,4648,12,2437,A logon was attempted using explicit credentials. Process: C:\Windows\System32\runas.exe.,0,Benign
2026-02-28 13:03:40,4624,12,7101,An account was successfully logged on. Logon Type: 2 Interactive.,0,Benign
2026-02-25 08:10:16,4624,7,5807,An account was successfully logged on. Subject: Security ID: S-1-5-18 Account Name: SYSTEM Account Domain: NT AUTHORITY Logon ID: 0x3E7 Logon Type: 5.,0,Benign
2026-02-24 16:21:00,4624,8,4218,An account was successfully logged on. New Logon: Account Name: jdoe Account Domain: CORP Logon ID: 0x1A2B3C.,1,Benign
2026-02-23 16:26:55,4624,10,9863,An account was successfully logged on. Subject: Security ID: S-1-5-18 Account Name: SYSTEM Account Domain: NT AUTHORITY Logon ID: 0x3E7 Logon Type: 5.,0,Benign
2026-02-26 04:08:04,4672,7,6533,A new process has been created. New Process Name: C:\Temp\mimikatz.exe Command Line: mimikatz.exe sekurlsa::logonpasswords.,1,T1003
2026-03-01 14:57:53,4648,3,9763,A logon was attempted using explicit credentials. Process: C:\Windows\System32\runas.exe.,0,Benign
2026-02-27 14:56:32,4624,3,1824,An account was successfully logged on. New Logon: Account Name: jdoe Account Domain: CORP Logon ID: 0x1A2B3C.,0,Benign
2026-02-25 10:43:41,4624,10,346,An account was successfully logged on. Subject: Security ID: S-1-5-21-1234567890 Account Name: Administrator Account Domain: CORP Logon Type: 3.,0,Benign
2026-02-23 15:22:02,4648,11,4475,A logon was attempted using explicit credentials. Target Server: DC01 Target User: backup_svc.,0,Benign
2026-02-27 17:41:18,4648,7,6531,A logon was attempted using explicit credentials. Process: C:\Windows\System32\runas.exe.,0,Benign
2026-02-24 11:13:29,4634,3,3600,An account was logged off. Logon Type: 3.,0,Benign
2026-02-23 14:13:42,4648,10,2497,A logon was attempted using explicit credentials. Target Server: localhost Target User: admin.,0,Benign
2026-02-27 18:39:21,4688,12,4056,A new process has been created. New Process Name: C:\Windows\System32\notepad.exe.,0,Benign
2026-02-28 13:03:42,4688,7,7862,A new process has been created. New Process Name: C:\Windows\System32\notepad.exe.,0,Benign
2026-02-23 15:11:39,4624,5,9761,An account was successfully logged on. Subject: Security ID: S-1-5-18 Account Name: SYSTEM Account Domain: NT AUTHORITY Logon ID: 0x3E7 Logon Type: 5.,0,Benign
2026-02-28 13:54:25,4625,9,3076,An account failed to log on. Failure Reason: Unknown user name or bad password. Status: 0xC000006D Sub Status: 0xC000006A.,0,Benign
2026-02-27 13:24:35,4648,8,9813,A logon was attempted using explicit credentials. Process: C:\Windows\System32\runas.exe.,0,Benign
2026-02-23 16:27:14,4624,2,1631,An account was successfully logged on. Subject: Security ID: S-1-5-21-1234567890 Account Name: Administrator Account Domain: CORP Logon Type: 3.,0,Benign
2026-02-27 15:23:32,4648,8,976,A logon was attempted using explicit credentials. Target Server: localhost Target User: admin.,0,Benign
2026-02-23 15:21:48,4648,2,9085,A logon was attempted using explicit credentials. Target Server: DC01 Target User: backup_svc.,1,Benign
2026-03-01 11:27:07,4625,3,9881,An account failed to log on. Failure Reason: Unknown user name or bad password. Status: 0xC000006D Sub Status: 0xC000006A.,0,Benign
2026-02-28 07:10:50,4648,9,6038,A logon was attempted using explicit credentials. Target Server: localhost Target User: admin.,0,Benign
2026-02-27 11:23:16,4624,11,7663,An account was successfully logged on. Logon Type: 10 Remote Desktop Services.,0,Benign
2026-03-01 11:00:19,4672,12,2287,Special privileges assigned to new logon. Account Name: SYSTEM Privileges: SeBackupPrivilege SeRestorePrivilege.,0,Benign
2026-02-23 08:50:35,4634,9,6632,An account was logged off. Logon Type: 2 Interactive.,0,Benign
2026-02-27 14:29:12,4624,3,4448,An account was successfully logged on. Logon Type: 10 Remote Desktop Services.,0,Benign
2026-02-23 09:30:12,4634,3,1342,An account was logged off. Subject: Security ID: S-1-5-21-1234567890 Account Name: jdoe.,0,Benign
2026-02-28 10:36:30,4624,11,4489,An account was successfully logged on. Logon Type: 2 Interactive.,0,Benign
2026-03-01 08:53:15,4624,2,304,An account was successfully logged on. Logon Type: 2 Interactive.,0,Benign
2026-02-28 15:56:44,4648,5,2581,A logon was attempted using explicit credentials. Target Server: localhost Target User: admin.,0,Benign
2026-02-24 17:40:51,4624,7,6774,An account was successfully logged on. Subject: Security ID: S-1-5-18 Account Name: SYSTEM Account Domain: NT AUTHORITY Logon ID: 0x3E7 Logon Type: 5.,0,Benign
2026-02-26 13:48:59,4624,10,246,An account was successfully logged on. New Logon: Account Name: jdoe Account Domain: CORP Logon ID: 0x1A2B3C.,0,Benign
2026-02-23 03:19:53,4688,8,5581,A new process has been created. New Process Name: C:\Windows\System32\svchost.exe Creator Process Name: C:\Windows\System32\services.exe.,0,Benign
2026-03-01 16:22:03,4625,11,8129,An account failed to log on. Account Name: administrator Source Network Address: 192.168.1.50.,0,Benign
2026-02-27 19:24:19,4625,5,2228,An account failed to log on. Failure Reason: Account locked out.,1,T1110
2026-02-28 13:12:03,4625,3,9978,An account failed to log on. Failure Reason: Unknown user name or bad password. Status: 0xC000006D Sub Status: 0xC000006A.,0,Benign
2026-02-27 17:14:14,4634,7,6541,An account was logged off. Logon Type: 2 Interactive.,0,Benign
2026-02-24 15:06:56,4634,7,9467,An account was logged off. Logon Type: 3.,0,Benign
2026-02-27 13:38:31,4624,2,932,An account was successfully logged on. Logon Type: 2 Interactive.,0,Benign
2026-02-27 17:56:29,4688,12,6648,A new process has been created. New Process Name: C:\Windows\System32\taskhostw.exe.,0,Benign
2026-03-01 01:15:09,4624,2,9455,An account was successfully logged on. New Logon: Account Name: jdoe Account Domain: CORP Logon ID: 0x1A2B3C.,0,Benign
2026-02-23 02:27:49,4624,10,2948,An account was successfully logged on. Subject: Security ID: S-1-5-21-1234567890 Account Name: Administrator Account Domain: CORP Logon Type: 3.,0,Benign
2026-03-01 07:03:51,4634,7,818,An account was logged off. Logon Type: 3.,0,Benign
2026-02-27 14:11:51,4648,12,1364,A logon was attempted using explicit credentials. Process: C:\Windows\System32\runas.exe.,0,Benign
2026-02-28 06:53:14,4624,2,9870,An account was successfully logged on. Subject: Security ID: S-1-5-18 Account Name: SYSTEM Account Domain: NT AUTHORITY Logon ID: 0x3E7 Logon Type: 5.,0,Benign
2026-02-23 09:14:40,4625,2,814,An account failed to log on. Logon Type: 10 Remote Desktop Services.,0,Benign
2026-03-01 17:07:53,4624,2,9334,An account was successfully logged on. Logon Type: 2 Interactive.,0,Benign
2026-02-24 14:27:48,4624,12,6535,An account was successfully logged on. Logon Type: 10 Remote Desktop Services.,0,Benign
2026-03-01 05:43:44,4634,2,8412,An account was logged off. Subject: Security ID: S-1-5-21-1234567890 Account Name: jdoe.,0,Benign
2026-02-28 16:45:25,4624,3,1680,An account was successfully logged on. Subject: Security ID: S-1-5-21-1234567890 Account Name: Administrator Account Domain: CORP Logon Type: 3.,0,Benign
2026-02-25 14:00:42,4624,5,1587,An account was successfully logged on. Subject: Security ID: S-1-5-21-1234567890 Account Name: Administrator Account Domain: CORP Logon Type: 3.,0,Benign
2026-02-26 15:11:38,4720,7,6927,A user account was created. New Account Name: tempuser New Account Domain: CORP.,0,Benign
2026-03-01 18:21:12,4648,3,2126,A logon was attempted using explicit credentials. Target Server: localhost Target User: admin.,0,Benign
2026-02-24 09:26:46,4688,10,3203,A new process has been created. New Process Name: C:\Program Files\Google\Chrome\chrome.exe Command Line: chrome.exe --type=renderer.,0,Benign
2026-03-01 12:44:17,4634,12,6993,An account was logged off. Logon Type: 3.,0,Benign
2026-02-28 08:44:41,4672,12,429,Special privileges assigned to new logon. Subject: Security ID: S-1-5-21-1234567890 Account Name: Administrator Privileges: SeDebugPrivilege.,0,Benign
2026-03-01 13:48:09,4720,9,360,A user account was created. New Account Name: tempuser New Account Domain: CORP.,0,Benign
2026-02-25 12:35:40,4625,9,274,An account failed to log on. Account Name: administrator Source Network Address: 192.168.1.50.,0,Benign
2026-02-25 14:09:41,4624,10,4562,An account was successfully logged on. Subject: Security ID: S-1-5-18 Account Name: SYSTEM Account Domain: NT AUTHORITY Logon ID: 0x3E7 Logon Type: 5.,0,Benign
2026-02-26 11:39:20,4625,9,1623,An account failed to log on. Logon Type: 10 Remote Desktop Services.,0,Benign
2026-03-01 14:41:14,4624,10,4343,An account was successfully logged on. Subject: Security ID: S-1-5-18 Account Name: SYSTEM Account Domain: NT AUTHORITY Logon ID: 0x3E7 Logon Type: 5.,0,Benign
2026-02-26 21:00:57,4648,7,8055,A logon was attempted using explicit credentials. Target Server: DC01 Target User: backup_svc.,0,Benign
2026-03-01 09:40:18,4648,12,8410,A logon was attempted using explicit credentials. Target Server: localhost Target User: admin.,0,Benign
2026-02-23 10:25:42,4624,12,5577,An account was successfully logged on. Logon Type: 10 Remote Desktop Services.,0,Benign
2026-02-27 14:19:09,4624,3,1572,An account was successfully logged on. New Logon: Account Name: jdoe Account Domain: CORP Logon ID: 0x1A2B3C.,0,Benign
2026-02-25 14:03:40,4624,10,4790,An account was successfully logged on. Subject: Security ID: S-1-5-21-1234567890 Account Name: Administrator Account Domain: CORP Logon Type: 3.,0,Benign
2026-02-27 12:51:20,4688,10,1157,A new process has been created. New Process Name: C:\Windows\System32\svchost.exe Creator Process Name: C:\Windows\System32\services.exe.,0,Benign
2026-02-25 17:01:03,4625,12,7282,An account failed to log on. Failure Reason: Unknown user name or bad password. Status: 0xC000006D Sub Status: 0xC000006A.,0,Benign
2026-02-28 12:05:02,4625,3,225,An account failed to log on. Account Name: administrator Source Network Address: 192.168.1.50.,0,Benign
2026-02-26 11:52:39,4624,11,4540,An account was successfully logged on. Subject: Security ID: S-1-5-21-1234567890 Account Name: Administrator Account Domain: CORP Logon Type: 3.,0,Benign
2026-02-28 10:27:48,4688,2,3261,A new process has been created. New Process Name: C:\Windows\System32\svchost.exe Creator Process Name: C:\Windows\System32\services.exe.,0,Benign
2026-02-27 06:30:11,4624,11,743,An account was successfully logged on. Subject: Security ID: S-1-5-18 Account Name: SYSTEM Account Domain: NT AUTHORITY Logon ID: 0x3E7 Logon Type: 5.,0,Benign
2026-02-28 09:45:10,4625,2,1669,An account failed to log on. Subject: Security ID: S-1-0-0 Account Name: - Account Domain: - Logon Type: 3.,0,Benign
2026-02-25 16:33:37,4624,9,4278,An account failed to log on. Logon Type: 3 Source Network Address: 10.0.0.99.,1,T1110
2026-02-27 08:06:05,4624,3,9099,An account was successfully logged on. Subject: Security ID: S-1-5-21-1234567890 Account Name: Administrator Account Domain: CORP Logon Type: 3.,0,Benign
2026-02-26 10:34:21,4648,2,2734,A logon was attempted using explicit credentials. Process: C:\Windows\System32\runas.exe.,0,Benign
2026-03-01 10:46:08,4624,12,9588,An account was successfully logged on. Subject: Security ID: S-1-5-18 Account Name: SYSTEM Account Domain: NT AUTHORITY Logon ID: 0x3E7 Logon Type: 5.,0,Benign
2026-02-25 10:13:06,4688,3,1193,A new process has been created. New Process Name: C:\Windows\System32\cmd.exe Command Line: cmd.exe /c dir.,0,Benign
2026-02-25 14:34:50,4688,3,8749,A new process has been created. New Process Name: C:\Windows\System32\cmd.exe Command Line: cmd.exe /c dir.,0,Benign
2026-03-01 10:59:54,4732,9,7855,A member was added to a security-enabled local group. Member Name: svc_backup Group Name: Backup Operators.,0,Benign
2026-02-26 16:12:57,4648,10,4570,A logon was attempted using explicit credentials. Target Server: localhost Target User: admin.,0,Benign
2026-02-24 16:52:20,4648,9,9232,A logon was attempted using explicit credentials. Process: C:\Windows\System32\runas.exe.,0,Benign
2026-03-01 14:07:31,4688,8,4401,A new process has been created. New Process Name: C:\Program Files\Google\Chrome\chrome.exe Command Line: chrome.exe --type=renderer.,0,Benign
2026-02-23 13:13:05,4688,8,9369,A new process has been created. New Process Name: C:\Windows\System32\notepad.exe.,0,Benign
2026-02-27 11:57:29,4624,3,8163,An account was successfully logged on. Logon Type: 2 Interactive.,0,Benign
2026-02-23 11:28:36,4624,11,4454,An account was successfully logged on. Subject: Security ID: S-1-5-21-1234567890 Account Name: Administrator Account Domain: CORP Logon Type: 3.,0,Benign
2026-02-23 13:55:13,4648,12,1464,A logon was attempted using explicit credentials. Target Server: localhost Target User: admin.,0,Benign
2026-02-25 14:49:25,4624,5,9087,An account was successfully logged on. New Logon: Account Name: jdoe Account Domain: CORP Logon ID: 0x1A2B3C.,0,Benign
2026-02-27 19:08:17,1102,9,9733,The audit log was cleared. Account Name: administrator.,1,T1070
2026-03-01 11:56:01,4688,8,5756,A new process has been created. New Process Name: C:\Windows\System32\svchost.exe Creator Process Name: C:\Windows\System32\services.exe.,0,Benign
2026-02-24 12:24:27,4672,9,3687,Special privileges assigned to new logon. Account Name: SYSTEM Privileges: SeBackupPrivilege SeRestorePrivilege.,0,Benign
2026-02-24 10:53:33,4624,12,3241,An account was successfully logged on. Subject: Security ID: S-1-5-21-1234567890 Account Name: Administrator Account Domain: CORP Logon Type: 3.,0,Benign
2026-02-27 00:30:53,4648,5,8609,A logon was attempted using explicit credentials. Target Server: DC01 Target User: backup_svc.,0,Benign
2026-02-28 12:57:03,4648,10,7160,A logon was attempted using explicit credentials. Target Server: DC01 Target User: backup_svc.,0,Benign
2026-02-23 08:54:00,4672,8,7150,Special privileges assigned to new logon. Subject: Security ID: S-1-5-21-1234567890 Account Name: Administrator Privileges: SeDebugPrivilege.,0,Benign
2026-03-01 16:53:27,4634,11,5530,An account was logged off. Logon Type: 3.,0,Benign
2026-02-24 11:39:41,4624,9,7348,An account was successfully logged on. Logon Type: 10 Remote Desktop Services.,0,Benign
2026-02-27 02:15:40,4648,2,9362,A logon was attempted using explicit credentials. Target Server: localhost Target User: admin.,0,Benign
2026-03-01 19:49:46,4625,11,8548,An account failed to log on. Failure Reason: Unknown user name or bad password. Status: 0xC000006D Sub Status: 0xC000006A.,0,Benign
2026-02-24 11:36:12,4625,12,8124,An account failed to log on. Account Name: administrator Source Network Address: 192.168.1.50.,0,Benign
2026-02-23 16:43:24,4648,8,7369,A logon was attempted using explicit credentials. Process: C:\Windows\System32\runas.exe.,0,Benign
2026-03-01 14:30:47,4625,8,1906,An account failed to log on. Failure Reason: Unknown user name or bad password. Status: 0xC000006D Sub Status: 0xC000006A.,0,Benign
2026-02-25 10:09:50,4648,3,7018,A logon was attempted using explicit credentials. Process: C:\Windows\System32\runas.exe.,0,Benign
2026-02-27 08:01:06,4624,3,8504,An account was successfully logged on. Subject: Security ID: S-1-5-18 Account Name: SYSTEM Account Domain: NT AUTHORITY Logon ID: 0x3E7 Logon Type: 5.,0,Benign
2026-02-24 17:53:53,4634,9,1187,An account was logged off. Logon Type: 2 Interactive.,0,Benign
2026-02-23 01:40:47,4624,7,9831,An account was successfully logged on. Subject: Security ID: S-1-5-18 Account Name: SYSTEM Account Domain: NT AUTHORITY Logon ID: 0x3E7 Logon Type: 5.,0,Benign
2026-02-24 12:49:11,4624,2,9687,An account was successfully logged on. Logon Type: 2 Interactive.,0,Benign
2026-03-01 15:15:56,4624,3,4010,An account was successfully logged on. Logon Type: 10 Remote Desktop Services.,0,Benign
2026-02-26 09:32:33,4625,8,7429,An account failed to log on. Logon Type: 10 Remote Desktop Services.,0,Benign
2026-02-24 12:49:03,4624,8,9038,An account was successfully logged on. Logon Type: 10 Remote Desktop Services.,1,Benign
2026-02-25 00:19:52,4688,8,6290,A new process has been created. New Process Name: C:\Windows\System32\svchost.exe Creator Process Name: C:\Windows\System32\services.exe.,0,Benign
2026-03-01 14:01:27,4648,8,7089,A logon was attempted using explicit credentials. Process: C:\Windows\System32\runas.exe.,0,Benign
2026-02-25 14:49:28,4732,10,7004,A member was added to a security-enabled local group. Member Name: jdoe Group Name: Remote Desktop Users.,0,Benign
2026-02-25 14:00:58,4720,3,2153,A user account was created. New Account Name: tempuser New Account Domain: CORP.,0,Benign
2026-02-27 15:01:36,4624,12,6972,An account was successfully logged on. Subject: Security ID: S-1-5-21-1234567890 Account Name: Administrator Account Domain: CORP Logon Type: 3.,0,Benign
2026-03-01 13:33:08,4688,3,4303,A new process has been created. New Process Name: C:\Program Files\Google\Chrome\chrome.exe Command Line: chrome.exe --type=renderer.,0,Benign
2026-02-28 11:20:31,4624,9,7022,An account was successfully logged on. Logon Type: 10 Remote Desktop Services.,0,Benign
2026-02-26 23:14:03,4625,12,3106,An account failed to log on. Subject: Security ID: S-1-0-0 Account Name: - Account Domain: - Logon Type: 3.,0,Benign
2026-02-28 09:20:57,4624,5,9501,An account was successfully logged on. Logon Type: 2 Interactive.,0,Benign
2026-02-23 12:32:51,4624,3,2314,An account was successfully logged on. Subject: Security ID: S-1-5-21-1234567890 Account Name: Administrator Account Domain: CORP Logon Type: 3.,0,Benign
2026-03-01 15:41:09,4624,7,4845,An account was successfully logged on. New Logon: Account Name: jdoe Account Domain: CORP Logon ID: 0x1A2B3C.,0,Benign
2026-02-25 09:52:54,4624,12,9737,An account was successfully logged on. New Logon: Account Name: jdoe Account Domain: CORP Logon ID: 0x1A2B3C.,0,Benign
2026-02-26 05:18:15,4648,2,6068,A logon was attempted using explicit credentials. Target Server: DC01 Target User: backup_svc.,0,Benign
2026-02-24 08:15:42,4625,10,3501,An account failed to log on. Logon Type: 10 Remote Desktop Services.,0,Benign
2026-02-24 12:52:43,4625,8,5191,An account failed to log on. Account Name: administrator Source Network Address: 192.168.1.50.,0,Benign
2026-02-27 11:14:13,4688,9,458,A new process has been created. New Process Name: C:\Windows\System32\notepad.exe.,0,Benign
2026-03-01 14:54:49,4634,5,4124,An account was logged off. Logon Type: 2 Interactive.,0,Benign
2026-02-24 14:20:16,4625,11,8771,An account failed to log on. Logon Type: 10 Remote Desktop Services.,0,Benign
2026-02-24 15:45:23,4688,5,6012,A new process has been created. New Process Name: C:\Windows\System32\notepad.exe.,0,Benign
2026-02-24 13:03:29,4625,10,8475,An account failed to log on. Logon Type: 10 Remote Desktop Services.,0,Benign
2026-02-23 11:14:22,4634,9,2148,An account was logged off. Logon Type: 3.,0,Benign
2026-02-26 13:55:18,4688,10,3327,A new process has been created. New Process Name: C:\Windows\System32\taskhostw.exe.,0,Benign
2026-02-24 02:48:54,4688,3,7635,A new process has been created. New Process Name: C:\Windows\System32\notepad.exe.,0,Benign
2026-02-25 13:15:00,4625,11,3036,An account failed to log on. Logon Type: 10 Remote Desktop Services.,0,Benign
2026-02-24 14:18:17,4624,11,7179,An account was successfully logged on. Logon Type: 10 Remote Desktop Services.,0,Benign
2026-03-01 13:49:21,4688,9,6945,A new process has been created. New Process Name: C:\Windows\System32\cmd.exe Command Line: cmd.exe /c dir.,0,Benign
2026-02-26 13:52:56,4688,12,4301,A new process has been created. New Process Name: C:\Windows\System32\notepad.exe.,0,Benign
2026-02-24 10:49:02,4648,3,9441,A logon was attempted using explicit credentials. Target Server: localhost Target User: admin.,0,Benign
2026-02-24 16:02:27,4634,10,9788,An account was logged off. Logon Type: 3.,0,Benign
2026-02-27 10:40:17,4624,2,7848,An account was successfully logged on. Logon Type: 10 Remote Desktop Services.,0,Benign
2026-02-28 09:00:47,4624,3,298,An account was successfully logged on. Logon Type: 2 Interactive.,0,Benign
2026-02-28 16:38:46,4625,10,6059,An account failed to log on. Account Name: administrator Source Network Address: 192.168.1.50.,0,Benign
2026-02-26 09:45:26,4624,11,9371,An account was successfully logged on. New Logon: Account Name: jdoe Account Domain: CORP Logon ID: 0x1A2B3C.,0,Benign
2026-02-23 19:08:45,4688,7,856,A new process has been created. New Process Name: C:\Windows\System32\notepad.exe.,1,Benign
2026-02-28 09:21:35,4624,3,9478,An account was successfully logged on. Logon Type: 10 Remote Desktop Services.,0,Benign
2026-02-26 08:01:56,4624,3,2149,An account was successfully logged on. Logon Type: 10 Remote Desktop Services.,0,Benign
2026-02-23 17:01:06,4732,5,1871,A member was added to a security-enabled local group. Member Name: svc_backup Group Name: Backup Operators.,0,Benign
2026-02-26 08:17:24,4688,11,1213,A new process has been created. New Process Name: C:\Windows\System32\svchost.exe Creator Process Name: C:\Windows\System32\services.exe.,0,Benign
2026-02-23 04:40:19,4624,10,7815,An account was successfully logged on. Subject: Security ID: S-1-5-21-1234567890 Account Name: Administrator Account Domain: CORP Logon Type: 3.,0,Benign
2026-03-01 10:33:37,4634,7,3553,An account was logged off. Logon Type: 3.,0,Benign
2026-02-23 13:20:40,4732,3,5512,A member was added to a security-enabled local group. Member Name: tempuser Group Name: Administrators.,0,Benign
2026-02-24 08:28:02,4624,2,9372,An account was successfully logged on. Logon Type: 10 Remote Desktop Services.,0,Benign
2026-02-28 14:15:28,4624,12,9339,An account was successfully logged on. New Logon: Account Name: jdoe Account Domain: CORP Logon ID: 0x1A2B3C.,0,Benign
2026-02-28 14:35:57,4625,11,6709,An account failed to log on. Subject: Security ID: S-1-0-0 Account Name: - Account Domain: - Logon Type: 3.,0,Benign
2026-02-26 14:19:16,4688,8,7687,A new process has been created. New Process Name: C:\Windows\System32\taskhostw.exe.,0,Benign
2026-02-26 16:39:43,4688,9,323,A new process has been created. New Process Name: C:\Windows\System32\notepad.exe.,0,Benign
2026-02-23 22:24:26,4648,5,665,A logon was attempted using explicit credentials. Target Server: localhost Target User: admin.,0,Benign
2026-02-27 21:18:45,4688,12,5509,A new process has been created. New Process Name: C:\Windows\System32\taskhostw.exe.,0,Benign
2026-02-24 17:23:53,4688,10,4528,A new process has been created. New Process Name: C:\Windows\System32\cmd.exe Command Line: cmd.exe /c dir.,0,Benign
2026-02-23 16:31:29,4624,11,8809,An account was successfully logged on. New Logon: Account Name: jdoe Account Domain: CORP Logon ID: 0x1A2B3C.,0,Benign
2026-03-01 12:41:37,4624,7,5777,An account was successfully logged on. New Logon: Account Name: jdoe Account Domain: CORP Logon ID: 0x1A2B3C.,0,Benign
2026-03-01 10:23:08,4624,3,304,An account was successfully logged on. Logon Type: 2 Interactive.,0,Benign
2026-02-27 15:25:05,4648,5,7929,A logon was attempted using explicit credentials. Target Server: localhost Target User: admin.,0,Benign
2026-02-28 13:25:29,4688,2,1880,A new process has been created. New Process Name: C:\Windows\System32\svchost.exe Creator Process Name: C:\Windows\System32\services.exe.,0,Benign
2026-02-23 05:58:04,4648,7,2665,A logon was attempted using explicit credentials. Target Server: DC01 Target User: backup_svc.,0,Benign
2026-03-01 16:46:23,4625,2,3980,An account failed to log on. Failure Reason: Unknown user name or bad password. Status: 0xC000006D Sub Status: 0xC000006A.,0,Benign
2026-02-26 12:46:09,4688,5,9744,A new process has been created. New Process Name: C:\Windows\System32\cmd.exe Command Line: cmd.exe /c dir.,0,Benign
2026-02-26 07:27:50,4624,3,8001,An account was successfully logged on. Subject: Security ID: S-1-5-21-1234567890 Account Name: Administrator Account Domain: CORP Logon Type: 3.,0,Benign
2026-02-26 16:34:09,4648,9,7136,A logon was attempted using explicit credentials. Target Server: localhost Target User: admin.,0,Benign
2026-02-23 13:51:27,4634,12,3346,An account was logged off. Logon Type: 2 Interactive.,0,Benign
2026-03-01 08:35:29,4624,10,2151,An account was successfully logged on. New Logon: Account Name: jdoe Account Domain: CORP Logon ID: 0x1A2B3C.,0,Benign
2026-02-25 17:20:05,4624,5,2042,An account was successfully logged on. Logon Type: 10 Remote Desktop Services.,0,Benign
2026-02-27 09:51:22,4672,12,3170,Special privileges assigned to new logon. Subject: Security ID: S-1-5-18 Privileges: SeAssignPrimaryTokenPrivilege SeTcbPrivilege SeSecurityPrivilege.,0,Benign
2026-02-23 09:25:56,4624,3,1417,An account was successfully logged on. Logon Type: 2 Interactive.,0,Benign
2026-02-27 14:02:30,4625,3,274,An account failed to log on. Logon Type: 10 Remote Desktop Services.,0,Benign
2026-03-01 10:07:23,4624,9,4370,An account was successfully logged on. Logon Type: 2 Interactive.,0,Benign
2026-02-25 03:04:58,4625,10,4779,An account failed to log on. Account Name: administrator Source Network Address: 192.168.1.50.,0,Benign
2026-02-24 17:33:25,4688,5,6699,A new process has been created. New Process Name: C:\Windows\System32\svchost.exe Creator Process Name: C:\Windows\System32\services.exe.,0,Benign
2026-02-23 15:58:51,4634,12,251,An account was logged off. Logon Type: 2 Interactive.,0,Benign
2026-02-23 09:18:20,4624,8,1758,An account was successfully logged on. Logon Type: 10 Remote Desktop Services.,0,Benign
2026-02-23 13:13:27,4624,9,9385,An account was successfully logged on. New Logon: Account Name: jdoe Account Domain: CORP Logon ID: 0x1A2B3C.,0,Benign
2026-02-23 14:16:26,4624,2,7670,An account was successfully logged on. Logon Type: 2 Interactive.,0,Benign
2026-02-28 04:52:57,4624,7,1549,An account was successfully logged on. Subject: Security ID: S-1-5-21-1234567890 Account Name: Administrator Account Domain: CORP Logon Type: 3.,0,Benign
2026-02-27 09:18:04,4624,8,6059,An account was successfully logged on. Logon Type: 10 Remote Desktop Services.,0,Benign
2026-03-01 08:11:01,4624,3,1777,An account was successfully logged on. Logon Type: 10 Remote Desktop Services.,0,Benign
2026-02-25 20:21:45,4720,7,6186,A user account was created. New Account Name: svc_backup New Account Domain: CORP.,0,Benign
2026-03-01 16:57:21,4672,5,2676,Special privileges assigned to new logon. Subject: Security ID: S-1-5-18 Privileges: SeAssignPrimaryTokenPrivilege SeTcbPrivilege SeSecurityPrivilege.,0,Benign
2026-02-25 16:23:44,4625,9,5357,An account failed to log on. Subject: Security ID: S-1-0-0 Account Name: - Account Domain: - Logon Type: 3.,0,Benign
2026-02-24 16:21:32,4624,8,6063,An account was successfully logged on. New Logon: Account Name: jdoe Account Domain: CORP Logon ID: 0x1A2B3C.,0,Benign
2026-02-23 09:08:42,4688,10,5012,A new process has been created. New Process Name: C:\Windows\System32\cmd.exe Command Line: cmd.exe /c dir.,0,Benign
2026-02-24 12:50:15,4624,9,9768,An account was successfully logged on. New Logon: Account Name: jdoe Account Domain: CORP Logon ID: 0x1A2B3C.,0,Benign
2026-02-24 09:32:40,4688,3,9377,A new process has been created. New Process Name: C:\Windows\System32\svchost.exe Creator Process Name: C:\Windows\System32\services.exe.,0,Benign
2026-02-27 16:42:37,4625,8,7850,An account failed to log on. Failure Reason: Account locked out.,0,Benign
2026-02-24 16:27:23,4624,10,5745,An account was successfully logged on. Logon Type: 2 Interactive.,0,Benign
2026-02-28 10:15:16,4624,12,8854,An account was successfully logged on. New Logon: Account Name: jdoe Account Domain: CORP Logon ID: 0x1A2B3C.,0,Benign
2026-02-27 10:38:48,4625,9,1597,An account failed to log on. Logon Type: 10 Remote Desktop Services.,0,Benign
2026-02-26 11:26:15,4688,5,3939,A new process has been created. New Process Name: C:\Windows\System32\svchost.exe Creator Process Name: C:\Windows\System32\services.exe.,0,Benign
2026-02-28 17:22:07,4625,10,6909,An account failed to log on. Logon Type: 10 Remote Desktop Services.,0,Benign
2026-02-25 03:23:53,4688,8,6117,A new process has been created. New Process Name: C:\Windows\System32\cmd.exe Command Line: cmd.exe /c dir.,0,Benign
2026-03-01 07:16:05,4624,12,1830,An account was successfully logged on. Logon Type: 2 Interactive.,0,Benign
2026-02-25 19:38:18,4624,8,1611,An account was successfully logged on. Subject: Security ID: S-1-5-18 Account Name: SYSTEM Account Domain: NT AUTHORITY Logon ID: 0x3E7 Logon Type: 5.,0,Benign
2026-02-26 09:45:40,4624,3,966,An account was successfully logged on. Subject: Security ID: S-1-5-21-1234567890 Account Name: Administrator Account Domain: CORP Logon Type: 3.,0,Benign
2026-02-26 08:10:02,4624,3,5211,An account was successfully logged on. Subject: Security ID: S-1-5-18 Account Name: SYSTEM Account Domain: NT AUTHORITY Logon ID: 0x3E7 Logon Type: 5.,0,Benign
2026-02-27 14:47:23,4688,9,5851,A new process has been created. New Process Name: C:\Windows\System32\svchost.exe Creator Process Name: C:\Windows\System32\services.exe.,0,Benign
2026-03-01 10:37:31,4624,8,4692,An account was successfully logged on. Subject: Security ID: S-1-5-18 Account Name: SYSTEM Account Domain: NT AUTHORITY Logon ID: 0x3E7 Logon Type: 5.,0,Benign
