2026-02-24 23:35:26,4732,12,7514,A member was added to a security-enabled local group. Member Name: svc_backup Group Name: Backup Operators.,0,Benign
2026-02-26 16:11:28,4624,3,8142,An account was successfully logged on. New Logon: Account Name: jdoe Account Domain: CORP Logon ID: 0x1A2B3C.,0,Benign
2026-02-23 17:01:09,4625,5,5868,An account failed to log on. Failure Reason: Unknown user name or bad password. Status: 0xC000006D Sub Status: 0xC000006A.,0,Benign
2026-02-28 22:13:48,4624,12,5180,An account was successfully logged on. New Logon: Account Name: jdoe Account Domain: CORP Logon ID: 0x1A2B3C.,0,Benign
2026-02-23 14:18:32,4624,8,198,An account was successfully logged on. Subject: Security ID: S-1-5-18 Account Name: SYSTEM Account Domain: NT AUTHORITY Logon ID: 0x3E7 Logon Type: 5.,0,Benign
2026-03-01 13:36:14,4688,8,3460,A new process has been created. New Process Name: C:\Program Files\Google\Chrome\chrome.exe Command Line: chrome.exe --type=renderer.,0,Benign
2026-02-26 14:15:54,4625,12,629,An account failed to log on. Subject: Security ID: S-1-0-0 Account Name: - Account Domain: - Logon Type: 3.,0,Benign
2026-02-25 08:39:22,4688,11,8039,A new process has been created. New Process Name: C:\Program Files\Google\Chrome\chrome.exe Command Line: chrome.exe --type=renderer.,0,Benign
2026-02-23 16:43:26,4624,2,4815,An account was successfully logged on. Logon Type: 2 Interactive.,0,Benign
2026-03-01 15:05:40,4648,12,4837,A logon was attempted using explicit credentials. Process: C:\Windows\System32\runas.exe.,0,Benign
2026-02-23 14:06:17,4672,7,6757,Special privileges assigned to new logon. Subject: Security ID: S-1-5-18 Privileges: SeAssignPrimaryTokenPrivilege SeTcbPrivilege SeSecurityPrivilege.,0,Benign
2026-02-26 17:19:06,4624,11,5486,An account was successfully logged on. New Logon: Account Name: jdoe Account Domain: CORP Logon ID: 0x1A2B3C.,0,Benign
2026-02-25 11:55:14,4688,5,3766,A new process has been created. New Process Name: C:\Windows\System32\notepad.exe.,0,Benign
2026-02-24 03:52:08,4625,5,5748,An account failed to log on. Account Name: administrator Source Network Address: 192.168.1.50.,0,Benign
2026-02-27 17:47:27,4648,11,1563,A logon was attempted using explicit credentials. Target Server: DC01 Target User: backup_svc.,0,Benign
2026-02-27 16:30:04,4720,9,6655,A user account was created. New Account Name: test_account.,0,Benign
2026-02-26 12:18:06,4624,10,2095,An account was successfully logged on. Logon Type: 2 Interactive.,0,Benign
2026-02-24 09:13:08,4624,9,7414,An account was successfully logged on. Subject: Security ID: S-1-5-18 Account Name: SYSTEM Account Domain: NT AUTHORITY Logon ID: 0x3E7 Logon Type: 5.,0,Benign
2026-02-27 08:56:19,4625,9,4621,An account failed to log on. Subject: Security ID: S-1-0-0 Account Name: - Account Domain: - Logon Type: 3.,0,Benign
2026-02-27 14:51:43,4634,9,7375,An account was logged off. Subject: Security ID: S-1-5-21-1234567890 Account Name: jdoe.,0,Benign
2026-02-27 08:10:47,4624,10,9683,An account was successfully logged on. Logon Type: 10 Remote Desktop Services.,0,Benign
2026-02-26 22:28:05,4634,9,9399,An account was logged off. Logon Type: 2 Interactive.,0,Benign
2026-02-27 01:38:54,4624,5,3497,An account was successfully logged on. Subject: Security ID: S-1-5-21-1234567890 Account Name: Administrator Account Domain: CORP Logon Type: 3.,0,Benign
2026-03-01 13:46:05,4624,3,6067,An account was successfully logged on. Subject: Security ID: S-1-5-21-1234567890 Account Name: Administrator Account Domain: CORP Logon Type: 3.,0,Benign
2026-02-25 16:38:51,4688,2,6528,A new process has been created. New Process Name: C:\Windows\System32\notepad.exe.,0,Benign
2026-03-01 12:45:19,4624,8,9320,An account was successfully logged on. New Logon: Account Name: jdoe Account Domain: CORP Logon ID: 0x1A2B3C.,0,Benign
2026-02-24 11:31:08,4624,2,6206,An account was successfully logged on. Logon Type: 10 Remote Desktop Services.,0,Benign
2026-02-23 11:18:43,4688,2,6703,A new process has been created. New Process Name: C:\Windows\System32\taskhostw.exe.,0,Benign
2026-02-27 09:25:03,4688,8,8496,A new process has been created. New Process Name: C:\Windows\System32\taskhostw.exe.,0,Benign
2026-03-01 16:14:45,4672,7,9820,Special privileges assigned to new logon. Subject: Security ID: S-1-5-18 Privileges: SeAssignPrimaryTokenPrivilege SeTcbPrivilege SeSecurityPrivilege.,0,Benign
2026-03-01 13:39:16,4624,7,3071,An account was successfully logged on. New Logon: Account Name: jdoe Account Domain: CORP Logon ID: 0x1A2B3C.,0,Benign
2026-02-26 06:32:54,4624,10,7308,An account was successfully logged on. Logon Type: 10 Remote Desktop Services.,0,Benign
2026-02-25 16:25:58,4672,11,1220,Special privileges assigned to new logon. Subject: Security ID: S-1-5-21-1234567890 Account Name: Administrator Privileges: SeDebugPrivilege.,0,Benign
2026-02-28 17:06:25,4648,2,2536,A logon was attempted using explicit credentials. Target Server: DC01 Target User: backup_svc.,0,Benign
2026-02-26 14:56:21,4625,2,4309,An account failed to log on. Logon Type: 10 Remote Desktop Services.,0,Benign
2026-02-23 06:07:09,4624,12,5731,An account was successfully logged on. Logon Type: 2 Interactive.,0,Benign
2026-02-25 10:16:29,4624,3,9363,An account was successfully logged on. Subject: Security ID: S-1-5-18 Account Name: SYSTEM Account Domain: NT AUTHORITY Logon ID: 0x3E7 Logon Type: 5.,0,Benign
2026-02-28 13:17:13,4624,3,4288,An account was successfully logged on. Logon Type: 10 Remote Desktop Services.,0,Benign
2026-02-27 08:28:41,4732,7,2921,A member was added to a security-enabled local group. Member Name: svc_backup Group Name: Backup Operators.,0,Benign
2026-02-26 17:39:03,4634,11,9288,An account was logged off. Subject: Security ID: S-1-5-21-1234567890 Account Name: jdoe.,0,Benign
2026-02-27 11:43:35,4625,2,9928,An account failed to log on. Failure Reason: Account locked out.,0,Benign
2026-02-24 13:53:07,4624,5,1188,An account was successfully logged on. Logon Type: 2 Interactive.,0,Benign
2026-02-25 09:05:02,4732,8,4011,A member was added to a security-enabled local group. Member Name: svc_backup Group Name: Backup Operators.,0,Benign
2026-02-24 11:41:50,4625,7,4419,An account failed to log on. Subject: Security ID: S-1-0-0 Account Name: - Account Domain: - Logon Type: 3.,0,Benign
2026-02-23 17:38:22,4625,12,7228,An account failed to log on. Subject: Security ID: S-1-0-0 Account Name: - Account Domain: - Logon Type: 3.,0,Benign
2026-02-25 09:54:24,4624,9,3149,An account was successfully logged on. Subject: Security ID: S-1-5-18 Account Name: SYSTEM Account Domain: NT AUTHORITY Logon ID: 0x3E7 Logon Type: 5.,0,Benign
2026-02-27 10:38:54,4624,11,884,An account was successfully logged on. Subject: Security ID: S-1-5-18 Account Name: SYSTEM Account Domain: NT AUTHORITY Logon ID: 0x3E7 Logon Type: 5.,0,Benign
2026-02-24 12:07:31,4648,2,4686,A logon was attempted using explicit credentials. Process: C:\Windows\System32\runas.exe.,0,Benign
2026-02-26 11:18:48,4624,8,7382,An account was successfully logged on. Subject: Security ID: S-1-5-21-1234567890 Account Name: Administrator Account Domain: CORP Logon Type: 3.,0,Benign
2026-03-01 16:36:31,4624,5,2552,An account was successfully logged on. Logon Type: 2 Interactive.,0,Benign
2026-03-01 16:56:40,4672,10,4415,Special privileges assigned to new logon. Subject: Security ID: S-1-5-18 Privileges: SeAssignPrimaryTokenPrivilege SeTcbPrivilege SeSecurityPrivilege.,0,Benign
2026-02-27 09:15:38,4624,8,3821,An account was successfully logged on. Subject: Security ID: S-1-5-18 Account Name: SYSTEM Account Domain: NT AUTHORITY Logon ID: 0x3E7 Logon Type: 5.,0,Benign
2026-02-28 09:41:59,4624,9,2376,An account was successfully logged on. Logon Type: 2 Interactive.,0,Benign
2026-03-01 11:11:26,4625,5,3306,An account failed to log on. Failure Reason: Unknown user name or bad password. Status: 0xC000006D Sub Status: 0xC000006A.,0,Benign
2026-03-01 14:05:09,4624,8,7861,An account was successfully logged on. Logon Type: 2 Interactive.,0,Benign
2026-02-23 12:58:40,4624,8,8838,An account was successfully logged on. New Logon: Account Name: jdoe Account Domain: CORP Logon ID: 0x1A2B3C.,0,Benign
2026-02-27 19:06:33,4634,2,8265,An account was logged off. Subject: Security ID: S-1-5-21-1234567890 Account Name: jdoe.,0,Benign
2026-03-01 10:24:08,4634,11,5633,An account was logged off. Logon Type: 3.,0,Benign
2026-02-28 02:32:19,4625,9,6923,An account failed to log on. Logon Type: 10 Remote Desktop Services.,0,Benign
2026-02-27 10:32:28,4648,7,1408,A logon was attempted using explicit credentials. Process: C:\Windows\System32\runas.exe.,0,Benign
2026-02-23 09:03:01,4624,9,125,An account was successfully logged on. Logon Type: 2 Interactive.,0,Benign
2026-02-25 15:16:25,4624,2,3937,An account was successfully logged on. Logon Type: 2 Interactive.,0,Benign
2026-02-26 15:08:38,4624,9,4163,An account was successfully logged on. New Logon: Account Name: jdoe Account Domain: CORP Logon ID: 0x1A2B3C.,0,Benign
2026-02-24 11:05:57,4624,9,8168,An account was successfully logged on. Subject: Security ID: S-1-5-18 Account Name: SYSTEM Account Domain: NT AUTHORITY Logon ID: 0x3E7 Logon Type: 5.,0,Benign
2026-02-25 11:02:14,4624,7,9909,An account was successfully logged on. Subject: Security ID: S-1-5-18 Account Name: SYSTEM Account Domain: NT AUTHORITY Logon ID: 0x3E7 Logon Type: 5.,0,Benign
2026-03-01 13:15:25,4624,5,8384,An account was successfully logged on. Subject: Security ID: S-1-5-18 Account Name: SYSTEM Account Domain: NT AUTHORITY Logon ID: 0x3E7 Logon Type: 5.,0,Benign
2026-02-28 14:04:12,4634,8,566,An account was logged off. Logon Type: 2 Interactive.,0,Benign
2026-03-01 06:58:04,4625,5,4602,An account failed to log on. Account Name: administrator Source Network Address: 192.168.1.50.,0,Benign
2026-02-24 16:11:37,4672,3,1987,Special privileges assigned to new logon. Subject: Security ID: S-1-5-18 Privileges: SeAssignPrimaryTokenPrivilege SeTcbPrivilege SeSecurityPrivilege.,0,Benign
2026-02-27 12:21:08,4688,3,1662,A new process has been created. New Process Name: C:\Windows\System32\taskhostw.exe.,0,Benign
2026-02-23 08:54:20,4624,2,1813,An account was successfully logged on. Subject: Security ID: S-1-5-18 Account Name: SYSTEM Account Domain: NT AUTHORITY Logon ID: 0x3E7 Logon Type: 5.,0,Benign
2026-02-27 14:55:29,4624,2,3299,An account was successfully logged on. New Logon: Account Name: jdoe Account Domain: CORP Logon ID: 0x1A2B3C.,0,Benign
2026-02-25 09:05:09,4624,11,971,An account was successfully logged on. New Logon: Account Name: jdoe Account Domain: CORP Logon ID: 0x1A2B3C.,0,Benign
2026-02-24 14:27:50,4732,12,7697,A member was added to a security-enabled local group. Member Name: jdoe Group Name: Remote Desktop Users.,0,Benign
2026-02-27 16:18:42,4624,9,4369,An account was successfully logged on. Logon Type: 10 Remote Desktop Services.,0,Benign
2026-02-27 09:36:09,4624,2,3314,An account was successfully logged on. Logon Type: 2 Interactive.,0,Benign
2026-02-23 11:23:25,4688,2,3780,A new process has been created. New Process Name: C:\Windows\System32\cmd.exe Command Line: cmd.exe /c dir.,0,Benign
2026-02-27 12:34:34,4624,2,8165,An account was successfully logged on. Subject: Security ID: S-1-5-21-1234567890 Account Name: Administrator Account Domain: CORP Logon Type: 3.,0,Benign
2026-02-28 13:55:21,4688,8,1125,A new process has been created. New Process Name: C:\Program Files\Google\Chrome\chrome.exe Command Line: chrome.exe --type=renderer.,0,Benign
2026-02-28 10:43:14,4624,7,3070,An account was successfully logged on. Subject: Security ID: S-1-5-18 Account Name: SYSTEM Account Domain: NT AUTHORITY Logon ID: 0x3E7 Logon Type: 5.,0,Benign
2026-02-23 15:25:34,4648,5,9745,A logon was attempted using explicit credentials. Process: C:\Windows\System32\runas.exe.,0,Benign
2026-02-28 16:44:04,4624,11,6817,An account was successfully logged on. Subject: Security ID: S-1-5-18 Account Name: SYSTEM Account Domain: NT AUTHORITY Logon ID: 0x3E7 Logon Type: 5.,0,Benign
2026-03-01 00:43:15,4672,10,9143,Special privileges assigned to new logon. Subject: Security ID: S-1-5-21-1234567890 Account Name: Administrator Privileges: SeDebugPrivilege.,0,Benign
2026-02-27 12:36:27,4720,7,4554,A user account was created. New Account Name: svc_backup New Account Domain: CORP.,0,Benign
2026-02-23 16:45:09,4624,3,944,An account was successfully logged on. Logon Type: 10 Remote Desktop Services.,0,Benign
2026-02-25 20:34:06,4634,3,5359,An account was logged off. Logon Type: 2 Interactive.,0,Benign
2026-02-27 15:54:15,4624,2,2008,An account was successfully logged on. Logon Type: 10 Remote Desktop Services.,0,Benign
2026-02-25 20:14:34,4624,10,4793,An account was successfully logged on. Logon Type: 2 Interactive.,0,Benign
2026-02-23 04:35:38,4688,2,7257,A new process has been created. New Process Name: C:\Program Files\Google\Chrome\chrome.exe Command Line: chrome.exe --type=renderer.,0,Benign
2026-03-01 16:55:02,4648,7,5393,A logon was attempted using explicit credentials. Process: C:\Windows\System32\runas.exe.,0,Benign
2026-02-26 14:40:57,4624,11,3870,An account was successfully logged on. Logon Type: 10 Remote Desktop Services.,0,Benign
2026-02-28 01:38:56,4688,3,6784,A new process has been created. New Process Name: C:\Program Files\Google\Chrome\chrome.exe Command Line: chrome.exe --type=renderer.,0,Benign
2026-02-23 16:48:01,4688,11,1901,A new process has been created. New Process Name: C:\Windows\System32\powershell.exe Command Line: powershell -enc SQBFAFgA.,0,Benign
2026-02-24 16:07:16,4624,9,7757,An account was successfully logged on. Subject: Security ID: S-1-5-18 Account Name: SYSTEM Account Domain: NT AUTHORITY Logon ID: 0x3E7 Logon Type: 5.,0,Benign
2026-02-24 14:18:40,4672,5,2075,Special privileges assigned to new logon. Subject: Security ID: S-1-5-21-1234567890 Account Name: Administrator Privileges: SeDebugPrivilege.,0,Benign
2026-02-24 12:56:28,4624,10,9117,An account was successfully logged on. Logon Type: 2 Interactive.,0,Benign
2026-02-25 13:51:13,4624,7,6398,An account was successfully logged on. Subject: Security ID: S-1-5-21-1234567890 Account Name: Administrator Account Domain: CORP Logon Type: 3.,0,Benign
2026-02-25 17:09:46,4624,10,1980,An account was successfully logged on. Subject: Security ID: S-1-5-18 Account Name: SYSTEM Account Domain: NT AUTHORITY Logon ID: 0x3E7 Logon Type: 5.,0,Benign
2026-03-01 15:05:02,4625,7,5601,An account failed to log on. Failure Reason: Account locked out.,0,Benign
2026-02-24 17:41:32,4634,7,694,An account was logged off. Subject: Security ID: S-1-5-21-1234567890 Account Name: jdoe.,0,Benign
2026-02-25 14:51:52,4624,7,9444,An account was successfully logged on. Logon Type: 2 Interactive.,0,Benign
2026-02-27 11:08:51,4624,8,2177,An account was successfully logged on. New Logon: Account Name: jdoe Account Domain: CORP Logon ID: 0x1A2B3C.,0,Benign
2026-02-26 17:52:42,4672,8,3183,Special privileges assigned to new logon. Account Name: SYSTEM Privileges: SeBackupPrivilege SeRestorePrivilege.,0,Benign
2026-03-01 16:11:30,4625,11,7709,An account failed to log on. Logon Type: 10 Remote Desktop Services.,0,Benign
2026-02-27 10:41:53,4624,2,1630,An account was successfully logged on. Subject: Security ID: S-1-5-21-1234567890 Account Name: Administrator Account Domain: CORP Logon Type: 3.,0,Benign
2026-02-27 05:57:38,4634,12,4010,An account was logged off. Logon Type: 3.,0,Benign
2026-03-01 08:36:57,4688,5,2928,A new process has been created. New Process Name: C:\Windows\System32\taskhostw.exe.,0,Benign
2026-03-01 11:42:33,4648,9,1342,A logon was attempted using explicit credentials. Process: C:\Windows\System32\runas.exe.,0,Benign
2026-02-25 12:45:24,4625,9,2538,An account failed to log on. Logon Type: 10 Remote Desktop Services.,0,Benign
2026-03-01 03:59:28,4624,12,9679,An account was successfully logged on. Subject: Security ID: S-1-5-18 Account Name: SYSTEM Account Domain: NT AUTHORITY Logon ID: 0x3E7 Logon Type: 5.,0,Benign
2026-02-23 09:42:15,4624,2,2047,An account was successfully logged on. Subject: Security ID: S-1-5-21-1234567890 Account Name: Administrator Account Domain: CORP Logon Type: 3.,0,Benign
2026-03-01 15:37:30,4648,11,4888,A logon was attempted using explicit credentials. Target Server: DC01 Target User: backup_svc.,0,Benign
2026-02-28 15:06:15,4624,2,7120,An account was successfully logged on. Logon Type: 2 Interactive.,0,Benign
2026-02-28 10:32:47,4624,11,9977,An account was successfully logged on. Subject: Security ID: S-1-5-18 Account Name: SYSTEM Account Domain: NT AUTHORITY Logon ID: 0x3E7 Logon Type: 5.,0,Benign
2026-02-26 08:10:04,4624,8,3887,An account was successfully logged on. Logon Type: 2 Interactive.,0,Benign
2026-02-27 13:37:25,4634,12,4146,An account was logged off. Logon Type: 2 Interactive.,0,Benign
2026-02-23 15:02:32,4688,10,2598,A new process has been created. New Process Name: C:\Program Files\Google\Chrome\chrome.exe Command Line: chrome.exe --type=renderer.,0,Benign
2026-02-24 15:03:10,4624,2,8331,An account was successfully logged on. Logon Type: 2 Interactive.,0,Benign
2026-02-25 12:02:59,4624,9,3551,An account was successfully logged on. Logon Type: 2 Interactive.,0,Benign
2026-02-26 14:06:37,4624,5,8133,An account was successfully logged on. New Logon: Account Name: jdoe Account Domain: CORP Logon ID: 0x1A2B3C.,0,Benign
2026-02-28 23:51:35,4624,5,1865,An account was successfully logged on. Logon Type: 3 New Logon: admin.,1,T1046
2026-03-01 08:10:07,4624,5,7841,An account was successfully logged on. Subject: Security ID: S-1-5-21-1234567890 Account Name: Administrator Account Domain: CORP Logon Type: 3.,1,Benign
2026-02-24 11:27:07,4688,12,1778,A new process has been created. New Process Name: C:\Windows\System32\cmd.exe Command Line: cmd.exe /c dir.,1,Benign
2026-03-01 09:39:44,4624,2,6484,An account was successfully logged on. New Logon: Account Name: jdoe Account Domain: CORP Logon ID: 0x1A2B3C.,0,Benign
2026-02-24 00:06:10,4624,3,9393,An account was successfully logged on. Logon Type: 10 Remote Desktop Services.,0,Benign
2026-02-26 10:25:37,4688,12,1047,A new process has been created. New Process Name: C:\Windows\System32\taskhostw.exe.,1,Benign
2026-02-23 03:07:47,4634,2,186,An account was logged off. Logon Type: 2 Interactive.,0,Benign
2026-02-28 03:20:12,4624,10,8301,An account was successfully logged on. Logon Type: 10 Remote Desktop Services.,0,Benign
2026-02-24 23:42:56,4624,2,7962,An account was successfully logged on. Subject: Security ID: S-1-5-18 Account Name: SYSTEM Account Domain: NT AUTHORITY Logon ID: 0x3E7 Logon Type: 5.,0,Benign
2026-03-01 08:44:05,4624,5,8916,An account was successfully logged on. Logon Type: 10 Remote Desktop Services.,0,Benign
2026-02-27 13:51:57,4625,11,6014,An account failed to log on. Account Name: administrator Source Network Address: 192.168.1.50.,0,Benign
2026-02-24 01:17:10,4720,11,4701,A user account was created. New Account Name: tempuser New Account Domain: CORP.,0,Benign
2026-02-24 07:47:14,4624,3,1026,An account was successfully logged on. New Logon: Account Name: jdoe Account Domain: CORP Logon ID: 0x1A2B3C.,0,Benign
2026-02-26 16:27:34,4625,2,1646,An account failed to log on. Account Name: administrator Source Network Address: 192.168.1.50.,0,Benign
2026-02-25 03:02:39,4624,11,1208,An account was successfully logged on. Subject: Security ID: S-1-5-21-1234567890 Account Name: Administrator Account Domain: CORP Logon Type: 3.,0,Benign
2026-02-23 04:10:23,4688,7,6469,A new process has been created. New Process Name: C:\Program Files\Google\Chrome\chrome.exe Command Line: chrome.exe --type=renderer.,0,Benign
2026-02-26 15:15:05,4624,5,5277,An account was successfully logged on. Logon Type: 10 Remote Desktop Services.,0,Benign
2026-02-24 15:54:42,4648,8,3176,A logon was attempted using explicit credentials. Target Server: localhost Target User: admin.,0,Benign
2026-02-24 06:17:21,4688,3,5629,A new process has been created. New Process Name: C:\Program Files\Google\Chrome\chrome.exe Command Line: chrome.exe --type=renderer.,0,Benign
2026-02-27 10:23:08,4624,2,5000,An account was successfully logged on. Subject: Security ID: S-1-5-18 Account Name: SYSTEM Account Domain: NT AUTHORITY Logon ID: 0x3E7 Logon Type: 5.,1,Benign
2026-02-25 12:42:57,4625,2,6197,An account failed to log on. Subject: Security ID: S-1-0-0 Account Name: - Account Domain: - Logon Type: 3.,0,Benign
2026-02-27 15:07:07,4624,2,9524,An account was successfully logged on. Logon Type: 2 Interactive.,0,Benign
2026-02-27 16:21:36,4624,8,7414,An account was successfully logged on. Subject: Security ID: S-1-5-18 Account Name: SYSTEM Account Domain: NT AUTHORITY Logon ID: 0x3E7 Logon Type: 5.,0,Benign
2026-02-27 08:44:12,4625,12,8215,An account failed to log on. Failure Reason: Unknown user name or bad password. Status: 0xC000006D Sub Status: 0xC000006A.,0,Benign
2026-03-01 11:01:27,4624,10,6463,An account was successfully logged on. Subject: Security ID: S-1-5-18 Account Name: SYSTEM Account Domain: NT AUTHORITY Logon ID: 0x3E7 Logon Type: 5.,0,Benign
2026-02-23 18:42:27,4688,10,8430,A new process has been created. New Process Name: C:\Windows\System32\taskhostw.exe.,0,Benign
2026-02-28 16:23:10,4688,2,5666,A new process has been created. New Process Name: C:\Windows\System32\notepad.exe.,0,Benign
2026-02-23 08:04:07,4648,2,2311,A logon was attempted using explicit credentials. Target Server: DC01 Target User: backup_svc.,0,Benign
2026-02-25 07:16:29,4624,5,3989,An account was successfully logged on. Subject: Security ID: S-1-5-18 Account Name: SYSTEM Account Domain: NT AUTHORITY Logon ID: 0x3E7 Logon Type: 5.,0,Benign
2026-03-01 23:03:03,4624,12,1753,An account was successfully logged on. Subject: Security ID: S-1-5-21-1234567890 Account Name: Administrator Account Domain: CORP Logon Type: 3.,0,Benign
2026-02-23 08:17:07,4624,3,2612,An account was successfully logged on. Subject: Security ID: S-1-5-18 Account Name: SYSTEM Account Domain: NT AUTHORITY Logon ID: 0x3E7 Logon Type: 5.,0,Benign
2026-02-23 06:59:23,4624,8,3524,An account was successfully logged on. Subject: Security ID: S-1-5-18 Account Name: SYSTEM Account Domain: NT AUTHORITY Logon ID: 0x3E7 Logon Type: 5.,0,Benign
2026-02-27 15:01:26,4624,12,1989,An account was successfully logged on. Logon Type: 10 Remote Desktop Services.,0,Benign
2026-02-28 13:02:02,4624,7,1767,An account was successfully logged on. New Logon: Account Name: jdoe Account Domain: CORP Logon ID: 0x1A2B3C.,0,Benign
2026-02-27 17:04:27,4688,8,6570,A new process has been created. New Process Name: C:\Program Files\Google\Chrome\chrome.exe Command Line: chrome.exe --type=renderer.,0,Benign
2026-02-24 17:46:25,4624,8,383,An account was successfully logged on. Subject: Security ID: S-1-5-21-1234567890 Account Name: Administrator Account Domain: CORP Logon Type: 3.,0,Benign
2026-03-01 11:21:14,4672,9,3882,Special privileges assigned to new logon. Subject: Security ID: S-1-5-21-1234567890 Account Name: Administrator Privileges: SeDebugPrivilege.,0,Benign
2026-03-01 11:20:38,4625,5,4528,An account failed to log on. Account Name: administrator Source Network Address: 192.168.1.50.,0,Benign
2026-02-23 17:32:05,4648,11,2889,A logon was attempted using explicit credentials. Process: C:\Windows\System32\runas.exe.,0,Benign
2026-02-28 08:33:10,4625,7,2171,An account failed to log on. Failure Reason: Unknown user name or bad password. Status: 0xC000006D Sub Status: 0xC000006A.,0,Benign
2026-02-25 11:48:22,4634,12,9397,An account was logged off. Logon Type: 3.,0,Benign
2026-02-25 13:58:45,4625,2,2490,An account failed to log on. Subject: Security ID: S-1-0-0 Account Name: - Account Domain: - Logon Type: 3.,0,Benign
2026-02-27 13:39:44,4634,2,9226,An account was logged off. Logon Type: 2 Interactive.,0,Benign
2026-02-23 12:33:29,4624,2,5261,An account was successfully logged on. New Logon: Account Name: jdoe Account Domain: CORP Logon ID: 0x1A2B3C.,0,Benign
2026-02-28 10:34:37,4625,2,6698,An account failed to log on. Logon Type: 10 Remote Desktop Services.,0,Benign
2026-02-27 17:13:05,4625,7,9718,An account failed to log on. Failure Reason: Account locked out.,0,Benign
2026-02-24 15:41:09,4625,9,1894,An account failed to log on. Failure Reason: Account locked out.,0,Benign
2026-02-25 11:09:46,4648,8,7233,A logon was attempted using explicit credentials. Target Server: DC01 Target User: backup_svc.,0,Benign
2026-03-01 11:40:37,4688,3,5977,A new process has been created. New Process Name: C:\Windows\System32\svchost.exe Creator Process Name: C:\Windows\System32\services.exe.,0,Benign
2026-02-28 08:55:32,4624,8,7852,An account was successfully logged on. New Logon: Account Name: jdoe Account Domain: CORP Logon ID: 0x1A2B3C.,0,Benign
2026-02-24 21:23:05,4624,12,3460,An account was successfully logged on. Logon Type: 10 Remote Desktop Services.,0,Benign
2026-02-23 12:34:27,4720,7,2805,A user account was created. New Account Name: tempuser New Account Domain: CORP.,0,Benign
2026-02-23 11:53:39,4624,12,6513,An account was successfully logged on. Logon Type: 2 Interactive.,0,Benign
2026-03-01 22:50:44,4624,5,929,An account was successfully logged on. Subject: Security ID: S-1-5-21-1234567890 Account Name: Administrator Account Domain: CORP Logon Type: 3.,0,Benign
2026-02-27 10:51:47,4624,3,6416,An account was successfully logged on. Subject: Security ID: S-1-5-18 Account Name: SYSTEM Account Domain: NT AUTHORITY Logon ID: 0x3E7 Logon Type: 5.,0,Benign
2026-02-26 17:34:31,4625,11,5945,An account failed to log on. Logon Type: 10 Remote Desktop Services.,0,Benign
2026-02-25 13:05:58,4624,7,990,An account was successfully logged on. Logon Type: 10 Remote Desktop Services.,0,Benign
2026-02-27 12:48:34,4624,10,4084,An account was successfully logged on. Subject: Security ID: S-1-5-21-1234567890 Account Name: Administrator Account Domain: CORP Logon Type: 3.,0,Benign
2026-02-24 10:06:01,4624,3,2099,An account was successfully logged on. Subject: Security ID: S-1-5-21-1234567890 Account Name: Administrator Account Domain: CORP Logon Type: 3.,0,Benign
2026-02-28 15:13:29,4624,8,5059,An account was successfully logged on. Subject: Security ID: S-1-5-18 Account Name: SYSTEM Account Domain: NT AUTHORITY Logon ID: 0x3E7 Logon Type: 5.,0,Benign
2026-03-01 10:44:56,4648,2,1288,A logon was attempted using explicit credentials. Process: C:\Windows\System32\runas.exe.,0,Benign
2026-02-26 18:03:56,4624,10,6966,An account was successfully logged on. Logon Type: 10 Remote Desktop Services.,0,Benign
2026-02-26 10:35:37,4624,10,6351,An account was successfully logged on. Logon Type: 10 Remote Desktop Services.,0,Benign
2026-02-26 19:13:12,4624,7,1525,An account was successfully logged on. Logon Type: 10 Remote Desktop Services.,0,Benign
2026-03-01 17:15:17,4624,7,816,An account was successfully logged on. Logon Type: 10 Remote Desktop Services.,0,Benign
2026-02-28 10:57:45,4688,10,8063,A new process has been created. New Process Name: C:\Program Files\Google\Chrome\chrome.exe Command Line: chrome.exe --type=renderer.,0,Benign
2026-02-27 12:46:24,4634,3,2739,An account was logged off. Logon Type: 2 Interactive.,0,Benign
2026-03-01 17:53:14,4732,5,4851,A user account was created. New Account Name: svc_temp.,1,T1078
2026-03-01 13:44:47,4624,9,8232,An account was successfully logged on. Subject: Security ID: S-1-5-18 Account Name: SYSTEM Account Domain: NT AUTHORITY Logon ID: 0x3E7 Logon Type: 5.,0,Benign
2026-02-23 14:34:52,4732,9,3725,A member was added to a security-enabled local group. Member Name: backdoor Group Name: Administrators.,1,T1078
2026-02-26 18:27:08,4634,11,5675,An account was logged off. Subject: Security ID: S-1-5-21-1234567890 Account Name: jdoe.,0,Benign
2026-02-26 01:26:10,4688,5,3759,A new process has been created. New Process Name: C:\Windows\System32\svchost.exe Creator Process Name: C:\Windows\System32\services.exe.,0,Benign
2026-02-28 14:47:42,4634,9,7894,An account was logged off. Subject: Security ID: S-1-5-21-1234567890 Account Name: jdoe.,0,Benign
2026-02-27 17:05:42,4624,9,9202,An account was successfully logged on. New Logon: Account Name: jdoe Account Domain: CORP Logon ID: 0x1A2B3C.,0,Benign
2026-02-27 19:50:27,4625,11,5755,An account failed to log on. Logon Type: 10 Remote Desktop Services.,0,Benign
2026-02-24 15:32:12,4624,9,246,An account was successfully logged on. Logon Type: 10 Remote Desktop Services.,0,Benign
2026-02-24 11:19:59,4720,5,307,A user account was created. New Account Name: svc_backup New Account Domain: CORP.,0,Benign
2026-02-27 02:10:56,4624,5,1077,An account was successfully logged on. Subject: Security ID: S-1-5-21-1234567890 Account Name: Administrator Account Domain: CORP Logon Type: 3.,0,Benign
2026-03-01 08:11:36,4634,2,4496,An account was logged off. Logon Type: 3.,0,Benign
2026-02-23 13:26:38,4688,12,7385,A new process has been created. New Process Name: C:\Program Files\Google\Chrome\chrome.exe Command Line: chrome.exe --type=renderer.,0,Benign
2026-02-23 17:49:43,4624,12,2413,An account was successfully logged on. New Logon: Account Name: jdoe Account Domain: CORP Logon ID: 0x1A2B3C.,1,Benign
2026-02-27 09:13:07,4624,8,9408,An account was successfully logged on. Subject: Security ID: S-1-5-21-1234567890 Account Name: Administrator Account Domain: CORP Logon Type: 3.,0,Benign
2026-02-25 23:13:37,4672,5,2311,Special privileges assigned to new logon. Subject: Security ID: S-1-5-18 Privileges: SeAssignPrimaryTokenPrivilege SeTcbPrivilege SeSecurityPrivilege.,0,Benign
2026-02-23 08:55:56,4624,8,1901,An account was successfully logged on. Logon Type: 2 Interactive.,0,Benign
2026-03-01 16:57:35,4624,3,8393,An account was successfully logged on. New Logon: Account Name: jdoe Account Domain: CORP Logon ID: 0x1A2B3C.,0,Benign
2026-02-27 14:10:50,4624,7,3785,An account was successfully logged on. Subject: Security ID: S-1-5-18 Account Name: SYSTEM Account Domain: NT AUTHORITY Logon ID: 0x3E7 Logon Type: 5.,0,Benign
2026-02-23 12:05:01,4625,11,674,An account failed to log on. Subject: Security ID: S-1-0-0 Account Name: - Account Domain: - Logon Type: 3.,0,Benign
2026-02-23 14:59:25,4624,5,7347,An account was successfully logged on. Logon Type: 2 Interactive.,0,Benign
2026-03-01 11:02:33,4624,5,1942,An account was successfully logged on. Subject: Security ID: S-1-5-21-1234567890 Account Name: Administrator Account Domain: CORP Logon Type: 3.,0,Benign
2026-02-26 09:36:51,4634,8,2793,An account was logged off. Subject: Security ID: S-1-5-21-1234567890 Account Name: jdoe.,0,Benign
2026-02-28 14:39:32,4624,12,3623,An account was successfully logged on. Subject: Security ID: S-1-5-18 Account Name: SYSTEM Account Domain: NT AUTHORITY Logon ID: 0x3E7 Logon Type: 5.,0,Benign
2026-02-23 14:27:56,4732,2,8852,A member was added to a security-enabled local group. Member Name: svc_backup Group Name: Backup Operators.,0,Benign
2026-03-01 17:42:10,4625,5,2359,An account failed to log on. Subject: Security ID: S-1-0-0 Account Name: - Account Domain: - Logon Type: 3.,0,Benign
2026-02-26 11:34:28,4688,8,7997,A new process has been created. New Process Name: C:\Program Files\Google\Chrome\chrome.exe Command Line: chrome.exe --type=renderer.,0,Benign
2026-02-25 12:25:04,4624,11,5355,An account was successfully logged on. Logon Type: 10 Remote Desktop Services.,0,Benign
2026-02-28 00:05:36,4624,10,7690,An account was successfully logged on. Logon Type: 10 Remote Desktop Services.,0,Benign
2026-02-25 15:08:13,4625,7,9061,An account failed to log on. Logon Type: 10 Remote Desktop Services.,0,Benign
2026-02-25 12:08:44,4688,11,342,A new process has been created. New Process Name: C:\Windows\System32\notepad.exe.,0,Benign
2026-02-24 12:03:59,4624,3,7071,An account was successfully logged on. Subject: Security ID: S-1-5-18 Account Name: SYSTEM Account Domain: NT AUTHORITY Logon ID: 0x3E7 Logon Type: 5.,1,Benign
2026-02-26 08:14:54,4648,2,1532,A logon was attempted using explicit credentials. Target Server: DC01 Target User: backup_svc.,0,Benign
2026-02-24 08:55:44,4634,10,4194,An account was logged off. Logon Type: 2 Interactive.,0,Benign
2026-02-23 14:50:06,4648,8,516,A logon was attempted using explicit credentials. Target Server: localhost Target User: admin.,0,Benign
2026-02-26 12:17:50,4732,3,9052,A member was added to a security-enabled local group. Member Name: tempuser Group Name: Administrators.,0,Benign
2026-02-24 11:49:25,4624,3,1143,An account was successfully logged on. Logon Type: 2 Interactive.,0,Benign
2026-02-23 10:27:23,4624,12,5182,An account was successfully logged on. Logon Type: 10 Remote Desktop Services.,0,Benign
2026-02-24 17:23:48,4634,2,9002,An account was logged off. Subject: Security ID: S-1-5-21-1234567890 Account Name: jdoe.,0,Benign
2026-02-23 14:13:01,4624,2,8158,An account was successfully logged on. Logon Type: 2 Interactive.,0,Benign
2026-02-26 13:34:48,4688,7,2030,A new process has been created. New Process Name: C:\Windows\System32\notepad.exe.,0,Benign
2026-02-28 13:23:03,4624,10,7470,An account was successfully logged on. Subject: Security ID: S-1-5-18 Account Name: SYSTEM Account Domain: NT AUTHORITY Logon ID: 0x3E7 Logon Type: 5.,0,Benign
2026-02-26 09:11:07,4624,11,7518,An account was successfully logged on. Logon Type: 10 Remote Desktop Services.,0,Benign
2026-02-28 16:42:49,4624,9,4415,An account was successfully logged on. Logon Type: 2 Interactive.,0,Benign
2026-02-24 08:16:47,4634,11,8597,An account was logged off. Logon Type: 2 Interactive.,0,Benign
2026-02-25 09:18:22,4634,2,1334,An account was logged off. Logon Type: 2 Interactive.,0,Benign
2026-02-25 17:54:16,4625,2,9086,An account failed to log on. Subject: Security ID: S-1-0-0 Account Name: - Account Domain: - Logon Type: 3.,0,Benign
2026-02-26 13:33:46,4624,5,2980,An account was successfully logged on. Subject: Security ID: S-1-5-21-1234567890 Account Name: Administrator Account Domain: CORP Logon Type: 3.,0,Benign
2026-02-26 11:45:31,4624,10,2017,An account was successfully logged on. Subject: Security ID: S-1-5-21-1234567890 Account Name: Administrator Account Domain: CORP Logon Type: 3.,0,Benign
2026-02-24 14:42:56,4624,5,6182,An account was successfully logged on. New Logon: Account Name: jdoe Account Domain: CORP Logon ID: 0x1A2B3C.,0,Benign
2026-02-28 11:49:17,4732,7,1754,A member was added to a security-enabled local group. Member Name: svc_backup Group Name: Backup Operators.,0,Benign
2026-02-23 11:31:12,4624,9,3798,An account was successfully logged on. Subject: Security ID: S-1-5-18 Account Name: SYSTEM Account Domain: NT AUTHORITY Logon ID: 0x3E7 Logon Type: 5.,0,Benign
2026-02-24 10:23:21,4624,7,1059,An account was successfully logged on. Logon Type: 2 Interactive.,0,Benign
2026-02-27 17:13:16,4688,7,331,A new process has been created. New Process Name: C:\Windows\System32\taskhostw.exe.,0,Benign
2026-02-23 09:32:28,4688,8,283,A new process has been created. New Process Name: C:\Windows\System32\svchost.exe Creator Process Name: C:\Windows\System32\services.exe.,0,Benign
2026-02-28 14:56:29,4624,8,5396,An account was successfully logged on. Subject: Security ID: S-1-5-18 Account Name: SYSTEM Account Domain: NT AUTHORITY Logon ID: 0x3E7 Logon Type: 5.,0,Benign
2026-02-23 10:53:37,4624,8,8814,An account was successfully logged on. Subject: Security ID: S-1-5-21-1234567890 Account Name: Administrator Account Domain: CORP Logon Type: 3.,0,Benign
2026-03-01 17:11:40,4624,3,9908,An account was successfully logged on. New Logon: Account Name: jdoe Account Domain: CORP Logon ID: 0x1A2B3C.,0,Benign
2026-02-25 12:01:28,4688,10,1066,A new process has been created. New Process Name: C:\Windows\System32\svchost.exe Creator Process Name: C:\Windows\System32\services.exe.,0,Benign
2026-03-01 09:52:02,4625,8,3629,An account failed to log on. Account Name: administrator Source Network Address: 192.168.1.50.,0,Benign
2026-02-27 16:31:57,4648,11,8002,A logon was attempted using explicit credentials. Target Server: localhost Target User: admin.,0,Benign
2026-02-25 00:53:28,4720,5,256,A user account was created. New Account Name: test_account.,0,Benign
2026-02-27 11:18:41,4688,9,1592,A new process has been created. New Process Name: C:\Windows\System32\taskhostw.exe.,0,Benign
2026-02-24 11:56:04,4688,3,6652,A new process has been created. New Process Name: C:\Windows\System32\cmd.exe Command Line: cmd.exe /c dir.,0,Benign
2026-02-23 15:33:58,4624,7,8565,An account was successfully logged on. Logon Type: 10 Remote Desktop Services.,0,Benign
2026-02-23 13:45:07,4624,7,908,An account was successfully logged on. Logon Type: 2 Interactive.,0,Benign
2026-03-01 17:19:19,4688,9,2230,A new process has been created. New Process Name: C:\Program Files\Google\Chrome\chrome.exe Command Line: chrome.exe --type=renderer.,0,Benign
2026-02-26 09:50:54,4624,10,3533,An account was successfully logged on. New Logon: Account Name: jdoe Account Domain: CORP Logon ID: 0x1A2B3C.,0,Benign
2026-03-01 08:32:18,4624,2,4194,An account was successfully logged on. New Logon: Account Name: jdoe Account Domain: CORP Logon ID: 0x1A2B3C.,0,Benign
2026-02-25 03:06:15,4634,9,2837,An account was logged off. Logon Type: 2 Interactive.,0,Benign
2026-02-26 09:58:51,4625,3,6027,An account failed to log on. Subject: Security ID: S-1-0-0 Account Name: - Account Domain: - Logon Type: 3.,0,Benign
2026-02-25 11:35:30,4634,8,9306,An account was logged off. Subject: Security ID: S-1-5-21-1234567890 Account Name: jdoe.,0,Benign
2026-02-28 12:25:38,4688,8,1913,A new process has been created. New Process Name: C:\Windows\System32\notepad.exe.,0,Benign
2026-02-24 10:27:26,4625,12,8535,An account failed to log on. Subject: Security ID: S-1-0-0 Account Name: - Account Domain: - Logon Type: 3.,0,Benign
2026-02-25 09:50:51,4688,8,5318,A new process has been created. New Process Name: C:\Windows\System32\svchost.exe Creator Process Name: C:\Windows\System32\services.exe.,0,Benign
2026-02-27 17:03:10,4624,11,9665,An account was successfully logged on. New Logon: Account Name: jdoe Account Domain: CORP Logon ID: 0x1A2B3C.,0,Benign
2026-02-24 12:16:43,4625,7,5068,An account failed to log on. Failure Reason: Unknown user name or bad password. Status: 0xC000006D Sub Status: 0xC000006A.,0,Benign
2026-02-23 09:17:44,4625,10,7783,An account failed to log on. Account Name: administrator Source Network Address: 192.168.1.50.,0,Benign
2026-02-28 14:13:30,4624,11,8984,An account was successfully logged on. New Logon: Account Name: jdoe Account Domain: CORP Logon ID: 0x1A2B3C.,0,Benign
2026-02-27 12:57:05,4624,8,4580,An account was successfully logged on. New Logon: Account Name: jdoe Account Domain: CORP Logon ID: 0x1A2B3C.,0,Benign
2026-02-25 09:24:12,4624,5,6814,An account was successfully logged on. New Logon: Account Name: jdoe Account Domain: CORP Logon ID: 0x1A2B3C.,0,Benign
2026-02-24 08:00:42,4634,11,8887,An account was logged off. Logon Type: 3.,0,Benign
2026-02-27 14:44:04,4624,3,5031,An account was successfully logged on. Subject: Security ID: S-1-5-21-1234567890 Account Name: Administrator Account Domain: CORP Logon Type: 3.,0,Benign
2026-02-25 08:50:16,4648,8,4251,A logon was attempted using explicit credentials. Target Server: DC01 Target User: backup_svc.,0,Benign
2026-02-28 15:01:01,4625,10,8549,An account failed to log on. Failure Reason: Account locked out.,0,Benign
2026-02-27 11:59:51,4625,7,440,An account failed to log on. Subject: Security ID: S-1-0-0 Account Name: - Account Domain: - Logon Type: 3.,0,Benign
2026-02-24 11:49:00,4624,9,8711,An account was successfully logged on. Logon Type: 2 Interactive.,0,Benign
2026-02-23 11:26:43,4625,5,4036,An account failed to log on. Subject: Security ID: S-1-0-0 Account Name: - Account Domain: - Logon Type: 3.,0,Benign
2026-02-24 01:08:58,4624,12,2574,An account was successfully logged on. Logon Type: 2 Interactive.,0,Benign
2026-03-01 13:06:11,4688,12,9751,A new process has been created. New Process Name: C:\Windows\System32\notepad.exe.,0,Benign
2026-02-24 10:12:13,4624,5,5964,An account was successfully logged on. Subject: Security ID: S-1-5-18 Account Name: SYSTEM Account Domain: NT AUTHORITY Logon ID: 0x3E7 Logon Type: 5.,0,Benign
2026-02-25 11:03:36,4624,12,2733,An account was successfully logged on. Subject: Security ID: S-1-5-18 Account Name: SYSTEM Account Domain: NT AUTHORITY Logon ID: 0x3E7 Logon Type: 5.,0,Benign
2026-02-25 13:30:43,4624,11,7477,An account was successfully logged on. New Logon: Account Name: jdoe Account Domain: CORP Logon ID: 0x1A2B3C.,0,Benign
2026-02-25 15:11:04,4688,11,7895,A new process has been created. New Process Name: C:\Windows\System32\notepad.exe.,0,Benign
2026-02-26 11:47:12,4624,3,699,An account was successfully logged on. Logon Type: 10 Remote Desktop Services.,0,Benign
2026-02-27 22:52:56,4624,9,4199,An account was successfully logged on. Subject: Security ID: S-1-5-21-1234567890 Account Name: Administrator Account Domain: CORP Logon Type: 3.,0,Benign
2026-02-26 14:15:00,4672,7,2997,Special privileges assigned to new logon. Subject: Security ID: S-1-5-21-1234567890 Account Name: Administrator Privileges: SeDebugPrivilege.,0,Benign
2026-02-28 13:06:49,4624,3,3968,An account was successfully logged on. New Logon: Account Name: jdoe Account Domain: CORP Logon ID: 0x1A2B3C.,0,Benign
2026-02-28 11:52:51,4624,11,417,An account was successfully logged on. Logon Type: 10 Remote Desktop Services.,0,Benign
2026-02-23 13:08:52,4624,3,8802,An account was successfully logged on. Subject: Security ID: S-1-5-18 Account Name: SYSTEM Account Domain: NT AUTHORITY Logon ID: 0x3E7 Logon Type: 5.,0,Benign
2026-02-27 14:54:19,4625,11,5611,An account failed to log on. Failure Reason: Unknown user name or bad password. Status: 0xC000006D Sub Status: 0xC000006A.,0,Benign
2026-02-28 14:02:56,4648,8,7816,A logon was attempted using explicit credentials. Target Server: DC01 Target User: backup_svc.,0,Benign
2026-02-25 10:06:11,4688,2,6736,A new process has been created. New Process Name: C:\Windows\System32\taskhostw.exe.,0,Benign
2026-02-26 15:25:53,4624,12,5805,An account was successfully logged on. New Logon: Account Name: jdoe Account Domain: CORP Logon ID: 0x1A2B3C.,0,Benign
2026-02-25 12:50:59,4624,3,3226,An account was successfully logged on. Logon Type: 2 Interactive.,0,Benign
2026-03-01 08:52:16,4624,8,3630,An account was successfully logged on. Logon Type: 10 Remote Desktop Services.,0,Benign
2026-03-01 08:07:44,4624,9,2302,An account was successfully logged on. Logon Type: 10 Remote Desktop Services.,1,Benign
2026-02-28 13:05:23,4634,10,657,An account was logged off. Logon Type: 3.,0,Benign
2026-02-27 16:01:16,4688,11,7376,A new process has been created. New Process Name: C:\Program Files\Google\Chrome\chrome.exe Command Line: chrome.exe --type=renderer.,0,Benign
2026-02-26 16:18:38,4634,5,5074,An account was logged off. Subject: Security ID: S-1-5-21-1234567890 Account Name: jdoe.,0,Benign
2026-03-01 06:16:33,4648,2,8568,A logon was attempted using explicit credentials. Target Server: DC01 Target User: backup_svc.,0,Benign
2026-02-26 09:38:35,4720,10,7360,A user account was created. New Account Name: tempuser New Account Domain: CORP.,0,Benign
2026-02-24 12:58:05,4688,10,257,A new process has been created. New Process Name: C:\Windows\System32\taskhostw.exe.,0,Benign
2026-02-27 12:29:36,4648,3,5928,A logon was attempted using explicit credentials. Target Server: DC01 Target User: backup_svc.,0,Benign
2026-02-26 02:13:14,4624,10,2725,An account was successfully logged on. Subject: Security ID: S-1-5-18 Account Name: SYSTEM Account Domain: NT AUTHORITY Logon ID: 0x3E7 Logon Type: 5.,0,Benign
2026-02-27 18:47:32,4648,11,7003,A logon was attempted using explicit credentials. Target Server: DC01 Target User: backup_svc.,0,Benign
2026-02-26 08:48:04,4624,8,761,An account was successfully logged on. Logon Type: 10 Remote Desktop Services.,0,Benign
2026-02-26 17:39:31,4624,11,985,An account was successfully logged on. New Logon: Account Name: jdoe Account Domain: CORP Logon ID: 0x1A2B3C.,0,Benign
2026-02-25 15:44:16,4624,11,5683,An account was successfully logged on. New Logon: Account Name: jdoe Account Domain: CORP Logon ID: 0x1A2B3C.,0,Benign
2026-02-25 07:08:25,4720,7,2484,A user account was created. New Account Name: test_account.,0,Benign
2026-02-25 15:28:58,4648,7,9156,A logon was attempted using explicit credentials. Target Server: localhost Target User: admin.,0,Benign
2026-02-23 17:54:24,4648,5,6633,A logon was attempted using explicit credentials. Process: C:\Windows\System32\runas.exe.,0,Benign
2026-02-25 17:57:36,4634,5,4623,An account was logged off. Logon Type: 2 Interactive.,0,Benign
2026-02-24 11:22:46,4688,8,2697,A new process has been created. New Process Name: C:\Program Files\Google\Chrome\chrome.exe Command Line: chrome.exe --type=renderer.,0,Benign
2026-02-26 17:23:01,4672,2,5821,Special privileges assigned to new logon. Subject: Security ID: S-1-5-18 Privileges: SeAssignPrimaryTokenPrivilege SeTcbPrivilege SeSecurityPrivilege.,0,Benign
2026-02-28 13:15:40,4634,5,8892,An account was logged off. Subject: Security ID: S-1-5-21-1234567890 Account Name: jdoe.,0,Benign
2026-02-25 18:18:29,4624,9,1207,An account was successfully logged on. Subject: Security ID: S-1-5-21-1234567890 Account Name: Administrator Account Domain: CORP Logon Type: 3.,0,Benign
2026-03-01 17:06:49,4672,5,8455,Special privileges assigned to new logon. Subject: Security ID: S-1-5-18 Privileges: SeAssignPrimaryTokenPrivilege SeTcbPrivilege SeSecurityPrivilege.,0,Benign
2026-02-24 17:45:34,4624,11,6440,An account was successfully logged on. Subject: Security ID: S-1-5-18 Account Name: SYSTEM Account Domain: NT AUTHORITY Logon ID: 0x3E7 Logon Type: 5.,0,Benign
2026-02-27 16:12:34,4648,9,2568,A logon was attempted using explicit credentials. Target Server: DC01 Target User: backup_svc.,0,Benign
2026-02-24 11:31:21,4672,3,8834,Special privileges assigned to new logon. Subject: Security ID: S-1-5-18 Privileges: SeAssignPrimaryTokenPrivilege SeTcbPrivilege SeSecurityPrivilege.,0,Benign
2026-02-28 12:45:06,4625,11,8626,An account failed to log on. Logon Type: 10 Remote Desktop Services.,0,Benign
2026-02-28 15:33:37,4625,5,6458,An account failed to log on. Account Name: administrator Source Network Address: 192.168.1.50.,0,Benign
2026-02-23 16:05:41,4624,9,1071,An account was successfully logged on. Logon Type: 10 Remote Desktop Services.,0,Benign
2026-02-24 21:37:44,4624,11,8547,An account failed to log on. Failure Reason: Account locked out.,1,T1110
2026-02-26 15:33:18,4624,12,4191,An account was successfully logged on. Subject: Security ID: S-1-5-18 Account Name: SYSTEM Account Domain: NT AUTHORITY Logon ID: 0x3E7 Logon Type: 5.,1,Benign
2026-02-27 15:46:45,4720,10,7082,A user account was created. New Account Name: test_account.,0,Benign
2026-02-24 10:53:15,4688,5,1308,A new process has been created. New Process Name: C:\Windows\System32\svchost.exe Creator Process Name: C:\Windows\System32\services.exe.,0,Benign
2026-02-27 14:17:45,4688,10,3272,A new process has been created. New Process Name: C:\Windows\System32\taskhostw.exe.,0,Benign
2026-02-24 17:13:52,4688,5,5380,A new process has been created. New Process Name: C:\Windows\System32\notepad.exe.,0,Benign
2026-02-24 10:23:13,4688,8,8506,A new process has been created. New Process Name: C:\Program Files\Google\Chrome\chrome.exe Command Line: chrome.exe --type=renderer.,0,Benign
2026-02-23 12:35:08,4624,5,5964,An account was successfully logged on. Subject: Security ID: S-1-5-18 Account Name: SYSTEM Account Domain: NT AUTHORITY Logon ID: 0x3E7 Logon Type: 5.,0,Benign
2026-02-24 08:36:55,4688,7,4572,A new process has been created. New Process Name: C:\Windows\System32\taskhostw.exe.,0,Benign
2026-02-23 09:57:44,4624,3,3572,An account was successfully logged on. Subject: Security ID: S-1-5-21-1234567890 Account Name: Administrator Account Domain: CORP Logon Type: 3.,0,Benign
2026-03-01 18:37:21,4634,8,2626,An account was logged off. Logon Type: 2 Interactive.,0,Benign
2026-02-23 11:16:39,4720,3,2134,A user account was created. New Account Name: test_account.,0,Benign
2026-02-28 15:47:13,4624,5,1255,An account was successfully logged on. Subject: Security ID: S-1-5-21-1234567890 Account Name: Administrator Account Domain: CORP Logon Type: 3.,0,Benign
2026-02-24 15:27:26,4624,10,2196,An account was successfully logged on. Logon Type: 10 Remote Desktop Services.,0,Benign
2026-02-28 11:37:03,4648,2,790,A logon was attempted using explicit credentials. Process: C:\Windows\System32\runas.exe.,1,Benign
2026-02-23 15:02:55,4624,12,6580,An account was successfully logged on. Logon Type: 2 Interactive.,0,Benign
2026-02-24 09:16:06,4720,12,6540,A user account was created. New Account Name: tempuser New Account Domain: CORP.,1,Benign
2026-03-01 10:03:51,4672,8,6968,Special privileges assigned to new logon. Subject: Security ID: S-1-5-18 Privileges: SeAssignPrimaryTokenPrivilege SeTcbPrivilege SeSecurityPrivilege.,0,Benign
2026-02-24 15:35:54,4624,11,2868,An account was successfully logged on. Subject: Security ID: S-1-5-18 Account Name: SYSTEM Account Domain: NT AUTHORITY Logon ID: 0x3E7 Logon Type: 5.,1,Benign
2026-02-25 09:27:57,4672,8,459,Special privileges assigned to new logon. Subject: Security ID: S-1-5-21-1234567890 Account Name: Administrator Privileges: SeDebugPrivilege.,0,Benign
