2026-02-23 15:55:13,4624,8,8848,An account was successfully logged on. Logon Type: 2 Interactive.,0,Benign
2026-02-27 17:30:44,4648,11,1968,A logon was attempted using explicit credentials. Target Server: localhost Target User: admin.,0,Benign
2026-02-25 16:51:39,4648,8,2834,A logon was attempted using explicit credentials. Target Server: localhost Target User: admin.,0,Benign
2026-02-24 16:17:46,4624,11,5228,An account was successfully logged on. Logon Type: 2 Interactive.,0,Benign
2026-02-25 11:16:48,4624,8,365,An account was successfully logged on. New Logon: Account Name: jdoe Account Domain: CORP Logon ID: 0x1A2B3C.,0,Benign
2026-02-23 08:36:45,4648,8,6695,A logon was attempted using explicit credentials. Target Server: DC01 Target User: backup_svc.,0,Benign
2026-02-25 13:42:05,4688,9,6844,A new process has been created. New Process Name: C:\Windows\System32\notepad.exe.,0,Benign
2026-02-26 11:57:39,4624,9,5840,An account was successfully logged on. Subject: Security ID: S-1-5-21-1234567890 Account Name: Administrator Account Domain: CORP Logon Type: 3.,0,Benign
2026-03-01 16:52:48,4624,8,7158,An account was successfully logged on. New Logon: Account Name: jdoe Account Domain: CORP Logon ID: 0x1A2B3C.,0,Benign
2026-02-27 12:11:29,4624,3,5496,An account was successfully logged on. Subject: Security ID: S-1-5-18 Account Name: SYSTEM Account Domain: NT AUTHORITY Logon ID: 0x3E7 Logon Type: 5.,0,Benign
2026-02-26 10:59:30,4625,12,1475,An account failed to log on. Logon Type: 10 Remote Desktop Services.,0,Benign
2026-02-27 15:25:45,4648,7,1501,A logon was attempted using explicit credentials. Process: C:\Windows\System32\runas.exe.,0,Benign
2026-02-24 10:57:01,4624,12,7568,An account was successfully logged on. Logon Type: 10 Remote Desktop Services.,0,Benign
2026-02-25 15:29:43,4624,9,7629,An account was successfully logged on. Subject: Security ID: S-1-5-18 Account Name: SYSTEM Account Domain: NT AUTHORITY Logon ID: 0x3E7 Logon Type: 5.,0,Benign
2026-02-27 08:46:07,4624,11,1647,An account was successfully logged on. Logon Type: 2 Interactive.,0,Benign
2026-02-28 15:14:34,4625,11,4624,An account failed to log on. Account Name: administrator Source Network Address: 192.168.1.50.,0,Benign
2026-03-01 15:17:31,4625,9,7259,An account failed to log on. Account Name: administrator Source Network Address: 192.168.1.50.,0,Benign
2026-02-25 09:25:22,4634,9,4063,An account was logged off. Subject: Security ID: S-1-5-21-1234567890 Account Name: jdoe.,0,Benign
2026-02-28 17:05:56,4625,2,3457,An account failed to log on. Failure Reason: Account locked out.,0,Benign
2026-02-24 09:04:43,4624,9,618,An account was successfully logged on. Logon Type: 2 Interactive.,0,Benign
2026-02-24 12:27:20,4625,9,4324,An account failed to log on. Logon Type: 10 Remote Desktop Services.,0,Benign
2026-02-24 15:14:43,4634,12,9985,An account was logged off. Logon Type: 2 Interactive.,0,Benign
2026-02-24 15:13:29,4624,7,6629,An account was successfully logged on. Logon Type: 2 Interactive.,0,Benign
2026-02-23 09:55:32,4688,11,9411,A new process has been created. New Process Name: C:\Windows\System32\cmd.exe Command Line: cmd.exe /c dir.,0,Benign
2026-02-26 08:10:04,4624,8,6127,An account was successfully logged on. New Logon: Account Name: jdoe Account Domain: CORP Logon ID: 0x1A2B3C.,0,Benign
2026-02-26 09:03:54,4624,2,7094,An account was successfully logged on. Logon Type: 2 Interactive.,0,Benign
2026-03-01 17:59:38,4688,3,8541,A new process has been created. New Process Name: C:\Windows\System32\notepad.exe.,0,Benign
2026-02-24 16:49:09,4648,3,9007,A logon was attempted using explicit credentials. Process: C:\Windows\System32\runas.exe.,0,Benign
2026-02-26 16:07:22,4688,3,941,A new process has been created. New Process Name: C:\Windows\System32\taskhostw.exe.,0,Benign
2026-03-01 17:24:23,4624,11,1495,An account was successfully logged on. Subject: Security ID: S-1-5-18 Account Name: SYSTEM Account Domain: NT AUTHORITY Logon ID: 0x3E7 Logon Type: 5.,0,Benign
2026-02-23 13:28:13,4624,11,4893,An account was successfully logged on. New Logon: Account Name: jdoe Account Domain: CORP Logon ID: 0x1A2B3C.,0,Benign
2026-02-25 14:07:10,4625,9,1960,An account failed to log on. Logon Type: 10 Remote Desktop Services.,0,Benign
2026-03-01 17:10:17,4625,11,3853,An account failed to log on. Failure Reason: Account locked out.,0,Benign
2026-03-01 15:01:54,4624,11,827,An account was successfully logged on. Subject: Security ID: S-1-5-21-1234567890 Account Name: Administrator Account Domain: CORP Logon Type: 3.,0,Benign
2026-02-24 09:26:53,4634,3,2900,An account was logged off. Logon Type: 2 Interactive.,0,Benign
2026-02-23 13:41:14,4624,11,2812,An account was successfully logged on. Subject: Security ID: S-1-5-18 Account Name: SYSTEM Account Domain: NT AUTHORITY Logon ID: 0x3E7 Logon Type: 5.,0,Benign
2026-02-25 12:10:44,4624,10,2907,An account was successfully logged on. Logon Type: 2 Interactive.,0,Benign
2026-02-26 09:18:00,4624,9,8155,An account was successfully logged on. New Logon: Account Name: jdoe Account Domain: CORP Logon ID: 0x1A2B3C.,0,Benign
2026-02-28 08:57:06,4648,7,7685,A logon was attempted using explicit credentials. Process: C:\Windows\System32\runas.exe.,0,Benign
2026-02-24 13:23:45,4624,7,7872,An account was successfully logged on. New Logon: Account Name: jdoe Account Domain: CORP Logon ID: 0x1A2B3C.,0,Benign
2026-03-01 12:15:32,4648,5,5381,A logon was attempted using explicit credentials. Process: C:\Windows\System32\runas.exe.,0,Benign
2026-02-25 09:37:59,4634,11,4667,An account was logged off. Logon Type: 2 Interactive.,0,Benign
2026-02-25 16:12:01,4624,12,4206,An account was successfully logged on. Subject: Security ID: S-1-5-21-1234567890 Account Name: Administrator Account Domain: CORP Logon Type: 3.,0,Benign
2026-02-23 13:39:45,4625,12,3226,An account failed to log on. Logon Type: 10 Remote Desktop Services.,0,Benign
2026-03-01 08:44:43,4625,12,5383,An account failed to log on. Failure Reason: Account locked out.,0,Benign
2026-02-25 17:32:11,4648,8,994,A logon was attempted using explicit credentials. Target Server: localhost Target User: admin.,0,Benign
2026-02-28 08:04:20,4688,7,7280,A new process has been created. New Process Name: C:\Windows\System32\taskhostw.exe.,0,Benign
2026-03-01 16:42:18,4624,7,4582,An account was successfully logged on. New Logon: Account Name: jdoe Account Domain: CORP Logon ID: 0x1A2B3C.,0,Benign
2026-03-01 08:36:43,4624,3,329,An account was successfully logged on. Logon Type: 2 Interactive.,0,Benign
2026-03-01 10:05:47,4624,11,8714,An account was successfully logged on. Logon Type: 10 Remote Desktop Services.,0,Benign
2026-02-24 12:49:09,4732,7,381,A member was added to a security-enabled local group. Member Name: tempuser Group Name: Administrators.,0,Benign
2026-02-23 13:21:30,4648,8,1681,A logon was attempted using explicit credentials. Target Server: localhost Target User: admin.,0,Benign
2026-02-28 15:45:33,4732,12,6044,A member was added to a security-enabled local group. Member Name: tempuser Group Name: Administrators.,0,Benign
2026-02-24 13:21:30,4624,11,5206,An account was successfully logged on. Logon Type: 2 Interactive.,0,Benign
2026-02-24 05:03:05,4688,5,6680,A new process has been created. New Process Name: C:\Windows\System32\svchost.exe Creator Process Name: C:\Windows\System32\services.exe.,0,Benign
2026-02-28 17:46:07,4624,9,5263,An account was successfully logged on. New Logon: Account Name: jdoe Account Domain: CORP Logon ID: 0x1A2B3C.,0,Benign
2026-02-24 17:40:23,4624,11,2076,An account was successfully logged on. Logon Type: 2 Interactive.,0,Benign
2026-02-25 17:30:11,4625,9,1908,An account failed to log on. Failure Reason: Unknown user name or bad password. Status: 0xC000006D Sub Status: 0xC000006A.,0,Benign
2026-02-24 08:20:03,4634,3,6631,An account was logged off. Subject: Security ID: S-1-5-21-1234567890 Account Name: jdoe.,0,Benign
2026-02-25 11:08:39,4648,12,4505,A logon was attempted using explicit credentials. Target Server: DC01 Target User: backup_svc.,0,Benign
2026-02-27 10:59:13,4634,12,5612,An account was logged off. Logon Type: 2 Interactive.,0,Benign
2026-02-28 12:57:40,4672,12,1311,Special privileges assigned to new logon. Subject: Security ID: S-1-5-18 Privileges: SeAssignPrimaryTokenPrivilege SeTcbPrivilege SeSecurityPrivilege.,0,Benign
2026-03-01 11:42:52,4624,7,3736,An account was successfully logged on. Logon Type: 10 Remote Desktop Services.,0,Benign
2026-03-01 08:20:49,4625,12,2618,An account failed to log on. Subject: Security ID: S-1-0-0 Account Name: - Account Domain: - Logon Type: 3.,0,Benign
2026-02-28 12:21:09,4624,12,6130,An account was successfully logged on. Logon Type: 2 Interactive.,0,Benign
2026-02-23 16:39:55,4634,5,5879,An account was logged off. Subject: Security ID: S-1-5-21-1234567890 Account Name: jdoe.,0,Benign
2026-02-26 13:49:56,4688,10,1515,A new process has been created. New Process Name: C:\Windows\System32\notepad.exe.,0,Benign
2026-02-28 11:39:44,4624,10,6086,An account was successfully logged on. Subject: Security ID: S-1-5-21-1234567890 Account Name: Administrator Account Domain: CORP Logon Type: 3.,0,Benign
2026-02-27 16:04:06,4625,3,7412,An account failed to log on. Failure Reason: Unknown user name or bad password. Status: 0xC000006D Sub Status: 0xC000006A.,0,Benign
2026-02-23 09:04:45,4625,7,5533,An account failed to log on. Failure Reason: Account locked out.,0,Benign
2026-02-23 10:21:29,4624,11,6315,An account was successfully logged on. Logon Type: 10 Remote Desktop Services.,0,Benign
2026-02-27 18:26:20,4624,11,7197,An account was successfully logged on. Subject: Security ID: S-1-5-18 Account Name: SYSTEM Account Domain: NT AUTHORITY Logon ID: 0x3E7 Logon Type: 5.,0,Benign
2026-02-26 17:07:52,4720,9,8104,A member was added to a security-enabled local group. Member Name: backdoor Group Name: Administrators.,1,T1078
2026-02-23 14:28:31,4732,9,3349,A member was added to a security-enabled local group. Member Name: svc_backup Group Name: Backup Operators.,0,Benign
2026-02-28 08:02:26,4688,8,8099,A new process has been created. New Process Name: C:\Windows\System32\taskhostw.exe.,0,Benign
2026-02-28 08:54:16,4648,2,9595,A logon was attempted using explicit credentials. Process: C:\Windows\System32\runas.exe.,0,Benign
2026-02-28 13:28:36,4624,7,3785,An account was successfully logged on. New Logon: Account Name: jdoe Account Domain: CORP Logon ID: 0x1A2B3C.,0,Benign
2026-02-27 17:08:06,4624,10,4743,An account was successfully logged on. New Logon: Account Name: jdoe Account Domain: CORP Logon ID: 0x1A2B3C.,0,Benign
2026-02-26 16:34:20,4624,10,9118,An account was successfully logged on. Subject: Security ID: S-1-5-21-1234567890 Account Name: Administrator Account Domain: CORP Logon Type: 3.,0,Benign
2026-02-25 23:32:02,4688,8,3922,A new process has been created. New Process Name: C:\Windows\System32\svchost.exe Creator Process Name: C:\Windows\System32\services.exe.,0,Benign
2026-02-26 16:28:49,4624,10,6195,An account was successfully logged on. Logon Type: 2 Interactive.,0,Benign
2026-02-24 06:45:56,4624,3,9285,An account was successfully logged on. New Logon: Account Name: jdoe Account Domain: CORP Logon ID: 0x1A2B3C.,0,Benign
2026-02-25 15:05:16,4624,2,721,An account was successfully logged on. New Logon: Account Name: jdoe Account Domain: CORP Logon ID: 0x1A2B3C.,0,Benign
2026-02-27 08:00:30,4625,12,796,An account failed to log on. Failure Reason: Account locked out.,0,Benign
2026-03-01 12:59:56,4624,2,1711,An account was successfully logged on. Subject: Security ID: S-1-5-18 Account Name: SYSTEM Account Domain: NT AUTHORITY Logon ID: 0x3E7 Logon Type: 5.,0,Benign
2026-02-24 09:21:40,4688,8,8752,A new process has been created. New Process Name: C:\Windows\System32\cmd.exe Command Line: cmd.exe /c dir.,0,Benign
2026-03-01 10:15:10,4625,2,7310,An account failed to log on. Logon Type: 10 Remote Desktop Services.,0,Benign
2026-02-27 12:33:43,4720,12,9606,A user account was created. New Account Name: test_account.,0,Benign
2026-02-24 14:51:57,4648,9,1392,A logon was attempted using explicit credentials. Target Server: DC01 Target User: backup_svc.,0,Benign
2026-02-24 07:22:27,4688,9,4587,A new process has been created. New Process Name: C:\Windows\System32\cmd.exe Command Line: cmd.exe /c dir.,0,Benign
2026-03-01 23:14:30,4648,5,9954,A logon was attempted using explicit credentials. Target Server: DC01 Target User: backup_svc.,0,Benign
2026-02-27 08:42:31,4634,12,8174,An account was logged off. Subject: Security ID: S-1-5-21-1234567890 Account Name: jdoe.,0,Benign
2026-02-25 08:00:41,4625,5,233,An account failed to log on. Failure Reason: Account locked out.,0,Benign
2026-02-28 17:00:08,4624,8,2975,An account was successfully logged on. Logon Type: 10 Remote Desktop Services.,0,Benign
2026-03-01 02:26:34,4625,10,1339,An account failed to log on. Failure Reason: Account locked out.,0,Benign
2026-02-26 13:08:02,4648,11,9829,A logon was attempted using explicit credentials. Process: C:\Windows\System32\runas.exe.,0,Benign
2026-03-01 21:47:35,4688,2,4804,A new process has been created. New Process Name: C:\Program Files\Google\Chrome\chrome.exe Command Line: chrome.exe --type=renderer.,0,Benign
2026-02-27 12:13:19,4634,7,5201,An account was logged off. Logon Type: 3.,0,Benign
2026-02-28 17:59:36,4624,5,2264,An account was successfully logged on. Subject: Security ID: S-1-5-21-1234567890 Account Name: Administrator Account Domain: CORP Logon Type: 3.,0,Benign
2026-02-24 14:50:49,4634,8,824,An account was logged off. Logon Type: 3.,0,Benign
2026-02-25 10:43:50,4688,9,4244,A new process has been created. New Process Name: C:\Windows\System32\notepad.exe.,0,Benign
2026-02-28 09:05:06,4624,10,8039,An account was successfully logged on. Logon Type: 10 Remote Desktop Services.,0,Benign
2026-02-23 16:22:02,4624,12,1543,An account was successfully logged on. Logon Type: 2 Interactive.,0,Benign
2026-02-25 13:26:48,4688,7,8530,A new process has been created. New Process Name: C:\Program Files\Google\Chrome\chrome.exe Command Line: chrome.exe --type=renderer.,0,Benign
2026-02-27 20:14:32,4625,10,8722,An account failed to log on. Account Name: administrator Source Network Address: 192.168.1.50.,0,Benign
2026-02-27 11:51:54,4624,5,3155,An account was successfully logged on. Subject: Security ID: S-1-5-21-1234567890 Account Name: Administrator Account Domain: CORP Logon Type: 3.,0,Benign
2026-03-01 16:28:39,4648,5,493,A logon was attempted using explicit credentials. Target Server: DC01 Target User: backup_svc.,0,Benign
2026-02-26 13:11:33,4648,2,7136,A logon was attempted using explicit credentials. Target Server: localhost Target User: admin.,0,Benign
2026-02-24 09:10:07,4624,2,9926,An account was successfully logged on. Logon Type: 10 Remote Desktop Services.,0,Benign
2026-02-25 22:43:02,4688,7,8021,A new process has been created. New Process Name: C:\Windows\System32\powershell.exe Command Line: powershell -enc SQBFAFgA.,1,T1047
2026-03-01 08:49:49,4624,3,9079,An account was successfully logged on. New Logon: Account Name: jdoe Account Domain: CORP Logon ID: 0x1A2B3C.,0,Benign
2026-02-28 17:00:59,4672,10,7403,Special privileges assigned to new logon. Subject: Security ID: S-1-5-18 Privileges: SeAssignPrimaryTokenPrivilege SeTcbPrivilege SeSecurityPrivilege.,0,Benign
2026-02-23 10:16:41,4625,12,4761,An account failed to log on. Failure Reason: Account locked out.,0,Benign
2026-02-27 13:01:55,4672,10,6404,Special privileges assigned to new logon. Subject: Security ID: S-1-5-18 Privileges: SeAssignPrimaryTokenPrivilege SeTcbPrivilege SeSecurityPrivilege.,0,Benign
2026-02-25 16:34:00,4688,2,4549,A new process has been created. New Process Name: C:\Windows\System32\taskhostw.exe.,0,Benign
2026-02-28 10:16:00,4624,5,5298,An account was successfully logged on. Logon Type: 10 Remote Desktop Services.,0,Benign
2026-03-01 16:23:57,4720,2,5274,A user account was created. New Account Name: tempuser New Account Domain: CORP.,0,Benign
2026-02-26 03:11:38,4625,2,8466,An account failed to log on. Failure Reason: Unknown user name or bad password. Status: 0xC000006D Sub Status: 0xC000006A.,0,Benign
2026-02-26 13:03:57,4624,10,6741,An account was successfully logged on. Subject: Security ID: S-1-5-18 Account Name: SYSTEM Account Domain: NT AUTHORITY Logon ID: 0x3E7 Logon Type: 5.,0,Benign
2026-02-27 08:05:04,4688,2,316,A new process has been created. New Process Name: C:\Program Files\Google\Chrome\chrome.exe Command Line: chrome.exe --type=renderer.,0,Benign
2026-02-28 23:44:21,4634,10,1539,An account was logged off. Logon Type: 3.,0,Benign
2026-02-23 08:15:19,4624,12,1786,An account was successfully logged on. Logon Type: 2 Interactive.,0,Benign
2026-02-24 12:47:42,4624,11,6746,An account was successfully logged on. Logon Type: 10 Remote Desktop Services.,0,Benign
2026-02-23 08:17:32,4624,12,7953,An account was successfully logged on. Logon Type: 10 Remote Desktop Services.,0,Benign
2026-02-26 03:51:01,4672,5,3203,Special privileges assigned to new logon. Subject: Security ID: S-1-5-21-1234567890 Account Name: Administrator Privileges: SeDebugPrivilege.,0,Benign
2026-03-01 12:28:54,4625,9,3122,An account failed to log on. Failure Reason: Account locked out.,0,Benign
2026-02-28 13:06:46,4625,9,6522,An account failed to log on. Failure Reason: Unknown user name or bad password. Status: 0xC000006D Sub Status: 0xC000006A.,0,Benign
2026-02-28 17:55:05,4624,3,1854,An account was successfully logged on. Subject: Security ID: S-1-5-21-1234567890 Account Name: Administrator Account Domain: CORP Logon Type: 3.,0,Benign
2026-02-28 12:16:04,4624,10,473,An account was successfully logged on. Logon Type: 10 Remote Desktop Services.,0,Benign
2026-02-24 02:33:13,4688,12,6200,A new process has been created. New Process Name: C:\Windows\System32\notepad.exe.,0,Benign
2026-03-01 17:09:12,4648,11,8590,A logon was attempted using explicit credentials. Target Server: localhost Target User: admin.,0,Benign
2026-03-01 14:03:21,4625,2,6218,An account failed to log on. Failure Reason: Unknown user name or bad password. Status: 0xC000006D Sub Status: 0xC000006A.,0,Benign
2026-03-01 00:23:37,4720,10,7189,A user account was created. New Account Name: test_account.,0,Benign
2026-02-24 15:16:59,4732,9,8302,A member was added to a security-enabled local group. Member Name: jdoe Group Name: Remote Desktop Users.,0,Benign
2026-02-24 10:00:54,4720,7,2616,A user account was created. New Account Name: test_account.,0,Benign
2026-03-01 10:09:04,4624,5,6361,An account was successfully logged on. Logon Type: 2 Interactive.,0,Benign
2026-03-01 06:48:24,4648,5,9529,An account failed to log on. Logon Type: 3 Source Network Address: 10.0.0.55.,1,T1046
2026-02-26 06:30:31,4624,2,3441,An account was successfully logged on. Subject: Security ID: S-1-5-21-1234567890 Account Name: Administrator Account Domain: CORP Logon Type: 3.,0,Benign
2026-02-27 11:08:20,4634,7,6982,An account was logged off. Subject: Security ID: S-1-5-21-1234567890 Account Name: jdoe.,0,Benign
2026-02-25 14:09:22,4720,11,4691,A user account was created. New Account Name: tempuser New Account Domain: CORP.,0,Benign
2026-02-28 17:26:36,4688,3,6927,A new process has been created. New Process Name: C:\Windows\System32\cmd.exe Command Line: cmd.exe /c dir.,0,Benign
2026-02-23 21:54:34,4648,12,5625,A logon was attempted using explicit credentials. Process: C:\Windows\System32\runas.exe.,0,Benign
2026-02-26 15:24:14,4624,3,3667,An account was successfully logged on. Logon Type: 2 Interactive.,0,Benign
2026-03-01 06:05:19,4688,11,3410,A new process has been created. New Process Name: C:\Windows\System32\cmd.exe Command Line: cmd.exe /c dir.,0,Benign
2026-02-26 08:49:26,4624,2,9889,An account was successfully logged on. Subject: Security ID: S-1-5-21-1234567890 Account Name: Administrator Account Domain: CORP Logon Type: 3.,0,Benign
2026-02-23 00:15:43,4625,3,515,An account failed to log on. Account Name: administrator Source Network Address: 192.168.1.50.,0,Benign
2026-02-27 10:22:48,4648,3,4797,A logon was attempted using explicit credentials. Process: C:\Windows\System32\runas.exe.,0,Benign
2026-02-24 13:27:25,4624,8,1096,An account was successfully logged on. New Logon: Account Name: jdoe Account Domain: CORP Logon ID: 0x1A2B3C.,0,Benign
2026-02-26 12:47:02,4624,8,6449,An account was successfully logged on. Logon Type: 10 Remote Desktop Services.,0,Benign
2026-02-25 13:14:40,4624,7,8928,An account was successfully logged on. Logon Type: 10 Remote Desktop Services.,0,Benign
2026-02-23 15:58:30,4624,10,1333,An account was successfully logged on. Subject: Security ID: S-1-5-18 Account Name: SYSTEM Account Domain: NT AUTHORITY Logon ID: 0x3E7 Logon Type: 5.,0,Benign
2026-02-25 11:42:36,4732,2,4008,A member was added to a security-enabled local group. Member Name: jdoe Group Name: Remote Desktop Users.,0,Benign
2026-02-23 21:42:44,4634,8,6842,An account was logged off. Logon Type: 2 Interactive.,0,Benign
2026-02-28 16:49:32,4688,11,3233,A new process has been created. New Process Name: C:\Program Files\Google\Chrome\chrome.exe Command Line: chrome.exe --type=renderer.,0,Benign
2026-02-25 15:54:20,4624,8,7961,An account was successfully logged on. Subject: Security ID: S-1-5-18 Account Name: SYSTEM Account Domain: NT AUTHORITY Logon ID: 0x3E7 Logon Type: 5.,0,Benign
2026-02-23 13:57:33,4688,3,6505,A new process has been created. New Process Name: C:\Program Files\Google\Chrome\chrome.exe Command Line: chrome.exe --type=renderer.,0,Benign
2026-02-28 09:50:33,4624,3,3952,An account was successfully logged on. Subject: Security ID: S-1-5-21-1234567890 Account Name: Administrator Account Domain: CORP Logon Type: 3.,0,Benign
2026-02-26 14:50:51,4688,12,7179,A new process has been created. New Process Name: C:\Program Files\Google\Chrome\chrome.exe Command Line: chrome.exe --type=renderer.,0,Benign
2026-02-28 16:14:59,4634,11,8087,An account was logged off. Logon Type: 3.,0,Benign
2026-02-23 12:47:02,4634,2,6955,An account was logged off. Logon Type: 2 Interactive.,0,Benign
2026-02-25 14:41:51,4688,7,4400,A new process has been created. New Process Name: C:\Windows\System32\taskhostw.exe.,0,Benign
2026-02-23 06:40:23,4648,8,3424,A logon was attempted using explicit credentials. Target Server: DC01 Target User: backup_svc.,0,Benign
2026-03-01 09:54:02,4624,5,4671,An account was successfully logged on. New Logon: Account Name: jdoe Account Domain: CORP Logon ID: 0x1A2B3C.,0,Benign
2026-02-24 02:50:41,4688,5,3553,A new process has been created. New Process Name: C:\Windows\System32\svchost.exe Creator Process Name: C:\Windows\System32\services.exe.,0,Benign
2026-03-01 09:32:17,4625,2,6848,An account failed to log on. Account Name: administrator Source Network Address: 192.168.1.50.,0,Benign
2026-02-23 12:00:30,4624,2,4807,An account was successfully logged on. New Logon: Account Name: jdoe Account Domain: CORP Logon ID: 0x1A2B3C.,0,Benign
2026-02-26 12:26:39,4624,8,5928,An account was successfully logged on. Logon Type: 2 Interactive.,0,Benign
2026-02-28 20:07:28,4720,2,6003,A user account was created. New Account Name: svc_temp.,1,T1078
2026-02-26 18:04:14,4625,2,2834,An account failed to log on. Account Name: administrator Source Network Address: 192.168.1.50.,0,Benign
2026-02-27 16:45:48,4624,8,6887,An account was successfully logged on. Subject: Security ID: S-1-5-21-1234567890 Account Name: Administrator Account Domain: CORP Logon Type: 3.,0,Benign
2026-02-24 11:49:35,4624,3,8874,An account was successfully logged on. New Logon: Account Name: jdoe Account Domain: CORP Logon ID: 0x1A2B3C.,0,Benign
2026-02-23 13:45:11,4634,10,4588,An account was logged off. Logon Type: 3.,0,Benign
2026-03-01 13:58:54,4634,5,1024,An account was logged off. Logon Type: 3.,0,Benign
2026-02-25 17:56:09,4625,5,2247,An account failed to log on. Subject: Security ID: S-1-0-0 Account Name: - Account Domain: - Logon Type: 3.,0,Benign
2026-02-28 13:01:40,4625,8,6428,An account failed to log on. Failure Reason: Account locked out.,0,Benign
2026-03-01 13:14:13,4625,3,9417,An account failed to log on. Logon Type: 10 Remote Desktop Services.,0,Benign
2026-02-26 11:23:06,4625,7,3617,An account failed to log on. Failure Reason: Account locked out.,0,Benign
2026-02-26 08:40:09,4688,5,4108,A new process has been created. New Process Name: C:\Windows\System32\cmd.exe Command Line: cmd.exe /c dir.,0,Benign
2026-02-28 08:10:23,4625,11,4692,An account failed to log on. Account Name: administrator Source Network Address: 192.168.1.50.,0,Benign
2026-02-24 17:32:15,4732,9,5619,A member was added to a security-enabled local group. Member Name: tempuser Group Name: Administrators.,0,Benign
2026-02-26 16:35:29,4648,9,5464,A logon was attempted using explicit credentials. Target Server: localhost Target User: admin.,0,Benign
2026-02-26 08:39:26,4624,2,3300,An account was successfully logged on. Subject: Security ID: S-1-5-21-1234567890 Account Name: Administrator Account Domain: CORP Logon Type: 3.,0,Benign
2026-03-01 11:58:18,4625,5,3953,An account failed to log on. Account Name: administrator Source Network Address: 192.168.1.50.,0,Benign
2026-02-23 12:38:24,4624,9,8217,An account was successfully logged on. Subject: Security ID: S-1-5-18 Account Name: SYSTEM Account Domain: NT AUTHORITY Logon ID: 0x3E7 Logon Type: 5.,0,Benign
2026-02-26 14:02:59,4624,8,1572,An account was successfully logged on. Subject: Security ID: S-1-5-18 Account Name: SYSTEM Account Domain: NT AUTHORITY Logon ID: 0x3E7 Logon Type: 5.,0,Benign
2026-03-01 15:42:03,4732,11,237,A member was added to a security-enabled local group. Member Name: svc_backup Group Name: Backup Operators.,0,Benign
2026-02-25 12:27:49,4624,9,7292,An account was successfully logged on. Logon Type: 2 Interactive.,0,Benign
2026-02-25 09:14:18,4624,10,2391,An account was successfully logged on. Logon Type: 10 Remote Desktop Services.,0,Benign
2026-02-23 13:47:12,4688,8,4207,A new process has been created. New Process Name: C:\Program Files\Google\Chrome\chrome.exe Command Line: chrome.exe --type=renderer.,0,Benign
2026-03-01 11:55:52,4672,5,9536,Special privileges assigned to new logon. Subject: Security ID: S-1-5-21-1234567890 Account Name: Administrator Privileges: SeDebugPrivilege.,0,Benign
2026-02-26 14:25:47,4688,9,2003,A new process has been created. New Process Name: C:\Windows\System32\taskhostw.exe.,0,Benign
2026-03-01 08:43:32,4634,10,6514,An account was logged off. Logon Type: 2 Interactive.,0,Benign
2026-02-23 13:38:51,4624,11,754,An account was successfully logged on. Logon Type: 2 Interactive.,0,Benign
2026-02-28 16:18:11,4688,3,1396,A new process has been created. New Process Name: C:\Windows\System32\cmd.exe Command Line: cmd.exe /c dir.,0,Benign
2026-02-25 09:20:18,4624,7,1795,An account was successfully logged on. Logon Type: 10 Remote Desktop Services.,0,Benign
2026-03-01 14:40:17,4648,3,1535,A logon was attempted using explicit credentials. Target Server: localhost Target User: admin.,0,Benign
2026-02-28 23:16:42,4688,10,5681,A new process has been created. New Process Name: C:\Windows\System32\svchost.exe Creator Process Name: C:\Windows\System32\services.exe.,0,Benign
2026-02-26 13:51:55,4625,5,8044,An account failed to log on. Subject: Security ID: S-1-0-0 Account Name: - Account Domain: - Logon Type: 3.,0,Benign
2026-02-27 02:39:41,4624,3,6596,An account was successfully logged on. Subject: Security ID: S-1-5-18 Account Name: SYSTEM Account Domain: NT AUTHORITY Logon ID: 0x3E7 Logon Type: 5.,0,Benign
2026-02-23 01:59:29,4624,10,3048,An account was successfully logged on. Subject: Security ID: S-1-5-21-1234567890 Account Name: Administrator Account Domain: CORP Logon Type: 3.,0,Benign
2026-02-28 08:34:50,4688,2,2627,A new process has been created. New Process Name: C:\Program Files\Google\Chrome\chrome.exe Command Line: chrome.exe --type=renderer.,0,Benign
2026-02-26 11:15:33,4625,10,1410,An account failed to log on. Logon Type: 10 Remote Desktop Services.,0,Benign
2026-02-28 14:31:07,4672,11,334,Special privileges assigned to new logon. Subject: Security ID: S-1-5-21-1234567890 Account Name: Administrator Privileges: SeDebugPrivilege.,0,Benign
2026-02-23 10:08:43,4624,11,7373,An account was successfully logged on. Subject: Security ID: S-1-5-21-1234567890 Account Name: Administrator Account Domain: CORP Logon Type: 3.,0,Benign
2026-02-23 04:07:55,4624,10,9115,An account was successfully logged on. Logon Type: 10 Remote Desktop Services.,0,Benign
2026-02-28 02:30:52,4648,12,2547,An account was successfully logged on. Logon Type: 3 New Logon: admin.,1,T1046
2026-03-01 16:16:22,4625,5,9914,An account failed to log on. Failure Reason: Unknown user name or bad password. Status: 0xC000006D Sub Status: 0xC000006A.,0,Benign
2026-02-28 15:17:06,4624,7,5703,An account was successfully logged on. Logon Type: 2 Interactive.,0,Benign
2026-02-28 15:27:33,4625,12,2162,An account failed to log on. Failure Reason: Unknown user name or bad password. Status: 0xC000006D Sub Status: 0xC000006A.,0,Benign
2026-02-27 14:12:06,4720,7,7479,A user account was created. New Account Name: tempuser New Account Domain: CORP.,0,Benign
2026-02-28 10:58:25,4634,11,3659,An account was logged off. Logon Type: 3.,0,Benign
2026-02-24 14:09:52,4624,9,3559,An account was successfully logged on. New Logon: Account Name: jdoe Account Domain: CORP Logon ID: 0x1A2B3C.,0,Benign
2026-02-23 12:16:50,4624,12,9511,An account was successfully logged on. Logon Type: 2 Interactive.,0,Benign
2026-02-28 10:37:54,4624,7,1405,An account was successfully logged on. Logon Type: 10 Remote Desktop Services.,0,Benign
2026-02-23 10:31:46,4624,7,7016,An account was successfully logged on. Subject: Security ID: S-1-5-21-1234567890 Account Name: Administrator Account Domain: CORP Logon Type: 3.,0,Benign
2026-02-24 13:31:33,4720,7,774,A user account was created. New Account Name: test_account.,0,Benign
2026-02-24 12:04:49,4688,8,3133,A new process has been created. New Process Name: C:\Windows\System32\notepad.exe.,1,Benign
2026-02-25 10:35:14,4634,7,3329,An account was logged off. Logon Type: 2 Interactive.,0,Benign
2026-02-27 14:22:44,4625,7,5248,An account failed to log on. Failure Reason: Account locked out.,0,Benign
2026-02-24 16:28:56,4624,9,5904,An account was successfully logged on. Logon Type: 10 Remote Desktop Services.,0,Benign
2026-02-26 15:53:12,4625,7,6908,An account failed to log on. Account Name: administrator Source Network Address: 192.168.1.50.,0,Benign
2026-02-27 07:11:01,4688,5,5796,A new process has been created. New Process Name: C:\Windows\System32\taskhostw.exe.,0,Benign
2026-02-27 08:30:56,4625,2,5158,An account failed to log on. Logon Type: 10 Remote Desktop Services.,0,Benign
2026-02-25 14:02:25,4624,8,2034,An account was successfully logged on. Logon Type: 10 Remote Desktop Services.,0,Benign
2026-02-28 16:13:12,4624,11,5442,An account was successfully logged on. Subject: Security ID: S-1-5-21-1234567890 Account Name: Administrator Account Domain: CORP Logon Type: 3.,0,Benign
2026-02-26 01:24:58,4634,7,7248,An account was logged off. Subject: Security ID: S-1-5-21-1234567890 Account Name: jdoe.,0,Benign
2026-02-25 08:59:46,4625,10,5915,An account failed to log on. Account Name: administrator Source Network Address: 192.168.1.50.,0,Benign
2026-02-24 16:01:37,4688,9,3061,A new process has been created. New Process Name: C:\Windows\System32\svchost.exe Creator Process Name: C:\Windows\System32\services.exe.,0,Benign
2026-02-27 16:35:25,4625,11,6293,An account failed to log on. Account Name: administrator Source Network Address: 192.168.1.50.,0,Benign
2026-02-28 15:38:17,4688,10,6829,A new process has been created. New Process Name: C:\Windows\System32\svchost.exe Creator Process Name: C:\Windows\System32\services.exe.,0,Benign
2026-03-01 09:48:22,4624,3,4163,An account was successfully logged on. Subject: Security ID: S-1-5-21-1234567890 Account Name: Administrator Account Domain: CORP Logon Type: 3.,0,Benign
2026-02-24 00:54:15,4624,2,7898,An account was successfully logged on. New Logon: Account Name: jdoe Account Domain: CORP Logon ID: 0x1A2B3C.,0,Benign
2026-03-01 08:23:54,4625,8,3749,An account failed to log on. Account Name: administrator Source Network Address: 192.168.1.50.,0,Benign
2026-02-28 21:42:37,1100,11,8611,The audit log was cleared. Account Name: administrator.,1,T1070
2026-02-25 15:08:54,4624,3,9317,An account was successfully logged on. Logon Type: 10 Remote Desktop Services.,0,Benign
2026-03-01 17:12:39,4624,5,1386,An account was successfully logged on. Subject: Security ID: S-1-5-21-1234567890 Account Name: Administrator Account Domain: CORP Logon Type: 3.,0,Benign
2026-03-01 14:51:22,4634,7,5285,An account was logged off. Subject: Security ID: S-1-5-21-1234567890 Account Name: jdoe.,0,Benign
2026-03-01 10:15:23,4648,3,1221,A logon was attempted using explicit credentials. Process: C:\Windows\System32\runas.exe.,0,Benign
2026-02-27 09:27:10,4634,9,6569,An account was logged off. Logon Type: 2 Interactive.,0,Benign
2026-02-26 14:01:05,4625,9,9492,An account failed to log on. Logon Type: 10 Remote Desktop Services.,0,Benign
2026-02-24 15:59:09,4648,3,5226,A logon was attempted using explicit credentials. Target Server: localhost Target User: admin.,0,Benign
2026-02-28 13:54:52,4688,5,9590,A new process has been created. New Process Name: C:\Windows\System32\taskhostw.exe.,0,Benign
2026-02-26 19:14:48,1100,12,3146,The event logging service has shut down. Reason: The log was cleared by user.,1,T1070
2026-02-25 11:59:12,4625,11,1610,An account failed to log on. Subject: Security ID: S-1-0-0 Account Name: - Account Domain: - Logon Type: 3.,0,Benign
2026-03-01 12:58:39,4624,7,2928,An account was successfully logged on. New Logon: Account Name: jdoe Account Domain: CORP Logon ID: 0x1A2B3C.,0,Benign
2026-02-26 12:24:33,4648,12,6050,A logon was attempted using explicit credentials. Target Server: localhost Target User: admin.,0,Benign
2026-02-25 13:33:26,4624,8,4825,An account was successfully logged on. Logon Type: 2 Interactive.,0,Benign
2026-03-01 12:25:28,4688,7,6537,A new process has been created. New Process Name: C:\Program Files\Google\Chrome\chrome.exe Command Line: chrome.exe --type=renderer.,0,Benign
2026-02-23 00:14:33,4624,2,5588,An account was successfully logged on. Subject: Security ID: S-1-5-18 Account Name: SYSTEM Account Domain: NT AUTHORITY Logon ID: 0x3E7 Logon Type: 5.,0,Benign
2026-02-28 10:05:09,4672,11,8695,Special privileges assigned to new logon. Subject: Security ID: S-1-5-21-1234567890 Account Name: Administrator Privileges: SeDebugPrivilege.,0,Benign
2026-02-27 08:17:52,4688,3,756,A new process has been created. New Process Name: C:\Windows\System32\svchost.exe Creator Process Name: C:\Windows\System32\services.exe.,0,Benign
2026-02-25 20:05:20,4624,7,8884,An account was successfully logged on. Subject: Security ID: S-1-5-18 Account Name: SYSTEM Account Domain: NT AUTHORITY Logon ID: 0x3E7 Logon Type: 5.,0,Benign
2026-02-25 18:11:05,4688,5,4769,A new process has been created. New Process Name: C:\Windows\System32\svchost.exe Creator Process Name: C:\Windows\System32\services.exe.,0,Benign
2026-02-26 16:52:44,4624,2,3814,An account was successfully logged on. Subject: Security ID: S-1-5-18 Account Name: SYSTEM Account Domain: NT AUTHORITY Logon ID: 0x3E7 Logon Type: 5.,0,Benign
2026-02-27 17:27:38,4624,10,5018,An account was successfully logged on. Subject: Security ID: S-1-5-18 Account Name: SYSTEM Account Domain: NT AUTHORITY Logon ID: 0x3E7 Logon Type: 5.,0,Benign
2026-02-25 12:29:47,4625,8,9315,An account was successfully logged on. Logon Type: 3 Source Network Address: 192.168.1.100.,1,T1046
2026-03-01 13:24:21,4634,5,9006,An account was logged off. Subject: Security ID: S-1-5-21-1234567890 Account Name: jdoe.,0,Benign
2026-02-28 12:28:55,4624,5,828,An account was successfully logged on. Subject: Security ID: S-1-5-21-1234567890 Account Name: Administrator Account Domain: CORP Logon Type: 3.,0,Benign
2026-02-24 15:04:13,4624,2,5871,An account was successfully logged on. Subject: Security ID: S-1-5-21-1234567890 Account Name: Administrator Account Domain: CORP Logon Type: 3.,0,Benign
2026-02-23 10:24:25,4634,9,4359,An account was logged off. Logon Type: 3.,0,Benign
2026-02-25 00:41:46,4672,3,6319,Special privileges assigned to new logon. Subject: Security ID: S-1-5-21-1234567890 Account Name: Administrator Privileges: SeDebugPrivilege.,0,Benign
2026-02-28 22:58:26,4624,3,2485,An account was successfully logged on. Logon Type: 2 Interactive.,0,Benign
2026-02-27 11:53:56,4634,3,6145,An account was logged off. Logon Type: 3.,1,Benign
2026-02-28 14:01:06,4624,9,151,An account was successfully logged on. Logon Type: 10 Remote Desktop Services.,0,Benign
2026-02-24 16:00:07,4648,7,7388,A logon was attempted using explicit credentials. Target Server: DC01 Target User: backup_svc.,0,Benign
2026-02-28 13:12:08,4624,8,881,An account was successfully logged on. Subject: Security ID: S-1-5-21-1234567890 Account Name: Administrator Account Domain: CORP Logon Type: 3.,0,Benign
2026-02-28 16:31:24,4624,2,1012,An account was successfully logged on. Logon Type: 2 Interactive.,0,Benign
2026-02-23 10:34:14,4648,7,1422,A logon was attempted using explicit credentials. Target Server: localhost Target User: admin.,0,Benign
2026-02-23 11:11:47,4648,8,6552,A logon was attempted using explicit credentials. Target Server: DC01 Target User: backup_svc.,0,Benign
2026-02-26 12:42:02,4732,8,8255,A member was added to a security-enabled local group. Member Name: svc_backup Group Name: Backup Operators.,0,Benign
2026-02-28 19:09:20,4648,3,7618,A logon was attempted using explicit credentials. Process: C:\Windows\System32\runas.exe.,0,Benign
2026-02-26 08:30:57,4672,5,7477,Special privileges assigned to new logon. Subject: Security ID: S-1-5-21-1234567890 Account Name: Administrator Privileges: SeDebugPrivilege.,0,Benign
2026-02-23 12:39:45,4648,12,3607,A logon was attempted using explicit credentials. Target Server: DC01 Target User: backup_svc.,0,Benign
2026-02-26 02:46:46,4634,3,642,An account was logged off. Logon Type: 2 Interactive.,0,Benign
2026-02-23 02:45:16,4624,7,8615,An account was successfully logged on. New Logon: Account Name: jdoe Account Domain: CORP Logon ID: 0x1A2B3C.,0,Benign
2026-03-01 14:07:48,4624,9,5384,An account was successfully logged on. Logon Type: 10 Remote Desktop Services.,0,Benign
2026-02-26 11:57:25,4634,8,8578,An account was logged off. Logon Type: 2 Interactive.,0,Benign
2026-02-24 10:32:41,4625,8,9206,An account failed to log on. Logon Type: 10 Remote Desktop Services.,0,Benign
2026-02-26 18:06:26,4624,8,9979,An account was successfully logged on. Logon Type: 2 Interactive.,0,Benign
2026-03-01 13:42:04,4624,9,856,An account was successfully logged on. New Logon: Account Name: jdoe Account Domain: CORP Logon ID: 0x1A2B3C.,0,Benign
2026-03-01 18:49:09,1102,3,8213,The audit log was cleared. Account Name: administrator.,1,T1070
2026-02-28 04:11:45,4625,11,5825,An account failed to log on. Failure Reason: Unknown user name or bad password. Status: 0xC000006D Sub Status: 0xC000006A.,0,Benign
2026-02-28 15:02:40,4732,10,9959,A member was added to a security-enabled local group. Member Name: svc_backup Group Name: Backup Operators.,0,Benign
2026-02-24 13:58:33,4688,5,6224,A new process has been created. New Process Name: C:\Windows\System32\taskhostw.exe.,0,Benign
2026-03-01 03:38:22,4624,10,784,An account was successfully logged on. Logon Type: 2 Interactive.,0,Benign
2026-02-23 09:24:20,4688,7,4099,A new process has been created. New Process Name: C:\Windows\System32\svchost.exe Creator Process Name: C:\Windows\System32\services.exe.,0,Benign
2026-02-26 13:22:50,4624,7,2015,An account was successfully logged on. New Logon: Account Name: jdoe Account Domain: CORP Logon ID: 0x1A2B3C.,0,Benign
2026-02-26 21:04:13,4624,5,6646,An account was successfully logged on. Subject: Security ID: S-1-5-21-1234567890 Account Name: Administrator Account Domain: CORP Logon Type: 3.,0,Benign
2026-02-23 16:28:12,4624,11,652,An account was successfully logged on. Subject: Security ID: S-1-5-21-1234567890 Account Name: Administrator Account Domain: CORP Logon Type: 3.,0,Benign
2026-02-27 13:39:35,4688,7,9896,A new process has been created. New Process Name: C:\Windows\System32\notepad.exe.,0,Benign
2026-02-23 19:14:23,4624,5,8003,An account was successfully logged on. Logon Type: 2 Interactive.,0,Benign
2026-02-25 19:44:02,1100,8,9106,The audit log was cleared. Subject: Security ID: S-1-5-21-9876543210 Account Name: attacker.,1,T1070
2026-03-01 11:55:25,4672,5,7487,Special privileges assigned to new logon. Account Name: SYSTEM Privileges: SeBackupPrivilege SeRestorePrivilege.,1,Benign
2026-02-23 15:29:46,4732,12,6871,A member was added to a security-enabled local group. Member Name: svc_backup Group Name: Backup Operators.,0,Benign
2026-02-26 16:19:49,4648,12,7117,A logon was attempted using explicit credentials. Target Server: localhost Target User: admin.,0,Benign
2026-02-28 14:47:55,4672,3,294,Special privileges assigned to new logon. Subject: Security ID: S-1-5-21-1234567890 Account Name: Administrator Privileges: SeDebugPrivilege.,0,Benign
2026-02-24 12:47:16,4624,2,7163,An account was successfully logged on. Subject: Security ID: S-1-5-18 Account Name: SYSTEM Account Domain: NT AUTHORITY Logon ID: 0x3E7 Logon Type: 5.,0,Benign
2026-02-26 08:42:13,4720,9,2103,A user account was created. New Account Name: test_account.,0,Benign
2026-03-01 12:55:03,4634,5,2889,An account was logged off. Logon Type: 3.,0,Benign
2026-03-01 17:47:29,4624,12,6229,An account was successfully logged on. New Logon: Account Name: jdoe Account Domain: CORP Logon ID: 0x1A2B3C.,0,Benign
2026-02-25 09:36:16,4625,3,4527,An account failed to log on. Subject: Security ID: S-1-0-0 Account Name: - Account Domain: - Logon Type: 3.,0,Benign
2026-02-27 16:16:42,4720,12,863,A user account was created. New Account Name: svc_backup New Account Domain: CORP.,0,Benign
2026-02-24 08:12:51,4648,7,2923,A logon was attempted using explicit credentials. Process: C:\Windows\System32\runas.exe.,0,Benign
2026-02-27 17:25:21,4624,8,4532,An account was successfully logged on. Logon Type: 2 Interactive.,0,Benign
2026-03-01 06:21:01,4624,3,9102,An account was successfully logged on. Logon Type: 2 Interactive.,0,Benign
2026-02-27 10:28:09,4624,12,4700,An account was successfully logged on. Subject: Security ID: S-1-5-21-1234567890 Account Name: Administrator Account Domain: CORP Logon Type: 3.,0,Benign
2026-02-27 16:27:07,4732,7,5436,A member was added to a security-enabled local group. Member Name: tempuser Group Name: Administrators.,0,Benign
2026-02-28 11:41:42,4634,11,7904,An account was logged off. Subject: Security ID: S-1-5-21-1234567890 Account Name: jdoe.,0,Benign
2026-02-27 14:33:28,4688,7,3836,A new process has been created. New Process Name: C:\Program Files\Google\Chrome\chrome.exe Command Line: chrome.exe --type=renderer.,0,Benign
2026-02-24 11:58:33,4625,9,8139,An account failed to log on. Failure Reason: Unknown user name or bad password. Status: 0xC000006D Sub Status: 0xC000006A.,0,Benign
2026-02-26 16:29:34,4624,9,4937,An account was successfully logged on. Logon Type: 10 Remote Desktop Services.,0,Benign
2026-03-01 04:49:43,4624,7,6208,An account was successfully logged on. Subject: Security ID: S-1-5-21-1234567890 Account Name: Administrator Account Domain: CORP Logon Type: 3.,0,Benign
2026-02-23 08:34:06,4688,11,4979,A new process has been created. New Process Name: C:\Windows\System32\cmd.exe Command Line: cmd.exe /c dir.,0,Benign
2026-02-26 10:25:39,4624,8,264,An account was successfully logged on. Logon Type: 10 Remote Desktop Services.,0,Benign
2026-02-26 08:18:59,4672,3,2739,Special privileges assigned to new logon. Account Name: SYSTEM Privileges: SeBackupPrivilege SeRestorePrivilege.,0,Benign
2026-02-23 20:56:45,4625,2,6258,An account failed to log on. Account Name: administrator Source Network Address: 192.168.1.50.,0,Benign
2026-02-25 15:58:05,4624,7,4787,An account was successfully logged on. Logon Type: 10 Remote Desktop Services.,0,Benign
2026-02-24 11:35:25,4624,3,3536,An account was successfully logged on. Logon Type: 10 Remote Desktop Services.,0,Benign
2026-03-01 11:53:10,4648,2,2225,A logon was attempted using explicit credentials. Target Server: localhost Target User: admin.,0,Benign
2026-02-24 14:19:59,4624,7,2678,An account was successfully logged on. Subject: Security ID: S-1-5-21-1234567890 Account Name: Administrator Account Domain: CORP Logon Type: 3.,0,Benign
2026-02-27 13:49:37,4624,9,4445,An account was successfully logged on. Subject: Security ID: S-1-5-21-1234567890 Account Name: Administrator Account Domain: CORP Logon Type: 3.,0,Benign
2026-02-23 02:41:46,4688,7,460,A new process has been created. New Process Name: C:\Windows\System32\taskhostw.exe.,0,Benign
2026-02-27 05:24:43,4625,9,6235,An account failed to log on. Account Name: administrator Source Network Address: 192.168.1.50.,0,Benign
2026-02-24 11:14:23,4648,7,9647,A logon was attempted using explicit credentials. Process: C:\Windows\System32\runas.exe.,0,Benign
2026-03-01 17:53:31,4624,8,4735,An account was successfully logged on. Subject: Security ID: S-1-5-18 Account Name: SYSTEM Account Domain: NT AUTHORITY Logon ID: 0x3E7 Logon Type: 5.,0,Benign
2026-02-25 13:35:20,4648,12,1296,A logon was attempted using explicit credentials. Target Server: localhost Target User: admin.,0,Benign
2026-02-23 15:39:35,4625,10,9784,An account failed to log on. Failure Reason: Account locked out.,0,Benign
2026-02-28 20:41:27,4625,3,1797,An account failed to log on. Failure Reason: Unknown user name or bad password. Status: 0xC000006D Sub Status: 0xC000006A.,0,Benign
2026-03-01 15:26:00,4624,8,9257,An account was successfully logged on. Subject: Security ID: S-1-5-18 Account Name: SYSTEM Account Domain: NT AUTHORITY Logon ID: 0x3E7 Logon Type: 5.,0,Benign
2026-02-26 17:50:01,4624,3,5212,An account was successfully logged on. Logon Type: 10 Remote Desktop Services.,0,Benign
2026-02-27 07:44:15,4624,5,9320,An account was successfully logged on. Logon Type: 2 Interactive.,0,Benign
2026-02-28 12:22:20,4624,7,693,An account was successfully logged on. Subject: Security ID: S-1-5-18 Account Name: SYSTEM Account Domain: NT AUTHORITY Logon ID: 0x3E7 Logon Type: 5.,0,Benign
2026-02-28 19:36:02,4624,12,5025,An account was successfully logged on. Subject: Security ID: S-1-5-18 Account Name: SYSTEM Account Domain: NT AUTHORITY Logon ID: 0x3E7 Logon Type: 5.,0,Benign
2026-02-27 01:31:05,4625,3,8908,An account failed to log on. Failure Reason: Account locked out.,0,Benign
2026-02-26 15:12:54,4624,10,5510,An account was successfully logged on. Logon Type: 2 Interactive.,0,Benign
2026-03-01 15:43:35,4624,12,2826,An account was successfully logged on. Logon Type: 2 Interactive.,0,Benign
2026-02-26 12:38:20,4624,5,7797,An account was successfully logged on. Logon Type: 2 Interactive.,0,Benign
2026-02-24 22:02:06,4624,2,8089,An account was successfully logged on. Logon Type: 2 Interactive.,0,Benign
2026-02-26 17:37:41,4624,10,5584,An account was successfully logged on. Subject: Security ID: S-1-5-18 Account Name: SYSTEM Account Domain: NT AUTHORITY Logon ID: 0x3E7 Logon Type: 5.,0,Benign
2026-02-24 09:25:11,4625,3,676,An account failed to log on. Subject: Security ID: S-1-0-0 Account Name: - Account Domain: - Logon Type: 3.,0,Benign
2026-02-23 19:22:54,4672,11,8914,Special privileges assigned to new logon. Subject: Security ID: S-1-5-21-1234567890 Account Name: Administrator Privileges: SeDebugPrivilege.,0,Benign
2026-02-24 17:40:13,4624,11,2184,An account was successfully logged on. Subject: Security ID: S-1-5-18 Account Name: SYSTEM Account Domain: NT AUTHORITY Logon ID: 0x3E7 Logon Type: 5.,0,Benign
