2026-02-23 09:59:24,4688,11,2936,A new process has been created. New Process Name: C:\Windows\System32\taskhostw.exe.,0,Benign
2026-02-23 09:26:09,4648,8,5605,A logon was attempted using explicit credentials. Target Server: DC01 Target User: backup_svc.,0,Benign
2026-03-01 09:39:37,4625,10,8369,An account failed to log on. Failure Reason: Account locked out.,0,Benign
2026-02-25 14:16:45,4648,7,1690,A logon was attempted using explicit credentials. Process: C:\Windows\System32\runas.exe.,0,Benign
2026-02-26 10:58:20,4634,5,2756,An account was logged off. Logon Type: 3.,0,Benign
2026-03-01 14:25:16,4672,11,1767,Special privileges assigned to new logon. Subject: Security ID: S-1-5-18 Privileges: SeAssignPrimaryTokenPrivilege SeTcbPrivilege SeSecurityPrivilege.,0,Benign
2026-03-01 09:49:55,4634,10,7226,An account was logged off. Logon Type: 3.,0,Benign
2026-02-24 20:35:55,4624,3,3280,An account was successfully logged on. Subject: Security ID: S-1-5-21-1234567890 Account Name: Administrator Account Domain: CORP Logon Type: 3.,0,Benign
2026-02-26 16:36:28,4624,11,478,An account was successfully logged on. Subject: Security ID: S-1-5-18 Account Name: SYSTEM Account Domain: NT AUTHORITY Logon ID: 0x3E7 Logon Type: 5.,0,Benign
2026-02-25 13:06:57,4672,5,8526,Special privileges assigned to new logon. Subject: Security ID: S-1-5-21-1234567890 Account Name: Administrator Privileges: SeDebugPrivilege.,0,Benign
2026-02-24 08:23:12,4648,3,2159,A logon was attempted using explicit credentials. Target Server: DC01 Target User: backup_svc.,0,Benign
2026-02-26 09:50:21,4624,8,107,An account was successfully logged on. New Logon: Account Name: jdoe Account Domain: CORP Logon ID: 0x1A2B3C.,0,Benign
2026-02-26 05:20:22,4634,11,2020,An account was logged off. Logon Type: 3.,0,Benign
2026-02-28 10:44:46,4688,9,7147,A new process has been created. New Process Name: C:\Windows\System32\svchost.exe Creator Process Name: C:\Windows\System32\services.exe.,0,Benign
2026-02-28 10:26:16,4624,10,493,An account was successfully logged on. Logon Type: 2 Interactive.,0,Benign
2026-02-27 14:42:16,4624,10,2980,An account was successfully logged on. Logon Type: 10 Remote Desktop Services.,0,Benign
2026-02-25 21:58:26,4634,12,7456,An account was logged off. Subject: Security ID: S-1-5-21-1234567890 Account Name: jdoe.,0,Benign
2026-02-27 10:03:44,4688,5,6706,A new process has been created. New Process Name: C:\Windows\System32\notepad.exe.,0,Benign
2026-02-26 07:54:31,4688,3,2601,A new process has been created. New Process Name: C:\Program Files\Google\Chrome\chrome.exe Command Line: chrome.exe --type=renderer.,0,Benign
2026-03-01 11:15:12,4624,11,7266,An account was successfully logged on. Logon Type: 2 Interactive.,0,Benign
2026-03-01 23:20:56,4688,8,5408,A new process has been created. New Process Name: C:\Program Files\Google\Chrome\chrome.exe Command Line: chrome.exe --type=renderer.,0,Benign
2026-02-27 14:11:53,4624,3,9578,An account was successfully logged on. Subject: Security ID: S-1-5-21-1234567890 Account Name: Administrator Account Domain: CORP Logon Type: 3.,0,Benign
2026-02-25 14:58:39,4634,2,6121,An account was logged off. Logon Type: 2 Interactive.,0,Benign
2026-02-27 14:47:13,4624,8,5355,An account was successfully logged on. Logon Type: 10 Remote Desktop Services.,0,Benign
2026-02-28 11:20:36,4688,7,2304,A new process has been created. New Process Name: C:\Windows\System32\svchost.exe Creator Process Name: C:\Windows\System32\services.exe.,0,Benign
2026-02-23 03:41:15,4624,3,6578,An account was successfully logged on. Logon Type: 2 Interactive.,0,Benign
2026-03-01 15:20:48,4624,3,6957,An account was successfully logged on. Logon Type: 10 Remote Desktop Services.,0,Benign
2026-02-25 14:14:19,4625,3,2043,An account failed to log on. Account Name: administrator Source Network Address: 192.168.1.50.,0,Benign
2026-02-24 11:58:38,4624,2,9623,An account was successfully logged on. Subject: Security ID: S-1-5-21-1234567890 Account Name: Administrator Account Domain: CORP Logon Type: 3.,0,Benign
2026-02-27 11:54:00,4624,10,2786,An account was successfully logged on. Logon Type: 10 Remote Desktop Services.,0,Benign
2026-02-25 16:36:21,4634,9,1125,An account was logged off. Logon Type: 3.,0,Benign
2026-02-26 13:45:20,4624,7,9131,An account was successfully logged on. New Logon: Account Name: jdoe Account Domain: CORP Logon ID: 0x1A2B3C.,0,Benign
2026-02-28 13:17:55,4672,5,4922,Special privileges assigned to new logon. Account Name: SYSTEM Privileges: SeBackupPrivilege SeRestorePrivilege.,0,Benign
2026-02-26 17:16:52,4634,3,8345,An account was logged off. Logon Type: 2 Interactive.,0,Benign
2026-02-25 11:32:26,4720,12,5981,A user account was created. New Account Name: test_account.,0,Benign
2026-03-01 13:55:01,4625,3,7167,An account failed to log on. Logon Type: 10 Remote Desktop Services.,0,Benign
2026-02-23 13:44:03,4625,8,9046,An account failed to log on. Failure Reason: Account locked out.,0,Benign
2026-02-27 09:52:44,4672,10,801,Special privileges assigned to new logon. Subject: Security ID: S-1-5-21-1234567890 Account Name: Administrator Privileges: SeDebugPrivilege.,0,Benign
2026-03-01 23:03:20,4624,8,1013,An account was successfully logged on. Subject: Security ID: S-1-5-18 Account Name: SYSTEM Account Domain: NT AUTHORITY Logon ID: 0x3E7 Logon Type: 5.,0,Benign
2026-03-01 15:57:31,4624,2,3445,An account was successfully logged on. New Logon: Account Name: jdoe Account Domain: CORP Logon ID: 0x1A2B3C.,0,Benign
2026-03-01 14:32:20,4648,12,9929,A logon was attempted using explicit credentials. Target Server: DC01 Target User: backup_svc.,0,Benign
2026-02-28 15:15:35,4624,2,3833,An account was successfully logged on. Subject: Security ID: S-1-5-21-1234567890 Account Name: Administrator Account Domain: CORP Logon Type: 3.,0,Benign
2026-03-01 09:26:28,4624,2,1140,An account was successfully logged on. Subject: Security ID: S-1-5-18 Account Name: SYSTEM Account Domain: NT AUTHORITY Logon ID: 0x3E7 Logon Type: 5.,0,Benign
2026-02-27 13:57:30,4648,12,8494,A logon was attempted using explicit credentials. Target Server: localhost Target User: admin.,0,Benign
2026-02-26 09:46:24,4648,3,4242,A logon was attempted using explicit credentials. Target Server: localhost Target User: admin.,0,Benign
2026-02-25 10:17:41,4625,3,4660,An account failed to log on. Failure Reason: Account locked out.,0,Benign
2026-02-23 14:52:24,4624,11,190,An account was successfully logged on. Subject: Security ID: S-1-5-21-1234567890 Account Name: Administrator Account Domain: CORP Logon Type: 3.,0,Benign
2026-02-28 13:18:01,4624,8,4076,An account was successfully logged on. Logon Type: 10 Remote Desktop Services.,0,Benign
2026-02-25 17:14:52,4624,11,6746,An account was successfully logged on. Logon Type: 2 Interactive.,0,Benign
2026-03-01 04:21:13,4688,10,8271,Special privileges assigned to new logon. Account Name: SYSTEM Privileges: SeDebugPrivilege.,1,T1003
2026-02-23 09:42:20,4688,10,4473,A new process has been created. New Process Name: C:\Program Files\Google\Chrome\chrome.exe Command Line: chrome.exe --type=renderer.,0,Benign
2026-02-28 15:16:55,4688,10,2710,A new process has been created. New Process Name: C:\Windows\System32\notepad.exe.,0,Benign
2026-02-23 17:03:08,4624,9,6801,An account was successfully logged on. New Logon: Account Name: jdoe Account Domain: CORP Logon ID: 0x1A2B3C.,0,Benign
2026-03-01 09:44:49,4634,8,8869,An account was logged off. Subject: Security ID: S-1-5-21-1234567890 Account Name: jdoe.,0,Benign
2026-02-26 08:51:33,4624,8,6249,An account was successfully logged on. Logon Type: 10 Remote Desktop Services.,0,Benign
2026-02-23 12:58:35,4624,7,6086,An account failed to log on. Failure Reason: Account locked out.,1,T1110
2026-02-28 04:55:41,4688,3,3033,A new process has been created. New Process Name: C:\Windows\System32\notepad.exe.,0,Benign
2026-02-25 05:06:00,4625,10,7601,An account failed to log on. Logon Type: 10 Remote Desktop Services.,0,Benign
2026-02-27 09:41:22,4634,11,6170,An account was logged off. Logon Type: 3.,0,Benign
2026-02-26 10:50:45,4624,7,493,An account was successfully logged on. Subject: Security ID: S-1-5-18 Account Name: SYSTEM Account Domain: NT AUTHORITY Logon ID: 0x3E7 Logon Type: 5.,0,Benign
2026-02-25 17:04:03,4624,9,7142,An account was successfully logged on. Subject: Security ID: S-1-5-21-1234567890 Account Name: Administrator Account Domain: CORP Logon Type: 3.,0,Benign
2026-02-28 13:31:28,4624,11,8479,An account was successfully logged on. Logon Type: 10 Remote Desktop Services.,0,Benign
2026-03-01 12:51:07,4634,10,2099,An account was logged off. Logon Type: 3.,0,Benign
2026-03-01 09:24:34,4634,10,6983,An account was logged off. Subject: Security ID: S-1-5-21-1234567890 Account Name: jdoe.,0,Benign
2026-02-27 02:36:35,4634,7,2675,An account was logged off. Logon Type: 2 Interactive.,0,Benign
2026-02-24 00:21:32,4688,11,5588,A new process has been created. New Process Name: C:\Program Files\Google\Chrome\chrome.exe Command Line: chrome.exe --type=renderer.,0,Benign
2026-02-28 09:53:53,4624,8,286,An account was successfully logged on. Subject: Security ID: S-1-5-21-1234567890 Account Name: Administrator Account Domain: CORP Logon Type: 3.,0,Benign
2026-02-23 23:44:29,4625,10,8894,An account failed to log on. Logon Type: 10 Remote Desktop Services.,0,Benign
2026-02-26 17:30:23,4688,10,3327,A new process has been created. New Process Name: C:\Program Files\Google\Chrome\chrome.exe Command Line: chrome.exe --type=renderer.,0,Benign
2026-02-26 09:00:57,4625,9,8470,An account failed to log on. Subject: Security ID: S-1-0-0 Account Name: - Account Domain: - Logon Type: 3.,0,Benign
2026-02-25 12:59:04,4688,7,463,A new process has been created. New Process Name: C:\Program Files\Google\Chrome\chrome.exe Command Line: chrome.exe --type=renderer.,0,Benign
2026-02-27 12:14:55,4688,3,3399,A new process has been created. New Process Name: C:\Program Files\Google\Chrome\chrome.exe Command Line: chrome.exe --type=renderer.,0,Benign
2026-03-01 15:10:24,4688,10,3441,A new process has been created. New Process Name: C:\Windows\System32\taskhostw.exe.,0,Benign
2026-02-25 00:41:57,4688,8,3602,A new process has been created. New Process Name: C:\Windows\System32\svchost.exe Creator Process Name: C:\Windows\System32\services.exe.,0,Benign
2026-02-23 09:24:47,4624,3,5258,An account was successfully logged on. Subject: Security ID: S-1-5-21-1234567890 Account Name: Administrator Account Domain: CORP Logon Type: 3.,0,Benign
2026-02-27 09:06:02,4625,8,7395,An account failed to log on. Subject: Security ID: S-1-0-0 Account Name: - Account Domain: - Logon Type: 3.,0,Benign
2026-02-28 11:58:37,4625,9,4767,An account failed to log on. Failure Reason: Unknown user name or bad password. Status: 0xC000006D Sub Status: 0xC000006A.,0,Benign
2026-03-01 10:14:24,4648,10,6782,A logon was attempted using explicit credentials. Process: C:\Windows\System32\runas.exe.,0,Benign
2026-02-26 10:55:07,4625,2,4505,An account failed to log on. Failure Reason: Unknown user name or bad password. Status: 0xC000006D Sub Status: 0xC000006A.,0,Benign
2026-02-28 11:30:48,4624,12,5652,An account was successfully logged on. Logon Type: 10 Remote Desktop Services.,0,Benign
2026-03-01 10:35:32,4624,5,1381,An account was successfully logged on. Subject: Security ID: S-1-5-18 Account Name: SYSTEM Account Domain: NT AUTHORITY Logon ID: 0x3E7 Logon Type: 5.,0,Benign
2026-02-26 13:36:34,4720,2,7587,A user account was created. New Account Name: tempuser New Account Domain: CORP.,0,Benign
2026-03-01 12:28:56,4624,2,4864,An account was successfully logged on. Logon Type: 10 Remote Desktop Services.,0,Benign
2026-02-27 08:50:14,4624,7,825,An account was successfully logged on. New Logon: Account Name: jdoe Account Domain: CORP Logon ID: 0x1A2B3C.,0,Benign
2026-02-27 08:39:31,4624,2,2150,An account was successfully logged on. New Logon: Account Name: jdoe Account Domain: CORP Logon ID: 0x1A2B3C.,0,Benign
2026-02-26 16:58:44,4624,12,5420,An account was successfully logged on. Logon Type: 10 Remote Desktop Services.,0,Benign
2026-02-25 16:09:15,4688,11,243,A new process has been created. New Process Name: C:\Windows\System32\taskhostw.exe.,0,Benign
2026-02-23 14:16:48,4624,2,941,An account was successfully logged on. Logon Type: 2 Interactive.,0,Benign
2026-02-27 00:06:54,4688,8,1331,A new process has been created. New Process Name: C:\Windows\System32\cmd.exe Command Line: cmd.exe /c dir.,0,Benign
2026-02-27 08:46:43,4720,12,3825,A user account was created. New Account Name: test_account.,0,Benign
2026-02-28 13:00:55,4672,11,4652,Special privileges assigned to new logon. Subject: Security ID: S-1-5-21-1234567890 Account Name: Administrator Privileges: SeDebugPrivilege.,0,Benign
2026-03-01 02:03:58,4624,8,3936,An account was successfully logged on. Logon Type: 2 Interactive.,0,Benign
2026-02-27 15:04:14,4648,10,4682,A logon was attempted using explicit credentials. Target Server: DC01 Target User: backup_svc.,0,Benign
2026-02-26 10:50:04,4624,11,3406,An account was successfully logged on. Logon Type: 2 Interactive.,0,Benign
2026-02-23 11:25:35,4624,5,7048,An account was successfully logged on. Logon Type: 2 Interactive.,0,Benign
2026-03-01 12:19:40,4634,9,459,An account was logged off. Logon Type: 2 Interactive.,0,Benign
2026-02-23 14:10:03,4648,2,4576,A logon was attempted using explicit credentials. Target Server: localhost Target User: admin.,0,Benign
2026-02-28 22:26:45,4624,3,5669,An account was successfully logged on. Subject: Security ID: S-1-5-18 Account Name: SYSTEM Account Domain: NT AUTHORITY Logon ID: 0x3E7 Logon Type: 5.,0,Benign
2026-02-27 19:33:53,4624,11,1750,An account was successfully logged on. Subject: Security ID: S-1-5-18 Account Name: SYSTEM Account Domain: NT AUTHORITY Logon ID: 0x3E7 Logon Type: 5.,0,Benign
2026-02-26 14:18:31,4624,7,9084,An account was successfully logged on. Subject: Security ID: S-1-5-18 Account Name: SYSTEM Account Domain: NT AUTHORITY Logon ID: 0x3E7 Logon Type: 5.,0,Benign
2026-02-27 17:52:45,4624,7,6644,An account was successfully logged on. Logon Type: 2 Interactive.,0,Benign
2026-02-23 11:16:35,4672,5,1795,Special privileges assigned to new logon. Subject: Security ID: S-1-5-21-1234567890 Account Name: Administrator Privileges: SeDebugPrivilege.,0,Benign
2026-02-24 16:31:47,4688,2,8499,A new process has been created. New Process Name: C:\Windows\System32\svchost.exe Creator Process Name: C:\Windows\System32\services.exe.,0,Benign
2026-03-01 15:39:16,4625,10,7394,An account failed to log on. Subject: Security ID: S-1-0-0 Account Name: - Account Domain: - Logon Type: 3.,0,Benign
2026-02-28 14:06:19,4624,9,4325,An account was successfully logged on. New Logon: Account Name: jdoe Account Domain: CORP Logon ID: 0x1A2B3C.,0,Benign
2026-02-24 09:02:36,4625,12,8676,An account failed to log on. Subject: Security ID: S-1-0-0 Account Name: - Account Domain: - Logon Type: 3.,0,Benign
2026-02-24 16:16:33,4688,12,7871,A new process has been created. New Process Name: C:\Windows\System32\notepad.exe.,0,Benign
2026-02-27 16:55:07,4624,7,6185,An account was successfully logged on. Logon Type: 10 Remote Desktop Services.,0,Benign
2026-02-26 20:57:21,4688,8,9610,A new process has been created. New Process Name: C:\Windows\System32\notepad.exe.,0,Benign
2026-02-25 17:48:40,4648,12,5014,A logon was attempted using explicit credentials. Target Server: localhost Target User: admin.,0,Benign
2026-02-24 13:12:13,4625,12,7641,An account failed to log on. Logon Type: 10 Remote Desktop Services.,0,Benign
2026-02-26 13:59:10,4624,9,1116,An account was successfully logged on. Logon Type: 10 Remote Desktop Services.,0,Benign
2026-02-27 12:32:10,4624,8,1988,An account was successfully logged on. Subject: Security ID: S-1-5-18 Account Name: SYSTEM Account Domain: NT AUTHORITY Logon ID: 0x3E7 Logon Type: 5.,0,Benign
2026-02-26 07:37:05,4625,7,1657,An account was successfully logged on. Logon Type: 3 New Logon: admin.,1,T1110
2026-02-24 15:07:02,4634,7,9860,An account was logged off. Logon Type: 2 Interactive.,0,Benign
2026-02-27 21:56:23,4625,8,3440,An account failed to log on. Account Name: administrator Source Network Address: 192.168.1.50.,0,Benign
2026-02-25 12:23:48,4648,9,4928,A logon was attempted using explicit credentials. Target Server: DC01 Target User: backup_svc.,0,Benign
2026-02-23 04:44:47,4688,9,7504,A new process has been created. New Process Name: C:\Windows\System32\taskhostw.exe.,0,Benign
2026-02-23 05:02:30,4624,2,9173,An account was successfully logged on. Subject: Security ID: S-1-5-18 Account Name: SYSTEM Account Domain: NT AUTHORITY Logon ID: 0x3E7 Logon Type: 5.,0,Benign
2026-03-01 16:29:56,4625,11,4352,An account failed to log on. Logon Type: 10 Remote Desktop Services.,0,Benign
2026-03-01 16:48:32,4625,12,6880,An account failed to log on. Logon Type: 10 Remote Desktop Services.,0,Benign
2026-02-25 15:07:09,4624,2,1344,An account was successfully logged on. New Logon: Account Name: jdoe Account Domain: CORP Logon ID: 0x1A2B3C.,0,Benign
2026-03-01 12:39:07,4625,12,1046,An account failed to log on. Failure Reason: Account locked out.,0,Benign
2026-02-28 13:52:08,4648,12,6847,A logon was attempted using explicit credentials. Target Server: DC01 Target User: backup_svc.,0,Benign
2026-02-24 09:15:22,4634,12,2760,An account was logged off. Logon Type: 2 Interactive.,0,Benign
2026-02-25 16:57:49,4672,10,3808,Special privileges assigned to new logon. Subject: Security ID: S-1-5-18 Privileges: SeAssignPrimaryTokenPrivilege SeTcbPrivilege SeSecurityPrivilege.,0,Benign
2026-02-28 15:17:56,4625,12,5894,An account failed to log on. Logon Type: 3 Source Network Address: 10.0.0.99.,1,T1110
2026-02-26 10:38:09,4625,11,1988,An account failed to log on. Subject: Security ID: S-1-0-0 Account Name: - Account Domain: - Logon Type: 3.,0,Benign
2026-02-26 10:56:51,4732,5,4202,A member was added to a security-enabled local group. Member Name: jdoe Group Name: Remote Desktop Users.,0,Benign
2026-02-26 14:45:17,4625,9,3827,An account failed to log on. Logon Type: 10 Remote Desktop Services.,0,Benign
2026-02-27 17:36:00,4624,7,7843,An account was successfully logged on. Subject: Security ID: S-1-5-21-1234567890 Account Name: Administrator Account Domain: CORP Logon Type: 3.,0,Benign
2026-02-25 19:53:12,4648,3,3522,A logon was attempted using explicit credentials. Process: C:\Windows\System32\runas.exe.,0,Benign
2026-02-25 02:25:19,4634,5,6824,An account was logged off. Logon Type: 2 Interactive.,0,Benign
2026-02-26 13:29:34,4624,3,6319,An account was successfully logged on. Logon Type: 2 Interactive.,0,Benign
2026-02-25 16:19:30,4720,10,940,A user account was created. New Account Name: test_account.,0,Benign
2026-02-24 10:08:42,4648,7,4501,A logon was attempted using explicit credentials. Process: C:\Windows\System32\runas.exe.,0,Benign
2026-02-26 12:16:46,4648,9,439,A logon was attempted using explicit credentials. Target Server: DC01 Target User: backup_svc.,0,Benign
2026-02-26 12:45:26,4688,8,3028,A new process has been created. New Process Name: C:\Windows\System32\cmd.exe Command Line: cmd.exe /c dir.,0,Benign
2026-02-23 22:35:36,4624,8,549,An account was successfully logged on. New Logon: Account Name: jdoe Account Domain: CORP Logon ID: 0x1A2B3C.,0,Benign
2026-02-23 13:50:53,4624,5,9119,An account was successfully logged on. Subject: Security ID: S-1-5-18 Account Name: SYSTEM Account Domain: NT AUTHORITY Logon ID: 0x3E7 Logon Type: 5.,0,Benign
2026-02-23 09:11:21,4624,10,4903,An account was successfully logged on. New Logon: Account Name: jdoe Account Domain: CORP Logon ID: 0x1A2B3C.,0,Benign
2026-02-24 09:23:38,4688,11,7883,A new process has been created. New Process Name: C:\Windows\System32\cmd.exe Command Line: cmd.exe /c dir.,0,Benign
2026-02-25 08:51:13,4625,9,3435,An account failed to log on. Logon Type: 10 Remote Desktop Services.,0,Benign
2026-02-25 09:24:11,4688,11,6068,A new process has been created. New Process Name: C:\Windows\System32\svchost.exe Creator Process Name: C:\Windows\System32\services.exe.,0,Benign
2026-02-27 21:15:29,4624,3,2613,An account was successfully logged on. New Logon: Account Name: jdoe Account Domain: CORP Logon ID: 0x1A2B3C.,0,Benign
2026-02-24 10:58:26,4625,7,3283,An account failed to log on. Subject: Security ID: S-1-0-0 Account Name: - Account Domain: - Logon Type: 3.,0,Benign
2026-02-24 14:52:15,4688,8,7964,A new process has been created. New Process Name: C:\Windows\System32\notepad.exe.,0,Benign
2026-02-24 12:02:54,4634,10,4019,An account was logged off. Logon Type: 2 Interactive.,0,Benign
2026-02-25 09:03:54,4634,12,391,An account was logged off. Logon Type: 3.,0,Benign
2026-03-01 16:58:53,4634,5,2679,An account was logged off. Subject: Security ID: S-1-5-21-1234567890 Account Name: jdoe.,0,Benign
2026-02-24 09:34:29,4624,3,898,An account was successfully logged on. Logon Type: 10 Remote Desktop Services.,0,Benign
2026-02-26 01:25:09,4688,7,5593,A new process has been created. New Process Name: C:\Program Files\Google\Chrome\chrome.exe Command Line: chrome.exe --type=renderer.,0,Benign
2026-02-28 05:24:47,4648,3,8304,A logon was attempted using explicit credentials. Process: C:\Windows\System32\runas.exe.,0,Benign
2026-02-27 09:49:54,4720,3,7752,A user account was created. New Account Name: test_account.,0,Benign
2026-02-25 14:49:22,4634,12,1141,An account was logged off. Logon Type: 2 Interactive.,0,Benign
2026-02-25 09:18:35,4634,5,5194,An account was logged off. Subject: Security ID: S-1-5-21-1234567890 Account Name: jdoe.,0,Benign
2026-03-01 15:23:21,4625,8,244,An account failed to log on. Subject: Security ID: S-1-0-0 Account Name: - Account Domain: - Logon Type: 3.,0,Benign
2026-02-27 15:03:02,4732,8,9683,A member was added to a security-enabled local group. Member Name: tempuser Group Name: Administrators.,0,Benign
2026-02-28 17:10:22,4732,5,9370,A member was added to a security-enabled local group. Member Name: jdoe Group Name: Remote Desktop Users.,0,Benign
2026-02-26 08:21:58,4688,10,3974,A new process has been created. New Process Name: C:\Windows\System32\svchost.exe Creator Process Name: C:\Windows\System32\services.exe.,0,Benign
2026-02-25 05:42:30,1100,7,8926,The audit log was cleared. Subject: Security ID: S-1-5-21-9876543210 Account Name: attacker.,1,T1070
2026-02-26 11:22:11,4672,11,4034,Special privileges assigned to new logon. Subject: Security ID: S-1-5-21-1234567890 Account Name: Administrator Privileges: SeDebugPrivilege.,0,Benign
2026-02-26 13:31:28,4624,8,2823,An account was successfully logged on. Logon Type: 2 Interactive.,0,Benign
2026-02-24 00:07:59,4634,12,5615,An account was logged off. Subject: Security ID: S-1-5-21-1234567890 Account Name: jdoe.,0,Benign
2026-02-26 17:40:10,4624,3,6207,An account was successfully logged on. Subject: Security ID: S-1-5-18 Account Name: SYSTEM Account Domain: NT AUTHORITY Logon ID: 0x3E7 Logon Type: 5.,0,Benign
2026-02-23 14:42:20,4720,9,8838,A user account was created. New Account Name: test_account.,1,Benign
2026-03-01 09:22:43,4624,9,7940,An account was successfully logged on. Subject: Security ID: S-1-5-18 Account Name: SYSTEM Account Domain: NT AUTHORITY Logon ID: 0x3E7 Logon Type: 5.,0,Benign
2026-02-27 19:34:25,4672,12,3816,Special privileges assigned to new logon. Account Name: SYSTEM Privileges: SeBackupPrivilege SeRestorePrivilege.,0,Benign
2026-02-26 09:20:12,4624,5,8552,An account was successfully logged on. Logon Type: 2 Interactive.,0,Benign
2026-02-24 12:39:49,4688,8,3457,A new process has been created. New Process Name: C:\Windows\System32\notepad.exe.,0,Benign
2026-02-23 12:48:03,4625,8,9822,An account failed to log on. Subject: Security ID: S-1-0-0 Account Name: - Account Domain: - Logon Type: 3.,0,Benign
2026-03-01 02:46:29,4624,8,5696,An account was successfully logged on. Subject: Security ID: S-1-5-18 Account Name: SYSTEM Account Domain: NT AUTHORITY Logon ID: 0x3E7 Logon Type: 5.,0,Benign
2026-02-24 16:06:23,4624,3,2339,An account was successfully logged on. New Logon: Account Name: jdoe Account Domain: CORP Logon ID: 0x1A2B3C.,0,Benign
2026-02-28 17:33:30,4688,8,4386,A new process has been created. New Process Name: C:\Windows\System32\taskhostw.exe.,0,Benign
2026-02-25 14:06:05,4625,11,6125,An account failed to log on. Subject: Security ID: S-1-0-0 Account Name: - Account Domain: - Logon Type: 3.,0,Benign
2026-02-26 15:25:14,4648,11,3374,A logon was attempted using explicit credentials. Target Server: localhost Target User: admin.,0,Benign
2026-02-25 10:24:33,4688,7,9541,A new process has been created. New Process Name: C:\Windows\System32\cmd.exe Command Line: cmd.exe /c dir.,0,Benign
2026-02-24 10:07:00,4688,2,8439,A new process has been created. New Process Name: C:\Program Files\Google\Chrome\chrome.exe Command Line: chrome.exe --type=renderer.,0,Benign
2026-02-23 14:42:42,4624,8,9418,An account was successfully logged on. Logon Type: 2 Interactive.,0,Benign
2026-02-26 17:30:38,4624,2,1113,An account was successfully logged on. New Logon: Account Name: jdoe Account Domain: CORP Logon ID: 0x1A2B3C.,0,Benign
2026-02-24 13:40:04,4624,11,9029,An account was successfully logged on. Subject: Security ID: S-1-5-18 Account Name: SYSTEM Account Domain: NT AUTHORITY Logon ID: 0x3E7 Logon Type: 5.,0,Benign
2026-02-23 09:09:53,4624,8,4236,An account was successfully logged on. Subject: Security ID: S-1-5-21-1234567890 Account Name: Administrator Account Domain: CORP Logon Type: 3.,0,Benign
2026-02-25 09:08:36,4688,10,6974,A new process has been created. New Process Name: C:\Program Files\Google\Chrome\chrome.exe Command Line: chrome.exe --type=renderer.,0,Benign
2026-02-24 06:02:29,4624,12,558,An account was successfully logged on. Logon Type: 2 Interactive.,0,Benign
2026-02-23 11:46:52,4634,11,9558,An account was logged off. Logon Type: 2 Interactive.,0,Benign
2026-02-27 17:50:13,4624,11,6807,An account was successfully logged on. Logon Type: 10 Remote Desktop Services.,0,Benign
2026-02-27 12:11:39,4648,7,5234,A logon was attempted using explicit credentials. Process: C:\Windows\System32\runas.exe.,0,Benign
2026-02-27 13:26:42,4624,10,4605,An account was successfully logged on. New Logon: Account Name: jdoe Account Domain: CORP Logon ID: 0x1A2B3C.,0,Benign
2026-03-01 09:59:12,4688,11,6104,A new process has been created. New Process Name: C:\Windows\System32\taskhostw.exe.,0,Benign
2026-02-27 13:31:51,4624,7,2057,An account was successfully logged on. Logon Type: 2 Interactive.,0,Benign
2026-02-27 09:51:18,4672,3,4656,Special privileges assigned to new logon. Account Name: SYSTEM Privileges: SeBackupPrivilege SeRestorePrivilege.,0,Benign
2026-02-25 17:14:26,4648,2,5439,A logon was attempted using explicit credentials. Target Server: DC01 Target User: backup_svc.,0,Benign
2026-02-25 16:00:26,4672,3,5503,Special privileges assigned to new logon. Account Name: SYSTEM Privileges: SeBackupPrivilege SeRestorePrivilege.,0,Benign
2026-03-01 09:50:39,4688,8,8259,A new process has been created. New Process Name: C:\Windows\System32\svchost.exe Creator Process Name: C:\Windows\System32\services.exe.,0,Benign
2026-03-01 16:55:24,4624,5,7286,An account was successfully logged on. Logon Type: 10 Remote Desktop Services.,0,Benign
2026-02-25 15:20:41,4688,7,4522,A new process has been created. New Process Name: C:\Windows\System32\taskhostw.exe.,0,Benign
2026-02-26 14:44:32,4648,12,1567,A logon was attempted using explicit credentials. Target Server: localhost Target User: admin.,0,Benign
2026-03-01 15:32:03,4634,7,6874,An account was logged off. Logon Type: 2 Interactive.,0,Benign
2026-02-26 17:31:49,4624,3,8955,An account was successfully logged on. Subject: Security ID: S-1-5-21-1234567890 Account Name: Administrator Account Domain: CORP Logon Type: 3.,0,Benign
2026-02-24 09:34:26,4634,5,7834,An account was logged off. Logon Type: 2 Interactive.,0,Benign
2026-02-26 14:21:57,4634,2,9565,An account was logged off. Subject: Security ID: S-1-5-21-1234567890 Account Name: jdoe.,0,Benign
2026-02-27 11:19:02,4625,12,754,An account failed to log on. Logon Type: 10 Remote Desktop Services.,0,Benign
2026-02-28 12:52:58,4672,2,5992,Special privileges assigned to new logon. Subject: Security ID: S-1-5-21-1234567890 Account Name: Administrator Privileges: SeDebugPrivilege.,0,Benign
2026-02-24 16:07:19,4624,2,2466,An account was successfully logged on. Logon Type: 2 Interactive.,0,Benign
2026-02-28 11:58:07,4688,3,4712,A new process has been created. New Process Name: C:\Program Files\Google\Chrome\chrome.exe Command Line: chrome.exe --type=renderer.,0,Benign
2026-02-26 08:34:28,4732,12,3519,A member was added to a security-enabled local group. Member Name: tempuser Group Name: Administrators.,0,Benign
2026-02-25 21:07:15,4624,3,5936,An account was successfully logged on. Logon Type: 10 Remote Desktop Services.,0,Benign
2026-02-27 11:06:07,4624,3,5790,An account was successfully logged on. Subject: Security ID: S-1-5-18 Account Name: SYSTEM Account Domain: NT AUTHORITY Logon ID: 0x3E7 Logon Type: 5.,0,Benign
2026-02-25 16:04:51,4624,11,4748,An account was successfully logged on. Subject: Security ID: S-1-5-21-1234567890 Account Name: Administrator Account Domain: CORP Logon Type: 3.,0,Benign
2026-03-01 03:45:54,4688,12,8850,A new process has been created. New Process Name: C:\Windows\System32\cmd.exe Command Line: cmd.exe /c dir.,0,Benign
2026-02-26 09:38:03,4625,9,7254,An account failed to log on. Logon Type: 10 Remote Desktop Services.,0,Benign
2026-02-27 12:53:48,4624,7,8753,An account was successfully logged on. Logon Type: 10 Remote Desktop Services.,0,Benign
2026-02-23 15:56:39,4688,11,9367,A new process has been created. New Process Name: C:\Windows\System32\notepad.exe.,0,Benign
2026-02-26 16:37:57,4648,2,9419,A logon was attempted using explicit credentials. Process: C:\Windows\System32\runas.exe.,0,Benign
2026-02-27 14:57:10,4688,9,1918,A new process has been created. New Process Name: C:\Windows\System32\svchost.exe Creator Process Name: C:\Windows\System32\services.exe.,0,Benign
2026-02-24 08:29:50,4625,9,3346,An account failed to log on. Failure Reason: Account locked out.,0,Benign
2026-02-24 10:00:42,4688,12,1553,A new process has been created. New Process Name: C:\Windows\System32\taskhostw.exe.,0,Benign
2026-02-26 18:50:42,4624,2,7351,An account was successfully logged on. Subject: Security ID: S-1-5-21-1234567890 Account Name: Administrator Account Domain: CORP Logon Type: 3.,0,Benign
2026-02-26 11:57:27,4688,9,9916,A new process has been created. New Process Name: C:\Windows\System32\taskhostw.exe.,0,Benign
2026-02-25 10:33:39,4624,12,6523,An account was successfully logged on. Subject: Security ID: S-1-5-18 Account Name: SYSTEM Account Domain: NT AUTHORITY Logon ID: 0x3E7 Logon Type: 5.,0,Benign
2026-02-23 09:35:19,4624,9,4564,An account was successfully logged on. Subject: Security ID: S-1-5-18 Account Name: SYSTEM Account Domain: NT AUTHORITY Logon ID: 0x3E7 Logon Type: 5.,0,Benign
2026-02-28 11:00:10,4624,12,4791,An account was successfully logged on. Logon Type: 10 Remote Desktop Services.,0,Benign
2026-03-01 12:48:07,4625,5,1233,An account failed to log on. Failure Reason: Unknown user name or bad password. Status: 0xC000006D Sub Status: 0xC000006A.,0,Benign
2026-02-25 10:41:28,4624,9,2374,An account was successfully logged on. Logon Type: 2 Interactive.,0,Benign
2026-02-23 16:41:34,4624,5,5124,An account was successfully logged on. New Logon: Account Name: jdoe Account Domain: CORP Logon ID: 0x1A2B3C.,0,Benign
2026-02-24 02:24:23,4688,8,8087,A new process has been created. New Process Name: C:\Program Files\Google\Chrome\chrome.exe Command Line: chrome.exe --type=renderer.,0,Benign
2026-02-27 10:40:15,4648,8,5922,A logon was attempted using explicit credentials. Target Server: localhost Target User: admin.,0,Benign
2026-02-28 21:10:29,4720,9,8231,A user account was created. New Account Name: tempuser New Account Domain: CORP.,0,Benign
2026-02-28 08:55:27,4624,12,3175,An account was successfully logged on. Subject: Security ID: S-1-5-18 Account Name: SYSTEM Account Domain: NT AUTHORITY Logon ID: 0x3E7 Logon Type: 5.,0,Benign
2026-02-28 10:42:56,4624,10,2863,An account was successfully logged on. Logon Type: 10 Remote Desktop Services.,0,Benign
2026-02-28 12:53:52,4648,11,1388,A logon was attempted using explicit credentials. Target Server: DC01 Target User: backup_svc.,0,Benign
2026-03-01 09:29:48,4624,5,4682,An account was successfully logged on. Logon Type: 10 Remote Desktop Services.,0,Benign
2026-02-26 14:09:07,4624,11,9462,An account was successfully logged on. Subject: Security ID: S-1-5-18 Account Name: SYSTEM Account Domain: NT AUTHORITY Logon ID: 0x3E7 Logon Type: 5.,0,Benign
2026-02-24 06:58:14,4625,9,6831,An account failed to log on. Failure Reason: Unknown user name or bad password. Status: 0xC000006D Sub Status: 0xC000006A.,0,Benign
2026-02-28 17:56:42,4648,2,5130,A logon was attempted using explicit credentials. Target Server: DC01 Target User: backup_svc.,0,Benign
2026-02-25 20:13:32,4648,10,3760,A logon was attempted using explicit credentials. Process: C:\Windows\System32\runas.exe.,0,Benign
2026-02-25 14:26:54,4688,11,6050,A new process has been created. New Process Name: C:\Windows\System32\taskhostw.exe.,0,Benign
2026-02-23 14:26:22,4688,3,9166,A new process has been created. New Process Name: C:\Windows\System32\svchost.exe Creator Process Name: C:\Windows\System32\services.exe.,0,Benign
2026-02-23 16:29:17,4688,9,3175,A new process has been created. New Process Name: C:\Windows\System32\cmd.exe Command Line: cmd.exe /c dir.,0,Benign
2026-02-24 16:42:45,4688,10,3006,A new process has been created. New Process Name: C:\Program Files\Google\Chrome\chrome.exe Command Line: chrome.exe --type=renderer.,0,Benign
2026-02-28 13:09:02,4634,5,7144,An account was logged off. Subject: Security ID: S-1-5-21-1234567890 Account Name: jdoe.,0,Benign
2026-03-01 16:31:51,4624,11,807,An account was successfully logged on. Logon Type: 10 Remote Desktop Services.,0,Benign
2026-02-25 13:48:57,4624,9,7862,An account was successfully logged on. Subject: Security ID: S-1-5-21-1234567890 Account Name: Administrator Account Domain: CORP Logon Type: 3.,0,Benign
2026-02-28 04:51:05,4624,3,356,An account was successfully logged on. Logon Type: 10 Remote Desktop Services.,0,Benign
2026-02-26 12:03:42,4624,2,6414,An account was successfully logged on. New Logon: Account Name: jdoe Account Domain: CORP Logon ID: 0x1A2B3C.,0,Benign
2026-02-24 12:08:09,4624,10,5767,An account was successfully logged on. Logon Type: 2 Interactive.,0,Benign
2026-02-24 08:43:32,4624,3,7864,An account was successfully logged on. New Logon: Account Name: jdoe Account Domain: CORP Logon ID: 0x1A2B3C.,0,Benign
2026-02-24 10:14:06,4672,9,9930,Special privileges assigned to new logon. Subject: Security ID: S-1-5-21-1234567890 Account Name: Administrator Privileges: SeDebugPrivilege.,0,Benign
2026-02-24 15:59:54,4648,3,5653,A logon was attempted using explicit credentials. Target Server: localhost Target User: admin.,0,Benign
2026-02-24 03:13:57,4672,8,1647,Special privileges assigned to new logon. Subject: Security ID: S-1-5-21-9876543210 Account Name: attacker.,1,T1003
2026-03-01 17:22:08,4624,7,2647,An account was successfully logged on. Logon Type: 10 Remote Desktop Services.,0,Benign
2026-02-27 12:09:57,4624,10,1095,An account was successfully logged on. Subject: Security ID: S-1-5-21-1234567890 Account Name: Administrator Account Domain: CORP Logon Type: 3.,0,Benign
2026-02-23 15:43:36,4625,11,8810,An account failed to log on. Account Name: administrator Source Network Address: 192.168.1.50.,0,Benign
2026-03-01 19:29:24,4625,10,3353,An account failed to log on. Subject: Security ID: S-1-0-0 Account Name: - Account Domain: - Logon Type: 3.,0,Benign
2026-02-24 11:36:07,4688,2,3527,A new process has been created. New Process Name: C:\Windows\System32\svchost.exe Creator Process Name: C:\Windows\System32\services.exe.,0,Benign
2026-02-26 07:36:09,4625,2,5630,An account failed to log on. Logon Type: 10 Remote Desktop Services.,0,Benign
2026-02-27 15:32:21,4625,3,2811,An account failed to log on. Account Name: administrator Source Network Address: 192.168.1.50.,0,Benign
2026-02-26 13:26:02,4624,8,3125,An account was successfully logged on. New Logon: Account Name: jdoe Account Domain: CORP Logon ID: 0x1A2B3C.,0,Benign
2026-02-25 15:51:49,4624,11,7378,An account was successfully logged on. Logon Type: 2 Interactive.,0,Benign
2026-02-28 12:46:44,4624,10,6002,An account was successfully logged on. New Logon: Account Name: jdoe Account Domain: CORP Logon ID: 0x1A2B3C.,0,Benign
2026-03-01 08:10:29,4624,12,7372,An account was successfully logged on. Subject: Security ID: S-1-5-18 Account Name: SYSTEM Account Domain: NT AUTHORITY Logon ID: 0x3E7 Logon Type: 5.,0,Benign
2026-02-27 13:33:47,4625,7,1345,An account failed to log on. Logon Type: 10 Remote Desktop Services.,0,Benign
2026-02-26 15:45:38,4634,8,7461,An account was logged off. Logon Type: 2 Interactive.,0,Benign
2026-03-01 03:02:16,4688,10,7817,A new process has been created. New Process Name: C:\Windows\System32\cmd.exe Command Line: cmd.exe /c dir.,0,Benign
2026-02-26 12:12:51,4624,10,6613,An account was successfully logged on. Subject: Security ID: S-1-5-21-1234567890 Account Name: Administrator Account Domain: CORP Logon Type: 3.,0,Benign
2026-03-01 06:52:13,4648,8,4112,A logon was attempted using explicit credentials. Target Server: localhost Target User: admin.,0,Benign
2026-02-23 10:05:49,4732,12,382,A member was added to a security-enabled local group. Member Name: tempuser Group Name: Administrators.,0,Benign
2026-02-28 13:42:03,4625,3,1786,An account failed to log on. Failure Reason: Unknown user name or bad password. Status: 0xC000006D Sub Status: 0xC000006A.,0,Benign
2026-02-23 17:45:58,4624,7,9303,An account was successfully logged on. Subject: Security ID: S-1-5-18 Account Name: SYSTEM Account Domain: NT AUTHORITY Logon ID: 0x3E7 Logon Type: 5.,0,Benign
2026-03-01 02:51:18,4624,8,2112,An account was successfully logged on. Logon Type: 10 Remote Desktop Services.,0,Benign
2026-02-25 08:49:01,4624,5,7534,An account was successfully logged on. Logon Type: 10 Remote Desktop Services.,0,Benign
2026-02-25 12:15:40,4625,12,1664,An account failed to log on. Account Name: administrator Source Network Address: 192.168.1.50.,0,Benign
2026-03-01 08:19:02,4720,2,2973,A user account was created. New Account Name: svc_backup New Account Domain: CORP.,0,Benign
2026-02-25 09:03:05,4624,3,9994,An account was successfully logged on. Logon Type: 10 Remote Desktop Services.,0,Benign
2026-02-25 11:36:07,4634,2,9828,An account was logged off. Logon Type: 2 Interactive.,0,Benign
2026-03-01 02:40:18,4732,12,3414,A user account was created. New Account Name: backdoor New Account Domain: CORP.,1,T1078
2026-02-23 11:59:15,4634,8,1833,An account was logged off. Subject: Security ID: S-1-5-21-1234567890 Account Name: jdoe.,0,Benign
2026-02-25 03:25:36,4624,3,2126,An account was successfully logged on. Logon Type: 10 Remote Desktop Services.,0,Benign
2026-02-26 11:22:39,4624,8,150,An account was successfully logged on. Subject: Security ID: S-1-5-18 Account Name: SYSTEM Account Domain: NT AUTHORITY Logon ID: 0x3E7 Logon Type: 5.,0,Benign
2026-02-26 10:39:01,4688,7,7195,A new process has been created. New Process Name: C:\Windows\System32\taskhostw.exe.,0,Benign
2026-03-01 20:28:08,4672,11,3978,Special privileges assigned to new logon. Subject: Security ID: S-1-5-21-9876543210 Account Name: backdoor.,1,T1078
2026-03-01 15:08:41,4624,8,8538,An account was successfully logged on. Logon Type: 10 Remote Desktop Services.,0,Benign
2026-02-28 21:48:34,4688,10,6736,A new process has been created. New Process Name: C:\Windows\System32\notepad.exe.,0,Benign
2026-03-01 08:58:59,4624,12,4121,An account was successfully logged on. Subject: Security ID: S-1-5-21-1234567890 Account Name: Administrator Account Domain: CORP Logon Type: 3.,0,Benign
2026-02-23 09:09:39,4624,9,8525,An account was successfully logged on. New Logon: Account Name: jdoe Account Domain: CORP Logon ID: 0x1A2B3C.,0,Benign
2026-02-28 14:37:32,4648,12,8554,A logon was attempted using explicit credentials. Process: C:\Windows\System32\runas.exe.,0,Benign
2026-02-24 16:32:45,4688,2,4439,A new process has been created. New Process Name: C:\Windows\System32\taskhostw.exe.,0,Benign
2026-02-26 13:38:15,4688,11,8885,A new process has been created. New Process Name: C:\Windows\System32\svchost.exe Creator Process Name: C:\Windows\System32\services.exe.,0,Benign
2026-02-26 17:02:12,4688,9,5316,A new process has been created. New Process Name: C:\Windows\System32\svchost.exe Creator Process Name: C:\Windows\System32\services.exe.,0,Benign
2026-02-23 15:40:40,4624,12,5590,An account was successfully logged on. Subject: Security ID: S-1-5-18 Account Name: SYSTEM Account Domain: NT AUTHORITY Logon ID: 0x3E7 Logon Type: 5.,0,Benign
2026-02-24 16:18:00,4624,10,7878,An account was successfully logged on. New Logon: Account Name: jdoe Account Domain: CORP Logon ID: 0x1A2B3C.,0,Benign
2026-03-01 07:55:00,4648,12,8209,A logon was attempted using explicit credentials. Process: C:\Windows\System32\runas.exe.,0,Benign
2026-02-25 16:25:09,4625,3,5187,An account failed to log on. Subject: Security ID: S-1-0-0 Account Name: - Account Domain: - Logon Type: 3.,0,Benign
2026-03-01 08:29:34,4625,10,816,An account failed to log on. Failure Reason: Account locked out.,0,Benign
2026-02-26 17:10:29,4672,10,8872,Special privileges assigned to new logon. Account Name: SYSTEM Privileges: SeBackupPrivilege SeRestorePrivilege.,0,Benign
2026-02-25 13:14:36,4625,7,9268,An account failed to log on. Logon Type: 10 Remote Desktop Services.,0,Benign
2026-03-01 21:33:35,4624,11,9834,An account was successfully logged on. New Logon: Account Name: jdoe Account Domain: CORP Logon ID: 0x1A2B3C.,0,Benign
2026-02-28 08:21:33,4648,3,1647,A logon was attempted using explicit credentials. Process: C:\Windows\System32\runas.exe.,0,Benign
2026-02-24 10:38:45,4688,10,2094,A new process has been created. New Process Name: C:\Windows\System32\taskhostw.exe.,0,Benign
2026-03-01 20:15:35,4624,5,7842,An account was successfully logged on. Logon Type: 2 Interactive.,0,Benign
2026-02-23 13:55:54,4688,10,601,A new process has been created. New Process Name: C:\Windows\System32\cmd.exe Command Line: cmd.exe /c dir.,0,Benign
2026-02-26 16:14:11,4672,12,3286,Special privileges assigned to new logon. Subject: Security ID: S-1-5-21-1234567890 Account Name: Administrator Privileges: SeDebugPrivilege.,0,Benign
2026-03-01 09:18:27,4688,7,4686,A new process has been created. New Process Name: C:\Windows\System32\taskhostw.exe.,0,Benign
2026-02-23 17:30:45,4688,12,2127,A new process has been created. New Process Name: C:\Windows\System32\notepad.exe.,0,Benign
2026-03-01 15:30:05,4672,10,2071,Special privileges assigned to new logon. Account Name: SYSTEM Privileges: SeBackupPrivilege SeRestorePrivilege.,0,Benign
2026-03-01 11:08:00,4624,8,2581,An account was successfully logged on. Logon Type: 2 Interactive.,0,Benign
2026-02-28 17:01:43,4648,9,5830,A logon was attempted using explicit credentials. Target Server: DC01 Target User: backup_svc.,0,Benign
2026-02-25 14:36:30,4624,11,4738,An account was successfully logged on. Subject: Security ID: S-1-5-21-1234567890 Account Name: Administrator Account Domain: CORP Logon Type: 3.,0,Benign
2026-02-23 08:40:08,4624,9,2366,An account was successfully logged on. Subject: Security ID: S-1-5-18 Account Name: SYSTEM Account Domain: NT AUTHORITY Logon ID: 0x3E7 Logon Type: 5.,0,Benign
2026-02-24 15:24:04,4624,10,6439,An account was successfully logged on. Subject: Security ID: S-1-5-21-1234567890 Account Name: Administrator Account Domain: CORP Logon Type: 3.,0,Benign
2026-02-25 05:51:56,4625,12,214,An account failed to log on. Failure Reason: Account locked out.,0,Benign
2026-02-23 13:31:49,4634,3,1453,An account was logged off. Subject: Security ID: S-1-5-21-1234567890 Account Name: jdoe.,0,Benign
2026-02-26 23:52:12,4688,2,7277,A new process has been created. New Process Name: C:\Windows\System32\cmd.exe Command Line: cmd.exe /c dir.,0,Benign
2026-02-26 00:53:04,4648,11,998,A logon was attempted using explicit credentials. Target Server: localhost Target User: admin.,0,Benign
2026-02-24 06:58:36,4624,10,5806,An account was successfully logged on. Logon Type: 10 Remote Desktop Services.,0,Benign
2026-03-01 08:55:03,4624,3,5323,An account was successfully logged on. Subject: Security ID: S-1-5-18 Account Name: SYSTEM Account Domain: NT AUTHORITY Logon ID: 0x3E7 Logon Type: 5.,0,Benign
2026-02-27 01:20:44,4625,10,8498,An account failed to log on. Subject: Security ID: S-1-0-0 Account Name: - Account Domain: - Logon Type: 3.,1,Benign
2026-02-28 17:48:44,4624,5,917,An account was successfully logged on. Subject: Security ID: S-1-5-18 Account Name: SYSTEM Account Domain: NT AUTHORITY Logon ID: 0x3E7 Logon Type: 5.,0,Benign
2026-02-23 13:13:18,4720,12,5774,A user account was created. New Account Name: svc_backup New Account Domain: CORP.,0,Benign
2026-03-01 16:48:06,4624,11,6518,An account was successfully logged on. Subject: Security ID: S-1-5-21-1234567890 Account Name: Administrator Account Domain: CORP Logon Type: 3.,0,Benign
2026-02-28 17:13:52,4624,2,696,An account failed to log on. Failure Reason: Unknown user name or bad password.,1,T1110
2026-02-26 17:39:45,4624,2,9050,An account was successfully logged on. Logon Type: 10 Remote Desktop Services.,0,Benign
2026-02-24 09:30:00,4624,2,9830,An account was successfully logged on. New Logon: Account Name: jdoe Account Domain: CORP Logon ID: 0x1A2B3C.,0,Benign
2026-03-01 06:11:22,4648,12,440,A logon was attempted using explicit credentials. Target Server: localhost Target User: admin.,0,Benign
2026-02-26 10:34:57,4634,12,6449,An account was logged off. Subject: Security ID: S-1-5-21-1234567890 Account Name: jdoe.,0,Benign
2026-02-25 12:44:56,4625,8,3355,An account failed to log on. Failure Reason: Unknown user name or bad password. Status: 0xC000006D Sub Status: 0xC000006A.,0,Benign
2026-02-23 07:14:39,4624,9,8245,An account was successfully logged on. Logon Type: 10 Remote Desktop Services.,0,Benign
2026-03-01 07:04:48,4688,8,3778,A new process has been created. New Process Name: C:\Windows\System32\cmd.exe Command Line: cmd.exe /c dir.,0,Benign
2026-02-26 13:46:52,4625,7,916,An account failed to log on. Failure Reason: Unknown user name or bad password. Status: 0xC000006D Sub Status: 0xC000006A.,0,Benign
2026-02-24 08:52:15,4624,7,2598,An account was successfully logged on. Subject: Security ID: S-1-5-21-1234567890 Account Name: Administrator Account Domain: CORP Logon Type: 3.,0,Benign
2026-02-26 15:53:58,4624,12,6384,Special privileges assigned to new logon. Account Name: SYSTEM Privileges: SeDebugPrivilege.,1,T1003
2026-02-25 15:34:52,4625,11,5379,An account failed to log on. Account Name: administrator Source Network Address: 192.168.1.50.,0,Benign
2026-02-24 08:38:45,4648,5,9849,A logon was attempted using explicit credentials. Target Server: DC01 Target User: backup_svc.,0,Benign
2026-02-27 11:08:32,4625,2,4497,An account failed to log on. Logon Type: 10 Remote Desktop Services.,0,Benign
2026-02-28 16:48:18,4672,11,788,Special privileges assigned to new logon. Account Name: SYSTEM Privileges: SeBackupPrivilege SeRestorePrivilege.,0,Benign
2026-03-01 16:53:42,4688,5,1220,A new process has been created. New Process Name: C:\Windows\System32\svchost.exe Creator Process Name: C:\Windows\System32\services.exe.,0,Benign
2026-02-28 02:42:05,4624,11,3062,An account was successfully logged on. New Logon: Account Name: jdoe Account Domain: CORP Logon ID: 0x1A2B3C.,0,Benign
2026-02-25 10:51:55,4648,10,1541,A logon was attempted using explicit credentials. Target Server: DC01 Target User: backup_svc.,0,Benign
2026-02-28 11:34:28,4648,11,8611,A logon was attempted using explicit credentials. Target Server: localhost Target User: admin.,0,Benign
2026-02-25 12:44:57,4634,8,6833,An account was logged off. Subject: Security ID: S-1-5-21-1234567890 Account Name: jdoe.,0,Benign
2026-02-27 11:39:21,4624,2,7732,An account was successfully logged on. New Logon: Account Name: jdoe Account Domain: CORP Logon ID: 0x1A2B3C.,0,Benign
2026-02-28 13:40:35,4688,3,2382,A new process has been created. New Process Name: C:\Windows\System32\taskhostw.exe.,0,Benign
2026-02-25 08:03:30,4624,2,4597,An account was successfully logged on. New Logon: Account Name: jdoe Account Domain: CORP Logon ID: 0x1A2B3C.,0,Benign
2026-02-23 23:01:27,4624,8,5993,An account was successfully logged on. Logon Type: 2 Interactive.,0,Benign
2026-02-26 14:12:55,4634,2,4868,An account was logged off. Logon Type: 3.,0,Benign
2026-02-27 17:41:27,4648,10,3332,A logon was attempted using explicit credentials. Target Server: DC01 Target User: backup_svc.,0,Benign
2026-02-28 15:12:28,4624,9,7981,An account was successfully logged on. Logon Type: 10 Remote Desktop Services.,0,Benign
2026-02-24 16:23:44,4624,12,8322,An account was successfully logged on. Logon Type: 2 Interactive.,0,Benign
2026-02-25 10:50:08,4720,5,1451,A user account was created. New Account Name: test_account.,0,Benign
2026-02-23 09:25:21,4688,9,7563,A new process has been created. New Process Name: C:\Windows\System32\notepad.exe.,0,Benign
2026-02-23 10:25:40,4624,3,203,An account was successfully logged on. Subject: Security ID: S-1-5-18 Account Name: SYSTEM Account Domain: NT AUTHORITY Logon ID: 0x3E7 Logon Type: 5.,0,Benign
