2026-02-27 17:34:58,4625,5,348,An account failed to log on. Account Name: administrator Source Network Address: 192.168.1.50.,0,Benign
2026-02-24 23:29:44,4624,3,1262,An account was successfully logged on. Logon Type: 10 Remote Desktop Services.,0,Benign
2026-02-27 16:53:12,4634,11,6677,An account was logged off. Logon Type: 2 Interactive.,0,Benign
2026-02-27 07:09:25,4624,11,5823,An account was successfully logged on. Logon Type: 2 Interactive.,0,Benign
2026-02-27 13:35:58,4624,7,4160,An account was successfully logged on. Subject: Security ID: S-1-5-18 Account Name: SYSTEM Account Domain: NT AUTHORITY Logon ID: 0x3E7 Logon Type: 5.,0,Benign
2026-02-23 08:06:34,4688,5,286,A new process has been created. New Process Name: C:\Program Files\Google\Chrome\chrome.exe Command Line: chrome.exe --type=renderer.,0,Benign
2026-02-28 09:52:09,4648,12,1187,A logon was attempted using explicit credentials. Target Server: DC01 Target User: backup_svc.,0,Benign
2026-03-01 16:01:24,4624,10,3224,An account was successfully logged on. Logon Type: 10 Remote Desktop Services.,0,Benign
2026-02-23 12:48:54,4688,5,5584,A new process has been created. New Process Name: C:\Program Files\Google\Chrome\chrome.exe Command Line: chrome.exe --type=renderer.,0,Benign
2026-03-01 11:41:08,4732,11,7144,A member was added to a security-enabled local group. Member Name: jdoe Group Name: Remote Desktop Users.,0,Benign
2026-02-23 03:55:37,4624,10,7400,An account was successfully logged on. New Logon: Account Name: jdoe Account Domain: CORP Logon ID: 0x1A2B3C.,0,Benign
2026-02-23 12:42:46,4624,5,128,An account was successfully logged on. Subject: Security ID: S-1-5-21-1234567890 Account Name: Administrator Account Domain: CORP Logon Type: 3.,0,Benign
2026-02-26 20:15:00,4624,8,8178,An account was successfully logged on. Subject: Security ID: S-1-5-18 Account Name: SYSTEM Account Domain: NT AUTHORITY Logon ID: 0x3E7 Logon Type: 5.,0,Benign
2026-02-24 16:02:24,4634,9,6067,An account was logged off. Logon Type: 2 Interactive.,0,Benign
2026-02-26 17:15:52,4625,2,1027,An account failed to log on. Subject: Security ID: S-1-0-0 Account Name: - Account Domain: - Logon Type: 3.,0,Benign
2026-02-25 19:53:16,4624,9,5367,An account was successfully logged on. Subject: Security ID: S-1-5-21-1234567890 Account Name: Administrator Account Domain: CORP Logon Type: 3.,0,Benign
2026-02-24 13:23:20,4625,2,9916,An account failed to log on. Account Name: administrator Source Network Address: 192.168.1.50.,0,Benign
2026-02-28 08:19:53,4634,3,4596,An account was logged off. Subject: Security ID: S-1-5-21-1234567890 Account Name: jdoe.,0,Benign
2026-02-27 22:06:38,4624,7,1061,An account was successfully logged on. New Logon: Account Name: jdoe Account Domain: CORP Logon ID: 0x1A2B3C.,0,Benign
2026-02-25 13:46:59,4624,3,5270,An account was successfully logged on. Logon Type: 10 Remote Desktop Services.,0,Benign
2026-02-25 12:00:26,4624,5,6595,An account was successfully logged on. Subject: Security ID: S-1-5-21-1234567890 Account Name: Administrator Account Domain: CORP Logon Type: 3.,0,Benign
2026-02-24 14:23:18,4634,3,3027,An account was logged off. Logon Type: 2 Interactive.,0,Benign
2026-02-27 09:25:17,4625,8,9613,An account failed to log on. Failure Reason: Unknown user name or bad password. Status: 0xC000006D Sub Status: 0xC000006A.,0,Benign
2026-02-28 09:24:52,4688,2,9454,A new process has been created. New Process Name: C:\Windows\System32\taskhostw.exe.,0,Benign
2026-02-28 09:22:18,4634,8,3112,An account was logged off. Subject: Security ID: S-1-5-21-1234567890 Account Name: jdoe.,0,Benign
2026-02-25 10:14:26,4625,12,2896,An account failed to log on. Subject: Security ID: S-1-0-0 Account Name: - Account Domain: - Logon Type: 3.,0,Benign
2026-02-28 15:46:37,4624,11,9878,An account was successfully logged on. New Logon: Account Name: jdoe Account Domain: CORP Logon ID: 0x1A2B3C.,0,Benign
2026-03-01 12:30:01,4625,8,7195,An account failed to log on. Failure Reason: Unknown user name or bad password. Status: 0xC000006D Sub Status: 0xC000006A.,0,Benign
2026-02-23 09:01:56,4720,3,3750,A user account was created. New Account Name: tempuser New Account Domain: CORP.,0,Benign
2026-02-24 12:00:23,4688,2,2510,A new process has been created. New Process Name: C:\Windows\System32\taskhostw.exe.,0,Benign
2026-02-25 09:37:22,4634,3,7191,An account was logged off. Logon Type: 3.,0,Benign
2026-02-25 22:58:19,4625,10,4555,An account failed to log on. Failure Reason: Account locked out.,0,Benign
2026-02-27 11:04:32,4624,8,4207,An account was successfully logged on. Logon Type: 10 Remote Desktop Services.,0,Benign
2026-02-27 17:21:50,4624,2,8822,An account was successfully logged on. Subject: Security ID: S-1-5-18 Account Name: SYSTEM Account Domain: NT AUTHORITY Logon ID: 0x3E7 Logon Type: 5.,0,Benign
2026-02-26 14:49:03,4624,12,5196,An account was successfully logged on. New Logon: Account Name: jdoe Account Domain: CORP Logon ID: 0x1A2B3C.,1,Benign
2026-02-26 18:12:21,4624,3,3087,Special privileges assigned to new logon. Account Name: SYSTEM Privileges: SeDebugPrivilege.,1,T1003
2026-02-24 09:18:13,4624,3,4751,An account was successfully logged on. Subject: Security ID: S-1-5-18 Account Name: SYSTEM Account Domain: NT AUTHORITY Logon ID: 0x3E7 Logon Type: 5.,0,Benign
2026-02-25 09:25:12,4634,9,9681,An account was logged off. Logon Type: 2 Interactive.,0,Benign
2026-02-25 15:39:13,4688,12,1227,A new process has been created. New Process Name: C:\Windows\System32\cmd.exe Command Line: cmd.exe /c dir.,0,Benign
2026-02-28 11:07:45,4634,2,4788,An account was logged off. Subject: Security ID: S-1-5-21-1234567890 Account Name: jdoe.,0,Benign
2026-02-26 21:21:24,4648,10,8885,A logon was attempted using explicit credentials. Process: C:\Windows\System32\runas.exe.,0,Benign
2026-02-24 13:22:22,4634,12,9624,An account was logged off. Logon Type: 2 Interactive.,0,Benign
2026-02-25 13:14:08,4624,9,9889,An account was successfully logged on. Subject: Security ID: S-1-5-18 Account Name: SYSTEM Account Domain: NT AUTHORITY Logon ID: 0x3E7 Logon Type: 5.,0,Benign
2026-02-25 20:26:46,4624,10,8021,An account was successfully logged on. New Logon: Account Name: jdoe Account Domain: CORP Logon ID: 0x1A2B3C.,0,Benign
2026-02-25 16:07:13,4625,9,4586,An account failed to log on. Failure Reason: Account locked out.,0,Benign
2026-03-01 11:57:41,4688,5,1541,A new process has been created. New Process Name: C:\Windows\System32\svchost.exe Creator Process Name: C:\Windows\System32\services.exe.,0,Benign
2026-02-27 08:24:28,4624,8,7727,An account was successfully logged on. Subject: Security ID: S-1-5-18 Account Name: SYSTEM Account Domain: NT AUTHORITY Logon ID: 0x3E7 Logon Type: 5.,0,Benign
2026-02-25 03:26:52,4634,11,660,An account was logged off. Logon Type: 3.,0,Benign
2026-02-26 21:30:32,4625,10,9519,An account failed to log on. Subject: Security ID: S-1-0-0 Account Name: - Account Domain: - Logon Type: 3.,0,Benign
2026-02-26 08:16:29,4688,12,1018,A new process has been created. New Process Name: C:\Windows\System32\notepad.exe.,0,Benign
2026-02-24 15:25:33,4688,5,2584,A new process has been created. New Process Name: C:\Windows\System32\taskhostw.exe.,0,Benign
2026-02-25 14:47:02,4688,5,478,A new process has been created. New Process Name: C:\Windows\System32\notepad.exe.,0,Benign
2026-02-24 19:04:56,4634,5,9997,An account was logged off. Logon Type: 3.,0,Benign
2026-02-26 08:09:30,4688,7,8922,A new process has been created. New Process Name: C:\Windows\System32\cmd.exe Command Line: cmd.exe /c dir.,0,Benign
2026-02-23 17:19:16,4732,8,6925,A member was added to a security-enabled local group. Member Name: jdoe Group Name: Remote Desktop Users.,0,Benign
2026-02-26 09:46:51,4625,9,7341,An account failed to log on. Logon Type: 10 Remote Desktop Services.,0,Benign
2026-02-24 16:00:07,4625,7,235,An account failed to log on. Logon Type: 10 Remote Desktop Services.,0,Benign
2026-02-24 08:41:32,4688,5,7688,A new process has been created. New Process Name: C:\Windows\System32\cmd.exe Command Line: cmd.exe /c dir.,0,Benign
2026-02-26 16:59:51,4624,8,6707,An account was successfully logged on. Subject: Security ID: S-1-5-18 Account Name: SYSTEM Account Domain: NT AUTHORITY Logon ID: 0x3E7 Logon Type: 5.,0,Benign
2026-02-24 10:55:14,4624,12,3320,An account was successfully logged on. Subject: Security ID: S-1-5-21-1234567890 Account Name: Administrator Account Domain: CORP Logon Type: 3.,0,Benign
2026-02-25 09:55:22,4624,7,5437,An account was successfully logged on. Subject: Security ID: S-1-5-18 Account Name: SYSTEM Account Domain: NT AUTHORITY Logon ID: 0x3E7 Logon Type: 5.,0,Benign
2026-02-27 10:27:54,4634,12,6355,An account was logged off. Logon Type: 3.,0,Benign
2026-02-23 16:56:58,4624,2,1860,An account was successfully logged on. Logon Type: 2 Interactive.,0,Benign
2026-02-23 14:33:27,4624,9,4824,An account was successfully logged on. Logon Type: 2 Interactive.,0,Benign
2026-02-23 11:19:59,4624,11,7320,An account was successfully logged on. Subject: Security ID: S-1-5-18 Account Name: SYSTEM Account Domain: NT AUTHORITY Logon ID: 0x3E7 Logon Type: 5.,0,Benign
2026-02-24 13:34:14,4624,7,3587,An account was successfully logged on. Logon Type: 10 Remote Desktop Services.,0,Benign
2026-03-01 13:48:40,4625,3,161,An account failed to log on. Failure Reason: Account locked out.,0,Benign
2026-03-01 09:07:52,4625,7,4567,An account failed to log on. Account Name: administrator Source Network Address: 192.168.1.50.,0,Benign
2026-02-25 15:24:59,4720,8,5054,A user account was created. New Account Name: svc_backup New Account Domain: CORP.,0,Benign
2026-02-23 12:26:52,4625,9,6458,An account failed to log on. Failure Reason: Account locked out.,0,Benign
2026-02-27 07:35:15,4688,9,6810,A new process has been created. New Process Name: C:\Windows\System32\wbem\WMIC.exe.,1,T1047
2026-02-28 16:05:31,4732,9,4138,A member was added to a security-enabled local group. Member Name: jdoe Group Name: Remote Desktop Users.,0,Benign
2026-02-27 13:37:21,4672,3,2256,Special privileges assigned to new logon. Subject: Security ID: S-1-5-18 Privileges: SeAssignPrimaryTokenPrivilege SeTcbPrivilege SeSecurityPrivilege.,0,Benign
2026-02-25 13:40:34,4634,12,1649,An account was logged off. Logon Type: 2 Interactive.,0,Benign
2026-02-28 21:02:21,4720,2,4286,A user account was created. New Account Name: svc_backup New Account Domain: CORP.,0,Benign
2026-02-28 13:32:27,4625,10,7754,An account failed to log on. Failure Reason: Account locked out.,0,Benign
2026-02-24 11:45:14,4732,10,7989,A member was added to a security-enabled local group. Member Name: svc_backup Group Name: Backup Operators.,0,Benign
2026-02-25 14:29:07,4624,8,4301,An account was successfully logged on. Subject: Security ID: S-1-5-18 Account Name: SYSTEM Account Domain: NT AUTHORITY Logon ID: 0x3E7 Logon Type: 5.,0,Benign
2026-02-23 08:38:17,4672,8,9677,Special privileges assigned to new logon. Subject: Security ID: S-1-5-18 Privileges: SeAssignPrimaryTokenPrivilege SeTcbPrivilege SeSecurityPrivilege.,0,Benign
2026-02-28 10:05:34,4625,7,7991,An account failed to log on. Account Name: administrator Source Network Address: 192.168.1.50.,0,Benign
2026-03-01 08:02:41,4624,11,1630,An account was successfully logged on. New Logon: Account Name: jdoe Account Domain: CORP Logon ID: 0x1A2B3C.,0,Benign
2026-03-01 15:33:04,4688,8,4511,A new process has been created. New Process Name: C:\Windows\System32\svchost.exe Creator Process Name: C:\Windows\System32\services.exe.,0,Benign
2026-02-25 11:36:46,4648,10,5988,A logon was attempted using explicit credentials. Target Server: localhost Target User: admin.,0,Benign
2026-02-24 09:46:34,4648,7,3309,A logon was attempted using explicit credentials. Target Server: localhost Target User: admin.,0,Benign
2026-02-26 11:21:10,4625,9,8578,An account failed to log on. Failure Reason: Unknown user name or bad password. Status: 0xC000006D Sub Status: 0xC000006A.,0,Benign
2026-02-27 04:49:07,4688,7,3622,A new process has been created. New Process Name: C:\Windows\System32\cmd.exe Command Line: cmd.exe /c dir.,0,Benign
2026-02-26 16:21:49,4624,11,9078,An account was successfully logged on. New Logon: Account Name: jdoe Account Domain: CORP Logon ID: 0x1A2B3C.,0,Benign
2026-02-27 11:04:47,4624,7,1651,An account was successfully logged on. Subject: Security ID: S-1-5-21-1234567890 Account Name: Administrator Account Domain: CORP Logon Type: 3.,0,Benign
2026-02-24 02:09:21,4634,8,3531,An account was logged off. Logon Type: 2 Interactive.,0,Benign
2026-02-26 12:46:55,4648,5,6784,A logon was attempted using explicit credentials. Target Server: DC01 Target User: backup_svc.,0,Benign
2026-02-25 04:02:51,4688,7,1081,A new process has been created. New Process Name: C:\Windows\System32\taskhostw.exe.,0,Benign
2026-02-25 08:43:34,4672,5,5526,Special privileges assigned to new logon. Subject: Security ID: S-1-5-21-1234567890 Account Name: Administrator Privileges: SeDebugPrivilege.,0,Benign
2026-02-24 09:18:07,4648,11,9496,A logon was attempted using explicit credentials. Process: C:\Windows\System32\runas.exe.,0,Benign
2026-02-25 11:16:47,4625,2,3589,An account failed to log on. Logon Type: 10 Remote Desktop Services.,0,Benign
2026-02-28 00:38:47,4648,2,6738,A logon was attempted using explicit credentials. Target Server: localhost Target User: admin.,0,Benign
2026-02-25 10:02:57,4688,11,1316,A new process has been created. New Process Name: C:\Program Files\Google\Chrome\chrome.exe Command Line: chrome.exe --type=renderer.,0,Benign
2026-02-23 10:35:41,4624,5,962,An account was successfully logged on. Logon Type: 2 Interactive.,0,Benign
2026-02-28 01:09:12,4624,11,9805,An account was successfully logged on. Logon Type: 10 Remote Desktop Services.,0,Benign
2026-02-27 15:04:35,4634,11,6907,An account was logged off. Logon Type: 2 Interactive.,0,Benign
2026-02-25 08:46:27,4732,9,1659,A member was added to a security-enabled local group. Member Name: tempuser Group Name: Administrators.,0,Benign
2026-02-25 17:55:40,4688,5,1016,A new process has been created. New Process Name: C:\Windows\System32\taskhostw.exe.,0,Benign
2026-02-23 13:41:13,4624,9,7243,An account was successfully logged on. New Logon: Account Name: jdoe Account Domain: CORP Logon ID: 0x1A2B3C.,0,Benign
2026-03-01 08:26:40,4625,2,2439,An account failed to log on. Account Name: administrator Source Network Address: 192.168.1.50.,0,Benign
2026-02-24 15:49:20,4624,12,1721,An account was successfully logged on. Subject: Security ID: S-1-5-18 Account Name: SYSTEM Account Domain: NT AUTHORITY Logon ID: 0x3E7 Logon Type: 5.,0,Benign
2026-03-01 12:12:10,4624,9,5950,An account was successfully logged on. Logon Type: 2 Interactive.,0,Benign
2026-02-27 17:02:47,4624,11,9805,An account was successfully logged on. Subject: Security ID: S-1-5-21-1234567890 Account Name: Administrator Account Domain: CORP Logon Type: 3.,0,Benign
2026-03-01 12:50:14,4634,9,2185,An account was logged off. Logon Type: 2 Interactive.,0,Benign
2026-02-27 17:27:47,4625,3,4564,An account failed to log on. Failure Reason: Account locked out.,0,Benign
2026-02-24 09:47:25,4688,5,875,A new process has been created. New Process Name: C:\Windows\System32\notepad.exe.,0,Benign
2026-02-24 13:37:15,4634,8,1277,An account was logged off. Logon Type: 2 Interactive.,0,Benign
2026-02-28 14:08:36,4688,12,1341,A new process has been created. New Process Name: C:\Windows\System32\cmd.exe Command Line: cmd.exe /c dir.,0,Benign
2026-02-27 12:53:52,4648,9,9859,A logon was attempted using explicit credentials. Process: C:\Windows\System32\runas.exe.,0,Benign
2026-02-24 11:25:36,4624,12,593,An account was successfully logged on. Subject: Security ID: S-1-5-18 Account Name: SYSTEM Account Domain: NT AUTHORITY Logon ID: 0x3E7 Logon Type: 5.,0,Benign
2026-02-28 11:27:29,4624,10,779,An account was successfully logged on. Subject: Security ID: S-1-5-21-1234567890 Account Name: Administrator Account Domain: CORP Logon Type: 3.,0,Benign
2026-02-25 11:55:30,4624,10,8288,An account was successfully logged on. Logon Type: 2 Interactive.,0,Benign
2026-02-23 12:50:33,4624,11,1744,An account was successfully logged on. Subject: Security ID: S-1-5-18 Account Name: SYSTEM Account Domain: NT AUTHORITY Logon ID: 0x3E7 Logon Type: 5.,0,Benign
2026-02-26 10:59:12,4624,5,6957,An account was successfully logged on. Subject: Security ID: S-1-5-21-1234567890 Account Name: Administrator Account Domain: CORP Logon Type: 3.,0,Benign
2026-02-23 13:20:32,4624,5,9252,An account was successfully logged on. Subject: Security ID: S-1-5-18 Account Name: SYSTEM Account Domain: NT AUTHORITY Logon ID: 0x3E7 Logon Type: 5.,0,Benign
2026-02-23 15:24:17,4625,2,5513,An account failed to log on. Logon Type: 10 Remote Desktop Services.,0,Benign
2026-02-28 17:52:20,4648,7,9912,A logon was attempted using explicit credentials. Target Server: localhost Target User: admin.,0,Benign
2026-02-26 08:24:18,4624,9,7050,An account was successfully logged on. Subject: Security ID: S-1-5-21-1234567890 Account Name: Administrator Account Domain: CORP Logon Type: 3.,0,Benign
2026-02-24 10:39:21,4634,10,483,An account was logged off. Subject: Security ID: S-1-5-21-1234567890 Account Name: jdoe.,0,Benign
2026-02-26 10:50:50,4672,8,8032,Special privileges assigned to new logon. Subject: Security ID: S-1-5-21-1234567890 Account Name: Administrator Privileges: SeDebugPrivilege.,0,Benign
2026-02-24 07:24:22,4688,3,3087,A new process has been created. New Process Name: C:\Windows\System32\svchost.exe Creator Process Name: C:\Windows\System32\services.exe.,0,Benign
2026-02-25 10:57:12,4688,7,9805,A new process has been created. New Process Name: C:\Windows\System32\notepad.exe.,0,Benign
2026-02-24 11:01:32,4634,12,7876,An account was logged off. Logon Type: 3.,0,Benign
2026-02-23 23:02:10,4688,2,4396,A new process has been created. New Process Name: C:\Windows\System32\taskhostw.exe.,0,Benign
2026-02-26 14:22:47,4624,8,5631,An account was successfully logged on. Logon Type: 2 Interactive.,0,Benign
2026-03-01 15:45:29,4625,7,1726,An account failed to log on. Subject: Security ID: S-1-0-0 Account Name: - Account Domain: - Logon Type: 3.,0,Benign
2026-02-28 12:28:17,4624,3,3397,An account was successfully logged on. Subject: Security ID: S-1-5-21-1234567890 Account Name: Administrator Account Domain: CORP Logon Type: 3.,0,Benign
2026-02-28 10:58:57,4648,2,5810,A logon was attempted using explicit credentials. Target Server: DC01 Target User: backup_svc.,0,Benign
2026-03-01 17:02:49,4625,5,5080,An account failed to log on. Subject: Security ID: S-1-0-0 Account Name: - Account Domain: - Logon Type: 3.,0,Benign
2026-02-24 13:31:12,4648,9,2168,A logon was attempted using explicit credentials. Target Server: DC01 Target User: backup_svc.,0,Benign
2026-03-01 19:56:30,4648,3,7942,A logon was attempted using explicit credentials. Process: C:\Windows\System32\runas.exe.,0,Benign
2026-02-24 16:17:16,4634,11,4213,An account was logged off. Subject: Security ID: S-1-5-21-1234567890 Account Name: jdoe.,0,Benign
2026-02-28 11:42:39,4624,5,833,An account was successfully logged on. Subject: Security ID: S-1-5-21-1234567890 Account Name: Administrator Account Domain: CORP Logon Type: 3.,0,Benign
2026-02-27 15:50:48,4624,2,8743,An account was successfully logged on. Subject: Security ID: S-1-5-18 Account Name: SYSTEM Account Domain: NT AUTHORITY Logon ID: 0x3E7 Logon Type: 5.,0,Benign
2026-02-26 12:17:13,4624,10,7074,An account was successfully logged on. Subject: Security ID: S-1-5-18 Account Name: SYSTEM Account Domain: NT AUTHORITY Logon ID: 0x3E7 Logon Type: 5.,0,Benign
2026-03-01 08:37:03,4624,5,8792,An account was successfully logged on. Logon Type: 10 Remote Desktop Services.,0,Benign
2026-02-25 11:35:48,4624,2,1227,An account was successfully logged on. Subject: Security ID: S-1-5-18 Account Name: SYSTEM Account Domain: NT AUTHORITY Logon ID: 0x3E7 Logon Type: 5.,0,Benign
2026-02-27 15:52:09,4624,5,640,An account was successfully logged on. Logon Type: 2 Interactive.,0,Benign
2026-02-23 12:59:50,4634,7,2095,An account was logged off. Subject: Security ID: S-1-5-21-1234567890 Account Name: jdoe.,0,Benign
2026-02-28 15:43:08,4624,10,5511,An account was successfully logged on. Logon Type: 10 Remote Desktop Services.,0,Benign
2026-02-23 10:06:40,4624,12,8837,An account was successfully logged on. Subject: Security ID: S-1-5-18 Account Name: SYSTEM Account Domain: NT AUTHORITY Logon ID: 0x3E7 Logon Type: 5.,0,Benign
2026-02-28 13:51:28,4625,8,9205,An account failed to log on. Failure Reason: Account locked out.,0,Benign
2026-02-24 13:26:02,4624,5,1108,An account was successfully logged on. Subject: Security ID: S-1-5-21-1234567890 Account Name: Administrator Account Domain: CORP Logon Type: 3.,0,Benign
2026-02-25 17:27:10,4672,8,5076,Special privileges assigned to new logon. Account Name: SYSTEM Privileges: SeBackupPrivilege SeRestorePrivilege.,0,Benign
2026-03-01 17:44:41,4732,9,6477,A member was added to a security-enabled local group. Member Name: jdoe Group Name: Remote Desktop Users.,0,Benign
2026-03-01 04:09:48,4625,11,7320,An account failed to log on. Failure Reason: Unknown user name or bad password. Status: 0xC000006D Sub Status: 0xC000006A.,0,Benign
2026-02-23 09:18:06,4672,8,5889,Special privileges assigned to new logon. Account Name: SYSTEM Privileges: SeBackupPrivilege SeRestorePrivilege.,0,Benign
2026-02-23 23:44:19,4624,5,5909,An account was successfully logged on. Logon Type: 2 Interactive.,0,Benign
2026-02-26 15:54:49,4648,11,3415,A logon was attempted using explicit credentials. Process: C:\Windows\System32\runas.exe.,0,Benign
2026-02-27 09:39:01,4672,12,8229,Special privileges assigned to new logon. Account Name: SYSTEM Privileges: SeBackupPrivilege SeRestorePrivilege.,0,Benign
2026-02-24 14:00:14,4625,5,3848,An account failed to log on. Subject: Security ID: S-1-0-0 Account Name: - Account Domain: - Logon Type: 3.,0,Benign
2026-02-28 16:28:22,4624,10,9439,An account was successfully logged on. Logon Type: 2 Interactive.,0,Benign
2026-02-24 11:02:02,4634,10,3354,An account was logged off. Logon Type: 2 Interactive.,0,Benign
2026-02-28 13:59:17,4672,2,7714,Special privileges assigned to new logon. Subject: Security ID: S-1-5-21-1234567890 Account Name: Administrator Privileges: SeDebugPrivilege.,0,Benign
2026-02-28 17:42:57,4688,12,5786,A new process has been created. New Process Name: C:\Windows\System32\notepad.exe.,0,Benign
2026-02-25 13:34:46,4624,5,799,An account was successfully logged on. Logon Type: 10 Remote Desktop Services.,0,Benign
2026-02-23 16:36:03,4624,12,2966,An account was successfully logged on. Subject: Security ID: S-1-5-21-1234567890 Account Name: Administrator Account Domain: CORP Logon Type: 3.,0,Benign
2026-02-23 08:24:27,4648,10,4573,A logon was attempted using explicit credentials. Process: C:\Windows\System32\runas.exe.,0,Benign
2026-02-25 17:46:07,4672,2,7160,Special privileges assigned to new logon. Subject: Security ID: S-1-5-18 Privileges: SeAssignPrimaryTokenPrivilege SeTcbPrivilege SeSecurityPrivilege.,0,Benign
2026-02-28 03:21:31,4688,8,9446,A new process has been created. New Process Name: C:\Windows\System32\taskhostw.exe.,0,Benign
2026-02-27 20:47:38,4625,2,9268,An account failed to log on. Failure Reason: Account locked out.,0,Benign
2026-02-23 12:04:49,4625,9,858,An account failed to log on. Failure Reason: Unknown user name or bad password. Status: 0xC000006D Sub Status: 0xC000006A.,0,Benign
2026-02-23 16:20:41,4624,8,5043,An account was successfully logged on. Logon Type: 2 Interactive.,0,Benign
2026-02-27 12:45:35,4634,11,2239,An account was logged off. Subject: Security ID: S-1-5-21-1234567890 Account Name: jdoe.,0,Benign
2026-02-25 13:03:37,4624,3,8986,An account was successfully logged on. Subject: Security ID: S-1-5-21-1234567890 Account Name: Administrator Account Domain: CORP Logon Type: 3.,0,Benign
2026-02-26 12:20:08,4624,7,761,An account was successfully logged on. Subject: Security ID: S-1-5-21-1234567890 Account Name: Administrator Account Domain: CORP Logon Type: 3.,0,Benign
2026-02-28 16:52:20,4688,7,1844,A new process has been created. New Process Name: C:\Windows\System32\taskhostw.exe.,0,Benign
2026-02-27 06:51:02,4688,7,3796,A new process has been created. New Process Name: C:\Program Files\Google\Chrome\chrome.exe Command Line: chrome.exe --type=renderer.,0,Benign
2026-02-23 12:08:01,4625,12,5726,An account failed to log on. Failure Reason: Account locked out.,0,Benign
2026-02-24 21:39:30,4624,11,4629,An account was successfully logged on. Subject: Security ID: S-1-5-18 Account Name: SYSTEM Account Domain: NT AUTHORITY Logon ID: 0x3E7 Logon Type: 5.,0,Benign
2026-02-23 18:19:59,4634,3,1132,An account was logged off. Subject: Security ID: S-1-5-21-1234567890 Account Name: jdoe.,0,Benign
2026-02-28 09:52:29,4625,8,439,An account failed to log on. Failure Reason: Unknown user name or bad password. Status: 0xC000006D Sub Status: 0xC000006A.,0,Benign
2026-03-01 16:42:56,4625,9,3065,An account failed to log on. Subject: Security ID: S-1-0-0 Account Name: - Account Domain: - Logon Type: 3.,0,Benign
2026-02-23 16:53:33,4688,12,1374,A new process has been created. New Process Name: C:\Windows\System32\svchost.exe Creator Process Name: C:\Windows\System32\services.exe.,0,Benign
2026-02-26 23:19:05,4624,7,5833,An account was successfully logged on. Logon Type: 2 Interactive.,0,Benign
2026-02-27 16:32:08,4672,12,8933,Special privileges assigned to new logon. Subject: Security ID: S-1-5-21-1234567890 Account Name: Administrator Privileges: SeDebugPrivilege.,0,Benign
2026-03-01 17:33:03,4625,3,9300,An account failed to log on. Failure Reason: Account locked out.,0,Benign
2026-02-26 17:55:40,4624,12,967,An account was successfully logged on. Subject: Security ID: S-1-5-18 Account Name: SYSTEM Account Domain: NT AUTHORITY Logon ID: 0x3E7 Logon Type: 5.,0,Benign
2026-02-28 10:35:31,4624,7,4528,An account was successfully logged on. New Logon: Account Name: jdoe Account Domain: CORP Logon ID: 0x1A2B3C.,0,Benign
2026-02-27 11:11:15,4624,7,5299,An account was successfully logged on. Subject: Security ID: S-1-5-21-1234567890 Account Name: Administrator Account Domain: CORP Logon Type: 3.,0,Benign
2026-02-24 23:40:44,4720,7,5550,A user account was created. New Account Name: tempuser New Account Domain: CORP.,0,Benign
2026-03-01 16:54:32,4625,7,5674,An account failed to log on. Failure Reason: Account locked out.,0,Benign
2026-02-25 22:56:47,4624,8,4645,An account was successfully logged on. Logon Type: 10 Remote Desktop Services.,0,Benign
2026-02-23 15:04:32,4624,12,4296,An account was successfully logged on. New Logon: Account Name: jdoe Account Domain: CORP Logon ID: 0x1A2B3C.,0,Benign
2026-02-26 14:40:52,4634,12,3329,An account was logged off. Logon Type: 3.,0,Benign
2026-03-01 16:23:50,4648,12,1110,A logon was attempted using explicit credentials. Target Server: localhost Target User: admin.,0,Benign
2026-02-27 10:06:24,4625,11,4810,An account failed to log on. Logon Type: 10 Remote Desktop Services.,0,Benign
2026-02-24 09:54:37,4688,8,9679,A new process has been created. New Process Name: C:\Windows\System32\svchost.exe Creator Process Name: C:\Windows\System32\services.exe.,0,Benign
2026-02-27 15:12:46,4648,2,7903,A logon was attempted using explicit credentials. Target Server: DC01 Target User: backup_svc.,0,Benign
2026-02-28 05:56:29,4624,9,6288,An account was successfully logged on. Logon Type: 2 Interactive.,0,Benign
2026-02-27 17:27:30,4634,5,2317,An account was logged off. Logon Type: 2 Interactive.,0,Benign
2026-02-28 09:07:35,4624,3,270,An account was successfully logged on. Subject: Security ID: S-1-5-21-1234567890 Account Name: Administrator Account Domain: CORP Logon Type: 3.,0,Benign
2026-02-24 09:06:22,4625,7,9510,An account failed to log on. Logon Type: 10 Remote Desktop Services.,0,Benign
2026-02-26 17:10:27,4688,8,1709,A new process has been created. New Process Name: C:\Windows\System32\notepad.exe.,0,Benign
2026-02-28 01:53:47,4624,12,4748,An account was successfully logged on. New Logon: Account Name: jdoe Account Domain: CORP Logon ID: 0x1A2B3C.,0,Benign
2026-02-24 17:47:08,4625,11,3555,An account failed to log on. Subject: Security ID: S-1-0-0 Account Name: - Account Domain: - Logon Type: 3.,0,Benign
2026-02-27 08:21:11,4648,11,9294,A logon was attempted using explicit credentials. Target Server: DC01 Target User: backup_svc.,0,Benign
2026-02-26 17:46:05,4625,10,9884,An account failed to log on. Subject: Security ID: S-1-0-0 Account Name: - Account Domain: - Logon Type: 3.,0,Benign
2026-03-01 21:13:04,4688,7,7747,A new process has been created. New Process Name: C:\Windows\System32\svchost.exe Creator Process Name: C:\Windows\System32\services.exe.,0,Benign
2026-02-26 11:36:35,4624,3,5150,An account was successfully logged on. Logon Type: 2 Interactive.,0,Benign
2026-02-24 11:26:24,4624,8,9058,An account was successfully logged on. Logon Type: 10 Remote Desktop Services.,0,Benign
2026-02-27 09:59:53,4624,11,3222,An account was successfully logged on. Logon Type: 10 Remote Desktop Services.,0,Benign
2026-02-27 14:33:01,4720,12,6137,A user account was created. New Account Name: tempuser New Account Domain: CORP.,0,Benign
2026-02-23 15:57:00,4625,3,2058,An account failed to log on. Failure Reason: Unknown user name or bad password. Status: 0xC000006D Sub Status: 0xC000006A.,0,Benign
2026-02-26 16:38:36,4634,12,5089,An account was logged off. Subject: Security ID: S-1-5-21-1234567890 Account Name: jdoe.,0,Benign
2026-02-28 14:25:48,4624,9,7425,An account was successfully logged on. Subject: Security ID: S-1-5-18 Account Name: SYSTEM Account Domain: NT AUTHORITY Logon ID: 0x3E7 Logon Type: 5.,0,Benign
2026-02-24 11:24:10,4634,7,3870,An account was logged off. Logon Type: 3.,0,Benign
2026-03-01 14:15:33,4624,11,3312,An account was successfully logged on. Logon Type: 10 Remote Desktop Services.,0,Benign
2026-02-24 13:23:42,4624,5,7098,An account was successfully logged on. Logon Type: 10 Remote Desktop Services.,0,Benign
2026-03-01 15:17:23,4634,9,7271,An account was logged off. Subject: Security ID: S-1-5-21-1234567890 Account Name: jdoe.,0,Benign
2026-02-25 11:05:44,4688,3,9157,A new process has been created. New Process Name: C:\Windows\System32\svchost.exe Creator Process Name: C:\Windows\System32\services.exe.,1,Benign
2026-02-24 13:50:00,4624,3,2078,An account was successfully logged on. Logon Type: 2 Interactive.,0,Benign
2026-02-26 04:47:23,4672,3,1508,Special privileges assigned to new logon. Account Name: SYSTEM Privileges: SeBackupPrivilege SeRestorePrivilege.,0,Benign
2026-02-27 10:59:38,4688,5,9906,A new process has been created. New Process Name: C:\Windows\System32\notepad.exe.,0,Benign
2026-02-27 17:50:37,4624,7,4611,An account was successfully logged on. Logon Type: 10 Remote Desktop Services.,0,Benign
2026-02-23 17:41:41,4625,11,5354,An account failed to log on. Subject: Security ID: S-1-0-0 Account Name: - Account Domain: - Logon Type: 3.,0,Benign
2026-02-24 19:45:46,4648,3,7293,A logon was attempted using explicit credentials. Target Server: DC01 Target User: backup_svc.,0,Benign
2026-02-28 17:11:15,4624,12,3900,An account was successfully logged on. Logon Type: 10 Remote Desktop Services.,0,Benign
2026-02-28 00:27:37,4672,9,8899,Special privileges assigned to new logon. Subject: Security ID: S-1-5-18 Privileges: SeAssignPrimaryTokenPrivilege SeTcbPrivilege SeSecurityPrivilege.,0,Benign
2026-02-23 14:58:48,4634,2,331,An account was logged off. Logon Type: 2 Interactive.,0,Benign
2026-02-24 11:36:39,4688,12,9244,A new process has been created. New Process Name: C:\Windows\System32\notepad.exe.,0,Benign
2026-02-23 02:35:16,4624,10,6108,An account was successfully logged on. Subject: Security ID: S-1-5-21-1234567890 Account Name: Administrator Account Domain: CORP Logon Type: 3.,0,Benign
2026-02-28 09:37:49,4625,7,1815,An account failed to log on. Failure Reason: Unknown user name or bad password. Status: 0xC000006D Sub Status: 0xC000006A.,0,Benign
2026-02-23 17:51:00,4648,10,6854,A logon was attempted using explicit credentials. Target Server: localhost Target User: admin.,0,Benign
2026-02-26 17:17:56,4624,11,8706,An account was successfully logged on. New Logon: Account Name: jdoe Account Domain: CORP Logon ID: 0x1A2B3C.,0,Benign
2026-03-01 13:58:42,4624,12,6445,An account was successfully logged on. Logon Type: 10 Remote Desktop Services.,0,Benign
2026-02-27 17:52:27,4648,10,3166,A logon was attempted using explicit credentials. Target Server: DC01 Target User: backup_svc.,0,Benign
2026-02-25 09:22:59,4688,5,3723,A new process has been created. New Process Name: C:\Windows\System32\cmd.exe Command Line: cmd.exe /c dir.,0,Benign
2026-03-01 16:15:34,4625,11,1611,An account failed to log on. Logon Type: 3 Source Network Address: 10.0.0.55.,1,T1046
2026-02-26 17:43:11,4624,11,5179,An account was successfully logged on. Logon Type: 10 Remote Desktop Services.,0,Benign
2026-02-27 06:06:11,4625,8,3184,An account failed to log on. Account Name: administrator Source Network Address: 192.168.1.50.,0,Benign
2026-02-28 08:13:09,4624,12,9654,An account was successfully logged on. Subject: Security ID: S-1-5-21-1234567890 Account Name: Administrator Account Domain: CORP Logon Type: 3.,0,Benign
2026-02-27 12:38:38,4625,11,518,An account failed to log on. Logon Type: 10 Remote Desktop Services.,0,Benign
2026-02-28 16:14:45,4648,9,3241,A logon was attempted using explicit credentials. Target Server: localhost Target User: admin.,0,Benign
2026-02-28 08:34:13,4624,10,9990,An account was successfully logged on. New Logon: Account Name: jdoe Account Domain: CORP Logon ID: 0x1A2B3C.,0,Benign
2026-02-28 14:14:36,4625,7,9060,An account failed to log on. Logon Type: 10 Remote Desktop Services.,0,Benign
2026-02-27 19:10:15,4624,3,2111,An account was successfully logged on. Subject: Security ID: S-1-5-18 Account Name: SYSTEM Account Domain: NT AUTHORITY Logon ID: 0x3E7 Logon Type: 5.,0,Benign
2026-03-01 09:13:45,4625,5,3230,An account failed to log on. Account Name: administrator Source Network Address: 192.168.1.50.,0,Benign
2026-02-24 08:29:12,4625,3,5299,An account failed to log on. Failure Reason: Unknown user name or bad password. Status: 0xC000006D Sub Status: 0xC000006A.,0,Benign
2026-02-25 11:09:37,4625,7,3301,An account failed to log on. Account Name: administrator Source Network Address: 192.168.1.50.,0,Benign
2026-03-01 11:03:31,4688,11,2720,A new process has been created. New Process Name: C:\Windows\System32\taskhostw.exe.,0,Benign
2026-02-24 15:31:40,4624,3,3661,An account was successfully logged on. Logon Type: 2 Interactive.,0,Benign
2026-02-26 14:43:52,4624,8,2340,An account was successfully logged on. Logon Type: 10 Remote Desktop Services.,0,Benign
2026-02-27 08:23:07,4624,7,1035,An account was successfully logged on. Subject: Security ID: S-1-5-18 Account Name: SYSTEM Account Domain: NT AUTHORITY Logon ID: 0x3E7 Logon Type: 5.,0,Benign
2026-02-27 10:07:55,4688,10,1368,A new process has been created. New Process Name: C:\Windows\System32\notepad.exe.,0,Benign
2026-02-28 12:45:08,4624,11,3545,An account was successfully logged on. Logon Type: 2 Interactive.,0,Benign
2026-02-27 11:38:37,4624,3,705,An account was successfully logged on. New Logon: Account Name: jdoe Account Domain: CORP Logon ID: 0x1A2B3C.,0,Benign
2026-03-01 07:57:46,1100,11,4122,The event logging service has shut down. Reason: The log was cleared by user.,1,T1070
2026-02-28 11:20:52,4688,5,1586,A new process has been created. New Process Name: C:\Program Files\Google\Chrome\chrome.exe Command Line: chrome.exe --type=renderer.,0,Benign
2026-03-01 10:12:26,4624,8,1354,An account was successfully logged on. Subject: Security ID: S-1-5-21-1234567890 Account Name: Administrator Account Domain: CORP Logon Type: 3.,0,Benign
2026-02-25 15:01:49,4634,12,7293,An account was logged off. Subject: Security ID: S-1-5-21-1234567890 Account Name: jdoe.,0,Benign
2026-02-24 12:21:26,4625,9,1711,An account failed to log on. Subject: Security ID: S-1-0-0 Account Name: - Account Domain: - Logon Type: 3.,0,Benign
2026-02-24 12:27:32,4625,11,8453,An account failed to log on. Subject: Security ID: S-1-0-0 Account Name: - Account Domain: - Logon Type: 3.,0,Benign
2026-03-01 16:32:43,4634,2,5438,An account was logged off. Subject: Security ID: S-1-5-21-1234567890 Account Name: jdoe.,0,Benign
2026-02-27 14:44:08,4625,2,1175,An account failed to log on. Logon Type: 10 Remote Desktop Services.,0,Benign
2026-02-28 15:31:13,4624,10,7175,An account was successfully logged on. Subject: Security ID: S-1-5-21-1234567890 Account Name: Administrator Account Domain: CORP Logon Type: 3.,0,Benign
2026-02-24 08:21:23,4634,5,9454,An account was logged off. Logon Type: 2 Interactive.,0,Benign
2026-02-28 17:03:31,4634,11,846,An account was logged off. Logon Type: 2 Interactive.,0,Benign
2026-02-28 09:39:41,4634,11,1527,An account was logged off. Logon Type: 3.,0,Benign
2026-02-26 02:33:11,4625,2,973,An account failed to log on. Account Name: administrator Source Network Address: 192.168.1.50.,0,Benign
2026-02-28 00:27:49,4648,7,919,A logon was attempted using explicit credentials. Process: C:\Windows\System32\runas.exe.,0,Benign
2026-02-23 11:32:19,4688,9,4496,A new process has been created. New Process Name: C:\Windows\System32\svchost.exe Creator Process Name: C:\Windows\System32\services.exe.,0,Benign
2026-02-26 16:14:58,4624,2,6389,An account was successfully logged on. Logon Type: 2 Interactive.,0,Benign
2026-02-24 09:58:58,4624,11,330,An account was successfully logged on. Subject: Security ID: S-1-5-21-1234567890 Account Name: Administrator Account Domain: CORP Logon Type: 3.,0,Benign
2026-02-27 13:13:12,4720,12,7004,A user account was created. New Account Name: svc_backup New Account Domain: CORP.,0,Benign
2026-02-25 14:10:10,4688,10,993,A new process has been created. New Process Name: C:\Windows\System32\taskhostw.exe.,0,Benign
2026-02-28 10:51:24,4688,12,2029,A new process has been created. New Process Name: C:\Windows\System32\cmd.exe Command Line: cmd.exe /c dir.,0,Benign
2026-03-01 09:14:45,4625,10,4590,An account failed to log on. Failure Reason: Account locked out.,0,Benign
2026-02-27 11:33:19,4624,5,8864,An account was successfully logged on. Logon Type: 10 Remote Desktop Services.,0,Benign
2026-02-24 10:51:36,4634,5,9797,An account was logged off. Logon Type: 2 Interactive.,0,Benign
2026-02-24 10:21:19,4634,10,888,An account was logged off. Subject: Security ID: S-1-5-21-1234567890 Account Name: jdoe.,0,Benign
2026-02-27 11:03:59,4624,12,7266,An account was successfully logged on. Subject: Security ID: S-1-5-18 Account Name: SYSTEM Account Domain: NT AUTHORITY Logon ID: 0x3E7 Logon Type: 5.,0,Benign
2026-02-25 10:31:29,4688,7,4488,A new process has been created. New Process Name: C:\Windows\System32\taskhostw.exe.,0,Benign
2026-02-27 11:17:54,4624,5,3830,An account was successfully logged on. Logon Type: 10 Remote Desktop Services.,0,Benign
2026-02-26 09:03:22,4625,8,7349,An account failed to log on. Logon Type: 10 Remote Desktop Services.,0,Benign
2026-02-27 14:15:35,4625,8,1360,An account failed to log on. Account Name: administrator Source Network Address: 192.168.1.50.,0,Benign
2026-02-24 08:54:55,4688,8,7411,A new process has been created. New Process Name: C:\Windows\System32\notepad.exe.,0,Benign
2026-02-26 07:21:29,4672,8,5079,A member was added to a security-enabled local group. Member Name: backdoor Group Name: Administrators.,1,T1078
2026-02-27 16:28:27,4688,7,2719,A new process has been created. New Process Name: C:\Windows\System32\svchost.exe Creator Process Name: C:\Windows\System32\services.exe.,0,Benign
2026-02-27 13:57:06,4624,5,8374,An account was successfully logged on. Logon Type: 2 Interactive.,0,Benign
2026-02-28 09:45:48,4624,7,2407,An account was successfully logged on. Logon Type: 2 Interactive.,0,Benign
2026-02-24 13:56:48,4624,7,7696,An account was successfully logged on. Subject: Security ID: S-1-5-18 Account Name: SYSTEM Account Domain: NT AUTHORITY Logon ID: 0x3E7 Logon Type: 5.,0,Benign
2026-02-26 10:29:51,4672,11,1677,Special privileges assigned to new logon. Subject: Security ID: S-1-5-18 Privileges: SeAssignPrimaryTokenPrivilege SeTcbPrivilege SeSecurityPrivilege.,0,Benign
2026-03-01 17:55:28,4625,9,3631,An account failed to log on. Account Name: administrator Source Network Address: 192.168.1.50.,0,Benign
2026-02-23 17:45:47,4625,2,698,An account failed to log on. Logon Type: 10 Remote Desktop Services.,0,Benign
2026-02-27 15:36:04,4625,2,3156,An account failed to log on. Failure Reason: Unknown user name or bad password. Status: 0xC000006D Sub Status: 0xC000006A.,0,Benign
2026-02-28 20:38:07,4625,10,3076,An account failed to log on. Subject: Security ID: S-1-0-0 Account Name: - Account Domain: - Logon Type: 3.,0,Benign
2026-02-24 08:50:39,4624,9,4988,An account was successfully logged on. New Logon: Account Name: jdoe Account Domain: CORP Logon ID: 0x1A2B3C.,0,Benign
2026-02-28 16:05:51,4732,9,966,A member was added to a security-enabled local group. Member Name: svc_backup Group Name: Backup Operators.,0,Benign
2026-02-27 03:59:56,4624,11,5769,An account was successfully logged on. New Logon: Account Name: jdoe Account Domain: CORP Logon ID: 0x1A2B3C.,0,Benign
2026-02-23 00:28:20,4624,5,4625,An account was successfully logged on. Logon Type: 2 Interactive.,0,Benign
2026-02-26 13:05:10,4624,10,7346,An account was successfully logged on. Subject: Security ID: S-1-5-21-1234567890 Account Name: Administrator Account Domain: CORP Logon Type: 3.,0,Benign
2026-02-23 17:52:50,4624,10,4533,An account was successfully logged on. New Logon: Account Name: jdoe Account Domain: CORP Logon ID: 0x1A2B3C.,0,Benign
2026-02-25 17:03:30,4624,7,6856,An account was successfully logged on. Logon Type: 2 Interactive.,0,Benign
2026-02-25 14:06:37,4624,10,5549,An account was successfully logged on. Subject: Security ID: S-1-5-21-1234567890 Account Name: Administrator Account Domain: CORP Logon Type: 3.,0,Benign
2026-02-23 16:38:21,4624,11,8511,An account was successfully logged on. Logon Type: 2 Interactive.,0,Benign
2026-02-25 14:05:52,4624,3,546,An account was successfully logged on. Subject: Security ID: S-1-5-18 Account Name: SYSTEM Account Domain: NT AUTHORITY Logon ID: 0x3E7 Logon Type: 5.,0,Benign
2026-02-25 10:57:20,4648,3,3507,A logon was attempted using explicit credentials. Target Server: DC01 Target User: backup_svc.,0,Benign
2026-02-25 17:10:28,4624,3,6500,An account was successfully logged on. New Logon: Account Name: jdoe Account Domain: CORP Logon ID: 0x1A2B3C.,0,Benign
2026-03-01 11:33:56,4624,12,8348,An account was successfully logged on. Subject: Security ID: S-1-5-18 Account Name: SYSTEM Account Domain: NT AUTHORITY Logon ID: 0x3E7 Logon Type: 5.,0,Benign
2026-02-28 17:32:10,4625,8,1265,An account failed to log on. Logon Type: 10 Remote Desktop Services.,0,Benign
2026-02-26 16:39:46,4625,3,7462,An account failed to log on. Subject: Security ID: S-1-0-0 Account Name: - Account Domain: - Logon Type: 3.,0,Benign
2026-02-23 09:34:40,4624,9,4305,An account was successfully logged on. Logon Type: 10 Remote Desktop Services.,0,Benign
2026-02-26 11:31:26,4624,8,7322,An account was successfully logged on. New Logon: Account Name: jdoe Account Domain: CORP Logon ID: 0x1A2B3C.,0,Benign
2026-02-24 05:41:53,4648,10,4059,A logon was attempted using explicit credentials. Target Server: localhost Target User: admin.,0,Benign
2026-02-24 12:39:32,4624,3,8965,An account was successfully logged on. Logon Type: 2 Interactive.,0,Benign
2026-02-25 12:39:40,4625,7,3148,An account failed to log on. Account Name: administrator Source Network Address: 192.168.1.50.,0,Benign
2026-03-01 10:38:57,4624,7,6363,An account was successfully logged on. Logon Type: 10 Remote Desktop Services.,0,Benign
2026-02-24 13:23:03,4624,7,4683,An account was successfully logged on. Logon Type: 10 Remote Desktop Services.,0,Benign
2026-02-23 08:50:52,4688,8,6431,A new process has been created. New Process Name: C:\Windows\System32\cmd.exe Command Line: cmd.exe /c dir.,0,Benign
2026-02-28 17:08:54,4688,12,738,A new process has been created. New Process Name: C:\Windows\System32\taskhostw.exe.,0,Benign
2026-02-27 14:02:08,4720,11,807,A user account was created. New Account Name: tempuser New Account Domain: CORP.,0,Benign
2026-02-23 09:42:40,4624,12,6258,An account was successfully logged on. Subject: Security ID: S-1-5-18 Account Name: SYSTEM Account Domain: NT AUTHORITY Logon ID: 0x3E7 Logon Type: 5.,0,Benign
2026-02-24 14:21:52,4634,9,3988,An account was logged off. Logon Type: 2 Interactive.,0,Benign
2026-02-24 12:50:35,4624,3,7549,An account was successfully logged on. Logon Type: 2 Interactive.,0,Benign
2026-02-27 13:50:18,4634,8,2600,An account was logged off. Subject: Security ID: S-1-5-21-1234567890 Account Name: jdoe.,0,Benign
2026-02-24 16:56:51,4672,2,684,Special privileges assigned to new logon. Subject: Security ID: S-1-5-18 Privileges: SeAssignPrimaryTokenPrivilege SeTcbPrivilege SeSecurityPrivilege.,0,Benign
2026-02-26 17:54:16,4688,11,9536,A new process has been created. New Process Name: C:\Windows\System32\svchost.exe Creator Process Name: C:\Windows\System32\services.exe.,0,Benign
2026-02-25 09:57:23,4688,10,1965,A new process has been created. New Process Name: C:\Windows\System32\taskhostw.exe.,0,Benign
2026-02-25 15:32:17,4625,2,8665,An account failed to log on. Account Name: administrator Source Network Address: 192.168.1.50.,0,Benign
2026-02-23 17:30:27,4624,10,7259,An account was successfully logged on. Subject: Security ID: S-1-5-18 Account Name: SYSTEM Account Domain: NT AUTHORITY Logon ID: 0x3E7 Logon Type: 5.,0,Benign
2026-02-27 00:20:01,4624,10,8913,An account was successfully logged on. New Logon: Account Name: jdoe Account Domain: CORP Logon ID: 0x1A2B3C.,0,Benign
2026-02-25 00:58:40,4634,12,1041,An account was logged off. Logon Type: 3.,0,Benign
2026-02-26 20:23:14,4732,2,5586,A member was added to a security-enabled local group. Member Name: jdoe Group Name: Remote Desktop Users.,0,Benign
2026-03-01 16:24:18,4624,11,601,An account was successfully logged on. Logon Type: 10 Remote Desktop Services.,0,Benign
2026-02-26 09:36:31,4624,12,2848,An account was successfully logged on. New Logon: Account Name: jdoe Account Domain: CORP Logon ID: 0x1A2B3C.,0,Benign
2026-02-23 02:58:21,4625,2,1554,An account failed to log on. Subject: Security ID: S-1-0-0 Account Name: - Account Domain: - Logon Type: 3.,0,Benign
2026-02-27 16:47:43,4624,11,7317,An account was successfully logged on. Subject: Security ID: S-1-5-18 Account Name: SYSTEM Account Domain: NT AUTHORITY Logon ID: 0x3E7 Logon Type: 5.,0,Benign
2026-02-26 12:18:42,4624,12,7597,An account was successfully logged on. Subject: Security ID: S-1-5-18 Account Name: SYSTEM Account Domain: NT AUTHORITY Logon ID: 0x3E7 Logon Type: 5.,0,Benign
2026-02-23 11:16:20,4624,8,8563,An account was successfully logged on. New Logon: Account Name: jdoe Account Domain: CORP Logon ID: 0x1A2B3C.,0,Benign
2026-02-24 08:54:13,4720,7,4082,A user account was created. New Account Name: test_account.,0,Benign
2026-02-26 10:42:58,4688,3,2887,A new process has been created. New Process Name: C:\Windows\System32\cmd.exe Command Line: cmd.exe /c dir.,0,Benign
2026-02-25 16:51:56,4625,8,5537,An account failed to log on. Logon Type: 10 Remote Desktop Services.,0,Benign
2026-02-26 08:55:20,4624,5,9764,An account was successfully logged on. Subject: Security ID: S-1-5-18 Account Name: SYSTEM Account Domain: NT AUTHORITY Logon ID: 0x3E7 Logon Type: 5.,0,Benign
2026-02-28 11:24:56,4624,11,9686,An account was successfully logged on. New Logon: Account Name: jdoe Account Domain: CORP Logon ID: 0x1A2B3C.,0,Benign
2026-02-24 14:50:43,4688,2,1768,A new process has been created. New Process Name: C:\Windows\System32\notepad.exe.,0,Benign
2026-02-25 09:17:58,4624,2,5523,An account failed to log on. Source Network Address: 10.0.0.99.,1,T1046
2026-02-23 13:49:40,4624,2,8730,An account was successfully logged on. Subject: Security ID: S-1-5-21-1234567890 Account Name: Administrator Account Domain: CORP Logon Type: 3.,0,Benign
2026-02-26 10:07:34,1100,7,9986,The audit log was cleared. Subject: Security ID: S-1-5-21-9876543210 Account Name: attacker.,1,T1070
2026-02-26 10:38:00,4634,9,6912,An account was logged off. Logon Type: 2 Interactive.,0,Benign
2026-02-24 12:35:41,4672,3,2324,Special privileges assigned to new logon. Subject: Security ID: S-1-5-21-1234567890 Account Name: Administrator Privileges: SeDebugPrivilege.,0,Benign
2026-02-27 17:43:27,4624,7,6500,An account was successfully logged on. Logon Type: 2 Interactive.,0,Benign
2026-02-27 12:47:50,4624,12,1981,An account was successfully logged on. Logon Type: 10 Remote Desktop Services.,0,Benign
2026-02-28 23:38:59,4624,8,4196,An account was successfully logged on. Subject: Security ID: S-1-5-18 Account Name: SYSTEM Account Domain: NT AUTHORITY Logon ID: 0x3E7 Logon Type: 5.,0,Benign
2026-02-23 21:54:12,4688,10,3673,A new process has been created. New Process Name: C:\Windows\System32\wbem\WMIC.exe Command Line: wmic process call create calc.exe.,1,T1047
2026-02-25 10:21:08,4634,3,4641,An account was logged off. Logon Type: 3.,0,Benign
2026-02-25 16:42:55,4624,2,4714,An account was successfully logged on. Subject: Security ID: S-1-5-21-1234567890 Account Name: Administrator Account Domain: CORP Logon Type: 3.,0,Benign
2026-02-24 14:17:49,4624,12,741,An account was successfully logged on. Subject: Security ID: S-1-5-21-1234567890 Account Name: Administrator Account Domain: CORP Logon Type: 3.,0,Benign
