2026-02-26 13:16:10,4624,3,1958,An account was successfully logged on. New Logon: Account Name: jdoe Account Domain: CORP Logon ID: 0x1A2B3C.,0,Benign
2026-02-27 16:28:38,4648,3,3922,A logon was attempted using explicit credentials. Target Server: localhost Target User: admin.,0,Benign
2026-02-28 16:41:49,4648,5,5109,A logon was attempted using explicit credentials. Target Server: DC01 Target User: backup_svc.,0,Benign
2026-02-23 11:16:09,4624,7,251,An account was successfully logged on. Logon Type: 10 Remote Desktop Services.,0,Benign
2026-02-26 13:53:55,4624,5,4917,An account was successfully logged on. Logon Type: 10 Remote Desktop Services.,0,Benign
2026-02-25 12:43:47,4624,10,1771,An account was successfully logged on. Logon Type: 2 Interactive.,0,Benign
2026-02-24 13:23:52,4625,12,4051,An account failed to log on. Account Name: administrator Source Network Address: 192.168.1.50.,0,Benign
2026-02-26 01:50:35,4688,5,3020,A new process has been created. New Process Name: C:\Windows\System32\taskhostw.exe.,0,Benign
2026-02-28 12:26:01,4688,10,4746,A new process has been created. New Process Name: C:\Windows\System32\taskhostw.exe.,0,Benign
2026-02-24 17:51:21,4624,12,3445,An account was successfully logged on. Subject: Security ID: S-1-5-21-1234567890 Account Name: Administrator Account Domain: CORP Logon Type: 3.,0,Benign
2026-02-28 13:08:36,4624,3,9191,An account was successfully logged on. Subject: Security ID: S-1-5-21-1234567890 Account Name: Administrator Account Domain: CORP Logon Type: 3.,0,Benign
2026-02-27 12:15:09,4634,8,8569,An account was logged off. Subject: Security ID: S-1-5-21-1234567890 Account Name: jdoe.,0,Benign
2026-02-23 23:07:53,4624,3,3868,An account was successfully logged on. Logon Type: 10 Remote Desktop Services.,0,Benign
2026-02-24 10:41:09,4688,7,7610,A new process has been created. New Process Name: C:\Windows\System32\taskhostw.exe.,0,Benign
2026-02-27 09:57:05,4624,2,4457,An account was successfully logged on. Subject: Security ID: S-1-5-18 Account Name: SYSTEM Account Domain: NT AUTHORITY Logon ID: 0x3E7 Logon Type: 5.,0,Benign
2026-02-24 13:26:09,4625,3,4288,An account failed to log on. Failure Reason: Account locked out.,0,Benign
2026-03-01 11:22:05,4732,9,8195,A member was added to a security-enabled local group. Member Name: svc_backup Group Name: Backup Operators.,0,Benign
2026-02-27 13:11:35,4624,7,2132,An account was successfully logged on. New Logon: Account Name: jdoe Account Domain: CORP Logon ID: 0x1A2B3C.,0,Benign
2026-02-23 15:37:23,4625,9,6301,An account failed to log on. Account Name: administrator Source Network Address: 192.168.1.50.,0,Benign
2026-02-23 10:51:23,4624,3,5593,An account was successfully logged on. Logon Type: 2 Interactive.,0,Benign
2026-02-27 02:41:08,4688,7,6062,A new process has been created. New Process Name: C:\Windows\System32\notepad.exe.,0,Benign
2026-02-25 11:48:40,4720,5,7616,A user account was created. New Account Name: test_account.,0,Benign
2026-02-24 12:03:53,4624,5,3770,An account was successfully logged on. New Logon: Account Name: jdoe Account Domain: CORP Logon ID: 0x1A2B3C.,0,Benign
2026-02-27 11:34:45,4720,9,5556,A user account was created. New Account Name: tempuser New Account Domain: CORP.,0,Benign
2026-02-27 16:54:22,4624,2,7289,An account was successfully logged on. Logon Type: 2 Interactive.,0,Benign
2026-02-24 11:46:37,4634,9,3002,An account was logged off. Logon Type: 3.,0,Benign
2026-02-28 15:37:40,4688,11,177,A new process has been created. New Process Name: C:\Windows\System32\cmd.exe Command Line: cmd.exe /c dir.,0,Benign
2026-02-26 05:12:49,4648,5,1982,A logon was attempted using explicit credentials. Target Server: DC01 Target User: backup_svc.,0,Benign
2026-02-28 18:56:39,4648,2,9288,A logon was attempted using explicit credentials. Target Server: DC01.,1,T1046
2026-02-27 14:13:50,4688,11,3056,A new process has been created. New Process Name: C:\Windows\System32\taskhostw.exe.,0,Benign
2026-03-01 16:42:53,4672,9,1498,Special privileges assigned to new logon. Subject: Security ID: S-1-5-18 Privileges: SeAssignPrimaryTokenPrivilege SeTcbPrivilege SeSecurityPrivilege.,0,Benign
2026-02-25 10:29:30,4688,5,3489,A new process has been created. New Process Name: C:\Windows\System32\cmd.exe Command Line: cmd.exe /c dir.,0,Benign
2026-02-26 15:29:41,4720,9,7466,A user account was created. New Account Name: tempuser New Account Domain: CORP.,0,Benign
2026-02-28 16:20:10,4624,5,9016,An account was successfully logged on. Logon Type: 2 Interactive.,0,Benign
2026-02-26 17:18:19,4624,12,1154,An account was successfully logged on. Subject: Security ID: S-1-5-21-1234567890 Account Name: Administrator Account Domain: CORP Logon Type: 3.,0,Benign
2026-02-28 11:47:17,4648,12,6174,A logon was attempted using explicit credentials. Target Server: localhost Target User: admin.,0,Benign
2026-02-27 00:55:17,4624,5,7325,An account was successfully logged on. Subject: Security ID: S-1-5-18 Account Name: SYSTEM Account Domain: NT AUTHORITY Logon ID: 0x3E7 Logon Type: 5.,0,Benign
2026-02-23 16:16:12,4634,10,3549,An account was logged off. Logon Type: 2 Interactive.,0,Benign
2026-02-27 10:14:56,4634,10,2475,An account was logged off. Subject: Security ID: S-1-5-21-1234567890 Account Name: jdoe.,0,Benign
2026-02-24 10:31:08,4648,8,2793,A logon was attempted using explicit credentials. Target Server: DC01 Target User: backup_svc.,0,Benign
2026-02-23 22:39:56,4672,8,9486,Special privileges assigned to new logon. Subject: Security ID: S-1-5-21-1234567890 Account Name: Administrator Privileges: SeDebugPrivilege.,0,Benign
2026-02-26 05:39:47,4672,10,4883,Special privileges assigned to new logon. Account Name: SYSTEM Privileges: SeBackupPrivilege SeRestorePrivilege.,0,Benign
2026-02-26 06:17:50,4624,11,8678,An account was successfully logged on. New Logon: Account Name: jdoe Account Domain: CORP Logon ID: 0x1A2B3C.,0,Benign
2026-02-24 10:51:55,4624,3,2322,An account was successfully logged on. Subject: Security ID: S-1-5-21-1234567890 Account Name: Administrator Account Domain: CORP Logon Type: 3.,0,Benign
2026-02-26 16:18:44,4624,12,2515,An account was successfully logged on. Subject: Security ID: S-1-5-21-1234567890 Account Name: Administrator Account Domain: CORP Logon Type: 3.,0,Benign
2026-02-25 14:04:41,4634,2,8944,An account was logged off. Logon Type: 3.,0,Benign
2026-02-25 11:53:29,4672,3,1676,Special privileges assigned to new logon. Account Name: SYSTEM Privileges: SeBackupPrivilege SeRestorePrivilege.,0,Benign
2026-02-26 05:36:37,4648,2,2173,A logon was attempted using explicit credentials. Process: C:\Windows\System32\runas.exe.,0,Benign
2026-03-01 14:04:36,4624,8,1556,An account was successfully logged on. Subject: Security ID: S-1-5-21-1234567890 Account Name: Administrator Account Domain: CORP Logon Type: 3.,0,Benign
2026-03-01 12:32:34,4624,2,1965,An account was successfully logged on. Logon Type: 10 Remote Desktop Services.,0,Benign
2026-02-26 13:47:12,4688,7,2754,A new process has been created. New Process Name: C:\Windows\System32\cmd.exe Command Line: cmd.exe /c dir.,0,Benign
2026-02-28 12:00:37,4624,9,8012,An account was successfully logged on. Subject: Security ID: S-1-5-21-1234567890 Account Name: Administrator Account Domain: CORP Logon Type: 3.,0,Benign
2026-02-28 15:35:47,4624,7,1821,An account was successfully logged on. Logon Type: 2 Interactive.,0,Benign
2026-03-01 03:02:32,4648,3,2334,A logon was attempted using explicit credentials. Target Server: localhost Target User: admin.,0,Benign
2026-02-28 13:53:17,4625,5,7315,An account failed to log on. Failure Reason: Unknown user name or bad password. Status: 0xC000006D Sub Status: 0xC000006A.,0,Benign
2026-02-23 13:40:39,4634,10,6006,An account was logged off. Logon Type: 3.,0,Benign
2026-02-25 14:06:09,4624,8,581,An account was successfully logged on. Subject: Security ID: S-1-5-18 Account Name: SYSTEM Account Domain: NT AUTHORITY Logon ID: 0x3E7 Logon Type: 5.,0,Benign
2026-02-26 04:12:23,4624,9,7674,An account was successfully logged on. Logon Type: 10 Remote Desktop Services.,0,Benign
2026-02-25 16:35:01,4672,11,2452,Special privileges assigned to new logon. Account Name: SYSTEM Privileges: SeBackupPrivilege SeRestorePrivilege.,0,Benign
2026-02-25 20:59:33,4625,8,2554,An account failed to log on. Subject: Security ID: S-1-0-0 Account Name: - Account Domain: - Logon Type: 3.,0,Benign
2026-02-24 09:02:49,4624,5,1697,An account was successfully logged on. Subject: Security ID: S-1-5-18 Account Name: SYSTEM Account Domain: NT AUTHORITY Logon ID: 0x3E7 Logon Type: 5.,0,Benign
2026-03-01 16:53:10,4648,7,926,A logon was attempted using explicit credentials. Target Server: localhost Target User: admin.,0,Benign
2026-02-28 15:12:32,4624,8,7988,An account was successfully logged on. Subject: Security ID: S-1-5-21-1234567890 Account Name: Administrator Account Domain: CORP Logon Type: 3.,0,Benign
2026-02-27 10:06:22,4634,7,2383,An account was logged off. Logon Type: 2 Interactive.,0,Benign
2026-02-23 10:27:24,4648,8,9594,A logon was attempted using explicit credentials. Target Server: DC01 Target User: backup_svc.,0,Benign
2026-02-25 02:21:09,4624,11,6052,An account was successfully logged on. Logon Type: 2 Interactive.,0,Benign
2026-02-27 17:45:52,4624,9,6599,An account was successfully logged on. New Logon: Account Name: jdoe Account Domain: CORP Logon ID: 0x1A2B3C.,0,Benign
2026-02-24 13:29:29,4625,2,8119,An account failed to log on. Account Name: administrator Source Network Address: 192.168.1.50.,0,Benign
2026-02-26 09:57:36,4688,9,979,A new process has been created. New Process Name: C:\Windows\System32\cmd.exe Command Line: cmd.exe /c dir.,0,Benign
2026-03-01 10:36:34,4672,9,7130,Special privileges assigned to new logon. Account Name: SYSTEM Privileges: SeBackupPrivilege SeRestorePrivilege.,0,Benign
2026-02-24 13:04:01,4625,7,8085,An account failed to log on. Logon Type: 10 Remote Desktop Services.,0,Benign
2026-02-28 14:03:08,4625,7,223,An account failed to log on. Logon Type: 10 Remote Desktop Services.,0,Benign
2026-02-26 12:09:11,4624,11,1767,An account was successfully logged on. Logon Type: 10 Remote Desktop Services.,0,Benign
2026-02-27 01:33:29,4648,9,7122,A logon was attempted using explicit credentials. Process: C:\Windows\System32\runas.exe.,0,Benign
2026-02-26 04:49:43,4624,8,6588,An account was successfully logged on. New Logon: Account Name: jdoe Account Domain: CORP Logon ID: 0x1A2B3C.,0,Benign
2026-02-24 16:15:25,4688,2,7114,A new process has been created. New Process Name: C:\Windows\System32\taskhostw.exe.,0,Benign
2026-02-23 10:51:30,4688,9,9543,A new process has been created. New Process Name: C:\Windows\System32\cmd.exe Command Line: cmd.exe /c dir.,0,Benign
2026-03-01 10:56:47,4624,9,7592,An account was successfully logged on. Logon Type: 10 Remote Desktop Services.,0,Benign
2026-02-23 18:00:41,4625,8,9860,An account failed to log on. Failure Reason: Account locked out.,0,Benign
2026-02-24 09:58:04,4648,11,7110,A logon was attempted using explicit credentials. Target Server: DC01 Target User: backup_svc.,0,Benign
2026-02-23 01:04:11,4625,7,4888,An account failed to log on. Failure Reason: Account locked out.,0,Benign
2026-02-24 08:43:08,4625,3,7556,An account failed to log on. Account Name: administrator Source Network Address: 192.168.1.50.,0,Benign
2026-02-28 09:02:44,4625,12,8913,An account failed to log on. Account Name: administrator Source Network Address: 192.168.1.50.,0,Benign
2026-03-01 14:00:58,4648,7,3665,A logon was attempted using explicit credentials. Target Server: localhost Target User: admin.,0,Benign
2026-02-27 04:36:43,4625,5,8516,An account failed to log on. Failure Reason: Unknown user name or bad password. Status: 0xC000006D Sub Status: 0xC000006A.,0,Benign
2026-02-24 14:23:19,4624,9,9736,An account was successfully logged on. Logon Type: 10 Remote Desktop Services.,0,Benign
2026-02-23 14:15:31,4624,2,7831,An account was successfully logged on. Subject: Security ID: S-1-5-18 Account Name: SYSTEM Account Domain: NT AUTHORITY Logon ID: 0x3E7 Logon Type: 5.,0,Benign
2026-02-26 11:01:25,4624,12,9614,An account was successfully logged on. Subject: Security ID: S-1-5-21-1234567890 Account Name: Administrator Account Domain: CORP Logon Type: 3.,0,Benign
2026-02-24 14:28:49,4688,3,1901,A new process has been created. New Process Name: C:\Windows\System32\notepad.exe.,0,Benign
2026-03-01 15:10:09,4624,7,8956,An account was successfully logged on. New Logon: Account Name: jdoe Account Domain: CORP Logon ID: 0x1A2B3C.,0,Benign
2026-02-25 09:54:15,4625,8,8194,An account failed to log on. Subject: Security ID: S-1-0-0 Account Name: - Account Domain: - Logon Type: 3.,0,Benign
2026-02-23 16:14:26,4672,12,4160,Special privileges assigned to new logon. Subject: Security ID: S-1-5-18 Privileges: SeAssignPrimaryTokenPrivilege SeTcbPrivilege SeSecurityPrivilege.,0,Benign
2026-02-26 09:08:59,4648,11,984,A logon was attempted using explicit credentials. Process: C:\Windows\System32\runas.exe.,0,Benign
2026-02-25 10:25:31,4688,2,6758,A new process has been created. New Process Name: C:\Program Files\Google\Chrome\chrome.exe Command Line: chrome.exe --type=renderer.,0,Benign
2026-02-27 07:09:03,4624,8,5815,An account was successfully logged on. Logon Type: 10 Remote Desktop Services.,0,Benign
2026-02-28 11:44:52,4624,9,9547,An account was successfully logged on. Subject: Security ID: S-1-5-21-1234567890 Account Name: Administrator Account Domain: CORP Logon Type: 3.,0,Benign
2026-02-27 08:15:47,4624,7,3150,An account was successfully logged on. Logon Type: 2 Interactive.,0,Benign
2026-02-28 06:03:28,4624,8,712,An account was successfully logged on. Subject: Security ID: S-1-5-18 Account Name: SYSTEM Account Domain: NT AUTHORITY Logon ID: 0x3E7 Logon Type: 5.,0,Benign
2026-02-24 17:42:38,4688,12,9483,A new process has been created. New Process Name: C:\Windows\System32\notepad.exe.,0,Benign
2026-02-26 12:04:03,4624,11,3380,An account was successfully logged on. Logon Type: 10 Remote Desktop Services.,0,Benign
2026-03-01 11:14:01,4624,9,5820,An account was successfully logged on. New Logon: Account Name: jdoe Account Domain: CORP Logon ID: 0x1A2B3C.,0,Benign
2026-02-24 17:04:35,4625,12,6603,An account failed to log on. Subject: Security ID: S-1-0-0 Account Name: - Account Domain: - Logon Type: 3.,0,Benign
2026-02-27 15:54:27,4624,7,176,An account was successfully logged on. Logon Type: 2 Interactive.,0,Benign
2026-02-24 14:37:47,4648,12,3754,A logon was attempted using explicit credentials. Process: C:\Windows\System32\runas.exe.,0,Benign
2026-02-24 13:07:12,4688,5,3758,A new process has been created. New Process Name: C:\Windows\System32\taskhostw.exe.,0,Benign
2026-02-26 14:37:30,4624,3,5148,An account was successfully logged on. New Logon: Account Name: jdoe Account Domain: CORP Logon ID: 0x1A2B3C.,0,Benign
2026-02-25 11:18:52,4624,2,1915,An account was successfully logged on. Subject: Security ID: S-1-5-21-1234567890 Account Name: Administrator Account Domain: CORP Logon Type: 3.,0,Benign
2026-02-23 10:35:10,4624,9,4650,An account was successfully logged on. Subject: Security ID: S-1-5-18 Account Name: SYSTEM Account Domain: NT AUTHORITY Logon ID: 0x3E7 Logon Type: 5.,0,Benign
2026-02-26 14:25:37,4688,9,2422,A new process has been created. New Process Name: C:\Windows\System32\notepad.exe.,0,Benign
2026-02-27 12:43:02,4688,10,8313,A new process has been created. New Process Name: C:\Windows\System32\taskhostw.exe.,0,Benign
2026-02-25 10:00:41,4624,11,352,An account was successfully logged on. Subject: Security ID: S-1-5-18 Account Name: SYSTEM Account Domain: NT AUTHORITY Logon ID: 0x3E7 Logon Type: 5.,0,Benign
2026-02-24 02:31:59,4624,10,102,An account was successfully logged on. New Logon: Account Name: jdoe Account Domain: CORP Logon ID: 0x1A2B3C.,0,Benign
2026-02-28 11:37:28,4624,3,9163,An account was successfully logged on. New Logon: Account Name: jdoe Account Domain: CORP Logon ID: 0x1A2B3C.,0,Benign
2026-02-28 18:31:29,4624,5,8796,An account was successfully logged on. Logon Type: 2 Interactive.,0,Benign
2026-02-27 14:48:27,4624,10,8601,An account was successfully logged on. Logon Type: 10 Remote Desktop Services.,0,Benign
2026-02-27 09:09:22,4634,12,3641,An account was logged off. Logon Type: 2 Interactive.,0,Benign
2026-02-27 04:38:38,4672,3,9393,Special privileges assigned to new logon. Account Name: SYSTEM Privileges: SeBackupPrivilege SeRestorePrivilege.,0,Benign
2026-02-25 13:54:19,4634,8,577,An account was logged off. Logon Type: 3.,0,Benign
2026-02-24 14:38:10,4624,8,437,An account was successfully logged on. Subject: Security ID: S-1-5-21-1234567890 Account Name: Administrator Account Domain: CORP Logon Type: 3.,0,Benign
2026-03-01 02:53:01,4624,2,4903,An account was successfully logged on. Logon Type: 2 Interactive.,0,Benign
2026-02-24 17:16:19,4624,12,7683,An account was successfully logged on. Subject: Security ID: S-1-5-21-1234567890 Account Name: Administrator Account Domain: CORP Logon Type: 3.,0,Benign
2026-02-27 19:18:26,4688,11,4230,A new process has been created. New Process Name: C:\Program Files\Google\Chrome\chrome.exe Command Line: chrome.exe --type=renderer.,0,Benign
2026-02-28 23:59:22,4624,3,9933,An account was successfully logged on. New Logon: Account Name: jdoe Account Domain: CORP Logon ID: 0x1A2B3C.,0,Benign
2026-02-25 14:56:10,4624,2,2902,An account was successfully logged on. New Logon: Account Name: jdoe Account Domain: CORP Logon ID: 0x1A2B3C.,0,Benign
2026-02-27 12:55:09,4624,9,8459,An account was successfully logged on. Logon Type: 10 Remote Desktop Services.,0,Benign
2026-02-27 10:02:32,4688,10,318,A new process has been created. New Process Name: C:\Windows\System32\taskhostw.exe.,0,Benign
2026-03-01 17:59:44,4625,8,9331,An account failed to log on. Logon Type: 10 Remote Desktop Services.,0,Benign
2026-02-27 14:08:16,4688,5,7991,A new process has been created. New Process Name: C:\Windows\System32\cmd.exe Command Line: cmd.exe /c dir.,0,Benign
2026-02-26 10:50:32,4624,3,9443,An account was successfully logged on. Logon Type: 2 Interactive.,0,Benign
2026-02-23 13:39:15,4688,3,2254,A new process has been created. New Process Name: C:\Windows\System32\notepad.exe.,0,Benign
2026-02-25 13:51:33,4688,11,2178,A new process has been created. New Process Name: C:\Windows\System32\notepad.exe.,0,Benign
2026-02-27 15:14:49,4624,10,5803,An account was successfully logged on. Subject: Security ID: S-1-5-18 Account Name: SYSTEM Account Domain: NT AUTHORITY Logon ID: 0x3E7 Logon Type: 5.,0,Benign
2026-02-27 10:59:58,4625,11,7743,An account failed to log on. Logon Type: 10 Remote Desktop Services.,0,Benign
2026-03-01 09:28:35,4720,12,6556,A user account was created. New Account Name: svc_backup New Account Domain: CORP.,0,Benign
2026-02-23 10:24:21,4625,10,8006,An account failed to log on. Subject: Security ID: S-1-0-0 Account Name: - Account Domain: - Logon Type: 3.,0,Benign
2026-02-24 14:38:11,4624,9,3403,An account was successfully logged on. New Logon: Account Name: jdoe Account Domain: CORP Logon ID: 0x1A2B3C.,0,Benign
2026-02-25 09:29:10,4624,5,4886,An account was successfully logged on. Logon Type: 2 Interactive.,0,Benign
2026-02-26 12:29:37,4732,10,6037,A member was added to a security-enabled local group. Member Name: jdoe Group Name: Remote Desktop Users.,0,Benign
2026-02-24 17:04:35,4624,8,6488,An account was successfully logged on. Logon Type: 2 Interactive.,0,Benign
2026-02-23 09:28:32,4624,12,7494,An account was successfully logged on. Logon Type: 10 Remote Desktop Services.,0,Benign
2026-02-28 21:32:53,4624,10,7298,An account was successfully logged on. Logon Type: 2 Interactive.,0,Benign
2026-02-27 08:36:56,4672,3,7423,Special privileges assigned to new logon. Subject: Security ID: S-1-5-21-1234567890 Account Name: Administrator Privileges: SeDebugPrivilege.,0,Benign
2026-03-01 09:08:19,4624,7,2868,An account was successfully logged on. Subject: Security ID: S-1-5-21-1234567890 Account Name: Administrator Account Domain: CORP Logon Type: 3.,0,Benign
2026-02-26 12:30:55,4625,7,5145,An account failed to log on. Subject: Security ID: S-1-0-0 Account Name: - Account Domain: - Logon Type: 3.,0,Benign
2026-02-26 10:53:50,4624,10,144,An account was successfully logged on. Subject: Security ID: S-1-5-18 Account Name: SYSTEM Account Domain: NT AUTHORITY Logon ID: 0x3E7 Logon Type: 5.,0,Benign
2026-02-26 17:29:33,4672,5,1277,Special privileges assigned to new logon. Subject: Security ID: S-1-5-21-1234567890 Account Name: Administrator Privileges: SeDebugPrivilege.,0,Benign
2026-02-23 12:31:46,4624,3,3136,An account was successfully logged on. Logon Type: 10 Remote Desktop Services.,0,Benign
2026-03-01 17:33:14,4624,5,4115,An account was successfully logged on. Subject: Security ID: S-1-5-21-1234567890 Account Name: Administrator Account Domain: CORP Logon Type: 3.,0,Benign
2026-02-25 02:36:13,4624,3,542,An account was successfully logged on. Subject: Security ID: S-1-5-18 Account Name: SYSTEM Account Domain: NT AUTHORITY Logon ID: 0x3E7 Logon Type: 5.,0,Benign
2026-02-25 13:30:43,4624,9,8357,An account was successfully logged on. Subject: Security ID: S-1-5-21-1234567890 Account Name: Administrator Account Domain: CORP Logon Type: 3.,0,Benign
2026-02-24 05:27:17,4624,7,338,An account was successfully logged on. Logon Type: 2 Interactive.,0,Benign
2026-02-28 09:17:22,4624,9,6949,An account was successfully logged on. Subject: Security ID: S-1-5-21-1234567890 Account Name: Administrator Account Domain: CORP Logon Type: 3.,0,Benign
2026-02-27 21:22:27,4624,5,8060,An account was successfully logged on. Subject: Security ID: S-1-5-18 Account Name: SYSTEM Account Domain: NT AUTHORITY Logon ID: 0x3E7 Logon Type: 5.,0,Benign
2026-02-25 09:21:15,4648,11,2971,A logon was attempted using explicit credentials. Target Server: DC01 Target User: backup_svc.,0,Benign
2026-02-23 16:47:57,4634,10,6088,An account was logged off. Logon Type: 3.,1,Benign
2026-02-25 10:31:21,4624,5,8338,An account was successfully logged on. Subject: Security ID: S-1-5-21-1234567890 Account Name: Administrator Account Domain: CORP Logon Type: 3.,0,Benign
2026-02-23 10:15:01,4634,7,3870,An account was logged off. Logon Type: 3.,0,Benign
2026-02-27 17:50:37,4624,11,5961,An account was successfully logged on. Subject: Security ID: S-1-5-21-1234567890 Account Name: Administrator Account Domain: CORP Logon Type: 3.,0,Benign
2026-03-01 08:00:45,4634,3,3548,An account was logged off. Logon Type: 2 Interactive.,0,Benign
2026-02-24 13:50:30,4634,5,8735,An account was logged off. Logon Type: 3.,0,Benign
2026-02-27 02:14:03,4634,5,421,An account was logged off. Subject: Security ID: S-1-5-21-1234567890 Account Name: jdoe.,0,Benign
2026-02-28 16:26:43,4624,7,8415,An account was successfully logged on. Subject: Security ID: S-1-5-18 Account Name: SYSTEM Account Domain: NT AUTHORITY Logon ID: 0x3E7 Logon Type: 5.,0,Benign
2026-02-28 22:26:29,4624,10,5807,An account was successfully logged on. Subject: Security ID: S-1-5-21-1234567890 Account Name: Administrator Account Domain: CORP Logon Type: 3.,0,Benign
2026-02-28 11:58:57,4688,9,6557,A new process has been created. New Process Name: C:\Windows\System32\notepad.exe.,0,Benign
2026-03-01 12:40:20,4624,10,8501,An account was successfully logged on. Subject: Security ID: S-1-5-21-1234567890 Account Name: Administrator Account Domain: CORP Logon Type: 3.,0,Benign
2026-02-26 17:56:17,4634,9,6474,An account was logged off. Subject: Security ID: S-1-5-21-1234567890 Account Name: jdoe.,0,Benign
2026-02-26 15:10:04,4624,5,2188,An account was successfully logged on. New Logon: Account Name: jdoe Account Domain: CORP Logon ID: 0x1A2B3C.,0,Benign
2026-02-25 11:53:54,4648,10,4734,A logon was attempted using explicit credentials. Target Server: localhost Target User: admin.,0,Benign
2026-03-01 13:23:05,4624,2,4041,An account was successfully logged on. Logon Type: 2 Interactive.,0,Benign
2026-03-01 11:26:29,4624,3,3121,An account was successfully logged on. Logon Type: 10 Remote Desktop Services.,0,Benign
2026-02-23 16:18:38,4624,10,1270,An account was successfully logged on. New Logon: Account Name: jdoe Account Domain: CORP Logon ID: 0x1A2B3C.,0,Benign
2026-02-27 12:14:31,4648,11,6770,A logon was attempted using explicit credentials. Target Server: localhost Target User: admin.,0,Benign
2026-02-23 10:58:55,4688,5,7337,A new process has been created. New Process Name: C:\Windows\System32\cmd.exe Command Line: cmd.exe /c dir.,0,Benign
2026-02-28 13:05:51,4688,8,5076,A new process has been created. New Process Name: C:\Windows\System32\notepad.exe.,0,Benign
2026-02-23 14:17:42,4624,2,5866,An account was successfully logged on. Logon Type: 10 Remote Desktop Services.,0,Benign
2026-02-27 14:22:51,4634,11,3365,An account was logged off. Subject: Security ID: S-1-5-21-1234567890 Account Name: jdoe.,0,Benign
2026-02-28 07:19:52,4688,12,8313,A new process has been created. New Process Name: C:\Windows\System32\svchost.exe Creator Process Name: C:\Windows\System32\services.exe.,0,Benign
2026-02-23 16:37:44,4688,3,260,A new process has been created. New Process Name: C:\Windows\System32\cmd.exe Command Line: cmd.exe /c dir.,0,Benign
2026-02-28 10:09:43,4624,12,5076,An account was successfully logged on. Subject: Security ID: S-1-5-21-1234567890 Account Name: Administrator Account Domain: CORP Logon Type: 3.,0,Benign
2026-02-26 16:42:59,4624,8,9869,An account was successfully logged on. Subject: Security ID: S-1-5-21-1234567890 Account Name: Administrator Account Domain: CORP Logon Type: 3.,0,Benign
2026-02-27 12:09:25,4624,3,5991,An account was successfully logged on. New Logon: Account Name: jdoe Account Domain: CORP Logon ID: 0x1A2B3C.,0,Benign
2026-02-27 15:26:46,4624,9,5338,An account was successfully logged on. New Logon: Account Name: jdoe Account Domain: CORP Logon ID: 0x1A2B3C.,0,Benign
2026-02-23 11:39:51,4634,3,7714,An account was logged off. Logon Type: 2 Interactive.,0,Benign
2026-02-26 08:26:52,4688,2,3795,A new process has been created. New Process Name: C:\Windows\System32\svchost.exe Creator Process Name: C:\Windows\System32\services.exe.,0,Benign
2026-03-01 17:18:30,4624,9,6618,An account was successfully logged on. Logon Type: 10 Remote Desktop Services.,0,Benign
2026-02-23 15:55:13,4625,11,5193,An account failed to log on. Logon Type: 10 Remote Desktop Services.,0,Benign
2026-02-23 16:46:50,4648,3,7330,A logon was attempted using explicit credentials. Target Server: localhost Target User: admin.,0,Benign
2026-03-01 10:26:07,4624,2,1136,An account was successfully logged on. Subject: Security ID: S-1-5-18 Account Name: SYSTEM Account Domain: NT AUTHORITY Logon ID: 0x3E7 Logon Type: 5.,0,Benign
2026-02-24 15:02:08,4634,10,4868,An account was logged off. Logon Type: 2 Interactive.,0,Benign
2026-02-25 16:18:03,4624,10,3721,An account was successfully logged on. Subject: Security ID: S-1-5-21-1234567890 Account Name: Administrator Account Domain: CORP Logon Type: 3.,0,Benign
2026-02-23 17:22:50,4688,5,2715,A new process has been created. New Process Name: C:\Program Files\Google\Chrome\chrome.exe Command Line: chrome.exe --type=renderer.,0,Benign
2026-02-27 09:09:29,4688,7,9991,A new process has been created. New Process Name: C:\Program Files\Google\Chrome\chrome.exe Command Line: chrome.exe --type=renderer.,0,Benign
2026-02-27 20:00:51,4625,7,7789,An account failed to log on. Subject: Security ID: S-1-0-0 Account Name: - Account Domain: - Logon Type: 3.,0,Benign
2026-02-28 08:06:16,4624,3,5026,An account was successfully logged on. Logon Type: 10 Remote Desktop Services.,0,Benign
2026-02-28 15:26:15,4634,11,2636,An account was logged off. Logon Type: 3.,0,Benign
2026-02-25 12:09:55,4688,11,289,A new process has been created. New Process Name: C:\Windows\System32\notepad.exe.,0,Benign
2026-02-23 19:22:09,4625,5,8291,An account failed to log on. Failure Reason: Unknown user name or bad password. Status: 0xC000006D Sub Status: 0xC000006A.,0,Benign
2026-02-24 18:46:52,4624,7,5238,An account was successfully logged on. Subject: Security ID: S-1-5-18 Account Name: SYSTEM Account Domain: NT AUTHORITY Logon ID: 0x3E7 Logon Type: 5.,0,Benign
2026-02-24 01:18:27,4688,7,5708,A new process has been created. New Process Name: C:\Program Files\Google\Chrome\chrome.exe Command Line: chrome.exe --type=renderer.,0,Benign
2026-03-01 14:47:30,4624,11,6102,An account was successfully logged on. Subject: Security ID: S-1-5-18 Account Name: SYSTEM Account Domain: NT AUTHORITY Logon ID: 0x3E7 Logon Type: 5.,0,Benign
2026-02-24 13:12:34,4624,8,4840,An account was successfully logged on. Logon Type: 2 Interactive.,0,Benign
2026-02-23 06:08:37,4624,12,647,An account was successfully logged on. Logon Type: 2 Interactive.,0,Benign
2026-03-01 04:23:13,4624,2,6002,An account was successfully logged on. Logon Type: 10 Remote Desktop Services.,0,Benign
2026-02-24 14:08:57,4634,11,6955,An account was logged off. Logon Type: 2 Interactive.,0,Benign
2026-03-01 13:00:44,4672,8,8785,Special privileges assigned to new logon. Subject: Security ID: S-1-5-21-1234567890 Account Name: Administrator Privileges: SeDebugPrivilege.,0,Benign
2026-02-23 12:49:29,4624,7,503,An account was successfully logged on. New Logon: Account Name: jdoe Account Domain: CORP Logon ID: 0x1A2B3C.,0,Benign
2026-03-01 03:07:58,4625,2,7772,An account failed to log on. Failure Reason: Account locked out.,0,Benign
2026-03-01 14:07:45,4624,3,7620,An account was successfully logged on. Logon Type: 2 Interactive.,0,Benign
2026-03-01 08:52:51,4648,10,7293,A logon was attempted using explicit credentials. Target Server: DC01 Target User: backup_svc.,0,Benign
2026-02-24 11:51:38,4720,9,8609,A user account was created. New Account Name: test_account.,0,Benign
2026-02-26 17:02:29,4688,10,3205,A new process has been created. New Process Name: C:\Windows\System32\svchost.exe Creator Process Name: C:\Windows\System32\services.exe.,0,Benign
2026-02-23 10:31:06,4625,9,7941,An account failed to log on. Subject: Security ID: S-1-0-0 Account Name: - Account Domain: - Logon Type: 3.,0,Benign
2026-02-23 17:47:27,4634,11,7179,An account was logged off. Logon Type: 3.,0,Benign
2026-03-01 19:26:48,4634,10,157,An account was logged off. Subject: Security ID: S-1-5-21-1234567890 Account Name: jdoe.,0,Benign
2026-02-26 15:00:51,4624,9,8584,An account was successfully logged on. Logon Type: 2 Interactive.,0,Benign
2026-02-28 12:51:34,4624,8,795,An account was successfully logged on. Logon Type: 10 Remote Desktop Services.,0,Benign
2026-03-01 13:23:25,4732,9,9777,A member was added to a security-enabled local group. Member Name: tempuser Group Name: Administrators.,0,Benign
2026-02-24 08:23:25,4625,10,8156,An account failed to log on. Logon Type: 10 Remote Desktop Services.,0,Benign
2026-02-27 08:46:07,4624,8,6564,An account was successfully logged on. Subject: Security ID: S-1-5-21-1234567890 Account Name: Administrator Account Domain: CORP Logon Type: 3.,0,Benign
2026-02-27 15:21:48,4648,8,110,A logon was attempted using explicit credentials. Process: C:\Windows\System32\runas.exe.,0,Benign
2026-02-27 08:12:06,4624,2,4407,An account was successfully logged on. New Logon: Account Name: jdoe Account Domain: CORP Logon ID: 0x1A2B3C.,0,Benign
2026-02-27 16:42:20,4720,5,2547,A user account was created. New Account Name: test_account.,0,Benign
2026-02-25 14:19:18,4688,9,1785,A new process has been created. New Process Name: C:\Windows\System32\notepad.exe.,0,Benign
2026-02-26 17:56:43,4625,10,7891,An account failed to log on. Failure Reason: Account locked out.,0,Benign
2026-03-01 08:02:21,4688,12,8057,A new process has been created. New Process Name: C:\Windows\System32\cmd.exe Command Line: cmd.exe /c dir.,0,Benign
2026-02-25 07:44:20,4624,12,2302,An account was successfully logged on. Logon Type: 10 Remote Desktop Services.,0,Benign
2026-02-23 10:05:06,4634,10,8919,An account was logged off. Logon Type: 2 Interactive.,0,Benign
2026-02-27 13:20:33,4688,11,5677,A new process has been created. New Process Name: C:\Windows\System32\cmd.exe Command Line: cmd.exe /c dir.,0,Benign
2026-02-28 17:32:24,4688,12,2103,A new process has been created. New Process Name: C:\Windows\System32\cmd.exe Command Line: cmd.exe /c dir.,0,Benign
2026-02-26 13:29:55,4625,10,4469,An account failed to log on. Subject: Security ID: S-1-0-0 Account Name: - Account Domain: - Logon Type: 3.,0,Benign
2026-02-27 15:36:43,4624,8,4411,An account was successfully logged on. Logon Type: 10 Remote Desktop Services.,0,Benign
2026-02-27 10:13:48,4648,7,8677,A logon was attempted using explicit credentials. Target Server: localhost Target User: admin.,0,Benign
2026-02-28 01:39:14,4634,5,915,An account was logged off. Logon Type: 3.,0,Benign
2026-02-25 01:42:17,4648,2,2479,A logon was attempted using explicit credentials. Target Server: DC01 Target User: backup_svc.,0,Benign
2026-02-25 10:07:54,4672,9,110,Special privileges assigned to new logon. Account Name: SYSTEM Privileges: SeBackupPrivilege SeRestorePrivilege.,0,Benign
2026-02-27 03:39:25,4672,11,9298,Special privileges assigned to new logon. Subject: Security ID: S-1-5-18 Privileges: SeAssignPrimaryTokenPrivilege SeTcbPrivilege SeSecurityPrivilege.,0,Benign
2026-02-24 11:57:03,4624,2,2616,An account was successfully logged on. New Logon: Account Name: jdoe Account Domain: CORP Logon ID: 0x1A2B3C.,0,Benign
2026-02-23 15:27:35,4624,2,8057,An account was successfully logged on. Subject: Security ID: S-1-5-18 Account Name: SYSTEM Account Domain: NT AUTHORITY Logon ID: 0x3E7 Logon Type: 5.,0,Benign
2026-03-01 13:02:01,4672,10,2382,Special privileges assigned to new logon. Account Name: SYSTEM Privileges: SeBackupPrivilege SeRestorePrivilege.,0,Benign
2026-02-27 13:10:12,4648,3,7672,A logon was attempted using explicit credentials. Process: C:\Windows\System32\runas.exe.,0,Benign
2026-02-23 11:05:53,4624,7,6288,An account was successfully logged on. Logon Type: 10 Remote Desktop Services.,0,Benign
2026-03-01 09:49:26,4688,9,5740,A new process has been created. New Process Name: C:\Windows\System32\notepad.exe.,0,Benign
2026-02-24 14:28:26,4624,10,9032,An account was successfully logged on. Subject: Security ID: S-1-5-21-1234567890 Account Name: Administrator Account Domain: CORP Logon Type: 3.,0,Benign
2026-02-23 05:33:25,4624,10,1271,An account was successfully logged on. Subject: Security ID: S-1-5-21-1234567890 Account Name: Administrator Account Domain: CORP Logon Type: 3.,0,Benign
2026-02-24 22:27:32,4634,11,1771,An account was logged off. Logon Type: 2 Interactive.,0,Benign
2026-02-27 14:28:28,4625,2,5582,An account failed to log on. Logon Type: 10 Remote Desktop Services.,0,Benign
2026-02-25 08:01:22,4688,2,8509,A new process has been created. New Process Name: C:\Windows\System32\svchost.exe Creator Process Name: C:\Windows\System32\services.exe.,0,Benign
2026-02-23 10:00:30,4625,8,3372,An account failed to log on. Account Name: administrator Source Network Address: 192.168.1.50.,0,Benign
2026-03-01 14:54:34,4624,5,4113,An account was successfully logged on. Subject: Security ID: S-1-5-18 Account Name: SYSTEM Account Domain: NT AUTHORITY Logon ID: 0x3E7 Logon Type: 5.,0,Benign
2026-03-01 15:12:29,4624,3,2982,An account was successfully logged on. New Logon: Account Name: jdoe Account Domain: CORP Logon ID: 0x1A2B3C.,0,Benign
2026-02-25 09:23:17,4624,9,8628,An account was successfully logged on. Subject: Security ID: S-1-5-18 Account Name: SYSTEM Account Domain: NT AUTHORITY Logon ID: 0x3E7 Logon Type: 5.,0,Benign
2026-02-27 08:49:16,4624,7,9077,An account was successfully logged on. Subject: Security ID: S-1-5-18 Account Name: SYSTEM Account Domain: NT AUTHORITY Logon ID: 0x3E7 Logon Type: 5.,0,Benign
2026-02-26 17:58:25,4720,9,7808,A user account was created. New Account Name: svc_backup New Account Domain: CORP.,0,Benign
2026-02-25 12:49:29,4625,2,5660,An account failed to log on. Logon Type: 10 Remote Desktop Services.,0,Benign
2026-02-24 12:10:59,4648,9,532,A logon was attempted using explicit credentials. Process: C:\Windows\System32\runas.exe.,0,Benign
2026-02-27 14:01:11,4625,11,1737,An account failed to log on. Account Name: administrator Source Network Address: 192.168.1.50.,0,Benign
2026-02-23 12:49:56,4634,7,4069,An account was logged off. Subject: Security ID: S-1-5-21-1234567890 Account Name: jdoe.,0,Benign
2026-02-26 12:00:35,4732,10,7020,A member was added to a security-enabled local group. Member Name: jdoe Group Name: Remote Desktop Users.,0,Benign
2026-03-01 03:50:32,4648,2,7905,A logon was attempted using explicit credentials. Target Server: localhost Target User: admin.,0,Benign
2026-02-23 10:34:04,4688,11,3147,A new process has been created. New Process Name: C:\Windows\System32\notepad.exe.,0,Benign
2026-02-26 06:00:57,4624,7,5990,An account was successfully logged on. Subject: Security ID: S-1-5-21-1234567890 Account Name: Administrator Account Domain: CORP Logon Type: 3.,0,Benign
2026-02-27 12:41:54,4648,11,3879,A logon was attempted using explicit credentials. Target Server: localhost Target User: admin.,0,Benign
2026-02-24 23:07:48,4624,9,8908,An account was successfully logged on. Subject: Security ID: S-1-5-21-1234567890 Account Name: Administrator Account Domain: CORP Logon Type: 3.,0,Benign
2026-02-28 16:41:41,4720,7,5003,A user account was created. New Account Name: svc_backup New Account Domain: CORP.,0,Benign
2026-02-25 14:57:56,4624,2,9286,An account was successfully logged on. Logon Type: 10 Remote Desktop Services.,0,Benign
2026-03-01 14:33:17,4688,2,6711,A new process has been created. New Process Name: C:\Windows\System32\taskhostw.exe.,0,Benign
2026-02-25 12:46:32,4624,5,7315,An account was successfully logged on. Subject: Security ID: S-1-5-18 Account Name: SYSTEM Account Domain: NT AUTHORITY Logon ID: 0x3E7 Logon Type: 5.,0,Benign
2026-02-24 16:12:59,4624,7,3683,An account was successfully logged on. Logon Type: 10 Remote Desktop Services.,0,Benign
2026-02-28 00:19:23,4688,11,1412,A new process has been created. New Process Name: C:\Windows\System32\svchost.exe Creator Process Name: C:\Windows\System32\services.exe.,0,Benign
2026-02-25 15:06:45,4672,7,3827,Special privileges assigned to new logon. Subject: Security ID: S-1-5-21-1234567890 Account Name: Administrator Privileges: SeDebugPrivilege.,0,Benign
2026-02-23 01:38:22,4624,12,4676,An account was successfully logged on. Subject: Security ID: S-1-5-18 Account Name: SYSTEM Account Domain: NT AUTHORITY Logon ID: 0x3E7 Logon Type: 5.,0,Benign
2026-02-23 08:07:18,4688,11,7907,A new process has been created. New Process Name: C:\Program Files\Google\Chrome\chrome.exe Command Line: chrome.exe --type=renderer.,0,Benign
2026-02-26 05:00:32,4672,3,7145,A user account was created. New Account Name: svc_temp.,1,T1078
2026-02-23 09:37:08,4624,12,8839,An account was successfully logged on. New Logon: Account Name: jdoe Account Domain: CORP Logon ID: 0x1A2B3C.,0,Benign
2026-02-25 13:44:38,4624,8,8133,An account was successfully logged on. New Logon: Account Name: jdoe Account Domain: CORP Logon ID: 0x1A2B3C.,0,Benign
2026-02-27 09:15:08,4648,11,9501,A logon was attempted using explicit credentials. Target Server: DC01 Target User: backup_svc.,0,Benign
2026-02-27 12:22:30,4634,5,3329,An account was logged off. Subject: Security ID: S-1-5-21-1234567890 Account Name: jdoe.,0,Benign
2026-02-24 09:10:30,4732,7,6130,A member was added to a security-enabled local group. Member Name: svc_backup Group Name: Backup Operators.,0,Benign
2026-02-23 14:51:59,4624,7,3811,An account was successfully logged on. New Logon: Account Name: jdoe Account Domain: CORP Logon ID: 0x1A2B3C.,0,Benign
2026-02-27 10:50:10,4672,5,3556,Special privileges assigned to new logon. Subject: Security ID: S-1-5-18 Privileges: SeAssignPrimaryTokenPrivilege SeTcbPrivilege SeSecurityPrivilege.,0,Benign
2026-03-01 04:06:18,4624,10,9626,An account was successfully logged on. Subject: Security ID: S-1-5-21-1234567890 Account Name: Administrator Account Domain: CORP Logon Type: 3.,0,Benign
2026-02-28 12:53:36,4624,2,7172,An account was successfully logged on. New Logon: Account Name: jdoe Account Domain: CORP Logon ID: 0x1A2B3C.,0,Benign
2026-02-24 11:28:51,4688,2,9592,A new process has been created. New Process Name: C:\Windows\System32\svchost.exe Creator Process Name: C:\Windows\System32\services.exe.,0,Benign
2026-02-27 16:46:06,4688,12,5991,A new process has been created. New Process Name: C:\Program Files\Google\Chrome\chrome.exe Command Line: chrome.exe --type=renderer.,0,Benign
2026-02-26 10:48:08,4624,5,5804,An account was successfully logged on. Subject: Security ID: S-1-5-21-1234567890 Account Name: Administrator Account Domain: CORP Logon Type: 3.,0,Benign
2026-02-27 22:57:25,4624,7,268,An account was successfully logged on. Subject: Security ID: S-1-5-18 Account Name: SYSTEM Account Domain: NT AUTHORITY Logon ID: 0x3E7 Logon Type: 5.,0,Benign
2026-03-01 14:03:25,4624,3,6787,An account was successfully logged on. Subject: Security ID: S-1-5-18 Account Name: SYSTEM Account Domain: NT AUTHORITY Logon ID: 0x3E7 Logon Type: 5.,0,Benign
2026-02-25 02:55:53,4624,3,7665,An account was successfully logged on. Subject: Security ID: S-1-5-18 Account Name: SYSTEM Account Domain: NT AUTHORITY Logon ID: 0x3E7 Logon Type: 5.,0,Benign
2026-02-25 13:59:31,4634,7,5813,An account was logged off. Logon Type: 3.,0,Benign
2026-02-23 16:27:36,4634,5,9127,An account was logged off. Logon Type: 2 Interactive.,0,Benign
2026-02-25 02:52:55,4648,2,3734,A logon was attempted using explicit credentials. Process: C:\Windows\System32\runas.exe.,0,Benign
2026-02-24 12:49:51,4624,7,7130,An account was successfully logged on. Subject: Security ID: S-1-5-18 Account Name: SYSTEM Account Domain: NT AUTHORITY Logon ID: 0x3E7 Logon Type: 5.,0,Benign
2026-02-27 13:44:08,4624,10,8544,An account was successfully logged on. Subject: Security ID: S-1-5-21-1234567890 Account Name: Administrator Account Domain: CORP Logon Type: 3.,0,Benign
2026-02-25 07:13:44,4624,8,3289,An account was successfully logged on. Logon Type: 2 Interactive.,0,Benign
2026-02-23 11:32:12,4648,10,288,A logon was attempted using explicit credentials. Process: C:\Windows\System32\runas.exe.,0,Benign
2026-02-25 14:28:46,4624,10,5513,An account was successfully logged on. Subject: Security ID: S-1-5-18 Account Name: SYSTEM Account Domain: NT AUTHORITY Logon ID: 0x3E7 Logon Type: 5.,0,Benign
2026-02-25 12:35:00,4688,8,967,A new process has been created. New Process Name: C:\Windows\System32\taskhostw.exe.,0,Benign
2026-02-26 16:49:04,4625,8,8335,An account failed to log on. Subject: Security ID: S-1-0-0 Account Name: - Account Domain: - Logon Type: 3.,0,Benign
2026-02-28 17:52:09,4624,9,2068,An account was successfully logged on. Subject: Security ID: S-1-5-21-1234567890 Account Name: Administrator Account Domain: CORP Logon Type: 3.,0,Benign
2026-02-24 09:53:23,4688,7,3040,A new process has been created. New Process Name: C:\Program Files\Google\Chrome\chrome.exe Command Line: chrome.exe --type=renderer.,0,Benign
2026-02-23 09:20:51,4648,3,2648,A logon was attempted using explicit credentials. Target Server: localhost Target User: admin.,0,Benign
2026-03-01 23:34:01,4624,8,6314,An account was successfully logged on. Logon Type: 10 Remote Desktop Services.,0,Benign
2026-03-01 15:49:14,4624,12,7998,An account was successfully logged on. Logon Type: 2 Interactive.,0,Benign
2026-03-01 13:11:57,4625,7,385,An account failed to log on. Subject: Security ID: S-1-0-0 Account Name: - Account Domain: - Logon Type: 3.,0,Benign
2026-02-25 08:56:39,4624,11,3578,An account was successfully logged on. Logon Type: 2 Interactive.,0,Benign
2026-02-25 09:32:47,4732,7,3923,A member was added to a security-enabled local group. Member Name: jdoe Group Name: Remote Desktop Users.,0,Benign
2026-02-25 15:11:07,4625,7,5484,An account failed to log on. Failure Reason: Account locked out.,0,Benign
2026-02-26 12:02:55,4624,8,2627,An account was successfully logged on. Logon Type: 2 Interactive.,0,Benign
2026-02-25 17:39:19,4634,10,345,An account was logged off. Subject: Security ID: S-1-5-21-1234567890 Account Name: jdoe.,0,Benign
2026-02-28 12:15:51,4720,11,521,A user account was created. New Account Name: test_account.,0,Benign
2026-02-25 10:24:36,4624,9,9156,An account was successfully logged on. Subject: Security ID: S-1-5-21-1234567890 Account Name: Administrator Account Domain: CORP Logon Type: 3.,0,Benign
2026-02-24 12:36:30,4688,2,3486,A new process has been created. New Process Name: C:\Windows\System32\cmd.exe Command Line: cmd.exe /c dir.,0,Benign
2026-02-23 14:39:20,4634,7,6820,An account was logged off. Subject: Security ID: S-1-5-21-1234567890 Account Name: jdoe.,0,Benign
2026-02-27 16:33:00,4688,8,4738,A new process has been created. New Process Name: C:\Windows\System32\notepad.exe.,0,Benign
2026-02-26 16:55:30,4672,2,7837,Special privileges assigned to new logon. Subject: Security ID: S-1-5-21-1234567890 Account Name: Administrator Privileges: SeDebugPrivilege.,0,Benign
2026-02-28 14:27:27,4624,2,1664,An account was successfully logged on. Subject: Security ID: S-1-5-18 Account Name: SYSTEM Account Domain: NT AUTHORITY Logon ID: 0x3E7 Logon Type: 5.,0,Benign
2026-02-27 05:41:08,4634,12,5249,An account was logged off. Logon Type: 2 Interactive.,0,Benign
2026-02-25 13:08:20,4625,12,5404,An account failed to log on. Account Name: administrator Source Network Address: 192.168.1.50.,0,Benign
2026-02-27 12:32:08,4624,7,359,An account was successfully logged on. Logon Type: 2 Interactive.,0,Benign
2026-02-24 16:25:11,4634,12,7286,An account was logged off. Subject: Security ID: S-1-5-21-1234567890 Account Name: jdoe.,0,Benign
2026-02-26 17:19:24,4625,3,2757,An account failed to log on. Logon Type: 10 Remote Desktop Services.,0,Benign
2026-02-27 12:47:57,4648,7,7660,A logon was attempted using explicit credentials. Target Server: localhost Target User: admin.,0,Benign
2026-02-25 08:00:53,4625,7,6048,An account failed to log on. Subject: Security ID: S-1-0-0 Account Name: - Account Domain: - Logon Type: 3.,0,Benign
2026-02-23 08:19:48,4624,7,1686,An account was successfully logged on. Logon Type: 10 Remote Desktop Services.,0,Benign
2026-02-27 09:19:38,4688,12,7368,A new process has been created. New Process Name: C:\Windows\System32\svchost.exe Creator Process Name: C:\Windows\System32\services.exe.,0,Benign
2026-02-26 14:43:29,4634,11,5228,An account was logged off. Logon Type: 2 Interactive.,0,Benign
2026-02-28 17:22:21,4672,8,1350,Special privileges assigned to new logon. Account Name: SYSTEM Privileges: SeBackupPrivilege SeRestorePrivilege.,0,Benign
2026-02-27 09:27:26,4688,10,9496,A new process has been created. New Process Name: C:\Program Files\Google\Chrome\chrome.exe Command Line: chrome.exe --type=renderer.,0,Benign
2026-02-26 04:10:17,4624,9,6910,An account was successfully logged on. Logon Type: 2 Interactive.,0,Benign
2026-02-23 23:08:28,4625,9,2671,An account failed to log on. Failure Reason: Account locked out.,0,Benign
2026-02-26 08:21:09,4624,8,8305,An account was successfully logged on. Logon Type: 2 Interactive.,0,Benign
2026-02-24 11:00:43,4648,2,2074,A logon was attempted using explicit credentials. Process: C:\Windows\System32\runas.exe.,0,Benign
2026-02-27 08:01:57,4732,10,4154,A member was added to a security-enabled local group. Member Name: jdoe Group Name: Remote Desktop Users.,0,Benign
2026-02-23 16:07:38,4624,3,1767,An account was successfully logged on. New Logon: Account Name: jdoe Account Domain: CORP Logon ID: 0x1A2B3C.,0,Benign
2026-03-01 01:48:36,4624,3,4393,An account was successfully logged on. Logon Type: 10 Remote Desktop Services.,0,Benign
2026-02-28 16:53:22,4624,12,8350,An account was successfully logged on. Logon Type: 10 Remote Desktop Services.,0,Benign
2026-02-28 16:01:36,4624,10,8171,An account was successfully logged on. Logon Type: 2 Interactive.,0,Benign
2026-02-24 10:11:22,4624,8,7885,An account was successfully logged on. Logon Type: 10 Remote Desktop Services.,0,Benign
2026-02-26 00:04:10,4625,11,2955,An account failed to log on. Failure Reason: Unknown user name or bad password. Status: 0xC000006D Sub Status: 0xC000006A.,0,Benign
2026-02-25 14:46:16,4688,11,2563,A new process has been created. New Process Name: C:\Windows\System32\taskhostw.exe.,0,Benign
2026-02-28 19:08:56,4625,7,4497,An account failed to log on. Subject: Security ID: S-1-0-0 Account Name: - Account Domain: - Logon Type: 3.,0,Benign
2026-03-01 16:57:35,4624,8,650,An account was successfully logged on. New Logon: Account Name: jdoe Account Domain: CORP Logon ID: 0x1A2B3C.,0,Benign
2026-02-25 13:07:31,4648,10,5307,A logon was attempted using explicit credentials. Target Server: localhost Target User: admin.,0,Benign
2026-02-28 15:52:58,4634,8,3787,An account was logged off. Subject: Security ID: S-1-5-21-1234567890 Account Name: jdoe.,0,Benign
2026-02-27 09:30:13,4624,3,5150,An account was successfully logged on. New Logon: Account Name: jdoe Account Domain: CORP Logon ID: 0x1A2B3C.,0,Benign
2026-02-25 08:54:54,4688,11,6832,A new process has been created. New Process Name: C:\Windows\System32\taskhostw.exe.,0,Benign
2026-02-25 10:01:24,4648,8,4737,A logon was attempted using explicit credentials. Process: C:\Windows\System32\runas.exe.,0,Benign
2026-02-28 13:07:22,4624,8,8560,An account was successfully logged on. Logon Type: 10 Remote Desktop Services.,0,Benign
2026-02-26 16:39:36,4624,3,2374,An account was successfully logged on. Subject: Security ID: S-1-5-21-1234567890 Account Name: Administrator Account Domain: CORP Logon Type: 3.,0,Benign
