2026-03-01 08:59:12,4648,9,8907,A logon was attempted using explicit credentials. Process: C:\Windows\System32\runas.exe.,0,Benign
2026-02-24 09:27:43,4672,3,1373,Special privileges assigned to new logon. Subject: Security ID: S-1-5-18 Privileges: SeAssignPrimaryTokenPrivilege SeTcbPrivilege SeSecurityPrivilege.,0,Benign
2026-02-27 13:54:43,4624,7,9612,An account was successfully logged on. Logon Type: 10 Remote Desktop Services.,0,Benign
2026-02-27 11:33:32,4625,7,3916,An account failed to log on. Account Name: administrator Source Network Address: 192.168.1.50.,0,Benign
2026-03-01 08:03:17,4624,12,7166,An account was successfully logged on. New Logon: Account Name: jdoe Account Domain: CORP Logon ID: 0x1A2B3C.,0,Benign
2026-03-01 20:58:03,4688,9,8102,A new process has been created. New Process Name: C:\Windows\System32\svchost.exe Creator Process Name: C:\Windows\System32\services.exe.,0,Benign
2026-02-28 11:09:25,4624,7,2239,An account was successfully logged on. New Logon: Account Name: jdoe Account Domain: CORP Logon ID: 0x1A2B3C.,0,Benign
2026-02-28 14:49:20,4624,5,8246,An account was successfully logged on. New Logon: Account Name: jdoe Account Domain: CORP Logon ID: 0x1A2B3C.,0,Benign
2026-02-25 08:20:24,4672,8,1139,Special privileges assigned to new logon. Subject: Security ID: S-1-5-21-1234567890 Account Name: Administrator Privileges: SeDebugPrivilege.,0,Benign
2026-02-23 16:21:58,4624,5,2478,An account was successfully logged on. Logon Type: 2 Interactive.,0,Benign
2026-02-25 09:22:37,4624,12,1310,An account was successfully logged on. New Logon: Account Name: jdoe Account Domain: CORP Logon ID: 0x1A2B3C.,0,Benign
2026-02-24 08:25:53,4624,5,7844,An account was successfully logged on. New Logon: Account Name: jdoe Account Domain: CORP Logon ID: 0x1A2B3C.,0,Benign
2026-02-27 13:39:24,4672,5,868,Special privileges assigned to new logon. Account Name: SYSTEM Privileges: SeBackupPrivilege SeRestorePrivilege.,0,Benign
2026-02-24 08:43:10,4625,11,7351,An account failed to log on. Account Name: administrator Source Network Address: 192.168.1.50.,0,Benign
2026-02-26 15:33:38,4624,12,136,An account was successfully logged on. New Logon: Account Name: jdoe Account Domain: CORP Logon ID: 0x1A2B3C.,0,Benign
2026-02-23 12:50:06,4624,12,9648,An account was successfully logged on. Logon Type: 10 Remote Desktop Services.,0,Benign
2026-02-27 14:25:30,4624,3,3073,An account was successfully logged on. Logon Type: 2 Interactive.,0,Benign
2026-02-27 10:38:12,4688,11,9127,A new process has been created. New Process Name: C:\Windows\System32\svchost.exe Creator Process Name: C:\Windows\System32\services.exe.,0,Benign
2026-02-27 10:27:38,4732,12,8163,A member was added to a security-enabled local group. Member Name: tempuser Group Name: Administrators.,0,Benign
2026-02-25 11:00:10,4672,9,3563,Special privileges assigned to new logon. Subject: Security ID: S-1-5-18 Privileges: SeAssignPrimaryTokenPrivilege SeTcbPrivilege SeSecurityPrivilege.,0,Benign
2026-02-23 17:35:50,4688,7,1347,A new process has been created. New Process Name: C:\Program Files\Google\Chrome\chrome.exe Command Line: chrome.exe --type=renderer.,0,Benign
2026-02-27 16:14:27,4688,7,4186,A new process has been created. New Process Name: C:\Windows\System32\taskhostw.exe.,0,Benign
2026-02-28 08:50:06,4688,7,2848,A new process has been created. New Process Name: C:\Windows\System32\svchost.exe Creator Process Name: C:\Windows\System32\services.exe.,0,Benign
2026-02-24 10:58:08,1102,8,7393,The event logging service has shut down. Reason: The log was cleared by user.,1,T1070
2026-02-25 10:05:08,4624,7,7739,An account was successfully logged on. Subject: Security ID: S-1-5-18 Account Name: SYSTEM Account Domain: NT AUTHORITY Logon ID: 0x3E7 Logon Type: 5.,0,Benign
2026-02-25 14:07:42,4624,3,3362,An account was successfully logged on. New Logon: Account Name: jdoe Account Domain: CORP Logon ID: 0x1A2B3C.,0,Benign
2026-02-28 16:49:21,4672,8,8005,Special privileges assigned to new logon. Subject: Security ID: S-1-5-18 Privileges: SeAssignPrimaryTokenPrivilege SeTcbPrivilege SeSecurityPrivilege.,0,Benign
2026-02-25 11:30:28,4625,5,3254,An account failed to log on. Failure Reason: Account locked out.,0,Benign
2026-02-26 19:16:23,4624,2,4966,An account was successfully logged on. Subject: Security ID: S-1-5-21-1234567890 Account Name: Administrator Account Domain: CORP Logon Type: 3.,0,Benign
2026-03-01 15:32:06,4732,7,8105,A member was added to a security-enabled local group. Member Name: svc_backup Group Name: Backup Operators.,0,Benign
2026-02-27 15:05:55,4648,8,1290,A logon was attempted using explicit credentials. Process: C:\Windows\System32\runas.exe.,0,Benign
2026-02-28 14:46:07,4625,11,7966,An account failed to log on. Failure Reason: Account locked out.,0,Benign
2026-02-23 08:43:06,4624,7,3821,An account was successfully logged on. Subject: Security ID: S-1-5-18 Account Name: SYSTEM Account Domain: NT AUTHORITY Logon ID: 0x3E7 Logon Type: 5.,0,Benign
2026-02-23 17:04:47,4688,12,2551,A new process has been created. New Process Name: C:\Program Files\Google\Chrome\chrome.exe Command Line: chrome.exe --type=renderer.,0,Benign
2026-02-26 21:36:21,4634,3,7300,An account was logged off. Logon Type: 3.,0,Benign
2026-02-25 14:14:22,4688,2,2940,A new process has been created. New Process Name: C:\Windows\System32\notepad.exe.,0,Benign
2026-02-23 12:58:08,4688,7,3052,A new process has been created. New Process Name: C:\Program Files\Google\Chrome\chrome.exe Command Line: chrome.exe --type=renderer.,0,Benign
2026-02-24 10:24:18,4672,10,3575,Special privileges assigned to new logon. Subject: Security ID: S-1-5-18 Privileges: SeAssignPrimaryTokenPrivilege SeTcbPrivilege SeSecurityPrivilege.,0,Benign
2026-02-25 08:08:19,4688,8,7392,A new process has been created. New Process Name: C:\Windows\System32\notepad.exe.,0,Benign
2026-02-25 15:01:54,4625,9,1991,An account failed to log on. Failure Reason: Account locked out.,0,Benign
2026-03-01 13:17:42,4634,8,7309,An account was logged off. Logon Type: 3.,0,Benign
2026-02-28 16:35:46,4648,3,4431,A logon was attempted using explicit credentials. Target Server: localhost Target User: admin.,0,Benign
2026-02-23 16:47:57,4625,10,3234,An account failed to log on. Failure Reason: Account locked out.,0,Benign
2026-02-28 09:22:12,4624,11,7745,An account was successfully logged on. Subject: Security ID: S-1-5-18 Account Name: SYSTEM Account Domain: NT AUTHORITY Logon ID: 0x3E7 Logon Type: 5.,0,Benign
2026-02-26 21:57:57,4720,2,9868,A user account was created. New Account Name: tempuser New Account Domain: CORP.,0,Benign
2026-02-25 12:40:22,4648,12,4539,A logon was attempted using explicit credentials. Target Server: localhost Target User: admin.,0,Benign
2026-02-26 10:13:16,4648,3,829,A logon was attempted using explicit credentials. Target Server: localhost Target User: admin.,0,Benign
2026-02-24 13:54:29,4648,7,5900,A logon was attempted using explicit credentials. Target Server: localhost Target User: admin.,0,Benign
2026-02-25 14:57:13,4648,2,8389,A logon was attempted using explicit credentials. Target Server: localhost Target User: admin.,0,Benign
2026-02-23 10:07:34,4634,3,5158,An account was logged off. Subject: Security ID: S-1-5-21-1234567890 Account Name: jdoe.,0,Benign
2026-02-23 10:39:56,4688,9,9980,A new process has been created. New Process Name: C:\Windows\System32\notepad.exe.,0,Benign
2026-02-27 02:08:44,4688,10,1878,A new process has been created. New Process Name: C:\Windows\System32\taskhostw.exe.,0,Benign
2026-02-23 12:41:14,4624,9,515,An account was successfully logged on. Logon Type: 2 Interactive.,0,Benign
2026-02-23 04:00:27,4634,11,924,An account was logged off. Logon Type: 3.,0,Benign
2026-02-24 15:21:17,4624,5,2596,An account was successfully logged on. Subject: Security ID: S-1-5-18 Account Name: SYSTEM Account Domain: NT AUTHORITY Logon ID: 0x3E7 Logon Type: 5.,0,Benign
2026-03-01 13:18:52,4720,9,7235,A user account was created. New Account Name: tempuser New Account Domain: CORP.,0,Benign
2026-02-25 08:04:41,4688,9,9132,A new process has been created. New Process Name: C:\Windows\System32\notepad.exe.,0,Benign
2026-02-28 23:54:18,4624,7,9472,An account was successfully logged on. Subject: Security ID: S-1-5-21-1234567890 Account Name: Administrator Account Domain: CORP Logon Type: 3.,0,Benign
2026-02-23 15:18:18,4625,2,6401,An account failed to log on. Logon Type: 10 Remote Desktop Services.,0,Benign
2026-02-28 14:32:34,4624,10,4911,An account was successfully logged on. Subject: Security ID: S-1-5-18 Account Name: SYSTEM Account Domain: NT AUTHORITY Logon ID: 0x3E7 Logon Type: 5.,0,Benign
2026-02-23 20:20:50,4625,5,7055,An account failed to log on. Account Name: administrator Source Network Address: 192.168.1.50.,0,Benign
2026-02-27 10:21:44,4648,5,2756,A logon was attempted using explicit credentials. Target Server: localhost Target User: admin.,0,Benign
2026-02-24 14:09:10,4625,3,409,An account failed to log on. Failure Reason: Account locked out.,0,Benign
2026-02-23 18:22:48,4634,10,6376,An account was logged off. Subject: Security ID: S-1-5-21-1234567890 Account Name: jdoe.,0,Benign
2026-02-23 08:15:33,4720,8,4303,A user account was created. New Account Name: tempuser New Account Domain: CORP.,0,Benign
2026-02-23 10:20:32,4625,2,3780,An account failed to log on. Failure Reason: Account locked out.,0,Benign
2026-02-25 13:33:43,4634,8,7099,An account was logged off. Subject: Security ID: S-1-5-21-1234567890 Account Name: jdoe.,0,Benign
2026-02-23 11:32:41,4624,5,6987,An account was successfully logged on. Subject: Security ID: S-1-5-18 Account Name: SYSTEM Account Domain: NT AUTHORITY Logon ID: 0x3E7 Logon Type: 5.,0,Benign
2026-02-24 12:10:03,4688,8,7667,A new process has been created. New Process Name: C:\Windows\System32\cmd.exe Command Line: cmd.exe /c dir.,0,Benign
2026-02-27 17:32:34,4688,10,9680,A new process has been created. New Process Name: C:\Program Files\Google\Chrome\chrome.exe Command Line: chrome.exe --type=renderer.,0,Benign
2026-02-25 00:49:17,4624,11,1170,A new process has been created. New Process Name: C:\Temp\procdump.exe.,1,T1003
2026-02-23 09:51:49,4625,2,3495,An account failed to log on. Subject: Security ID: S-1-0-0 Account Name: - Account Domain: - Logon Type: 3.,0,Benign
2026-02-23 12:12:55,4624,9,8021,An account was successfully logged on. Logon Type: 10 Remote Desktop Services.,0,Benign
2026-02-28 14:24:29,4648,9,7819,A logon was attempted using explicit credentials. Target Server: localhost Target User: admin.,0,Benign
2026-03-01 12:07:41,4634,2,4210,An account was logged off. Subject: Security ID: S-1-5-21-1234567890 Account Name: jdoe.,0,Benign
2026-02-23 04:53:37,4720,5,780,A user account was created. New Account Name: svc_backup New Account Domain: CORP.,0,Benign
2026-02-25 20:45:24,4624,3,2522,An account was successfully logged on. Subject: Security ID: S-1-5-18 Account Name: SYSTEM Account Domain: NT AUTHORITY Logon ID: 0x3E7 Logon Type: 5.,0,Benign
2026-02-23 09:46:05,4624,9,2439,An account was successfully logged on. Subject: Security ID: S-1-5-21-1234567890 Account Name: Administrator Account Domain: CORP Logon Type: 3.,0,Benign
2026-02-24 07:33:59,4624,2,4896,An account was successfully logged on. Subject: Security ID: S-1-5-18 Account Name: SYSTEM Account Domain: NT AUTHORITY Logon ID: 0x3E7 Logon Type: 5.,0,Benign
2026-02-24 15:53:18,4625,10,8046,An account failed to log on. Failure Reason: Unknown user name or bad password. Status: 0xC000006D Sub Status: 0xC000006A.,0,Benign
2026-02-26 11:35:08,4688,12,1073,A new process has been created. New Process Name: C:\Windows\System32\notepad.exe.,0,Benign
2026-02-27 13:11:22,4634,8,3544,An account was logged off. Logon Type: 2 Interactive.,0,Benign
2026-02-26 11:05:49,4625,8,2455,An account failed to log on. Failure Reason: Unknown user name or bad password. Status: 0xC000006D Sub Status: 0xC000006A.,0,Benign
2026-02-24 11:27:08,4648,5,7146,A logon was attempted using explicit credentials. Target Server: localhost Target User: admin.,0,Benign
2026-02-25 17:05:07,4634,2,368,An account was logged off. Logon Type: 3.,0,Benign
2026-02-24 23:23:59,4625,7,8967,An account failed to log on. Account Name: administrator Source Network Address: 192.168.1.50.,0,Benign
2026-02-26 11:44:41,4672,12,356,Special privileges assigned to new logon. Subject: Security ID: S-1-5-18 Privileges: SeAssignPrimaryTokenPrivilege SeTcbPrivilege SeSecurityPrivilege.,0,Benign
2026-02-24 12:41:22,4624,5,2688,An account was successfully logged on. Subject: Security ID: S-1-5-21-1234567890 Account Name: Administrator Account Domain: CORP Logon Type: 3.,0,Benign
2026-02-26 09:05:44,4648,9,1222,A logon was attempted using explicit credentials. Target Server: DC01 Target User: backup_svc.,0,Benign
2026-02-23 22:13:10,4720,8,2688,A user account was created. New Account Name: svc_backup New Account Domain: CORP.,0,Benign
2026-02-23 10:29:45,4624,5,9837,An account was successfully logged on. Logon Type: 10 Remote Desktop Services.,0,Benign
2026-03-01 10:06:12,4625,9,9120,An account failed to log on. Failure Reason: Account locked out.,0,Benign
2026-03-01 21:33:10,4634,7,6862,An account was logged off. Logon Type: 3.,0,Benign
2026-02-27 11:05:19,4688,10,9477,A new process has been created. New Process Name: C:\Windows\System32\taskhostw.exe.,0,Benign
2026-02-23 10:36:14,4624,3,3575,An account was successfully logged on. Subject: Security ID: S-1-5-21-1234567890 Account Name: Administrator Account Domain: CORP Logon Type: 3.,0,Benign
2026-02-24 17:31:51,4634,7,4281,An account was logged off. Logon Type: 2 Interactive.,0,Benign
2026-02-26 08:20:10,4624,3,9818,An account was successfully logged on. New Logon: Account Name: jdoe Account Domain: CORP Logon ID: 0x1A2B3C.,0,Benign
2026-02-24 09:06:20,4625,8,4637,An account failed to log on. Subject: Security ID: S-1-0-0 Account Name: - Account Domain: - Logon Type: 3.,0,Benign
2026-02-27 17:43:51,4624,2,1187,An account was successfully logged on. New Logon: Account Name: jdoe Account Domain: CORP Logon ID: 0x1A2B3C.,0,Benign
2026-02-25 15:27:55,4688,3,5261,A new process has been created. New Process Name: C:\Windows\System32\notepad.exe.,0,Benign
2026-02-27 10:34:23,4624,5,3441,An account was successfully logged on. Subject: Security ID: S-1-5-18 Account Name: SYSTEM Account Domain: NT AUTHORITY Logon ID: 0x3E7 Logon Type: 5.,0,Benign
2026-02-25 13:38:18,4624,10,7492,An account was successfully logged on. New Logon: Account Name: jdoe Account Domain: CORP Logon ID: 0x1A2B3C.,0,Benign
2026-02-24 09:37:12,4648,3,4023,A logon was attempted using explicit credentials. Target Server: localhost Target User: admin.,0,Benign
2026-02-23 10:49:06,4688,9,1288,A new process has been created. New Process Name: C:\Windows\System32\cmd.exe Command Line: cmd.exe /c dir.,0,Benign
2026-02-24 11:17:00,4624,3,5541,An account was successfully logged on. Logon Type: 2 Interactive.,0,Benign
2026-02-23 03:45:43,4624,3,1386,An account was successfully logged on. Subject: Security ID: S-1-5-21-1234567890 Account Name: Administrator Account Domain: CORP Logon Type: 3.,0,Benign
2026-02-25 09:22:15,4672,12,7347,Special privileges assigned to new logon. Subject: Security ID: S-1-5-21-1234567890 Account Name: Administrator Privileges: SeDebugPrivilege.,0,Benign
2026-02-25 16:07:23,4625,9,9149,An account failed to log on. Failure Reason: Account locked out.,0,Benign
2026-03-01 12:02:27,4672,9,743,Special privileges assigned to new logon. Subject: Security ID: S-1-5-21-1234567890 Account Name: Administrator Privileges: SeDebugPrivilege.,0,Benign
2026-02-25 11:06:18,4688,7,604,A new process has been created. New Process Name: C:\Windows\System32\cmd.exe Command Line: cmd.exe /c dir.,0,Benign
2026-02-23 13:07:15,4624,10,9431,An account was successfully logged on. Subject: Security ID: S-1-5-21-1234567890 Account Name: Administrator Account Domain: CORP Logon Type: 3.,0,Benign
2026-03-01 16:29:51,4624,11,5379,An account was successfully logged on. Logon Type: 10 Remote Desktop Services.,0,Benign
2026-02-26 01:35:34,4624,9,1857,An account was successfully logged on. New Logon: Account Name: jdoe Account Domain: CORP Logon ID: 0x1A2B3C.,0,Benign
2026-03-01 12:38:49,4624,3,204,An account was successfully logged on. Subject: Security ID: S-1-5-18 Account Name: SYSTEM Account Domain: NT AUTHORITY Logon ID: 0x3E7 Logon Type: 5.,0,Benign
2026-02-26 17:09:24,4720,9,1806,A user account was created. New Account Name: test_account.,0,Benign
2026-02-23 10:07:38,4648,11,4991,A logon was attempted using explicit credentials. Target Server: DC01 Target User: backup_svc.,0,Benign
2026-03-01 14:17:02,4672,7,4519,Special privileges assigned to new logon. Account Name: SYSTEM Privileges: SeBackupPrivilege SeRestorePrivilege.,0,Benign
2026-02-24 21:28:17,4624,2,2786,An account was successfully logged on. Subject: Security ID: S-1-5-18 Account Name: SYSTEM Account Domain: NT AUTHORITY Logon ID: 0x3E7 Logon Type: 5.,0,Benign
2026-02-27 14:21:40,4648,2,4181,A logon was attempted using explicit credentials. Target Server: localhost Target User: admin.,0,Benign
2026-02-28 08:28:19,4625,10,3440,An account failed to log on. Account Name: administrator Source Network Address: 192.168.1.50.,0,Benign
2026-02-27 16:46:57,4672,9,1521,Special privileges assigned to new logon. Subject: Security ID: S-1-5-18 Privileges: SeAssignPrimaryTokenPrivilege SeTcbPrivilege SeSecurityPrivilege.,0,Benign
2026-02-23 16:37:46,4625,9,5829,An account failed to log on. Failure Reason: Unknown user name or bad password. Status: 0xC000006D Sub Status: 0xC000006A.,0,Benign
2026-02-26 14:42:37,4624,3,3532,An account was successfully logged on. Subject: Security ID: S-1-5-18 Account Name: SYSTEM Account Domain: NT AUTHORITY Logon ID: 0x3E7 Logon Type: 5.,0,Benign
2026-02-27 07:33:03,4625,3,5103,An account failed to log on. Account Name: administrator.,1,T1110
2026-03-01 08:35:47,4624,12,6500,An account was successfully logged on. Subject: Security ID: S-1-5-21-1234567890 Account Name: Administrator Account Domain: CORP Logon Type: 3.,0,Benign
2026-02-27 11:38:23,4624,7,7395,An account was successfully logged on. Subject: Security ID: S-1-5-18 Account Name: SYSTEM Account Domain: NT AUTHORITY Logon ID: 0x3E7 Logon Type: 5.,0,Benign
2026-02-26 02:07:21,4672,9,6771,Special privileges assigned to new logon. Account Name: SYSTEM Privileges: SeBackupPrivilege SeRestorePrivilege.,0,Benign
2026-03-01 14:03:41,4624,12,4458,An account was successfully logged on. Subject: Security ID: S-1-5-21-1234567890 Account Name: Administrator Account Domain: CORP Logon Type: 3.,0,Benign
2026-02-28 17:53:19,4624,10,6419,An account was successfully logged on. Logon Type: 2 Interactive.,0,Benign
2026-02-24 10:59:21,4688,7,6154,A new process has been created. New Process Name: C:\Windows\System32\cmd.exe Command Line: cmd.exe /c dir.,0,Benign
2026-02-25 09:43:19,4625,2,7230,An account failed to log on. Account Name: administrator Source Network Address: 192.168.1.50.,0,Benign
2026-02-24 12:22:32,4624,7,108,An account was successfully logged on. Logon Type: 2 Interactive.,0,Benign
2026-03-01 11:57:16,4688,10,1191,A new process has been created. New Process Name: C:\Windows\System32\svchost.exe Creator Process Name: C:\Windows\System32\services.exe.,0,Benign
2026-02-24 10:49:07,4688,7,9905,A new process has been created. New Process Name: C:\Windows\System32\cmd.exe Command Line: cmd.exe /c dir.,0,Benign
2026-03-01 10:58:22,4624,3,8715,An account was successfully logged on. Subject: Security ID: S-1-5-21-1234567890 Account Name: Administrator Account Domain: CORP Logon Type: 3.,0,Benign
2026-02-24 11:38:35,4625,9,9583,An account failed to log on. Account Name: administrator Source Network Address: 192.168.1.50.,1,Benign
2026-02-23 09:02:07,4624,12,9776,An account was successfully logged on. Subject: Security ID: S-1-5-18 Account Name: SYSTEM Account Domain: NT AUTHORITY Logon ID: 0x3E7 Logon Type: 5.,0,Benign
2026-02-26 08:41:03,4624,3,9003,An account was successfully logged on. Logon Type: 10 Remote Desktop Services.,0,Benign
2026-02-23 12:05:02,4625,10,9058,An account failed to log on. Failure Reason: Unknown user name or bad password. Status: 0xC000006D Sub Status: 0xC000006A.,0,Benign
2026-02-27 13:24:41,4634,10,4537,An account was logged off. Logon Type: 2 Interactive.,0,Benign
2026-02-25 21:39:05,4688,11,2211,A new process has been created. New Process Name: C:\Windows\System32\cmd.exe Command Line: cmd.exe /c dir.,1,Benign
2026-02-27 11:28:07,4634,11,9974,An account was logged off. Logon Type: 2 Interactive.,0,Benign
2026-02-23 05:54:31,4624,3,249,An account was successfully logged on. Subject: Security ID: S-1-5-21-1234567890 Account Name: Administrator Account Domain: CORP Logon Type: 3.,0,Benign
2026-02-28 09:11:28,4648,3,9969,A logon was attempted using explicit credentials. Process: C:\Windows\System32\runas.exe.,0,Benign
2026-02-28 13:06:38,4634,2,4478,An account was logged off. Logon Type: 3.,0,Benign
2026-02-24 10:48:03,4624,5,6616,An account was successfully logged on. Subject: Security ID: S-1-5-18 Account Name: SYSTEM Account Domain: NT AUTHORITY Logon ID: 0x3E7 Logon Type: 5.,0,Benign
2026-02-27 10:20:56,4648,5,1760,A logon was attempted using explicit credentials. Target Server: localhost Target User: admin.,0,Benign
2026-02-27 10:40:32,4688,2,4905,A new process has been created. New Process Name: C:\Windows\System32\notepad.exe.,0,Benign
2026-02-28 17:57:04,4624,3,1949,An account was successfully logged on. Logon Type: 2 Interactive.,0,Benign
2026-02-26 15:42:02,4688,10,2257,A new process has been created. New Process Name: C:\Windows\System32\taskhostw.exe.,0,Benign
2026-02-23 04:20:40,4624,9,4802,An account was successfully logged on. Logon Type: 2 Interactive.,0,Benign
2026-02-26 09:29:27,4688,11,1542,A new process has been created. New Process Name: C:\Windows\System32\notepad.exe.,0,Benign
2026-02-28 08:46:29,4625,9,3666,An account failed to log on. Logon Type: 10 Remote Desktop Services.,0,Benign
2026-02-24 11:36:30,4624,10,4580,An account was successfully logged on. Subject: Security ID: S-1-5-21-1234567890 Account Name: Administrator Account Domain: CORP Logon Type: 3.,0,Benign
2026-02-28 13:02:22,4648,8,3019,A logon was attempted using explicit credentials. Target Server: DC01 Target User: backup_svc.,0,Benign
2026-02-27 14:24:12,4688,3,8857,A new process has been created. New Process Name: C:\Windows\System32\notepad.exe.,0,Benign
2026-02-25 15:32:51,4624,8,9812,An account was successfully logged on. Subject: Security ID: S-1-5-21-1234567890 Account Name: Administrator Account Domain: CORP Logon Type: 3.,0,Benign
2026-02-25 07:50:08,4625,8,4414,An account failed to log on. Logon Type: 10 Remote Desktop Services.,0,Benign
2026-02-25 09:21:04,4648,12,1487,A logon was attempted using explicit credentials. Process: C:\Windows\System32\runas.exe.,0,Benign
2026-02-27 13:08:51,4634,11,5837,An account was logged off. Subject: Security ID: S-1-5-21-1234567890 Account Name: jdoe.,0,Benign
2026-02-25 08:36:16,4624,5,3476,An account was successfully logged on. Logon Type: 2 Interactive.,0,Benign
2026-02-25 11:11:12,4634,9,6891,An account was logged off. Logon Type: 2 Interactive.,0,Benign
2026-02-27 16:24:55,4624,3,8379,An account was successfully logged on. Subject: Security ID: S-1-5-21-1234567890 Account Name: Administrator Account Domain: CORP Logon Type: 3.,0,Benign
2026-02-24 16:35:51,4625,3,6096,An account failed to log on. Subject: Security ID: S-1-0-0 Account Name: - Account Domain: - Logon Type: 3.,0,Benign
2026-02-28 16:36:28,4624,9,6207,An account was successfully logged on. Subject: Security ID: S-1-5-18 Account Name: SYSTEM Account Domain: NT AUTHORITY Logon ID: 0x3E7 Logon Type: 5.,0,Benign
2026-02-28 08:31:27,4672,9,6492,Special privileges assigned to new logon. Subject: Security ID: S-1-5-21-1234567890 Account Name: Administrator Privileges: SeDebugPrivilege.,0,Benign
2026-02-24 14:52:01,4634,11,7570,An account was logged off. Logon Type: 3.,0,Benign
2026-03-01 10:01:19,4688,12,3682,A new process has been created. New Process Name: C:\Windows\System32\cmd.exe Command Line: cmd.exe /c dir.,0,Benign
2026-02-25 06:08:05,4648,5,4819,A logon was attempted using explicit credentials. Target Server: DC01 Target User: backup_svc.,1,Benign
2026-02-24 12:05:40,4688,9,8005,A new process has been created. New Process Name: C:\Windows\System32\svchost.exe Creator Process Name: C:\Windows\System32\services.exe.,0,Benign
2026-03-01 10:26:48,4688,3,5645,A new process has been created. New Process Name: C:\Windows\System32\svchost.exe Creator Process Name: C:\Windows\System32\services.exe.,0,Benign
2026-02-26 14:44:11,4634,12,6194,An account was logged off. Logon Type: 2 Interactive.,0,Benign
2026-02-27 14:37:01,4688,3,5522,A new process has been created. New Process Name: C:\Program Files\Google\Chrome\chrome.exe Command Line: chrome.exe --type=renderer.,0,Benign
2026-02-25 10:55:40,4624,10,2230,An account was successfully logged on. Logon Type: 10 Remote Desktop Services.,0,Benign
2026-02-24 15:47:25,4688,9,4094,A new process has been created. New Process Name: C:\Windows\System32\cmd.exe Command Line: cmd.exe /c dir.,0,Benign
2026-02-27 10:45:52,4625,10,7613,An account failed to log on. Account Name: administrator Source Network Address: 192.168.1.50.,0,Benign
2026-02-28 11:07:06,4624,10,9058,An account was successfully logged on. Logon Type: 2 Interactive.,0,Benign
2026-02-28 15:52:03,4648,3,7326,A logon was attempted using explicit credentials. Target Server: localhost Target User: admin.,0,Benign
2026-02-25 16:23:13,4624,8,2158,An account was successfully logged on. Subject: Security ID: S-1-5-21-1234567890 Account Name: Administrator Account Domain: CORP Logon Type: 3.,0,Benign
2026-02-27 08:43:20,4625,11,9154,An account failed to log on. Subject: Security ID: S-1-0-0 Account Name: - Account Domain: - Logon Type: 3.,0,Benign
2026-02-28 10:47:05,4625,5,7247,An account failed to log on. Subject: Security ID: S-1-0-0 Account Name: - Account Domain: - Logon Type: 3.,0,Benign
2026-02-27 08:32:33,4688,2,3762,A new process has been created. New Process Name: C:\Windows\System32\notepad.exe.,0,Benign
2026-02-27 12:28:15,4720,9,921,A user account was created. New Account Name: svc_backup New Account Domain: CORP.,0,Benign
2026-03-01 17:09:40,4624,7,9633,An account was successfully logged on. Subject: Security ID: S-1-5-18 Account Name: SYSTEM Account Domain: NT AUTHORITY Logon ID: 0x3E7 Logon Type: 5.,0,Benign
2026-03-01 08:04:23,4648,2,4161,A logon was attempted using explicit credentials. Target Server: localhost Target User: admin.,0,Benign
2026-02-24 08:27:45,4634,8,7808,An account was logged off. Logon Type: 3.,0,Benign
2026-02-26 10:01:54,4672,7,9565,Special privileges assigned to new logon. Subject: Security ID: S-1-5-18 Privileges: SeAssignPrimaryTokenPrivilege SeTcbPrivilege SeSecurityPrivilege.,0,Benign
2026-02-24 09:14:13,4648,8,6532,A logon was attempted using explicit credentials. Target Server: localhost Target User: admin.,0,Benign
2026-03-01 11:59:03,4624,12,5092,An account was successfully logged on. Subject: Security ID: S-1-5-18 Account Name: SYSTEM Account Domain: NT AUTHORITY Logon ID: 0x3E7 Logon Type: 5.,0,Benign
2026-02-25 18:27:47,4648,8,4291,A logon was attempted using explicit credentials. Process: C:\Windows\System32\runas.exe.,0,Benign
2026-03-01 14:30:37,4648,12,8708,A logon was attempted using explicit credentials. Target Server: DC01 Target User: backup_svc.,0,Benign
2026-03-01 06:01:14,4624,10,4065,An account was successfully logged on. Logon Type: 2 Interactive.,0,Benign
2026-02-28 16:28:36,4625,10,2276,An account failed to log on. Failure Reason: Account locked out.,0,Benign
2026-02-24 15:09:01,4624,8,9803,An account was successfully logged on. Subject: Security ID: S-1-5-18 Account Name: SYSTEM Account Domain: NT AUTHORITY Logon ID: 0x3E7 Logon Type: 5.,0,Benign
2026-02-24 13:07:26,4625,12,8646,An account failed to log on. Subject: Security ID: S-1-0-0 Account Name: - Account Domain: - Logon Type: 3.,0,Benign
2026-02-24 16:20:46,4625,8,5075,An account failed to log on. Failure Reason: Account locked out.,0,Benign
2026-03-01 14:26:40,4732,3,8726,A member was added to a security-enabled local group. Member Name: svc_backup Group Name: Backup Operators.,0,Benign
2026-02-26 11:23:24,4624,7,1608,An account was successfully logged on. Subject: Security ID: S-1-5-18 Account Name: SYSTEM Account Domain: NT AUTHORITY Logon ID: 0x3E7 Logon Type: 5.,0,Benign
2026-02-25 12:28:39,4624,12,2895,An account was successfully logged on. Subject: Security ID: S-1-5-18 Account Name: SYSTEM Account Domain: NT AUTHORITY Logon ID: 0x3E7 Logon Type: 5.,0,Benign
2026-02-23 14:15:22,4625,9,5124,An account failed to log on. Failure Reason: Account locked out.,0,Benign
2026-02-25 11:12:43,4624,7,5288,An account was successfully logged on. Logon Type: 3 New Logon: admin.,1,T1110
2026-02-27 13:51:57,4625,12,370,An account failed to log on. Account Name: administrator Source Network Address: 192.168.1.50.,0,Benign
2026-02-23 08:47:32,4624,11,3767,An account was successfully logged on. New Logon: Account Name: jdoe Account Domain: CORP Logon ID: 0x1A2B3C.,0,Benign
2026-02-24 17:15:29,4634,2,9919,An account was logged off. Subject: Security ID: S-1-5-21-1234567890 Account Name: jdoe.,0,Benign
2026-02-27 11:56:21,4648,5,5559,A logon was attempted using explicit credentials. Target Server: DC01 Target User: backup_svc.,0,Benign
2026-02-23 08:13:21,4720,2,6825,A user account was created. New Account Name: test_account.,0,Benign
2026-03-01 19:58:59,4634,3,9457,An account was logged off. Logon Type: 2 Interactive.,0,Benign
2026-02-24 09:44:26,4624,10,1311,An account was successfully logged on. Subject: Security ID: S-1-5-21-1234567890 Account Name: Administrator Account Domain: CORP Logon Type: 3.,0,Benign
2026-02-24 12:39:34,4624,10,8041,An account was successfully logged on. Logon Type: 10 Remote Desktop Services.,0,Benign
2026-03-01 08:48:46,4648,12,8037,A logon was attempted using explicit credentials. Process: C:\Windows\System32\runas.exe.,0,Benign
2026-02-25 13:55:15,4624,12,7074,An account was successfully logged on. Subject: Security ID: S-1-5-18 Account Name: SYSTEM Account Domain: NT AUTHORITY Logon ID: 0x3E7 Logon Type: 5.,0,Benign
2026-03-01 17:46:45,4688,5,1510,A new process has been created. New Process Name: C:\Windows\System32\taskhostw.exe.,0,Benign
2026-02-28 08:26:13,4624,5,5475,An account was successfully logged on. Subject: Security ID: S-1-5-21-1234567890 Account Name: Administrator Account Domain: CORP Logon Type: 3.,0,Benign
2026-02-28 12:34:28,4625,10,4008,An account failed to log on. Failure Reason: Account locked out.,0,Benign
2026-03-01 17:06:05,4625,11,7155,An account failed to log on. Failure Reason: Account locked out.,0,Benign
2026-02-23 13:23:23,4688,2,2613,A new process has been created. New Process Name: C:\Windows\System32\notepad.exe.,0,Benign
2026-02-25 15:47:51,4634,12,1300,An account was logged off. Subject: Security ID: S-1-5-21-1234567890 Account Name: jdoe.,0,Benign
2026-02-28 16:01:50,4720,11,6563,A user account was created. New Account Name: svc_backup New Account Domain: CORP.,0,Benign
2026-02-28 21:23:10,4720,5,6978,A user account was created. New Account Name: tempuser New Account Domain: CORP.,0,Benign
2026-02-27 13:09:09,4688,7,5967,A new process has been created. New Process Name: C:\Windows\System32\svchost.exe Creator Process Name: C:\Windows\System32\services.exe.,0,Benign
2026-02-24 08:35:34,4688,5,4531,A new process has been created. New Process Name: C:\Windows\System32\taskhostw.exe.,0,Benign
2026-02-23 21:18:50,4624,2,7097,An account was successfully logged on. Logon Type: 2 Interactive.,0,Benign
2026-02-24 08:45:07,4720,8,6082,A user account was created. New Account Name: test_account.,0,Benign
2026-03-01 05:48:16,4624,12,537,An account was successfully logged on. Logon Type: 2 Interactive.,0,Benign
2026-02-28 09:10:20,4634,10,267,An account was logged off. Subject: Security ID: S-1-5-21-1234567890 Account Name: jdoe.,0,Benign
2026-02-26 14:21:22,4634,3,7061,An account was logged off. Logon Type: 2 Interactive.,0,Benign
2026-02-27 09:53:43,4688,9,5608,A new process has been created. New Process Name: C:\Windows\System32\notepad.exe.,0,Benign
2026-02-23 13:35:15,4720,11,8581,A user account was created. New Account Name: svc_backup New Account Domain: CORP.,0,Benign
2026-02-24 08:08:21,4634,9,3775,An account was logged off. Logon Type: 2 Interactive.,1,Benign
2026-02-28 08:27:06,4624,7,1558,An account was successfully logged on. New Logon: Account Name: jdoe Account Domain: CORP Logon ID: 0x1A2B3C.,0,Benign
2026-02-23 11:25:18,4624,11,7812,An account was successfully logged on. Subject: Security ID: S-1-5-21-1234567890 Account Name: Administrator Account Domain: CORP Logon Type: 3.,0,Benign
2026-02-27 17:27:55,4648,9,9971,A logon was attempted using explicit credentials. Process: C:\Windows\System32\runas.exe.,0,Benign
2026-02-23 01:21:47,4688,5,3432,A new process has been created. New Process Name: C:\Program Files\Google\Chrome\chrome.exe Command Line: chrome.exe --type=renderer.,0,Benign
2026-02-23 08:48:11,4634,10,8340,An account was logged off. Logon Type: 2 Interactive.,0,Benign
2026-02-27 16:20:18,4688,3,3501,A new process has been created. New Process Name: C:\Program Files\Google\Chrome\chrome.exe Command Line: chrome.exe --type=renderer.,0,Benign
2026-03-01 09:30:04,4634,8,9369,An account was logged off. Subject: Security ID: S-1-5-21-1234567890 Account Name: jdoe.,0,Benign
2026-03-01 15:44:59,4648,10,2355,A logon was attempted using explicit credentials. Process: C:\Windows\System32\runas.exe.,0,Benign
2026-02-23 10:47:09,4624,7,9534,An account was successfully logged on. Logon Type: 10 Remote Desktop Services.,0,Benign
2026-02-24 17:57:32,4625,12,6341,An account failed to log on. Failure Reason: Unknown user name or bad password. Status: 0xC000006D Sub Status: 0xC000006A.,0,Benign
2026-02-23 14:39:30,4732,7,8440,A member was added to a security-enabled local group. Member Name: svc_backup Group Name: Backup Operators.,0,Benign
2026-03-01 00:29:56,4625,10,8063,An account failed to log on. Logon Type: 10 Remote Desktop Services.,0,Benign
2026-03-01 08:12:09,4648,3,5897,A logon was attempted using explicit credentials. Process: C:\Windows\System32\runas.exe.,0,Benign
2026-02-28 08:15:04,4624,5,1219,An account was successfully logged on. Logon Type: 2 Interactive.,0,Benign
2026-02-24 15:28:03,4648,3,7108,A logon was attempted using explicit credentials. Target Server: DC01 Target User: backup_svc.,0,Benign
2026-02-28 00:21:56,1100,7,1363,The audit log was cleared. Account Name: administrator.,1,T1070
2026-02-23 05:07:09,4634,7,8103,An account was logged off. Logon Type: 3.,0,Benign
2026-03-01 14:47:33,4648,9,4846,A logon was attempted using explicit credentials. Target Server: localhost Target User: admin.,0,Benign
2026-02-28 10:15:00,4625,2,5578,An account failed to log on. Failure Reason: Unknown user name or bad password. Status: 0xC000006D Sub Status: 0xC000006A.,0,Benign
2026-02-25 14:42:06,4624,12,1010,An account was successfully logged on. New Logon: Account Name: jdoe Account Domain: CORP Logon ID: 0x1A2B3C.,0,Benign
2026-02-25 08:04:03,4624,11,6873,An account was successfully logged on. Subject: Security ID: S-1-5-21-1234567890 Account Name: Administrator Account Domain: CORP Logon Type: 3.,0,Benign
2026-02-23 16:08:55,4688,11,2680,A new process has been created. New Process Name: C:\Windows\System32\wbem\WMIC.exe Command Line: wmic process call create calc.exe.,1,T1047
2026-03-01 10:00:37,4672,11,9716,Special privileges assigned to new logon. Account Name: SYSTEM Privileges: SeBackupPrivilege SeRestorePrivilege.,0,Benign
2026-02-27 09:47:48,4672,12,3147,Special privileges assigned to new logon. Account Name: SYSTEM Privileges: SeBackupPrivilege SeRestorePrivilege.,0,Benign
2026-02-23 17:59:27,4688,9,3669,A new process has been created. New Process Name: C:\Windows\System32\svchost.exe Creator Process Name: C:\Windows\System32\services.exe.,0,Benign
2026-03-01 15:00:18,4634,9,5189,An account was logged off. Logon Type: 2 Interactive.,0,Benign
2026-02-25 02:32:31,4624,10,3179,An account was successfully logged on. Subject: Security ID: S-1-5-18 Account Name: SYSTEM Account Domain: NT AUTHORITY Logon ID: 0x3E7 Logon Type: 5.,0,Benign
2026-03-01 12:50:10,4672,11,6463,Special privileges assigned to new logon. Subject: Security ID: S-1-5-21-1234567890 Account Name: Administrator Privileges: SeDebugPrivilege.,0,Benign
2026-02-28 09:11:05,4688,7,5702,A new process has been created. New Process Name: C:\Program Files\Google\Chrome\chrome.exe Command Line: chrome.exe --type=renderer.,0,Benign
2026-03-01 23:17:53,4624,2,955,An account was successfully logged on. New Logon: Account Name: jdoe Account Domain: CORP Logon ID: 0x1A2B3C.,0,Benign
2026-02-27 09:12:05,4624,5,2702,An account was successfully logged on. Logon Type: 2 Interactive.,0,Benign
2026-03-01 08:38:58,4624,9,5890,An account was successfully logged on. Logon Type: 2 Interactive.,0,Benign
2026-02-23 09:51:12,4624,9,2920,An account was successfully logged on. Logon Type: 2 Interactive.,0,Benign
2026-02-27 15:28:23,4624,8,9324,An account was successfully logged on. Logon Type: 2 Interactive.,0,Benign
2026-02-25 20:39:15,4624,2,2896,An account was successfully logged on. Logon Type: 2 Interactive.,0,Benign
2026-03-01 14:06:56,4688,11,6974,A new process has been created. New Process Name: C:\Program Files\Google\Chrome\chrome.exe Command Line: chrome.exe --type=renderer.,0,Benign
2026-02-26 08:55:37,4648,8,983,A logon was attempted using explicit credentials. Process: C:\Windows\System32\runas.exe.,0,Benign
2026-02-25 13:24:27,4624,12,3760,An account was successfully logged on. New Logon: Account Name: jdoe Account Domain: CORP Logon ID: 0x1A2B3C.,0,Benign
2026-02-27 17:12:01,4634,5,6156,An account was logged off. Logon Type: 3.,0,Benign
2026-02-28 16:46:28,4624,8,7878,An account was successfully logged on. Logon Type: 10 Remote Desktop Services.,1,Benign
2026-02-24 09:14:19,4624,12,3380,An account was successfully logged on. Subject: Security ID: S-1-5-21-1234567890 Account Name: Administrator Account Domain: CORP Logon Type: 3.,0,Benign
2026-02-27 15:53:51,4624,9,7057,An account was successfully logged on. New Logon: Account Name: jdoe Account Domain: CORP Logon ID: 0x1A2B3C.,0,Benign
2026-02-28 08:00:25,4672,9,5879,A new process has been created. New Process Name: C:\Temp\procdump.exe.,1,T1003
2026-02-23 11:15:00,4634,3,8608,An account was logged off. Logon Type: 2 Interactive.,0,Benign
2026-02-26 21:42:48,4624,11,2459,An account was successfully logged on. Logon Type: 2 Interactive.,0,Benign
2026-02-27 17:53:14,4648,5,1379,A logon was attempted using explicit credentials. Process: C:\Windows\System32\runas.exe.,0,Benign
2026-02-25 04:46:55,4624,5,6668,An account was successfully logged on. Subject: Security ID: S-1-5-18 Account Name: SYSTEM Account Domain: NT AUTHORITY Logon ID: 0x3E7 Logon Type: 5.,0,Benign
2026-03-01 14:00:50,4634,2,7562,An account was logged off. Logon Type: 2 Interactive.,0,Benign
2026-02-28 12:47:44,4672,11,9604,Special privileges assigned to new logon. Subject: Security ID: S-1-5-21-1234567890 Account Name: Administrator Privileges: SeDebugPrivilege.,0,Benign
2026-02-26 12:40:33,4625,7,3564,An account failed to log on. Account Name: administrator Source Network Address: 192.168.1.50.,0,Benign
2026-02-26 01:59:35,4634,3,4377,An account was logged off. Logon Type: 2 Interactive.,0,Benign
2026-02-24 09:26:35,4625,2,7072,An account failed to log on. Failure Reason: Account locked out.,0,Benign
2026-02-24 16:40:11,4634,3,6882,An account was logged off. Logon Type: 3.,0,Benign
2026-02-25 12:26:57,4624,9,2690,An account was successfully logged on. Logon Type: 2 Interactive.,0,Benign
2026-03-01 08:06:53,4688,2,5997,A new process has been created. New Process Name: C:\Windows\System32\cmd.exe Command Line: cmd.exe /c dir.,0,Benign
2026-02-25 11:08:12,4624,2,2261,An account was successfully logged on. Subject: Security ID: S-1-5-21-1234567890 Account Name: Administrator Account Domain: CORP Logon Type: 3.,0,Benign
2026-02-28 08:27:17,4624,7,1350,An account was successfully logged on. Logon Type: 10 Remote Desktop Services.,0,Benign
2026-02-25 14:11:31,4634,8,9649,An account was logged off. Subject: Security ID: S-1-5-21-1234567890 Account Name: jdoe.,0,Benign
2026-02-24 14:49:55,4688,7,8162,A new process has been created. New Process Name: C:\Windows\System32\svchost.exe Creator Process Name: C:\Windows\System32\services.exe.,0,Benign
2026-02-27 10:14:35,4624,9,6407,An account was successfully logged on. Logon Type: 2 Interactive.,0,Benign
2026-02-24 14:14:58,4688,2,6885,A new process has been created. New Process Name: C:\Windows\System32\taskhostw.exe.,0,Benign
2026-02-27 18:07:05,4624,7,5999,An account was successfully logged on. Logon Type: 2 Interactive.,0,Benign
2026-03-01 05:18:08,4688,3,5722,A new process has been created. New Process Name: C:\Windows\System32\notepad.exe.,0,Benign
2026-02-26 15:11:31,4688,2,7848,A new process has been created. New Process Name: C:\Windows\System32\notepad.exe.,0,Benign
2026-03-01 17:03:21,4624,3,2179,An account was successfully logged on. Subject: Security ID: S-1-5-18 Account Name: SYSTEM Account Domain: NT AUTHORITY Logon ID: 0x3E7 Logon Type: 5.,0,Benign
2026-03-01 08:02:59,4648,7,9727,A logon was attempted using explicit credentials. Target Server: localhost Target User: admin.,0,Benign
2026-02-28 14:07:55,4624,3,3612,An account was successfully logged on. Subject: Security ID: S-1-5-21-1234567890 Account Name: Administrator Account Domain: CORP Logon Type: 3.,0,Benign
2026-02-25 13:28:21,4648,11,6169,A logon was attempted using explicit credentials. Target Server: DC01 Target User: backup_svc.,0,Benign
2026-02-28 15:21:57,4672,11,4425,Special privileges assigned to new logon. Subject: Security ID: S-1-5-21-1234567890 Account Name: Administrator Privileges: SeDebugPrivilege.,0,Benign
2026-03-01 16:31:20,4625,11,9980,An account failed to log on. Logon Type: 10 Remote Desktop Services.,0,Benign
2026-02-28 08:56:26,4624,3,7707,An account was successfully logged on. New Logon: Account Name: jdoe Account Domain: CORP Logon ID: 0x1A2B3C.,0,Benign
2026-02-28 18:22:31,4634,3,7483,An account was logged off. Subject: Security ID: S-1-5-21-1234567890 Account Name: jdoe.,0,Benign
2026-02-23 15:19:19,4634,10,1175,An account was logged off. Logon Type: 3.,0,Benign
2026-02-27 12:18:00,4688,8,2368,A new process has been created. New Process Name: C:\Windows\System32\taskhostw.exe.,0,Benign
2026-02-26 20:34:52,4625,3,5553,An account failed to log on. Logon Type: 10 Remote Desktop Services.,0,Benign
2026-02-24 14:28:55,4624,12,2473,An account was successfully logged on. New Logon: Account Name: jdoe Account Domain: CORP Logon ID: 0x1A2B3C.,0,Benign
2026-02-25 13:25:04,4625,11,637,An account failed to log on. Account Name: administrator Source Network Address: 192.168.1.50.,0,Benign
2026-02-26 08:17:38,4688,10,7962,A new process has been created. New Process Name: C:\Windows\System32\taskhostw.exe.,0,Benign
2026-02-26 09:22:00,4625,8,7238,An account failed to log on. Logon Type: 10 Remote Desktop Services.,0,Benign
2026-02-24 16:21:46,4648,2,3077,A logon was attempted using explicit credentials. Target Server: DC01 Target User: backup_svc.,0,Benign
2026-02-23 14:05:48,4624,11,6316,An account was successfully logged on. New Logon: Account Name: jdoe Account Domain: CORP Logon ID: 0x1A2B3C.,0,Benign
2026-03-01 14:11:40,4625,3,9626,An account failed to log on. Account Name: administrator Source Network Address: 192.168.1.50.,0,Benign
2026-02-23 16:55:45,4688,5,7736,A new process has been created. New Process Name: C:\Windows\System32\notepad.exe.,0,Benign
2026-02-23 17:39:25,4624,10,7921,An account was successfully logged on. Subject: Security ID: S-1-5-21-1234567890 Account Name: Administrator Account Domain: CORP Logon Type: 3.,0,Benign
2026-03-01 13:44:26,4624,8,8771,An account was successfully logged on. Subject: Security ID: S-1-5-21-1234567890 Account Name: Administrator Account Domain: CORP Logon Type: 3.,0,Benign
2026-02-25 13:08:20,4624,3,2074,An account was successfully logged on. Logon Type: 10 Remote Desktop Services.,0,Benign
2026-02-23 13:58:34,4624,2,6003,An account was successfully logged on. Logon Type: 2 Interactive.,0,Benign
2026-03-01 09:16:47,4634,2,3795,An account was logged off. Subject: Security ID: S-1-5-21-1234567890 Account Name: jdoe.,0,Benign
2026-02-27 16:03:53,4624,7,7953,An account was successfully logged on. Logon Type: 2 Interactive.,0,Benign
2026-02-28 05:49:00,4624,9,7175,An account was successfully logged on. Logon Type: 10 Remote Desktop Services.,0,Benign
2026-02-24 12:07:48,4634,11,5979,An account was logged off. Logon Type: 2 Interactive.,0,Benign
2026-02-26 13:44:48,4634,10,6191,An account was logged off. Logon Type: 3.,0,Benign
2026-02-25 09:02:31,4624,3,1212,An account was successfully logged on. Subject: Security ID: S-1-5-21-1234567890 Account Name: Administrator Account Domain: CORP Logon Type: 3.,0,Benign
2026-02-23 17:05:39,4648,11,5875,A logon was attempted using explicit credentials. Process: C:\Windows\System32\runas.exe.,0,Benign
2026-02-23 09:24:33,4720,11,4931,A user account was created. New Account Name: test_account.,0,Benign
2026-02-28 16:21:43,4688,12,1010,A new process has been created. New Process Name: C:\Program Files\Google\Chrome\chrome.exe Command Line: chrome.exe --type=renderer.,0,Benign
2026-03-01 08:10:09,4672,12,7999,Special privileges assigned to new logon. Subject: Security ID: S-1-5-18 Privileges: SeAssignPrimaryTokenPrivilege SeTcbPrivilege SeSecurityPrivilege.,0,Benign
2026-02-26 13:19:28,4625,12,9560,An account failed to log on. Subject: Security ID: S-1-0-0 Account Name: - Account Domain: - Logon Type: 3.,0,Benign
2026-02-23 08:18:58,4624,5,2669,An account was successfully logged on. Subject: Security ID: S-1-5-21-1234567890 Account Name: Administrator Account Domain: CORP Logon Type: 3.,0,Benign
2026-02-24 11:58:24,4688,12,4227,A new process has been created. New Process Name: C:\Windows\System32\notepad.exe.,0,Benign
2026-02-27 15:12:15,4648,2,3875,A logon was attempted using explicit credentials. Process: C:\Windows\System32\runas.exe.,0,Benign
2026-02-26 23:45:25,4648,2,9032,A logon was attempted using explicit credentials. Process: C:\Windows\System32\runas.exe.,0,Benign
2026-02-26 15:41:50,4624,2,5340,An account was successfully logged on. Subject: Security ID: S-1-5-18 Account Name: SYSTEM Account Domain: NT AUTHORITY Logon ID: 0x3E7 Logon Type: 5.,0,Benign
2026-02-27 08:41:13,4688,11,4643,A new process has been created. New Process Name: C:\Windows\System32\cmd.exe Command Line: cmd.exe /c dir.,0,Benign
2026-02-25 13:14:55,4624,12,537,An account was successfully logged on. Logon Type: 10 Remote Desktop Services.,0,Benign
2026-02-27 12:49:23,4688,8,387,A new process has been created. New Process Name: C:\Windows\System32\svchost.exe Creator Process Name: C:\Windows\System32\services.exe.,0,Benign
2026-02-24 05:01:57,4624,10,4632,An account was successfully logged on. Subject: Security ID: S-1-5-18 Account Name: SYSTEM Account Domain: NT AUTHORITY Logon ID: 0x3E7 Logon Type: 5.,0,Benign
2026-02-24 17:29:06,4688,9,6059,A new process has been created. New Process Name: C:\Windows\System32\cmd.exe Command Line: cmd.exe /c dir.,0,Benign
2026-02-25 12:56:41,4688,12,3056,A new process has been created. New Process Name: C:\Windows\System32\svchost.exe Creator Process Name: C:\Windows\System32\services.exe.,0,Benign
2026-02-27 16:55:35,4672,12,1305,Special privileges assigned to new logon. Account Name: SYSTEM Privileges: SeBackupPrivilege SeRestorePrivilege.,0,Benign
2026-02-23 15:35:23,4624,3,6703,An account was successfully logged on. Subject: Security ID: S-1-5-21-1234567890 Account Name: Administrator Account Domain: CORP Logon Type: 3.,0,Benign
2026-02-24 11:34:00,4648,3,1622,A logon was attempted using explicit credentials. Process: C:\Windows\System32\runas.exe.,0,Benign
2026-02-24 15:16:23,4720,2,1670,A user account was created. New Account Name: test_account.,0,Benign
2026-03-01 08:18:00,4624,9,6082,An account was successfully logged on. Subject: Security ID: S-1-5-21-1234567890 Account Name: Administrator Account Domain: CORP Logon Type: 3.,0,Benign
2026-02-23 09:08:52,4648,8,379,A logon was attempted using explicit credentials. Process: C:\Windows\System32\runas.exe.,0,Benign
2026-02-27 13:54:41,4624,2,7444,An account was successfully logged on. Logon Type: 10 Remote Desktop Services.,0,Benign
2026-02-26 03:02:06,4624,12,836,An account was successfully logged on. Subject: Security ID: S-1-5-18 Account Name: SYSTEM Account Domain: NT AUTHORITY Logon ID: 0x3E7 Logon Type: 5.,1,Benign
2026-02-26 22:30:51,4720,10,8421,A user account was created. New Account Name: svc_backup New Account Domain: CORP.,0,Benign
2026-03-01 11:25:56,4688,9,3536,A new process has been created. New Process Name: C:\Windows\System32\notepad.exe.,0,Benign
2026-02-28 16:27:57,4634,11,8103,An account was logged off. Subject: Security ID: S-1-5-21-1234567890 Account Name: jdoe.,0,Benign
2026-03-01 13:11:08,4634,12,1712,An account was logged off. Subject: Security ID: S-1-5-21-1234567890 Account Name: jdoe.,0,Benign
