2026-02-26 12:33:55,4672,12,5977,Special privileges assigned to new logon. Account Name: SYSTEM Privileges: SeBackupPrivilege SeRestorePrivilege.,0,Benign
2026-03-01 08:01:27,4625,10,245,An account failed to log on. Failure Reason: Account locked out.,0,Benign
2026-02-24 14:48:25,4625,5,6779,An account failed to log on. Subject: Security ID: S-1-0-0 Account Name: - Account Domain: - Logon Type: 3.,0,Benign
2026-02-24 16:03:07,4672,2,2325,Special privileges assigned to new logon. Subject: Security ID: S-1-5-21-1234567890 Account Name: Administrator Privileges: SeDebugPrivilege.,0,Benign
2026-02-24 14:46:47,4672,10,740,Special privileges assigned to new logon. Subject: Security ID: S-1-5-21-1234567890 Account Name: Administrator Privileges: SeDebugPrivilege.,0,Benign
2026-02-28 14:29:54,4648,7,3052,A logon was attempted using explicit credentials. Target Server: localhost Target User: admin.,0,Benign
2026-02-27 14:58:39,4634,8,4989,An account was logged off. Subject: Security ID: S-1-5-21-1234567890 Account Name: jdoe.,0,Benign
2026-03-01 12:26:18,4672,9,2805,Special privileges assigned to new logon. Account Name: SYSTEM Privileges: SeBackupPrivilege SeRestorePrivilege.,0,Benign
2026-02-23 12:04:20,4648,5,3099,A logon was attempted using explicit credentials. Process: C:\Windows\System32\runas.exe.,0,Benign
2026-02-26 14:31:47,4624,11,9173,An account was successfully logged on. Logon Type: 2 Interactive.,0,Benign
2026-02-25 08:40:06,4672,5,2093,Special privileges assigned to new logon. Subject: Security ID: S-1-5-18 Privileges: SeAssignPrimaryTokenPrivilege SeTcbPrivilege SeSecurityPrivilege.,0,Benign
2026-02-23 11:48:01,4624,9,3131,An account was successfully logged on. Subject: Security ID: S-1-5-21-1234567890 Account Name: Administrator Account Domain: CORP Logon Type: 3.,0,Benign
2026-02-23 16:36:57,4624,7,2940,An account was successfully logged on. Subject: Security ID: S-1-5-21-1234567890 Account Name: Administrator Account Domain: CORP Logon Type: 3.,0,Benign
2026-02-23 13:04:12,4634,9,749,An account was logged off. Logon Type: 2 Interactive.,0,Benign
2026-02-23 04:20:18,4625,7,2660,An account failed to log on. Failure Reason: Account locked out.,0,Benign
2026-02-27 08:29:33,4688,5,5949,A new process has been created. New Process Name: C:\Windows\System32\notepad.exe.,0,Benign
2026-02-24 11:57:13,4625,3,4439,An account failed to log on. Failure Reason: Unknown user name or bad password. Status: 0xC000006D Sub Status: 0xC000006A.,0,Benign
2026-02-27 09:10:31,4625,2,9283,An account failed to log on. Subject: Security ID: S-1-0-0 Account Name: - Account Domain: - Logon Type: 3.,0,Benign
2026-02-23 13:24:07,4634,12,8998,An account was logged off. Logon Type: 3.,0,Benign
2026-03-01 17:32:20,4648,3,8332,A logon was attempted using explicit credentials. Process: C:\Windows\System32\runas.exe.,0,Benign
2026-02-28 23:31:09,4624,10,4481,An account was successfully logged on. Logon Type: 2 Interactive.,0,Benign
2026-02-24 17:03:03,4624,3,3317,An account was successfully logged on. Subject: Security ID: S-1-5-21-1234567890 Account Name: Administrator Account Domain: CORP Logon Type: 3.,0,Benign
2026-02-23 15:13:40,4634,8,4676,An account was logged off. Logon Type: 2 Interactive.,0,Benign
2026-02-26 16:31:21,4624,5,1791,An account was successfully logged on. Logon Type: 10 Remote Desktop Services.,0,Benign
2026-02-27 22:50:39,1100,3,5651,The audit log was cleared. Account Name: administrator.,1,T1070
2026-02-25 10:51:16,4624,8,8875,An account was successfully logged on. Subject: Security ID: S-1-5-18 Account Name: SYSTEM Account Domain: NT AUTHORITY Logon ID: 0x3E7 Logon Type: 5.,0,Benign
2026-02-28 08:49:19,4648,9,5639,A logon was attempted using explicit credentials. Target Server: DC01 Target User: backup_svc.,0,Benign
2026-02-25 15:53:05,4672,9,1670,Special privileges assigned to new logon. Account Name: SYSTEM Privileges: SeBackupPrivilege SeRestorePrivilege.,0,Benign
2026-02-27 13:42:22,4634,11,1934,An account was logged off. Logon Type: 2 Interactive.,0,Benign
2026-02-27 13:53:51,4672,2,2178,Special privileges assigned to new logon. Account Name: SYSTEM Privileges: SeBackupPrivilege SeRestorePrivilege.,0,Benign
2026-02-28 08:43:34,4624,11,7872,An account was successfully logged on. Subject: Security ID: S-1-5-18 Account Name: SYSTEM Account Domain: NT AUTHORITY Logon ID: 0x3E7 Logon Type: 5.,0,Benign
2026-02-27 04:11:26,4624,5,9460,An account was successfully logged on. Subject: Security ID: S-1-5-21-1234567890 Account Name: Administrator Account Domain: CORP Logon Type: 3.,0,Benign
2026-02-25 09:34:49,4634,3,1169,An account was logged off. Logon Type: 3.,0,Benign
2026-02-27 16:36:37,4634,11,9496,An account was logged off. Logon Type: 2 Interactive.,0,Benign
2026-03-01 18:57:22,4624,3,3317,An account was successfully logged on. Logon Type: 10 Remote Desktop Services.,0,Benign
2026-02-23 10:07:20,4624,9,884,An account was successfully logged on. New Logon: Account Name: jdoe Account Domain: CORP Logon ID: 0x1A2B3C.,0,Benign
2026-03-01 13:51:54,4624,3,2241,An account was successfully logged on. New Logon: Account Name: jdoe Account Domain: CORP Logon ID: 0x1A2B3C.,0,Benign
2026-03-01 22:19:58,4634,12,3915,An account was logged off. Logon Type: 2 Interactive.,0,Benign
2026-02-27 10:04:54,4625,2,2193,An account failed to log on. Subject: Security ID: S-1-0-0 Account Name: - Account Domain: - Logon Type: 3.,0,Benign
2026-02-27 13:37:03,4648,3,8953,A logon was attempted using explicit credentials. Target Server: localhost Target User: admin.,0,Benign
2026-02-23 08:34:04,4625,5,8583,An account failed to log on. Logon Type: 10 Remote Desktop Services.,0,Benign
2026-02-27 08:58:54,4672,8,8549,Special privileges assigned to new logon. Account Name: SYSTEM Privileges: SeBackupPrivilege SeRestorePrivilege.,0,Benign
2026-02-26 11:59:53,4732,12,2494,A member was added to a security-enabled local group. Member Name: jdoe Group Name: Remote Desktop Users.,0,Benign
2026-02-25 09:54:52,4624,2,7769,An account was successfully logged on. Logon Type: 10 Remote Desktop Services.,0,Benign
2026-02-28 15:23:09,4624,3,2763,An account was successfully logged on. Subject: Security ID: S-1-5-21-1234567890 Account Name: Administrator Account Domain: CORP Logon Type: 3.,0,Benign
2026-02-23 16:14:06,4625,9,740,An account failed to log on. Subject: Security ID: S-1-0-0 Account Name: - Account Domain: - Logon Type: 3.,0,Benign
2026-02-23 15:02:02,4624,8,1357,An account was successfully logged on. Subject: Security ID: S-1-5-18 Account Name: SYSTEM Account Domain: NT AUTHORITY Logon ID: 0x3E7 Logon Type: 5.,0,Benign
2026-03-01 17:45:53,4625,10,4043,An account failed to log on. Failure Reason: Account locked out.,0,Benign
2026-02-26 10:53:57,4648,8,6899,A logon was attempted using explicit credentials. Process: C:\Windows\System32\runas.exe.,0,Benign
2026-02-26 15:11:41,4625,8,3626,An account failed to log on. Logon Type: 10 Remote Desktop Services.,0,Benign
2026-03-01 12:14:37,4672,11,1734,Special privileges assigned to new logon. Subject: Security ID: S-1-5-21-1234567890 Account Name: Administrator Privileges: SeDebugPrivilege.,0,Benign
2026-02-25 17:04:23,4634,3,3193,An account was logged off. Logon Type: 2 Interactive.,0,Benign
2026-02-24 10:02:05,4625,11,6565,An account failed to log on. Subject: Security ID: S-1-0-0 Account Name: - Account Domain: - Logon Type: 3.,0,Benign
2026-02-24 09:43:23,4648,9,1477,A logon was attempted using explicit credentials. Target Server: DC01 Target User: backup_svc.,0,Benign
2026-02-27 13:43:40,4624,12,9501,An account was successfully logged on. Logon Type: 2 Interactive.,0,Benign
2026-02-23 14:55:51,4625,10,4085,An account failed to log on. Subject: Security ID: S-1-0-0 Account Name: - Account Domain: - Logon Type: 3.,0,Benign
2026-02-24 16:19:37,4648,5,6136,A logon was attempted using explicit credentials. Target Server: DC01 Target User: backup_svc.,0,Benign
2026-02-27 02:17:17,4672,7,3138,Special privileges assigned to new logon. Subject: Security ID: S-1-5-18 Privileges: SeAssignPrimaryTokenPrivilege SeTcbPrivilege SeSecurityPrivilege.,0,Benign
2026-02-25 16:15:36,4634,2,4224,An account was logged off. Logon Type: 3.,0,Benign
2026-02-28 08:59:46,4688,2,6908,A new process has been created. New Process Name: C:\Windows\System32\cmd.exe Command Line: cmd.exe /c dir.,0,Benign
2026-02-28 14:38:03,4624,11,8769,An account was successfully logged on. Logon Type: 10 Remote Desktop Services.,0,Benign
2026-02-23 16:50:37,4624,2,8089,An account was successfully logged on. Logon Type: 2 Interactive.,0,Benign
2026-03-01 20:39:31,4688,9,5966,A new process has been created. New Process Name: C:\Program Files\Google\Chrome\chrome.exe Command Line: chrome.exe --type=renderer.,0,Benign
2026-03-01 23:44:45,4625,5,2722,An account failed to log on. Logon Type: 10 Remote Desktop Services.,0,Benign
2026-02-28 10:22:05,4624,3,8356,An account was successfully logged on. Logon Type: 2 Interactive.,0,Benign
2026-02-28 13:11:52,4625,9,1777,An account failed to log on. Account Name: administrator Source Network Address: 192.168.1.50.,0,Benign
2026-02-24 16:41:21,4625,2,6190,An account failed to log on. Subject: Security ID: S-1-0-0 Account Name: - Account Domain: - Logon Type: 3.,0,Benign
2026-03-01 12:35:56,4625,12,1874,An account failed to log on. Failure Reason: Account locked out.,0,Benign
2026-02-24 09:10:01,4648,2,3284,A logon was attempted using explicit credentials. Target Server: DC01 Target User: backup_svc.,0,Benign
2026-02-26 17:41:21,4672,2,910,Special privileges assigned to new logon. Subject: Security ID: S-1-5-21-1234567890 Account Name: Administrator Privileges: SeDebugPrivilege.,0,Benign
2026-02-24 13:44:21,4624,10,4472,An account was successfully logged on. Subject: Security ID: S-1-5-18 Account Name: SYSTEM Account Domain: NT AUTHORITY Logon ID: 0x3E7 Logon Type: 5.,0,Benign
2026-03-01 11:54:57,4624,11,2225,An account was successfully logged on. Subject: Security ID: S-1-5-18 Account Name: SYSTEM Account Domain: NT AUTHORITY Logon ID: 0x3E7 Logon Type: 5.,0,Benign
2026-02-23 10:47:52,4720,2,4672,A user account was created. New Account Name: tempuser New Account Domain: CORP.,0,Benign
2026-02-28 08:53:21,4648,7,3287,A logon was attempted using explicit credentials. Target Server: localhost Target User: admin.,0,Benign
2026-02-27 14:15:25,4624,7,2658,An account was successfully logged on. Logon Type: 2 Interactive.,0,Benign
2026-02-27 12:47:36,4688,7,8005,A new process has been created. New Process Name: C:\Windows\System32\taskhostw.exe.,0,Benign
2026-02-23 08:20:21,4648,12,4148,A logon was attempted using explicit credentials. Target Server: DC01 Target User: backup_svc.,0,Benign
2026-02-24 17:53:32,4624,9,5989,An account was successfully logged on. Logon Type: 10 Remote Desktop Services.,0,Benign
2026-02-24 10:12:47,4672,3,5798,Special privileges assigned to new logon. Subject: Security ID: S-1-5-18 Privileges: SeAssignPrimaryTokenPrivilege SeTcbPrivilege SeSecurityPrivilege.,0,Benign
2026-02-26 17:13:35,4624,11,1136,An account was successfully logged on. Logon Type: 2 Interactive.,0,Benign
2026-02-23 18:27:33,4624,3,1789,An account was successfully logged on. Logon Type: 2 Interactive.,0,Benign
2026-02-24 08:16:09,4672,7,7542,Special privileges assigned to new logon. Subject: Security ID: S-1-5-21-1234567890 Account Name: Administrator Privileges: SeDebugPrivilege.,0,Benign
2026-02-24 14:55:00,4634,10,8107,An account was logged off. Logon Type: 3.,0,Benign
2026-02-25 10:10:17,4648,8,4543,A logon was attempted using explicit credentials. Target Server: localhost Target User: admin.,0,Benign
2026-02-27 11:19:49,4688,3,6220,A new process has been created. New Process Name: C:\Windows\System32\notepad.exe.,0,Benign
2026-03-01 17:50:26,4625,9,7933,An account failed to log on. Failure Reason: Account locked out.,0,Benign
2026-02-26 14:33:58,4624,3,3734,An account was successfully logged on. New Logon: Account Name: jdoe Account Domain: CORP Logon ID: 0x1A2B3C.,0,Benign
2026-03-01 17:14:37,4624,12,2634,An account was successfully logged on. Subject: Security ID: S-1-5-21-1234567890 Account Name: Administrator Account Domain: CORP Logon Type: 3.,0,Benign
2026-02-27 10:02:34,4625,9,7807,An account failed to log on. Account Name: administrator Source Network Address: 192.168.1.50.,0,Benign
2026-02-24 04:05:17,4688,5,547,A new process has been created. New Process Name: C:\Windows\System32\cmd.exe Command Line: cmd.exe /c dir.,0,Benign
2026-02-24 13:34:30,4624,8,6518,An account was successfully logged on. Logon Type: 10 Remote Desktop Services.,0,Benign
2026-03-01 17:46:51,4625,2,1319,An account failed to log on. Logon Type: 10 Remote Desktop Services.,0,Benign
2026-02-28 10:47:48,4720,5,2875,A user account was created. New Account Name: test_account.,0,Benign
2026-03-01 12:45:47,4624,11,2203,An account was successfully logged on. Subject: Security ID: S-1-5-21-1234567890 Account Name: Administrator Account Domain: CORP Logon Type: 3.,0,Benign
2026-02-24 16:35:37,4688,10,7912,A new process has been created. New Process Name: C:\Windows\System32\taskhostw.exe.,0,Benign
2026-02-27 16:27:09,4648,8,8938,A logon was attempted using explicit credentials. Target Server: localhost Target User: admin.,0,Benign
2026-02-24 17:33:24,4688,5,4957,A new process has been created. New Process Name: C:\Windows\System32\svchost.exe Creator Process Name: C:\Windows\System32\services.exe.,0,Benign
2026-03-01 11:35:04,4625,8,5929,An account failed to log on. Failure Reason: Unknown user name or bad password. Status: 0xC000006D Sub Status: 0xC000006A.,0,Benign
2026-02-27 12:57:17,4624,2,8209,An account was successfully logged on. Subject: Security ID: S-1-5-21-1234567890 Account Name: Administrator Account Domain: CORP Logon Type: 3.,0,Benign
2026-02-28 11:42:20,4688,3,4878,A new process has been created. New Process Name: C:\Windows\System32\notepad.exe.,0,Benign
2026-02-27 14:02:17,4634,5,3080,An account was logged off. Subject: Security ID: S-1-5-21-1234567890 Account Name: jdoe.,0,Benign
2026-02-28 00:41:01,4624,12,1481,An account was successfully logged on. New Logon: Account Name: jdoe Account Domain: CORP Logon ID: 0x1A2B3C.,0,Benign
2026-02-23 12:58:24,4648,8,3499,A logon was attempted using explicit credentials. Process: C:\Windows\System32\runas.exe.,0,Benign
2026-02-24 11:57:56,4624,9,8325,An account was successfully logged on. Subject: Security ID: S-1-5-21-1234567890 Account Name: Administrator Account Domain: CORP Logon Type: 3.,0,Benign
2026-03-01 23:24:17,4634,12,6205,An account was logged off. Logon Type: 3.,0,Benign
2026-02-26 09:33:56,4634,11,2900,An account was logged off. Logon Type: 3.,0,Benign
2026-02-25 12:34:55,4688,9,3433,A new process has been created. New Process Name: C:\Windows\System32\svchost.exe Creator Process Name: C:\Windows\System32\services.exe.,0,Benign
2026-02-25 11:50:30,4634,2,2073,An account was logged off. Logon Type: 2 Interactive.,0,Benign
2026-02-28 04:07:12,4688,5,2468,A new process has been created. New Process Name: C:\Windows\System32\taskhostw.exe.,0,Benign
2026-02-25 15:29:24,4624,11,8365,An account was successfully logged on. New Logon: Account Name: jdoe Account Domain: CORP Logon ID: 0x1A2B3C.,0,Benign
2026-02-26 10:32:25,4625,11,4190,An account failed to log on. Failure Reason: Unknown user name or bad password. Status: 0xC000006D Sub Status: 0xC000006A.,0,Benign
2026-02-23 12:15:32,4624,2,550,An account was successfully logged on. Subject: Security ID: S-1-5-18 Account Name: SYSTEM Account Domain: NT AUTHORITY Logon ID: 0x3E7 Logon Type: 5.,0,Benign
2026-02-26 16:03:30,4688,5,5174,A new process has been created. New Process Name: C:\Windows\System32\cmd.exe Command Line: cmd.exe /c dir.,0,Benign
2026-02-28 15:25:24,4688,11,1320,A new process has been created. New Process Name: C:\Program Files\Google\Chrome\chrome.exe Command Line: chrome.exe --type=renderer.,0,Benign
2026-02-23 13:13:46,4624,12,3969,An account was successfully logged on. Logon Type: 10 Remote Desktop Services.,0,Benign
2026-03-01 11:56:56,4688,8,5790,A new process has been created. New Process Name: C:\Windows\System32\taskhostw.exe.,0,Benign
2026-02-23 08:04:08,4648,3,2572,A logon was attempted using explicit credentials. Process: C:\Windows\System32\runas.exe.,0,Benign
2026-02-28 17:04:53,4624,7,7704,An account was successfully logged on. Subject: Security ID: S-1-5-21-1234567890 Account Name: Administrator Account Domain: CORP Logon Type: 3.,0,Benign
2026-02-26 09:04:29,4624,2,1123,An account was successfully logged on. Logon Type: 2 Interactive.,0,Benign
2026-02-28 10:43:14,4624,3,6076,An account was successfully logged on. Logon Type: 10 Remote Desktop Services.,0,Benign
2026-02-24 12:38:58,4624,8,3325,An account was successfully logged on. Logon Type: 2 Interactive.,0,Benign
2026-02-26 12:46:13,4624,7,1008,An account was successfully logged on. Subject: Security ID: S-1-5-18 Account Name: SYSTEM Account Domain: NT AUTHORITY Logon ID: 0x3E7 Logon Type: 5.,0,Benign
2026-02-23 13:20:24,4634,10,2502,An account was logged off. Logon Type: 3.,0,Benign
2026-02-27 15:16:57,4688,10,9713,A new process has been created. New Process Name: C:\Windows\System32\taskhostw.exe.,0,Benign
2026-02-27 11:11:52,4634,12,6982,An account was logged off. Subject: Security ID: S-1-5-21-1234567890 Account Name: jdoe.,0,Benign
2026-03-01 16:01:19,4688,5,9628,A new process has been created. New Process Name: C:\Windows\System32\taskhostw.exe.,0,Benign
2026-02-23 20:26:23,4624,9,9155,An account was successfully logged on. Logon Type: 10 Remote Desktop Services.,0,Benign
2026-02-28 03:31:24,4625,8,2910,An account failed to log on. Failure Reason: Unknown user name or bad password. Status: 0xC000006D Sub Status: 0xC000006A.,0,Benign
2026-03-01 09:33:41,4624,8,7650,An account was successfully logged on. Subject: Security ID: S-1-5-21-1234567890 Account Name: Administrator Account Domain: CORP Logon Type: 3.,0,Benign
2026-02-25 11:56:58,4625,3,9048,An account failed to log on. Subject: Security ID: S-1-0-0 Account Name: - Account Domain: - Logon Type: 3.,0,Benign
2026-02-25 18:59:04,4624,12,6607,An account was successfully logged on. Logon Type: 2 Interactive.,0,Benign
2026-02-26 08:15:22,4624,2,3317,An account was successfully logged on. New Logon: Account Name: jdoe Account Domain: CORP Logon ID: 0x1A2B3C.,0,Benign
2026-02-24 12:21:27,4625,11,8302,An account failed to log on. Subject: Security ID: S-1-0-0 Account Name: - Account Domain: - Logon Type: 3.,0,Benign
2026-02-26 01:57:31,4732,10,9802,A member was added to a security-enabled local group. Member Name: jdoe Group Name: Remote Desktop Users.,0,Benign
2026-02-23 11:50:44,4624,10,913,An account was successfully logged on. Logon Type: 2 Interactive.,0,Benign
2026-02-23 14:07:34,4688,10,7062,A new process has been created. New Process Name: C:\Windows\System32\cmd.exe Command Line: cmd.exe /c dir.,0,Benign
2026-02-24 08:24:55,4624,5,4824,An account was successfully logged on. Subject: Security ID: S-1-5-21-1234567890 Account Name: Administrator Account Domain: CORP Logon Type: 3.,0,Benign
2026-02-27 08:49:24,4624,11,3204,An account was successfully logged on. Subject: Security ID: S-1-5-18 Account Name: SYSTEM Account Domain: NT AUTHORITY Logon ID: 0x3E7 Logon Type: 5.,0,Benign
2026-02-25 16:22:02,4624,2,9269,An account was successfully logged on. Subject: Security ID: S-1-5-21-1234567890 Account Name: Administrator Account Domain: CORP Logon Type: 3.,0,Benign
2026-02-26 11:11:05,4624,10,2980,An account was successfully logged on. Subject: Security ID: S-1-5-21-1234567890 Account Name: Administrator Account Domain: CORP Logon Type: 3.,0,Benign
2026-02-27 11:21:43,4720,3,5590,A user account was created. New Account Name: test_account.,0,Benign
2026-02-28 11:20:00,4624,12,462,An account was successfully logged on. Subject: Security ID: S-1-5-21-1234567890 Account Name: Administrator Account Domain: CORP Logon Type: 3.,0,Benign
2026-02-27 09:25:56,4648,9,237,A logon was attempted using explicit credentials. Target Server: localhost Target User: admin.,0,Benign
2026-03-01 01:46:23,4688,8,2906,A new process has been created. New Process Name: C:\Windows\System32\cmd.exe Command Line: cmd.exe /c whoami.,1,T1047
2026-02-26 11:42:19,4624,2,3753,An account was successfully logged on. Logon Type: 10 Remote Desktop Services.,0,Benign
2026-02-23 17:58:22,4624,12,2753,An account was successfully logged on. Logon Type: 2 Interactive.,0,Benign
2026-03-01 11:51:52,4648,5,3616,A logon was attempted using explicit credentials. Target Server: localhost Target User: admin.,0,Benign
2026-02-25 09:07:57,4624,11,208,An account was successfully logged on. Logon Type: 2 Interactive.,0,Benign
2026-03-01 16:26:34,4672,10,9301,Special privileges assigned to new logon. Subject: Security ID: S-1-5-21-1234567890 Account Name: Administrator Privileges: SeDebugPrivilege.,0,Benign
2026-03-01 08:52:41,4672,10,1842,Special privileges assigned to new logon. Account Name: SYSTEM Privileges: SeBackupPrivilege SeRestorePrivilege.,0,Benign
2026-02-25 08:39:32,4625,9,5680,An account failed to log on. Logon Type: 10 Remote Desktop Services.,0,Benign
2026-02-25 14:46:59,4625,9,8600,An account failed to log on. Account Name: administrator Source Network Address: 192.168.1.50.,0,Benign
2026-02-25 11:58:43,4624,8,6012,An account was successfully logged on. Subject: Security ID: S-1-5-21-1234567890 Account Name: Administrator Account Domain: CORP Logon Type: 3.,0,Benign
2026-02-24 20:55:20,4720,8,717,A user account was created. New Account Name: test_account.,0,Benign
2026-02-27 15:21:43,4624,5,9439,An account was successfully logged on. Logon Type: 2 Interactive.,0,Benign
2026-02-28 11:03:16,4688,7,822,A new process has been created. New Process Name: C:\Windows\System32\cmd.exe Command Line: cmd.exe /c dir.,0,Benign
2026-02-25 03:11:41,4688,2,8129,A new process has been created. New Process Name: C:\Windows\System32\taskhostw.exe.,0,Benign
2026-02-25 17:25:28,4624,12,8108,An account was successfully logged on. New Logon: Account Name: jdoe Account Domain: CORP Logon ID: 0x1A2B3C.,0,Benign
2026-02-23 14:38:09,4624,12,5530,An account was successfully logged on. Logon Type: 10 Remote Desktop Services.,0,Benign
2026-03-01 09:09:32,4625,3,5735,An account failed to log on. Failure Reason: Account locked out.,0,Benign
2026-02-23 12:13:40,4732,8,2175,A member was added to a security-enabled local group. Member Name: tempuser Group Name: Administrators.,0,Benign
2026-02-24 16:14:35,4624,12,2161,An account was successfully logged on. Logon Type: 10 Remote Desktop Services.,0,Benign
2026-02-27 12:23:10,4624,9,5026,An account was successfully logged on. New Logon: Account Name: jdoe Account Domain: CORP Logon ID: 0x1A2B3C.,0,Benign
2026-02-26 12:26:25,4688,8,8574,A new process has been created. New Process Name: C:\Windows\System32\notepad.exe.,0,Benign
2026-02-25 10:17:57,4648,11,6101,A logon was attempted using explicit credentials. Process: C:\Windows\System32\runas.exe.,0,Benign
2026-03-01 14:57:22,4648,3,6602,A logon was attempted using explicit credentials. Process: C:\Windows\System32\runas.exe.,0,Benign
2026-02-28 15:19:07,4624,5,4758,An account was successfully logged on. Subject: Security ID: S-1-5-21-1234567890 Account Name: Administrator Account Domain: CORP Logon Type: 3.,0,Benign
2026-02-26 11:17:12,4624,2,6407,An account was successfully logged on. Subject: Security ID: S-1-5-21-1234567890 Account Name: Administrator Account Domain: CORP Logon Type: 3.,1,Benign
2026-03-01 09:03:08,4672,11,4907,Special privileges assigned to new logon. Subject: Security ID: S-1-5-18 Privileges: SeAssignPrimaryTokenPrivilege SeTcbPrivilege SeSecurityPrivilege.,0,Benign
2026-02-23 19:49:46,4624,9,292,An account was successfully logged on. Subject: Security ID: S-1-5-21-1234567890 Account Name: Administrator Account Domain: CORP Logon Type: 3.,0,Benign
2026-02-27 00:39:25,4720,7,4137,A user account was created. New Account Name: svc_backup New Account Domain: CORP.,0,Benign
2026-02-24 23:07:25,4720,3,8223,A user account was created. New Account Name: svc_backup New Account Domain: CORP.,0,Benign
2026-02-23 16:27:57,4625,12,4104,An account failed to log on. Account Name: administrator Source Network Address: 192.168.1.50.,0,Benign
2026-02-27 22:10:24,4625,12,7465,An account failed to log on. Failure Reason: Account locked out.,0,Benign
2026-02-23 15:07:07,4634,8,8139,An account was logged off. Logon Type: 2 Interactive.,0,Benign
2026-02-28 16:12:05,4648,3,6663,A logon was attempted using explicit credentials. Process: C:\Windows\System32\runas.exe.,0,Benign
2026-02-28 10:24:10,4625,11,7271,An account failed to log on. Account Name: administrator Source Network Address: 192.168.1.50.,0,Benign
2026-02-25 15:06:43,4648,9,8238,A logon was attempted using explicit credentials. Process: C:\Windows\System32\runas.exe.,0,Benign
2026-02-28 09:19:55,4648,7,7805,A logon was attempted using explicit credentials. Process: C:\Windows\System32\runas.exe.,0,Benign
2026-02-24 11:53:27,4624,7,2561,An account was successfully logged on. New Logon: Account Name: jdoe Account Domain: CORP Logon ID: 0x1A2B3C.,0,Benign
2026-02-23 15:44:45,4732,2,318,A member was added to a security-enabled local group. Member Name: tempuser Group Name: Administrators.,0,Benign
2026-02-24 13:46:48,4625,12,4749,An account failed to log on. Failure Reason: Unknown user name or bad password. Status: 0xC000006D Sub Status: 0xC000006A.,0,Benign
2026-02-27 11:21:53,4625,2,9783,An account failed to log on. Failure Reason: Unknown user name or bad password. Status: 0xC000006D Sub Status: 0xC000006A.,0,Benign
2026-02-28 09:49:19,4648,5,3145,A logon was attempted using explicit credentials. Process: C:\Windows\System32\runas.exe.,0,Benign
2026-02-25 10:47:17,4624,3,4947,An account was successfully logged on. New Logon: Account Name: jdoe Account Domain: CORP Logon ID: 0x1A2B3C.,0,Benign
2026-03-01 08:45:09,4625,2,3908,An account failed to log on. Failure Reason: Account locked out.,0,Benign
2026-02-25 11:06:02,4624,3,4860,An account was successfully logged on. Subject: Security ID: S-1-5-21-1234567890 Account Name: Administrator Account Domain: CORP Logon Type: 3.,0,Benign
2026-03-01 02:10:48,4634,5,225,An account was logged off. Subject: Security ID: S-1-5-21-1234567890 Account Name: jdoe.,0,Benign
2026-02-27 16:43:06,4624,12,7394,An account was successfully logged on. New Logon: Account Name: jdoe Account Domain: CORP Logon ID: 0x1A2B3C.,0,Benign
2026-02-26 12:23:08,4648,11,1199,A logon was attempted using explicit credentials. Target Server: localhost Target User: admin.,0,Benign
2026-02-25 08:47:23,4624,9,3037,An account was successfully logged on. Logon Type: 10 Remote Desktop Services.,0,Benign
2026-02-23 09:27:04,4624,3,5638,An account was successfully logged on. Subject: Security ID: S-1-5-18 Account Name: SYSTEM Account Domain: NT AUTHORITY Logon ID: 0x3E7 Logon Type: 5.,0,Benign
2026-02-25 08:31:40,4720,5,6722,A user account was created. New Account Name: tempuser New Account Domain: CORP.,0,Benign
2026-02-23 08:52:57,4624,5,5608,An account was successfully logged on. Logon Type: 10 Remote Desktop Services.,0,Benign
2026-02-28 13:46:24,4648,12,3172,A logon was attempted using explicit credentials. Target Server: localhost Target User: admin.,0,Benign
2026-02-28 13:26:21,4625,2,4414,An account failed to log on. Failure Reason: Unknown user name or bad password. Status: 0xC000006D Sub Status: 0xC000006A.,0,Benign
2026-02-26 10:28:56,4625,9,7898,An account failed to log on. Account Name: administrator Source Network Address: 192.168.1.50.,0,Benign
2026-02-25 09:08:45,4625,12,4802,An account failed to log on. Failure Reason: Unknown user name or bad password. Status: 0xC000006D Sub Status: 0xC000006A.,0,Benign
2026-02-24 10:43:01,4624,8,4703,An account was successfully logged on. Subject: Security ID: S-1-5-21-1234567890 Account Name: Administrator Account Domain: CORP Logon Type: 3.,0,Benign
2026-02-28 12:40:57,4624,12,2738,An account was successfully logged on. Subject: Security ID: S-1-5-18 Account Name: SYSTEM Account Domain: NT AUTHORITY Logon ID: 0x3E7 Logon Type: 5.,0,Benign
2026-02-28 15:41:31,4624,5,620,An account was successfully logged on. Subject: Security ID: S-1-5-21-1234567890 Account Name: Administrator Account Domain: CORP Logon Type: 3.,0,Benign
2026-02-27 09:51:47,4624,12,6126,An account was successfully logged on. Subject: Security ID: S-1-5-21-1234567890 Account Name: Administrator Account Domain: CORP Logon Type: 3.,0,Benign
2026-02-26 17:57:07,4688,10,7366,A new process has been created. New Process Name: C:\Program Files\Google\Chrome\chrome.exe Command Line: chrome.exe --type=renderer.,0,Benign
2026-02-23 23:05:39,4624,12,736,An account was successfully logged on. New Logon: Account Name: jdoe Account Domain: CORP Logon ID: 0x1A2B3C.,0,Benign
2026-02-27 08:07:39,4648,7,1482,A logon was attempted using explicit credentials. Target Server: DC01 Target User: backup_svc.,0,Benign
2026-02-28 08:03:31,4720,8,3349,A user account was created. New Account Name: test_account.,0,Benign
2026-03-01 13:59:42,4688,9,3738,A new process has been created. New Process Name: C:\Windows\System32\taskhostw.exe.,0,Benign
2026-02-23 09:32:03,4624,9,9444,An account was successfully logged on. Logon Type: 10 Remote Desktop Services.,0,Benign
2026-02-23 11:56:21,4624,8,4941,An account was successfully logged on. New Logon: Account Name: jdoe Account Domain: CORP Logon ID: 0x1A2B3C.,0,Benign
2026-02-24 13:51:20,4688,3,8222,A new process has been created. New Process Name: C:\Program Files\Google\Chrome\chrome.exe Command Line: chrome.exe --type=renderer.,0,Benign
2026-02-26 11:57:38,4688,5,8187,A new process has been created. New Process Name: C:\Program Files\Google\Chrome\chrome.exe Command Line: chrome.exe --type=renderer.,0,Benign
2026-02-28 13:25:43,4648,5,7283,A logon was attempted using explicit credentials. Process: C:\Windows\System32\runas.exe.,0,Benign
2026-02-25 09:50:28,4624,11,3815,An account was successfully logged on. Subject: Security ID: S-1-5-18 Account Name: SYSTEM Account Domain: NT AUTHORITY Logon ID: 0x3E7 Logon Type: 5.,0,Benign
2026-02-25 08:36:03,4625,12,2028,An account failed to log on. Failure Reason: Unknown user name or bad password. Status: 0xC000006D Sub Status: 0xC000006A.,0,Benign
2026-02-27 03:17:19,4624,9,9654,An account was successfully logged on. Subject: Security ID: S-1-5-18 Account Name: SYSTEM Account Domain: NT AUTHORITY Logon ID: 0x3E7 Logon Type: 5.,0,Benign
2026-02-24 14:15:20,4625,12,7352,An account failed to log on. Account Name: administrator Source Network Address: 192.168.1.50.,0,Benign
2026-02-26 11:44:13,4624,3,619,An account was successfully logged on. Subject: Security ID: S-1-5-18 Account Name: SYSTEM Account Domain: NT AUTHORITY Logon ID: 0x3E7 Logon Type: 5.,0,Benign
2026-02-24 09:39:19,4634,8,892,An account was logged off. Logon Type: 3.,0,Benign
2026-02-23 12:46:50,4634,5,5599,An account was logged off. Logon Type: 2 Interactive.,0,Benign
2026-03-01 15:37:16,4624,7,6822,An account was successfully logged on. Subject: Security ID: S-1-5-21-1234567890 Account Name: Administrator Account Domain: CORP Logon Type: 3.,0,Benign
2026-02-23 09:51:30,4625,10,8393,An account failed to log on. Subject: Security ID: S-1-0-0 Account Name: - Account Domain: - Logon Type: 3.,0,Benign
2026-02-28 16:36:03,4624,11,6518,An account was successfully logged on. Logon Type: 10 Remote Desktop Services.,0,Benign
2026-02-27 13:24:26,4625,5,5398,An account failed to log on. Account Name: administrator Source Network Address: 192.168.1.50.,0,Benign
2026-02-27 15:05:48,4688,3,9887,A new process has been created. New Process Name: C:\Windows\System32\notepad.exe.,0,Benign
2026-03-01 14:38:16,4624,10,538,An account was successfully logged on. Subject: Security ID: S-1-5-21-1234567890 Account Name: Administrator Account Domain: CORP Logon Type: 3.,0,Benign
2026-02-23 10:17:43,4688,9,8066,A new process has been created. New Process Name: C:\Windows\System32\notepad.exe.,0,Benign
2026-02-28 15:06:17,4624,2,9712,An account was successfully logged on. Subject: Security ID: S-1-5-21-1234567890 Account Name: Administrator Account Domain: CORP Logon Type: 3.,0,Benign
2026-02-24 08:36:06,4624,5,1104,An account was successfully logged on. New Logon: Account Name: jdoe Account Domain: CORP Logon ID: 0x1A2B3C.,0,Benign
2026-03-01 08:28:48,4624,2,3845,An account was successfully logged on. Logon Type: 10 Remote Desktop Services.,0,Benign
2026-02-26 08:30:55,4688,2,2920,A new process has been created. New Process Name: C:\Windows\System32\taskhostw.exe.,0,Benign
2026-02-27 17:15:42,4624,11,3568,An account was successfully logged on. Logon Type: 2 Interactive.,0,Benign
2026-03-01 17:19:09,4624,5,4059,An account was successfully logged on. New Logon: Account Name: jdoe Account Domain: CORP Logon ID: 0x1A2B3C.,0,Benign
2026-03-01 03:37:25,4625,2,5304,An account failed to log on. Logon Type: 10 Remote Desktop Services.,0,Benign
2026-03-01 02:21:51,4624,5,7112,An account was successfully logged on. New Logon: Account Name: jdoe Account Domain: CORP Logon ID: 0x1A2B3C.,0,Benign
2026-02-23 11:15:51,4688,8,4513,A new process has been created. New Process Name: C:\Windows\System32\svchost.exe Creator Process Name: C:\Windows\System32\services.exe.,0,Benign
2026-02-24 10:20:49,4624,11,497,An account was successfully logged on. Logon Type: 10 Remote Desktop Services.,0,Benign
2026-02-24 08:27:44,4648,2,6619,A logon was attempted using explicit credentials. Target Server: localhost Target User: admin.,0,Benign
2026-02-28 15:50:13,4624,12,984,An account was successfully logged on. New Logon: Account Name: jdoe Account Domain: CORP Logon ID: 0x1A2B3C.,0,Benign
2026-02-27 08:11:17,4624,12,3347,An account was successfully logged on. New Logon: Account Name: jdoe Account Domain: CORP Logon ID: 0x1A2B3C.,0,Benign
2026-02-23 15:17:22,4624,12,8803,An account was successfully logged on. Logon Type: 2 Interactive.,0,Benign
2026-02-25 15:52:46,4688,7,7371,A new process has been created. New Process Name: C:\Windows\System32\cmd.exe Command Line: cmd.exe /c dir.,0,Benign
2026-02-27 08:50:05,4625,9,1492,An account failed to log on. Failure Reason: Unknown user name or bad password. Status: 0xC000006D Sub Status: 0xC000006A.,0,Benign
2026-02-28 10:56:13,4648,5,8773,A logon was attempted using explicit credentials. Process: C:\Windows\System32\runas.exe.,0,Benign
2026-03-01 16:29:04,4624,3,3814,An account was successfully logged on. New Logon: Account Name: jdoe Account Domain: CORP Logon ID: 0x1A2B3C.,0,Benign
2026-02-23 11:50:19,4624,2,3622,An account was successfully logged on. Subject: Security ID: S-1-5-21-1234567890 Account Name: Administrator Account Domain: CORP Logon Type: 3.,0,Benign
2026-02-25 13:11:51,4625,10,1676,An account failed to log on. Logon Type: 10 Remote Desktop Services.,0,Benign
2026-02-25 10:56:26,4688,3,3675,A new process has been created. New Process Name: C:\Program Files\Google\Chrome\chrome.exe Command Line: chrome.exe --type=renderer.,0,Benign
2026-03-01 11:50:34,4624,3,7866,An account was successfully logged on. Subject: Security ID: S-1-5-21-1234567890 Account Name: Administrator Account Domain: CORP Logon Type: 3.,0,Benign
2026-02-28 10:24:51,4634,8,3677,An account was logged off. Logon Type: 2 Interactive.,0,Benign
2026-02-26 15:41:44,4634,10,2072,An account was logged off. Logon Type: 2 Interactive.,0,Benign
2026-03-01 11:53:10,4634,7,5558,An account was logged off. Logon Type: 3.,0,Benign
2026-02-27 03:35:24,4624,10,945,An account was successfully logged on. Logon Type: 2 Interactive.,0,Benign
2026-02-25 13:03:55,4624,9,6049,An account was successfully logged on. Logon Type: 10 Remote Desktop Services.,0,Benign
2026-02-28 10:48:33,4648,11,3041,A logon was attempted using explicit credentials. Process: C:\Windows\System32\runas.exe.,0,Benign
2026-02-23 21:15:15,4720,5,5999,A user account was created. New Account Name: test_account.,0,Benign
2026-02-27 09:20:06,4672,7,1782,Special privileges assigned to new logon. Subject: Security ID: S-1-5-18 Privileges: SeAssignPrimaryTokenPrivilege SeTcbPrivilege SeSecurityPrivilege.,0,Benign
2026-02-28 23:03:53,4648,5,7611,A logon was attempted using explicit credentials. Target Server: DC01.,1,T1046
2026-02-28 11:17:37,4648,7,489,A logon was attempted using explicit credentials. Target Server: localhost Target User: admin.,0,Benign
2026-02-26 20:55:00,4625,10,9393,An account failed to log on. Failure Reason: Account locked out.,0,Benign
2026-02-27 08:41:00,4672,7,9031,Special privileges assigned to new logon. Account Name: SYSTEM Privileges: SeBackupPrivilege SeRestorePrivilege.,0,Benign
2026-02-24 15:03:31,4648,3,7865,A logon was attempted using explicit credentials. Target Server: DC01 Target User: backup_svc.,0,Benign
2026-02-23 17:28:42,4624,10,8026,An account was successfully logged on. Logon Type: 2 Interactive.,0,Benign
2026-02-28 21:53:58,4720,11,2961,A user account was created. New Account Name: test_account.,0,Benign
2026-02-23 17:17:14,4688,7,8909,A new process has been created. New Process Name: C:\Windows\System32\taskhostw.exe.,0,Benign
2026-02-28 00:11:59,4688,8,7209,A new process has been created. New Process Name: C:\Program Files\Google\Chrome\chrome.exe Command Line: chrome.exe --type=renderer.,0,Benign
2026-02-26 17:58:33,4648,5,2236,A logon was attempted using explicit credentials. Target Server: localhost Target User: admin.,0,Benign
2026-02-27 08:46:01,4624,7,9794,An account was successfully logged on. Logon Type: 2 Interactive.,0,Benign
2026-02-24 12:35:25,4624,8,7897,An account was successfully logged on. Subject: Security ID: S-1-5-21-1234567890 Account Name: Administrator Account Domain: CORP Logon Type: 3.,0,Benign
2026-02-23 14:38:37,4672,7,8661,Special privileges assigned to new logon. Subject: Security ID: S-1-5-21-1234567890 Account Name: Administrator Privileges: SeDebugPrivilege.,0,Benign
2026-02-24 13:42:35,4625,3,1957,An account failed to log on. Account Name: administrator Source Network Address: 192.168.1.50.,0,Benign
2026-02-27 13:15:23,4688,11,9894,A new process has been created. New Process Name: C:\Windows\System32\notepad.exe.,0,Benign
2026-02-28 12:04:04,4625,5,2491,An account failed to log on. Subject: Security ID: S-1-0-0 Account Name: - Account Domain: - Logon Type: 3.,0,Benign
2026-02-24 14:31:42,4624,3,6668,An account was successfully logged on. New Logon: Account Name: jdoe Account Domain: CORP Logon ID: 0x1A2B3C.,0,Benign
2026-02-26 09:18:38,4624,9,5307,An account was successfully logged on. Subject: Security ID: S-1-5-18 Account Name: SYSTEM Account Domain: NT AUTHORITY Logon ID: 0x3E7 Logon Type: 5.,0,Benign
2026-02-23 14:53:15,4688,8,2877,A new process has been created. New Process Name: C:\Windows\System32\powershell.exe Command Line: powershell -enc SQBFAFgA.,1,T1047
2026-02-23 10:41:05,4624,12,5468,An account was successfully logged on. Subject: Security ID: S-1-5-21-1234567890 Account Name: Administrator Account Domain: CORP Logon Type: 3.,0,Benign
2026-03-01 12:52:49,4634,3,2026,An account was logged off. Subject: Security ID: S-1-5-21-1234567890 Account Name: jdoe.,1,Benign
2026-02-25 19:31:40,4624,3,7865,An account was successfully logged on. Subject: Security ID: S-1-5-21-1234567890 Account Name: Administrator Account Domain: CORP Logon Type: 3.,0,Benign
2026-02-25 06:35:43,4688,8,6226,A new process has been created. New Process Name: C:\Windows\System32\notepad.exe.,0,Benign
2026-02-26 18:33:09,4624,8,8670,An account failed to log on. Failure Reason: Account locked out.,1,T1110
2026-03-01 12:01:55,4634,12,1069,An account was logged off. Logon Type: 2 Interactive.,0,Benign
2026-02-28 17:45:57,4688,12,1108,A new process has been created. New Process Name: C:\Windows\System32\taskhostw.exe.,0,Benign
2026-02-26 13:42:47,4688,5,8530,A new process has been created. New Process Name: C:\Program Files\Google\Chrome\chrome.exe Command Line: chrome.exe --type=renderer.,0,Benign
2026-02-25 14:28:08,4634,12,8471,An account was logged off. Subject: Security ID: S-1-5-21-1234567890 Account Name: jdoe.,0,Benign
2026-02-24 15:55:05,4624,5,4910,An account was successfully logged on. Logon Type: 10 Remote Desktop Services.,0,Benign
2026-02-24 09:41:16,4648,8,5834,A logon was attempted using explicit credentials. Process: C:\Windows\System32\runas.exe.,0,Benign
2026-02-25 15:38:30,4624,2,133,An account was successfully logged on. Subject: Security ID: S-1-5-18 Account Name: SYSTEM Account Domain: NT AUTHORITY Logon ID: 0x3E7 Logon Type: 5.,0,Benign
2026-02-24 09:39:38,4625,3,5891,An account failed to log on. Subject: Security ID: S-1-0-0 Account Name: - Account Domain: - Logon Type: 3.,0,Benign
2026-02-23 13:34:44,4625,12,1962,An account failed to log on. Subject: Security ID: S-1-0-0 Account Name: - Account Domain: - Logon Type: 3.,0,Benign
2026-03-01 15:43:59,4634,12,3325,An account was logged off. Subject: Security ID: S-1-5-21-1234567890 Account Name: jdoe.,0,Benign
2026-02-27 10:11:13,4624,9,3797,An account was successfully logged on. New Logon: Account Name: jdoe Account Domain: CORP Logon ID: 0x1A2B3C.,0,Benign
2026-02-27 11:56:24,4625,7,2421,An account failed to log on. Logon Type: 10 Remote Desktop Services.,0,Benign
2026-02-27 00:27:59,4688,7,8280,A new process has been created. New Process Name: C:\Windows\System32\taskhostw.exe.,0,Benign
2026-02-23 14:24:58,4672,7,1866,Special privileges assigned to new logon. Subject: Security ID: S-1-5-18 Privileges: SeAssignPrimaryTokenPrivilege SeTcbPrivilege SeSecurityPrivilege.,0,Benign
2026-03-01 09:31:34,4634,5,5807,An account was logged off. Logon Type: 2 Interactive.,0,Benign
2026-02-23 11:15:46,4634,10,2548,An account was logged off. Logon Type: 2 Interactive.,0,Benign
2026-02-24 11:57:10,4688,2,2832,A new process has been created. New Process Name: C:\Windows\System32\svchost.exe Creator Process Name: C:\Windows\System32\services.exe.,0,Benign
2026-02-24 03:15:58,4688,12,1883,A new process has been created. New Process Name: C:\Windows\System32\cmd.exe Command Line: cmd.exe /c dir.,0,Benign
2026-02-28 03:57:19,1102,12,552,The event logging service has shut down. Reason: The log was cleared by user.,1,T1070
2026-02-23 16:58:07,4624,5,6568,An account was successfully logged on. New Logon: Account Name: jdoe Account Domain: CORP Logon ID: 0x1A2B3C.,0,Benign
2026-02-28 12:47:10,4634,5,7116,An account was logged off. Subject: Security ID: S-1-5-21-1234567890 Account Name: jdoe.,0,Benign
2026-02-26 10:17:15,4624,8,6634,An account was successfully logged on. Subject: Security ID: S-1-5-21-1234567890 Account Name: Administrator Account Domain: CORP Logon Type: 3.,0,Benign
2026-02-23 16:48:54,4688,7,8446,A new process has been created. New Process Name: C:\Windows\System32\taskhostw.exe.,0,Benign
2026-02-24 12:59:34,4648,12,7618,A logon was attempted using explicit credentials. Target Server: DC01 Target User: backup_svc.,0,Benign
2026-02-25 13:01:29,4672,3,2959,Special privileges assigned to new logon. Account Name: SYSTEM Privileges: SeBackupPrivilege SeRestorePrivilege.,0,Benign
2026-02-27 00:41:36,4648,12,8365,A logon was attempted using explicit credentials. Target Server: DC01.,1,T1046
2026-02-24 12:08:02,4648,5,4607,A logon was attempted using explicit credentials. Target Server: DC01 Target User: backup_svc.,0,Benign
2026-02-25 16:25:16,4624,11,4525,An account was successfully logged on. New Logon: Account Name: jdoe Account Domain: CORP Logon ID: 0x1A2B3C.,0,Benign
2026-02-24 08:31:47,4634,7,3505,An account was logged off. Logon Type: 2 Interactive.,0,Benign
2026-02-25 08:26:03,4688,7,6724,A new process has been created. New Process Name: C:\Windows\System32\notepad.exe.,0,Benign
2026-02-26 10:35:39,4625,9,2507,An account failed to log on. Failure Reason: Unknown user name or bad password. Status: 0xC000006D Sub Status: 0xC000006A.,0,Benign
2026-02-28 11:24:31,4624,12,6999,An account was successfully logged on. New Logon: Account Name: jdoe Account Domain: CORP Logon ID: 0x1A2B3C.,0,Benign
2026-02-26 09:14:53,4624,9,8880,An account was successfully logged on. Logon Type: 2 Interactive.,0,Benign
2026-02-25 04:56:15,4624,8,107,An account was successfully logged on. New Logon: Account Name: jdoe Account Domain: CORP Logon ID: 0x1A2B3C.,0,Benign
2026-02-27 22:58:11,4624,11,1107,An account was successfully logged on. Logon Type: 2 Interactive.,0,Benign
2026-02-26 17:28:15,4624,2,3865,An account was successfully logged on. New Logon: Account Name: jdoe Account Domain: CORP Logon ID: 0x1A2B3C.,0,Benign
2026-02-26 16:04:15,4720,12,9233,A user account was created. New Account Name: test_account.,0,Benign
2026-02-26 09:26:59,4688,7,4289,A new process has been created. New Process Name: C:\Windows\System32\cmd.exe Command Line: cmd.exe /c dir.,0,Benign
2026-02-23 11:34:12,4672,2,2395,Special privileges assigned to new logon. Account Name: SYSTEM Privileges: SeBackupPrivilege SeRestorePrivilege.,0,Benign
2026-02-28 11:10:34,4648,9,3609,A logon was attempted using explicit credentials. Target Server: localhost Target User: admin.,0,Benign
2026-02-23 10:43:12,4624,7,4888,An account was successfully logged on. Subject: Security ID: S-1-5-18 Account Name: SYSTEM Account Domain: NT AUTHORITY Logon ID: 0x3E7 Logon Type: 5.,0,Benign
2026-02-28 08:38:50,4624,12,9068,An account was successfully logged on. New Logon: Account Name: jdoe Account Domain: CORP Logon ID: 0x1A2B3C.,0,Benign
2026-02-26 09:01:22,4624,3,4480,An account was successfully logged on. Subject: Security ID: S-1-5-18 Account Name: SYSTEM Account Domain: NT AUTHORITY Logon ID: 0x3E7 Logon Type: 5.,0,Benign
2026-02-28 10:54:16,4688,9,1403,A new process has been created. New Process Name: C:\Program Files\Google\Chrome\chrome.exe Command Line: chrome.exe --type=renderer.,0,Benign
2026-02-26 10:49:52,4624,2,448,An account was successfully logged on. New Logon: Account Name: jdoe Account Domain: CORP Logon ID: 0x1A2B3C.,0,Benign
2026-03-01 13:58:45,4688,3,1525,A new process has been created. New Process Name: C:\Windows\System32\notepad.exe.,0,Benign
2026-02-23 15:39:57,4634,12,3666,An account was logged off. Logon Type: 2 Interactive.,0,Benign
2026-02-24 22:05:40,4648,9,5536,A logon was attempted using explicit credentials. Process: C:\Windows\System32\runas.exe.,0,Benign
2026-02-28 11:39:37,4624,11,6740,An account was successfully logged on. Subject: Security ID: S-1-5-21-1234567890 Account Name: Administrator Account Domain: CORP Logon Type: 3.,0,Benign
2026-02-28 23:49:36,4688,5,7194,A new process has been created. New Process Name: C:\Windows\System32\svchost.exe Creator Process Name: C:\Windows\System32\services.exe.,0,Benign
2026-02-27 13:34:25,4648,3,4061,A logon was attempted using explicit credentials. Target Server: localhost Target User: admin.,0,Benign
2026-02-24 08:49:32,4625,7,5673,An account failed to log on. Failure Reason: Account locked out.,0,Benign
2026-02-24 15:24:18,4672,5,2761,Special privileges assigned to new logon. Subject: Security ID: S-1-5-21-1234567890 Account Name: Administrator Privileges: SeDebugPrivilege.,0,Benign
2026-02-28 15:40:15,4624,2,6116,An account was successfully logged on. New Logon: Account Name: jdoe Account Domain: CORP Logon ID: 0x1A2B3C.,0,Benign
2026-02-23 16:28:22,4624,9,9853,An account was successfully logged on. Subject: Security ID: S-1-5-18 Account Name: SYSTEM Account Domain: NT AUTHORITY Logon ID: 0x3E7 Logon Type: 5.,0,Benign
2026-02-28 17:44:20,4624,7,833,An account was successfully logged on. New Logon: Account Name: jdoe Account Domain: CORP Logon ID: 0x1A2B3C.,0,Benign
2026-02-26 10:08:00,4625,5,4666,An account failed to log on. Failure Reason: Account locked out.,0,Benign
2026-03-01 08:38:42,4624,9,5410,An account was successfully logged on. Logon Type: 2 Interactive.,0,Benign
2026-02-26 09:23:11,4624,10,6524,An account was successfully logged on. New Logon: Account Name: jdoe Account Domain: CORP Logon ID: 0x1A2B3C.,0,Benign
2026-02-24 16:43:42,4625,11,6345,An account failed to log on. Failure Reason: Unknown user name or bad password. Status: 0xC000006D Sub Status: 0xC000006A.,0,Benign
2026-02-23 14:29:57,4624,10,9808,An account was successfully logged on. New Logon: Account Name: jdoe Account Domain: CORP Logon ID: 0x1A2B3C.,0,Benign
2026-02-26 09:53:51,4624,7,1444,An account was successfully logged on. Subject: Security ID: S-1-5-18 Account Name: SYSTEM Account Domain: NT AUTHORITY Logon ID: 0x3E7 Logon Type: 5.,1,Benign
2026-02-27 12:29:42,4624,5,4175,An account was successfully logged on. Subject: Security ID: S-1-5-18 Account Name: SYSTEM Account Domain: NT AUTHORITY Logon ID: 0x3E7 Logon Type: 5.,0,Benign
2026-02-26 09:22:47,4648,3,6607,A logon was attempted using explicit credentials. Process: C:\Windows\System32\runas.exe.,0,Benign
2026-02-23 14:09:42,4625,11,4085,An account failed to log on. Subject: Security ID: S-1-0-0 Account Name: - Account Domain: - Logon Type: 3.,0,Benign
2026-02-26 11:50:55,4688,12,5861,A new process has been created. New Process Name: C:\Windows\System32\cmd.exe Command Line: cmd.exe /c dir.,0,Benign
2026-02-28 16:13:43,4624,7,2731,An account was successfully logged on. Logon Type: 2 Interactive.,0,Benign
2026-02-28 17:50:43,4624,10,8340,An account was successfully logged on. Logon Type: 2 Interactive.,0,Benign
2026-02-27 19:38:01,4624,7,4614,An account was successfully logged on. Logon Type: 10 Remote Desktop Services.,0,Benign
2026-02-24 12:12:58,4672,10,7838,Special privileges assigned to new logon. Subject: Security ID: S-1-5-21-1234567890 Account Name: Administrator Privileges: SeDebugPrivilege.,0,Benign
