2026-02-28 07:07:09,4688,7,8233,A new process has been created. New Process Name: C:\Windows\System32\svchost.exe Creator Process Name: C:\Windows\System32\services.exe.,0,Benign
2026-02-24 18:46:23,4624,5,8042,An account was successfully logged on. Logon Type: 2 Interactive.,0,Benign
2026-02-23 14:05:14,4625,7,5658,An account failed to log on. Logon Type: 10 Remote Desktop Services.,0,Benign
2026-02-27 00:21:01,4625,5,2867,An account failed to log on. Logon Type: 10 Remote Desktop Services.,0,Benign
2026-02-24 09:20:02,4624,5,3822,An account was successfully logged on. Logon Type: 2 Interactive.,0,Benign
2026-02-27 05:38:21,4624,2,4321,An account was successfully logged on. Logon Type: 10 Remote Desktop Services.,0,Benign
2026-03-01 20:57:14,4688,8,9998,A new process has been created. New Process Name: C:\Program Files\Google\Chrome\chrome.exe Command Line: chrome.exe --type=renderer.,0,Benign
2026-02-23 01:29:59,4648,10,8060,A logon was attempted using explicit credentials. Target Server: localhost Target User: admin.,0,Benign
2026-02-27 20:46:24,4624,11,6124,An account was successfully logged on. Subject: Security ID: S-1-5-21-1234567890 Account Name: Administrator Account Domain: CORP Logon Type: 3.,0,Benign
2026-02-28 10:27:25,4624,9,8422,An account was successfully logged on. New Logon: Account Name: jdoe Account Domain: CORP Logon ID: 0x1A2B3C.,0,Benign
2026-02-24 11:13:50,4648,10,8835,A logon was attempted using explicit credentials. Process: C:\Windows\System32\runas.exe.,0,Benign
2026-02-25 14:25:27,4688,5,9027,A new process has been created. New Process Name: C:\Program Files\Google\Chrome\chrome.exe Command Line: chrome.exe --type=renderer.,0,Benign
2026-02-27 14:32:42,4624,10,4106,An account was successfully logged on. New Logon: Account Name: jdoe Account Domain: CORP Logon ID: 0x1A2B3C.,0,Benign
2026-02-26 18:23:39,4625,3,4721,An account failed to log on. Failure Reason: Account locked out.,0,Benign
2026-02-26 15:15:41,4624,12,3313,An account was successfully logged on. New Logon: Account Name: jdoe Account Domain: CORP Logon ID: 0x1A2B3C.,0,Benign
2026-02-28 18:45:46,4624,9,7556,An account was successfully logged on. New Logon: Account Name: jdoe Account Domain: CORP Logon ID: 0x1A2B3C.,0,Benign
2026-03-01 10:39:42,4624,12,4568,An account was successfully logged on. Logon Type: 10 Remote Desktop Services.,0,Benign
2026-03-01 12:17:09,4648,7,4363,A logon was attempted using explicit credentials. Target Server: DC01 Target User: backup_svc.,0,Benign
2026-03-01 14:51:52,4648,2,7942,A logon was attempted using explicit credentials. Process: C:\Windows\System32\runas.exe.,0,Benign
2026-02-23 14:45:39,4624,2,9241,An account was successfully logged on. Logon Type: 2 Interactive.,0,Benign
2026-02-23 14:05:45,4624,11,7756,An account was successfully logged on. Logon Type: 10 Remote Desktop Services.,0,Benign
2026-02-27 21:15:42,4625,11,7493,An account failed to log on. Failure Reason: Account locked out.,0,Benign
2026-02-27 09:32:14,4624,7,3328,An account was successfully logged on. Logon Type: 10 Remote Desktop Services.,0,Benign
2026-02-27 08:41:44,4624,8,648,An account was successfully logged on. New Logon: Account Name: jdoe Account Domain: CORP Logon ID: 0x1A2B3C.,0,Benign
2026-02-26 10:38:49,4648,5,2120,A logon was attempted using explicit credentials. Target Server: DC01 Target User: backup_svc.,0,Benign
2026-02-24 03:28:44,4720,9,675,A user account was created. New Account Name: svc_backup New Account Domain: CORP.,0,Benign
2026-02-23 15:14:56,4634,8,6412,An account was logged off. Logon Type: 3.,0,Benign
2026-02-28 09:50:40,4625,8,8122,An account failed to log on. Failure Reason: Unknown user name or bad password. Status: 0xC000006D Sub Status: 0xC000006A.,0,Benign
2026-02-23 12:11:47,4672,10,7937,Special privileges assigned to new logon. Account Name: SYSTEM Privileges: SeBackupPrivilege SeRestorePrivilege.,0,Benign
2026-03-01 11:43:44,4625,7,3712,An account failed to log on. Logon Type: 10 Remote Desktop Services.,0,Benign
2026-02-26 20:29:03,4625,9,5998,An account failed to log on. Failure Reason: Account locked out.,0,Benign
2026-02-24 09:46:55,4688,12,7264,A new process has been created. New Process Name: C:\Windows\System32\taskhostw.exe.,0,Benign
2026-02-26 11:09:50,4688,2,9085,A new process has been created. New Process Name: C:\Windows\System32\notepad.exe.,0,Benign
2026-02-25 15:30:51,4624,5,5967,An account was successfully logged on. Subject: Security ID: S-1-5-21-1234567890 Account Name: Administrator Account Domain: CORP Logon Type: 3.,0,Benign
2026-02-25 08:05:34,4634,8,617,An account was logged off. Logon Type: 3.,0,Benign
2026-02-25 10:21:16,4672,9,8509,Special privileges assigned to new logon. Subject: Security ID: S-1-5-18 Privileges: SeAssignPrimaryTokenPrivilege SeTcbPrivilege SeSecurityPrivilege.,0,Benign
2026-02-26 06:07:06,4625,11,337,An account failed to log on. Failure Reason: Unknown user name or bad password. Status: 0xC000006D Sub Status: 0xC000006A.,0,Benign
2026-02-23 11:43:42,4648,7,9449,A logon was attempted using explicit credentials. Target Server: DC01 Target User: backup_svc.,0,Benign
2026-02-24 12:19:23,4624,12,1769,An account was successfully logged on. Subject: Security ID: S-1-5-18 Account Name: SYSTEM Account Domain: NT AUTHORITY Logon ID: 0x3E7 Logon Type: 5.,0,Benign
2026-02-26 19:04:32,4624,9,9410,An account was successfully logged on. New Logon: Account Name: jdoe Account Domain: CORP Logon ID: 0x1A2B3C.,0,Benign
2026-02-27 16:28:19,4625,8,7110,An account failed to log on. Logon Type: 10 Remote Desktop Services.,0,Benign
2026-02-27 12:24:31,4624,9,613,An account was successfully logged on. Logon Type: 10 Remote Desktop Services.,0,Benign
2026-02-25 14:06:26,4624,8,8102,An account was successfully logged on. Subject: Security ID: S-1-5-18 Account Name: SYSTEM Account Domain: NT AUTHORITY Logon ID: 0x3E7 Logon Type: 5.,0,Benign
2026-03-01 19:59:14,4624,7,3324,An account was successfully logged on. Logon Type: 2 Interactive.,0,Benign
2026-02-28 17:11:43,4625,10,3278,An account failed to log on. Failure Reason: Unknown user name or bad password. Status: 0xC000006D Sub Status: 0xC000006A.,0,Benign
2026-02-23 11:35:14,4624,8,7611,An account was successfully logged on. New Logon: Account Name: jdoe Account Domain: CORP Logon ID: 0x1A2B3C.,0,Benign
2026-02-27 09:56:00,4624,9,5377,An account was successfully logged on. New Logon: Account Name: jdoe Account Domain: CORP Logon ID: 0x1A2B3C.,0,Benign
2026-02-28 16:19:32,4624,12,2480,An account was successfully logged on. Logon Type: 10 Remote Desktop Services.,0,Benign
2026-03-01 04:54:46,4688,7,7963,A new process has been created. New Process Name: C:\Windows\System32\wbem\WMIC.exe.,1,T1047
2026-02-23 10:27:33,4634,5,2693,An account was logged off. Subject: Security ID: S-1-5-21-1234567890 Account Name: jdoe.,0,Benign
2026-02-28 02:57:25,4672,5,637,Special privileges assigned to new logon. Account Name: SYSTEM Privileges: SeBackupPrivilege SeRestorePrivilege.,0,Benign
2026-02-24 17:26:45,4634,7,453,An account was logged off. Logon Type: 2 Interactive.,0,Benign
2026-02-23 15:14:52,4625,12,1491,An account failed to log on. Account Name: administrator Source Network Address: 192.168.1.50.,0,Benign
2026-02-28 12:52:00,4648,3,4896,A logon was attempted using explicit credentials. Process: C:\Windows\System32\runas.exe.,0,Benign
2026-03-01 13:56:17,4625,12,1263,An account failed to log on. Failure Reason: Unknown user name or bad password. Status: 0xC000006D Sub Status: 0xC000006A.,0,Benign
2026-02-27 09:19:07,4648,5,456,A logon was attempted using explicit credentials. Target Server: DC01 Target User: backup_svc.,0,Benign
2026-02-27 17:14:37,4634,7,5596,An account was logged off. Subject: Security ID: S-1-5-21-1234567890 Account Name: jdoe.,0,Benign
2026-02-23 16:16:46,4624,7,8040,An account was successfully logged on. Logon Type: 2 Interactive.,0,Benign
2026-02-23 17:17:15,4624,10,1439,An account was successfully logged on. New Logon: Account Name: jdoe Account Domain: CORP Logon ID: 0x1A2B3C.,0,Benign
2026-02-27 12:32:53,4624,10,920,An account was successfully logged on. Subject: Security ID: S-1-5-18 Account Name: SYSTEM Account Domain: NT AUTHORITY Logon ID: 0x3E7 Logon Type: 5.,0,Benign
2026-02-24 11:23:52,4634,5,5456,An account was logged off. Logon Type: 3.,0,Benign
2026-02-26 09:08:13,4624,11,9493,An account was successfully logged on. Subject: Security ID: S-1-5-18 Account Name: SYSTEM Account Domain: NT AUTHORITY Logon ID: 0x3E7 Logon Type: 5.,0,Benign
2026-03-01 09:27:35,4624,7,8744,An account was successfully logged on. Subject: Security ID: S-1-5-21-1234567890 Account Name: Administrator Account Domain: CORP Logon Type: 3.,0,Benign
2026-03-01 14:49:20,4624,3,331,An account was successfully logged on. New Logon: Account Name: jdoe Account Domain: CORP Logon ID: 0x1A2B3C.,0,Benign
2026-03-01 13:43:28,4688,12,5778,A new process has been created. New Process Name: C:\Windows\System32\taskhostw.exe.,0,Benign
2026-02-26 13:59:21,4624,8,8342,An account was successfully logged on. Logon Type: 10 Remote Desktop Services.,0,Benign
2026-02-25 12:20:03,4732,7,9830,A member was added to a security-enabled local group. Member Name: svc_backup Group Name: Backup Operators.,0,Benign
2026-02-24 09:02:30,4624,9,2944,An account was successfully logged on. Subject: Security ID: S-1-5-18 Account Name: SYSTEM Account Domain: NT AUTHORITY Logon ID: 0x3E7 Logon Type: 5.,0,Benign
2026-02-24 11:22:25,4624,11,7367,An account was successfully logged on. Logon Type: 10 Remote Desktop Services.,0,Benign
2026-02-28 12:29:24,4634,10,9693,An account was logged off. Logon Type: 3.,0,Benign
2026-02-26 17:44:03,4688,9,7025,A new process has been created. New Process Name: C:\Windows\System32\cmd.exe Command Line: cmd.exe /c dir.,0,Benign
2026-02-26 14:04:16,4624,3,7681,An account was successfully logged on. Logon Type: 10 Remote Desktop Services.,0,Benign
2026-02-25 08:54:08,4624,5,385,An account was successfully logged on. Logon Type: 2 Interactive.,0,Benign
2026-02-25 23:19:36,4624,3,938,An account was successfully logged on. Subject: Security ID: S-1-5-18 Account Name: SYSTEM Account Domain: NT AUTHORITY Logon ID: 0x3E7 Logon Type: 5.,0,Benign
2026-03-01 15:40:38,4688,2,5426,A new process has been created. New Process Name: C:\Windows\System32\notepad.exe.,0,Benign
2026-02-24 15:20:56,4624,7,9004,An account was successfully logged on. Subject: Security ID: S-1-5-18 Account Name: SYSTEM Account Domain: NT AUTHORITY Logon ID: 0x3E7 Logon Type: 5.,0,Benign
2026-02-27 08:42:03,4634,8,3424,An account was logged off. Subject: Security ID: S-1-5-21-1234567890 Account Name: jdoe.,0,Benign
2026-02-26 12:52:19,4634,10,7133,An account was logged off. Logon Type: 3.,0,Benign
2026-02-23 15:09:43,4672,7,6567,Special privileges assigned to new logon. Account Name: SYSTEM Privileges: SeBackupPrivilege SeRestorePrivilege.,0,Benign
2026-02-28 16:24:50,4624,7,4693,An account was successfully logged on. Subject: Security ID: S-1-5-21-1234567890 Account Name: Administrator Account Domain: CORP Logon Type: 3.,0,Benign
2026-02-26 08:01:57,4624,10,2205,An account was successfully logged on. Logon Type: 2 Interactive.,0,Benign
2026-02-25 11:28:11,4688,5,487,A new process has been created. New Process Name: C:\Program Files\Google\Chrome\chrome.exe Command Line: chrome.exe --type=renderer.,0,Benign
2026-02-27 12:09:24,4624,12,6095,An account was successfully logged on. New Logon: Account Name: jdoe Account Domain: CORP Logon ID: 0x1A2B3C.,0,Benign
2026-02-28 12:12:12,4648,7,1146,A logon was attempted using explicit credentials. Target Server: DC01 Target User: backup_svc.,0,Benign
2026-02-26 11:38:06,4672,7,8876,Special privileges assigned to new logon. Subject: Security ID: S-1-5-21-1234567890 Account Name: Administrator Privileges: SeDebugPrivilege.,0,Benign
2026-02-23 12:43:40,4634,5,1213,An account was logged off. Logon Type: 2 Interactive.,0,Benign
2026-03-01 15:52:16,4625,7,7695,An account failed to log on. Failure Reason: Account locked out.,0,Benign
2026-02-24 08:51:08,4688,2,644,A new process has been created. New Process Name: C:\Program Files\Google\Chrome\chrome.exe Command Line: chrome.exe --type=renderer.,0,Benign
2026-03-01 20:56:45,4688,8,9633,A new process has been created. New Process Name: C:\Windows\System32\svchost.exe Creator Process Name: C:\Windows\System32\services.exe.,0,Benign
2026-02-27 16:56:03,4688,10,5710,A new process has been created. New Process Name: C:\Windows\System32\taskhostw.exe.,0,Benign
2026-02-27 15:33:31,4688,12,3344,A new process has been created. New Process Name: C:\Program Files\Google\Chrome\chrome.exe Command Line: chrome.exe --type=renderer.,0,Benign
2026-02-28 16:06:27,4625,5,5872,An account failed to log on. Failure Reason: Unknown user name or bad password. Status: 0xC000006D Sub Status: 0xC000006A.,0,Benign
2026-02-26 13:32:17,4672,9,9887,Special privileges assigned to new logon. Account Name: SYSTEM Privileges: SeBackupPrivilege SeRestorePrivilege.,0,Benign
2026-02-24 09:16:24,4732,8,1234,A member was added to a security-enabled local group. Member Name: tempuser Group Name: Administrators.,0,Benign
2026-02-24 11:05:35,4688,8,7613,A new process has been created. New Process Name: C:\Windows\System32\cmd.exe Command Line: cmd.exe /c dir.,0,Benign
2026-02-28 14:22:54,4624,10,114,An account was successfully logged on. Logon Type: 2 Interactive.,1,Benign
2026-02-24 10:14:09,4625,12,735,An account failed to log on. Failure Reason: Account locked out.,0,Benign
2026-02-27 08:21:27,4688,9,5710,A new process has been created. New Process Name: C:\Windows\System32\taskhostw.exe.,0,Benign
2026-02-28 11:39:28,4672,10,2662,Special privileges assigned to new logon. Subject: Security ID: S-1-5-18 Privileges: SeAssignPrimaryTokenPrivilege SeTcbPrivilege SeSecurityPrivilege.,0,Benign
2026-02-24 03:31:19,4624,3,8378,An account was successfully logged on. Subject: Security ID: S-1-5-21-1234567890 Account Name: Administrator Account Domain: CORP Logon Type: 3.,0,Benign
2026-02-25 11:49:54,4625,5,8841,An account failed to log on. Failure Reason: Account locked out.,0,Benign
2026-03-01 12:48:29,4688,10,5879,A new process has been created. New Process Name: C:\Windows\System32\notepad.exe.,0,Benign
2026-03-01 02:20:49,4625,10,8346,An account failed to log on. Logon Type: 10 Remote Desktop Services.,0,Benign
2026-02-23 17:28:37,4624,2,7805,An account was successfully logged on. New Logon: Account Name: jdoe Account Domain: CORP Logon ID: 0x1A2B3C.,0,Benign
2026-02-27 17:40:20,4624,3,2471,An account was successfully logged on. Subject: Security ID: S-1-5-18 Account Name: SYSTEM Account Domain: NT AUTHORITY Logon ID: 0x3E7 Logon Type: 5.,0,Benign
2026-02-27 10:54:13,4624,2,9924,An account was successfully logged on. New Logon: Account Name: jdoe Account Domain: CORP Logon ID: 0x1A2B3C.,0,Benign
2026-03-01 10:52:43,4624,7,6360,An account was successfully logged on. New Logon: Account Name: jdoe Account Domain: CORP Logon ID: 0x1A2B3C.,0,Benign
2026-02-26 13:49:36,4624,5,6270,An account was successfully logged on. New Logon: Account Name: jdoe Account Domain: CORP Logon ID: 0x1A2B3C.,0,Benign
2026-03-01 14:51:19,4624,3,1720,An account was successfully logged on. Subject: Security ID: S-1-5-21-1234567890 Account Name: Administrator Account Domain: CORP Logon Type: 3.,0,Benign
2026-02-26 13:45:51,4648,9,4724,A logon was attempted using explicit credentials. Process: C:\Windows\System32\runas.exe.,0,Benign
2026-02-28 17:13:17,4624,11,2803,An account was successfully logged on. Subject: Security ID: S-1-5-18 Account Name: SYSTEM Account Domain: NT AUTHORITY Logon ID: 0x3E7 Logon Type: 5.,0,Benign
2026-02-23 01:14:28,4648,9,8544,A logon was attempted using explicit credentials. Process: C:\Windows\System32\runas.exe.,0,Benign
2026-02-26 12:37:06,4672,5,6356,Special privileges assigned to new logon. Account Name: SYSTEM Privileges: SeBackupPrivilege SeRestorePrivilege.,0,Benign
2026-02-24 13:22:20,4624,12,3335,An account was successfully logged on. Subject: Security ID: S-1-5-21-1234567890 Account Name: Administrator Account Domain: CORP Logon Type: 3.,0,Benign
2026-02-28 13:08:22,4624,7,4983,An account was successfully logged on. Subject: Security ID: S-1-5-18 Account Name: SYSTEM Account Domain: NT AUTHORITY Logon ID: 0x3E7 Logon Type: 5.,0,Benign
2026-02-27 14:12:44,4625,9,3693,An account failed to log on. Account Name: administrator Source Network Address: 192.168.1.50.,0,Benign
2026-02-24 11:27:29,4625,8,8133,An account failed to log on. Failure Reason: Unknown user name or bad password. Status: 0xC000006D Sub Status: 0xC000006A.,0,Benign
2026-02-25 09:36:40,4688,8,7496,A new process has been created. New Process Name: C:\Windows\System32\cmd.exe Command Line: cmd.exe /c dir.,0,Benign
2026-03-01 12:29:21,4688,3,670,A new process has been created. New Process Name: C:\Program Files\Google\Chrome\chrome.exe Command Line: chrome.exe --type=renderer.,0,Benign
2026-02-26 11:03:31,4625,7,8261,An account failed to log on. Subject: Security ID: S-1-0-0 Account Name: - Account Domain: - Logon Type: 3.,0,Benign
2026-03-01 11:17:39,4625,8,7272,An account failed to log on. Subject: Security ID: S-1-0-0 Account Name: - Account Domain: - Logon Type: 3.,0,Benign
2026-02-27 15:55:53,4648,2,2362,A logon was attempted using explicit credentials. Process: C:\Windows\System32\runas.exe.,0,Benign
2026-03-01 17:41:59,4688,10,5717,A new process has been created. New Process Name: C:\Windows\System32\notepad.exe.,0,Benign
2026-03-01 16:52:28,4624,5,7607,An account was successfully logged on. Subject: Security ID: S-1-5-18 Account Name: SYSTEM Account Domain: NT AUTHORITY Logon ID: 0x3E7 Logon Type: 5.,0,Benign
2026-03-01 10:20:31,4625,12,2538,An account failed to log on. Subject: Security ID: S-1-0-0 Account Name: - Account Domain: - Logon Type: 3.,0,Benign
2026-02-23 09:16:14,4624,3,9012,An account was successfully logged on. Subject: Security ID: S-1-5-21-1234567890 Account Name: Administrator Account Domain: CORP Logon Type: 3.,0,Benign
2026-02-28 04:49:01,4625,9,1483,An account failed to log on. Failure Reason: Unknown user name or bad password. Status: 0xC000006D Sub Status: 0xC000006A.,0,Benign
2026-02-24 03:52:34,4624,12,2682,An account was successfully logged on. New Logon: Account Name: jdoe Account Domain: CORP Logon ID: 0x1A2B3C.,0,Benign
2026-02-23 16:10:50,4624,2,2518,An account was successfully logged on. Logon Type: 2 Interactive.,0,Benign
2026-02-26 11:29:08,4624,8,6350,An account was successfully logged on. Logon Type: 10 Remote Desktop Services.,0,Benign
2026-02-25 08:08:05,4624,10,4030,An account was successfully logged on. Logon Type: 2 Interactive.,0,Benign
2026-02-25 12:25:29,4624,8,7775,An account was successfully logged on. Logon Type: 2 Interactive.,0,Benign
2026-02-27 09:56:47,4624,5,1115,An account was successfully logged on. New Logon: Account Name: jdoe Account Domain: CORP Logon ID: 0x1A2B3C.,0,Benign
2026-02-27 10:08:18,4688,3,3409,A new process has been created. New Process Name: C:\Windows\System32\notepad.exe.,0,Benign
2026-02-25 12:24:08,4624,9,808,An account was successfully logged on. New Logon: Account Name: jdoe Account Domain: CORP Logon ID: 0x1A2B3C.,0,Benign
2026-02-24 16:25:07,4732,3,1428,A member was added to a security-enabled local group. Member Name: jdoe Group Name: Remote Desktop Users.,0,Benign
2026-02-27 14:26:18,4688,9,1041,A new process has been created. New Process Name: C:\Program Files\Google\Chrome\chrome.exe Command Line: chrome.exe --type=renderer.,0,Benign
2026-02-28 08:37:20,4625,10,1157,An account failed to log on. Subject: Security ID: S-1-0-0 Account Name: - Account Domain: - Logon Type: 3.,0,Benign
2026-02-24 16:53:26,4624,5,6469,An account was successfully logged on. Logon Type: 2 Interactive.,0,Benign
2026-02-23 17:48:40,4625,3,2721,An account failed to log on. Subject: Security ID: S-1-0-0 Account Name: - Account Domain: - Logon Type: 3.,0,Benign
2026-02-25 11:08:36,4624,12,1453,An account was successfully logged on. Logon Type: 2 Interactive.,0,Benign
2026-02-25 09:33:59,4634,3,9694,An account was logged off. Logon Type: 3.,0,Benign
2026-02-24 14:52:55,4624,10,3658,An account was successfully logged on. Logon Type: 2 Interactive.,0,Benign
2026-02-24 14:23:29,4624,10,5136,An account was successfully logged on. Subject: Security ID: S-1-5-21-1234567890 Account Name: Administrator Account Domain: CORP Logon Type: 3.,0,Benign
2026-02-26 20:04:40,4624,5,8500,An account was successfully logged on. Subject: Security ID: S-1-5-18 Account Name: SYSTEM Account Domain: NT AUTHORITY Logon ID: 0x3E7 Logon Type: 5.,0,Benign
2026-02-23 00:31:37,4648,3,5979,A logon was attempted using explicit credentials. Target Server: DC01 Target User: backup_svc.,0,Benign
2026-02-24 13:00:10,4624,10,8235,An account was successfully logged on. Subject: Security ID: S-1-5-18 Account Name: SYSTEM Account Domain: NT AUTHORITY Logon ID: 0x3E7 Logon Type: 5.,0,Benign
2026-02-24 14:24:52,4624,5,9229,An account was successfully logged on. New Logon: Account Name: jdoe Account Domain: CORP Logon ID: 0x1A2B3C.,0,Benign
2026-02-27 16:32:22,4688,5,4331,A new process has been created. New Process Name: C:\Windows\System32\taskhostw.exe.,0,Benign
2026-02-28 12:54:14,4624,11,7319,An account was successfully logged on. Subject: Security ID: S-1-5-21-1234567890 Account Name: Administrator Account Domain: CORP Logon Type: 3.,0,Benign
2026-03-01 13:49:10,4624,2,2379,An account was successfully logged on. New Logon: Account Name: jdoe Account Domain: CORP Logon ID: 0x1A2B3C.,0,Benign
2026-02-25 17:43:49,4624,11,415,An account was successfully logged on. Subject: Security ID: S-1-5-21-1234567890 Account Name: Administrator Account Domain: CORP Logon Type: 3.,0,Benign
2026-02-25 05:22:23,4624,8,786,An account was successfully logged on. Subject: Security ID: S-1-5-21-1234567890 Account Name: Administrator Account Domain: CORP Logon Type: 3.,0,Benign
2026-02-27 13:17:42,4624,9,6227,An account was successfully logged on. Logon Type: 10 Remote Desktop Services.,0,Benign
2026-02-25 15:13:16,4672,2,6239,Special privileges assigned to new logon. Account Name: SYSTEM Privileges: SeBackupPrivilege SeRestorePrivilege.,0,Benign
2026-02-28 08:25:57,4625,5,3708,An account failed to log on. Logon Type: 10 Remote Desktop Services.,0,Benign
2026-02-23 09:15:16,4732,11,4775,A member was added to a security-enabled local group. Member Name: tempuser Group Name: Administrators.,0,Benign
2026-02-25 04:12:30,4625,12,2863,An account failed to log on. Account Name: administrator Source Network Address: 192.168.1.50.,0,Benign
2026-02-23 11:47:04,4624,11,6753,An account was successfully logged on. Logon Type: 10 Remote Desktop Services.,0,Benign
2026-02-28 14:41:40,4624,10,3727,An account was successfully logged on. Subject: Security ID: S-1-5-21-1234567890 Account Name: Administrator Account Domain: CORP Logon Type: 3.,0,Benign
2026-02-24 17:23:27,4625,2,2866,An account failed to log on. Account Name: administrator Source Network Address: 192.168.1.50.,0,Benign
2026-02-23 14:13:49,4624,10,1749,An account was successfully logged on. Logon Type: 2 Interactive.,0,Benign
2026-02-26 09:18:17,4648,11,3728,A logon was attempted using explicit credentials. Target Server: DC01 Target User: backup_svc.,0,Benign
2026-02-28 12:24:53,4648,10,3697,A logon was attempted using explicit credentials. Target Server: localhost Target User: admin.,0,Benign
2026-02-26 12:25:28,4634,10,8425,An account was logged off. Subject: Security ID: S-1-5-21-1234567890 Account Name: jdoe.,0,Benign
2026-03-01 17:55:52,4688,12,8933,A new process has been created. New Process Name: C:\Windows\System32\notepad.exe.,0,Benign
2026-02-26 12:07:14,4624,9,6094,An account was successfully logged on. Logon Type: 10 Remote Desktop Services.,0,Benign
2026-02-24 09:49:35,4624,8,7983,An account was successfully logged on. Subject: Security ID: S-1-5-21-1234567890 Account Name: Administrator Account Domain: CORP Logon Type: 3.,0,Benign
2026-02-26 10:37:50,4720,3,2400,A user account was created. New Account Name: svc_backup New Account Domain: CORP.,0,Benign
2026-02-24 07:24:43,4648,5,8976,A logon was attempted using explicit credentials. Target Server: localhost Target User: admin.,0,Benign
2026-02-26 13:05:45,4634,3,5940,An account was logged off. Logon Type: 2 Interactive.,0,Benign
2026-03-01 17:33:51,4648,9,3858,A logon was attempted using explicit credentials. Process: C:\Windows\System32\runas.exe.,0,Benign
2026-02-27 15:27:14,4688,2,8946,A new process has been created. New Process Name: C:\Program Files\Google\Chrome\chrome.exe Command Line: chrome.exe --type=renderer.,0,Benign
2026-02-24 13:11:33,4672,11,3014,Special privileges assigned to new logon. Subject: Security ID: S-1-5-21-1234567890 Account Name: Administrator Privileges: SeDebugPrivilege.,0,Benign
2026-02-25 13:13:21,4688,5,916,A new process has been created. New Process Name: C:\Windows\System32\taskhostw.exe.,0,Benign
2026-02-28 12:05:33,4624,11,8297,An account was successfully logged on. Logon Type: 10 Remote Desktop Services.,0,Benign
2026-02-27 13:41:30,4732,12,4379,A member was added to a security-enabled local group. Member Name: tempuser Group Name: Administrators.,0,Benign
2026-02-26 17:03:46,4624,12,7049,An account was successfully logged on. Logon Type: 10 Remote Desktop Services.,0,Benign
2026-03-01 08:15:03,4672,5,4857,Special privileges assigned to new logon. Subject: Security ID: S-1-5-21-1234567890 Account Name: Administrator Privileges: SeDebugPrivilege.,0,Benign
2026-02-26 15:29:02,4688,9,6372,A new process has been created. New Process Name: C:\Program Files\Google\Chrome\chrome.exe Command Line: chrome.exe --type=renderer.,0,Benign
2026-02-25 15:20:17,4625,7,8613,An account failed to log on. Subject: Security ID: S-1-0-0 Account Name: - Account Domain: - Logon Type: 3.,0,Benign
2026-02-28 05:55:58,4648,5,4577,A logon was attempted using explicit credentials. Process: C:\Windows\System32\runas.exe.,0,Benign
2026-02-23 14:46:41,4688,10,6700,A new process has been created. New Process Name: C:\Windows\System32\svchost.exe Creator Process Name: C:\Windows\System32\services.exe.,0,Benign
2026-02-27 20:33:08,4624,11,1014,An account was successfully logged on. New Logon: Account Name: jdoe Account Domain: CORP Logon ID: 0x1A2B3C.,0,Benign
2026-02-24 12:22:12,4624,3,4595,An account was successfully logged on. Logon Type: 10 Remote Desktop Services.,1,Benign
2026-02-24 14:46:35,4648,3,4930,A logon was attempted using explicit credentials. Target Server: localhost Target User: admin.,0,Benign
2026-02-27 08:20:44,4688,7,434,A new process has been created. New Process Name: C:\Windows\System32\notepad.exe.,0,Benign
2026-02-23 16:11:00,4688,5,7188,A new process has been created. New Process Name: C:\Windows\System32\taskhostw.exe.,0,Benign
2026-02-24 17:15:31,4624,10,1715,An account was successfully logged on. Logon Type: 10 Remote Desktop Services.,0,Benign
2026-02-24 08:19:04,4625,12,2997,An account failed to log on. Subject: Security ID: S-1-0-0 Account Name: - Account Domain: - Logon Type: 3.,0,Benign
2026-02-23 00:53:24,4624,7,7638,An account was successfully logged on. New Logon: Account Name: jdoe Account Domain: CORP Logon ID: 0x1A2B3C.,0,Benign
2026-02-23 12:28:05,4648,10,6329,A logon was attempted using explicit credentials. Target Server: localhost Target User: admin.,0,Benign
2026-03-01 14:38:52,4625,5,7026,An account failed to log on. Logon Type: 10 Remote Desktop Services.,0,Benign
2026-02-28 22:26:26,4624,2,9559,An account was successfully logged on. Subject: Security ID: S-1-5-18 Account Name: SYSTEM Account Domain: NT AUTHORITY Logon ID: 0x3E7 Logon Type: 5.,0,Benign
2026-02-24 14:01:15,4624,3,1519,An account was successfully logged on. Subject: Security ID: S-1-5-18 Account Name: SYSTEM Account Domain: NT AUTHORITY Logon ID: 0x3E7 Logon Type: 5.,0,Benign
2026-02-24 17:23:15,4672,10,6193,Special privileges assigned to new logon. Account Name: SYSTEM Privileges: SeBackupPrivilege SeRestorePrivilege.,0,Benign
2026-02-25 16:37:40,4672,11,3800,Special privileges assigned to new logon. Subject: Security ID: S-1-5-18 Privileges: SeAssignPrimaryTokenPrivilege SeTcbPrivilege SeSecurityPrivilege.,0,Benign
2026-02-25 11:30:25,4634,11,7263,An account was logged off. Logon Type: 2 Interactive.,0,Benign
2026-02-26 09:07:44,4688,8,5746,A new process has been created. New Process Name: C:\Windows\System32\svchost.exe Creator Process Name: C:\Windows\System32\services.exe.,0,Benign
2026-02-27 08:42:16,4625,7,9597,An account failed to log on. Failure Reason: Unknown user name or bad password. Status: 0xC000006D Sub Status: 0xC000006A.,0,Benign
2026-02-24 09:17:56,4634,8,1743,An account was logged off. Subject: Security ID: S-1-5-21-1234567890 Account Name: jdoe.,0,Benign
2026-02-27 12:59:53,4624,8,3562,An account was successfully logged on. Logon Type: 2 Interactive.,0,Benign
2026-02-27 08:04:49,4648,8,7328,A logon was attempted using explicit credentials. Target Server: DC01 Target User: backup_svc.,0,Benign
2026-02-24 14:59:03,4624,7,9384,An account was successfully logged on. New Logon: Account Name: jdoe Account Domain: CORP Logon ID: 0x1A2B3C.,0,Benign
2026-02-24 05:24:28,4624,12,6327,An account was successfully logged on. Logon Type: 10 Remote Desktop Services.,0,Benign
2026-03-01 13:01:08,4624,9,3131,An account was successfully logged on. Logon Type: 2 Interactive.,0,Benign
2026-03-01 13:03:14,4688,9,3058,A new process has been created. New Process Name: C:\Program Files\Google\Chrome\chrome.exe Command Line: chrome.exe --type=renderer.,0,Benign
2026-02-25 18:20:30,4720,10,1919,A member was added to a security-enabled local group. Member Name: backdoor Group Name: Administrators.,1,T1078
2026-02-24 15:45:06,4688,12,2441,A new process has been created. New Process Name: C:\Windows\System32\notepad.exe.,0,Benign
2026-02-24 13:44:44,4624,7,9610,An account was successfully logged on. Subject: Security ID: S-1-5-18 Account Name: SYSTEM Account Domain: NT AUTHORITY Logon ID: 0x3E7 Logon Type: 5.,0,Benign
2026-02-24 16:22:12,4672,3,3040,Special privileges assigned to new logon. Subject: Security ID: S-1-5-18 Privileges: SeAssignPrimaryTokenPrivilege SeTcbPrivilege SeSecurityPrivilege.,0,Benign
2026-02-26 16:34:04,4624,12,8847,An account was successfully logged on. Subject: Security ID: S-1-5-18 Account Name: SYSTEM Account Domain: NT AUTHORITY Logon ID: 0x3E7 Logon Type: 5.,0,Benign
2026-02-24 23:53:00,4625,8,4222,An account failed to log on. Failure Reason: Unknown user name or bad password. Status: 0xC000006D Sub Status: 0xC000006A.,0,Benign
2026-02-24 20:16:29,4634,12,2432,An account was logged off. Logon Type: 3.,0,Benign
2026-02-26 11:50:26,4624,12,372,An account was successfully logged on. Subject: Security ID: S-1-5-21-1234567890 Account Name: Administrator Account Domain: CORP Logon Type: 3.,0,Benign
2026-02-25 00:33:51,4732,7,5003,A member was added to a security-enabled local group. Member Name: svc_backup Group Name: Backup Operators.,0,Benign
2026-02-27 00:35:33,4634,3,9576,An account was logged off. Subject: Security ID: S-1-5-21-1234567890 Account Name: jdoe.,0,Benign
2026-02-23 14:31:56,4624,3,6541,An account was successfully logged on. Logon Type: 2 Interactive.,0,Benign
2026-02-26 08:31:02,4648,9,6066,A logon was attempted using explicit credentials. Process: C:\Windows\System32\runas.exe.,0,Benign
2026-02-24 09:22:44,4634,8,3204,An account was logged off. Logon Type: 3.,0,Benign
2026-02-26 23:59:35,4625,5,3007,An account failed to log on. Logon Type: 10 Remote Desktop Services.,0,Benign
2026-02-24 11:51:33,4720,12,7229,A user account was created. New Account Name: svc_backup New Account Domain: CORP.,0,Benign
2026-02-26 17:32:18,4624,10,6469,An account was successfully logged on. New Logon: Account Name: jdoe Account Domain: CORP Logon ID: 0x1A2B3C.,0,Benign
2026-02-25 23:32:51,4624,5,7748,An account was successfully logged on. Subject: Security ID: S-1-5-18 Account Name: SYSTEM Account Domain: NT AUTHORITY Logon ID: 0x3E7 Logon Type: 5.,0,Benign
2026-03-01 08:36:37,4688,10,6508,A new process has been created. New Process Name: C:\Program Files\Google\Chrome\chrome.exe Command Line: chrome.exe --type=renderer.,0,Benign
2026-02-25 17:58:56,4624,7,9714,An account was successfully logged on. New Logon: Account Name: jdoe Account Domain: CORP Logon ID: 0x1A2B3C.,0,Benign
2026-02-24 15:30:24,4624,3,1330,An account was successfully logged on. New Logon: Account Name: jdoe Account Domain: CORP Logon ID: 0x1A2B3C.,0,Benign
2026-02-24 11:24:14,4732,9,8132,A member was added to a security-enabled local group. Member Name: tempuser Group Name: Administrators.,0,Benign
2026-02-28 12:53:43,4624,7,3682,An account was successfully logged on. Subject: Security ID: S-1-5-18 Account Name: SYSTEM Account Domain: NT AUTHORITY Logon ID: 0x3E7 Logon Type: 5.,0,Benign
2026-03-01 09:43:03,4648,12,9833,A logon was attempted using explicit credentials. Target Server: localhost Target User: admin.,0,Benign
2026-02-25 17:38:59,4688,12,2001,A new process has been created. New Process Name: C:\Windows\System32\svchost.exe Creator Process Name: C:\Windows\System32\services.exe.,0,Benign
2026-02-26 11:48:49,4625,9,9515,An account failed to log on. Subject: Security ID: S-1-0-0 Account Name: - Account Domain: - Logon Type: 3.,0,Benign
2026-02-27 12:20:31,4648,2,8747,A logon was attempted using explicit credentials. Target Server: localhost Target User: admin.,0,Benign
2026-02-24 16:44:23,4625,11,4797,An account failed to log on. Failure Reason: Account locked out.,0,Benign
2026-02-27 10:41:05,4672,8,1195,Special privileges assigned to new logon. Account Name: SYSTEM Privileges: SeBackupPrivilege SeRestorePrivilege.,0,Benign
2026-02-27 10:10:46,4624,10,5917,An account was successfully logged on. New Logon: Account Name: jdoe Account Domain: CORP Logon ID: 0x1A2B3C.,0,Benign
2026-02-26 09:07:38,4648,8,4391,A logon was attempted using explicit credentials. Process: C:\Windows\System32\runas.exe.,0,Benign
2026-02-24 14:44:18,4720,2,8249,A user account was created. New Account Name: tempuser New Account Domain: CORP.,0,Benign
2026-03-01 12:45:50,4634,9,4177,An account was logged off. Logon Type: 2 Interactive.,0,Benign
2026-02-26 11:39:36,4624,8,434,An account was successfully logged on. Subject: Security ID: S-1-5-21-1234567890 Account Name: Administrator Account Domain: CORP Logon Type: 3.,0,Benign
2026-02-27 14:46:39,4625,9,7651,An account failed to log on. Failure Reason: Unknown user name or bad password. Status: 0xC000006D Sub Status: 0xC000006A.,0,Benign
2026-02-25 12:37:06,4624,9,6929,An account was successfully logged on. New Logon: Account Name: jdoe Account Domain: CORP Logon ID: 0x1A2B3C.,1,Benign
2026-02-28 12:50:32,4624,3,6912,An account was successfully logged on. New Logon: Account Name: jdoe Account Domain: CORP Logon ID: 0x1A2B3C.,0,Benign
2026-03-01 17:01:12,4624,2,6446,An account was successfully logged on. Logon Type: 10 Remote Desktop Services.,0,Benign
2026-02-27 09:23:59,4672,8,1195,Special privileges assigned to new logon. Account Name: SYSTEM Privileges: SeBackupPrivilege SeRestorePrivilege.,0,Benign
2026-02-26 15:54:01,4625,11,9868,An account failed to log on. Failure Reason: Unknown user name or bad password. Status: 0xC000006D Sub Status: 0xC000006A.,0,Benign
2026-02-24 11:17:11,4688,7,2940,A new process has been created. New Process Name: C:\Windows\System32\svchost.exe Creator Process Name: C:\Windows\System32\services.exe.,0,Benign
2026-02-25 11:46:22,4624,9,9754,An account was successfully logged on. Subject: Security ID: S-1-5-18 Account Name: SYSTEM Account Domain: NT AUTHORITY Logon ID: 0x3E7 Logon Type: 5.,0,Benign
2026-02-25 08:38:29,4624,7,941,An account was successfully logged on. Logon Type: 2 Interactive.,0,Benign
2026-02-23 15:00:43,4624,2,8597,An account was successfully logged on. Logon Type: 10 Remote Desktop Services.,0,Benign
2026-02-27 13:02:22,4624,10,9755,An account was successfully logged on. Subject: Security ID: S-1-5-18 Account Name: SYSTEM Account Domain: NT AUTHORITY Logon ID: 0x3E7 Logon Type: 5.,0,Benign
2026-02-24 09:40:19,4688,8,6628,A new process has been created. New Process Name: C:\Windows\System32\notepad.exe.,0,Benign
2026-02-24 12:53:02,4625,2,5516,An account failed to log on. Logon Type: 10 Remote Desktop Services.,0,Benign
2026-02-25 19:13:28,4624,7,3352,An account was successfully logged on. Subject: Security ID: S-1-5-18 Account Name: SYSTEM Account Domain: NT AUTHORITY Logon ID: 0x3E7 Logon Type: 5.,0,Benign
2026-02-27 15:29:28,4672,11,2126,Special privileges assigned to new logon. Account Name: SYSTEM Privileges: SeBackupPrivilege SeRestorePrivilege.,0,Benign
2026-02-23 09:41:02,4624,5,147,An account was successfully logged on. New Logon: Account Name: jdoe Account Domain: CORP Logon ID: 0x1A2B3C.,0,Benign
2026-03-01 14:09:23,4625,12,5148,An account failed to log on. Failure Reason: Account locked out.,0,Benign
2026-02-25 10:44:16,4624,9,1323,An account was successfully logged on. Subject: Security ID: S-1-5-21-1234567890 Account Name: Administrator Account Domain: CORP Logon Type: 3.,0,Benign
2026-02-25 11:50:04,4634,10,3594,An account was logged off. Logon Type: 2 Interactive.,0,Benign
2026-02-24 10:39:04,4648,3,7789,A logon was attempted using explicit credentials. Target Server: localhost Target User: admin.,0,Benign
2026-02-25 13:08:25,4624,3,594,An account was successfully logged on. New Logon: Account Name: jdoe Account Domain: CORP Logon ID: 0x1A2B3C.,0,Benign
2026-02-23 14:34:43,4625,11,7245,An account failed to log on. Failure Reason: Unknown user name or bad password. Status: 0xC000006D Sub Status: 0xC000006A.,0,Benign
2026-02-23 14:52:14,4732,11,5943,A member was added to a security-enabled local group. Member Name: jdoe Group Name: Remote Desktop Users.,0,Benign
2026-03-01 12:20:53,4624,3,4669,An account was successfully logged on. New Logon: Account Name: jdoe Account Domain: CORP Logon ID: 0x1A2B3C.,0,Benign
2026-02-27 16:30:57,4624,3,2967,An account was successfully logged on. Subject: Security ID: S-1-5-18 Account Name: SYSTEM Account Domain: NT AUTHORITY Logon ID: 0x3E7 Logon Type: 5.,0,Benign
2026-02-27 13:59:31,4624,8,5660,An account was successfully logged on. Logon Type: 2 Interactive.,0,Benign
2026-02-24 15:49:36,4648,3,3815,A logon was attempted using explicit credentials. Process: C:\Windows\System32\runas.exe.,0,Benign
2026-03-01 16:52:01,4624,2,3743,An account was successfully logged on. Subject: Security ID: S-1-5-18 Account Name: SYSTEM Account Domain: NT AUTHORITY Logon ID: 0x3E7 Logon Type: 5.,0,Benign
2026-02-24 22:30:39,4648,11,7998,A logon was attempted using explicit credentials. Target Server: DC01 Target User: backup_svc.,0,Benign
2026-02-27 12:41:07,4624,3,3277,An account was successfully logged on. New Logon: Account Name: jdoe Account Domain: CORP Logon ID: 0x1A2B3C.,0,Benign
2026-02-23 17:08:16,4688,7,8227,A new process has been created. New Process Name: C:\Windows\System32\svchost.exe Creator Process Name: C:\Windows\System32\services.exe.,0,Benign
2026-03-01 08:05:30,4688,2,9138,A new process has been created. New Process Name: C:\Program Files\Google\Chrome\chrome.exe Command Line: chrome.exe --type=renderer.,0,Benign
2026-02-23 04:56:10,4688,9,1181,A new process has been created. New Process Name: C:\Windows\System32\cmd.exe Command Line: cmd.exe /c dir.,0,Benign
2026-02-28 10:15:27,4624,10,1234,An account was successfully logged on. Subject: Security ID: S-1-5-18 Account Name: SYSTEM Account Domain: NT AUTHORITY Logon ID: 0x3E7 Logon Type: 5.,0,Benign
2026-02-24 08:39:33,4624,10,1973,An account was successfully logged on. Subject: Security ID: S-1-5-18 Account Name: SYSTEM Account Domain: NT AUTHORITY Logon ID: 0x3E7 Logon Type: 5.,0,Benign
2026-02-27 12:52:37,4634,5,3713,An account was logged off. Logon Type: 3.,0,Benign
2026-02-24 11:11:31,4624,3,6195,An account was successfully logged on. Subject: Security ID: S-1-5-21-1234567890 Account Name: Administrator Account Domain: CORP Logon Type: 3.,0,Benign
2026-02-23 11:37:43,4624,12,1225,An account was successfully logged on. Logon Type: 2 Interactive.,0,Benign
2026-03-01 17:06:57,4624,11,407,An account was successfully logged on. New Logon: Account Name: jdoe Account Domain: CORP Logon ID: 0x1A2B3C.,0,Benign
2026-02-23 23:38:58,4672,5,571,Special privileges assigned to new logon. Subject: Security ID: S-1-5-21-1234567890 Account Name: Administrator Privileges: SeDebugPrivilege.,0,Benign
2026-02-25 10:11:36,4732,8,6156,A member was added to a security-enabled local group. Member Name: svc_backup Group Name: Backup Operators.,0,Benign
2026-03-01 12:56:53,4624,7,1338,An account was successfully logged on. Logon Type: 2 Interactive.,0,Benign
2026-02-24 08:11:02,4624,3,8656,An account was successfully logged on. Logon Type: 10 Remote Desktop Services.,0,Benign
2026-02-25 11:47:52,4624,7,3507,An account was successfully logged on. Subject: Security ID: S-1-5-18 Account Name: SYSTEM Account Domain: NT AUTHORITY Logon ID: 0x3E7 Logon Type: 5.,0,Benign
2026-02-26 12:43:51,4634,3,8596,An account was logged off. Subject: Security ID: S-1-5-21-1234567890 Account Name: jdoe.,0,Benign
2026-02-24 16:07:55,4688,3,6754,A new process has been created. New Process Name: C:\Windows\System32\notepad.exe.,0,Benign
2026-02-26 16:30:51,4634,9,998,An account was logged off. Logon Type: 3.,0,Benign
2026-03-01 17:54:44,4624,10,5213,An account was successfully logged on. New Logon: Account Name: jdoe Account Domain: CORP Logon ID: 0x1A2B3C.,0,Benign
2026-02-26 14:45:29,4624,11,5470,An account was successfully logged on. Logon Type: 10 Remote Desktop Services.,0,Benign
2026-03-01 08:28:32,4624,3,4926,An account was successfully logged on. New Logon: Account Name: jdoe Account Domain: CORP Logon ID: 0x1A2B3C.,0,Benign
2026-02-27 04:17:44,4648,12,4960,A logon was attempted using explicit credentials. Target Server: localhost Target User: admin.,0,Benign
2026-02-25 16:59:50,4688,2,8853,A new process has been created. New Process Name: C:\Windows\System32\svchost.exe Creator Process Name: C:\Windows\System32\services.exe.,0,Benign
2026-02-24 11:55:11,4688,10,8615,A new process has been created. New Process Name: C:\Windows\System32\notepad.exe.,0,Benign
2026-02-26 09:14:38,4648,2,3530,A logon was attempted using explicit credentials. Target Server: DC01 Target User: backup_svc.,0,Benign
2026-02-23 11:33:06,4624,8,728,An account was successfully logged on. New Logon: Account Name: jdoe Account Domain: CORP Logon ID: 0x1A2B3C.,1,Benign
2026-02-24 14:43:06,4720,7,471,A user account was created. New Account Name: tempuser New Account Domain: CORP.,0,Benign
2026-02-24 00:24:36,4732,2,9929,A member was added to a security-enabled local group. Member Name: tempuser Group Name: Administrators.,0,Benign
2026-02-25 04:48:44,4732,8,9329,A member was added to a security-enabled local group. Member Name: jdoe Group Name: Remote Desktop Users.,0,Benign
2026-02-25 14:12:59,4624,10,7152,An account was successfully logged on. Logon Type: 2 Interactive.,0,Benign
2026-02-27 08:55:16,4624,2,213,An account was successfully logged on. Subject: Security ID: S-1-5-18 Account Name: SYSTEM Account Domain: NT AUTHORITY Logon ID: 0x3E7 Logon Type: 5.,1,Benign
2026-02-26 09:11:30,4624,5,2000,An account was successfully logged on. Subject: Security ID: S-1-5-18 Account Name: SYSTEM Account Domain: NT AUTHORITY Logon ID: 0x3E7 Logon Type: 5.,0,Benign
2026-02-26 14:39:44,4624,7,7234,An account was successfully logged on. New Logon: Account Name: jdoe Account Domain: CORP Logon ID: 0x1A2B3C.,0,Benign
2026-02-27 09:35:16,4720,9,1252,A user account was created. New Account Name: svc_backup New Account Domain: CORP.,0,Benign
2026-02-25 13:05:19,4648,3,2747,A logon was attempted using explicit credentials. Target Server: localhost Target User: admin.,0,Benign
2026-02-25 15:16:33,4634,11,7577,An account was logged off. Logon Type: 2 Interactive.,0,Benign
2026-02-26 13:41:36,4624,7,7627,An account was successfully logged on. New Logon: Account Name: jdoe Account Domain: CORP Logon ID: 0x1A2B3C.,0,Benign
2026-02-23 14:05:36,4634,10,804,An account was logged off. Logon Type: 3.,0,Benign
2026-02-23 13:24:41,4624,11,5623,An account was successfully logged on. Logon Type: 10 Remote Desktop Services.,0,Benign
2026-02-23 16:14:35,4625,9,2997,An account failed to log on. Failure Reason: Unknown user name or bad password. Status: 0xC000006D Sub Status: 0xC000006A.,0,Benign
2026-02-28 08:05:41,4625,5,2002,An account failed to log on. Logon Type: 10 Remote Desktop Services.,0,Benign
2026-02-26 13:24:30,4624,11,4990,An account was successfully logged on. Logon Type: 10 Remote Desktop Services.,0,Benign
2026-02-23 20:07:52,4624,9,7029,An account was successfully logged on. Subject: Security ID: S-1-5-18 Account Name: SYSTEM Account Domain: NT AUTHORITY Logon ID: 0x3E7 Logon Type: 5.,0,Benign
2026-02-26 12:43:14,4648,2,2418,A logon was attempted using explicit credentials. Process: C:\Windows\System32\runas.exe.,0,Benign
2026-02-28 17:38:40,4624,5,6388,An account was successfully logged on. Subject: Security ID: S-1-5-21-1234567890 Account Name: Administrator Account Domain: CORP Logon Type: 3.,0,Benign
2026-02-27 11:04:32,4732,7,4806,A member was added to a security-enabled local group. Member Name: tempuser Group Name: Administrators.,0,Benign
2026-02-25 15:21:04,4648,7,9642,A logon was attempted using explicit credentials. Target Server: DC01 Target User: backup_svc.,0,Benign
2026-02-26 15:18:34,4624,2,3508,An account was successfully logged on. New Logon: Account Name: jdoe Account Domain: CORP Logon ID: 0x1A2B3C.,0,Benign
2026-02-27 20:02:52,4624,2,3809,An account was successfully logged on. Logon Type: 10 Remote Desktop Services.,0,Benign
2026-02-26 21:05:12,4648,7,5702,A logon was attempted using explicit credentials. Process: C:\Windows\System32\runas.exe.,0,Benign
2026-02-25 12:33:13,4624,2,6790,An account was successfully logged on. New Logon: Account Name: jdoe Account Domain: CORP Logon ID: 0x1A2B3C.,0,Benign
2026-02-28 23:28:56,4624,10,520,An account was successfully logged on. Subject: Security ID: S-1-5-21-1234567890 Account Name: Administrator Account Domain: CORP Logon Type: 3.,0,Benign
2026-02-27 21:27:58,4624,7,5272,An account was successfully logged on. Logon Type: 2 Interactive.,0,Benign
2026-02-28 10:07:05,4624,5,7805,An account was successfully logged on. Subject: Security ID: S-1-5-21-1234567890 Account Name: Administrator Account Domain: CORP Logon Type: 3.,0,Benign
2026-02-24 13:10:57,4624,11,7390,An account was successfully logged on. New Logon: Account Name: jdoe Account Domain: CORP Logon ID: 0x1A2B3C.,0,Benign
2026-03-01 00:52:44,4624,10,141,An account was successfully logged on. Logon Type: 10 Remote Desktop Services.,0,Benign
2026-02-26 08:12:03,4624,9,6652,An account was successfully logged on. Subject: Security ID: S-1-5-21-1234567890 Account Name: Administrator Account Domain: CORP Logon Type: 3.,0,Benign
2026-02-26 08:02:23,4624,10,5677,An account was successfully logged on. Subject: Security ID: S-1-5-21-1234567890 Account Name: Administrator Account Domain: CORP Logon Type: 3.,0,Benign
2026-02-26 12:00:09,4688,2,5336,A new process has been created. New Process Name: C:\Windows\System32\taskhostw.exe.,0,Benign
2026-02-23 16:51:39,4624,7,4714,An account was successfully logged on. Logon Type: 10 Remote Desktop Services.,0,Benign
2026-02-25 23:03:51,4625,5,6891,An account failed to log on. Failure Reason: Account locked out.,0,Benign
2026-02-24 08:28:37,4624,8,9286,An account was successfully logged on. Logon Type: 2 Interactive.,0,Benign
2026-02-25 08:18:12,4688,12,5903,A new process has been created. New Process Name: C:\Windows\System32\svchost.exe Creator Process Name: C:\Windows\System32\services.exe.,0,Benign
2026-02-23 12:22:24,4625,12,4639,An account failed to log on. Failure Reason: Account locked out.,0,Benign
2026-02-26 11:39:37,4625,10,7970,An account failed to log on. Failure Reason: Unknown user name or bad password. Status: 0xC000006D Sub Status: 0xC000006A.,0,Benign
2026-02-23 10:12:58,4625,12,1984,An account failed to log on. Account Name: administrator Source Network Address: 192.168.1.50.,0,Benign
2026-02-25 16:23:23,4624,5,3573,An account was successfully logged on. Subject: Security ID: S-1-5-18 Account Name: SYSTEM Account Domain: NT AUTHORITY Logon ID: 0x3E7 Logon Type: 5.,0,Benign
2026-02-23 12:17:59,4672,11,2320,Special privileges assigned to new logon. Account Name: SYSTEM Privileges: SeBackupPrivilege SeRestorePrivilege.,0,Benign
2026-02-25 16:56:14,4625,11,3992,An account failed to log on. Account Name: administrator Source Network Address: 192.168.1.50.,0,Benign
2026-02-26 05:38:05,4688,8,4574,A new process has been created. New Process Name: C:\Windows\System32\taskhostw.exe.,0,Benign
2026-02-25 09:09:06,4634,9,8551,An account was logged off. Logon Type: 2 Interactive.,0,Benign
2026-02-25 15:55:46,4624,7,8033,An account was successfully logged on. Subject: Security ID: S-1-5-21-1234567890 Account Name: Administrator Account Domain: CORP Logon Type: 3.,0,Benign
2026-02-28 17:57:10,4720,8,3939,A user account was created. New Account Name: svc_backup New Account Domain: CORP.,0,Benign
2026-02-26 09:26:08,4624,5,4861,An account was successfully logged on. Subject: Security ID: S-1-5-18 Account Name: SYSTEM Account Domain: NT AUTHORITY Logon ID: 0x3E7 Logon Type: 5.,0,Benign
