2026-02-25 08:22:09,4625,11,3405,An account failed to log on. Failure Reason: Account locked out.,0,Benign
2026-02-28 08:30:37,4624,9,1734,An account was successfully logged on. Logon Type: 10 Remote Desktop Services.,0,Benign
2026-02-26 23:39:57,4732,8,1491,A user account was created. New Account Name: svc_temp.,1,T1078
2026-02-25 09:48:51,4688,11,1499,A new process has been created. New Process Name: C:\Windows\System32\svchost.exe Creator Process Name: C:\Windows\System32\services.exe.,0,Benign
2026-03-01 10:44:36,4624,8,7824,An account was successfully logged on. Logon Type: 2 Interactive.,0,Benign
2026-02-27 08:47:31,4625,12,9724,An account failed to log on. Account Name: administrator Source Network Address: 192.168.1.50.,0,Benign
2026-02-26 17:30:01,4624,10,8324,An account was successfully logged on. Logon Type: 10 Remote Desktop Services.,0,Benign
2026-02-28 15:54:09,4688,11,9286,A new process has been created. New Process Name: C:\Windows\System32\cmd.exe Command Line: cmd.exe /c dir.,0,Benign
2026-02-26 12:17:18,4688,3,8927,A new process has been created. New Process Name: C:\Windows\System32\notepad.exe.,0,Benign
2026-02-26 16:45:15,4648,9,2300,A logon was attempted using explicit credentials. Process: C:\Windows\System32\runas.exe.,0,Benign
2026-02-28 05:21:24,4672,9,1071,Special privileges assigned to new logon. Subject: Security ID: S-1-5-18 Privileges: SeAssignPrimaryTokenPrivilege SeTcbPrivilege SeSecurityPrivilege.,0,Benign
2026-02-23 22:43:10,4624,11,879,An account was successfully logged on. Subject: Security ID: S-1-5-21-1234567890 Account Name: Administrator Account Domain: CORP Logon Type: 3.,0,Benign
2026-03-01 11:24:25,4624,11,1354,An account was successfully logged on. Logon Type: 2 Interactive.,0,Benign
2026-02-25 12:17:50,4720,11,1407,A user account was created. New Account Name: tempuser New Account Domain: CORP.,0,Benign
2026-02-24 17:31:04,4624,12,8548,An account was successfully logged on. New Logon: Account Name: jdoe Account Domain: CORP Logon ID: 0x1A2B3C.,0,Benign
2026-02-28 15:33:38,4624,5,7131,An account was successfully logged on. New Logon: Account Name: jdoe Account Domain: CORP Logon ID: 0x1A2B3C.,0,Benign
2026-02-23 10:35:02,4732,3,3863,A member was added to a security-enabled local group. Member Name: svc_backup Group Name: Backup Operators.,0,Benign
2026-02-23 10:43:02,4625,7,2609,An account failed to log on. Failure Reason: Account locked out.,0,Benign
2026-02-26 11:54:57,4624,9,4020,An account was successfully logged on. Subject: Security ID: S-1-5-21-1234567890 Account Name: Administrator Account Domain: CORP Logon Type: 3.,0,Benign
2026-02-28 15:33:33,4688,5,1286,A new process has been created. New Process Name: C:\Windows\System32\cmd.exe Command Line: cmd.exe /c dir.,0,Benign
2026-02-23 16:19:27,4625,7,5531,An account failed to log on. Account Name: administrator Source Network Address: 192.168.1.50.,0,Benign
2026-03-01 13:15:37,4625,5,7418,An account failed to log on. Account Name: administrator Source Network Address: 192.168.1.50.,0,Benign
2026-02-25 13:28:14,4624,5,7809,An account was successfully logged on. Subject: Security ID: S-1-5-18 Account Name: SYSTEM Account Domain: NT AUTHORITY Logon ID: 0x3E7 Logon Type: 5.,0,Benign
2026-03-01 16:26:04,4648,5,7683,A logon was attempted using explicit credentials. Process: C:\Windows\System32\runas.exe.,0,Benign
2026-02-25 08:18:11,4624,7,8613,An account was successfully logged on. Logon Type: 10 Remote Desktop Services.,0,Benign
2026-02-25 20:18:26,4634,11,2919,An account was logged off. Subject: Security ID: S-1-5-21-1234567890 Account Name: jdoe.,0,Benign
2026-02-25 16:22:58,4625,5,351,An account failed to log on. Failure Reason: Unknown user name or bad password. Status: 0xC000006D Sub Status: 0xC000006A.,0,Benign
2026-02-26 14:41:14,4625,11,709,An account failed to log on. Logon Type: 10 Remote Desktop Services.,0,Benign
2026-03-01 15:41:57,4625,3,763,An account failed to log on. Subject: Security ID: S-1-0-0 Account Name: - Account Domain: - Logon Type: 3.,0,Benign
2026-02-24 19:23:53,4648,7,578,An account was successfully logged on. Logon Type: 3 Source Network Address: 192.168.1.100.,1,T1046
2026-02-25 16:54:54,4648,9,5834,A logon was attempted using explicit credentials. Process: C:\Windows\System32\runas.exe.,0,Benign
2026-02-25 16:52:58,4634,11,8090,An account was logged off. Logon Type: 2 Interactive.,0,Benign
2026-02-26 17:21:50,4634,8,633,An account was logged off. Logon Type: 3.,0,Benign
2026-02-28 16:24:21,4624,8,7444,An account was successfully logged on. Subject: Security ID: S-1-5-18 Account Name: SYSTEM Account Domain: NT AUTHORITY Logon ID: 0x3E7 Logon Type: 5.,0,Benign
2026-02-24 12:36:29,4648,3,2777,A logon was attempted using explicit credentials. Target Server: localhost Target User: admin.,0,Benign
2026-02-28 22:02:02,4634,12,2632,An account was logged off. Logon Type: 3.,0,Benign
2026-02-28 15:03:30,4648,10,5370,A logon was attempted using explicit credentials. Target Server: DC01 Target User: backup_svc.,0,Benign
2026-02-26 09:11:59,4648,2,5353,A logon was attempted using explicit credentials. Process: C:\Windows\System32\runas.exe.,0,Benign
2026-02-26 10:02:32,4624,2,7317,An account was successfully logged on. Logon Type: 2 Interactive.,0,Benign
2026-02-26 14:49:07,4634,8,9021,An account was logged off. Subject: Security ID: S-1-5-21-1234567890 Account Name: jdoe.,0,Benign
2026-02-27 11:45:59,4625,2,6780,An account failed to log on. Account Name: administrator Source Network Address: 192.168.1.50.,0,Benign
2026-02-23 18:37:16,4688,5,7085,A new process has been created. New Process Name: C:\Windows\System32\notepad.exe.,0,Benign
2026-02-27 19:06:46,4634,10,2516,An account was logged off. Logon Type: 2 Interactive.,0,Benign
2026-02-27 11:52:32,4634,3,9328,An account was logged off. Logon Type: 3.,0,Benign
2026-02-24 00:37:49,4624,5,4813,An account was successfully logged on. Subject: Security ID: S-1-5-18 Account Name: SYSTEM Account Domain: NT AUTHORITY Logon ID: 0x3E7 Logon Type: 5.,0,Benign
2026-02-25 20:22:08,4624,9,7886,An account was successfully logged on. New Logon: Account Name: jdoe Account Domain: CORP Logon ID: 0x1A2B3C.,0,Benign
2026-02-27 04:02:54,4634,8,1113,An account was logged off. Logon Type: 3.,0,Benign
2026-02-28 17:37:00,4624,11,929,An account was successfully logged on. Subject: Security ID: S-1-5-21-1234567890 Account Name: Administrator Account Domain: CORP Logon Type: 3.,0,Benign
2026-02-27 11:27:15,4688,7,8792,A new process has been created. New Process Name: C:\Windows\System32\svchost.exe Creator Process Name: C:\Windows\System32\services.exe.,0,Benign
2026-02-24 16:21:21,4624,3,1581,An account was successfully logged on. Logon Type: 10 Remote Desktop Services.,0,Benign
2026-02-26 21:20:07,4625,3,1119,An account failed to log on. Logon Type: 10 Remote Desktop Services.,0,Benign
2026-02-25 08:12:16,4688,11,9015,A new process has been created. New Process Name: C:\Program Files\Google\Chrome\chrome.exe Command Line: chrome.exe --type=renderer.,0,Benign
2026-02-28 07:23:31,4688,11,819,A new process has been created. New Process Name: C:\Windows\System32\svchost.exe Creator Process Name: C:\Windows\System32\services.exe.,0,Benign
2026-03-01 12:33:17,4688,9,9728,A new process has been created. New Process Name: C:\Windows\System32\taskhostw.exe.,0,Benign
2026-03-01 10:06:02,4624,3,5371,An account was successfully logged on. Logon Type: 10 Remote Desktop Services.,0,Benign
2026-02-27 13:08:57,4624,11,8680,An account was successfully logged on. Subject: Security ID: S-1-5-18 Account Name: SYSTEM Account Domain: NT AUTHORITY Logon ID: 0x3E7 Logon Type: 5.,0,Benign
2026-02-25 13:04:41,4625,9,7452,An account failed to log on. Failure Reason: Unknown user name or bad password. Status: 0xC000006D Sub Status: 0xC000006A.,0,Benign
2026-02-27 13:06:39,4688,11,4517,A new process has been created. New Process Name: C:\Program Files\Google\Chrome\chrome.exe Command Line: chrome.exe --type=renderer.,0,Benign
2026-02-27 04:19:20,4688,2,2740,A new process has been created. New Process Name: C:\Windows\System32\cmd.exe Command Line: cmd.exe /c dir.,0,Benign
2026-02-28 12:02:18,4624,12,8904,An account was successfully logged on. Subject: Security ID: S-1-5-21-1234567890 Account Name: Administrator Account Domain: CORP Logon Type: 3.,0,Benign
2026-02-23 15:38:47,4624,7,7766,An account was successfully logged on. Subject: Security ID: S-1-5-18 Account Name: SYSTEM Account Domain: NT AUTHORITY Logon ID: 0x3E7 Logon Type: 5.,0,Benign
2026-02-28 10:57:13,4625,3,641,An account failed to log on. Account Name: administrator Source Network Address: 192.168.1.50.,0,Benign
2026-02-28 00:38:40,4672,9,4991,Special privileges assigned to new logon. Subject: Security ID: S-1-5-18 Privileges: SeAssignPrimaryTokenPrivilege SeTcbPrivilege SeSecurityPrivilege.,0,Benign
2026-03-01 10:30:05,4624,5,7514,An account was successfully logged on. Subject: Security ID: S-1-5-21-1234567890 Account Name: Administrator Account Domain: CORP Logon Type: 3.,0,Benign
2026-02-28 15:51:38,4624,2,9255,An account was successfully logged on. Logon Type: 10 Remote Desktop Services.,0,Benign
2026-02-26 12:22:04,4624,11,4077,An account was successfully logged on. Logon Type: 2 Interactive.,0,Benign
2026-03-01 12:29:40,4720,5,4475,A user account was created. New Account Name: svc_backup New Account Domain: CORP.,0,Benign
2026-02-28 09:27:52,4624,9,6845,An account was successfully logged on. Subject: Security ID: S-1-5-21-1234567890 Account Name: Administrator Account Domain: CORP Logon Type: 3.,0,Benign
2026-02-28 10:29:43,4625,12,712,An account failed to log on. Account Name: administrator Source Network Address: 192.168.1.50.,0,Benign
2026-02-26 17:00:33,4688,9,677,A new process has been created. New Process Name: C:\Windows\System32\taskhostw.exe.,0,Benign
2026-02-25 16:54:22,4634,11,7115,An account was logged off. Subject: Security ID: S-1-5-21-1234567890 Account Name: jdoe.,0,Benign
2026-02-25 09:37:54,4624,9,5013,An account was successfully logged on. Subject: Security ID: S-1-5-18 Account Name: SYSTEM Account Domain: NT AUTHORITY Logon ID: 0x3E7 Logon Type: 5.,0,Benign
2026-03-01 09:39:15,4624,8,8304,An account was successfully logged on. Logon Type: 10 Remote Desktop Services.,0,Benign
2026-02-28 14:45:24,4625,5,3709,An account failed to log on. Account Name: administrator Source Network Address: 192.168.1.50.,0,Benign
2026-03-01 15:46:30,4625,11,6731,An account failed to log on. Failure Reason: Unknown user name or bad password. Status: 0xC000006D Sub Status: 0xC000006A.,0,Benign
2026-02-25 11:40:49,4688,8,1228,A new process has been created. New Process Name: C:\Windows\System32\svchost.exe Creator Process Name: C:\Windows\System32\services.exe.,0,Benign
2026-03-01 16:28:23,4624,7,2818,An account was successfully logged on. New Logon: Account Name: jdoe Account Domain: CORP Logon ID: 0x1A2B3C.,0,Benign
2026-02-27 09:07:24,4648,5,1212,A logon was attempted using explicit credentials. Process: C:\Windows\System32\runas.exe.,0,Benign
2026-02-27 16:00:30,4672,2,881,Special privileges assigned to new logon. Subject: Security ID: S-1-5-21-9876543210 Account Name: attacker.,1,T1003
2026-02-25 13:55:42,4634,11,3847,An account was logged off. Logon Type: 2 Interactive.,0,Benign
2026-03-01 11:47:35,4648,12,1077,A logon was attempted using explicit credentials. Target Server: localhost Target User: admin.,0,Benign
2026-02-23 15:14:03,4648,8,6145,A logon was attempted using explicit credentials. Target Server: localhost Target User: admin.,0,Benign
2026-03-01 16:44:12,4634,7,4908,An account was logged off. Logon Type: 2 Interactive.,0,Benign
2026-02-27 08:36:58,4634,3,8130,An account was logged off. Logon Type: 2 Interactive.,0,Benign
2026-02-26 22:24:24,4648,11,8789,A logon was attempted using explicit credentials. Target Server: DC01 Target User: backup_svc.,0,Benign
2026-02-28 17:18:17,4624,2,1527,An account was successfully logged on. Subject: Security ID: S-1-5-18 Account Name: SYSTEM Account Domain: NT AUTHORITY Logon ID: 0x3E7 Logon Type: 5.,0,Benign
2026-02-25 14:32:16,4625,7,4508,An account failed to log on. Failure Reason: Unknown user name or bad password. Status: 0xC000006D Sub Status: 0xC000006A.,0,Benign
2026-02-25 10:53:50,4624,5,152,An account was successfully logged on. Subject: Security ID: S-1-5-18 Account Name: SYSTEM Account Domain: NT AUTHORITY Logon ID: 0x3E7 Logon Type: 5.,1,Benign
2026-03-01 09:59:03,4625,10,5292,An account failed to log on. Subject: Security ID: S-1-0-0 Account Name: - Account Domain: - Logon Type: 3.,0,Benign
2026-02-26 14:13:57,4720,5,5993,A user account was created. New Account Name: test_account.,0,Benign
2026-02-23 11:04:50,4688,11,7744,A new process has been created. New Process Name: C:\Windows\System32\svchost.exe Creator Process Name: C:\Windows\System32\services.exe.,0,Benign
2026-02-24 16:26:43,4624,10,7957,An account was successfully logged on. Subject: Security ID: S-1-5-18 Account Name: SYSTEM Account Domain: NT AUTHORITY Logon ID: 0x3E7 Logon Type: 5.,0,Benign
2026-02-28 10:18:49,4624,9,4690,An account was successfully logged on. New Logon: Account Name: jdoe Account Domain: CORP Logon ID: 0x1A2B3C.,0,Benign
2026-02-27 15:34:44,4688,3,9934,A new process has been created. New Process Name: C:\Windows\System32\notepad.exe.,0,Benign
2026-02-28 15:28:58,4624,9,990,An account was successfully logged on. Logon Type: 10 Remote Desktop Services.,0,Benign
2026-02-25 21:38:24,4624,2,762,An account was successfully logged on. New Logon: Account Name: jdoe Account Domain: CORP Logon ID: 0x1A2B3C.,0,Benign
2026-03-01 13:24:49,4624,2,8742,An account was successfully logged on. Subject: Security ID: S-1-5-18 Account Name: SYSTEM Account Domain: NT AUTHORITY Logon ID: 0x3E7 Logon Type: 5.,0,Benign
2026-02-24 00:03:36,4624,5,5767,An account was successfully logged on. Logon Type: 2 Interactive.,0,Benign
2026-02-24 16:07:13,4688,2,6955,A new process has been created. New Process Name: C:\Program Files\Google\Chrome\chrome.exe Command Line: chrome.exe --type=renderer.,0,Benign
2026-02-26 14:51:59,4625,5,6399,An account failed to log on. Subject: Security ID: S-1-0-0 Account Name: - Account Domain: - Logon Type: 3.,0,Benign
2026-02-26 17:26:20,4688,12,4444,A new process has been created. New Process Name: C:\Windows\System32\cmd.exe Command Line: cmd.exe /c dir.,0,Benign
2026-02-27 09:15:02,4624,5,6884,An account was successfully logged on. Logon Type: 2 Interactive.,0,Benign
2026-02-28 10:42:16,4634,12,9146,An account was logged off. Subject: Security ID: S-1-5-21-1234567890 Account Name: jdoe.,0,Benign
2026-02-28 08:29:20,4648,3,8887,A logon was attempted using explicit credentials. Process: C:\Windows\System32\runas.exe.,0,Benign
2026-02-28 09:32:43,4688,9,8088,A new process has been created. New Process Name: C:\Windows\System32\svchost.exe Creator Process Name: C:\Windows\System32\services.exe.,0,Benign
2026-02-24 11:15:09,4624,2,1223,An account was successfully logged on. Logon Type: 2 Interactive.,0,Benign
2026-02-27 14:03:28,4624,12,8339,An account was successfully logged on. Logon Type: 10 Remote Desktop Services.,0,Benign
2026-02-24 01:55:29,4688,9,1206,A new process has been created. New Process Name: C:\Windows\System32\notepad.exe.,0,Benign
2026-02-28 17:39:06,4624,3,306,An account was successfully logged on. New Logon: Account Name: jdoe Account Domain: CORP Logon ID: 0x1A2B3C.,0,Benign
2026-02-26 11:07:10,4624,8,9759,An account was successfully logged on. Subject: Security ID: S-1-5-21-1234567890 Account Name: Administrator Account Domain: CORP Logon Type: 3.,0,Benign
2026-03-01 08:26:16,4688,3,644,A new process has been created. New Process Name: C:\Windows\System32\taskhostw.exe.,0,Benign
2026-02-23 09:08:08,4648,5,8012,A logon was attempted using explicit credentials. Target Server: localhost Target User: admin.,0,Benign
2026-02-27 16:03:44,4624,10,1486,An account was successfully logged on. Logon Type: 10 Remote Desktop Services.,0,Benign
2026-02-28 16:49:20,4688,7,7721,A new process has been created. New Process Name: C:\Program Files\Google\Chrome\chrome.exe Command Line: chrome.exe --type=renderer.,0,Benign
2026-02-27 14:55:28,4624,8,2926,An account was successfully logged on. New Logon: Account Name: jdoe Account Domain: CORP Logon ID: 0x1A2B3C.,0,Benign
2026-02-27 00:21:40,4625,7,9588,An account failed to log on. Failure Reason: Account locked out.,0,Benign
2026-02-28 17:22:33,4688,2,2728,A new process has been created. New Process Name: C:\Windows\System32\svchost.exe Creator Process Name: C:\Windows\System32\services.exe.,0,Benign
2026-02-24 11:15:28,4624,8,3774,An account was successfully logged on. Subject: Security ID: S-1-5-18 Account Name: SYSTEM Account Domain: NT AUTHORITY Logon ID: 0x3E7 Logon Type: 5.,0,Benign
2026-02-28 05:43:09,4624,11,8578,An account was successfully logged on. Subject: Security ID: S-1-5-21-1234567890 Account Name: Administrator Account Domain: CORP Logon Type: 3.,0,Benign
2026-02-26 14:27:30,4624,3,9997,An account was successfully logged on. Subject: Security ID: S-1-5-21-1234567890 Account Name: Administrator Account Domain: CORP Logon Type: 3.,0,Benign
2026-02-26 09:52:31,4648,10,3924,A logon was attempted using explicit credentials. Target Server: DC01 Target User: backup_svc.,0,Benign
2026-02-27 12:19:03,4624,2,4404,An account was successfully logged on. Subject: Security ID: S-1-5-21-1234567890 Account Name: Administrator Account Domain: CORP Logon Type: 3.,0,Benign
2026-02-24 08:28:51,4625,3,7000,An account failed to log on. Subject: Security ID: S-1-0-0 Account Name: - Account Domain: - Logon Type: 3.,0,Benign
2026-03-01 03:24:20,4625,7,7159,An account failed to log on. Failure Reason: Account locked out.,0,Benign
2026-02-24 11:29:49,4720,9,5161,A member was added to a security-enabled local group. Member Name: backdoor Group Name: Administrators.,1,T1078
2026-02-25 09:11:20,4624,5,1207,An account was successfully logged on. Logon Type: 2 Interactive.,0,Benign
2026-02-25 12:09:47,4648,11,7805,A logon was attempted using explicit credentials. Target Server: localhost Target User: admin.,0,Benign
2026-02-28 14:31:24,4624,2,1846,An account was successfully logged on. New Logon: Account Name: jdoe Account Domain: CORP Logon ID: 0x1A2B3C.,0,Benign
2026-02-26 15:09:47,4625,11,5158,An account failed to log on. Subject: Security ID: S-1-0-0 Account Name: - Account Domain: - Logon Type: 3.,0,Benign
2026-02-26 14:14:36,4624,9,7226,An account was successfully logged on. Logon Type: 10 Remote Desktop Services.,0,Benign
2026-02-23 09:12:57,4648,8,6517,A logon was attempted using explicit credentials. Target Server: localhost Target User: admin.,0,Benign
2026-02-24 08:19:18,4625,2,506,An account failed to log on. Subject: Security ID: S-1-0-0 Account Name: - Account Domain: - Logon Type: 3.,0,Benign
2026-02-28 17:48:06,4624,10,3048,An account was successfully logged on. Logon Type: 2 Interactive.,0,Benign
2026-02-26 13:55:23,4625,5,3647,An account failed to log on. Account Name: administrator Source Network Address: 192.168.1.50.,0,Benign
2026-02-25 11:50:19,4624,10,2632,An account was successfully logged on. Logon Type: 2 Interactive.,0,Benign
2026-02-24 08:07:56,4688,10,101,A new process has been created. New Process Name: C:\Windows\System32\cmd.exe Command Line: cmd.exe /c dir.,0,Benign
2026-02-23 15:59:35,4634,8,6436,An account was logged off. Subject: Security ID: S-1-5-21-1234567890 Account Name: jdoe.,0,Benign
2026-03-01 09:48:29,4648,2,8210,A logon was attempted using explicit credentials. Target Server: localhost Target User: admin.,0,Benign
2026-02-23 10:20:49,4688,3,4028,A new process has been created. New Process Name: C:\Windows\System32\svchost.exe Creator Process Name: C:\Windows\System32\services.exe.,0,Benign
2026-03-01 10:27:18,4648,7,4889,A logon was attempted using explicit credentials. Process: C:\Windows\System32\runas.exe.,0,Benign
2026-02-26 15:30:13,4624,11,9722,An account was successfully logged on. Logon Type: 10 Remote Desktop Services.,0,Benign
2026-02-24 15:32:19,4625,3,674,An account failed to log on. Account Name: administrator Source Network Address: 192.168.1.50.,0,Benign
2026-02-23 17:28:52,4625,7,734,An account failed to log on. Failure Reason: Unknown user name or bad password. Status: 0xC000006D Sub Status: 0xC000006A.,0,Benign
2026-02-24 17:38:46,4624,9,5956,An account was successfully logged on. Logon Type: 10 Remote Desktop Services.,0,Benign
2026-02-25 16:51:59,4624,9,8449,An account was successfully logged on. Logon Type: 10 Remote Desktop Services.,0,Benign
2026-02-27 14:43:29,4624,5,1312,An account was successfully logged on. Logon Type: 10 Remote Desktop Services.,0,Benign
2026-02-28 15:23:43,4624,2,456,An account was successfully logged on. Subject: Security ID: S-1-5-21-1234567890 Account Name: Administrator Account Domain: CORP Logon Type: 3.,0,Benign
2026-02-25 11:33:07,4624,9,6984,An account was successfully logged on. Subject: Security ID: S-1-5-21-1234567890 Account Name: Administrator Account Domain: CORP Logon Type: 3.,0,Benign
2026-02-25 18:25:01,4625,3,7549,An account failed to log on. Account Name: administrator Source Network Address: 192.168.1.50.,0,Benign
2026-02-23 15:11:58,4624,9,6361,An account was successfully logged on. Logon Type: 2 Interactive.,0,Benign
2026-02-25 11:56:03,4624,11,9875,An account was successfully logged on. Logon Type: 10 Remote Desktop Services.,0,Benign
2026-02-24 11:33:00,4625,11,5636,An account failed to log on. Failure Reason: Account locked out.,0,Benign
2026-03-01 11:34:24,4624,2,8344,An account was successfully logged on. Logon Type: 10 Remote Desktop Services.,0,Benign
2026-02-23 13:11:45,4624,10,6832,An account was successfully logged on. Logon Type: 10 Remote Desktop Services.,0,Benign
2026-02-26 09:23:28,4624,5,6061,An account was successfully logged on. Logon Type: 2 Interactive.,0,Benign
2026-02-27 17:07:18,4625,12,4264,An account failed to log on. Logon Type: 10 Remote Desktop Services.,0,Benign
2026-02-26 16:18:23,4648,11,4972,A logon was attempted using explicit credentials. Target Server: localhost Target User: admin.,0,Benign
2026-02-23 10:13:39,4624,10,2993,An account was successfully logged on. Subject: Security ID: S-1-5-18 Account Name: SYSTEM Account Domain: NT AUTHORITY Logon ID: 0x3E7 Logon Type: 5.,0,Benign
2026-02-25 12:41:10,4624,3,6456,An account was successfully logged on. Subject: Security ID: S-1-5-18 Account Name: SYSTEM Account Domain: NT AUTHORITY Logon ID: 0x3E7 Logon Type: 5.,0,Benign
2026-02-23 05:29:36,4624,8,8378,An account was successfully logged on. Subject: Security ID: S-1-5-18 Account Name: SYSTEM Account Domain: NT AUTHORITY Logon ID: 0x3E7 Logon Type: 5.,0,Benign
2026-02-23 09:40:43,4720,9,5180,A user account was created. New Account Name: svc_backup New Account Domain: CORP.,0,Benign
2026-02-25 14:12:41,4625,9,8188,An account failed to log on. Failure Reason: Unknown user name or bad password. Status: 0xC000006D Sub Status: 0xC000006A.,0,Benign
2026-02-26 13:19:47,4648,3,1882,A logon was attempted using explicit credentials. Process: C:\Windows\System32\runas.exe.,0,Benign
2026-02-24 08:37:42,4634,11,9460,An account was logged off. Subject: Security ID: S-1-5-21-1234567890 Account Name: jdoe.,0,Benign
2026-02-26 13:27:54,4648,12,9521,A logon was attempted using explicit credentials. Target Server: localhost Target User: admin.,0,Benign
2026-02-26 11:35:22,4624,11,3487,An account was successfully logged on. Logon Type: 10 Remote Desktop Services.,0,Benign
2026-03-01 14:48:14,4625,7,204,An account failed to log on. Failure Reason: Unknown user name or bad password. Status: 0xC000006D Sub Status: 0xC000006A.,0,Benign
2026-02-25 10:55:17,4625,11,2029,An account failed to log on. Account Name: administrator Source Network Address: 192.168.1.50.,0,Benign
2026-03-01 08:13:39,4624,3,4142,An account was successfully logged on. Logon Type: 10 Remote Desktop Services.,0,Benign
2026-02-23 13:18:44,4624,10,6346,An account was successfully logged on. New Logon: Account Name: jdoe Account Domain: CORP Logon ID: 0x1A2B3C.,0,Benign
2026-02-25 17:27:41,4624,11,7109,An account was successfully logged on. Subject: Security ID: S-1-5-18 Account Name: SYSTEM Account Domain: NT AUTHORITY Logon ID: 0x3E7 Logon Type: 5.,0,Benign
2026-02-24 14:58:02,4624,8,6259,An account was successfully logged on. Logon Type: 2 Interactive.,0,Benign
2026-02-23 12:15:10,4634,10,9472,An account was logged off. Logon Type: 2 Interactive.,0,Benign
2026-02-25 19:52:47,4625,10,4759,An account failed to log on. Account Name: administrator Source Network Address: 192.168.1.50.,0,Benign
2026-03-01 10:42:34,4625,9,8913,An account failed to log on. Failure Reason: Unknown user name or bad password. Status: 0xC000006D Sub Status: 0xC000006A.,0,Benign
2026-03-01 10:49:58,4688,5,6669,A new process has been created. New Process Name: C:\Program Files\Google\Chrome\chrome.exe Command Line: chrome.exe --type=renderer.,0,Benign
2026-02-23 14:49:57,4688,11,2041,A new process has been created. New Process Name: C:\Program Files\Google\Chrome\chrome.exe Command Line: chrome.exe --type=renderer.,0,Benign
2026-02-24 13:02:47,4688,11,9376,A new process has been created. New Process Name: C:\Windows\System32\taskhostw.exe.,0,Benign
2026-03-01 10:24:25,4720,3,755,A user account was created. New Account Name: test_account.,0,Benign
2026-02-24 19:18:33,4732,12,3822,A user account was created. New Account Name: backdoor New Account Domain: CORP.,1,T1078
2026-02-27 12:49:48,4688,8,700,A new process has been created. New Process Name: C:\Program Files\Google\Chrome\chrome.exe Command Line: chrome.exe --type=renderer.,0,Benign
2026-02-28 12:40:04,4625,9,8044,An account failed to log on. Failure Reason: Unknown user name or bad password. Status: 0xC000006D Sub Status: 0xC000006A.,0,Benign
2026-02-28 22:03:43,4624,11,8744,An account was successfully logged on. Subject: Security ID: S-1-5-18 Account Name: SYSTEM Account Domain: NT AUTHORITY Logon ID: 0x3E7 Logon Type: 5.,0,Benign
2026-02-28 10:40:54,4732,9,5364,A member was added to a security-enabled local group. Member Name: tempuser Group Name: Administrators.,0,Benign
2026-02-26 10:50:03,4634,11,2270,An account was logged off. Logon Type: 3.,0,Benign
2026-03-01 13:13:17,4648,10,5978,A logon was attempted using explicit credentials. Target Server: localhost Target User: admin.,0,Benign
2026-03-01 11:51:49,4624,12,9882,An account was successfully logged on. Subject: Security ID: S-1-5-18 Account Name: SYSTEM Account Domain: NT AUTHORITY Logon ID: 0x3E7 Logon Type: 5.,0,Benign
2026-02-23 11:58:34,4624,12,503,An account was successfully logged on. Logon Type: 10 Remote Desktop Services.,0,Benign
2026-02-28 06:30:17,4624,12,642,A new process has been created. New Process Name: C:\Temp\mimikatz.exe Command Line: mimikatz.exe sekurlsa::logonpasswords.,1,T1003
2026-02-25 17:20:54,4624,9,8326,An account was successfully logged on. Logon Type: 10 Remote Desktop Services.,0,Benign
2026-02-28 14:01:01,4624,8,2055,An account was successfully logged on. Logon Type: 2 Interactive.,0,Benign
2026-03-01 11:19:57,4625,12,6929,An account failed to log on. Failure Reason: Account locked out.,0,Benign
2026-02-24 13:13:19,4625,5,6056,An account failed to log on. Account Name: administrator Source Network Address: 192.168.1.50.,0,Benign
2026-03-01 16:50:06,4720,3,6507,A user account was created. New Account Name: svc_backup New Account Domain: CORP.,0,Benign
2026-02-24 10:01:07,4625,8,1410,An account failed to log on. Failure Reason: Account locked out.,0,Benign
2026-02-28 07:19:40,4634,5,8086,An account was logged off. Logon Type: 3.,0,Benign
2026-02-25 15:43:57,4648,3,1372,A logon was attempted using explicit credentials. Target Server: localhost Target User: admin.,0,Benign
2026-02-27 16:01:29,4634,3,8680,An account was logged off. Logon Type: 3.,0,Benign
2026-02-28 15:34:26,4624,12,4152,An account was successfully logged on. Logon Type: 2 Interactive.,0,Benign
2026-02-25 10:34:39,4624,9,9452,An account was successfully logged on. Logon Type: 2 Interactive.,0,Benign
2026-03-01 15:53:50,4625,8,131,An account failed to log on. Subject: Security ID: S-1-0-0 Account Name: - Account Domain: - Logon Type: 3.,0,Benign
2026-02-26 22:19:46,1102,5,2366,The event logging service has shut down. Reason: The log was cleared by user.,1,T1070
2026-02-28 04:17:16,4624,10,3112,An account was successfully logged on. Logon Type: 10 Remote Desktop Services.,0,Benign
2026-02-23 13:47:24,4688,8,2949,A new process has been created. New Process Name: C:\Windows\System32\svchost.exe Creator Process Name: C:\Windows\System32\services.exe.,0,Benign
2026-03-01 15:00:37,4688,9,9692,A new process has been created. New Process Name: C:\Windows\System32\notepad.exe.,0,Benign
2026-02-26 10:56:42,4688,9,4042,A new process has been created. New Process Name: C:\Windows\System32\svchost.exe Creator Process Name: C:\Windows\System32\services.exe.,0,Benign
2026-02-23 08:08:46,4625,3,1141,An account failed to log on. Account Name: administrator Source Network Address: 192.168.1.50.,0,Benign
2026-02-26 15:42:47,4634,10,1925,An account was logged off. Subject: Security ID: S-1-5-21-1234567890 Account Name: jdoe.,0,Benign
2026-02-23 16:15:46,4625,11,7020,An account failed to log on. Account Name: administrator Source Network Address: 192.168.1.50.,0,Benign
2026-02-27 10:25:39,4624,11,4104,An account was successfully logged on. New Logon: Account Name: jdoe Account Domain: CORP Logon ID: 0x1A2B3C.,0,Benign
2026-02-23 10:21:54,4624,9,8595,An account was successfully logged on. New Logon: Account Name: jdoe Account Domain: CORP Logon ID: 0x1A2B3C.,0,Benign
2026-02-25 09:00:30,4688,12,582,A new process has been created. New Process Name: C:\Windows\System32\taskhostw.exe.,0,Benign
2026-02-24 12:19:10,4688,12,8929,A new process has been created. New Process Name: C:\Windows\System32\cmd.exe Command Line: cmd.exe /c dir.,0,Benign
2026-02-25 08:58:01,4624,12,2607,An account was successfully logged on. Logon Type: 10 Remote Desktop Services.,0,Benign
2026-02-26 12:48:17,4624,9,3677,An account was successfully logged on. Subject: Security ID: S-1-5-21-1234567890 Account Name: Administrator Account Domain: CORP Logon Type: 3.,0,Benign
2026-02-24 13:01:33,4634,2,6745,An account was logged off. Logon Type: 3.,0,Benign
2026-02-26 16:51:06,4625,7,7299,An account failed to log on. Account Name: administrator Source Network Address: 192.168.1.50.,0,Benign
2026-02-28 17:36:48,4624,2,5025,An account was successfully logged on. New Logon: Account Name: jdoe Account Domain: CORP Logon ID: 0x1A2B3C.,0,Benign
2026-02-28 14:30:09,4688,5,7160,A new process has been created. New Process Name: C:\Windows\System32\taskhostw.exe.,0,Benign
2026-02-26 10:23:35,4688,11,7413,A new process has been created. New Process Name: C:\Windows\System32\notepad.exe.,0,Benign
2026-02-28 14:30:47,4624,9,8456,An account was successfully logged on. Subject: Security ID: S-1-5-18 Account Name: SYSTEM Account Domain: NT AUTHORITY Logon ID: 0x3E7 Logon Type: 5.,0,Benign
2026-02-24 14:50:07,4625,11,7592,An account failed to log on. Subject: Security ID: S-1-0-0 Account Name: - Account Domain: - Logon Type: 3.,0,Benign
2026-02-27 10:24:42,4624,3,4418,An account was successfully logged on. Subject: Security ID: S-1-5-18 Account Name: SYSTEM Account Domain: NT AUTHORITY Logon ID: 0x3E7 Logon Type: 5.,0,Benign
2026-02-23 11:30:14,4688,11,7250,A new process has been created. New Process Name: C:\Windows\System32\svchost.exe Creator Process Name: C:\Windows\System32\services.exe.,0,Benign
2026-02-26 17:52:01,4732,2,4307,A member was added to a security-enabled local group. Member Name: svc_backup Group Name: Backup Operators.,0,Benign
2026-02-26 17:18:09,4624,5,2049,An account was successfully logged on. Logon Type: 10 Remote Desktop Services.,0,Benign
2026-02-23 11:08:39,4634,8,5862,An account was logged off. Subject: Security ID: S-1-5-21-1234567890 Account Name: jdoe.,0,Benign
2026-02-25 16:59:31,4624,3,6143,An account was successfully logged on. Subject: Security ID: S-1-5-21-1234567890 Account Name: Administrator Account Domain: CORP Logon Type: 3.,0,Benign
2026-02-24 10:59:33,4624,10,9680,An account was successfully logged on. Subject: Security ID: S-1-5-21-1234567890 Account Name: Administrator Account Domain: CORP Logon Type: 3.,0,Benign
2026-02-23 14:46:29,4648,9,736,A logon was attempted using explicit credentials. Target Server: localhost Target User: admin.,0,Benign
2026-02-23 12:45:02,4624,8,1155,An account was successfully logged on. New Logon: Account Name: jdoe Account Domain: CORP Logon ID: 0x1A2B3C.,0,Benign
2026-03-01 13:04:42,4624,7,4136,An account was successfully logged on. Subject: Security ID: S-1-5-21-1234567890 Account Name: Administrator Account Domain: CORP Logon Type: 3.,0,Benign
2026-02-28 14:07:58,4672,10,6702,Special privileges assigned to new logon. Subject: Security ID: S-1-5-21-1234567890 Account Name: Administrator Privileges: SeDebugPrivilege.,0,Benign
2026-02-24 09:01:05,4624,12,1985,An account was successfully logged on. Logon Type: 10 Remote Desktop Services.,0,Benign
2026-02-24 09:32:33,4624,11,8348,An account was successfully logged on. New Logon: Account Name: jdoe Account Domain: CORP Logon ID: 0x1A2B3C.,0,Benign
2026-02-28 02:15:04,4624,12,3726,An account was successfully logged on. Subject: Security ID: S-1-5-21-1234567890 Account Name: Administrator Account Domain: CORP Logon Type: 3.,0,Benign
2026-02-24 17:56:18,4688,3,2993,A new process has been created. New Process Name: C:\Windows\System32\taskhostw.exe.,0,Benign
2026-02-28 14:00:04,4625,2,3864,An account failed to log on. Account Name: administrator Source Network Address: 192.168.1.50.,0,Benign
2026-02-23 17:52:01,4624,7,2226,An account was successfully logged on. Logon Type: 10 Remote Desktop Services.,0,Benign
2026-02-24 08:59:36,4688,10,6851,A new process has been created. New Process Name: C:\Program Files\Google\Chrome\chrome.exe Command Line: chrome.exe --type=renderer.,0,Benign
2026-03-01 13:23:02,4688,7,5818,A new process has been created. New Process Name: C:\Program Files\Google\Chrome\chrome.exe Command Line: chrome.exe --type=renderer.,0,Benign
2026-02-24 15:43:29,4634,7,1965,An account was logged off. Logon Type: 2 Interactive.,0,Benign
2026-02-28 12:47:20,4634,8,7693,An account was logged off. Logon Type: 3.,0,Benign
2026-02-24 13:08:02,4624,7,8326,An account was successfully logged on. Subject: Security ID: S-1-5-18 Account Name: SYSTEM Account Domain: NT AUTHORITY Logon ID: 0x3E7 Logon Type: 5.,0,Benign
2026-02-25 10:42:21,4634,5,511,An account was logged off. Logon Type: 3.,0,Benign
2026-02-23 08:42:47,4625,3,9887,An account failed to log on. Account Name: administrator Source Network Address: 192.168.1.50.,0,Benign
2026-02-25 08:52:29,4672,3,157,Special privileges assigned to new logon. Subject: Security ID: S-1-5-21-1234567890 Account Name: Administrator Privileges: SeDebugPrivilege.,0,Benign
2026-02-27 13:24:50,4625,9,4561,An account failed to log on. Failure Reason: Account locked out.,0,Benign
2026-02-27 08:42:29,4625,12,7510,An account failed to log on. Subject: Security ID: S-1-0-0 Account Name: - Account Domain: - Logon Type: 3.,0,Benign
2026-02-24 09:02:50,4648,2,4043,A logon was attempted using explicit credentials. Target Server: localhost Target User: admin.,0,Benign
2026-02-28 15:12:56,4624,5,946,An account was successfully logged on. New Logon: Account Name: jdoe Account Domain: CORP Logon ID: 0x1A2B3C.,0,Benign
2026-02-25 12:37:48,4624,8,5340,An account was successfully logged on. New Logon: Account Name: jdoe Account Domain: CORP Logon ID: 0x1A2B3C.,0,Benign
2026-03-01 12:38:53,4625,7,5715,An account failed to log on. Logon Type: 10 Remote Desktop Services.,0,Benign
2026-02-28 15:23:32,4634,8,3657,An account was logged off. Logon Type: 3.,0,Benign
2026-02-25 12:38:21,4624,3,988,An account was successfully logged on. Logon Type: 10 Remote Desktop Services.,0,Benign
2026-02-26 09:19:37,4625,7,4983,An account failed to log on. Subject: Security ID: S-1-0-0 Account Name: - Account Domain: - Logon Type: 3.,0,Benign
2026-03-01 16:05:20,4720,8,9649,A user account was created. New Account Name: svc_backup New Account Domain: CORP.,0,Benign
2026-02-24 13:48:59,4672,2,8188,Special privileges assigned to new logon. Subject: Security ID: S-1-5-18 Privileges: SeAssignPrimaryTokenPrivilege SeTcbPrivilege SeSecurityPrivilege.,1,Benign
2026-03-01 13:35:50,4688,5,4440,A new process has been created. New Process Name: C:\Windows\System32\taskhostw.exe.,0,Benign
2026-02-25 10:59:19,4648,5,8973,A logon was attempted using explicit credentials. Target Server: localhost Target User: admin.,0,Benign
2026-02-28 16:38:13,4648,3,3769,A logon was attempted using explicit credentials. Process: C:\Windows\System32\runas.exe.,0,Benign
2026-02-27 15:46:15,4624,3,8342,An account was successfully logged on. Subject: Security ID: S-1-5-21-1234567890 Account Name: Administrator Account Domain: CORP Logon Type: 3.,0,Benign
2026-02-24 13:19:45,4688,9,3935,A new process has been created. New Process Name: C:\Windows\System32\notepad.exe.,0,Benign
2026-02-26 18:27:32,4625,5,4292,An account failed to log on. Failure Reason: Account locked out.,0,Benign
2026-02-27 08:35:04,4624,2,6316,An account was successfully logged on. Logon Type: 10 Remote Desktop Services.,0,Benign
2026-02-23 22:29:47,4625,5,3195,An account failed to log on. Subject: Security ID: S-1-0-0 Account Name: - Account Domain: - Logon Type: 3.,0,Benign
2026-02-24 13:24:05,4625,9,8745,An account failed to log on. Failure Reason: Unknown user name or bad password. Status: 0xC000006D Sub Status: 0xC000006A.,0,Benign
2026-02-23 02:09:05,4624,3,7588,An account was successfully logged on. Logon Type: 10 Remote Desktop Services.,0,Benign
2026-02-23 11:24:44,4625,10,1095,An account failed to log on. Subject: Security ID: S-1-0-0 Account Name: - Account Domain: - Logon Type: 3.,0,Benign
2026-02-25 09:29:03,4688,2,4170,A new process has been created. New Process Name: C:\Windows\System32\notepad.exe.,0,Benign
2026-02-25 15:18:35,4688,7,4050,A new process has been created. New Process Name: C:\Windows\System32\svchost.exe Creator Process Name: C:\Windows\System32\services.exe.,0,Benign
2026-02-24 07:10:02,4634,12,667,An account was logged off. Logon Type: 2 Interactive.,0,Benign
2026-02-26 09:45:24,4625,7,7978,An account failed to log on. Subject: Security ID: S-1-0-0 Account Name: - Account Domain: - Logon Type: 3.,0,Benign
2026-02-23 11:20:33,4634,7,1049,An account was logged off. Logon Type: 3.,0,Benign
2026-02-26 06:05:03,4624,9,1411,An account was successfully logged on. Logon Type: 2 Interactive.,0,Benign
2026-02-25 12:58:21,4624,3,2143,An account was successfully logged on. Subject: Security ID: S-1-5-18 Account Name: SYSTEM Account Domain: NT AUTHORITY Logon ID: 0x3E7 Logon Type: 5.,0,Benign
2026-02-25 09:32:46,4625,7,4153,An account failed to log on. Subject: Security ID: S-1-0-0 Account Name: - Account Domain: - Logon Type: 3.,0,Benign
2026-02-27 13:07:00,4688,3,5084,A new process has been created. New Process Name: C:\Windows\System32\svchost.exe Creator Process Name: C:\Windows\System32\services.exe.,1,Benign
2026-03-01 12:45:18,4624,11,7173,An account was successfully logged on. Logon Type: 2 Interactive.,0,Benign
2026-02-26 09:29:00,4624,10,6658,An account was successfully logged on. Subject: Security ID: S-1-5-18 Account Name: SYSTEM Account Domain: NT AUTHORITY Logon ID: 0x3E7 Logon Type: 5.,0,Benign
2026-02-27 02:34:11,4625,10,7310,An account failed to log on. Logon Type: 10 Remote Desktop Services.,0,Benign
2026-02-23 10:11:35,4624,9,8551,An account was successfully logged on. Subject: Security ID: S-1-5-21-1234567890 Account Name: Administrator Account Domain: CORP Logon Type: 3.,0,Benign
2026-02-27 16:06:18,4688,9,7182,A new process has been created. New Process Name: C:\Windows\System32\notepad.exe.,0,Benign
2026-03-01 02:54:18,4625,9,6851,An account failed to log on. Logon Type: 10 Remote Desktop Services.,0,Benign
2026-02-27 11:07:26,4625,3,3893,An account failed to log on. Subject: Security ID: S-1-0-0 Account Name: - Account Domain: - Logon Type: 3.,0,Benign
2026-03-01 18:37:37,4732,7,2880,Special privileges assigned to new logon. Subject: Security ID: S-1-5-21-9876543210 Account Name: backdoor.,1,T1078
2026-02-24 14:32:56,4624,3,7126,An account was successfully logged on. Subject: Security ID: S-1-5-18 Account Name: SYSTEM Account Domain: NT AUTHORITY Logon ID: 0x3E7 Logon Type: 5.,0,Benign
2026-02-28 14:32:36,4625,3,610,An account failed to log on. Account Name: administrator Source Network Address: 192.168.1.50.,0,Benign
2026-02-23 17:12:33,4624,8,4944,An account was successfully logged on. Subject: Security ID: S-1-5-18 Account Name: SYSTEM Account Domain: NT AUTHORITY Logon ID: 0x3E7 Logon Type: 5.,0,Benign
2026-02-24 02:27:50,4625,12,5936,An account failed to log on. Account Name: administrator Source Network Address: 192.168.1.50.,0,Benign
2026-02-26 08:19:11,4624,7,4717,An account was successfully logged on. Logon Type: 2 Interactive.,0,Benign
2026-02-26 09:16:58,4634,10,9695,An account was logged off. Subject: Security ID: S-1-5-21-1234567890 Account Name: jdoe.,0,Benign
2026-02-24 14:37:43,4648,5,1799,A logon was attempted using explicit credentials. Target Server: DC01 Target User: backup_svc.,0,Benign
2026-03-01 00:37:40,4624,12,2394,An account was successfully logged on. Logon Type: 2 Interactive.,0,Benign
2026-02-26 17:57:42,4625,5,4182,An account failed to log on. Failure Reason: Unknown user name or bad password. Status: 0xC000006D Sub Status: 0xC000006A.,0,Benign
2026-02-25 13:51:33,4688,5,4944,A new process has been created. New Process Name: C:\Program Files\Google\Chrome\chrome.exe Command Line: chrome.exe --type=renderer.,0,Benign
2026-02-28 10:12:08,4672,7,2950,Special privileges assigned to new logon. Subject: Security ID: S-1-5-18 Privileges: SeAssignPrimaryTokenPrivilege SeTcbPrivilege SeSecurityPrivilege.,0,Benign
2026-02-23 11:05:22,4625,5,5674,An account failed to log on. Account Name: administrator Source Network Address: 192.168.1.50.,0,Benign
2026-02-24 09:26:39,4688,12,9562,A new process has been created. New Process Name: C:\Program Files\Google\Chrome\chrome.exe Command Line: chrome.exe --type=renderer.,0,Benign
2026-02-23 04:45:03,4688,12,114,A new process has been created. New Process Name: C:\Windows\System32\cmd.exe Command Line: cmd.exe /c dir.,0,Benign
2026-02-28 14:40:35,4624,3,2056,An account was successfully logged on. Logon Type: 10 Remote Desktop Services.,0,Benign
2026-02-23 15:01:59,4648,8,5203,A logon was attempted using explicit credentials. Target Server: DC01 Target User: backup_svc.,0,Benign
2026-02-24 15:40:22,4625,8,107,An account failed to log on. Logon Type: 10 Remote Desktop Services.,0,Benign
2026-02-24 15:40:04,4624,5,7285,An account was successfully logged on. Subject: Security ID: S-1-5-18 Account Name: SYSTEM Account Domain: NT AUTHORITY Logon ID: 0x3E7 Logon Type: 5.,0,Benign
2026-02-25 10:42:26,4625,5,4249,An account failed to log on. Account Name: administrator Source Network Address: 192.168.1.50.,0,Benign
2026-02-27 16:58:09,4624,7,7318,An account was successfully logged on. Logon Type: 10 Remote Desktop Services.,0,Benign
2026-02-27 08:24:26,4634,12,969,An account was logged off. Logon Type: 2 Interactive.,0,Benign
2026-02-27 13:43:28,4625,12,674,An account failed to log on. Subject: Security ID: S-1-0-0 Account Name: - Account Domain: - Logon Type: 3.,0,Benign
2026-03-01 09:00:53,4688,3,7097,A new process has been created. New Process Name: C:\Program Files\Google\Chrome\chrome.exe Command Line: chrome.exe --type=renderer.,0,Benign
2026-02-28 14:52:25,4624,11,6877,An account was successfully logged on. New Logon: Account Name: jdoe Account Domain: CORP Logon ID: 0x1A2B3C.,0,Benign
2026-02-25 13:46:38,4688,12,2440,A new process has been created. New Process Name: C:\Program Files\Google\Chrome\chrome.exe Command Line: chrome.exe --type=renderer.,0,Benign
2026-02-23 21:41:17,4634,2,2168,An account was logged off. Logon Type: 3.,0,Benign
2026-02-27 11:26:13,4624,9,8157,An account was successfully logged on. Logon Type: 10 Remote Desktop Services.,0,Benign
2026-02-25 17:12:38,4624,11,8875,An account was successfully logged on. Subject: Security ID: S-1-5-21-1234567890 Account Name: Administrator Account Domain: CORP Logon Type: 3.,0,Benign
2026-02-23 17:04:32,4624,9,1134,An account was successfully logged on. Logon Type: 2 Interactive.,0,Benign
2026-02-23 02:05:32,4720,3,4243,A user account was created. New Account Name: test_account.,0,Benign
2026-02-23 15:23:28,4624,10,5391,An account was successfully logged on. Logon Type: 10 Remote Desktop Services.,0,Benign
2026-02-24 11:32:09,4624,9,978,An account was successfully logged on. Logon Type: 2 Interactive.,0,Benign
2026-02-28 14:10:45,4624,2,6084,An account was successfully logged on. New Logon: Account Name: jdoe Account Domain: CORP Logon ID: 0x1A2B3C.,0,Benign
2026-02-25 16:54:28,4624,7,2306,An account was successfully logged on. Subject: Security ID: S-1-5-21-1234567890 Account Name: Administrator Account Domain: CORP Logon Type: 3.,1,Benign
2026-02-24 12:32:44,4648,5,6092,A logon was attempted using explicit credentials. Target Server: DC01 Target User: backup_svc.,0,Benign
2026-02-26 09:15:29,4634,3,3875,An account was logged off. Subject: Security ID: S-1-5-21-1234567890 Account Name: jdoe.,0,Benign
2026-02-26 03:07:44,4625,8,2668,An account failed to log on. Subject: Security ID: S-1-0-0 Account Name: - Account Domain: - Logon Type: 3.,0,Benign
2026-03-01 11:16:48,4625,3,8804,An account failed to log on. Account Name: administrator Source Network Address: 192.168.1.50.,0,Benign
2026-02-26 16:22:28,4624,5,9458,An account was successfully logged on. Logon Type: 10 Remote Desktop Services.,0,Benign
2026-02-25 05:35:43,4634,2,850,An account was logged off. Subject: Security ID: S-1-5-21-1234567890 Account Name: jdoe.,0,Benign
2026-03-01 08:41:51,4625,10,6457,An account failed to log on. Failure Reason: Account locked out.,0,Benign
2026-02-23 18:16:33,4648,9,472,A logon was attempted using explicit credentials. Target Server: localhost Target User: admin.,0,Benign
2026-02-23 17:08:14,4624,8,2368,An account was successfully logged on. Logon Type: 10 Remote Desktop Services.,1,Benign
2026-02-28 13:08:06,4648,8,3410,A logon was attempted using explicit credentials. Target Server: localhost Target User: admin.,0,Benign
2026-02-26 12:07:19,4624,12,367,An account was successfully logged on. Subject: Security ID: S-1-5-18 Account Name: SYSTEM Account Domain: NT AUTHORITY Logon ID: 0x3E7 Logon Type: 5.,0,Benign
2026-02-26 08:33:23,4624,9,3213,An account was successfully logged on. Subject: Security ID: S-1-5-21-1234567890 Account Name: Administrator Account Domain: CORP Logon Type: 3.,0,Benign
2026-02-23 10:00:07,4625,5,5949,An account failed to log on. Subject: Security ID: S-1-0-0 Account Name: - Account Domain: - Logon Type: 3.,0,Benign
2026-02-24 08:09:19,4624,7,8994,An account was successfully logged on. Logon Type: 2 Interactive.,0,Benign
2026-02-24 16:42:08,4624,7,550,An account was successfully logged on. Logon Type: 2 Interactive.,0,Benign
2026-03-01 11:53:42,4624,11,5101,An account was successfully logged on. Subject: Security ID: S-1-5-18 Account Name: SYSTEM Account Domain: NT AUTHORITY Logon ID: 0x3E7 Logon Type: 5.,0,Benign
2026-02-28 10:53:58,4624,5,2926,An account was successfully logged on. Subject: Security ID: S-1-5-21-1234567890 Account Name: Administrator Account Domain: CORP Logon Type: 3.,0,Benign
2026-02-26 14:43:51,4634,2,3999,An account was logged off. Subject: Security ID: S-1-5-21-1234567890 Account Name: jdoe.,0,Benign
2026-02-26 15:14:10,4688,7,2282,A new process has been created. New Process Name: C:\Windows\System32\cmd.exe Command Line: cmd.exe /c dir.,0,Benign
2026-02-27 13:57:29,4624,5,8063,An account was successfully logged on. Subject: Security ID: S-1-5-18 Account Name: SYSTEM Account Domain: NT AUTHORITY Logon ID: 0x3E7 Logon Type: 5.,0,Benign
2026-03-01 18:15:17,4624,2,6845,An account was successfully logged on. Logon Type: 10 Remote Desktop Services.,0,Benign
2026-02-24 10:45:07,4624,5,2214,An account was successfully logged on. New Logon: Account Name: jdoe Account Domain: CORP Logon ID: 0x1A2B3C.,0,Benign
2026-02-25 15:51:20,4625,8,6574,An account failed to log on. Subject: Security ID: S-1-0-0 Account Name: - Account Domain: - Logon Type: 3.,0,Benign
2026-03-01 12:27:52,4688,8,5865,A new process has been created. New Process Name: C:\Windows\System32\taskhostw.exe.,0,Benign
2026-02-24 11:12:07,4688,3,1022,A new process has been created. New Process Name: C:\Windows\System32\notepad.exe.,0,Benign
2026-02-24 14:43:04,4624,3,4074,An account was successfully logged on. Subject: Security ID: S-1-5-21-1234567890 Account Name: Administrator Account Domain: CORP Logon Type: 3.,0,Benign
2026-03-01 09:53:59,4634,2,5788,An account was logged off. Subject: Security ID: S-1-5-21-1234567890 Account Name: jdoe.,0,Benign
2026-02-28 09:47:15,4634,8,705,An account was logged off. Logon Type: 3.,0,Benign
2026-02-25 10:42:31,4624,5,4437,An account was successfully logged on. Subject: Security ID: S-1-5-18 Account Name: SYSTEM Account Domain: NT AUTHORITY Logon ID: 0x3E7 Logon Type: 5.,0,Benign
