2026-02-26 04:53:12,4634,10,979,An account was logged off. Logon Type: 2 Interactive.,0,Benign
2026-02-26 08:33:54,4624,8,3379,An account was successfully logged on. Logon Type: 2 Interactive.,0,Benign
2026-02-25 08:16:27,4625,7,4500,An account failed to log on. Failure Reason: Account locked out.,0,Benign
2026-03-01 17:29:23,4732,12,2575,A member was added to a security-enabled local group. Member Name: svc_backup Group Name: Backup Operators.,0,Benign
2026-02-24 10:59:39,4648,8,8374,A logon was attempted using explicit credentials. Target Server: localhost Target User: admin.,0,Benign
2026-03-01 09:27:14,4624,2,3234,An account was successfully logged on. New Logon: Account Name: jdoe Account Domain: CORP Logon ID: 0x1A2B3C.,0,Benign
2026-03-01 12:31:25,4688,8,2789,A new process has been created. New Process Name: C:\Windows\System32\taskhostw.exe.,0,Benign
2026-02-24 13:57:34,4624,11,4017,An account was successfully logged on. Logon Type: 10 Remote Desktop Services.,0,Benign
2026-03-01 16:26:09,4688,5,4196,A new process has been created. New Process Name: C:\Windows\System32\svchost.exe Creator Process Name: C:\Windows\System32\services.exe.,0,Benign
2026-03-01 17:00:20,4624,8,7302,An account was successfully logged on. Subject: Security ID: S-1-5-18 Account Name: SYSTEM Account Domain: NT AUTHORITY Logon ID: 0x3E7 Logon Type: 5.,0,Benign
2026-02-25 11:06:30,4648,7,5119,A logon was attempted using explicit credentials. Target Server: DC01 Target User: backup_svc.,0,Benign
2026-02-24 13:31:06,4624,10,8293,An account was successfully logged on. New Logon: Account Name: jdoe Account Domain: CORP Logon ID: 0x1A2B3C.,0,Benign
2026-03-01 15:26:48,4624,12,3628,An account was successfully logged on. Logon Type: 2 Interactive.,1,Benign
2026-02-23 10:25:39,4648,3,4809,A logon was attempted using explicit credentials. Target Server: localhost Target User: admin.,0,Benign
2026-02-28 17:47:38,4624,10,6641,An account was successfully logged on. Logon Type: 10 Remote Desktop Services.,0,Benign
2026-02-27 01:14:22,4624,10,3766,An account was successfully logged on. Logon Type: 10 Remote Desktop Services.,0,Benign
2026-02-27 00:52:20,4688,2,2365,A new process has been created. New Process Name: C:\Windows\System32\taskhostw.exe.,0,Benign
2026-02-25 13:11:30,4625,9,1123,An account failed to log on. Logon Type: 10 Remote Desktop Services.,0,Benign
2026-02-25 11:23:38,4648,12,3952,A logon was attempted using explicit credentials. Target Server: DC01 Target User: backup_svc.,0,Benign
2026-02-26 10:58:41,4688,5,225,A new process has been created. New Process Name: C:\Windows\System32\notepad.exe.,0,Benign
2026-02-24 13:32:51,4634,10,4832,An account was logged off. Logon Type: 2 Interactive.,0,Benign
2026-02-27 11:10:20,4624,11,580,An account was successfully logged on. New Logon: Account Name: jdoe Account Domain: CORP Logon ID: 0x1A2B3C.,0,Benign
2026-02-28 01:22:43,4648,8,819,A logon was attempted using explicit credentials. Target Server: DC01 Target User: backup_svc.,0,Benign
2026-02-28 15:08:32,4688,7,5670,A new process has been created. New Process Name: C:\Program Files\Google\Chrome\chrome.exe Command Line: chrome.exe --type=renderer.,0,Benign
2026-02-23 09:29:24,4624,7,3989,An account was successfully logged on. Subject: Security ID: S-1-5-21-1234567890 Account Name: Administrator Account Domain: CORP Logon Type: 3.,0,Benign
2026-02-26 12:23:16,4648,2,2136,A logon was attempted using explicit credentials. Target Server: DC01 Target User: backup_svc.,0,Benign
2026-02-23 04:01:40,4624,7,7486,An account was successfully logged on. Subject: Security ID: S-1-5-21-1234567890 Account Name: Administrator Account Domain: CORP Logon Type: 3.,0,Benign
2026-02-25 09:59:12,4624,12,9390,An account was successfully logged on. Subject: Security ID: S-1-5-21-1234567890 Account Name: Administrator Account Domain: CORP Logon Type: 3.,0,Benign
2026-02-24 09:59:25,4634,8,7292,An account was logged off. Logon Type: 2 Interactive.,0,Benign
2026-02-27 14:30:22,4624,11,6159,An account was successfully logged on. Logon Type: 10 Remote Desktop Services.,0,Benign
2026-02-24 08:05:40,4625,7,8008,An account failed to log on. Account Name: administrator Source Network Address: 192.168.1.50.,0,Benign
2026-02-25 16:36:08,4648,7,2888,A logon was attempted using explicit credentials. Process: C:\Windows\System32\runas.exe.,0,Benign
2026-02-26 11:21:34,4688,3,1952,A new process has been created. New Process Name: C:\Windows\System32\notepad.exe.,0,Benign
2026-02-26 17:46:48,4688,3,114,A new process has been created. New Process Name: C:\Windows\System32\taskhostw.exe.,0,Benign
2026-02-25 13:36:39,4688,2,3478,A new process has been created. New Process Name: C:\Windows\System32\cmd.exe Command Line: cmd.exe /c dir.,0,Benign
2026-02-24 08:07:36,4688,8,1673,A new process has been created. New Process Name: C:\Windows\System32\taskhostw.exe.,0,Benign
2026-02-26 13:01:43,4732,2,4672,A member was added to a security-enabled local group. Member Name: tempuser Group Name: Administrators.,0,Benign
2026-02-23 08:46:45,4634,11,4842,An account was logged off. Subject: Security ID: S-1-5-21-1234567890 Account Name: jdoe.,0,Benign
2026-02-27 17:33:55,4624,11,1724,An account was successfully logged on. Subject: Security ID: S-1-5-21-1234567890 Account Name: Administrator Account Domain: CORP Logon Type: 3.,0,Benign
2026-02-26 17:08:31,4634,2,8441,An account was logged off. Logon Type: 2 Interactive.,0,Benign
2026-02-27 11:03:10,4672,11,9804,Special privileges assigned to new logon. Subject: Security ID: S-1-5-18 Privileges: SeAssignPrimaryTokenPrivilege SeTcbPrivilege SeSecurityPrivilege.,0,Benign
2026-02-27 14:06:08,4625,7,9858,An account failed to log on. Subject: Security ID: S-1-0-0 Account Name: - Account Domain: - Logon Type: 3.,0,Benign
2026-02-24 09:21:48,4732,5,3776,A member was added to a security-enabled local group. Member Name: jdoe Group Name: Remote Desktop Users.,0,Benign
2026-02-28 14:01:22,4624,11,8004,An account was successfully logged on. New Logon: Account Name: jdoe Account Domain: CORP Logon ID: 0x1A2B3C.,0,Benign
2026-02-28 12:46:23,4624,5,6468,An account was successfully logged on. Logon Type: 2 Interactive.,0,Benign
2026-02-23 10:09:10,4634,9,1618,An account was logged off. Logon Type: 3.,0,Benign
2026-02-26 17:06:54,4634,3,4902,An account was logged off. Logon Type: 3.,0,Benign
2026-03-01 17:50:04,4624,9,7625,An account was successfully logged on. Subject: Security ID: S-1-5-21-1234567890 Account Name: Administrator Account Domain: CORP Logon Type: 3.,0,Benign
2026-02-23 11:13:52,4625,10,6652,An account failed to log on. Account Name: administrator Source Network Address: 192.168.1.50.,0,Benign
2026-02-24 11:59:00,4732,8,1796,A member was added to a security-enabled local group. Member Name: tempuser Group Name: Administrators.,0,Benign
2026-02-27 05:59:02,4625,11,7583,An account failed to log on. Failure Reason: Account locked out.,0,Benign
2026-02-28 15:54:17,4624,12,2996,An account was successfully logged on. Subject: Security ID: S-1-5-21-1234567890 Account Name: Administrator Account Domain: CORP Logon Type: 3.,0,Benign
2026-02-25 11:58:53,4624,12,6795,An account was successfully logged on. Logon Type: 10 Remote Desktop Services.,0,Benign
2026-02-25 17:47:43,4624,12,4478,An account was successfully logged on. Subject: Security ID: S-1-5-18 Account Name: SYSTEM Account Domain: NT AUTHORITY Logon ID: 0x3E7 Logon Type: 5.,0,Benign
2026-03-01 13:35:12,4624,2,111,An account was successfully logged on. Logon Type: 10 Remote Desktop Services.,0,Benign
2026-03-01 09:10:56,4624,12,6354,An account was successfully logged on. Subject: Security ID: S-1-5-18 Account Name: SYSTEM Account Domain: NT AUTHORITY Logon ID: 0x3E7 Logon Type: 5.,0,Benign
2026-02-26 15:04:07,4720,9,1006,A user account was created. New Account Name: svc_backup New Account Domain: CORP.,0,Benign
2026-03-01 12:59:52,4634,2,1742,An account was logged off. Logon Type: 2 Interactive.,0,Benign
2026-03-01 16:34:22,4720,2,6001,A user account was created. New Account Name: test_account.,0,Benign
2026-02-28 13:24:06,4634,2,9526,An account was logged off. Logon Type: 3.,0,Benign
2026-02-28 14:25:20,4624,7,6310,An account was successfully logged on. Subject: Security ID: S-1-5-18 Account Name: SYSTEM Account Domain: NT AUTHORITY Logon ID: 0x3E7 Logon Type: 5.,0,Benign
2026-02-28 17:06:15,4624,3,174,An account was successfully logged on. Subject: Security ID: S-1-5-21-1234567890 Account Name: Administrator Account Domain: CORP Logon Type: 3.,0,Benign
2026-02-23 13:32:58,4625,10,821,An account failed to log on. Logon Type: 10 Remote Desktop Services.,0,Benign
2026-02-26 11:45:31,4648,3,2997,A logon was attempted using explicit credentials. Target Server: localhost Target User: admin.,0,Benign
2026-02-28 08:35:20,4648,10,3018,A logon was attempted using explicit credentials. Target Server: localhost Target User: admin.,0,Benign
2026-02-25 10:28:04,4688,10,4234,A new process has been created. New Process Name: C:\Windows\System32\svchost.exe Creator Process Name: C:\Windows\System32\services.exe.,0,Benign
2026-02-25 17:40:47,4624,8,7559,An account was successfully logged on. Logon Type: 2 Interactive.,0,Benign
2026-02-24 08:08:11,4688,10,6360,A new process has been created. New Process Name: C:\Windows\System32\notepad.exe.,0,Benign
2026-02-23 09:39:57,4624,8,6999,An account was successfully logged on. Logon Type: 10 Remote Desktop Services.,0,Benign
2026-02-26 16:05:22,4624,5,677,An account was successfully logged on. New Logon: Account Name: jdoe Account Domain: CORP Logon ID: 0x1A2B3C.,0,Benign
2026-02-26 16:39:27,4624,10,9931,An account was successfully logged on. New Logon: Account Name: jdoe Account Domain: CORP Logon ID: 0x1A2B3C.,0,Benign
2026-02-25 14:55:38,4625,8,3038,An account failed to log on. Failure Reason: Unknown user name or bad password. Status: 0xC000006D Sub Status: 0xC000006A.,0,Benign
2026-02-27 12:30:16,4624,8,8685,An account was successfully logged on. New Logon: Account Name: jdoe Account Domain: CORP Logon ID: 0x1A2B3C.,0,Benign
2026-02-25 02:35:22,4624,5,1797,An account was successfully logged on. Logon Type: 10 Remote Desktop Services.,0,Benign
2026-02-26 13:02:22,4624,8,6681,An account was successfully logged on. Subject: Security ID: S-1-5-21-1234567890 Account Name: Administrator Account Domain: CORP Logon Type: 3.,0,Benign
2026-02-23 09:08:15,4688,8,5196,A new process has been created. New Process Name: C:\Windows\System32\taskhostw.exe.,0,Benign
2026-02-23 08:54:23,4672,2,5269,Special privileges assigned to new logon. Account Name: SYSTEM Privileges: SeBackupPrivilege SeRestorePrivilege.,0,Benign
2026-02-25 16:28:43,4634,9,8323,An account was logged off. Logon Type: 2 Interactive.,0,Benign
2026-02-27 14:54:33,4624,3,9571,An account was successfully logged on. Subject: Security ID: S-1-5-21-1234567890 Account Name: Administrator Account Domain: CORP Logon Type: 3.,0,Benign
2026-02-25 11:55:57,4720,9,5000,A user account was created. New Account Name: svc_backup New Account Domain: CORP.,0,Benign
2026-02-23 08:59:24,4625,12,7196,An account failed to log on. Logon Type: 10 Remote Desktop Services.,0,Benign
2026-02-23 08:23:10,4625,5,7302,An account failed to log on. Logon Type: 10 Remote Desktop Services.,0,Benign
2026-02-26 09:07:19,4624,7,7443,An account was successfully logged on. Logon Type: 10 Remote Desktop Services.,0,Benign
2026-02-26 09:17:54,4634,7,4557,An account was logged off. Logon Type: 2 Interactive.,0,Benign
2026-02-28 11:56:47,4625,10,5952,An account failed to log on. Logon Type: 10 Remote Desktop Services.,0,Benign
2026-02-25 09:05:23,4624,9,8793,An account was successfully logged on. Logon Type: 2 Interactive.,0,Benign
2026-02-27 12:15:41,4624,11,3268,An account was successfully logged on. Logon Type: 2 Interactive.,0,Benign
2026-03-01 17:44:03,4634,5,1646,An account was logged off. Subject: Security ID: S-1-5-21-1234567890 Account Name: jdoe.,0,Benign
2026-02-24 11:03:17,4624,8,7438,An account was successfully logged on. Subject: Security ID: S-1-5-18 Account Name: SYSTEM Account Domain: NT AUTHORITY Logon ID: 0x3E7 Logon Type: 5.,0,Benign
2026-02-28 10:51:23,4624,11,6076,An account was successfully logged on. New Logon: Account Name: jdoe Account Domain: CORP Logon ID: 0x1A2B3C.,0,Benign
2026-02-27 12:33:21,4688,10,2577,A new process has been created. New Process Name: C:\Windows\System32\cmd.exe Command Line: cmd.exe /c dir.,0,Benign
2026-02-23 16:56:47,4625,8,1867,An account failed to log on. Subject: Security ID: S-1-0-0 Account Name: - Account Domain: - Logon Type: 3.,0,Benign
2026-02-25 12:03:46,4688,5,6646,A new process has been created. New Process Name: C:\Windows\System32\notepad.exe.,0,Benign
2026-02-24 09:27:59,4634,8,2640,An account was logged off. Logon Type: 2 Interactive.,0,Benign
2026-02-23 15:33:12,4624,10,9958,An account was successfully logged on. Subject: Security ID: S-1-5-21-1234567890 Account Name: Administrator Account Domain: CORP Logon Type: 3.,0,Benign
2026-02-28 12:46:31,4624,2,1039,An account was successfully logged on. Logon Type: 2 Interactive.,0,Benign
2026-03-01 16:01:26,4720,11,3197,A user account was created. New Account Name: tempuser New Account Domain: CORP.,0,Benign
2026-02-28 14:24:13,4688,10,3494,A new process has been created. New Process Name: C:\Windows\System32\notepad.exe.,0,Benign
2026-02-26 16:28:58,4648,3,6160,A logon was attempted using explicit credentials. Target Server: localhost Target User: admin.,0,Benign
2026-02-28 19:01:52,4688,9,3870,A new process has been created. New Process Name: C:\Windows\System32\cmd.exe Command Line: cmd.exe /c whoami.,1,T1047
2026-02-28 16:53:27,4624,10,9348,An account was successfully logged on. Logon Type: 2 Interactive.,0,Benign
2026-02-28 17:22:02,4625,12,8854,An account failed to log on. Failure Reason: Unknown user name or bad password. Status: 0xC000006D Sub Status: 0xC000006A.,0,Benign
2026-02-25 09:56:17,4624,8,3000,An account was successfully logged on. New Logon: Account Name: jdoe Account Domain: CORP Logon ID: 0x1A2B3C.,0,Benign
2026-02-25 08:15:25,4648,8,833,A logon was attempted using explicit credentials. Target Server: localhost Target User: admin.,0,Benign
2026-02-25 15:57:57,4720,11,4793,A user account was created. New Account Name: test_account.,0,Benign
2026-02-26 14:31:30,4624,8,4877,An account was successfully logged on. Subject: Security ID: S-1-5-21-1234567890 Account Name: Administrator Account Domain: CORP Logon Type: 3.,0,Benign
2026-02-25 14:06:55,4688,2,8721,A new process has been created. New Process Name: C:\Windows\System32\notepad.exe.,0,Benign
2026-03-01 08:05:35,4624,10,1464,An account was successfully logged on. Subject: Security ID: S-1-5-18 Account Name: SYSTEM Account Domain: NT AUTHORITY Logon ID: 0x3E7 Logon Type: 5.,0,Benign
2026-02-26 16:09:51,4624,5,6715,An account was successfully logged on. New Logon: Account Name: jdoe Account Domain: CORP Logon ID: 0x1A2B3C.,0,Benign
2026-02-25 09:50:39,4688,7,3277,A new process has been created. New Process Name: C:\Windows\System32\notepad.exe.,0,Benign
2026-03-01 08:48:49,4648,8,1598,A logon was attempted using explicit credentials. Process: C:\Windows\System32\runas.exe.,0,Benign
2026-02-23 17:35:52,4624,2,9574,An account was successfully logged on. Logon Type: 10 Remote Desktop Services.,0,Benign
2026-02-27 20:11:43,4625,3,1040,An account failed to log on. Logon Type: 10 Remote Desktop Services.,0,Benign
2026-03-01 17:29:43,4624,3,1608,An account was successfully logged on. Logon Type: 2 Interactive.,0,Benign
2026-02-26 15:42:59,4625,8,1888,An account failed to log on. Failure Reason: Unknown user name or bad password. Status: 0xC000006D Sub Status: 0xC000006A.,0,Benign
2026-03-01 12:43:15,4624,2,4935,An account was successfully logged on. Subject: Security ID: S-1-5-21-1234567890 Account Name: Administrator Account Domain: CORP Logon Type: 3.,0,Benign
2026-02-28 01:14:30,4625,3,7606,An account failed to log on. Failure Reason: Account locked out.,0,Benign
2026-02-25 01:55:05,4672,3,2971,Special privileges assigned to new logon. Subject: Security ID: S-1-5-18 Privileges: SeAssignPrimaryTokenPrivilege SeTcbPrivilege SeSecurityPrivilege.,0,Benign
2026-02-24 08:27:54,4624,12,5056,An account was successfully logged on. Logon Type: 2 Interactive.,0,Benign
2026-02-27 16:52:23,4624,10,7103,An account was successfully logged on. Subject: Security ID: S-1-5-18 Account Name: SYSTEM Account Domain: NT AUTHORITY Logon ID: 0x3E7 Logon Type: 5.,0,Benign
2026-02-27 16:40:28,4648,9,3902,A logon was attempted using explicit credentials. Process: C:\Windows\System32\runas.exe.,0,Benign
2026-02-24 12:49:06,4648,7,2329,A logon was attempted using explicit credentials. Process: C:\Windows\System32\runas.exe.,0,Benign
2026-02-23 14:53:34,4624,8,496,An account was successfully logged on. Subject: Security ID: S-1-5-18 Account Name: SYSTEM Account Domain: NT AUTHORITY Logon ID: 0x3E7 Logon Type: 5.,0,Benign
2026-02-24 09:05:09,4688,5,8080,A new process has been created. New Process Name: C:\Windows\System32\svchost.exe Creator Process Name: C:\Windows\System32\services.exe.,0,Benign
2026-02-28 13:01:38,4688,3,755,A new process has been created. New Process Name: C:\Windows\System32\svchost.exe Creator Process Name: C:\Windows\System32\services.exe.,0,Benign
2026-03-01 09:59:42,4625,9,7877,An account failed to log on. Failure Reason: Account locked out.,0,Benign
2026-02-26 10:40:33,4624,3,8216,An account was successfully logged on. Subject: Security ID: S-1-5-18 Account Name: SYSTEM Account Domain: NT AUTHORITY Logon ID: 0x3E7 Logon Type: 5.,0,Benign
2026-02-24 16:13:58,4688,10,9746,A new process has been created. New Process Name: C:\Windows\System32\taskhostw.exe.,0,Benign
2026-02-28 15:04:05,4624,10,9985,An account was successfully logged on. Logon Type: 10 Remote Desktop Services.,0,Benign
2026-03-01 17:04:05,4634,11,842,An account was logged off. Logon Type: 2 Interactive.,0,Benign
2026-02-27 12:35:26,4732,11,5875,A member was added to a security-enabled local group. Member Name: tempuser Group Name: Administrators.,0,Benign
2026-02-24 09:47:08,4624,11,758,An account was successfully logged on. Subject: Security ID: S-1-5-18 Account Name: SYSTEM Account Domain: NT AUTHORITY Logon ID: 0x3E7 Logon Type: 5.,0,Benign
2026-02-27 13:21:12,4625,11,2312,An account failed to log on. Failure Reason: Unknown user name or bad password. Status: 0xC000006D Sub Status: 0xC000006A.,0,Benign
2026-02-25 10:55:48,4624,5,5300,An account was successfully logged on. Logon Type: 10 Remote Desktop Services.,0,Benign
2026-02-28 16:23:57,4688,12,6642,A new process has been created. New Process Name: C:\Windows\System32\cmd.exe Command Line: cmd.exe /c dir.,0,Benign
2026-02-26 19:25:00,4625,5,4947,An account failed to log on. Subject: Security ID: S-1-0-0 Account Name: - Account Domain: - Logon Type: 3.,0,Benign
2026-02-28 09:44:13,4634,9,2037,An account was logged off. Logon Type: 3.,0,Benign
2026-02-24 12:19:04,4648,12,2556,A logon was attempted using explicit credentials. Target Server: DC01 Target User: backup_svc.,0,Benign
2026-02-24 09:43:04,4624,9,2499,An account was successfully logged on. Logon Type: 2 Interactive.,0,Benign
2026-02-23 17:19:11,4634,11,7418,An account was logged off. Logon Type: 2 Interactive.,0,Benign
2026-02-28 08:51:38,4688,5,2278,A new process has been created. New Process Name: C:\Program Files\Google\Chrome\chrome.exe Command Line: chrome.exe --type=renderer.,0,Benign
2026-02-27 05:27:30,4672,2,7596,Special privileges assigned to new logon. Account Name: SYSTEM Privileges: SeBackupPrivilege SeRestorePrivilege.,0,Benign
2026-02-27 17:15:20,4625,9,8393,An account failed to log on. Subject: Security ID: S-1-0-0 Account Name: - Account Domain: - Logon Type: 3.,0,Benign
2026-02-25 16:11:32,4624,12,1482,An account was successfully logged on. New Logon: Account Name: jdoe Account Domain: CORP Logon ID: 0x1A2B3C.,0,Benign
2026-02-26 16:11:53,4624,10,3987,An account was successfully logged on. New Logon: Account Name: jdoe Account Domain: CORP Logon ID: 0x1A2B3C.,0,Benign
2026-02-28 15:15:14,4732,11,3794,A member was added to a security-enabled local group. Member Name: tempuser Group Name: Administrators.,0,Benign
2026-02-24 09:01:28,4625,5,5602,An account failed to log on. Failure Reason: Account locked out.,0,Benign
2026-02-26 16:15:55,4624,10,7800,An account was successfully logged on. New Logon: Account Name: jdoe Account Domain: CORP Logon ID: 0x1A2B3C.,0,Benign
2026-03-01 17:44:41,4688,11,7856,A new process has been created. New Process Name: C:\Windows\System32\svchost.exe Creator Process Name: C:\Windows\System32\services.exe.,0,Benign
2026-02-28 09:10:17,4625,2,4716,An account failed to log on. Account Name: administrator Source Network Address: 192.168.1.50.,0,Benign
2026-02-27 14:41:23,4625,2,885,An account failed to log on. Logon Type: 10 Remote Desktop Services.,0,Benign
2026-02-23 12:13:16,4672,5,5063,Special privileges assigned to new logon. Account Name: SYSTEM Privileges: SeBackupPrivilege SeRestorePrivilege.,0,Benign
2026-02-25 12:22:23,4625,10,4302,An account failed to log on. Failure Reason: Account locked out.,1,T1110
2026-02-23 01:05:07,4648,12,5949,A logon was attempted using explicit credentials. Target Server: DC01 Target User: backup_svc.,0,Benign
2026-02-23 15:01:54,4624,2,7153,An account was successfully logged on. Logon Type: 2 Interactive.,0,Benign
2026-02-24 11:02:12,4688,8,6031,A new process has been created. New Process Name: C:\Windows\System32\notepad.exe.,0,Benign
2026-02-28 10:08:09,4624,12,345,An account was successfully logged on. New Logon: Account Name: jdoe Account Domain: CORP Logon ID: 0x1A2B3C.,0,Benign
2026-02-24 13:30:18,4625,3,5404,An account failed to log on. Subject: Security ID: S-1-0-0 Account Name: - Account Domain: - Logon Type: 3.,0,Benign
2026-02-25 09:18:05,4634,3,9983,An account was logged off. Logon Type: 3.,0,Benign
2026-03-01 10:28:43,4624,12,379,An account was successfully logged on. Subject: Security ID: S-1-5-21-1234567890 Account Name: Administrator Account Domain: CORP Logon Type: 3.,0,Benign
2026-03-01 09:07:31,4648,10,4634,A logon was attempted using explicit credentials. Target Server: localhost Target User: admin.,0,Benign
2026-02-24 08:43:57,4624,9,485,An account was successfully logged on. New Logon: Account Name: jdoe Account Domain: CORP Logon ID: 0x1A2B3C.,0,Benign
2026-02-28 10:37:41,4624,8,1192,An account was successfully logged on. Logon Type: 2 Interactive.,0,Benign
2026-02-25 15:55:35,4720,8,1879,A user account was created. New Account Name: test_account.,0,Benign
2026-03-01 09:39:35,4634,2,3392,An account was logged off. Logon Type: 2 Interactive.,0,Benign
2026-02-27 11:28:41,4624,5,8447,An account was successfully logged on. Subject: Security ID: S-1-5-21-1234567890 Account Name: Administrator Account Domain: CORP Logon Type: 3.,0,Benign
2026-02-24 07:53:20,4648,10,5106,A logon was attempted using explicit credentials. Process: C:\Windows\System32\runas.exe.,0,Benign
2026-02-24 11:54:45,4688,7,961,A new process has been created. New Process Name: C:\Program Files\Google\Chrome\chrome.exe Command Line: chrome.exe --type=renderer.,0,Benign
2026-02-23 09:37:46,4624,2,4242,An account was successfully logged on. Subject: Security ID: S-1-5-21-1234567890 Account Name: Administrator Account Domain: CORP Logon Type: 3.,0,Benign
2026-02-25 08:17:19,4625,12,9131,An account failed to log on. Logon Type: 10 Remote Desktop Services.,0,Benign
2026-02-28 15:25:38,4732,7,209,A member was added to a security-enabled local group. Member Name: svc_backup Group Name: Backup Operators.,0,Benign
2026-02-27 12:57:53,4688,11,9416,A new process has been created. New Process Name: C:\Windows\System32\taskhostw.exe.,0,Benign
2026-02-28 15:54:41,4624,7,1546,An account was successfully logged on. Subject: Security ID: S-1-5-18 Account Name: SYSTEM Account Domain: NT AUTHORITY Logon ID: 0x3E7 Logon Type: 5.,0,Benign
2026-02-26 17:37:34,4624,7,7464,An account was successfully logged on. New Logon: Account Name: jdoe Account Domain: CORP Logon ID: 0x1A2B3C.,0,Benign
2026-02-23 17:15:09,4625,10,2212,An account failed to log on. Failure Reason: Account locked out.,0,Benign
2026-02-24 11:00:29,4625,5,427,An account failed to log on. Subject: Security ID: S-1-0-0 Account Name: - Account Domain: - Logon Type: 3.,0,Benign
2026-02-24 10:42:18,4720,3,8865,A user account was created. New Account Name: tempuser New Account Domain: CORP.,0,Benign
2026-03-01 18:09:05,4625,3,2553,An account failed to log on. Failure Reason: Account locked out.,0,Benign
2026-02-26 17:53:15,4625,8,4578,An account failed to log on. Account Name: administrator Source Network Address: 192.168.1.50.,0,Benign
2026-02-28 14:27:11,4625,2,5947,An account failed to log on. Failure Reason: Unknown user name or bad password. Status: 0xC000006D Sub Status: 0xC000006A.,0,Benign
2026-02-25 09:00:00,4720,11,1186,A user account was created. New Account Name: svc_backup New Account Domain: CORP.,0,Benign
2026-02-28 08:51:23,4648,5,1886,A logon was attempted using explicit credentials. Target Server: DC01 Target User: backup_svc.,0,Benign
2026-02-24 10:42:33,4634,3,1030,An account was logged off. Logon Type: 3.,0,Benign
2026-02-23 22:34:14,4625,10,4071,An account failed to log on. Logon Type: 10 Remote Desktop Services.,0,Benign
2026-02-26 12:04:34,4648,5,264,A logon was attempted using explicit credentials. Target Server: DC01 Target User: backup_svc.,0,Benign
2026-02-23 21:59:17,4624,11,1891,An account was successfully logged on. New Logon: Account Name: jdoe Account Domain: CORP Logon ID: 0x1A2B3C.,0,Benign
2026-02-25 13:41:09,4624,12,7251,An account was successfully logged on. Logon Type: 10 Remote Desktop Services.,0,Benign
2026-02-23 19:38:40,4648,9,7723,A logon was attempted using explicit credentials. Process: C:\Windows\System32\runas.exe.,0,Benign
2026-03-01 12:14:55,4624,5,3358,An account was successfully logged on. New Logon: Account Name: jdoe Account Domain: CORP Logon ID: 0x1A2B3C.,0,Benign
2026-02-27 16:44:11,4625,8,5278,An account failed to log on. Subject: Security ID: S-1-0-0 Account Name: - Account Domain: - Logon Type: 3.,0,Benign
2026-02-26 08:44:24,4688,11,8786,A new process has been created. New Process Name: C:\Windows\System32\notepad.exe.,0,Benign
2026-03-01 04:32:04,4688,5,6638,A new process has been created. New Process Name: C:\Windows\System32\taskhostw.exe.,0,Benign
2026-03-01 04:58:38,4624,11,5842,An account was successfully logged on. Logon Type: 10 Remote Desktop Services.,0,Benign
2026-02-27 17:40:34,4648,12,2086,A logon was attempted using explicit credentials. Process: C:\Windows\System32\runas.exe.,0,Benign
2026-02-26 13:12:03,4624,8,9004,An account was successfully logged on. Subject: Security ID: S-1-5-18 Account Name: SYSTEM Account Domain: NT AUTHORITY Logon ID: 0x3E7 Logon Type: 5.,0,Benign
2026-02-26 18:41:11,4648,3,578,A logon was attempted using explicit credentials. Target Server: localhost Target User: admin.,0,Benign
2026-02-23 12:16:35,4688,5,3449,A new process has been created. New Process Name: C:\Windows\System32\cmd.exe Command Line: cmd.exe /c dir.,0,Benign
2026-03-01 14:26:21,4624,10,4128,An account was successfully logged on. Logon Type: 2 Interactive.,0,Benign
2026-02-26 10:30:54,4634,8,6481,An account was logged off. Logon Type: 2 Interactive.,0,Benign
2026-03-01 16:57:59,4624,11,4393,An account was successfully logged on. Logon Type: 2 Interactive.,0,Benign
2026-02-23 16:05:36,4624,11,832,An account was successfully logged on. New Logon: Account Name: jdoe Account Domain: CORP Logon ID: 0x1A2B3C.,0,Benign
2026-02-24 11:20:47,4624,9,3983,An account was successfully logged on. New Logon: Account Name: jdoe Account Domain: CORP Logon ID: 0x1A2B3C.,0,Benign
2026-02-23 10:58:55,4624,8,7311,An account was successfully logged on. Logon Type: 2 Interactive.,0,Benign
2026-02-27 12:56:18,4624,8,1327,An account was successfully logged on. Logon Type: 2 Interactive.,0,Benign
2026-02-24 11:00:51,4625,12,457,An account failed to log on. Failure Reason: Account locked out.,0,Benign
2026-02-25 15:06:12,4624,2,7805,An account was successfully logged on. Logon Type: 10 Remote Desktop Services.,0,Benign
2026-02-24 11:46:03,4624,7,982,An account was successfully logged on. Logon Type: 2 Interactive.,0,Benign
2026-03-01 12:50:36,4624,7,7176,An account was successfully logged on. New Logon: Account Name: jdoe Account Domain: CORP Logon ID: 0x1A2B3C.,0,Benign
2026-02-24 15:19:35,4624,9,7306,An account was successfully logged on. Logon Type: 10 Remote Desktop Services.,0,Benign
2026-02-24 11:18:42,4688,11,7197,A new process has been created. New Process Name: C:\Windows\System32\svchost.exe Creator Process Name: C:\Windows\System32\services.exe.,0,Benign
2026-02-26 08:26:18,4625,9,7505,An account failed to log on. Account Name: administrator Source Network Address: 192.168.1.50.,0,Benign
2026-02-27 15:49:42,4688,7,1254,A new process has been created. New Process Name: C:\Windows\System32\cmd.exe Command Line: cmd.exe /c dir.,0,Benign
2026-02-28 08:14:51,4624,2,7372,An account was successfully logged on. Subject: Security ID: S-1-5-18 Account Name: SYSTEM Account Domain: NT AUTHORITY Logon ID: 0x3E7 Logon Type: 5.,0,Benign
2026-03-01 14:03:02,4625,3,6502,An account failed to log on. Account Name: administrator Source Network Address: 192.168.1.50.,0,Benign
2026-02-26 17:50:26,4634,11,6836,An account was logged off. Logon Type: 2 Interactive.,0,Benign
2026-02-28 17:37:46,4688,8,1953,A new process has been created. New Process Name: C:\Windows\System32\svchost.exe Creator Process Name: C:\Windows\System32\services.exe.,0,Benign
2026-02-28 09:45:42,4624,9,5481,An account was successfully logged on. Logon Type: 10 Remote Desktop Services.,0,Benign
2026-02-28 20:22:42,4624,12,5466,An account was successfully logged on. Logon Type: 2 Interactive.,0,Benign
2026-02-23 17:40:16,4625,11,5559,An account failed to log on. Logon Type: 10 Remote Desktop Services.,0,Benign
2026-02-26 08:40:39,4634,8,909,An account was logged off. Logon Type: 2 Interactive.,0,Benign
2026-03-01 15:59:22,4648,3,8465,A logon was attempted using explicit credentials. Target Server: DC01 Target User: backup_svc.,0,Benign
2026-02-28 01:49:53,4688,2,874,A new process has been created. New Process Name: C:\Program Files\Google\Chrome\chrome.exe Command Line: chrome.exe --type=renderer.,0,Benign
2026-02-27 14:57:08,4672,9,9736,Special privileges assigned to new logon. Account Name: SYSTEM Privileges: SeBackupPrivilege SeRestorePrivilege.,0,Benign
2026-03-01 16:51:27,4624,9,6756,An account was successfully logged on. Subject: Security ID: S-1-5-18 Account Name: SYSTEM Account Domain: NT AUTHORITY Logon ID: 0x3E7 Logon Type: 5.,0,Benign
2026-02-25 07:19:04,4634,7,5637,An account was logged off. Logon Type: 2 Interactive.,0,Benign
2026-02-26 15:10:52,4688,10,8711,A new process has been created. New Process Name: C:\Windows\System32\svchost.exe Creator Process Name: C:\Windows\System32\services.exe.,0,Benign
2026-02-28 09:53:49,4625,10,6825,An account failed to log on. Failure Reason: Account locked out.,0,Benign
2026-02-26 12:21:46,4624,9,6148,An account was successfully logged on. Subject: Security ID: S-1-5-21-1234567890 Account Name: Administrator Account Domain: CORP Logon Type: 3.,0,Benign
2026-03-01 10:25:10,4648,3,4094,A logon was attempted using explicit credentials. Target Server: localhost Target User: admin.,0,Benign
2026-02-24 16:25:18,4688,7,7218,A new process has been created. New Process Name: C:\Windows\System32\taskhostw.exe.,0,Benign
2026-02-25 11:54:58,4688,7,7555,A new process has been created. New Process Name: C:\Windows\System32\taskhostw.exe.,0,Benign
2026-02-27 09:30:08,4634,5,3985,An account was logged off. Logon Type: 3.,0,Benign
2026-03-01 08:34:19,4624,9,1480,An account was successfully logged on. Subject: Security ID: S-1-5-21-1234567890 Account Name: Administrator Account Domain: CORP Logon Type: 3.,0,Benign
2026-02-24 09:30:03,4688,2,4982,A new process has been created. New Process Name: C:\Windows\System32\taskhostw.exe.,0,Benign
2026-02-25 04:44:23,4625,8,683,An account failed to log on. Logon Type: 10 Remote Desktop Services.,0,Benign
2026-03-01 05:30:18,4624,10,8860,An account was successfully logged on. Logon Type: 9 New Logon: admin.,1,T1003
2026-02-28 12:56:36,4634,2,1216,An account was logged off. Subject: Security ID: S-1-5-21-1234567890 Account Name: jdoe.,0,Benign
2026-02-26 11:27:16,4624,2,748,An account was successfully logged on. Logon Type: 2 Interactive.,0,Benign
2026-02-27 15:37:00,4688,12,4215,A new process has been created. New Process Name: C:\Program Files\Google\Chrome\chrome.exe Command Line: chrome.exe --type=renderer.,0,Benign
2026-02-24 12:07:04,4624,11,1720,An account was successfully logged on. Subject: Security ID: S-1-5-18 Account Name: SYSTEM Account Domain: NT AUTHORITY Logon ID: 0x3E7 Logon Type: 5.,0,Benign
2026-02-28 19:54:03,4688,10,7035,A new process has been created. New Process Name: C:\Windows\System32\taskhostw.exe.,0,Benign
2026-02-23 10:59:48,4624,12,3269,An account was successfully logged on. Logon Type: 10 Remote Desktop Services.,0,Benign
2026-02-24 13:35:08,4624,12,4708,An account was successfully logged on. Logon Type: 10 Remote Desktop Services.,0,Benign
2026-02-23 12:18:51,4625,5,3611,An account failed to log on. Subject: Security ID: S-1-0-0 Account Name: - Account Domain: - Logon Type: 3.,0,Benign
2026-02-28 08:10:49,4624,3,6584,An account was successfully logged on. Subject: Security ID: S-1-5-21-1234567890 Account Name: Administrator Account Domain: CORP Logon Type: 3.,0,Benign
2026-02-26 09:12:24,4624,3,7908,An account was successfully logged on. Subject: Security ID: S-1-5-18 Account Name: SYSTEM Account Domain: NT AUTHORITY Logon ID: 0x3E7 Logon Type: 5.,0,Benign
2026-03-01 12:59:17,4625,12,8996,An account failed to log on. Subject: Security ID: S-1-0-0 Account Name: - Account Domain: - Logon Type: 3.,0,Benign
2026-02-28 16:12:53,4625,9,385,An account failed to log on. Subject: Security ID: S-1-0-0 Account Name: - Account Domain: - Logon Type: 3.,0,Benign
2026-02-26 13:28:45,4688,7,2288,A new process has been created. New Process Name: C:\Windows\System32\notepad.exe.,0,Benign
2026-02-25 09:53:25,4688,5,6463,A new process has been created. New Process Name: C:\Windows\System32\svchost.exe Creator Process Name: C:\Windows\System32\services.exe.,0,Benign
2026-02-24 15:00:04,4634,7,3745,An account was logged off. Subject: Security ID: S-1-5-21-1234567890 Account Name: jdoe.,0,Benign
2026-02-24 13:29:57,4625,11,5890,An account failed to log on. Subject: Security ID: S-1-0-0 Account Name: - Account Domain: - Logon Type: 3.,0,Benign
2026-02-28 17:09:01,4624,12,9494,An account was successfully logged on. Subject: Security ID: S-1-5-18 Account Name: SYSTEM Account Domain: NT AUTHORITY Logon ID: 0x3E7 Logon Type: 5.,0,Benign
2026-02-26 11:15:33,4672,10,1740,Special privileges assigned to new logon. Subject: Security ID: S-1-5-21-1234567890 Account Name: Administrator Privileges: SeDebugPrivilege.,0,Benign
2026-02-24 08:56:56,4634,9,5512,An account was logged off. Subject: Security ID: S-1-5-21-1234567890 Account Name: jdoe.,0,Benign
2026-02-28 12:24:51,4634,9,4184,An account was logged off. Logon Type: 3.,0,Benign
2026-02-24 14:11:54,4624,2,2405,An account was successfully logged on. New Logon: Account Name: jdoe Account Domain: CORP Logon ID: 0x1A2B3C.,0,Benign
2026-02-24 23:58:01,4672,8,3837,Special privileges assigned to new logon. Subject: Security ID: S-1-5-21-1234567890 Account Name: Administrator Privileges: SeDebugPrivilege.,0,Benign
2026-02-25 00:01:03,4625,3,4395,An account failed to log on. Subject: Security ID: S-1-0-0 Account Name: - Account Domain: - Logon Type: 3.,0,Benign
2026-03-01 02:30:22,4648,7,4808,A logon was attempted using explicit credentials. Target Server: localhost Target User: admin.,0,Benign
2026-02-24 12:29:39,4648,3,5257,A logon was attempted using explicit credentials. Target Server: localhost Target User: admin.,0,Benign
2026-02-25 02:58:37,4634,7,4344,An account was logged off. Subject: Security ID: S-1-5-21-1234567890 Account Name: jdoe.,0,Benign
2026-02-25 14:57:26,4634,8,2324,An account was logged off. Subject: Security ID: S-1-5-21-1234567890 Account Name: jdoe.,0,Benign
2026-02-27 12:52:59,4634,8,3237,An account was logged off. Logon Type: 3.,0,Benign
2026-02-23 17:36:10,4624,3,3951,An account was successfully logged on. Logon Type: 2 Interactive.,0,Benign
2026-02-28 19:12:20,4624,5,7831,An account was successfully logged on. Subject: Security ID: S-1-5-21-1234567890 Account Name: Administrator Account Domain: CORP Logon Type: 3.,0,Benign
2026-03-01 16:32:33,4624,12,1411,An account was successfully logged on. Logon Type: 10 Remote Desktop Services.,0,Benign
2026-02-26 16:50:21,4648,3,9180,A logon was attempted using explicit credentials. Process: C:\Windows\System32\runas.exe.,0,Benign
2026-02-27 10:16:04,4624,9,8674,An account was successfully logged on. Logon Type: 10 Remote Desktop Services.,0,Benign
2026-02-27 17:43:18,4634,5,7028,An account was logged off. Logon Type: 3.,0,Benign
2026-02-26 10:10:45,4625,8,1677,An account failed to log on. Subject: Security ID: S-1-0-0 Account Name: - Account Domain: - Logon Type: 3.,0,Benign
2026-02-28 13:49:15,4624,12,2781,An account was successfully logged on. New Logon: Account Name: jdoe Account Domain: CORP Logon ID: 0x1A2B3C.,0,Benign
2026-02-25 08:06:32,4672,8,468,Special privileges assigned to new logon. Account Name: SYSTEM Privileges: SeBackupPrivilege SeRestorePrivilege.,0,Benign
2026-02-23 17:28:57,4624,2,3620,An account was successfully logged on. Logon Type: 2 Interactive.,0,Benign
2026-02-25 21:02:30,4688,7,3736,A new process has been created. New Process Name: C:\Windows\System32\svchost.exe Creator Process Name: C:\Windows\System32\services.exe.,0,Benign
2026-02-26 11:56:49,4648,12,937,A logon was attempted using explicit credentials. Process: C:\Windows\System32\runas.exe.,0,Benign
2026-02-24 12:04:34,4624,9,3525,An account was successfully logged on. Logon Type: 10 Remote Desktop Services.,0,Benign
2026-02-28 11:17:45,4624,10,4270,An account was successfully logged on. Subject: Security ID: S-1-5-21-1234567890 Account Name: Administrator Account Domain: CORP Logon Type: 3.,0,Benign
2026-03-01 10:59:33,4688,7,7408,A new process has been created. New Process Name: C:\Windows\System32\taskhostw.exe.,0,Benign
2026-02-27 14:16:38,4688,5,1371,A new process has been created. New Process Name: C:\Windows\System32\taskhostw.exe.,0,Benign
2026-02-26 20:55:58,4624,10,5295,An account was successfully logged on. Logon Type: 10 Remote Desktop Services.,0,Benign
2026-03-01 09:19:33,4624,8,3070,An account failed to log on. Failure Reason: Unknown user name or bad password.,1,T1110
2026-03-01 13:50:20,4625,2,542,An account failed to log on. Failure Reason: Unknown user name or bad password. Status: 0xC000006D Sub Status: 0xC000006A.,0,Benign
2026-02-26 17:59:54,4624,8,919,An account was successfully logged on. New Logon: Account Name: jdoe Account Domain: CORP Logon ID: 0x1A2B3C.,0,Benign
2026-02-23 09:57:29,4672,2,8133,Special privileges assigned to new logon. Account Name: SYSTEM Privileges: SeBackupPrivilege SeRestorePrivilege.,0,Benign
2026-03-01 08:22:40,4648,8,5491,A logon was attempted using explicit credentials. Target Server: localhost Target User: admin.,0,Benign
2026-02-27 13:59:04,4634,7,5148,An account was logged off. Logon Type: 3.,0,Benign
2026-03-01 13:16:56,4624,5,9063,An account was successfully logged on. Logon Type: 2 Interactive.,0,Benign
2026-02-23 16:28:51,4688,12,3227,A new process has been created. New Process Name: C:\Windows\System32\cmd.exe Command Line: cmd.exe /c dir.,0,Benign
2026-02-24 10:06:22,4624,10,6772,An account was successfully logged on. Logon Type: 10 Remote Desktop Services.,0,Benign
2026-02-28 10:15:02,4688,10,4476,A new process has been created. New Process Name: C:\Windows\System32\cmd.exe Command Line: cmd.exe /c dir.,0,Benign
2026-02-27 18:45:33,4624,5,7880,An account was successfully logged on. Subject: Security ID: S-1-5-21-1234567890 Account Name: Administrator Account Domain: CORP Logon Type: 3.,0,Benign
2026-02-27 11:00:38,4688,9,5913,A new process has been created. New Process Name: C:\Windows\System32\cmd.exe Command Line: cmd.exe /c dir.,0,Benign
2026-02-23 16:39:14,4688,11,2746,A new process has been created. New Process Name: C:\Windows\System32\svchost.exe Creator Process Name: C:\Windows\System32\services.exe.,0,Benign
2026-02-26 08:10:10,4634,2,9129,An account was logged off. Subject: Security ID: S-1-5-21-1234567890 Account Name: jdoe.,0,Benign
2026-02-23 03:32:50,4720,3,7293,A user account was created. New Account Name: svc_backup New Account Domain: CORP.,0,Benign
2026-02-25 09:01:19,4688,11,5235,A new process has been created. New Process Name: C:\Windows\System32\notepad.exe.,0,Benign
2026-02-24 08:57:01,4688,9,8632,A new process has been created. New Process Name: C:\Windows\System32\cmd.exe Command Line: cmd.exe /c dir.,0,Benign
2026-02-26 12:20:05,4624,9,3008,An account was successfully logged on. New Logon: Account Name: jdoe Account Domain: CORP Logon ID: 0x1A2B3C.,0,Benign
2026-02-23 16:26:31,4688,10,6007,A new process has been created. New Process Name: C:\Windows\System32\taskhostw.exe.,0,Benign
2026-02-28 16:09:49,4648,5,5957,A logon was attempted using explicit credentials. Target Server: DC01 Target User: backup_svc.,0,Benign
2026-02-26 10:55:17,4648,2,7044,A logon was attempted using explicit credentials. Process: C:\Windows\System32\runas.exe.,0,Benign
2026-03-01 10:03:23,4720,7,6152,A user account was created. New Account Name: test_account.,0,Benign
2026-02-23 08:39:38,4634,9,3520,An account was logged off. Logon Type: 2 Interactive.,0,Benign
2026-02-28 10:04:35,4624,10,7582,An account was successfully logged on. Logon Type: 2 Interactive.,0,Benign
2026-02-24 04:03:55,4648,11,738,A logon was attempted using explicit credentials. Target Server: DC01 Target User: backup_svc.,0,Benign
2026-02-27 10:22:59,4648,9,3380,A logon was attempted using explicit credentials. Process: C:\Windows\System32\runas.exe.,0,Benign
2026-02-27 10:05:33,4720,12,8308,A user account was created. New Account Name: test_account.,0,Benign
2026-02-23 13:37:44,4625,10,300,An account failed to log on. Subject: Security ID: S-1-0-0 Account Name: - Account Domain: - Logon Type: 3.,0,Benign
2026-02-26 15:57:02,4688,11,5466,A new process has been created. New Process Name: C:\Program Files\Google\Chrome\chrome.exe Command Line: chrome.exe --type=renderer.,0,Benign
2026-02-27 02:06:39,4688,12,7558,A new process has been created. New Process Name: C:\Program Files\Google\Chrome\chrome.exe Command Line: chrome.exe --type=renderer.,0,Benign
2026-02-28 13:46:19,4688,11,9835,A new process has been created. New Process Name: C:\Program Files\Google\Chrome\chrome.exe Command Line: chrome.exe --type=renderer.,0,Benign
2026-02-24 17:41:39,4624,12,651,An account was successfully logged on. Logon Type: 10 Remote Desktop Services.,0,Benign
2026-02-26 16:09:15,4648,8,353,A logon was attempted using explicit credentials. Process: C:\Windows\System32\runas.exe.,1,Benign
2026-02-28 19:38:01,4624,5,2098,An account was successfully logged on. Subject: Security ID: S-1-5-21-1234567890 Account Name: Administrator Account Domain: CORP Logon Type: 3.,0,Benign
2026-02-24 12:16:53,4634,9,2682,An account was logged off. Logon Type: 3.,0,Benign
2026-02-23 15:40:36,4624,7,9850,An account was successfully logged on. Subject: Security ID: S-1-5-21-1234567890 Account Name: Administrator Account Domain: CORP Logon Type: 3.,0,Benign
2026-02-26 11:56:15,4625,10,9989,An account failed to log on. Failure Reason: Unknown user name or bad password. Status: 0xC000006D Sub Status: 0xC000006A.,0,Benign
2026-02-23 15:20:11,4688,5,3817,A new process has been created. New Process Name: C:\Windows\System32\cmd.exe Command Line: cmd.exe /c dir.,0,Benign
2026-02-24 11:44:47,4624,8,2243,An account was successfully logged on. New Logon: Account Name: jdoe Account Domain: CORP Logon ID: 0x1A2B3C.,0,Benign
2026-02-24 15:26:43,4732,7,238,A member was added to a security-enabled local group. Member Name: tempuser Group Name: Administrators.,0,Benign
2026-02-23 08:44:03,4624,11,5820,An account was successfully logged on. Subject: Security ID: S-1-5-21-1234567890 Account Name: Administrator Account Domain: CORP Logon Type: 3.,0,Benign
2026-02-27 12:14:56,4688,12,8080,A new process has been created. New Process Name: C:\Windows\System32\cmd.exe Command Line: cmd.exe /c dir.,0,Benign
2026-03-01 10:59:14,4625,11,1734,An account failed to log on. Failure Reason: Unknown user name or bad password. Status: 0xC000006D Sub Status: 0xC000006A.,0,Benign
2026-02-28 09:29:05,4688,5,2089,A new process has been created. New Process Name: C:\Windows\System32\svchost.exe Creator Process Name: C:\Windows\System32\services.exe.,0,Benign
2026-02-25 15:36:43,4624,9,9795,An account was successfully logged on. New Logon: Account Name: jdoe Account Domain: CORP Logon ID: 0x1A2B3C.,0,Benign
2026-02-25 09:33:08,4634,7,2025,An account was logged off. Logon Type: 2 Interactive.,0,Benign
2026-02-28 12:49:31,4688,3,7400,A new process has been created. New Process Name: C:\Windows\System32\taskhostw.exe.,0,Benign
2026-02-28 15:02:30,4625,10,8366,An account failed to log on. Failure Reason: Account locked out.,0,Benign
2026-02-28 11:07:31,4625,2,5780,An account failed to log on. Subject: Security ID: S-1-0-0 Account Name: - Account Domain: - Logon Type: 3.,0,Benign
2026-02-26 13:35:14,4625,12,4122,An account failed to log on. Failure Reason: Unknown user name or bad password. Status: 0xC000006D Sub Status: 0xC000006A.,0,Benign
2026-02-25 09:34:11,4624,10,6997,An account was successfully logged on. Logon Type: 2 Interactive.,0,Benign
2026-02-25 08:18:36,4624,5,6870,An account was successfully logged on. New Logon: Account Name: jdoe Account Domain: CORP Logon ID: 0x1A2B3C.,0,Benign
2026-02-23 10:35:24,4688,12,6852,A new process has been created. New Process Name: C:\Windows\System32\notepad.exe.,0,Benign
2026-02-26 10:51:16,4624,3,1790,An account was successfully logged on. Subject: Security ID: S-1-5-21-1234567890 Account Name: Administrator Account Domain: CORP Logon Type: 3.,0,Benign
2026-02-24 08:10:35,4624,10,5999,An account was successfully logged on. Logon Type: 2 Interactive.,0,Benign
2026-02-24 16:47:26,4688,11,9113,A new process has been created. New Process Name: C:\Windows\System32\svchost.exe Creator Process Name: C:\Windows\System32\services.exe.,0,Benign
2026-02-23 15:21:49,4624,9,2071,An account was successfully logged on. Logon Type: 2 Interactive.,0,Benign
2026-03-01 09:36:05,4672,12,3163,Special privileges assigned to new logon. Subject: Security ID: S-1-5-21-1234567890 Account Name: Administrator Privileges: SeDebugPrivilege.,0,Benign
2026-02-23 08:58:44,4625,12,1040,An account failed to log on. Logon Type: 3 Source Network Address: 10.0.0.55.,1,T1046
2026-02-28 17:05:51,4624,3,2423,An account was successfully logged on. New Logon: Account Name: jdoe Account Domain: CORP Logon ID: 0x1A2B3C.,0,Benign
2026-02-24 08:36:42,4624,12,8095,An account was successfully logged on. Subject: Security ID: S-1-5-21-1234567890 Account Name: Administrator Account Domain: CORP Logon Type: 3.,0,Benign
2026-03-01 16:25:49,4624,12,4032,An account was successfully logged on. Logon Type: 10 Remote Desktop Services.,0,Benign
2026-02-23 11:30:13,4688,11,5437,A new process has been created. New Process Name: C:\Windows\System32\taskhostw.exe.,0,Benign
2026-02-27 13:46:33,4624,11,5778,An account was successfully logged on. Logon Type: 2 Interactive.,0,Benign
2026-02-27 15:12:55,4624,7,3729,An account was successfully logged on. Subject: Security ID: S-1-5-18 Account Name: SYSTEM Account Domain: NT AUTHORITY Logon ID: 0x3E7 Logon Type: 5.,0,Benign
2026-02-26 11:15:58,4624,11,9682,An account was successfully logged on. Logon Type: 10 Remote Desktop Services.,0,Benign
2026-02-28 11:12:21,4688,12,4329,A new process has been created. New Process Name: C:\Windows\System32\taskhostw.exe.,0,Benign
2026-03-01 16:05:05,4648,8,1836,A logon was attempted using explicit credentials. Target Server: localhost Target User: admin.,0,Benign
2026-02-25 21:41:07,4624,7,9030,An account was successfully logged on. Logon Type: 10 Remote Desktop Services.,0,Benign
2026-02-25 12:00:45,4672,12,565,Special privileges assigned to new logon. Account Name: SYSTEM Privileges: SeBackupPrivilege SeRestorePrivilege.,0,Benign
2026-02-26 08:04:34,4648,8,4219,A logon was attempted using explicit credentials. Target Server: DC01 Target User: backup_svc.,0,Benign
2026-02-26 14:48:28,4672,12,8459,Special privileges assigned to new logon. Subject: Security ID: S-1-5-21-1234567890 Account Name: Administrator Privileges: SeDebugPrivilege.,0,Benign
2026-02-28 11:10:47,4624,12,2797,An account was successfully logged on. Subject: Security ID: S-1-5-18 Account Name: SYSTEM Account Domain: NT AUTHORITY Logon ID: 0x3E7 Logon Type: 5.,0,Benign
2026-02-25 09:21:35,4634,7,7594,An account was logged off. Logon Type: 3.,0,Benign
2026-02-26 12:03:47,4672,10,6811,Special privileges assigned to new logon. Account Name: SYSTEM Privileges: SeBackupPrivilege SeRestorePrivilege.,0,Benign
2026-02-28 12:06:43,4624,9,2784,An account was successfully logged on. New Logon: Account Name: jdoe Account Domain: CORP Logon ID: 0x1A2B3C.,0,Benign
2026-02-26 13:09:08,4634,11,1443,An account was logged off. Subject: Security ID: S-1-5-21-1234567890 Account Name: jdoe.,0,Benign
