2026-03-01 23:27:17,4624,9,9945,An account was successfully logged on. Subject: Security ID: S-1-5-18 Account Name: SYSTEM Account Domain: NT AUTHORITY Logon ID: 0x3E7 Logon Type: 5.,0,Benign
2026-02-26 10:24:40,4624,8,9844,An account was successfully logged on. New Logon: Account Name: jdoe Account Domain: CORP Logon ID: 0x1A2B3C.,0,Benign
2026-02-28 13:12:44,4688,5,1000,A new process has been created. New Process Name: C:\Program Files\Google\Chrome\chrome.exe Command Line: chrome.exe --type=renderer.,0,Benign
2026-02-28 13:12:37,4624,5,6149,An account was successfully logged on. New Logon: Account Name: jdoe Account Domain: CORP Logon ID: 0x1A2B3C.,0,Benign
2026-02-23 13:55:23,4625,2,5999,An account failed to log on. Subject: Security ID: S-1-0-0 Account Name: - Account Domain: - Logon Type: 3.,0,Benign
2026-02-24 09:19:54,4634,9,7347,An account was logged off. Logon Type: 2 Interactive.,0,Benign
2026-02-23 13:37:54,4648,11,9615,A logon was attempted using explicit credentials. Process: C:\Windows\System32\runas.exe.,0,Benign
2026-02-27 16:12:22,4625,5,8106,An account failed to log on. Failure Reason: Account locked out.,0,Benign
2026-02-28 03:31:28,4624,10,4241,An account was successfully logged on. Subject: Security ID: S-1-5-18 Account Name: SYSTEM Account Domain: NT AUTHORITY Logon ID: 0x3E7 Logon Type: 5.,0,Benign
2026-02-23 11:09:03,4624,11,5902,An account was successfully logged on. Subject: Security ID: S-1-5-18 Account Name: SYSTEM Account Domain: NT AUTHORITY Logon ID: 0x3E7 Logon Type: 5.,0,Benign
2026-02-26 16:40:58,4624,10,5694,An account was successfully logged on. Logon Type: 10 Remote Desktop Services.,0,Benign
2026-02-24 09:40:09,4625,12,257,An account failed to log on. Failure Reason: Account locked out.,0,Benign
2026-02-27 20:09:32,4688,12,3169,A new process has been created. New Process Name: C:\Windows\System32\taskhostw.exe.,0,Benign
2026-02-26 16:32:13,4624,8,4297,An account was successfully logged on. Subject: Security ID: S-1-5-18 Account Name: SYSTEM Account Domain: NT AUTHORITY Logon ID: 0x3E7 Logon Type: 5.,0,Benign
2026-02-23 16:48:58,4625,8,7652,An account failed to log on. Subject: Security ID: S-1-0-0 Account Name: - Account Domain: - Logon Type: 3.,0,Benign
2026-03-01 12:39:53,4648,12,7725,A logon was attempted using explicit credentials. Target Server: localhost Target User: admin.,0,Benign
2026-02-25 13:58:40,4648,11,5192,A logon was attempted using explicit credentials. Target Server: DC01 Target User: backup_svc.,0,Benign
2026-03-01 19:34:36,4720,7,1816,A user account was created. New Account Name: svc_backup New Account Domain: CORP.,0,Benign
2026-02-25 11:34:54,4688,5,7786,A new process has been created. New Process Name: C:\Program Files\Google\Chrome\chrome.exe Command Line: chrome.exe --type=renderer.,0,Benign
2026-02-26 15:28:51,4624,8,3946,An account was successfully logged on. Subject: Security ID: S-1-5-21-1234567890 Account Name: Administrator Account Domain: CORP Logon Type: 3.,0,Benign
2026-02-23 09:52:13,4672,10,6659,Special privileges assigned to new logon. Subject: Security ID: S-1-5-21-1234567890 Account Name: Administrator Privileges: SeDebugPrivilege.,0,Benign
2026-02-28 17:06:44,4688,10,6803,A new process has been created. New Process Name: C:\Windows\System32\notepad.exe.,0,Benign
2026-02-27 16:29:32,4624,5,6386,An account was successfully logged on. Logon Type: 2 Interactive.,0,Benign
2026-02-28 02:39:41,4688,2,992,A new process has been created. New Process Name: C:\Program Files\Google\Chrome\chrome.exe Command Line: chrome.exe --type=renderer.,0,Benign
2026-02-24 09:44:56,4625,12,4390,An account failed to log on. Failure Reason: Account locked out.,0,Benign
2026-02-24 11:08:02,4634,2,1257,An account was logged off. Subject: Security ID: S-1-5-21-1234567890 Account Name: jdoe.,0,Benign
2026-02-23 13:24:51,4688,2,6740,A new process has been created. New Process Name: C:\Windows\System32\cmd.exe Command Line: cmd.exe /c dir.,1,Benign
2026-02-24 13:10:26,4624,11,125,An account was successfully logged on. Logon Type: 2 Interactive.,0,Benign
2026-02-26 15:45:43,4648,10,3603,A logon was attempted using explicit credentials. Target Server: localhost Target User: admin.,0,Benign
2026-02-25 09:42:37,4624,12,8558,An account was successfully logged on. Logon Type: 2 Interactive.,0,Benign
2026-02-24 09:37:22,4634,8,5493,An account was logged off. Subject: Security ID: S-1-5-21-1234567890 Account Name: jdoe.,0,Benign
2026-02-26 16:19:00,4634,9,7681,An account was logged off. Logon Type: 2 Interactive.,0,Benign
2026-02-26 08:38:59,4625,7,1657,An account failed to log on. Account Name: administrator Source Network Address: 192.168.1.50.,0,Benign
2026-03-01 13:42:18,4624,12,9569,An account was successfully logged on. Logon Type: 10 Remote Desktop Services.,0,Benign
2026-02-25 10:14:50,4625,12,7173,An account failed to log on. Failure Reason: Account locked out.,0,Benign
2026-02-27 13:16:15,4648,11,2031,A logon was attempted using explicit credentials. Target Server: DC01 Target User: backup_svc.,0,Benign
2026-02-27 15:10:46,4624,11,8376,An account was successfully logged on. Subject: Security ID: S-1-5-18 Account Name: SYSTEM Account Domain: NT AUTHORITY Logon ID: 0x3E7 Logon Type: 5.,0,Benign
2026-02-26 16:39:49,4648,7,7324,A logon was attempted using explicit credentials. Process: C:\Windows\System32\runas.exe.,0,Benign
2026-02-25 17:13:55,4624,3,752,An account was successfully logged on. Subject: Security ID: S-1-5-21-1234567890 Account Name: Administrator Account Domain: CORP Logon Type: 3.,0,Benign
2026-02-27 13:48:07,4624,3,3165,An account was successfully logged on. Subject: Security ID: S-1-5-18 Account Name: SYSTEM Account Domain: NT AUTHORITY Logon ID: 0x3E7 Logon Type: 5.,0,Benign
2026-02-25 17:41:41,4624,11,8637,An account was successfully logged on. Subject: Security ID: S-1-5-18 Account Name: SYSTEM Account Domain: NT AUTHORITY Logon ID: 0x3E7 Logon Type: 5.,0,Benign
2026-02-26 09:46:17,4720,3,3907,A user account was created. New Account Name: tempuser New Account Domain: CORP.,0,Benign
2026-02-23 17:20:46,4688,2,4439,A new process has been created. New Process Name: C:\Windows\System32\taskhostw.exe.,0,Benign
2026-03-01 15:33:20,4624,8,8588,An account was successfully logged on. Logon Type: 10 Remote Desktop Services.,0,Benign
2026-02-28 16:36:47,4625,2,9057,An account failed to log on. Failure Reason: Account locked out.,0,Benign
2026-02-23 10:54:03,4672,10,6048,Special privileges assigned to new logon. Account Name: SYSTEM Privileges: SeBackupPrivilege SeRestorePrivilege.,0,Benign
2026-02-26 05:17:36,1102,10,9849,The audit log was cleared. Subject: Security ID: S-1-5-21-9876543210 Account Name: attacker.,1,T1070
2026-02-28 14:40:05,4720,12,7460,A user account was created. New Account Name: test_account.,0,Benign
2026-02-24 12:03:01,4624,12,731,An account was successfully logged on. Logon Type: 10 Remote Desktop Services.,0,Benign
2026-02-23 19:56:22,4720,7,4018,A user account was created. New Account Name: tempuser New Account Domain: CORP.,0,Benign
2026-02-28 08:11:47,4672,2,189,Special privileges assigned to new logon. Account Name: SYSTEM Privileges: SeBackupPrivilege SeRestorePrivilege.,0,Benign
2026-02-27 16:54:39,4625,8,3865,An account failed to log on. Failure Reason: Account locked out.,0,Benign
2026-02-25 09:41:24,4624,2,7169,An account was successfully logged on. Logon Type: 10 Remote Desktop Services.,0,Benign
2026-02-25 11:41:43,4634,2,9630,An account was logged off. Logon Type: 3.,0,Benign
2026-02-27 06:29:56,4625,10,3223,An account failed to log on. Subject: Security ID: S-1-0-0 Account Name: - Account Domain: - Logon Type: 3.,0,Benign
2026-02-23 10:25:48,4624,8,8922,An account was successfully logged on. Logon Type: 2 Interactive.,0,Benign
2026-02-28 22:15:19,4625,10,9378,An account failed to log on. Account Name: administrator Source Network Address: 192.168.1.50.,0,Benign
2026-02-24 14:22:29,4624,11,1530,An account was successfully logged on. Subject: Security ID: S-1-5-21-1234567890 Account Name: Administrator Account Domain: CORP Logon Type: 3.,0,Benign
2026-02-26 01:17:34,4672,5,4610,Special privileges assigned to new logon. Account Name: SYSTEM Privileges: SeBackupPrivilege SeRestorePrivilege.,0,Benign
2026-03-01 08:24:11,4720,7,6473,A user account was created. New Account Name: tempuser New Account Domain: CORP.,0,Benign
2026-02-24 15:43:30,4648,8,7429,A logon was attempted using explicit credentials. Process: C:\Windows\System32\runas.exe.,0,Benign
2026-03-01 17:01:47,4634,9,9539,An account was logged off. Logon Type: 2 Interactive.,1,Benign
2026-02-28 12:54:09,4688,12,3067,A new process has been created. New Process Name: C:\Windows\System32\cmd.exe Command Line: cmd.exe /c dir.,0,Benign
2026-02-25 16:56:12,4688,11,9071,A new process has been created. New Process Name: C:\Program Files\Google\Chrome\chrome.exe Command Line: chrome.exe --type=renderer.,0,Benign
2026-02-26 23:17:35,4624,3,1100,An account was successfully logged on. Subject: Security ID: S-1-5-21-1234567890 Account Name: Administrator Account Domain: CORP Logon Type: 3.,0,Benign
2026-02-28 14:19:55,4648,3,1310,A logon was attempted using explicit credentials. Target Server: DC01 Target User: backup_svc.,0,Benign
2026-02-24 11:27:16,4688,8,755,A new process has been created. New Process Name: C:\Windows\System32\notepad.exe.,0,Benign
2026-02-24 13:24:20,4624,9,6271,An account was successfully logged on. Logon Type: 10 Remote Desktop Services.,0,Benign
2026-02-23 16:10:36,4624,11,3959,An account was successfully logged on. Logon Type: 10 Remote Desktop Services.,0,Benign
2026-02-23 06:49:48,4634,8,8198,An account was logged off. Logon Type: 3.,0,Benign
2026-02-23 14:36:47,4634,8,8479,An account was logged off. Logon Type: 3.,0,Benign
2026-02-28 08:18:13,4624,8,9197,An account was successfully logged on. Subject: Security ID: S-1-5-18 Account Name: SYSTEM Account Domain: NT AUTHORITY Logon ID: 0x3E7 Logon Type: 5.,0,Benign
2026-03-01 09:52:26,4625,5,6708,An account failed to log on. Failure Reason: Account locked out.,0,Benign
2026-02-27 14:08:16,4648,12,929,A logon was attempted using explicit credentials. Target Server: localhost Target User: admin.,0,Benign
2026-02-28 08:58:43,4672,10,8415,Special privileges assigned to new logon. Subject: Security ID: S-1-5-21-1234567890 Account Name: Administrator Privileges: SeDebugPrivilege.,0,Benign
2026-02-25 16:00:48,4634,3,2075,An account was logged off. Logon Type: 3.,0,Benign
2026-02-26 16:36:02,4624,10,2967,An account was successfully logged on. Logon Type: 2 Interactive.,0,Benign
2026-02-24 13:34:20,4634,10,2517,An account was logged off. Logon Type: 2 Interactive.,0,Benign
2026-02-25 11:08:35,4624,11,7778,An account was successfully logged on. Logon Type: 10 Remote Desktop Services.,0,Benign
2026-02-26 11:12:06,4720,8,7572,A user account was created. New Account Name: test_account.,0,Benign
2026-02-24 05:34:15,4624,3,8317,An account was successfully logged on. Subject: Security ID: S-1-5-21-1234567890 Account Name: Administrator Account Domain: CORP Logon Type: 3.,0,Benign
2026-02-26 12:30:27,4625,3,8467,An account failed to log on. Account Name: administrator Source Network Address: 192.168.1.50.,0,Benign
2026-02-23 11:28:16,4624,11,6572,An account was successfully logged on. New Logon: Account Name: jdoe Account Domain: CORP Logon ID: 0x1A2B3C.,0,Benign
2026-02-24 08:46:52,4624,7,9844,An account was successfully logged on. Subject: Security ID: S-1-5-21-1234567890 Account Name: Administrator Account Domain: CORP Logon Type: 3.,0,Benign
2026-03-01 08:05:33,4648,9,132,A logon was attempted using explicit credentials. Target Server: localhost Target User: admin.,0,Benign
2026-02-25 08:24:56,4624,5,9474,An account was successfully logged on. New Logon: Account Name: jdoe Account Domain: CORP Logon ID: 0x1A2B3C.,0,Benign
2026-03-01 10:38:55,4624,3,6538,An account was successfully logged on. New Logon: Account Name: jdoe Account Domain: CORP Logon ID: 0x1A2B3C.,0,Benign
2026-02-24 16:40:05,4624,12,9853,An account was successfully logged on. Logon Type: 2 Interactive.,0,Benign
2026-02-24 10:17:01,4624,9,3902,An account was successfully logged on. Logon Type: 2 Interactive.,0,Benign
2026-02-27 15:15:34,4624,3,4757,An account was successfully logged on. Logon Type: 2 Interactive.,0,Benign
2026-02-27 20:28:09,4624,12,6657,An account was successfully logged on. Logon Type: 2 Interactive.,0,Benign
2026-02-27 13:17:46,4634,10,7559,An account was logged off. Subject: Security ID: S-1-5-21-1234567890 Account Name: jdoe.,0,Benign
2026-02-27 11:03:48,4732,5,5074,A member was added to a security-enabled local group. Member Name: svc_backup Group Name: Backup Operators.,0,Benign
2026-02-23 10:41:00,4634,2,7294,An account was logged off. Logon Type: 3.,0,Benign
2026-03-01 09:12:46,4624,9,3691,An account was successfully logged on. Logon Type: 10 Remote Desktop Services.,0,Benign
2026-02-24 09:41:46,4648,11,9714,A logon was attempted using explicit credentials. Target Server: DC01 Target User: backup_svc.,0,Benign
2026-02-28 09:38:56,4634,3,2878,An account was logged off. Logon Type: 3.,0,Benign
2026-02-28 17:21:43,4648,8,8287,A logon was attempted using explicit credentials. Target Server: localhost Target User: admin.,0,Benign
2026-02-27 16:40:23,4624,3,7707,An account was successfully logged on. Logon Type: 2 Interactive.,0,Benign
2026-02-26 15:57:50,4624,12,6416,An account was successfully logged on. Logon Type: 2 Interactive.,0,Benign
2026-03-01 07:18:25,4688,10,6319,A new process has been created. New Process Name: C:\Windows\System32\cmd.exe Command Line: cmd.exe /c dir.,0,Benign
2026-03-01 14:49:57,4624,12,6435,An account was successfully logged on. Subject: Security ID: S-1-5-21-1234567890 Account Name: Administrator Account Domain: CORP Logon Type: 3.,0,Benign
2026-02-27 14:29:36,4634,2,7468,An account was logged off. Logon Type: 2 Interactive.,0,Benign
2026-03-01 10:43:21,4634,7,3620,An account was logged off. Logon Type: 2 Interactive.,0,Benign
2026-02-24 09:32:39,4625,3,8738,An account failed to log on. Failure Reason: Unknown user name or bad password. Status: 0xC000006D Sub Status: 0xC000006A.,0,Benign
2026-02-23 00:48:11,4672,10,5243,Special privileges assigned to new logon. Account Name: SYSTEM Privileges: SeDebugPrivilege.,1,T1003
2026-02-23 16:47:55,4688,11,9267,A new process has been created. New Process Name: C:\Windows\System32\svchost.exe Creator Process Name: C:\Windows\System32\services.exe.,0,Benign
2026-02-28 15:17:55,4624,12,431,An account was successfully logged on. Subject: Security ID: S-1-5-21-1234567890 Account Name: Administrator Account Domain: CORP Logon Type: 3.,0,Benign
2026-02-26 12:24:34,4634,3,5559,An account was logged off. Logon Type: 3.,0,Benign
2026-02-23 08:19:57,4624,12,2749,An account was successfully logged on. Subject: Security ID: S-1-5-18 Account Name: SYSTEM Account Domain: NT AUTHORITY Logon ID: 0x3E7 Logon Type: 5.,0,Benign
2026-02-28 19:23:17,4672,11,8052,Special privileges assigned to new logon. Account Name: SYSTEM Privileges: SeBackupPrivilege SeRestorePrivilege.,0,Benign
2026-03-01 10:42:27,4634,10,249,An account was logged off. Logon Type: 2 Interactive.,0,Benign
2026-02-25 16:18:55,4624,12,1837,An account was successfully logged on. Subject: Security ID: S-1-5-18 Account Name: SYSTEM Account Domain: NT AUTHORITY Logon ID: 0x3E7 Logon Type: 5.,0,Benign
2026-03-01 15:32:06,4624,5,2894,An account was successfully logged on. Subject: Security ID: S-1-5-18 Account Name: SYSTEM Account Domain: NT AUTHORITY Logon ID: 0x3E7 Logon Type: 5.,0,Benign
2026-02-24 17:29:05,4720,2,137,A user account was created. New Account Name: test_account.,0,Benign
2026-02-23 12:24:12,4648,9,5247,A logon was attempted using explicit credentials. Target Server: DC01 Target User: backup_svc.,0,Benign
2026-02-26 20:00:19,4672,11,5184,Special privileges assigned to new logon. Subject: Security ID: S-1-5-21-1234567890 Account Name: Administrator Privileges: SeDebugPrivilege.,0,Benign
2026-02-26 09:53:00,4624,8,1416,An account was successfully logged on. Logon Type: 2 Interactive.,0,Benign
2026-02-27 09:49:29,4624,5,9025,An account was successfully logged on. Logon Type: 2 Interactive.,0,Benign
2026-02-23 09:07:35,4634,3,2601,An account was logged off. Logon Type: 3.,0,Benign
2026-02-27 03:07:56,4624,10,1996,An account was successfully logged on. New Logon: Account Name: jdoe Account Domain: CORP Logon ID: 0x1A2B3C.,0,Benign
2026-02-26 08:29:20,4732,12,9857,A member was added to a security-enabled local group. Member Name: tempuser Group Name: Administrators.,0,Benign
2026-03-01 12:16:43,4634,11,7107,An account was logged off. Logon Type: 3.,0,Benign
2026-02-24 15:30:09,4688,3,2100,A new process has been created. New Process Name: C:\Windows\System32\notepad.exe.,1,Benign
2026-02-27 13:36:57,4624,8,3264,An account was successfully logged on. Logon Type: 2 Interactive.,0,Benign
2026-03-01 15:35:02,4732,7,3278,A member was added to a security-enabled local group. Member Name: svc_backup Group Name: Backup Operators.,0,Benign
2026-02-27 14:42:51,4624,12,3080,An account was successfully logged on. Logon Type: 2 Interactive.,0,Benign
2026-03-01 10:09:27,4624,3,1148,An account was successfully logged on. Subject: Security ID: S-1-5-21-1234567890 Account Name: Administrator Account Domain: CORP Logon Type: 3.,0,Benign
2026-02-25 02:14:11,4688,12,3561,A new process has been created. New Process Name: C:\Windows\System32\svchost.exe Creator Process Name: C:\Windows\System32\services.exe.,0,Benign
2026-02-23 09:54:11,4672,10,6354,Special privileges assigned to new logon. Account Name: SYSTEM Privileges: SeBackupPrivilege SeRestorePrivilege.,0,Benign
2026-03-01 09:57:46,4624,10,469,An account was successfully logged on. Subject: Security ID: S-1-5-21-1234567890 Account Name: Administrator Account Domain: CORP Logon Type: 3.,0,Benign
2026-02-28 18:40:51,4625,5,5022,An account failed to log on. Failure Reason: Unknown user name or bad password. Status: 0xC000006D Sub Status: 0xC000006A.,0,Benign
2026-03-01 11:53:13,4624,5,7990,An account was successfully logged on. Subject: Security ID: S-1-5-21-1234567890 Account Name: Administrator Account Domain: CORP Logon Type: 3.,0,Benign
2026-02-24 18:35:29,4624,11,4195,An account was successfully logged on. Logon Type: 10 Remote Desktop Services.,0,Benign
2026-02-23 16:26:43,4625,10,8943,An account failed to log on. Failure Reason: Unknown user name or bad password. Status: 0xC000006D Sub Status: 0xC000006A.,0,Benign
2026-02-25 13:07:43,4624,9,9655,An account was successfully logged on. Subject: Security ID: S-1-5-18 Account Name: SYSTEM Account Domain: NT AUTHORITY Logon ID: 0x3E7 Logon Type: 5.,0,Benign
2026-02-24 16:11:01,4688,11,1105,A new process has been created. New Process Name: C:\Windows\System32\notepad.exe.,0,Benign
2026-02-28 17:47:54,4624,3,1034,An account was successfully logged on. Subject: Security ID: S-1-5-18 Account Name: SYSTEM Account Domain: NT AUTHORITY Logon ID: 0x3E7 Logon Type: 5.,0,Benign
2026-02-28 10:07:46,4672,12,2821,Special privileges assigned to new logon. Account Name: SYSTEM Privileges: SeBackupPrivilege SeRestorePrivilege.,0,Benign
2026-02-25 02:15:46,4624,3,5414,An account was successfully logged on. Subject: Security ID: S-1-5-21-1234567890 Account Name: Administrator Account Domain: CORP Logon Type: 3.,0,Benign
2026-02-28 17:39:22,4688,9,1065,A new process has been created. New Process Name: C:\Windows\System32\svchost.exe Creator Process Name: C:\Windows\System32\services.exe.,0,Benign
2026-02-27 08:34:09,4648,5,5679,A logon was attempted using explicit credentials. Target Server: localhost Target User: admin.,0,Benign
2026-02-27 10:46:03,4648,12,5448,A logon was attempted using explicit credentials. Target Server: localhost Target User: admin.,0,Benign
2026-03-01 14:47:33,4625,9,1565,An account failed to log on. Failure Reason: Unknown user name or bad password. Status: 0xC000006D Sub Status: 0xC000006A.,0,Benign
2026-02-27 17:55:21,4672,5,6261,Special privileges assigned to new logon. Subject: Security ID: S-1-5-21-1234567890 Account Name: Administrator Privileges: SeDebugPrivilege.,0,Benign
2026-02-23 13:48:58,4648,3,7923,A logon was attempted using explicit credentials. Target Server: DC01 Target User: backup_svc.,0,Benign
2026-02-27 16:02:43,4648,9,7171,A logon was attempted using explicit credentials. Target Server: DC01 Target User: backup_svc.,0,Benign
2026-03-01 12:33:02,4648,7,6230,A logon was attempted using explicit credentials. Target Server: localhost Target User: admin.,0,Benign
2026-02-26 14:52:35,4624,12,8699,An account was successfully logged on. Logon Type: 10 Remote Desktop Services.,0,Benign
2026-02-27 08:13:26,4672,7,3475,Special privileges assigned to new logon. Subject: Security ID: S-1-5-18 Privileges: SeAssignPrimaryTokenPrivilege SeTcbPrivilege SeSecurityPrivilege.,0,Benign
2026-02-26 09:36:17,4624,5,6671,An account was successfully logged on. Logon Type: 2 Interactive.,0,Benign
2026-02-27 11:48:02,4624,5,1967,An account was successfully logged on. Logon Type: 10 Remote Desktop Services.,0,Benign
2026-02-26 14:52:02,4624,9,9813,An account was successfully logged on. New Logon: Account Name: jdoe Account Domain: CORP Logon ID: 0x1A2B3C.,0,Benign
2026-02-27 14:54:09,4624,3,6443,An account was successfully logged on. Logon Type: 10 Remote Desktop Services.,1,Benign
2026-03-01 14:11:23,4624,9,6350,An account was successfully logged on. New Logon: Account Name: jdoe Account Domain: CORP Logon ID: 0x1A2B3C.,0,Benign
2026-02-28 16:26:41,4624,10,6939,An account was successfully logged on. Subject: Security ID: S-1-5-18 Account Name: SYSTEM Account Domain: NT AUTHORITY Logon ID: 0x3E7 Logon Type: 5.,0,Benign
2026-03-01 15:30:16,4625,11,9459,An account failed to log on. Subject: Security ID: S-1-0-0 Account Name: - Account Domain: - Logon Type: 3.,0,Benign
2026-02-24 11:29:39,4672,2,1133,Special privileges assigned to new logon. Subject: Security ID: S-1-5-21-1234567890 Account Name: Administrator Privileges: SeDebugPrivilege.,0,Benign
2026-02-26 14:45:24,4624,5,2018,An account was successfully logged on. Logon Type: 10 Remote Desktop Services.,0,Benign
2026-02-24 10:24:44,4624,11,7899,An account was successfully logged on. New Logon: Account Name: jdoe Account Domain: CORP Logon ID: 0x1A2B3C.,0,Benign
2026-02-28 12:19:42,4625,10,2535,An account failed to log on. Account Name: administrator Source Network Address: 192.168.1.50.,0,Benign
2026-02-27 08:01:59,4648,11,5778,A logon was attempted using explicit credentials. Target Server: DC01 Target User: backup_svc.,0,Benign
2026-02-27 17:08:54,4648,3,9224,A logon was attempted using explicit credentials. Process: C:\Windows\System32\runas.exe.,0,Benign
2026-02-25 09:39:33,4688,5,4827,A new process has been created. New Process Name: C:\Windows\System32\taskhostw.exe.,0,Benign
2026-02-24 10:45:53,4688,12,5605,A new process has been created. New Process Name: C:\Windows\System32\notepad.exe.,0,Benign
2026-02-25 19:50:22,4648,8,4312,A logon was attempted using explicit credentials. Process: C:\Windows\System32\runas.exe.,0,Benign
2026-02-23 09:22:11,4624,12,9246,An account was successfully logged on. New Logon: Account Name: jdoe Account Domain: CORP Logon ID: 0x1A2B3C.,0,Benign
2026-02-24 15:06:49,4634,7,7142,An account was logged off. Logon Type: 3.,0,Benign
2026-03-01 16:06:20,4624,9,6366,An account was successfully logged on. Logon Type: 10 Remote Desktop Services.,0,Benign
2026-02-26 16:46:01,4648,3,7572,A logon was attempted using explicit credentials. Target Server: localhost Target User: admin.,0,Benign
2026-02-24 12:24:28,4624,9,671,An account was successfully logged on. New Logon: Account Name: jdoe Account Domain: CORP Logon ID: 0x1A2B3C.,0,Benign
2026-02-23 08:28:19,4672,2,8744,Special privileges assigned to new logon. Subject: Security ID: S-1-5-21-1234567890 Account Name: Administrator Privileges: SeDebugPrivilege.,0,Benign
2026-02-24 15:55:06,4624,3,1162,An account was successfully logged on. Logon Type: 2 Interactive.,0,Benign
2026-02-28 08:10:56,4624,11,868,An account was successfully logged on. Subject: Security ID: S-1-5-18 Account Name: SYSTEM Account Domain: NT AUTHORITY Logon ID: 0x3E7 Logon Type: 5.,1,Benign
2026-02-26 21:36:55,4634,8,2386,An account was logged off. Subject: Security ID: S-1-5-21-1234567890 Account Name: jdoe.,0,Benign
2026-03-01 09:26:36,4625,3,6549,An account failed to log on. Logon Type: 10 Remote Desktop Services.,0,Benign
2026-03-01 12:15:59,4625,2,3036,An account failed to log on. Failure Reason: Unknown user name or bad password. Status: 0xC000006D Sub Status: 0xC000006A.,0,Benign
2026-02-23 13:21:18,4624,9,1802,An account was successfully logged on. Logon Type: 10 Remote Desktop Services.,0,Benign
2026-02-26 17:58:21,4634,10,9891,An account was logged off. Logon Type: 2 Interactive.,0,Benign
2026-02-27 08:51:39,4634,3,7904,An account was logged off. Logon Type: 2 Interactive.,0,Benign
2026-02-23 05:57:21,4648,9,9925,A logon was attempted using explicit credentials. Process: C:\Windows\System32\runas.exe.,0,Benign
2026-02-25 09:01:39,4624,10,5383,An account was successfully logged on. Logon Type: 10 Remote Desktop Services.,0,Benign
2026-02-25 17:26:53,4672,12,2913,A new process has been created. New Process Name: C:\Temp\procdump.exe.,1,T1003
2026-02-26 11:35:33,4624,7,1644,An account was successfully logged on. Subject: Security ID: S-1-5-18 Account Name: SYSTEM Account Domain: NT AUTHORITY Logon ID: 0x3E7 Logon Type: 5.,0,Benign
2026-02-26 14:41:32,4625,7,6853,An account failed to log on. Failure Reason: Account locked out.,0,Benign
2026-02-28 21:16:04,4624,11,2986,An account was successfully logged on. New Logon: Account Name: jdoe Account Domain: CORP Logon ID: 0x1A2B3C.,0,Benign
2026-02-26 13:58:26,4625,8,8113,An account failed to log on. Subject: Security ID: S-1-0-0 Account Name: - Account Domain: - Logon Type: 3.,0,Benign
2026-02-25 12:57:44,4634,8,2373,An account was logged off. Logon Type: 2 Interactive.,0,Benign
2026-02-25 09:52:08,4634,5,9634,An account was logged off. Subject: Security ID: S-1-5-21-1234567890 Account Name: jdoe.,0,Benign
2026-02-28 13:01:33,4624,11,6719,An account was successfully logged on. Logon Type: 2 Interactive.,0,Benign
2026-02-27 11:54:29,4720,9,7701,A user account was created. New Account Name: svc_backup New Account Domain: CORP.,0,Benign
2026-02-25 15:38:56,4634,2,3044,An account was logged off. Subject: Security ID: S-1-5-21-1234567890 Account Name: jdoe.,0,Benign
2026-02-25 07:16:31,4672,5,6704,Special privileges assigned to new logon. Subject: Security ID: S-1-5-18 Privileges: SeAssignPrimaryTokenPrivilege SeTcbPrivilege SeSecurityPrivilege.,0,Benign
2026-02-27 14:24:07,4624,8,1693,An account was successfully logged on. New Logon: Account Name: jdoe Account Domain: CORP Logon ID: 0x1A2B3C.,0,Benign
2026-03-01 19:43:39,4672,5,197,Special privileges assigned to new logon. Account Name: SYSTEM Privileges: SeBackupPrivilege SeRestorePrivilege.,0,Benign
2026-02-25 07:34:32,4732,11,5324,A member was added to a security-enabled local group. Member Name: tempuser Group Name: Administrators.,0,Benign
2026-02-26 10:32:34,4732,12,8603,A member was added to a security-enabled local group. Member Name: tempuser Group Name: Administrators.,0,Benign
2026-02-23 10:56:26,4688,11,8553,A new process has been created. New Process Name: C:\Program Files\Google\Chrome\chrome.exe Command Line: chrome.exe --type=renderer.,0,Benign
2026-02-27 12:57:18,4688,12,3298,A new process has been created. New Process Name: C:\Windows\System32\taskhostw.exe.,0,Benign
2026-02-28 17:48:44,4672,5,4567,Special privileges assigned to new logon. Subject: Security ID: S-1-5-21-1234567890 Account Name: Administrator Privileges: SeDebugPrivilege.,0,Benign
2026-02-23 10:30:03,4688,10,360,A new process has been created. New Process Name: C:\Windows\System32\taskhostw.exe.,0,Benign
2026-02-26 13:45:49,4720,12,3461,A user account was created. New Account Name: test_account.,0,Benign
2026-02-23 14:21:40,4624,2,4572,An account was successfully logged on. New Logon: Account Name: jdoe Account Domain: CORP Logon ID: 0x1A2B3C.,0,Benign
2026-02-24 16:23:10,4648,11,4825,A logon was attempted using explicit credentials. Target Server: DC01 Target User: backup_svc.,0,Benign
2026-02-24 13:54:19,4625,8,6607,An account failed to log on. Account Name: administrator Source Network Address: 192.168.1.50.,0,Benign
2026-02-27 12:10:24,4720,10,349,A user account was created. New Account Name: svc_backup New Account Domain: CORP.,0,Benign
2026-02-24 09:35:33,4648,3,4215,A logon was attempted using explicit credentials. Target Server: DC01 Target User: backup_svc.,0,Benign
2026-02-24 12:18:39,4624,3,9216,An account was successfully logged on. Logon Type: 10 Remote Desktop Services.,0,Benign
2026-02-23 14:38:15,4648,8,692,A logon was attempted using explicit credentials. Target Server: localhost Target User: admin.,0,Benign
2026-02-24 17:48:19,4624,12,4706,An account was successfully logged on. Subject: Security ID: S-1-5-21-1234567890 Account Name: Administrator Account Domain: CORP Logon Type: 3.,0,Benign
2026-02-25 11:11:07,4624,9,1322,An account was successfully logged on. Logon Type: 2 Interactive.,0,Benign
2026-02-26 11:10:42,4648,11,7780,A logon was attempted using explicit credentials. Target Server: localhost Target User: admin.,0,Benign
2026-02-24 10:35:21,4688,9,9706,A new process has been created. New Process Name: C:\Program Files\Google\Chrome\chrome.exe Command Line: chrome.exe --type=renderer.,0,Benign
2026-03-01 16:51:20,4672,2,534,Special privileges assigned to new logon. Subject: Security ID: S-1-5-18 Privileges: SeAssignPrimaryTokenPrivilege SeTcbPrivilege SeSecurityPrivilege.,0,Benign
2026-02-25 16:31:17,4688,9,6490,A new process has been created. New Process Name: C:\Program Files\Google\Chrome\chrome.exe Command Line: chrome.exe --type=renderer.,0,Benign
2026-02-24 08:21:23,4625,5,6302,An account failed to log on. Failure Reason: Unknown user name or bad password. Status: 0xC000006D Sub Status: 0xC000006A.,0,Benign
2026-02-25 17:59:19,4672,5,7170,Special privileges assigned to new logon. Subject: Security ID: S-1-5-21-1234567890 Account Name: Administrator Privileges: SeDebugPrivilege.,0,Benign
2026-03-01 15:45:05,4688,3,684,A new process has been created. New Process Name: C:\Windows\System32\svchost.exe Creator Process Name: C:\Windows\System32\services.exe.,0,Benign
2026-02-23 13:24:45,4634,5,3527,An account was logged off. Logon Type: 3.,0,Benign
2026-02-28 13:16:58,4624,11,7990,An account was successfully logged on. New Logon: Account Name: jdoe Account Domain: CORP Logon ID: 0x1A2B3C.,0,Benign
2026-03-01 11:13:06,4624,5,3853,An account was successfully logged on. Logon Type: 2 Interactive.,0,Benign
2026-02-23 17:57:47,4624,12,8097,An account was successfully logged on. Logon Type: 10 Remote Desktop Services.,0,Benign
2026-02-24 15:04:27,4624,10,4798,An account was successfully logged on. Logon Type: 2 Interactive.,0,Benign
2026-02-25 16:04:31,4624,12,7070,An account was successfully logged on. Subject: Security ID: S-1-5-21-1234567890 Account Name: Administrator Account Domain: CORP Logon Type: 3.,0,Benign
2026-02-28 10:14:58,4624,9,599,An account was successfully logged on. Logon Type: 2 Interactive.,0,Benign
2026-02-24 15:00:34,4625,12,4361,An account failed to log on. Failure Reason: Unknown user name or bad password. Status: 0xC000006D Sub Status: 0xC000006A.,0,Benign
2026-02-26 10:09:16,4625,2,3883,An account failed to log on. Failure Reason: Unknown user name or bad password. Status: 0xC000006D Sub Status: 0xC000006A.,0,Benign
2026-02-24 16:32:51,4732,8,6379,A member was added to a security-enabled local group. Member Name: jdoe Group Name: Remote Desktop Users.,0,Benign
2026-02-25 14:29:14,4634,8,3006,An account was logged off. Logon Type: 2 Interactive.,0,Benign
2026-02-24 23:16:38,4688,11,1490,A new process has been created. New Process Name: C:\Windows\System32\notepad.exe.,0,Benign
2026-02-24 18:28:39,4624,11,8222,An account was successfully logged on. Logon Type: 10 Remote Desktop Services.,0,Benign
2026-02-25 12:33:30,4634,3,1010,An account was logged off. Subject: Security ID: S-1-5-21-1234567890 Account Name: jdoe.,0,Benign
2026-02-25 09:15:24,4624,9,7837,An account was successfully logged on. New Logon: Account Name: jdoe Account Domain: CORP Logon ID: 0x1A2B3C.,0,Benign
2026-03-01 22:36:11,4732,7,5429,A user account was created. New Account Name: svc_temp.,1,T1078
2026-02-25 11:29:02,4624,9,9623,An account was successfully logged on. New Logon: Account Name: jdoe Account Domain: CORP Logon ID: 0x1A2B3C.,0,Benign
2026-02-27 08:33:57,4624,10,7642,An account was successfully logged on. Subject: Security ID: S-1-5-18 Account Name: SYSTEM Account Domain: NT AUTHORITY Logon ID: 0x3E7 Logon Type: 5.,0,Benign
2026-02-23 13:14:25,4625,9,8019,An account failed to log on. Logon Type: 10 Remote Desktop Services.,0,Benign
2026-02-23 09:54:35,4625,12,7495,An account failed to log on. Failure Reason: Unknown user name or bad password. Status: 0xC000006D Sub Status: 0xC000006A.,0,Benign
2026-02-26 10:55:03,4625,11,953,An account failed to log on. Failure Reason: Unknown user name or bad password. Status: 0xC000006D Sub Status: 0xC000006A.,0,Benign
2026-02-26 10:11:41,4720,11,3261,A user account was created. New Account Name: test_account.,0,Benign
2026-02-28 08:28:25,4624,5,5365,An account was successfully logged on. Subject: Security ID: S-1-5-21-1234567890 Account Name: Administrator Account Domain: CORP Logon Type: 3.,0,Benign
2026-02-26 15:19:50,4634,2,1652,An account was logged off. Logon Type: 2 Interactive.,0,Benign
2026-03-01 10:03:49,4624,12,5517,An account was successfully logged on. Logon Type: 10 Remote Desktop Services.,0,Benign
2026-02-27 16:36:48,4648,7,1529,A logon was attempted using explicit credentials. Target Server: localhost Target User: admin.,0,Benign
2026-02-28 02:25:16,4634,8,868,An account was logged off. Logon Type: 2 Interactive.,0,Benign
2026-02-27 10:35:37,4624,2,9374,An account was successfully logged on. Logon Type: 10 Remote Desktop Services.,0,Benign
2026-02-27 09:44:31,4688,9,5925,A new process has been created. New Process Name: C:\Windows\System32\svchost.exe Creator Process Name: C:\Windows\System32\services.exe.,0,Benign
2026-02-27 16:04:43,4688,8,8077,A new process has been created. New Process Name: C:\Windows\System32\notepad.exe.,0,Benign
2026-02-28 15:43:13,4672,9,5941,Special privileges assigned to new logon. Account Name: SYSTEM Privileges: SeBackupPrivilege SeRestorePrivilege.,0,Benign
2026-02-23 10:40:50,4624,5,1993,An account was successfully logged on. Logon Type: 10 Remote Desktop Services.,0,Benign
2026-03-01 12:05:00,4625,11,4330,An account failed to log on. Logon Type: 10 Remote Desktop Services.,0,Benign
2026-02-28 12:35:40,4624,12,1495,An account was successfully logged on. Subject: Security ID: S-1-5-21-1234567890 Account Name: Administrator Account Domain: CORP Logon Type: 3.,0,Benign
2026-02-26 12:26:15,4672,3,1966,Special privileges assigned to new logon. Account Name: SYSTEM Privileges: SeBackupPrivilege SeRestorePrivilege.,0,Benign
2026-02-27 14:42:12,4624,12,6074,An account was successfully logged on. Logon Type: 2 Interactive.,0,Benign
2026-02-23 12:01:53,4624,3,5564,An account was successfully logged on. New Logon: Account Name: jdoe Account Domain: CORP Logon ID: 0x1A2B3C.,0,Benign
2026-03-01 15:42:39,4688,2,3070,A new process has been created. New Process Name: C:\Windows\System32\taskhostw.exe.,0,Benign
2026-02-25 17:12:52,4672,7,7726,Special privileges assigned to new logon. Subject: Security ID: S-1-5-21-1234567890 Account Name: Administrator Privileges: SeDebugPrivilege.,0,Benign
2026-02-25 08:20:10,4688,9,5106,A new process has been created. New Process Name: C:\Program Files\Google\Chrome\chrome.exe Command Line: chrome.exe --type=renderer.,0,Benign
2026-03-01 06:03:39,4624,5,817,An account was successfully logged on. Subject: Security ID: S-1-5-21-1234567890 Account Name: Administrator Account Domain: CORP Logon Type: 3.,0,Benign
2026-02-25 16:52:04,4720,8,8850,A user account was created. New Account Name: test_account.,0,Benign
2026-02-23 04:09:28,4648,10,5777,A logon was attempted using explicit credentials. Target Server: DC01 Target User: backup_svc.,0,Benign
2026-02-26 12:51:07,4672,9,4884,Special privileges assigned to new logon. Account Name: SYSTEM Privileges: SeBackupPrivilege SeRestorePrivilege.,0,Benign
2026-02-27 13:24:55,4624,9,6868,An account was successfully logged on. Logon Type: 10 Remote Desktop Services.,0,Benign
2026-02-24 13:26:26,4688,3,8338,A new process has been created. New Process Name: C:\Windows\System32\taskhostw.exe.,0,Benign
2026-02-25 12:50:29,4648,2,2318,A logon was attempted using explicit credentials. Target Server: DC01 Target User: backup_svc.,0,Benign
2026-02-25 07:39:09,4624,3,2776,An account was successfully logged on. Logon Type: 10 Remote Desktop Services.,0,Benign
2026-02-23 09:27:24,4634,8,1525,An account was logged off. Logon Type: 2 Interactive.,0,Benign
2026-02-25 04:57:22,4624,11,3288,An account was successfully logged on. Subject: Security ID: S-1-5-21-1234567890 Account Name: Administrator Account Domain: CORP Logon Type: 3.,0,Benign
2026-02-26 23:43:26,4624,7,6315,An account was successfully logged on. New Logon: Account Name: jdoe Account Domain: CORP Logon ID: 0x1A2B3C.,0,Benign
2026-02-26 18:07:51,4625,7,1743,An account failed to log on. Subject: Security ID: S-1-0-0 Account Name: - Account Domain: - Logon Type: 3.,0,Benign
2026-03-01 10:21:20,4624,10,8639,An account was successfully logged on. Logon Type: 2 Interactive.,0,Benign
2026-02-25 08:12:35,4625,12,8937,An account failed to log on. Logon Type: 10 Remote Desktop Services.,0,Benign
2026-02-26 10:45:36,4648,9,7741,A logon was attempted using explicit credentials. Target Server: DC01 Target User: backup_svc.,0,Benign
2026-02-23 16:56:41,4624,3,4039,An account was successfully logged on. Subject: Security ID: S-1-5-18 Account Name: SYSTEM Account Domain: NT AUTHORITY Logon ID: 0x3E7 Logon Type: 5.,0,Benign
2026-02-27 16:01:21,4672,7,3291,Special privileges assigned to new logon. Subject: Security ID: S-1-5-21-1234567890 Account Name: Administrator Privileges: SeDebugPrivilege.,0,Benign
2026-02-23 12:18:02,4625,10,4746,An account failed to log on. Account Name: administrator Source Network Address: 192.168.1.50.,0,Benign
2026-02-24 08:11:03,4625,3,4380,An account failed to log on. Subject: Security ID: S-1-0-0 Account Name: - Account Domain: - Logon Type: 3.,0,Benign
2026-02-28 22:07:30,4624,5,2428,An account was successfully logged on. New Logon: Account Name: jdoe Account Domain: CORP Logon ID: 0x1A2B3C.,0,Benign
2026-02-23 06:49:46,4624,5,9915,An account was successfully logged on. Logon Type: 2 Interactive.,0,Benign
2026-02-27 15:07:59,4688,10,5174,A new process has been created. New Process Name: C:\Windows\System32\notepad.exe.,0,Benign
2026-02-28 11:34:08,4624,11,8486,An account was successfully logged on. Subject: Security ID: S-1-5-18 Account Name: SYSTEM Account Domain: NT AUTHORITY Logon ID: 0x3E7 Logon Type: 5.,0,Benign
2026-02-27 17:29:55,4624,2,7548,An account was successfully logged on. New Logon: Account Name: jdoe Account Domain: CORP Logon ID: 0x1A2B3C.,0,Benign
2026-02-23 11:36:24,4672,8,9848,Special privileges assigned to new logon. Subject: Security ID: S-1-5-18 Privileges: SeAssignPrimaryTokenPrivilege SeTcbPrivilege SeSecurityPrivilege.,0,Benign
2026-02-27 17:38:14,4625,9,9787,An account failed to log on. Logon Type: 10 Remote Desktop Services.,0,Benign
2026-02-27 13:10:43,4624,9,2449,An account was successfully logged on. Subject: Security ID: S-1-5-18 Account Name: SYSTEM Account Domain: NT AUTHORITY Logon ID: 0x3E7 Logon Type: 5.,0,Benign
2026-02-24 11:34:17,4625,7,3512,An account failed to log on. Subject: Security ID: S-1-0-0 Account Name: - Account Domain: - Logon Type: 3.,0,Benign
2026-02-24 09:07:30,4624,12,3433,An account was successfully logged on. Subject: Security ID: S-1-5-18 Account Name: SYSTEM Account Domain: NT AUTHORITY Logon ID: 0x3E7 Logon Type: 5.,0,Benign
2026-02-28 12:20:15,4625,9,5667,An account failed to log on. Failure Reason: Account locked out.,0,Benign
2026-02-28 12:42:03,4624,7,9612,An account was successfully logged on. New Logon: Account Name: jdoe Account Domain: CORP Logon ID: 0x1A2B3C.,0,Benign
2026-02-26 14:01:31,4634,5,5968,An account was logged off. Logon Type: 2 Interactive.,0,Benign
2026-02-27 13:22:35,4624,11,732,An account was successfully logged on. Logon Type: 2 Interactive.,0,Benign
2026-02-23 10:04:21,4672,8,8188,Special privileges assigned to new logon. Subject: Security ID: S-1-5-18 Privileges: SeAssignPrimaryTokenPrivilege SeTcbPrivilege SeSecurityPrivilege.,0,Benign
2026-02-28 13:36:58,4634,9,9693,An account was logged off. Logon Type: 3.,0,Benign
2026-02-27 14:17:53,4624,5,1957,An account was successfully logged on. New Logon: Account Name: jdoe Account Domain: CORP Logon ID: 0x1A2B3C.,0,Benign
2026-02-26 11:49:00,4634,3,7411,An account was logged off. Logon Type: 2 Interactive.,0,Benign
2026-03-01 15:44:51,4720,12,1060,A user account was created. New Account Name: svc_backup New Account Domain: CORP.,0,Benign
2026-02-24 18:23:11,4624,7,7380,An account was successfully logged on. New Logon: Account Name: jdoe Account Domain: CORP Logon ID: 0x1A2B3C.,0,Benign
2026-02-28 15:14:20,4688,7,6234,A new process has been created. New Process Name: C:\Windows\System32\svchost.exe Creator Process Name: C:\Windows\System32\services.exe.,0,Benign
2026-02-27 09:03:16,4624,12,1799,An account was successfully logged on. Subject: Security ID: S-1-5-21-1234567890 Account Name: Administrator Account Domain: CORP Logon Type: 3.,0,Benign
2026-02-28 16:21:29,4624,11,7977,An account was successfully logged on. Logon Type: 10 Remote Desktop Services.,0,Benign
2026-02-25 11:33:22,4648,12,6973,A logon was attempted using explicit credentials. Process: C:\Windows\System32\runas.exe.,0,Benign
2026-03-01 14:10:50,4688,12,6974,A new process has been created. New Process Name: C:\Program Files\Google\Chrome\chrome.exe Command Line: chrome.exe --type=renderer.,0,Benign
2026-02-27 17:58:45,4624,3,1180,An account was successfully logged on. Subject: Security ID: S-1-5-21-1234567890 Account Name: Administrator Account Domain: CORP Logon Type: 3.,0,Benign
2026-02-28 12:28:37,4688,7,6211,A new process has been created. New Process Name: C:\Windows\System32\svchost.exe Creator Process Name: C:\Windows\System32\services.exe.,0,Benign
2026-02-27 08:17:23,4625,10,9127,An account failed to log on. Failure Reason: Account locked out.,0,Benign
2026-02-27 14:18:36,4634,9,1942,An account was logged off. Subject: Security ID: S-1-5-21-1234567890 Account Name: jdoe.,0,Benign
2026-02-25 11:00:06,4624,5,6183,An account was successfully logged on. New Logon: Account Name: jdoe Account Domain: CORP Logon ID: 0x1A2B3C.,0,Benign
2026-02-25 14:15:04,4624,7,6187,An account was successfully logged on. Subject: Security ID: S-1-5-21-1234567890 Account Name: Administrator Account Domain: CORP Logon Type: 3.,0,Benign
2026-02-24 08:37:01,4624,12,5731,An account was successfully logged on. Logon Type: 10 Remote Desktop Services.,0,Benign
2026-02-24 13:12:53,4625,9,3392,An account failed to log on. Failure Reason: Unknown user name or bad password. Status: 0xC000006D Sub Status: 0xC000006A.,0,Benign
2026-03-01 16:11:23,4624,8,5941,An account was successfully logged on. Subject: Security ID: S-1-5-18 Account Name: SYSTEM Account Domain: NT AUTHORITY Logon ID: 0x3E7 Logon Type: 5.,0,Benign
2026-03-01 16:04:42,4624,12,1576,An account was successfully logged on. New Logon: Account Name: jdoe Account Domain: CORP Logon ID: 0x1A2B3C.,0,Benign
2026-02-25 10:36:55,4648,10,3566,A logon was attempted using explicit credentials. Target Server: localhost Target User: admin.,0,Benign
2026-02-27 10:46:53,4688,2,4643,A new process has been created. New Process Name: C:\Windows\System32\svchost.exe Creator Process Name: C:\Windows\System32\services.exe.,0,Benign
2026-02-26 11:42:23,4688,9,813,A new process has been created. New Process Name: C:\Windows\System32\cmd.exe Command Line: cmd.exe /c dir.,0,Benign
2026-02-26 16:48:40,4625,9,5883,An account failed to log on. Failure Reason: Account locked out.,0,Benign
2026-02-26 09:59:51,4624,12,8310,An account was successfully logged on. Logon Type: 10 Remote Desktop Services.,0,Benign
2026-02-28 13:19:39,4624,5,4033,An account was successfully logged on. New Logon: Account Name: jdoe Account Domain: CORP Logon ID: 0x1A2B3C.,0,Benign
2026-02-24 06:04:01,4634,5,8668,An account was logged off. Subject: Security ID: S-1-5-21-1234567890 Account Name: jdoe.,0,Benign
2026-02-28 09:12:13,4624,12,1886,An account was successfully logged on. Subject: Security ID: S-1-5-21-1234567890 Account Name: Administrator Account Domain: CORP Logon Type: 3.,0,Benign
2026-02-25 14:59:03,4634,12,1519,An account was logged off. Logon Type: 2 Interactive.,0,Benign
2026-02-25 09:06:27,4624,5,8607,An account was successfully logged on. New Logon: Account Name: jdoe Account Domain: CORP Logon ID: 0x1A2B3C.,0,Benign
2026-02-26 14:02:22,4688,5,8906,A new process has been created. New Process Name: C:\Windows\System32\taskhostw.exe.,0,Benign
2026-02-25 10:16:00,4624,5,4004,An account was successfully logged on. Logon Type: 2 Interactive.,0,Benign
2026-02-26 16:18:08,4672,2,7856,Special privileges assigned to new logon. Subject: Security ID: S-1-5-21-1234567890 Account Name: Administrator Privileges: SeDebugPrivilege.,0,Benign
2026-03-01 15:20:59,4634,10,3659,An account was logged off. Subject: Security ID: S-1-5-21-1234567890 Account Name: jdoe.,0,Benign
2026-02-26 09:13:02,4624,3,9873,An account was successfully logged on. Subject: Security ID: S-1-5-18 Account Name: SYSTEM Account Domain: NT AUTHORITY Logon ID: 0x3E7 Logon Type: 5.,0,Benign
2026-02-23 22:41:44,4634,8,4007,An account was logged off. Subject: Security ID: S-1-5-21-1234567890 Account Name: jdoe.,0,Benign
2026-02-25 10:05:07,4624,11,415,An account was successfully logged on. Logon Type: 2 Interactive.,0,Benign
2026-02-26 17:24:47,4624,11,7676,An account was successfully logged on. Logon Type: 2 Interactive.,0,Benign
2026-02-24 12:37:39,4624,11,758,An account was successfully logged on. Logon Type: 10 Remote Desktop Services.,0,Benign
2026-02-25 10:46:21,4624,9,1970,An account was successfully logged on. Subject: Security ID: S-1-5-18 Account Name: SYSTEM Account Domain: NT AUTHORITY Logon ID: 0x3E7 Logon Type: 5.,0,Benign
2026-02-24 13:47:12,4624,8,9494,An account was successfully logged on. Subject: Security ID: S-1-5-18 Account Name: SYSTEM Account Domain: NT AUTHORITY Logon ID: 0x3E7 Logon Type: 5.,0,Benign
2026-02-27 09:45:32,4634,10,8962,An account was logged off. Logon Type: 2 Interactive.,0,Benign
2026-02-23 12:57:35,4625,11,2753,An account failed to log on. Account Name: administrator Source Network Address: 192.168.1.50.,0,Benign
2026-02-27 16:33:48,4625,9,9849,An account failed to log on. Logon Type: 10 Remote Desktop Services.,0,Benign
2026-02-23 12:23:49,4648,9,8764,A logon was attempted using explicit credentials. Process: C:\Windows\System32\runas.exe.,0,Benign
2026-02-26 14:10:59,4625,11,6553,An account failed to log on. Account Name: administrator Source Network Address: 192.168.1.50.,0,Benign
2026-02-24 17:17:22,4672,3,3278,Special privileges assigned to new logon. Subject: Security ID: S-1-5-18 Privileges: SeAssignPrimaryTokenPrivilege SeTcbPrivilege SeSecurityPrivilege.,0,Benign
2026-02-26 10:46:08,4624,5,2034,An account was successfully logged on. New Logon: Account Name: jdoe Account Domain: CORP Logon ID: 0x1A2B3C.,0,Benign
2026-02-25 07:04:26,1100,3,4847,The audit log was cleared. Account Name: administrator.,1,T1070
2026-03-01 08:30:45,4625,7,7708,An account failed to log on. Failure Reason: Unknown user name or bad password. Status: 0xC000006D Sub Status: 0xC000006A.,0,Benign
2026-03-01 17:43:38,4624,12,1780,An account was successfully logged on. Subject: Security ID: S-1-5-21-1234567890 Account Name: Administrator Account Domain: CORP Logon Type: 3.,0,Benign
2026-03-01 17:38:20,4688,10,8194,A new process has been created. New Process Name: C:\Windows\System32\svchost.exe Creator Process Name: C:\Windows\System32\services.exe.,0,Benign
2026-02-27 09:47:31,4634,7,2145,An account was logged off. Logon Type: 2 Interactive.,0,Benign
2026-02-26 20:02:27,4688,11,4396,A new process has been created. New Process Name: C:\Windows\System32\powershell.exe Command Line: powershell -enc SQBFAFgA.,1,T1047
2026-02-26 15:09:01,4634,12,6020,An account was logged off. Subject: Security ID: S-1-5-21-1234567890 Account Name: jdoe.,0,Benign
2026-02-28 09:19:12,4624,10,3252,An account was successfully logged on. Subject: Security ID: S-1-5-21-1234567890 Account Name: Administrator Account Domain: CORP Logon Type: 3.,0,Benign
2026-02-26 17:28:06,4625,9,733,An account failed to log on. Subject: Security ID: S-1-0-0 Account Name: - Account Domain: - Logon Type: 3.,0,Benign
2026-02-28 12:39:50,4624,10,388,An account was successfully logged on. Subject: Security ID: S-1-5-18 Account Name: SYSTEM Account Domain: NT AUTHORITY Logon ID: 0x3E7 Logon Type: 5.,0,Benign
2026-03-01 08:18:16,4648,3,1965,A logon was attempted using explicit credentials. Target Server: localhost Target User: admin.,0,Benign
2026-02-23 13:15:34,4624,8,8172,An account was successfully logged on. Subject: Security ID: S-1-5-18 Account Name: SYSTEM Account Domain: NT AUTHORITY Logon ID: 0x3E7 Logon Type: 5.,1,Benign
