2026-02-25 17:36:08,4625,5,6569,An account failed to log on. Account Name: administrator Source Network Address: 192.168.1.50.,0,Benign
2026-02-28 09:08:31,4624,9,8389,An account was successfully logged on. Logon Type: 10 Remote Desktop Services.,0,Benign
2026-02-25 11:20:54,4688,9,5470,A new process has been created. New Process Name: C:\Windows\System32\taskhostw.exe.,0,Benign
2026-02-27 08:35:34,4625,12,8812,An account failed to log on. Subject: Security ID: S-1-0-0 Account Name: - Account Domain: - Logon Type: 3.,0,Benign
2026-02-26 14:02:14,4624,3,4365,An account was successfully logged on. Subject: Security ID: S-1-5-18 Account Name: SYSTEM Account Domain: NT AUTHORITY Logon ID: 0x3E7 Logon Type: 5.,0,Benign
2026-02-23 09:01:20,4732,8,2653,A member was added to a security-enabled local group. Member Name: tempuser Group Name: Administrators.,0,Benign
2026-02-24 08:59:44,4624,8,7025,An account was successfully logged on. Logon Type: 10 Remote Desktop Services.,0,Benign
2026-03-01 09:46:50,4625,3,756,An account failed to log on. Account Name: administrator Source Network Address: 192.168.1.50.,0,Benign
2026-02-27 01:06:06,4624,10,6898,An account was successfully logged on. Subject: Security ID: S-1-5-18 Account Name: SYSTEM Account Domain: NT AUTHORITY Logon ID: 0x3E7 Logon Type: 5.,0,Benign
2026-02-28 13:58:17,4625,5,7646,An account failed to log on. Account Name: administrator Source Network Address: 192.168.1.50.,0,Benign
2026-02-24 13:14:51,4625,8,4051,An account failed to log on. Logon Type: 10 Remote Desktop Services.,0,Benign
2026-02-24 11:23:04,4624,11,5000,An account was successfully logged on. Logon Type: 2 Interactive.,0,Benign
2026-02-24 16:02:20,4648,2,5557,A logon was attempted using explicit credentials. Process: C:\Windows\System32\runas.exe.,0,Benign
2026-02-26 12:39:06,4625,9,5341,An account failed to log on. Failure Reason: Account locked out.,0,Benign
2026-03-01 11:07:50,4634,8,7046,An account was logged off. Logon Type: 2 Interactive.,0,Benign
2026-02-24 06:10:24,4624,7,9238,An account was successfully logged on. Subject: Security ID: S-1-5-21-1234567890 Account Name: Administrator Account Domain: CORP Logon Type: 3.,0,Benign
2026-02-26 08:54:09,4625,10,6296,An account failed to log on. Account Name: administrator Source Network Address: 192.168.1.50.,0,Benign
2026-03-01 12:32:37,4634,2,1350,An account was logged off. Logon Type: 2 Interactive.,0,Benign
2026-03-01 17:16:49,4688,3,3429,A new process has been created. New Process Name: C:\Windows\System32\cmd.exe Command Line: cmd.exe /c dir.,0,Benign
2026-02-26 15:39:49,4624,3,1617,An account was successfully logged on. Logon Type: 10 Remote Desktop Services.,0,Benign
2026-02-25 17:53:56,4624,11,7110,An account was successfully logged on. Logon Type: 2 Interactive.,0,Benign
2026-02-24 12:30:55,4688,11,1512,A new process has been created. New Process Name: C:\Windows\System32\svchost.exe Creator Process Name: C:\Windows\System32\services.exe.,0,Benign
2026-03-01 16:37:12,4634,5,786,An account was logged off. Logon Type: 3.,0,Benign
2026-02-23 19:35:09,4625,8,4510,An account failed to log on. Account Name: administrator Source Network Address: 192.168.1.50.,0,Benign
2026-03-01 12:43:52,4624,10,2363,An account was successfully logged on. Subject: Security ID: S-1-5-21-1234567890 Account Name: Administrator Account Domain: CORP Logon Type: 3.,0,Benign
2026-02-24 12:54:31,4624,2,582,An account was successfully logged on. Subject: Security ID: S-1-5-21-1234567890 Account Name: Administrator Account Domain: CORP Logon Type: 3.,0,Benign
2026-02-27 03:34:36,4624,11,2556,An account was successfully logged on. Subject: Security ID: S-1-5-21-1234567890 Account Name: Administrator Account Domain: CORP Logon Type: 3.,0,Benign
2026-02-28 07:52:14,4625,8,6878,An account failed to log on. Account Name: administrator Source Network Address: 192.168.1.50.,0,Benign
2026-02-25 15:20:22,4624,8,5924,An account was successfully logged on. Subject: Security ID: S-1-5-21-1234567890 Account Name: Administrator Account Domain: CORP Logon Type: 3.,0,Benign
2026-02-24 16:54:06,4634,10,9613,An account was logged off. Logon Type: 2 Interactive.,0,Benign
2026-03-01 12:52:54,4624,10,4395,An account was successfully logged on. Subject: Security ID: S-1-5-21-1234567890 Account Name: Administrator Account Domain: CORP Logon Type: 3.,0,Benign
2026-02-28 10:57:13,4688,11,3513,A new process has been created. New Process Name: C:\Windows\System32\notepad.exe.,0,Benign
2026-02-24 05:22:45,4720,5,3971,A user account was created. New Account Name: tempuser New Account Domain: CORP.,0,Benign
2026-02-26 00:40:52,4688,12,4074,A new process has been created. New Process Name: C:\Windows\System32\svchost.exe Creator Process Name: C:\Windows\System32\services.exe.,0,Benign
2026-02-23 14:12:44,4625,3,9120,An account failed to log on. Logon Type: 10 Remote Desktop Services.,0,Benign
2026-03-01 17:53:55,4624,8,7392,An account was successfully logged on. Logon Type: 2 Interactive.,0,Benign
2026-02-23 20:42:05,4688,3,1055,A new process has been created. New Process Name: C:\Windows\System32\taskhostw.exe.,0,Benign
2026-02-27 14:25:31,4634,8,9531,An account was logged off. Logon Type: 3.,0,Benign
2026-03-01 11:22:03,4634,7,2302,An account was logged off. Logon Type: 3.,0,Benign
2026-02-23 23:44:18,4688,3,3832,A new process has been created. New Process Name: C:\Windows\System32\notepad.exe.,0,Benign
2026-02-23 01:24:33,4672,9,7414,Special privileges assigned to new logon. Subject: Security ID: S-1-5-18 Privileges: SeAssignPrimaryTokenPrivilege SeTcbPrivilege SeSecurityPrivilege.,0,Benign
2026-02-26 12:55:18,4625,3,4888,An account failed to log on. Subject: Security ID: S-1-0-0 Account Name: - Account Domain: - Logon Type: 3.,0,Benign
2026-02-24 17:28:21,4634,3,8939,An account was logged off. Logon Type: 2 Interactive.,0,Benign
2026-02-24 15:18:47,4732,7,1812,A member was added to a security-enabled local group. Member Name: svc_backup Group Name: Backup Operators.,0,Benign
2026-02-23 16:40:11,4624,7,7561,An account was successfully logged on. New Logon: Account Name: jdoe Account Domain: CORP Logon ID: 0x1A2B3C.,0,Benign
2026-03-01 13:24:35,4648,10,393,A logon was attempted using explicit credentials. Process: C:\Windows\System32\runas.exe.,0,Benign
2026-02-26 15:12:12,4688,3,6803,A new process has been created. New Process Name: C:\Program Files\Google\Chrome\chrome.exe Command Line: chrome.exe --type=renderer.,0,Benign
2026-02-27 09:35:12,4720,7,9739,A user account was created. New Account Name: svc_backup New Account Domain: CORP.,0,Benign
2026-03-01 10:19:44,4624,11,5043,An account was successfully logged on. Logon Type: 2 Interactive.,0,Benign
2026-02-26 22:11:42,4625,8,525,An account failed to log on. Account Name: administrator Source Network Address: 192.168.1.50.,0,Benign
2026-02-24 21:58:36,4634,11,911,An account was logged off. Subject: Security ID: S-1-5-21-1234567890 Account Name: jdoe.,0,Benign
2026-02-25 15:28:52,4624,11,9048,An account was successfully logged on. New Logon: Account Name: jdoe Account Domain: CORP Logon ID: 0x1A2B3C.,0,Benign
2026-02-27 16:07:34,4634,7,7839,An account was logged off. Logon Type: 3.,0,Benign
2026-03-01 16:02:24,4688,10,520,A new process has been created. New Process Name: C:\Program Files\Google\Chrome\chrome.exe Command Line: chrome.exe --type=renderer.,0,Benign
2026-03-01 17:13:57,4624,7,5561,An account was successfully logged on. Logon Type: 10 Remote Desktop Services.,0,Benign
2026-02-25 01:55:20,4624,9,2759,An account was successfully logged on. Logon Type: 2 Interactive.,0,Benign
2026-02-26 15:30:08,4688,2,9044,A new process has been created. New Process Name: C:\Windows\System32\svchost.exe Creator Process Name: C:\Windows\System32\services.exe.,0,Benign
2026-02-23 09:01:41,4624,11,3442,An account was successfully logged on. New Logon: Account Name: jdoe Account Domain: CORP Logon ID: 0x1A2B3C.,0,Benign
2026-02-26 08:11:58,4624,3,6043,An account was successfully logged on. New Logon: Account Name: jdoe Account Domain: CORP Logon ID: 0x1A2B3C.,0,Benign
2026-02-25 01:37:58,4732,2,7761,A member was added to a security-enabled local group. Member Name: jdoe Group Name: Remote Desktop Users.,0,Benign
2026-02-26 11:35:29,4634,10,5228,An account was logged off. Logon Type: 2 Interactive.,0,Benign
2026-03-01 07:09:19,4634,10,1849,An account was logged off. Subject: Security ID: S-1-5-21-1234567890 Account Name: jdoe.,0,Benign
2026-02-28 08:05:27,4624,3,1308,An account was successfully logged on. Logon Type: 2 Interactive.,0,Benign
2026-02-24 02:35:07,4672,11,294,Special privileges assigned to new logon. Subject: Security ID: S-1-5-21-1234567890 Account Name: Administrator Privileges: SeDebugPrivilege.,0,Benign
2026-02-24 09:18:45,4634,3,8818,An account was logged off. Logon Type: 2 Interactive.,0,Benign
2026-02-25 03:11:04,4624,9,4907,An account was successfully logged on. Subject: Security ID: S-1-5-21-1234567890 Account Name: Administrator Account Domain: CORP Logon Type: 3.,0,Benign
2026-02-27 08:53:08,4634,12,5834,An account was logged off. Subject: Security ID: S-1-5-21-1234567890 Account Name: jdoe.,0,Benign
2026-02-28 10:26:31,4624,11,804,An account was successfully logged on. Logon Type: 10 Remote Desktop Services.,0,Benign
2026-02-28 13:44:01,4625,5,9847,An account failed to log on. Failure Reason: Account locked out.,0,Benign
2026-02-26 15:55:15,4624,7,1581,An account was successfully logged on. Logon Type: 10 Remote Desktop Services.,0,Benign
2026-02-28 12:56:43,4688,10,1291,A new process has been created. New Process Name: C:\Windows\System32\taskhostw.exe.,0,Benign
2026-02-25 09:54:06,4624,12,5448,An account was successfully logged on. Subject: Security ID: S-1-5-18 Account Name: SYSTEM Account Domain: NT AUTHORITY Logon ID: 0x3E7 Logon Type: 5.,0,Benign
2026-02-24 15:05:11,4624,9,9929,An account was successfully logged on. New Logon: Account Name: jdoe Account Domain: CORP Logon ID: 0x1A2B3C.,0,Benign
2026-02-28 02:04:22,4624,9,7958,An account was successfully logged on. New Logon: Account Name: jdoe Account Domain: CORP Logon ID: 0x1A2B3C.,0,Benign
2026-02-24 16:55:14,4624,10,4595,An account was successfully logged on. Subject: Security ID: S-1-5-18 Account Name: SYSTEM Account Domain: NT AUTHORITY Logon ID: 0x3E7 Logon Type: 5.,0,Benign
2026-02-23 16:53:17,4648,10,1410,A logon was attempted using explicit credentials. Process: C:\Windows\System32\runas.exe.,0,Benign
2026-02-25 08:30:13,4625,2,4602,An account failed to log on. Subject: Security ID: S-1-0-0 Account Name: - Account Domain: - Logon Type: 3.,0,Benign
2026-03-01 03:26:56,4625,9,4818,An account failed to log on. Failure Reason: Account locked out.,0,Benign
2026-03-01 10:11:27,4672,8,6148,Special privileges assigned to new logon. Subject: Security ID: S-1-5-18 Privileges: SeAssignPrimaryTokenPrivilege SeTcbPrivilege SeSecurityPrivilege.,0,Benign
2026-02-26 17:56:49,4634,11,8303,An account was logged off. Logon Type: 3.,0,Benign
2026-02-24 11:23:53,4634,10,5090,An account was logged off. Logon Type: 3.,0,Benign
2026-02-24 14:56:04,4624,3,9268,An account was successfully logged on. Subject: Security ID: S-1-5-18 Account Name: SYSTEM Account Domain: NT AUTHORITY Logon ID: 0x3E7 Logon Type: 5.,0,Benign
2026-02-23 13:57:49,4625,10,7918,An account failed to log on. Subject: Security ID: S-1-0-0 Account Name: - Account Domain: - Logon Type: 3.,0,Benign
2026-02-24 13:50:46,4625,8,8047,An account failed to log on. Logon Type: 10 Remote Desktop Services.,0,Benign
2026-02-27 11:37:21,4625,10,1123,An account failed to log on. Logon Type: 10 Remote Desktop Services.,0,Benign
2026-02-27 13:06:50,4624,8,4693,An account was successfully logged on. Subject: Security ID: S-1-5-21-1234567890 Account Name: Administrator Account Domain: CORP Logon Type: 3.,0,Benign
2026-02-27 17:05:51,4624,7,8379,An account was successfully logged on. New Logon: Account Name: jdoe Account Domain: CORP Logon ID: 0x1A2B3C.,0,Benign
2026-02-28 11:15:30,4625,12,5078,An account failed to log on. Logon Type: 10 Remote Desktop Services.,0,Benign
2026-02-28 12:13:55,4648,8,6804,A logon was attempted using explicit credentials. Process: C:\Windows\System32\runas.exe.,1,Benign
2026-02-28 14:22:40,4672,10,8756,Special privileges assigned to new logon. Subject: Security ID: S-1-5-21-1234567890 Account Name: Administrator Privileges: SeDebugPrivilege.,0,Benign
2026-02-25 01:09:30,4624,7,1088,An account was successfully logged on. New Logon: Account Name: jdoe Account Domain: CORP Logon ID: 0x1A2B3C.,0,Benign
2026-02-28 11:31:07,4624,10,4978,An account was successfully logged on. New Logon: Account Name: jdoe Account Domain: CORP Logon ID: 0x1A2B3C.,0,Benign
2026-02-27 16:55:09,4688,12,6093,A new process has been created. New Process Name: C:\Windows\System32\cmd.exe Command Line: cmd.exe /c dir.,0,Benign
2026-02-24 09:39:45,4624,9,8190,An account was successfully logged on. Subject: Security ID: S-1-5-21-1234567890 Account Name: Administrator Account Domain: CORP Logon Type: 3.,0,Benign
2026-02-27 15:31:44,4672,2,5491,Special privileges assigned to new logon. Account Name: SYSTEM Privileges: SeBackupPrivilege SeRestorePrivilege.,0,Benign
2026-02-24 13:12:46,4625,9,4496,An account failed to log on. Failure Reason: Account locked out.,0,Benign
2026-02-27 08:17:51,4648,8,5782,A logon was attempted using explicit credentials. Target Server: DC01 Target User: backup_svc.,0,Benign
2026-02-27 13:07:34,4624,7,7745,An account was successfully logged on. New Logon: Account Name: jdoe Account Domain: CORP Logon ID: 0x1A2B3C.,0,Benign
2026-02-28 21:26:15,4688,8,4474,A new process has been created. New Process Name: C:\Windows\System32\taskhostw.exe.,1,Benign
2026-02-27 17:06:05,4688,10,1983,A new process has been created. New Process Name: C:\Windows\System32\notepad.exe.,0,Benign
2026-02-23 13:30:05,4624,12,1744,An account was successfully logged on. Subject: Security ID: S-1-5-21-1234567890 Account Name: Administrator Account Domain: CORP Logon Type: 3.,0,Benign
2026-03-01 16:58:46,4648,2,8041,A logon was attempted using explicit credentials. Target Server: localhost Target User: admin.,0,Benign
2026-02-23 09:43:20,4634,7,1277,An account was logged off. Logon Type: 2 Interactive.,0,Benign
2026-02-28 20:14:56,4688,3,8102,A new process has been created. New Process Name: C:\Program Files\Google\Chrome\chrome.exe Command Line: chrome.exe --type=renderer.,0,Benign
2026-02-24 23:04:58,4648,11,3980,A logon was attempted using explicit credentials. Process: C:\Windows\System32\runas.exe.,0,Benign
2026-02-23 16:03:48,4624,3,275,An account was successfully logged on. Subject: Security ID: S-1-5-18 Account Name: SYSTEM Account Domain: NT AUTHORITY Logon ID: 0x3E7 Logon Type: 5.,0,Benign
2026-02-28 14:20:58,4720,8,5001,A user account was created. New Account Name: svc_backup New Account Domain: CORP.,0,Benign
2026-03-01 12:04:39,4624,7,3197,An account was successfully logged on. Logon Type: 2 Interactive.,0,Benign
2026-02-28 01:44:54,4625,8,3725,An account failed to log on. Logon Type: 10 Remote Desktop Services.,0,Benign
2026-02-26 12:42:22,4634,2,7549,An account was logged off. Logon Type: 2 Interactive.,0,Benign
2026-02-27 16:59:26,4648,2,2450,A logon was attempted using explicit credentials. Process: C:\Windows\System32\runas.exe.,0,Benign
2026-02-25 15:12:42,4688,11,7689,A new process has been created. New Process Name: C:\Windows\System32\svchost.exe Creator Process Name: C:\Windows\System32\services.exe.,0,Benign
2026-02-25 01:09:35,4624,9,8960,An account was successfully logged on. New Logon: Account Name: jdoe Account Domain: CORP Logon ID: 0x1A2B3C.,0,Benign
2026-02-23 14:29:49,4688,8,8688,A new process has been created. New Process Name: C:\Windows\System32\cmd.exe Command Line: cmd.exe /c dir.,0,Benign
2026-02-24 10:03:17,4688,2,1662,A new process has been created. New Process Name: C:\Windows\System32\svchost.exe Creator Process Name: C:\Windows\System32\services.exe.,0,Benign
2026-02-25 19:40:28,4672,8,7963,Special privileges assigned to new logon. Subject: Security ID: S-1-5-18 Privileges: SeAssignPrimaryTokenPrivilege SeTcbPrivilege SeSecurityPrivilege.,0,Benign
2026-02-27 16:00:24,4672,11,3184,Special privileges assigned to new logon. Account Name: SYSTEM Privileges: SeBackupPrivilege SeRestorePrivilege.,0,Benign
2026-02-28 14:23:37,4634,10,9661,An account was logged off. Subject: Security ID: S-1-5-21-1234567890 Account Name: jdoe.,0,Benign
2026-02-25 11:02:21,4624,11,4136,An account was successfully logged on. Logon Type: 2 Interactive.,0,Benign
2026-02-28 10:49:29,4624,10,3666,An account was successfully logged on. Subject: Security ID: S-1-5-18 Account Name: SYSTEM Account Domain: NT AUTHORITY Logon ID: 0x3E7 Logon Type: 5.,0,Benign
2026-02-27 10:47:30,4648,11,2548,A logon was attempted using explicit credentials. Target Server: DC01 Target User: backup_svc.,0,Benign
2026-02-26 12:02:58,4688,12,1867,A new process has been created. New Process Name: C:\Windows\System32\notepad.exe.,0,Benign
2026-02-25 14:26:54,4624,8,2007,An account was successfully logged on. Logon Type: 10 Remote Desktop Services.,0,Benign
2026-02-26 16:19:13,4625,8,1258,An account failed to log on. Subject: Security ID: S-1-0-0 Account Name: - Account Domain: - Logon Type: 3.,0,Benign
2026-02-27 08:47:46,4648,3,6757,A logon was attempted using explicit credentials. Process: C:\Windows\System32\runas.exe.,0,Benign
2026-02-28 11:34:55,4688,7,4676,A new process has been created. New Process Name: C:\Windows\System32\taskhostw.exe.,0,Benign
2026-02-27 09:41:47,4624,5,4685,An account was successfully logged on. Subject: Security ID: S-1-5-21-1234567890 Account Name: Administrator Account Domain: CORP Logon Type: 3.,0,Benign
2026-02-27 13:47:12,4624,7,574,An account was successfully logged on. Logon Type: 10 Remote Desktop Services.,0,Benign
2026-02-25 10:58:02,4624,9,7597,An account was successfully logged on. Logon Type: 2 Interactive.,0,Benign
2026-03-01 13:03:12,4625,3,6505,An account failed to log on. Failure Reason: Account locked out.,0,Benign
2026-02-26 11:20:47,4624,12,6103,An account was successfully logged on. Subject: Security ID: S-1-5-18 Account Name: SYSTEM Account Domain: NT AUTHORITY Logon ID: 0x3E7 Logon Type: 5.,0,Benign
2026-02-25 08:33:39,4720,2,7208,A user account was created. New Account Name: svc_backup New Account Domain: CORP.,0,Benign
2026-02-27 14:01:37,4625,5,7678,An account failed to log on. Account Name: administrator Source Network Address: 192.168.1.50.,0,Benign
2026-02-24 09:38:44,4624,10,7255,An account was successfully logged on. Subject: Security ID: S-1-5-18 Account Name: SYSTEM Account Domain: NT AUTHORITY Logon ID: 0x3E7 Logon Type: 5.,0,Benign
2026-02-24 10:39:22,4648,5,7737,A logon was attempted using explicit credentials. Process: C:\Windows\System32\runas.exe.,0,Benign
2026-02-26 20:00:15,4624,8,9658,An account was successfully logged on. Subject: Security ID: S-1-5-21-1234567890 Account Name: Administrator Account Domain: CORP Logon Type: 3.,0,Benign
2026-02-25 17:52:16,4688,5,6433,A new process has been created. New Process Name: C:\Windows\System32\notepad.exe.,0,Benign
2026-02-23 16:37:00,4625,2,7947,An account failed to log on. Subject: Security ID: S-1-0-0 Account Name: - Account Domain: - Logon Type: 3.,0,Benign
2026-02-27 10:06:42,4688,11,9934,A new process has been created. New Process Name: C:\Windows\System32\svchost.exe Creator Process Name: C:\Windows\System32\services.exe.,0,Benign
2026-02-23 14:41:45,4648,10,9502,A logon was attempted using explicit credentials. Process: C:\Windows\System32\runas.exe.,0,Benign
2026-02-25 08:21:00,4688,2,2464,A new process has been created. New Process Name: C:\Windows\System32\notepad.exe.,0,Benign
2026-02-27 16:27:18,4688,7,4700,A new process has been created. New Process Name: C:\Windows\System32\taskhostw.exe.,0,Benign
2026-02-27 05:31:26,4625,11,2733,An account failed to log on. Failure Reason: Unknown user name or bad password.,1,T1110
2026-02-25 15:54:23,4624,7,293,An account was successfully logged on. Logon Type: 10 Remote Desktop Services.,0,Benign
2026-02-27 16:02:15,4732,12,6819,A member was added to a security-enabled local group. Member Name: svc_backup Group Name: Backup Operators.,0,Benign
2026-02-28 08:26:07,4624,5,4538,An account was successfully logged on. Logon Type: 2 Interactive.,0,Benign
2026-02-28 06:39:08,4672,7,849,Special privileges assigned to new logon. Account Name: SYSTEM Privileges: SeBackupPrivilege SeRestorePrivilege.,0,Benign
2026-02-25 20:49:37,4624,10,508,An account was successfully logged on. Logon Type: 10 Remote Desktop Services.,0,Benign
2026-02-26 15:05:58,4648,11,4895,A logon was attempted using explicit credentials. Target Server: localhost Target User: admin.,0,Benign
2026-02-24 13:35:39,4688,2,7851,A new process has been created. New Process Name: C:\Windows\System32\notepad.exe.,0,Benign
2026-02-25 16:41:19,4624,3,2347,An account was successfully logged on. Subject: Security ID: S-1-5-18 Account Name: SYSTEM Account Domain: NT AUTHORITY Logon ID: 0x3E7 Logon Type: 5.,0,Benign
2026-02-23 17:05:31,4624,10,5117,An account was successfully logged on. Subject: Security ID: S-1-5-18 Account Name: SYSTEM Account Domain: NT AUTHORITY Logon ID: 0x3E7 Logon Type: 5.,0,Benign
2026-02-23 15:44:08,4625,3,8060,An account failed to log on. Failure Reason: Unknown user name or bad password. Status: 0xC000006D Sub Status: 0xC000006A.,0,Benign
2026-02-25 12:37:35,4634,10,202,An account was logged off. Logon Type: 3.,0,Benign
2026-02-24 00:13:39,4624,5,5790,An account was successfully logged on. New Logon: Account Name: jdoe Account Domain: CORP Logon ID: 0x1A2B3C.,0,Benign
2026-02-24 16:01:34,4648,8,3035,A logon was attempted using explicit credentials. Target Server: DC01 Target User: backup_svc.,0,Benign
2026-02-25 13:07:22,4688,3,810,A new process has been created. New Process Name: C:\Windows\System32\taskhostw.exe.,0,Benign
2026-03-01 02:09:12,4634,2,5236,An account was logged off. Subject: Security ID: S-1-5-21-1234567890 Account Name: jdoe.,0,Benign
2026-03-01 14:43:30,4624,8,4065,An account was successfully logged on. Logon Type: 10 Remote Desktop Services.,0,Benign
2026-02-25 17:07:08,4625,9,7184,An account failed to log on. Account Name: administrator Source Network Address: 192.168.1.50.,0,Benign
2026-02-25 01:52:34,4624,8,6208,An account was successfully logged on. New Logon: Account Name: jdoe Account Domain: CORP Logon ID: 0x1A2B3C.,0,Benign
2026-02-27 08:06:59,4624,5,190,An account was successfully logged on. Logon Type: 2 Interactive.,0,Benign
2026-02-28 15:06:51,4625,9,6514,An account failed to log on. Failure Reason: Account locked out.,0,Benign
2026-02-25 23:39:43,4634,10,4351,An account was logged off. Subject: Security ID: S-1-5-21-1234567890 Account Name: jdoe.,0,Benign
2026-03-01 06:40:35,4625,12,6182,An account failed to log on. Logon Type: 10 Remote Desktop Services.,0,Benign
2026-02-24 22:41:28,4624,7,8059,An account was successfully logged on. Logon Type: 2 Interactive.,0,Benign
2026-02-28 12:54:29,4688,7,7361,A new process has been created. New Process Name: C:\Program Files\Google\Chrome\chrome.exe Command Line: chrome.exe --type=renderer.,0,Benign
2026-02-27 10:53:13,4625,11,8140,An account failed to log on. Failure Reason: Account locked out.,0,Benign
2026-03-01 17:31:34,4624,12,1543,An account was successfully logged on. Subject: Security ID: S-1-5-18 Account Name: SYSTEM Account Domain: NT AUTHORITY Logon ID: 0x3E7 Logon Type: 5.,0,Benign
2026-03-01 21:15:35,4688,2,8883,A new process has been created. New Process Name: C:\Windows\System32\svchost.exe Creator Process Name: C:\Windows\System32\services.exe.,0,Benign
2026-02-25 14:10:20,4625,2,9662,An account failed to log on. Failure Reason: Account locked out.,0,Benign
2026-03-01 09:42:17,4625,12,4843,An account failed to log on. Failure Reason: Unknown user name or bad password. Status: 0xC000006D Sub Status: 0xC000006A.,0,Benign
2026-02-28 08:33:19,4624,5,5575,An account was successfully logged on. New Logon: Account Name: jdoe Account Domain: CORP Logon ID: 0x1A2B3C.,0,Benign
2026-03-01 16:28:12,4624,8,1216,An account was successfully logged on. Subject: Security ID: S-1-5-18 Account Name: SYSTEM Account Domain: NT AUTHORITY Logon ID: 0x3E7 Logon Type: 5.,0,Benign
2026-02-28 15:40:28,4634,3,2177,An account was logged off. Logon Type: 2 Interactive.,0,Benign
2026-02-23 13:14:24,4624,12,4801,An account was successfully logged on. Logon Type: 10 Remote Desktop Services.,0,Benign
2026-02-24 10:38:37,4688,2,3616,A new process has been created. New Process Name: C:\Windows\System32\notepad.exe.,1,Benign
2026-02-28 14:58:44,4648,10,9603,A logon was attempted using explicit credentials. Target Server: localhost Target User: admin.,0,Benign
2026-02-24 08:12:00,4624,9,9354,An account was successfully logged on. Logon Type: 10 Remote Desktop Services.,0,Benign
2026-02-24 14:44:14,4624,10,4971,An account was successfully logged on. Subject: Security ID: S-1-5-21-1234567890 Account Name: Administrator Account Domain: CORP Logon Type: 3.,0,Benign
2026-02-28 15:25:42,4624,7,8212,An account was successfully logged on. Logon Type: 2 Interactive.,0,Benign
2026-03-01 17:09:28,4624,12,2926,An account was successfully logged on. Subject: Security ID: S-1-5-18 Account Name: SYSTEM Account Domain: NT AUTHORITY Logon ID: 0x3E7 Logon Type: 5.,0,Benign
2026-02-25 14:26:10,4625,8,3365,An account failed to log on. Account Name: administrator Source Network Address: 192.168.1.50.,0,Benign
2026-02-25 11:35:56,4688,2,3284,A new process has been created. New Process Name: C:\Program Files\Google\Chrome\chrome.exe Command Line: chrome.exe --type=renderer.,0,Benign
2026-03-01 12:34:59,4624,9,3690,An account was successfully logged on. New Logon: Account Name: jdoe Account Domain: CORP Logon ID: 0x1A2B3C.,0,Benign
2026-02-28 11:38:40,4625,7,1506,An account failed to log on. Subject: Security ID: S-1-0-0 Account Name: - Account Domain: - Logon Type: 3.,0,Benign
2026-02-24 08:38:19,4624,3,4580,An account was successfully logged on. Logon Type: 2 Interactive.,0,Benign
2026-02-25 09:08:51,4648,2,3710,A logon was attempted using explicit credentials. Process: C:\Windows\System32\runas.exe.,0,Benign
2026-02-23 09:33:55,4688,12,9266,A new process has been created. New Process Name: C:\Windows\System32\svchost.exe Creator Process Name: C:\Windows\System32\services.exe.,0,Benign
2026-02-24 08:24:33,4624,2,4936,An account was successfully logged on. Logon Type: 10 Remote Desktop Services.,0,Benign
2026-03-01 04:47:22,4688,8,4412,A new process has been created. New Process Name: C:\Windows\System32\taskhostw.exe.,0,Benign
2026-02-28 08:56:56,4688,2,3448,A new process has been created. New Process Name: C:\Windows\System32\notepad.exe.,0,Benign
2026-02-27 16:34:12,4688,2,9974,A new process has been created. New Process Name: C:\Windows\System32\svchost.exe Creator Process Name: C:\Windows\System32\services.exe.,0,Benign
2026-02-24 04:30:50,1102,3,8300,The audit log was cleared. Subject: Security ID: S-1-5-21-9876543210 Account Name: attacker.,1,T1070
2026-02-24 14:56:48,4624,11,6037,An account was successfully logged on. Logon Type: 2 Interactive.,0,Benign
2026-02-28 08:15:26,4688,2,3871,A new process has been created. New Process Name: C:\Windows\System32\cmd.exe Command Line: cmd.exe /c dir.,0,Benign
2026-02-25 06:20:28,4624,7,8004,An account was successfully logged on. Logon Type: 2 Interactive.,0,Benign
2026-02-23 13:16:27,4634,7,1428,An account was logged off. Logon Type: 2 Interactive.,0,Benign
2026-03-01 17:29:59,4634,10,8654,An account was logged off. Logon Type: 2 Interactive.,0,Benign
2026-02-28 18:06:13,4634,11,3561,An account was logged off. Logon Type: 2 Interactive.,0,Benign
2026-02-24 15:20:42,4720,7,607,A user account was created. New Account Name: tempuser New Account Domain: CORP.,0,Benign
2026-02-23 16:28:02,4625,2,8055,An account failed to log on. Failure Reason: Unknown user name or bad password. Status: 0xC000006D Sub Status: 0xC000006A.,0,Benign
2026-02-25 11:50:45,4624,2,2865,An account was successfully logged on. Logon Type: 10 Remote Desktop Services.,0,Benign
2026-02-25 04:43:27,4648,9,2377,A logon was attempted using explicit credentials. Target Server: localhost Target User: admin.,0,Benign
2026-03-01 13:42:47,4672,5,6815,Special privileges assigned to new logon. Subject: Security ID: S-1-5-18 Privileges: SeAssignPrimaryTokenPrivilege SeTcbPrivilege SeSecurityPrivilege.,0,Benign
2026-02-28 13:31:42,4648,12,8739,A logon was attempted using explicit credentials. Process: C:\Windows\System32\runas.exe.,0,Benign
2026-02-24 10:11:16,4634,7,8650,An account was logged off. Logon Type: 3.,0,Benign
2026-02-25 12:45:37,4624,8,8139,An account was successfully logged on. Subject: Security ID: S-1-5-18 Account Name: SYSTEM Account Domain: NT AUTHORITY Logon ID: 0x3E7 Logon Type: 5.,0,Benign
2026-02-23 10:59:21,4624,11,4843,An account was successfully logged on. Logon Type: 10 Remote Desktop Services.,0,Benign
2026-02-28 06:52:04,4672,12,3769,Special privileges assigned to new logon. Subject: Security ID: S-1-5-18 Privileges: SeAssignPrimaryTokenPrivilege SeTcbPrivilege SeSecurityPrivilege.,0,Benign
2026-03-01 11:26:04,4625,10,9378,An account failed to log on. Account Name: administrator Source Network Address: 192.168.1.50.,0,Benign
2026-02-28 11:17:39,4634,9,7969,An account was logged off. Logon Type: 3.,0,Benign
2026-03-01 12:01:37,4648,11,4062,A logon was attempted using explicit credentials. Target Server: localhost Target User: admin.,0,Benign
2026-02-25 08:52:57,4634,9,8971,An account was logged off. Logon Type: 2 Interactive.,0,Benign
2026-02-27 12:55:12,4634,12,7517,An account was logged off. Logon Type: 3.,0,Benign
2026-02-24 01:01:03,4625,8,3315,An account failed to log on. Account Name: administrator Source Network Address: 192.168.1.50.,0,Benign
2026-02-27 17:20:49,4624,9,9497,An account was successfully logged on. Logon Type: 2 Interactive.,0,Benign
2026-02-23 10:46:58,4634,12,8289,An account was logged off. Logon Type: 3.,0,Benign
2026-02-23 00:26:41,4624,12,5882,An account was successfully logged on. Subject: Security ID: S-1-5-18 Account Name: SYSTEM Account Domain: NT AUTHORITY Logon ID: 0x3E7 Logon Type: 5.,0,Benign
2026-03-01 10:07:29,4634,10,3676,An account was logged off. Subject: Security ID: S-1-5-21-1234567890 Account Name: jdoe.,0,Benign
2026-02-23 11:37:15,4624,11,782,An account was successfully logged on. Logon Type: 2 Interactive.,0,Benign
2026-02-25 16:30:59,4688,8,7622,A new process has been created. New Process Name: C:\Program Files\Google\Chrome\chrome.exe Command Line: chrome.exe --type=renderer.,0,Benign
2026-03-01 01:09:10,4624,10,7133,An account was successfully logged on. New Logon: Account Name: jdoe Account Domain: CORP Logon ID: 0x1A2B3C.,0,Benign
2026-02-24 17:21:45,4720,11,4671,A user account was created. New Account Name: tempuser New Account Domain: CORP.,0,Benign
2026-02-23 10:52:08,4624,10,2405,An account was successfully logged on. New Logon: Account Name: jdoe Account Domain: CORP Logon ID: 0x1A2B3C.,0,Benign
2026-02-24 09:21:39,4624,11,6822,An account was successfully logged on. Subject: Security ID: S-1-5-18 Account Name: SYSTEM Account Domain: NT AUTHORITY Logon ID: 0x3E7 Logon Type: 5.,0,Benign
2026-03-01 15:04:55,4624,12,7329,An account was successfully logged on. New Logon: Account Name: jdoe Account Domain: CORP Logon ID: 0x1A2B3C.,0,Benign
2026-02-25 17:25:41,4625,11,8506,An account failed to log on. Failure Reason: Unknown user name or bad password. Status: 0xC000006D Sub Status: 0xC000006A.,0,Benign
2026-02-28 17:10:38,4625,3,5255,An account failed to log on. Subject: Security ID: S-1-0-0 Account Name: - Account Domain: - Logon Type: 3.,0,Benign
2026-02-28 12:34:26,4634,12,4179,An account was logged off. Logon Type: 2 Interactive.,0,Benign
2026-02-27 05:57:50,4688,9,107,A new process has been created. New Process Name: C:\Windows\System32\powershell.exe Command Line: powershell -enc SQBFAFgA.,1,T1047
2026-02-25 10:27:42,4624,9,7578,An account was successfully logged on. Subject: Security ID: S-1-5-18 Account Name: SYSTEM Account Domain: NT AUTHORITY Logon ID: 0x3E7 Logon Type: 5.,0,Benign
2026-02-23 08:33:22,4688,8,4895,A new process has been created. New Process Name: C:\Windows\System32\svchost.exe Creator Process Name: C:\Windows\System32\services.exe.,0,Benign
2026-02-26 01:18:56,1100,5,462,The audit log was cleared. Subject: Security ID: S-1-5-21-9876543210 Account Name: attacker.,1,T1070
2026-02-23 17:45:31,4672,11,5266,Special privileges assigned to new logon. Subject: Security ID: S-1-5-18 Privileges: SeAssignPrimaryTokenPrivilege SeTcbPrivilege SeSecurityPrivilege.,0,Benign
2026-02-24 08:10:18,4624,9,8660,An account was successfully logged on. Logon Type: 2 Interactive.,0,Benign
2026-02-27 10:33:14,4732,2,3979,A member was added to a security-enabled local group. Member Name: svc_backup Group Name: Backup Operators.,0,Benign
2026-02-23 16:49:00,4625,10,8161,An account failed to log on. Subject: Security ID: S-1-0-0 Account Name: - Account Domain: - Logon Type: 3.,0,Benign
2026-03-01 23:19:05,4625,3,6619,An account failed to log on. Failure Reason: Account locked out.,0,Benign
2026-02-26 08:19:16,4688,7,5740,A new process has been created. New Process Name: C:\Program Files\Google\Chrome\chrome.exe Command Line: chrome.exe --type=renderer.,0,Benign
2026-02-28 04:35:31,4624,12,5858,An account was successfully logged on. Logon Type: 10 Remote Desktop Services.,0,Benign
2026-02-28 12:43:38,4672,7,5411,Special privileges assigned to new logon. Account Name: SYSTEM Privileges: SeBackupPrivilege SeRestorePrivilege.,0,Benign
2026-02-23 08:10:00,4624,2,9556,An account was successfully logged on. Logon Type: 10 Remote Desktop Services.,0,Benign
2026-02-23 10:16:14,4624,2,1086,An account was successfully logged on. Logon Type: 10 Remote Desktop Services.,0,Benign
2026-02-23 08:10:29,4624,10,7284,An account was successfully logged on. Subject: Security ID: S-1-5-21-1234567890 Account Name: Administrator Account Domain: CORP Logon Type: 3.,0,Benign
2026-02-25 09:31:15,4625,11,3676,An account failed to log on. Logon Type: 10 Remote Desktop Services.,0,Benign
2026-02-23 09:24:32,4688,5,1664,A new process has been created. New Process Name: C:\Windows\System32\svchost.exe Creator Process Name: C:\Windows\System32\services.exe.,0,Benign
2026-02-25 12:26:43,4634,7,4673,An account was logged off. Logon Type: 2 Interactive.,0,Benign
2026-02-28 15:36:53,4720,11,9660,A user account was created. New Account Name: test_account.,0,Benign
2026-02-24 06:13:57,4688,8,9682,A new process has been created. New Process Name: C:\Windows\System32\cmd.exe Command Line: cmd.exe /c dir.,0,Benign
2026-02-23 10:30:59,4624,11,3991,An account was successfully logged on. Subject: Security ID: S-1-5-18 Account Name: SYSTEM Account Domain: NT AUTHORITY Logon ID: 0x3E7 Logon Type: 5.,0,Benign
2026-02-27 17:26:58,4624,9,1191,An account was successfully logged on. Subject: Security ID: S-1-5-18 Account Name: SYSTEM Account Domain: NT AUTHORITY Logon ID: 0x3E7 Logon Type: 5.,0,Benign
2026-02-27 09:35:46,4624,11,2904,An account was successfully logged on. Subject: Security ID: S-1-5-21-1234567890 Account Name: Administrator Account Domain: CORP Logon Type: 3.,0,Benign
2026-02-26 19:24:16,4634,2,1318,An account was logged off. Logon Type: 2 Interactive.,0,Benign
2026-02-23 08:27:35,4624,10,4040,An account was successfully logged on. Subject: Security ID: S-1-5-18 Account Name: SYSTEM Account Domain: NT AUTHORITY Logon ID: 0x3E7 Logon Type: 5.,0,Benign
2026-02-24 01:57:51,4624,5,1492,An account was successfully logged on. Subject: Security ID: S-1-5-21-1234567890 Account Name: Administrator Account Domain: CORP Logon Type: 3.,0,Benign
2026-03-01 18:26:08,4648,8,7772,A logon was attempted using explicit credentials. Target Server: DC01 Target User: backup_svc.,0,Benign
2026-02-23 09:22:48,4648,11,4879,A logon was attempted using explicit credentials. Target Server: localhost Target User: admin.,0,Benign
2026-03-01 16:37:56,4624,2,9367,An account was successfully logged on. Subject: Security ID: S-1-5-21-1234567890 Account Name: Administrator Account Domain: CORP Logon Type: 3.,0,Benign
2026-02-24 17:04:37,4688,2,3981,A new process has been created. New Process Name: C:\Program Files\Google\Chrome\chrome.exe Command Line: chrome.exe --type=renderer.,0,Benign
2026-02-23 14:36:11,4634,3,5573,An account was logged off. Logon Type: 2 Interactive.,0,Benign
2026-02-25 14:48:02,4624,11,4271,An account was successfully logged on. Logon Type: 10 Remote Desktop Services.,0,Benign
2026-02-23 12:23:54,4625,10,9335,An account failed to log on. Logon Type: 10 Remote Desktop Services.,0,Benign
2026-02-23 12:40:33,4624,11,8594,An account was successfully logged on. Logon Type: 10 Remote Desktop Services.,0,Benign
2026-03-01 17:46:50,4624,7,4439,An account was successfully logged on. Subject: Security ID: S-1-5-18 Account Name: SYSTEM Account Domain: NT AUTHORITY Logon ID: 0x3E7 Logon Type: 5.,0,Benign
2026-02-23 08:27:08,4624,11,6423,An account was successfully logged on. Subject: Security ID: S-1-5-18 Account Name: SYSTEM Account Domain: NT AUTHORITY Logon ID: 0x3E7 Logon Type: 5.,0,Benign
2026-02-26 08:57:49,4624,7,3477,An account was successfully logged on. Subject: Security ID: S-1-5-21-1234567890 Account Name: Administrator Account Domain: CORP Logon Type: 3.,0,Benign
2026-03-01 20:39:52,4688,11,493,A new process has been created. New Process Name: C:\Windows\System32\cmd.exe Command Line: cmd.exe /c dir.,0,Benign
2026-02-28 09:08:32,4624,3,1397,An account was successfully logged on. Subject: Security ID: S-1-5-21-1234567890 Account Name: Administrator Account Domain: CORP Logon Type: 3.,0,Benign
2026-02-24 07:00:01,4634,5,1035,An account was logged off. Logon Type: 3.,0,Benign
2026-02-28 04:21:58,4625,2,2469,An account failed to log on. Failure Reason: Account locked out.,0,Benign
2026-02-24 02:05:30,4688,9,5279,A new process has been created. New Process Name: C:\Windows\System32\notepad.exe.,0,Benign
2026-02-25 15:04:01,4648,5,4876,A logon was attempted using explicit credentials. Target Server: DC01 Target User: backup_svc.,0,Benign
2026-02-25 08:13:42,4688,5,8403,A new process has been created. New Process Name: C:\Windows\System32\notepad.exe.,0,Benign
2026-02-26 09:42:54,4624,12,1685,An account was successfully logged on. New Logon: Account Name: jdoe Account Domain: CORP Logon ID: 0x1A2B3C.,0,Benign
2026-02-26 13:06:42,4720,11,8554,A user account was created. New Account Name: test_account.,0,Benign
2026-02-24 14:00:27,4624,11,1070,An account was successfully logged on. New Logon: Account Name: jdoe Account Domain: CORP Logon ID: 0x1A2B3C.,0,Benign
2026-02-26 15:19:50,4624,3,1431,An account was successfully logged on. Logon Type: 2 Interactive.,0,Benign
2026-02-28 09:38:00,4688,9,4440,A new process has been created. New Process Name: C:\Windows\System32\taskhostw.exe.,0,Benign
2026-03-01 12:35:00,4688,9,6520,A new process has been created. New Process Name: C:\Windows\System32\notepad.exe.,0,Benign
2026-02-26 17:35:40,4688,5,1147,A new process has been created. New Process Name: C:\Windows\System32\cmd.exe Command Line: cmd.exe /c dir.,0,Benign
2026-02-27 13:16:01,4634,5,2084,An account was logged off. Subject: Security ID: S-1-5-21-1234567890 Account Name: jdoe.,0,Benign
2026-02-27 11:54:30,4624,10,7375,An account was successfully logged on. Logon Type: 2 Interactive.,0,Benign
2026-02-25 09:07:04,4624,7,2002,An account was successfully logged on. Logon Type: 2 Interactive.,0,Benign
2026-02-23 15:51:33,4634,9,6143,An account was logged off. Logon Type: 2 Interactive.,1,Benign
2026-02-23 12:57:06,4624,8,8040,An account was successfully logged on. Subject: Security ID: S-1-5-21-1234567890 Account Name: Administrator Account Domain: CORP Logon Type: 3.,0,Benign
2026-02-25 23:20:46,4624,2,9274,An account was successfully logged on. New Logon: Account Name: jdoe Account Domain: CORP Logon ID: 0x1A2B3C.,0,Benign
2026-02-28 16:26:03,4625,7,3810,An account failed to log on. Failure Reason: Account locked out.,0,Benign
2026-02-24 06:42:04,4648,2,3128,A logon was attempted using explicit credentials. Target Server: DC01 Target User: backup_svc.,0,Benign
2026-02-23 17:45:48,4624,3,6830,An account was successfully logged on. Subject: Security ID: S-1-5-21-1234567890 Account Name: Administrator Account Domain: CORP Logon Type: 3.,0,Benign
2026-02-26 04:28:51,4634,2,4762,An account was logged off. Logon Type: 3.,0,Benign
2026-02-28 01:58:15,4688,2,5079,A new process has been created. New Process Name: C:\Windows\System32\svchost.exe Creator Process Name: C:\Windows\System32\services.exe.,0,Benign
2026-02-24 09:05:56,4624,7,3158,An account was successfully logged on. New Logon: Account Name: jdoe Account Domain: CORP Logon ID: 0x1A2B3C.,0,Benign
2026-02-27 11:53:04,4672,10,9603,Special privileges assigned to new logon. Account Name: SYSTEM Privileges: SeBackupPrivilege SeRestorePrivilege.,0,Benign
2026-02-28 16:48:56,4688,9,7489,A new process has been created. New Process Name: C:\Program Files\Google\Chrome\chrome.exe Command Line: chrome.exe --type=renderer.,0,Benign
2026-02-27 11:43:45,4624,12,9013,An account was successfully logged on. Logon Type: 2 Interactive.,0,Benign
2026-02-23 16:54:32,4624,2,5011,An account was successfully logged on. Subject: Security ID: S-1-5-18 Account Name: SYSTEM Account Domain: NT AUTHORITY Logon ID: 0x3E7 Logon Type: 5.,0,Benign
2026-02-28 13:38:26,4624,12,3614,An account was successfully logged on. Logon Type: 2 Interactive.,0,Benign
2026-02-26 08:19:13,4648,9,966,A logon was attempted using explicit credentials. Target Server: localhost Target User: admin.,0,Benign
2026-02-24 13:15:16,4688,9,6832,A new process has been created. New Process Name: C:\Windows\System32\svchost.exe Creator Process Name: C:\Windows\System32\services.exe.,0,Benign
2026-03-01 18:15:12,4624,12,7922,An account was successfully logged on. New Logon: Account Name: jdoe Account Domain: CORP Logon ID: 0x1A2B3C.,0,Benign
2026-02-27 09:28:14,4624,3,9260,An account was successfully logged on. Subject: Security ID: S-1-5-21-1234567890 Account Name: Administrator Account Domain: CORP Logon Type: 3.,0,Benign
2026-02-25 16:02:37,4624,9,5231,An account was successfully logged on. Subject: Security ID: S-1-5-18 Account Name: SYSTEM Account Domain: NT AUTHORITY Logon ID: 0x3E7 Logon Type: 5.,0,Benign
2026-02-27 08:37:19,4688,11,451,A new process has been created. New Process Name: C:\Windows\System32\taskhostw.exe.,0,Benign
2026-02-26 08:21:46,4625,2,6740,An account failed to log on. Failure Reason: Account locked out.,0,Benign
2026-02-28 16:15:45,4672,2,4735,Special privileges assigned to new logon. Subject: Security ID: S-1-5-18 Privileges: SeAssignPrimaryTokenPrivilege SeTcbPrivilege SeSecurityPrivilege.,0,Benign
2026-02-28 17:26:12,4624,11,6535,An account was successfully logged on. Subject: Security ID: S-1-5-18 Account Name: SYSTEM Account Domain: NT AUTHORITY Logon ID: 0x3E7 Logon Type: 5.,0,Benign
2026-03-01 18:31:39,4634,11,6610,An account was logged off. Subject: Security ID: S-1-5-21-1234567890 Account Name: jdoe.,0,Benign
2026-02-28 09:16:10,4688,5,8248,A new process has been created. New Process Name: C:\Windows\System32\svchost.exe Creator Process Name: C:\Windows\System32\services.exe.,0,Benign
2026-02-27 17:52:11,4624,7,8859,An account was successfully logged on. New Logon: Account Name: jdoe Account Domain: CORP Logon ID: 0x1A2B3C.,0,Benign
2026-02-23 14:12:10,4634,5,3522,An account was logged off. Subject: Security ID: S-1-5-21-1234567890 Account Name: jdoe.,0,Benign
2026-02-25 13:57:48,4688,10,8109,A new process has been created. New Process Name: C:\Windows\System32\svchost.exe Creator Process Name: C:\Windows\System32\services.exe.,0,Benign
2026-02-24 11:48:23,4624,8,3607,An account was successfully logged on. Subject: Security ID: S-1-5-18 Account Name: SYSTEM Account Domain: NT AUTHORITY Logon ID: 0x3E7 Logon Type: 5.,0,Benign
2026-02-23 08:39:07,4672,3,3086,Special privileges assigned to new logon. Account Name: SYSTEM Privileges: SeBackupPrivilege SeRestorePrivilege.,0,Benign
2026-02-28 19:50:27,4624,5,8610,An account was successfully logged on. Logon Type: 2 Interactive.,0,Benign
2026-03-01 16:29:59,4732,3,9842,A member was added to a security-enabled local group. Member Name: svc_backup Group Name: Backup Operators.,0,Benign
2026-02-23 15:11:56,4624,10,4872,An account was successfully logged on. New Logon: Account Name: jdoe Account Domain: CORP Logon ID: 0x1A2B3C.,0,Benign
2026-02-27 12:58:29,4625,9,7894,An account failed to log on. Account Name: administrator Source Network Address: 192.168.1.50.,0,Benign
2026-02-23 07:55:18,4625,10,1412,An account failed to log on. Subject: Security ID: S-1-0-0 Account Name: - Account Domain: - Logon Type: 3.,0,Benign
2026-02-28 09:29:58,4732,3,1592,A member was added to a security-enabled local group. Member Name: svc_backup Group Name: Backup Operators.,0,Benign
2026-03-01 13:15:01,4634,2,7969,An account was logged off. Logon Type: 3.,0,Benign
2026-02-27 16:25:18,4720,12,7844,A user account was created. New Account Name: test_account.,0,Benign
2026-02-23 17:55:07,4624,2,8288,An account was successfully logged on. Logon Type: 10 Remote Desktop Services.,0,Benign
2026-02-28 10:38:24,4624,2,1438,An account was successfully logged on. Subject: Security ID: S-1-5-18 Account Name: SYSTEM Account Domain: NT AUTHORITY Logon ID: 0x3E7 Logon Type: 5.,0,Benign
2026-02-24 01:31:47,4624,8,9607,An account was successfully logged on. Subject: Security ID: S-1-5-18 Account Name: SYSTEM Account Domain: NT AUTHORITY Logon ID: 0x3E7 Logon Type: 5.,0,Benign
2026-02-27 11:36:14,4648,5,9068,A logon was attempted using explicit credentials. Target Server: DC01 Target User: backup_svc.,0,Benign
2026-02-26 14:38:49,4634,5,4128,An account was logged off. Subject: Security ID: S-1-5-21-1234567890 Account Name: jdoe.,0,Benign
2026-02-25 09:42:07,4624,3,5183,An account was successfully logged on. New Logon: Account Name: jdoe Account Domain: CORP Logon ID: 0x1A2B3C.,0,Benign
2026-02-23 12:28:42,4624,3,6926,An account was successfully logged on. Subject: Security ID: S-1-5-18 Account Name: SYSTEM Account Domain: NT AUTHORITY Logon ID: 0x3E7 Logon Type: 5.,0,Benign
2026-02-24 16:35:45,4625,7,2897,An account failed to log on. Subject: Security ID: S-1-0-0 Account Name: - Account Domain: - Logon Type: 3.,0,Benign
2026-02-23 14:42:04,4624,2,6486,An account was successfully logged on. Subject: Security ID: S-1-5-18 Account Name: SYSTEM Account Domain: NT AUTHORITY Logon ID: 0x3E7 Logon Type: 5.,0,Benign
2026-02-23 17:37:00,4634,8,8386,An account was logged off. Logon Type: 3.,0,Benign
2026-03-01 00:44:01,4688,10,4170,A new process has been created. New Process Name: C:\Windows\System32\taskhostw.exe.,0,Benign
2026-03-01 13:22:43,4688,12,8155,A new process has been created. New Process Name: C:\Windows\System32\notepad.exe.,0,Benign
2026-02-25 10:13:05,4688,5,9855,A new process has been created. New Process Name: C:\Windows\System32\notepad.exe.,0,Benign
2026-02-24 17:58:15,4624,3,3566,An account was successfully logged on. New Logon: Account Name: jdoe Account Domain: CORP Logon ID: 0x1A2B3C.,0,Benign
2026-02-25 11:28:20,4720,5,4549,A user account was created. New Account Name: svc_backup New Account Domain: CORP.,0,Benign
2026-02-23 13:36:21,4720,3,2676,A user account was created. New Account Name: test_account.,0,Benign
2026-02-25 01:55:17,4634,7,9534,An account was logged off. Logon Type: 2 Interactive.,0,Benign
2026-02-26 09:50:36,4624,5,1212,An account was successfully logged on. New Logon: Account Name: jdoe Account Domain: CORP Logon ID: 0x1A2B3C.,0,Benign
2026-03-01 13:02:47,4624,5,1781,An account was successfully logged on. Logon Type: 10 Remote Desktop Services.,0,Benign
2026-02-27 04:35:29,4624,3,4348,An account was successfully logged on. Logon Type: 2 Interactive.,0,Benign
2026-02-27 17:03:58,4648,7,4283,A logon was attempted using explicit credentials. Target Server: localhost Target User: admin.,0,Benign
2026-02-23 14:29:02,4688,7,1396,A new process has been created. New Process Name: C:\Windows\System32\notepad.exe.,0,Benign
2026-02-25 22:54:02,4624,8,7569,An account was successfully logged on. Subject: Security ID: S-1-5-21-1234567890 Account Name: Administrator Account Domain: CORP Logon Type: 3.,0,Benign
2026-02-26 21:57:43,4634,11,5560,An account was logged off. Subject: Security ID: S-1-5-21-1234567890 Account Name: jdoe.,0,Benign
2026-03-01 12:42:07,4648,10,2607,A logon was attempted using explicit credentials. Target Server: DC01 Target User: backup_svc.,0,Benign
2026-03-01 07:56:21,4625,7,7189,An account failed to log on. Failure Reason: Account locked out.,0,Benign
2026-02-23 08:54:33,4624,10,9456,An account was successfully logged on. Subject: Security ID: S-1-5-21-1234567890 Account Name: Administrator Account Domain: CORP Logon Type: 3.,0,Benign
