2026-03-01 12:43:56,4625,7,6181,An account failed to log on. Account Name: administrator Source Network Address: 192.168.1.50.,0,Benign
2026-02-25 19:01:41,4624,9,1343,An account was successfully logged on. Logon Type: 2 Interactive.,0,Benign
2026-02-28 11:00:11,4732,10,1917,A member was added to a security-enabled local group. Member Name: svc_backup Group Name: Backup Operators.,0,Benign
2026-02-26 23:39:29,4688,3,1374,A new process has been created. New Process Name: C:\Windows\System32\svchost.exe Creator Process Name: C:\Windows\System32\services.exe.,0,Benign
2026-02-23 16:04:37,4624,12,458,An account was successfully logged on. Logon Type: 10 Remote Desktop Services.,0,Benign
2026-03-01 13:35:17,4624,7,2301,An account was successfully logged on. Subject: Security ID: S-1-5-21-1234567890 Account Name: Administrator Account Domain: CORP Logon Type: 3.,0,Benign
2026-02-27 16:05:01,4624,12,6789,An account was successfully logged on. Logon Type: 10 Remote Desktop Services.,0,Benign
2026-03-01 12:57:51,4625,8,1929,An account failed to log on. Logon Type: 10 Remote Desktop Services.,0,Benign
2026-02-26 10:34:24,4625,11,2538,An account failed to log on. Logon Type: 10 Remote Desktop Services.,0,Benign
2026-02-27 18:39:09,4624,2,1486,An account was successfully logged on. Logon Type: 2 Interactive.,0,Benign
2026-03-01 09:56:21,4624,3,5968,An account was successfully logged on. Subject: Security ID: S-1-5-18 Account Name: SYSTEM Account Domain: NT AUTHORITY Logon ID: 0x3E7 Logon Type: 5.,0,Benign
2026-02-27 14:01:55,4624,9,541,An account was successfully logged on. Subject: Security ID: S-1-5-21-1234567890 Account Name: Administrator Account Domain: CORP Logon Type: 3.,0,Benign
2026-02-23 07:55:51,4688,12,761,A new process has been created. New Process Name: C:\Windows\System32\taskhostw.exe.,0,Benign
2026-02-23 06:41:01,4624,5,8741,An account was successfully logged on. Logon Type: 10 Remote Desktop Services.,0,Benign
2026-02-28 19:37:04,4624,5,2493,An account was successfully logged on. Subject: Security ID: S-1-5-21-1234567890 Account Name: Administrator Account Domain: CORP Logon Type: 3.,0,Benign
2026-02-23 08:45:43,4624,10,3970,An account was successfully logged on. Logon Type: 2 Interactive.,0,Benign
2026-02-26 09:18:03,4648,3,1601,A logon was attempted using explicit credentials. Target Server: DC01 Target User: backup_svc.,0,Benign
2026-02-26 08:53:02,4624,3,1075,An account was successfully logged on. New Logon: Account Name: jdoe Account Domain: CORP Logon ID: 0x1A2B3C.,0,Benign
2026-02-27 13:36:53,4732,11,3840,A member was added to a security-enabled local group. Member Name: tempuser Group Name: Administrators.,0,Benign
2026-03-01 14:45:09,4624,8,6342,An account was successfully logged on. Logon Type: 2 Interactive.,0,Benign
2026-02-27 04:43:14,4688,5,5539,A new process has been created. New Process Name: C:\Program Files\Google\Chrome\chrome.exe Command Line: chrome.exe --type=renderer.,0,Benign
2026-02-24 10:25:57,4634,9,8100,An account was logged off. Logon Type: 3.,0,Benign
2026-02-25 14:32:22,4672,3,9104,Special privileges assigned to new logon. Subject: Security ID: S-1-5-21-1234567890 Account Name: Administrator Privileges: SeDebugPrivilege.,0,Benign
2026-02-27 08:24:53,4688,2,3612,A new process has been created. New Process Name: C:\Windows\System32\cmd.exe Command Line: cmd.exe /c dir.,0,Benign
2026-02-28 16:11:51,4672,3,6849,Special privileges assigned to new logon. Subject: Security ID: S-1-5-18 Privileges: SeAssignPrimaryTokenPrivilege SeTcbPrivilege SeSecurityPrivilege.,0,Benign
2026-02-27 17:30:35,4625,8,7899,An account failed to log on. Subject: Security ID: S-1-0-0 Account Name: - Account Domain: - Logon Type: 3.,0,Benign
2026-03-01 16:56:41,4624,12,7508,An account was successfully logged on. Subject: Security ID: S-1-5-21-1234567890 Account Name: Administrator Account Domain: CORP Logon Type: 3.,0,Benign
2026-02-24 08:51:54,4688,8,5000,A new process has been created. New Process Name: C:\Windows\System32\cmd.exe Command Line: cmd.exe /c dir.,0,Benign
2026-02-26 17:22:53,4624,9,1338,An account was successfully logged on. Subject: Security ID: S-1-5-18 Account Name: SYSTEM Account Domain: NT AUTHORITY Logon ID: 0x3E7 Logon Type: 5.,0,Benign
2026-02-23 13:39:25,4624,5,4858,An account was successfully logged on. Subject: Security ID: S-1-5-21-1234567890 Account Name: Administrator Account Domain: CORP Logon Type: 3.,0,Benign
2026-02-23 07:24:23,4625,3,1321,An account failed to log on. Subject: Security ID: S-1-0-0 Account Name: - Account Domain: - Logon Type: 3.,0,Benign
2026-02-26 08:56:14,4624,10,9622,An account was successfully logged on. Logon Type: 2 Interactive.,0,Benign
2026-02-24 13:03:34,4648,9,9375,A logon was attempted using explicit credentials. Target Server: DC01 Target User: backup_svc.,0,Benign
2026-02-24 11:53:40,4688,7,9076,A new process has been created. New Process Name: C:\Windows\System32\svchost.exe Creator Process Name: C:\Windows\System32\services.exe.,0,Benign
2026-02-24 11:08:00,4672,5,7434,Special privileges assigned to new logon. Subject: Security ID: S-1-5-21-1234567890 Account Name: Administrator Privileges: SeDebugPrivilege.,0,Benign
2026-02-23 08:29:12,4624,10,8163,An account was successfully logged on. Logon Type: 10 Remote Desktop Services.,0,Benign
2026-02-28 09:09:38,4625,8,481,An account failed to log on. Subject: Security ID: S-1-0-0 Account Name: - Account Domain: - Logon Type: 3.,0,Benign
2026-02-28 18:22:35,4624,7,7910,An account failed to log on. Failure Reason: Account locked out.,1,T1110
2026-02-27 10:36:50,4672,5,2238,Special privileges assigned to new logon. Account Name: SYSTEM Privileges: SeBackupPrivilege SeRestorePrivilege.,0,Benign
2026-02-27 09:19:14,4648,7,1400,A logon was attempted using explicit credentials. Target Server: localhost Target User: admin.,0,Benign
2026-02-23 15:49:50,4634,5,7523,An account was logged off. Logon Type: 2 Interactive.,0,Benign
2026-02-24 01:01:31,4634,8,3041,An account was logged off. Logon Type: 2 Interactive.,0,Benign
2026-02-28 11:16:20,4624,5,8400,An account was successfully logged on. Subject: Security ID: S-1-5-18 Account Name: SYSTEM Account Domain: NT AUTHORITY Logon ID: 0x3E7 Logon Type: 5.,0,Benign
2026-02-25 01:47:31,4624,5,7618,An account was successfully logged on. Logon Type: 2 Interactive.,0,Benign
2026-02-27 17:26:17,4672,10,600,Special privileges assigned to new logon. Subject: Security ID: S-1-5-18 Privileges: SeAssignPrimaryTokenPrivilege SeTcbPrivilege SeSecurityPrivilege.,0,Benign
2026-03-01 03:05:35,4624,12,5910,An account was successfully logged on. New Logon: Account Name: jdoe Account Domain: CORP Logon ID: 0x1A2B3C.,0,Benign
2026-02-25 16:41:13,4624,5,5185,An account was successfully logged on. Subject: Security ID: S-1-5-18 Account Name: SYSTEM Account Domain: NT AUTHORITY Logon ID: 0x3E7 Logon Type: 5.,0,Benign
2026-02-26 00:33:35,4625,8,7057,An account failed to log on. Account Name: administrator Source Network Address: 192.168.1.50.,0,Benign
2026-03-01 13:12:45,4624,10,6818,An account was successfully logged on. Subject: Security ID: S-1-5-18 Account Name: SYSTEM Account Domain: NT AUTHORITY Logon ID: 0x3E7 Logon Type: 5.,0,Benign
2026-02-26 13:06:16,4634,7,6770,An account was logged off. Logon Type: 2 Interactive.,0,Benign
2026-02-24 15:08:14,4624,3,644,An account was successfully logged on. New Logon: Account Name: jdoe Account Domain: CORP Logon ID: 0x1A2B3C.,0,Benign
2026-03-01 12:11:35,4634,5,6962,An account was logged off. Subject: Security ID: S-1-5-21-1234567890 Account Name: jdoe.,0,Benign
2026-02-25 00:16:56,4624,2,3941,An account was successfully logged on. Subject: Security ID: S-1-5-21-1234567890 Account Name: Administrator Account Domain: CORP Logon Type: 3.,0,Benign
2026-03-01 17:11:02,4648,2,3128,A logon was attempted using explicit credentials. Target Server: DC01 Target User: backup_svc.,0,Benign
2026-02-26 15:26:55,4634,11,6860,An account was logged off. Logon Type: 2 Interactive.,0,Benign
2026-03-01 14:02:50,4634,12,8885,An account was logged off. Logon Type: 2 Interactive.,0,Benign
2026-03-01 17:34:43,4732,10,4424,A member was added to a security-enabled local group. Member Name: jdoe Group Name: Remote Desktop Users.,0,Benign
2026-03-01 17:33:35,4634,8,443,An account was logged off. Logon Type: 2 Interactive.,0,Benign
2026-02-25 05:31:02,4732,8,8718,A user account was created. New Account Name: backdoor New Account Domain: CORP.,1,T1078
2026-02-28 13:25:06,4624,9,4898,An account was successfully logged on. Subject: Security ID: S-1-5-21-1234567890 Account Name: Administrator Account Domain: CORP Logon Type: 3.,0,Benign
2026-02-26 13:01:48,4624,3,5554,An account was successfully logged on. Logon Type: 10 Remote Desktop Services.,0,Benign
2026-02-28 11:24:19,4624,11,7517,An account was successfully logged on. Logon Type: 10 Remote Desktop Services.,0,Benign
2026-02-25 07:19:51,4624,5,6814,An account was successfully logged on. Logon Type: 10 Remote Desktop Services.,0,Benign
2026-02-25 14:30:01,4648,8,6785,A logon was attempted using explicit credentials. Target Server: DC01 Target User: backup_svc.,0,Benign
2026-02-28 00:23:55,4624,2,2000,An account was successfully logged on. Subject: Security ID: S-1-5-18 Account Name: SYSTEM Account Domain: NT AUTHORITY Logon ID: 0x3E7 Logon Type: 5.,0,Benign
2026-02-25 10:09:29,4624,8,8397,An account was successfully logged on. Logon Type: 2 Interactive.,0,Benign
2026-03-01 17:42:57,4688,5,1826,A new process has been created. New Process Name: C:\Windows\System32\notepad.exe.,0,Benign
2026-02-27 08:05:29,4648,7,145,A logon was attempted using explicit credentials. Target Server: DC01 Target User: backup_svc.,0,Benign
2026-03-01 05:19:51,4672,7,3752,Special privileges assigned to new logon. Subject: Security ID: S-1-5-18 Privileges: SeAssignPrimaryTokenPrivilege SeTcbPrivilege SeSecurityPrivilege.,0,Benign
2026-02-28 13:13:15,4688,3,5411,A new process has been created. New Process Name: C:\Windows\System32\notepad.exe.,0,Benign
2026-02-26 07:43:30,4672,7,6875,Special privileges assigned to new logon. Subject: Security ID: S-1-5-21-1234567890 Account Name: Administrator Privileges: SeDebugPrivilege.,0,Benign
2026-02-25 11:27:04,4672,11,9791,Special privileges assigned to new logon. Subject: Security ID: S-1-5-21-1234567890 Account Name: Administrator Privileges: SeDebugPrivilege.,0,Benign
2026-02-24 06:05:50,4672,10,7596,Special privileges assigned to new logon. Subject: Security ID: S-1-5-18 Privileges: SeAssignPrimaryTokenPrivilege SeTcbPrivilege SeSecurityPrivilege.,0,Benign
2026-02-26 06:31:51,4688,8,1778,A new process has been created. New Process Name: C:\Windows\System32\notepad.exe.,0,Benign
2026-02-27 02:08:13,4672,3,893,Special privileges assigned to new logon. Subject: Security ID: S-1-5-21-1234567890 Account Name: Administrator Privileges: SeDebugPrivilege.,0,Benign
2026-02-23 08:05:10,4634,11,9750,An account was logged off. Logon Type: 3.,0,Benign
2026-02-24 07:39:08,4634,9,2037,An account was logged off. Logon Type: 2 Interactive.,0,Benign
2026-02-23 08:51:41,4624,5,8581,An account was successfully logged on. Subject: Security ID: S-1-5-18 Account Name: SYSTEM Account Domain: NT AUTHORITY Logon ID: 0x3E7 Logon Type: 5.,0,Benign
2026-02-26 11:23:09,4648,7,6819,A logon was attempted using explicit credentials. Target Server: localhost Target User: admin.,0,Benign
2026-02-28 13:15:45,4624,3,1869,An account was successfully logged on. Subject: Security ID: S-1-5-18 Account Name: SYSTEM Account Domain: NT AUTHORITY Logon ID: 0x3E7 Logon Type: 5.,0,Benign
2026-02-23 08:01:45,4624,9,4505,An account was successfully logged on. Logon Type: 2 Interactive.,0,Benign
2026-02-26 10:06:09,4624,2,7386,An account was successfully logged on. Logon Type: 2 Interactive.,0,Benign
2026-02-24 00:09:30,4624,11,6052,An account was successfully logged on. Subject: Security ID: S-1-5-18 Account Name: SYSTEM Account Domain: NT AUTHORITY Logon ID: 0x3E7 Logon Type: 5.,0,Benign
2026-02-25 19:32:56,4624,3,7657,An account was successfully logged on. New Logon: Account Name: jdoe Account Domain: CORP Logon ID: 0x1A2B3C.,0,Benign
2026-03-01 16:55:09,4648,2,1075,A logon was attempted using explicit credentials. Target Server: DC01 Target User: backup_svc.,0,Benign
2026-02-23 13:10:50,4688,11,6028,A new process has been created. New Process Name: C:\Windows\System32\svchost.exe Creator Process Name: C:\Windows\System32\services.exe.,0,Benign
2026-02-24 15:33:49,4624,9,1467,An account was successfully logged on. Subject: Security ID: S-1-5-18 Account Name: SYSTEM Account Domain: NT AUTHORITY Logon ID: 0x3E7 Logon Type: 5.,0,Benign
2026-02-25 16:09:58,4648,10,3030,A logon was attempted using explicit credentials. Process: C:\Windows\System32\runas.exe.,0,Benign
2026-02-23 16:50:18,4624,11,3354,An account was successfully logged on. Subject: Security ID: S-1-5-21-1234567890 Account Name: Administrator Account Domain: CORP Logon Type: 3.,0,Benign
2026-03-01 12:22:02,4624,8,8935,An account was successfully logged on. New Logon: Account Name: jdoe Account Domain: CORP Logon ID: 0x1A2B3C.,0,Benign
2026-02-24 07:17:39,4624,9,3307,An account was successfully logged on. New Logon: Account Name: jdoe Account Domain: CORP Logon ID: 0x1A2B3C.,0,Benign
2026-02-26 14:46:20,4624,11,1932,An account was successfully logged on. Logon Type: 10 Remote Desktop Services.,0,Benign
2026-02-24 13:51:46,4648,2,5861,A logon was attempted using explicit credentials. Process: C:\Windows\System32\runas.exe.,0,Benign
2026-02-24 13:12:53,4624,5,1574,An account was successfully logged on. Subject: Security ID: S-1-5-21-1234567890 Account Name: Administrator Account Domain: CORP Logon Type: 3.,0,Benign
2026-02-24 08:30:15,4720,2,3320,A user account was created. New Account Name: tempuser New Account Domain: CORP.,0,Benign
2026-02-27 11:05:03,4624,7,6748,An account was successfully logged on. Subject: Security ID: S-1-5-18 Account Name: SYSTEM Account Domain: NT AUTHORITY Logon ID: 0x3E7 Logon Type: 5.,0,Benign
2026-02-23 13:16:55,4624,5,8068,An account was successfully logged on. Logon Type: 2 Interactive.,0,Benign
2026-02-24 13:51:06,4672,8,7289,Special privileges assigned to new logon. Subject: Security ID: S-1-5-21-1234567890 Account Name: Administrator Privileges: SeDebugPrivilege.,0,Benign
2026-02-23 04:30:17,4624,8,9451,An account was successfully logged on. Subject: Security ID: S-1-5-21-1234567890 Account Name: Administrator Account Domain: CORP Logon Type: 3.,0,Benign
2026-02-25 12:07:53,4672,8,2625,Special privileges assigned to new logon. Subject: Security ID: S-1-5-18 Privileges: SeAssignPrimaryTokenPrivilege SeTcbPrivilege SeSecurityPrivilege.,0,Benign
2026-02-26 08:01:16,4688,2,5078,A new process has been created. New Process Name: C:\Windows\System32\notepad.exe.,0,Benign
2026-02-27 14:41:29,4720,7,7238,A user account was created. New Account Name: svc_backup New Account Domain: CORP.,0,Benign
2026-02-23 09:31:06,4688,12,4749,A new process has been created. New Process Name: C:\Windows\System32\cmd.exe Command Line: cmd.exe /c dir.,0,Benign
2026-02-26 01:23:36,4624,10,550,An account was successfully logged on. New Logon: Account Name: jdoe Account Domain: CORP Logon ID: 0x1A2B3C.,0,Benign
2026-02-27 08:02:04,4634,11,2254,An account was logged off. Subject: Security ID: S-1-5-21-1234567890 Account Name: jdoe.,0,Benign
2026-02-28 04:22:31,4634,12,9228,An account was logged off. Logon Type: 3.,0,Benign
2026-02-28 18:29:27,4688,7,4793,A new process has been created. New Process Name: C:\Windows\System32\cmd.exe Command Line: cmd.exe /c dir.,0,Benign
2026-02-28 14:21:30,4624,3,5959,An account was successfully logged on. Logon Type: 2 Interactive.,0,Benign
2026-02-24 11:00:24,4624,5,3298,An account was successfully logged on. Subject: Security ID: S-1-5-18 Account Name: SYSTEM Account Domain: NT AUTHORITY Logon ID: 0x3E7 Logon Type: 5.,0,Benign
2026-02-24 00:47:08,4625,2,7820,An account failed to log on. Failure Reason: Account locked out.,0,Benign
2026-02-25 08:44:52,4688,12,622,A new process has been created. New Process Name: C:\Program Files\Google\Chrome\chrome.exe Command Line: chrome.exe --type=renderer.,0,Benign
2026-02-26 02:43:33,4624,5,2123,An account was successfully logged on. Subject: Security ID: S-1-5-21-1234567890 Account Name: Administrator Account Domain: CORP Logon Type: 3.,0,Benign
2026-02-28 08:22:16,4624,3,1756,An account was successfully logged on. Subject: Security ID: S-1-5-21-1234567890 Account Name: Administrator Account Domain: CORP Logon Type: 3.,0,Benign
2026-02-25 09:09:13,4624,5,6444,An account was successfully logged on. Subject: Security ID: S-1-5-21-1234567890 Account Name: Administrator Account Domain: CORP Logon Type: 3.,0,Benign
2026-02-28 10:32:24,4672,12,9062,Special privileges assigned to new logon. Subject: Security ID: S-1-5-18 Privileges: SeAssignPrimaryTokenPrivilege SeTcbPrivilege SeSecurityPrivilege.,0,Benign
2026-03-01 15:10:30,4624,9,275,An account was successfully logged on. Logon Type: 10 Remote Desktop Services.,0,Benign
2026-02-27 13:09:34,4624,11,6349,An account was successfully logged on. Logon Type: 10 Remote Desktop Services.,0,Benign
2026-02-25 17:48:48,4624,5,8209,An account was successfully logged on. Logon Type: 2 Interactive.,0,Benign
2026-03-01 10:02:26,4732,9,8939,A member was added to a security-enabled local group. Member Name: svc_backup Group Name: Backup Operators.,0,Benign
2026-02-24 08:02:37,4624,3,736,An account was successfully logged on. Logon Type: 2 Interactive.,0,Benign
2026-02-28 08:11:29,4648,5,9436,A logon was attempted using explicit credentials. Target Server: localhost Target User: admin.,0,Benign
2026-03-01 15:11:40,4732,9,8939,A member was added to a security-enabled local group. Member Name: svc_backup Group Name: Backup Operators.,0,Benign
2026-03-01 03:51:55,4624,8,7193,An account was successfully logged on. Logon Type: 2 Interactive.,0,Benign
2026-02-27 11:57:25,4688,5,5312,A new process has been created. New Process Name: C:\Program Files\Google\Chrome\chrome.exe Command Line: chrome.exe --type=renderer.,0,Benign
2026-02-28 17:17:35,4634,9,1974,An account was logged off. Logon Type: 3.,0,Benign
2026-02-25 17:45:42,4720,3,1348,A user account was created. New Account Name: svc_backup New Account Domain: CORP.,0,Benign
2026-02-26 14:17:03,4688,3,753,A new process has been created. New Process Name: C:\Windows\System32\taskhostw.exe.,0,Benign
2026-02-24 10:19:57,4624,9,9508,An account was successfully logged on. New Logon: Account Name: jdoe Account Domain: CORP Logon ID: 0x1A2B3C.,0,Benign
2026-02-26 04:22:55,4625,12,4043,An account failed to log on. Logon Type: 10 Remote Desktop Services.,0,Benign
2026-02-25 23:59:22,4624,2,2911,An account was successfully logged on. New Logon: Account Name: jdoe Account Domain: CORP Logon ID: 0x1A2B3C.,0,Benign
2026-02-24 09:42:09,4634,12,6333,An account was logged off. Logon Type: 2 Interactive.,0,Benign
2026-03-01 17:26:01,4624,10,7099,An account was successfully logged on. Logon Type: 10 Remote Desktop Services.,0,Benign
2026-02-25 09:50:38,4634,10,4313,An account was logged off. Subject: Security ID: S-1-5-21-1234567890 Account Name: jdoe.,0,Benign
2026-02-25 15:26:45,4672,2,8519,Special privileges assigned to new logon. Subject: Security ID: S-1-5-21-1234567890 Account Name: Administrator Privileges: SeDebugPrivilege.,0,Benign
2026-02-24 01:08:25,4625,3,4354,An account failed to log on. Failure Reason: Unknown user name or bad password. Status: 0xC000006D Sub Status: 0xC000006A.,0,Benign
2026-02-23 17:39:08,4648,3,5518,A logon was attempted using explicit credentials. Process: C:\Windows\System32\runas.exe.,0,Benign
2026-02-25 14:46:09,4688,5,8851,A new process has been created. New Process Name: C:\Windows\System32\svchost.exe Creator Process Name: C:\Windows\System32\services.exe.,0,Benign
2026-02-24 17:13:05,4624,7,7825,An account was successfully logged on. Subject: Security ID: S-1-5-18 Account Name: SYSTEM Account Domain: NT AUTHORITY Logon ID: 0x3E7 Logon Type: 5.,0,Benign
2026-02-27 17:03:19,4624,5,1844,An account was successfully logged on. New Logon: Account Name: jdoe Account Domain: CORP Logon ID: 0x1A2B3C.,0,Benign
2026-02-24 10:57:27,4732,12,2542,A member was added to a security-enabled local group. Member Name: jdoe Group Name: Remote Desktop Users.,0,Benign
2026-02-27 12:02:48,4672,3,5743,Special privileges assigned to new logon. Subject: Security ID: S-1-5-18 Privileges: SeAssignPrimaryTokenPrivilege SeTcbPrivilege SeSecurityPrivilege.,0,Benign
2026-02-27 11:45:32,4688,11,8274,A new process has been created. New Process Name: C:\Windows\System32\cmd.exe Command Line: cmd.exe /c dir.,0,Benign
2026-02-25 08:21:25,4625,2,7578,An account failed to log on. Failure Reason: Unknown user name or bad password. Status: 0xC000006D Sub Status: 0xC000006A.,0,Benign
2026-02-26 13:21:54,4688,10,9103,A new process has been created. New Process Name: C:\Windows\System32\taskhostw.exe.,0,Benign
2026-02-25 12:27:12,4624,7,5056,An account was successfully logged on. Logon Type: 10 Remote Desktop Services.,0,Benign
2026-02-25 13:12:17,4624,2,6251,An account was successfully logged on. Logon Type: 10 Remote Desktop Services.,0,Benign
2026-03-01 08:09:31,4625,12,4297,An account failed to log on. Account Name: administrator Source Network Address: 192.168.1.50.,0,Benign
2026-02-27 11:45:45,4624,9,6018,An account was successfully logged on. New Logon: Account Name: jdoe Account Domain: CORP Logon ID: 0x1A2B3C.,0,Benign
2026-03-01 10:22:41,4688,7,7515,A new process has been created. New Process Name: C:\Windows\System32\cmd.exe Command Line: cmd.exe /c dir.,0,Benign
2026-03-01 14:31:41,4625,5,6073,An account failed to log on. Failure Reason: Unknown user name or bad password. Status: 0xC000006D Sub Status: 0xC000006A.,0,Benign
2026-03-01 16:11:38,4634,2,5353,An account was logged off. Subject: Security ID: S-1-5-21-1234567890 Account Name: jdoe.,0,Benign
2026-02-27 09:02:20,4624,8,1942,An account was successfully logged on. Subject: Security ID: S-1-5-21-1234567890 Account Name: Administrator Account Domain: CORP Logon Type: 3.,0,Benign
2026-02-25 13:21:12,4624,8,4302,An account was successfully logged on. New Logon: Account Name: jdoe Account Domain: CORP Logon ID: 0x1A2B3C.,0,Benign
2026-02-27 01:32:47,4688,2,1430,A new process has been created. New Process Name: C:\Windows\System32\wbem\WMIC.exe Command Line: wmic process call create calc.exe.,1,T1047
2026-02-23 14:24:38,4624,10,4673,An account was successfully logged on. Subject: Security ID: S-1-5-18 Account Name: SYSTEM Account Domain: NT AUTHORITY Logon ID: 0x3E7 Logon Type: 5.,0,Benign
2026-02-26 08:08:35,4624,2,6538,An account was successfully logged on. New Logon: Account Name: jdoe Account Domain: CORP Logon ID: 0x1A2B3C.,0,Benign
2026-02-27 17:55:20,4624,8,1517,An account was successfully logged on. Logon Type: 2 Interactive.,0,Benign
2026-02-25 09:32:21,4625,11,9298,An account failed to log on. Failure Reason: Unknown user name or bad password. Status: 0xC000006D Sub Status: 0xC000006A.,0,Benign
2026-02-27 05:33:40,4720,12,7727,A user account was created. New Account Name: test_account.,0,Benign
2026-02-25 09:57:13,4688,9,1706,A new process has been created. New Process Name: C:\Windows\System32\notepad.exe.,0,Benign
2026-02-27 14:45:58,4624,2,5715,An account was successfully logged on. New Logon: Account Name: jdoe Account Domain: CORP Logon ID: 0x1A2B3C.,0,Benign
2026-02-27 17:02:08,4634,11,7349,An account was logged off. Logon Type: 2 Interactive.,0,Benign
2026-02-24 16:58:36,4720,9,3090,A user account was created. New Account Name: svc_backup New Account Domain: CORP.,0,Benign
2026-02-23 18:04:51,1100,2,8604,The event logging service has shut down. Reason: The log was cleared by user.,1,T1070
2026-02-24 16:18:00,4624,3,4282,An account was successfully logged on. New Logon: Account Name: jdoe Account Domain: CORP Logon ID: 0x1A2B3C.,0,Benign
2026-02-23 16:35:30,4688,10,8050,A new process has been created. New Process Name: C:\Temp\mimikatz.exe Command Line: mimikatz.exe sekurlsa::logonpasswords.,1,T1003
2026-02-23 14:59:25,4672,9,2821,Special privileges assigned to new logon. Account Name: SYSTEM Privileges: SeBackupPrivilege SeRestorePrivilege.,0,Benign
2026-03-01 08:54:24,4624,2,9556,An account was successfully logged on. Logon Type: 10 Remote Desktop Services.,0,Benign
2026-02-27 16:19:49,4634,12,5169,An account was logged off. Logon Type: 2 Interactive.,0,Benign
2026-02-28 13:52:43,4624,12,5846,An account was successfully logged on. Subject: Security ID: S-1-5-18 Account Name: SYSTEM Account Domain: NT AUTHORITY Logon ID: 0x3E7 Logon Type: 5.,0,Benign
2026-02-23 19:39:58,4648,10,8626,A logon was attempted using explicit credentials. Target Server: localhost Target User: admin.,0,Benign
2026-02-28 12:30:29,4634,5,947,An account was logged off. Logon Type: 2 Interactive.,0,Benign
2026-02-26 17:31:14,4624,10,540,An account was successfully logged on. Logon Type: 10 Remote Desktop Services.,0,Benign
2026-03-01 11:36:37,4624,9,1210,An account was successfully logged on. Subject: Security ID: S-1-5-21-1234567890 Account Name: Administrator Account Domain: CORP Logon Type: 3.,0,Benign
2026-02-26 16:17:14,4624,2,1927,An account was successfully logged on. Subject: Security ID: S-1-5-18 Account Name: SYSTEM Account Domain: NT AUTHORITY Logon ID: 0x3E7 Logon Type: 5.,0,Benign
2026-02-27 16:07:48,4624,11,9056,An account was successfully logged on. Logon Type: 2 Interactive.,0,Benign
2026-02-26 15:36:44,4720,10,2571,A user account was created. New Account Name: tempuser New Account Domain: CORP.,0,Benign
2026-02-23 09:02:46,4688,3,7598,A new process has been created. New Process Name: C:\Windows\System32\svchost.exe Creator Process Name: C:\Windows\System32\services.exe.,0,Benign
2026-02-25 12:10:46,4624,11,8749,An account was successfully logged on. Subject: Security ID: S-1-5-21-1234567890 Account Name: Administrator Account Domain: CORP Logon Type: 3.,0,Benign
2026-02-24 21:01:49,4624,3,4878,An account was successfully logged on. Logon Type: 2 Interactive.,0,Benign
2026-02-25 13:54:04,4625,9,4256,An account failed to log on. Account Name: administrator Source Network Address: 192.168.1.50.,0,Benign
2026-03-01 10:15:56,4624,2,5805,An account was successfully logged on. Subject: Security ID: S-1-5-18 Account Name: SYSTEM Account Domain: NT AUTHORITY Logon ID: 0x3E7 Logon Type: 5.,0,Benign
2026-02-24 11:54:05,4625,3,4208,An account failed to log on. Logon Type: 10 Remote Desktop Services.,0,Benign
2026-02-24 15:20:37,4634,7,2289,An account was logged off. Subject: Security ID: S-1-5-21-1234567890 Account Name: jdoe.,0,Benign
2026-02-28 15:48:54,4624,10,6812,An account was successfully logged on. Subject: Security ID: S-1-5-18 Account Name: SYSTEM Account Domain: NT AUTHORITY Logon ID: 0x3E7 Logon Type: 5.,0,Benign
2026-02-28 17:18:56,4732,11,8299,A member was added to a security-enabled local group. Member Name: tempuser Group Name: Administrators.,0,Benign
2026-02-26 08:18:42,4672,8,1716,Special privileges assigned to new logon. Subject: Security ID: S-1-5-18 Privileges: SeAssignPrimaryTokenPrivilege SeTcbPrivilege SeSecurityPrivilege.,0,Benign
2026-02-26 08:35:25,4688,11,6925,A new process has been created. New Process Name: C:\Windows\System32\svchost.exe Creator Process Name: C:\Windows\System32\services.exe.,0,Benign
2026-02-24 14:08:30,4648,3,5012,A logon was attempted using explicit credentials. Target Server: localhost Target User: admin.,0,Benign
2026-02-26 22:59:03,4648,8,2682,A logon was attempted using explicit credentials. Target Server: localhost Target User: admin.,0,Benign
2026-02-23 17:46:13,4624,2,3377,An account was successfully logged on. Subject: Security ID: S-1-5-18 Account Name: SYSTEM Account Domain: NT AUTHORITY Logon ID: 0x3E7 Logon Type: 5.,0,Benign
2026-02-25 13:46:21,4688,9,7468,A new process has been created. New Process Name: C:\Windows\System32\cmd.exe Command Line: cmd.exe /c dir.,0,Benign
2026-02-28 11:10:45,4624,7,5497,An account was successfully logged on. Logon Type: 2 Interactive.,0,Benign
2026-03-01 13:15:55,4624,3,8366,An account was successfully logged on. Logon Type: 2 Interactive.,0,Benign
2026-03-01 00:17:12,4688,12,9478,A new process has been created. New Process Name: C:\Windows\System32\cmd.exe Command Line: cmd.exe /c dir.,0,Benign
2026-02-26 18:17:20,4648,12,885,A logon was attempted using explicit credentials. Process: C:\Windows\System32\runas.exe.,0,Benign
2026-02-24 12:11:11,4625,9,3505,An account failed to log on. Subject: Security ID: S-1-0-0 Account Name: - Account Domain: - Logon Type: 3.,0,Benign
2026-02-28 15:13:19,4688,7,3396,A new process has been created. New Process Name: C:\Windows\System32\svchost.exe Creator Process Name: C:\Windows\System32\services.exe.,0,Benign
2026-02-25 20:19:00,4688,3,1715,A new process has been created. New Process Name: C:\Program Files\Google\Chrome\chrome.exe Command Line: chrome.exe --type=renderer.,0,Benign
2026-03-01 11:30:01,4624,9,4254,An account was successfully logged on. Subject: Security ID: S-1-5-21-1234567890 Account Name: Administrator Account Domain: CORP Logon Type: 3.,0,Benign
2026-02-25 11:04:44,4624,11,2556,An account was successfully logged on. Logon Type: 10 Remote Desktop Services.,0,Benign
2026-02-27 11:07:59,4625,8,5521,An account failed to log on. Failure Reason: Account locked out.,0,Benign
2026-02-25 09:17:53,4672,8,2357,A new process has been created. New Process Name: C:\Temp\mimikatz.exe Command Line: mimikatz.exe sekurlsa::logonpasswords.,1,T1003
2026-02-25 05:59:05,4624,5,5732,An account was successfully logged on. Subject: Security ID: S-1-5-21-1234567890 Account Name: Administrator Account Domain: CORP Logon Type: 3.,0,Benign
2026-02-25 11:35:52,4624,2,5293,An account was successfully logged on. Subject: Security ID: S-1-5-21-1234567890 Account Name: Administrator Account Domain: CORP Logon Type: 3.,0,Benign
2026-02-23 08:08:04,4688,10,9193,A new process has been created. New Process Name: C:\Windows\System32\notepad.exe.,0,Benign
2026-02-25 10:33:06,4624,5,9421,An account was successfully logged on. Logon Type: 2 Interactive.,0,Benign
2026-02-27 14:59:45,4624,2,2379,An account was successfully logged on. Logon Type: 2 Interactive.,0,Benign
2026-03-01 08:52:40,4624,12,8613,An account was successfully logged on. Logon Type: 2 Interactive.,0,Benign
2026-02-27 12:39:20,4624,7,4156,An account was successfully logged on. Subject: Security ID: S-1-5-18 Account Name: SYSTEM Account Domain: NT AUTHORITY Logon ID: 0x3E7 Logon Type: 5.,0,Benign
2026-02-28 10:54:36,4624,9,178,An account was successfully logged on. Subject: Security ID: S-1-5-21-1234567890 Account Name: Administrator Account Domain: CORP Logon Type: 3.,0,Benign
2026-02-25 08:55:58,4634,3,5145,An account was logged off. Subject: Security ID: S-1-5-21-1234567890 Account Name: jdoe.,0,Benign
2026-02-25 08:51:38,4634,2,1131,An account was logged off. Subject: Security ID: S-1-5-21-1234567890 Account Name: jdoe.,0,Benign
2026-02-26 09:59:12,4624,11,3500,An account was successfully logged on. Logon Type: 2 Interactive.,0,Benign
2026-03-01 16:13:26,4624,7,4977,An account was successfully logged on. Subject: Security ID: S-1-5-18 Account Name: SYSTEM Account Domain: NT AUTHORITY Logon ID: 0x3E7 Logon Type: 5.,0,Benign
2026-03-01 09:06:20,4624,3,6311,An account was successfully logged on. Logon Type: 2 Interactive.,0,Benign
2026-02-27 14:44:11,4625,3,5599,An account failed to log on. Account Name: administrator Source Network Address: 192.168.1.50.,0,Benign
2026-02-23 12:59:25,4625,3,4071,An account failed to log on. Failure Reason: Account locked out.,0,Benign
2026-02-23 17:38:24,4625,8,5037,An account failed to log on. Account Name: administrator Source Network Address: 192.168.1.50.,0,Benign
2026-02-24 17:25:34,4634,10,5479,An account was logged off. Logon Type: 3.,0,Benign
2026-02-27 13:57:08,4624,11,3203,An account was successfully logged on. Logon Type: 10 Remote Desktop Services.,0,Benign
2026-02-23 16:09:32,4625,11,2792,An account failed to log on. Failure Reason: Unknown user name or bad password. Status: 0xC000006D Sub Status: 0xC000006A.,0,Benign
2026-02-23 11:55:01,4624,2,2120,An account was successfully logged on. Logon Type: 2 Interactive.,0,Benign
2026-03-01 13:30:49,4634,3,6204,An account was logged off. Logon Type: 2 Interactive.,0,Benign
2026-02-27 14:45:02,4624,10,9819,An account was successfully logged on. Subject: Security ID: S-1-5-18 Account Name: SYSTEM Account Domain: NT AUTHORITY Logon ID: 0x3E7 Logon Type: 5.,0,Benign
2026-02-27 14:46:37,4688,8,2773,A new process has been created. New Process Name: C:\Windows\System32\taskhostw.exe.,0,Benign
2026-02-28 16:49:28,4624,7,4260,An account was successfully logged on. Logon Type: 10 Remote Desktop Services.,0,Benign
2026-02-24 12:56:42,4648,10,372,A logon was attempted using explicit credentials. Target Server: DC01 Target User: backup_svc.,0,Benign
2026-02-27 10:53:10,4624,12,3348,An account was successfully logged on. Subject: Security ID: S-1-5-18 Account Name: SYSTEM Account Domain: NT AUTHORITY Logon ID: 0x3E7 Logon Type: 5.,0,Benign
2026-02-28 08:21:53,4720,8,3748,A user account was created. New Account Name: svc_backup New Account Domain: CORP.,0,Benign
2026-02-23 13:08:36,4624,8,1177,An account was successfully logged on. Logon Type: 2 Interactive.,0,Benign
2026-02-27 10:12:48,4688,8,8537,A new process has been created. New Process Name: C:\Windows\System32\svchost.exe Creator Process Name: C:\Windows\System32\services.exe.,0,Benign
2026-03-01 11:42:43,4688,11,9111,A new process has been created. New Process Name: C:\Windows\System32\notepad.exe.,0,Benign
2026-02-28 14:58:33,4624,9,9362,An account was successfully logged on. Subject: Security ID: S-1-5-21-1234567890 Account Name: Administrator Account Domain: CORP Logon Type: 3.,0,Benign
2026-02-28 10:55:26,4625,12,8283,An account failed to log on. Account Name: administrator Source Network Address: 192.168.1.50.,0,Benign
2026-02-27 15:56:29,4688,9,7730,A new process has been created. New Process Name: C:\Windows\System32\notepad.exe.,0,Benign
2026-02-23 15:42:42,4634,12,836,An account was logged off. Subject: Security ID: S-1-5-21-1234567890 Account Name: jdoe.,0,Benign
2026-02-24 08:14:40,4688,2,9646,A new process has been created. New Process Name: C:\Program Files\Google\Chrome\chrome.exe Command Line: chrome.exe --type=renderer.,0,Benign
2026-02-23 18:03:16,4624,11,6749,An account failed to log on. Account Name: administrator.,1,T1110
2026-02-28 02:44:44,4624,7,2147,An account was successfully logged on. Logon Type: 10 Remote Desktop Services.,0,Benign
2026-03-01 13:41:54,4625,2,7588,An account failed to log on. Failure Reason: Unknown user name or bad password. Status: 0xC000006D Sub Status: 0xC000006A.,0,Benign
2026-02-23 16:06:22,4624,12,7364,An account was successfully logged on. Subject: Security ID: S-1-5-21-1234567890 Account Name: Administrator Account Domain: CORP Logon Type: 3.,0,Benign
2026-02-25 22:23:57,4688,7,8248,A new process has been created. New Process Name: C:\Windows\System32\taskhostw.exe.,0,Benign
2026-02-26 13:31:57,4625,12,1484,An account failed to log on. Failure Reason: Account locked out.,0,Benign
2026-02-23 15:11:09,4634,7,1883,An account was logged off. Subject: Security ID: S-1-5-21-1234567890 Account Name: jdoe.,0,Benign
2026-02-23 17:55:16,4624,8,5620,An account was successfully logged on. Subject: Security ID: S-1-5-21-1234567890 Account Name: Administrator Account Domain: CORP Logon Type: 3.,0,Benign
2026-02-26 09:48:37,4624,12,7067,An account was successfully logged on. Subject: Security ID: S-1-5-21-1234567890 Account Name: Administrator Account Domain: CORP Logon Type: 3.,0,Benign
2026-02-25 10:53:39,4688,2,3769,A new process has been created. New Process Name: C:\Program Files\Google\Chrome\chrome.exe Command Line: chrome.exe --type=renderer.,0,Benign
2026-03-01 13:52:56,4625,3,1214,An account failed to log on. Account Name: administrator Source Network Address: 192.168.1.50.,0,Benign
2026-02-25 08:01:11,4648,9,846,A logon was attempted using explicit credentials. Process: C:\Windows\System32\runas.exe.,0,Benign
2026-02-28 07:55:45,4625,9,4816,An account failed to log on. Logon Type: 10 Remote Desktop Services.,0,Benign
2026-02-26 16:28:26,4624,3,8575,An account was successfully logged on. New Logon: Account Name: jdoe Account Domain: CORP Logon ID: 0x1A2B3C.,0,Benign
2026-02-23 10:47:20,4624,11,1778,An account was successfully logged on. Subject: Security ID: S-1-5-21-1234567890 Account Name: Administrator Account Domain: CORP Logon Type: 3.,0,Benign
2026-02-24 08:49:53,4634,12,8606,An account was logged off. Logon Type: 3.,0,Benign
2026-02-23 17:07:34,4624,5,9474,An account was successfully logged on. Subject: Security ID: S-1-5-21-1234567890 Account Name: Administrator Account Domain: CORP Logon Type: 3.,0,Benign
2026-02-26 10:20:22,4648,2,8484,A logon was attempted using explicit credentials. Target Server: localhost Target User: admin.,0,Benign
2026-02-26 14:08:50,4625,8,2473,An account failed to log on. Failure Reason: Unknown user name or bad password. Status: 0xC000006D Sub Status: 0xC000006A.,0,Benign
2026-02-28 09:53:40,4624,7,215,An account was successfully logged on. Subject: Security ID: S-1-5-21-1234567890 Account Name: Administrator Account Domain: CORP Logon Type: 3.,0,Benign
2026-02-28 09:32:45,4688,9,1030,A new process has been created. New Process Name: C:\Windows\System32\svchost.exe Creator Process Name: C:\Windows\System32\services.exe.,1,Benign
2026-02-25 04:23:08,4624,2,6313,An account was successfully logged on. Logon Type: 2 Interactive.,0,Benign
2026-02-24 13:25:15,4625,10,3076,An account failed to log on. Account Name: administrator Source Network Address: 192.168.1.50.,0,Benign
2026-02-28 08:50:58,4624,7,7561,An account was successfully logged on. Subject: Security ID: S-1-5-18 Account Name: SYSTEM Account Domain: NT AUTHORITY Logon ID: 0x3E7 Logon Type: 5.,0,Benign
2026-02-27 10:17:47,4688,3,4840,A new process has been created. New Process Name: C:\Windows\System32\notepad.exe.,0,Benign
2026-02-25 15:16:07,4625,10,2764,An account failed to log on. Failure Reason: Account locked out.,0,Benign
2026-02-23 13:18:54,4624,11,7254,An account was successfully logged on. Subject: Security ID: S-1-5-21-1234567890 Account Name: Administrator Account Domain: CORP Logon Type: 3.,0,Benign
2026-02-27 14:17:07,4625,9,3875,An account failed to log on. Account Name: administrator Source Network Address: 192.168.1.50.,0,Benign
2026-02-24 10:50:56,4720,8,4735,A user account was created. New Account Name: tempuser New Account Domain: CORP.,0,Benign
2026-02-28 09:09:58,4688,9,7306,A new process has been created. New Process Name: C:\Windows\System32\cmd.exe Command Line: cmd.exe /c dir.,0,Benign
2026-02-26 00:23:32,4625,2,1811,An account failed to log on. Failure Reason: Account locked out.,0,Benign
2026-02-24 11:15:11,4688,5,9894,A new process has been created. New Process Name: C:\Windows\System32\notepad.exe.,0,Benign
2026-02-24 17:48:39,4624,12,151,An account was successfully logged on. New Logon: Account Name: jdoe Account Domain: CORP Logon ID: 0x1A2B3C.,0,Benign
2026-02-28 00:31:42,4688,11,7272,A new process has been created. New Process Name: C:\Windows\System32\cmd.exe Command Line: cmd.exe /c dir.,0,Benign
2026-02-25 09:57:52,4624,2,873,An account was successfully logged on. New Logon: Account Name: jdoe Account Domain: CORP Logon ID: 0x1A2B3C.,0,Benign
2026-02-24 11:07:31,4624,2,861,An account was successfully logged on. Logon Type: 10 Remote Desktop Services.,0,Benign
2026-02-24 15:59:09,4624,11,9977,An account was successfully logged on. Logon Type: 2 Interactive.,0,Benign
2026-02-28 08:57:52,4624,10,1335,An account was successfully logged on. Logon Type: 2 Interactive.,0,Benign
2026-02-23 14:43:10,4625,7,4302,An account failed to log on. Subject: Security ID: S-1-0-0 Account Name: - Account Domain: - Logon Type: 3.,0,Benign
2026-03-01 14:31:42,4625,11,3829,An account failed to log on. Account Name: administrator Source Network Address: 192.168.1.50.,0,Benign
2026-02-23 09:54:14,4648,2,6593,A logon was attempted using explicit credentials. Target Server: DC01 Target User: backup_svc.,0,Benign
2026-02-28 08:22:21,4624,12,1711,An account was successfully logged on. Subject: Security ID: S-1-5-18 Account Name: SYSTEM Account Domain: NT AUTHORITY Logon ID: 0x3E7 Logon Type: 5.,0,Benign
2026-02-26 10:32:25,4624,12,6254,An account was successfully logged on. Subject: Security ID: S-1-5-21-1234567890 Account Name: Administrator Account Domain: CORP Logon Type: 3.,0,Benign
2026-02-24 10:14:12,4634,2,1424,An account was logged off. Subject: Security ID: S-1-5-21-1234567890 Account Name: jdoe.,0,Benign
2026-02-28 16:32:24,4624,9,3739,An account was successfully logged on. Logon Type: 2 Interactive.,0,Benign
2026-02-26 09:49:11,4732,7,6008,A user account was created. New Account Name: backdoor New Account Domain: CORP.,1,T1078
2026-02-27 14:38:27,4624,11,3330,An account was successfully logged on. Logon Type: 10 Remote Desktop Services.,0,Benign
2026-02-23 08:39:01,4624,5,1652,An account was successfully logged on. Subject: Security ID: S-1-5-21-1234567890 Account Name: Administrator Account Domain: CORP Logon Type: 3.,0,Benign
2026-02-27 13:08:54,4624,12,121,An account was successfully logged on. Logon Type: 2 Interactive.,0,Benign
2026-02-25 11:52:08,4688,12,4430,A new process has been created. New Process Name: C:\Windows\System32\notepad.exe.,0,Benign
2026-03-01 08:19:28,4624,3,3841,An account was successfully logged on. Logon Type: 2 Interactive.,0,Benign
2026-02-25 17:10:09,4624,5,8784,An account was successfully logged on. Subject: Security ID: S-1-5-21-1234567890 Account Name: Administrator Account Domain: CORP Logon Type: 3.,0,Benign
2026-02-27 17:47:37,4624,5,6948,An account was successfully logged on. Logon Type: 2 Interactive.,0,Benign
2026-02-23 11:49:55,4648,10,8313,A logon was attempted using explicit credentials. Target Server: DC01 Target User: backup_svc.,0,Benign
2026-03-01 14:28:17,4625,9,5542,An account failed to log on. Failure Reason: Unknown user name or bad password. Status: 0xC000006D Sub Status: 0xC000006A.,0,Benign
2026-02-27 08:55:29,4624,2,7048,An account was successfully logged on. New Logon: Account Name: jdoe Account Domain: CORP Logon ID: 0x1A2B3C.,0,Benign
2026-02-27 14:58:03,4648,2,9758,A logon was attempted using explicit credentials. Process: C:\Windows\System32\runas.exe.,0,Benign
2026-02-28 13:29:41,4624,9,1845,An account was successfully logged on. Logon Type: 2 Interactive.,0,Benign
2026-02-23 16:53:53,4634,10,9325,An account was logged off. Logon Type: 3.,0,Benign
2026-02-28 12:52:12,4625,10,1193,An account failed to log on. Logon Type: 10 Remote Desktop Services.,0,Benign
2026-02-26 16:17:39,4624,3,1657,An account was successfully logged on. Subject: Security ID: S-1-5-21-1234567890 Account Name: Administrator Account Domain: CORP Logon Type: 3.,0,Benign
2026-02-23 18:33:13,4624,11,7467,An account failed to log on. Failure Reason: Unknown user name or bad password.,0,Benign
2026-02-25 11:24:19,4688,12,396,A new process has been created. New Process Name: C:\Windows\System32\taskhostw.exe.,0,Benign
2026-02-26 17:16:08,4688,11,2710,A new process has been created. New Process Name: C:\Windows\System32\notepad.exe.,0,Benign
2026-02-24 17:52:56,4648,5,971,A logon was attempted using explicit credentials. Target Server: localhost Target User: admin.,0,Benign
2026-02-27 08:02:00,4624,2,672,An account was successfully logged on. New Logon: Account Name: jdoe Account Domain: CORP Logon ID: 0x1A2B3C.,1,Benign
2026-02-26 15:35:51,4688,12,5913,A new process has been created. New Process Name: C:\Program Files\Google\Chrome\chrome.exe Command Line: chrome.exe --type=renderer.,0,Benign
2026-02-25 11:43:27,4624,8,3975,An account was successfully logged on. New Logon: Account Name: jdoe Account Domain: CORP Logon ID: 0x1A2B3C.,0,Benign
2026-02-23 14:46:42,4624,12,748,An account was successfully logged on. Logon Type: 2 Interactive.,0,Benign
2026-03-01 12:35:23,4625,3,3072,An account failed to log on. Subject: Security ID: S-1-0-0 Account Name: - Account Domain: - Logon Type: 3.,0,Benign
2026-02-28 08:26:43,4625,10,7358,An account failed to log on. Failure Reason: Unknown user name or bad password. Status: 0xC000006D Sub Status: 0xC000006A.,0,Benign
2026-02-28 09:45:18,4648,3,739,A logon was attempted using explicit credentials. Target Server: DC01 Target User: backup_svc.,0,Benign
2026-02-24 09:17:21,4624,11,8346,An account was successfully logged on. Logon Type: 2 Interactive.,0,Benign
2026-02-24 16:24:22,4688,3,5966,A new process has been created. New Process Name: C:\Windows\System32\svchost.exe Creator Process Name: C:\Windows\System32\services.exe.,0,Benign
2026-03-01 13:19:53,4634,3,6024,An account was logged off. Logon Type: 2 Interactive.,0,Benign
2026-02-27 16:11:13,4625,3,7956,An account failed to log on. Logon Type: 10 Remote Desktop Services.,0,Benign
2026-02-27 07:00:56,4648,5,1196,A logon was attempted using explicit credentials. Target Server: localhost Target User: admin.,0,Benign
2026-03-01 13:54:01,4688,9,3726,A new process has been created. New Process Name: C:\Program Files\Google\Chrome\chrome.exe Command Line: chrome.exe --type=renderer.,0,Benign
2026-02-26 08:29:02,4624,2,4970,An account was successfully logged on. Subject: Security ID: S-1-5-21-1234567890 Account Name: Administrator Account Domain: CORP Logon Type: 3.,0,Benign
2026-02-28 22:40:58,4634,9,3118,An account was logged off. Subject: Security ID: S-1-5-21-1234567890 Account Name: jdoe.,0,Benign
2026-02-25 21:45:17,4625,3,1569,An account failed to log on. Subject: Security ID: S-1-0-0 Account Name: - Account Domain: - Logon Type: 3.,0,Benign
2026-02-25 09:44:14,4625,10,6029,An account failed to log on. Subject: Security ID: S-1-0-0 Account Name: - Account Domain: - Logon Type: 3.,0,Benign
2026-02-24 13:07:47,4688,12,3219,A new process has been created. New Process Name: C:\Windows\System32\notepad.exe.,0,Benign
2026-02-28 14:46:03,4624,10,8737,An account was successfully logged on. New Logon: Account Name: jdoe Account Domain: CORP Logon ID: 0x1A2B3C.,0,Benign
2026-02-25 17:41:29,4625,8,4015,An account failed to log on. Failure Reason: Unknown user name or bad password. Status: 0xC000006D Sub Status: 0xC000006A.,0,Benign
2026-03-01 11:31:32,4624,5,1554,An account was successfully logged on. Logon Type: 2 Interactive.,0,Benign
2026-02-27 12:39:08,4634,7,2769,An account was logged off. Logon Type: 2 Interactive.,0,Benign
2026-02-28 15:06:15,4624,12,4396,An account was successfully logged on. Logon Type: 2 Interactive.,0,Benign
2026-02-24 07:19:42,4688,5,2505,A new process has been created. New Process Name: C:\Program Files\Google\Chrome\chrome.exe Command Line: chrome.exe --type=renderer.,0,Benign
2026-02-23 16:55:56,4625,7,1244,An account failed to log on. Logon Type: 10 Remote Desktop Services.,0,Benign
2026-02-28 16:09:03,4625,7,6023,An account failed to log on. Failure Reason: Unknown user name or bad password. Status: 0xC000006D Sub Status: 0xC000006A.,0,Benign
2026-02-25 09:55:11,4634,12,4742,An account was logged off. Logon Type: 2 Interactive.,0,Benign
2026-02-28 14:01:22,4688,10,7994,A new process has been created. New Process Name: C:\Windows\System32\notepad.exe.,0,Benign
2026-02-26 08:24:13,4624,3,5596,An account was successfully logged on. New Logon: Account Name: jdoe Account Domain: CORP Logon ID: 0x1A2B3C.,0,Benign
2026-02-28 17:58:14,4634,2,7080,An account was logged off. Logon Type: 3.,0,Benign
2026-02-28 17:59:31,4688,9,8985,A new process has been created. New Process Name: C:\Windows\System32\notepad.exe.,0,Benign
2026-03-01 09:44:53,4624,11,7158,An account was successfully logged on. New Logon: Account Name: jdoe Account Domain: CORP Logon ID: 0x1A2B3C.,0,Benign
2026-02-28 23:25:05,4624,9,141,An account was successfully logged on. New Logon: Account Name: jdoe Account Domain: CORP Logon ID: 0x1A2B3C.,0,Benign
2026-02-25 15:00:10,4624,8,5419,An account was successfully logged on. Logon Type: 10 Remote Desktop Services.,0,Benign
2026-02-25 09:18:39,4624,8,3510,An account was successfully logged on. New Logon: Account Name: jdoe Account Domain: CORP Logon ID: 0x1A2B3C.,0,Benign
2026-03-01 16:56:10,4624,3,6977,An account was successfully logged on. Logon Type: 2 Interactive.,0,Benign
2026-02-23 08:31:12,4624,9,4444,An account was successfully logged on. Logon Type: 2 Interactive.,0,Benign
2026-02-28 15:47:09,4688,12,5535,A new process has been created. New Process Name: C:\Windows\System32\taskhostw.exe.,0,Benign
2026-02-25 17:08:21,4625,11,3710,An account failed to log on. Logon Type: 10 Remote Desktop Services.,0,Benign
2026-02-24 10:56:45,4720,10,468,A user account was created. New Account Name: tempuser New Account Domain: CORP.,0,Benign
2026-03-01 01:42:39,4634,12,2597,An account was logged off. Subject: Security ID: S-1-5-21-1234567890 Account Name: jdoe.,0,Benign
