2026-02-27 12:32:18,4648,10,3767,A logon was attempted using explicit credentials. Process: C:\Windows\System32\runas.exe.,0,Benign
2026-02-28 15:18:48,4634,5,1625,An account was logged off. Subject: Security ID: S-1-5-21-1234567890 Account Name: jdoe.,0,Benign
2026-02-26 08:53:22,4625,9,9163,An account failed to log on. Account Name: administrator Source Network Address: 192.168.1.50.,0,Benign
2026-02-28 12:37:19,4688,7,752,A new process has been created. New Process Name: C:\Program Files\Google\Chrome\chrome.exe Command Line: chrome.exe --type=renderer.,0,Benign
2026-02-28 11:52:25,4624,12,8984,An account was successfully logged on. Logon Type: 10 Remote Desktop Services.,0,Benign
2026-02-24 16:30:33,4688,5,5948,A new process has been created. New Process Name: C:\Windows\System32\svchost.exe Creator Process Name: C:\Windows\System32\services.exe.,0,Benign
2026-02-28 13:46:47,4624,2,6929,An account was successfully logged on. New Logon: Account Name: jdoe Account Domain: CORP Logon ID: 0x1A2B3C.,0,Benign
2026-02-23 10:25:42,4648,3,5845,A logon was attempted using explicit credentials. Process: C:\Windows\System32\runas.exe.,0,Benign
2026-02-25 16:35:23,4634,10,944,An account was logged off. Logon Type: 2 Interactive.,0,Benign
2026-02-26 03:40:58,4688,8,9933,A new process has been created. New Process Name: C:\Windows\System32\svchost.exe Creator Process Name: C:\Windows\System32\services.exe.,0,Benign
2026-02-28 19:06:29,4624,7,1760,An account was successfully logged on. Subject: Security ID: S-1-5-18 Account Name: SYSTEM Account Domain: NT AUTHORITY Logon ID: 0x3E7 Logon Type: 5.,0,Benign
2026-02-27 14:36:07,4688,8,2782,A new process has been created. New Process Name: C:\Windows\System32\taskhostw.exe.,0,Benign
2026-02-26 17:24:24,4624,2,6018,An account was successfully logged on. Subject: Security ID: S-1-5-18 Account Name: SYSTEM Account Domain: NT AUTHORITY Logon ID: 0x3E7 Logon Type: 5.,0,Benign
2026-02-26 09:39:32,4624,5,8573,An account was successfully logged on. Logon Type: 2 Interactive.,0,Benign
2026-02-23 14:41:21,4625,5,2731,An account failed to log on. Failure Reason: Unknown user name or bad password. Status: 0xC000006D Sub Status: 0xC000006A.,0,Benign
2026-02-28 07:41:00,4624,10,6188,An account was successfully logged on. Logon Type: 10 Remote Desktop Services.,0,Benign
2026-03-01 13:14:56,4625,7,7369,An account failed to log on. Logon Type: 10 Remote Desktop Services.,0,Benign
2026-02-27 17:01:38,4688,8,3723,A new process has been created. New Process Name: C:\Program Files\Google\Chrome\chrome.exe Command Line: chrome.exe --type=renderer.,0,Benign
2026-02-23 17:55:41,4624,2,3622,An account was successfully logged on. Subject: Security ID: S-1-5-21-1234567890 Account Name: Administrator Account Domain: CORP Logon Type: 3.,0,Benign
2026-02-28 14:59:38,4625,7,3874,An account failed to log on. Logon Type: 10 Remote Desktop Services.,0,Benign
2026-02-26 08:17:58,4648,5,9572,A logon was attempted using explicit credentials. Target Server: DC01 Target User: backup_svc.,0,Benign
2026-02-24 10:01:48,4624,11,6400,An account was successfully logged on. Subject: Security ID: S-1-5-21-1234567890 Account Name: Administrator Account Domain: CORP Logon Type: 3.,0,Benign
2026-02-27 13:57:56,4624,7,4458,An account was successfully logged on. Subject: Security ID: S-1-5-21-1234567890 Account Name: Administrator Account Domain: CORP Logon Type: 3.,0,Benign
2026-02-23 22:58:14,4624,7,4852,An account was successfully logged on. Logon Type: 2 Interactive.,0,Benign
2026-03-01 15:59:22,4648,11,3143,A logon was attempted using explicit credentials. Process: C:\Windows\System32\runas.exe.,0,Benign
2026-02-28 12:15:52,4624,7,2784,An account was successfully logged on. Subject: Security ID: S-1-5-21-1234567890 Account Name: Administrator Account Domain: CORP Logon Type: 3.,0,Benign
2026-02-25 02:24:43,4625,5,2854,An account failed to log on. Failure Reason: Unknown user name or bad password. Status: 0xC000006D Sub Status: 0xC000006A.,0,Benign
2026-02-26 16:17:22,4624,7,5878,An account was successfully logged on. Subject: Security ID: S-1-5-18 Account Name: SYSTEM Account Domain: NT AUTHORITY Logon ID: 0x3E7 Logon Type: 5.,0,Benign
2026-02-23 10:00:04,4624,2,1074,An account was successfully logged on. New Logon: Account Name: jdoe Account Domain: CORP Logon ID: 0x1A2B3C.,0,Benign
2026-02-26 00:51:47,4624,9,2850,An account was successfully logged on. Subject: Security ID: S-1-5-21-1234567890 Account Name: Administrator Account Domain: CORP Logon Type: 3.,0,Benign
2026-02-25 17:15:17,4624,2,7496,An account was successfully logged on. Subject: Security ID: S-1-5-21-1234567890 Account Name: Administrator Account Domain: CORP Logon Type: 3.,0,Benign
2026-02-28 16:23:23,4648,10,8948,A logon was attempted using explicit credentials. Process: C:\Windows\System32\runas.exe.,0,Benign
2026-02-24 10:30:05,4624,2,3774,An account was successfully logged on. Logon Type: 2 Interactive.,0,Benign
2026-02-28 07:47:04,4634,12,2287,An account was logged off. Logon Type: 2 Interactive.,0,Benign
2026-02-26 18:28:38,4624,2,5890,An account was successfully logged on. Logon Type: 10 Remote Desktop Services.,0,Benign
2026-02-27 13:24:59,4672,7,7038,Special privileges assigned to new logon. Subject: Security ID: S-1-5-21-1234567890 Account Name: Administrator Privileges: SeDebugPrivilege.,0,Benign
2026-02-23 12:07:31,4732,2,8535,A member was added to a security-enabled local group. Member Name: tempuser Group Name: Administrators.,0,Benign
2026-02-24 06:54:55,4688,10,3268,A new process has been created. New Process Name: C:\Windows\System32\notepad.exe.,0,Benign
2026-02-26 18:37:53,4624,5,4921,An account was successfully logged on. Subject: Security ID: S-1-5-21-1234567890 Account Name: Administrator Account Domain: CORP Logon Type: 3.,0,Benign
2026-03-01 12:38:53,4624,9,2083,An account was successfully logged on. New Logon: Account Name: jdoe Account Domain: CORP Logon ID: 0x1A2B3C.,0,Benign
2026-02-25 02:53:11,4648,12,8592,A logon was attempted using explicit credentials. Target Server: DC01 Target User: backup_svc.,0,Benign
2026-03-01 08:12:18,4624,12,746,An account was successfully logged on. New Logon: Account Name: jdoe Account Domain: CORP Logon ID: 0x1A2B3C.,0,Benign
2026-02-28 03:31:17,4624,9,2556,An account was successfully logged on. Subject: Security ID: S-1-5-18 Account Name: SYSTEM Account Domain: NT AUTHORITY Logon ID: 0x3E7 Logon Type: 5.,0,Benign
2026-02-23 00:39:11,4648,3,5561,A logon was attempted using explicit credentials. Target Server: localhost Target User: admin.,0,Benign
2026-03-01 16:18:36,4688,9,6006,A new process has been created. New Process Name: C:\Windows\System32\taskhostw.exe.,0,Benign
2026-03-01 08:19:03,4624,10,4522,An account was successfully logged on. Subject: Security ID: S-1-5-21-1234567890 Account Name: Administrator Account Domain: CORP Logon Type: 3.,0,Benign
2026-02-25 17:18:36,4672,8,2513,Special privileges assigned to new logon. Account Name: SYSTEM Privileges: SeBackupPrivilege SeRestorePrivilege.,0,Benign
2026-02-25 12:40:43,4624,3,8863,An account was successfully logged on. Subject: Security ID: S-1-5-21-1234567890 Account Name: Administrator Account Domain: CORP Logon Type: 3.,0,Benign
2026-02-28 17:55:26,4625,8,9406,An account failed to log on. Failure Reason: Account locked out.,0,Benign
2026-02-27 15:05:16,4624,7,3473,An account was successfully logged on. Logon Type: 2 Interactive.,0,Benign
2026-02-28 15:57:59,4648,10,6417,A logon was attempted using explicit credentials. Target Server: DC01 Target User: backup_svc.,0,Benign
2026-02-25 10:37:28,4648,9,8452,A logon was attempted using explicit credentials. Target Server: localhost Target User: admin.,0,Benign
2026-02-24 10:18:58,4624,12,8084,An account was successfully logged on. Logon Type: 2 Interactive.,0,Benign
2026-02-25 09:58:22,4624,3,283,An account was successfully logged on. Subject: Security ID: S-1-5-18 Account Name: SYSTEM Account Domain: NT AUTHORITY Logon ID: 0x3E7 Logon Type: 5.,0,Benign
2026-03-01 10:07:26,4634,2,9117,An account was logged off. Logon Type: 2 Interactive.,0,Benign
2026-02-23 15:16:43,4624,11,8275,An account was successfully logged on. Subject: Security ID: S-1-5-18 Account Name: SYSTEM Account Domain: NT AUTHORITY Logon ID: 0x3E7 Logon Type: 5.,0,Benign
2026-02-27 15:43:52,4624,5,2166,An account was successfully logged on. New Logon: Account Name: jdoe Account Domain: CORP Logon ID: 0x1A2B3C.,0,Benign
2026-02-23 16:31:10,4625,3,925,An account failed to log on. Logon Type: 10 Remote Desktop Services.,0,Benign
2026-02-26 09:42:27,4648,9,966,A logon was attempted using explicit credentials. Process: C:\Windows\System32\runas.exe.,0,Benign
2026-02-27 12:55:11,4624,10,9553,An account was successfully logged on. New Logon: Account Name: jdoe Account Domain: CORP Logon ID: 0x1A2B3C.,0,Benign
2026-02-27 09:18:07,4624,2,3459,An account was successfully logged on. Logon Type: 2 Interactive.,0,Benign
2026-02-27 12:34:06,4688,2,7670,A new process has been created. New Process Name: C:\Windows\System32\cmd.exe Command Line: cmd.exe /c dir.,0,Benign
2026-03-01 11:06:26,4634,10,1147,An account was logged off. Logon Type: 2 Interactive.,0,Benign
2026-02-24 16:54:53,4624,11,5935,An account was successfully logged on. Logon Type: 10 Remote Desktop Services.,0,Benign
2026-02-25 13:23:09,4624,11,6992,An account was successfully logged on. Subject: Security ID: S-1-5-21-1234567890 Account Name: Administrator Account Domain: CORP Logon Type: 3.,0,Benign
2026-02-25 05:25:58,4624,5,3863,An account was successfully logged on. New Logon: Account Name: jdoe Account Domain: CORP Logon ID: 0x1A2B3C.,0,Benign
2026-03-01 11:57:38,4648,3,6487,A logon was attempted using explicit credentials. Process: C:\Windows\System32\runas.exe.,0,Benign
2026-03-01 17:10:38,4634,11,6332,An account was logged off. Logon Type: 3.,0,Benign
2026-02-27 15:48:18,4672,3,5661,Special privileges assigned to new logon. Account Name: SYSTEM Privileges: SeBackupPrivilege SeRestorePrivilege.,0,Benign
2026-03-01 13:00:28,4625,10,7974,An account failed to log on. Account Name: administrator Source Network Address: 192.168.1.50.,0,Benign
2026-02-26 08:23:21,4625,5,6949,An account failed to log on. Failure Reason: Unknown user name or bad password. Status: 0xC000006D Sub Status: 0xC000006A.,0,Benign
2026-02-24 10:06:52,4624,11,5261,An account was successfully logged on. Subject: Security ID: S-1-5-18 Account Name: SYSTEM Account Domain: NT AUTHORITY Logon ID: 0x3E7 Logon Type: 5.,0,Benign
2026-02-28 10:52:07,4624,5,7215,An account was successfully logged on. New Logon: Account Name: jdoe Account Domain: CORP Logon ID: 0x1A2B3C.,0,Benign
2026-02-24 15:52:35,4624,5,1299,An account was successfully logged on. Subject: Security ID: S-1-5-21-1234567890 Account Name: Administrator Account Domain: CORP Logon Type: 3.,0,Benign
2026-02-28 13:43:32,4624,2,8347,An account was successfully logged on. New Logon: Account Name: jdoe Account Domain: CORP Logon ID: 0x1A2B3C.,0,Benign
2026-02-27 17:56:39,4672,8,1152,Special privileges assigned to new logon. Subject: Security ID: S-1-5-21-1234567890 Account Name: Administrator Privileges: SeDebugPrivilege.,0,Benign
2026-03-01 15:13:03,4624,7,4487,An account was successfully logged on. Subject: Security ID: S-1-5-18 Account Name: SYSTEM Account Domain: NT AUTHORITY Logon ID: 0x3E7 Logon Type: 5.,0,Benign
2026-02-27 12:19:15,4624,7,3029,An account was successfully logged on. Subject: Security ID: S-1-5-21-1234567890 Account Name: Administrator Account Domain: CORP Logon Type: 3.,0,Benign
2026-02-28 12:22:45,4688,12,4300,A new process has been created. New Process Name: C:\Windows\System32\taskhostw.exe.,0,Benign
2026-02-25 13:21:09,4625,12,5978,An account failed to log on. Failure Reason: Account locked out.,0,Benign
2026-03-01 00:17:14,4688,5,9941,A new process has been created. New Process Name: C:\Windows\System32\taskhostw.exe.,0,Benign
2026-02-23 11:28:43,4634,2,685,An account was logged off. Subject: Security ID: S-1-5-21-1234567890 Account Name: jdoe.,0,Benign
2026-02-26 19:21:34,4634,7,1772,An account was logged off. Subject: Security ID: S-1-5-21-1234567890 Account Name: jdoe.,0,Benign
2026-02-25 14:39:02,4720,9,1741,A user account was created. New Account Name: tempuser New Account Domain: CORP.,0,Benign
2026-02-28 11:15:49,4688,10,2006,A new process has been created. New Process Name: C:\Windows\System32\cmd.exe Command Line: cmd.exe /c dir.,0,Benign
2026-02-24 16:30:39,4624,8,6210,An account was successfully logged on. Subject: Security ID: S-1-5-21-1234567890 Account Name: Administrator Account Domain: CORP Logon Type: 3.,0,Benign
2026-02-23 14:04:38,4720,7,2540,A user account was created. New Account Name: tempuser New Account Domain: CORP.,0,Benign
2026-03-01 08:39:49,4624,8,7141,An account was successfully logged on. Logon Type: 10 Remote Desktop Services.,0,Benign
2026-02-24 13:11:22,4624,7,4057,An account was successfully logged on. Logon Type: 10 Remote Desktop Services.,0,Benign
2026-02-28 16:32:07,4624,8,8964,An account was successfully logged on. Subject: Security ID: S-1-5-18 Account Name: SYSTEM Account Domain: NT AUTHORITY Logon ID: 0x3E7 Logon Type: 5.,0,Benign
2026-02-26 15:41:11,4625,2,3681,An account failed to log on. Failure Reason: Account locked out.,0,Benign
2026-02-27 14:51:17,4648,8,4891,A logon was attempted using explicit credentials. Target Server: DC01 Target User: backup_svc.,0,Benign
2026-02-24 10:21:41,4648,12,7599,A logon was attempted using explicit credentials. Process: C:\Windows\System32\runas.exe.,0,Benign
2026-02-23 14:44:19,4624,5,8381,An account was successfully logged on. Logon Type: 10 Remote Desktop Services.,0,Benign
2026-03-01 13:18:36,4672,7,8567,Special privileges assigned to new logon. Subject: Security ID: S-1-5-18 Privileges: SeAssignPrimaryTokenPrivilege SeTcbPrivilege SeSecurityPrivilege.,0,Benign
2026-02-26 16:53:17,4625,9,317,An account failed to log on. Logon Type: 10 Remote Desktop Services.,0,Benign
2026-02-26 12:57:39,4688,7,3590,A new process has been created. New Process Name: C:\Windows\System32\svchost.exe Creator Process Name: C:\Windows\System32\services.exe.,0,Benign
2026-02-24 11:37:05,4688,2,8615,A new process has been created. New Process Name: C:\Windows\System32\svchost.exe Creator Process Name: C:\Windows\System32\services.exe.,0,Benign
2026-02-25 16:43:31,4688,5,575,A new process has been created. New Process Name: C:\Windows\System32\cmd.exe Command Line: cmd.exe /c dir.,0,Benign
2026-03-01 13:16:57,4625,8,601,An account failed to log on. Subject: Security ID: S-1-0-0 Account Name: - Account Domain: - Logon Type: 3.,0,Benign
2026-02-27 14:37:22,4634,12,1004,An account was logged off. Logon Type: 3.,0,Benign
2026-02-24 07:18:07,4688,3,7950,A new process has been created. New Process Name: C:\Windows\System32\cmd.exe Command Line: cmd.exe /c dir.,0,Benign
2026-02-24 16:57:32,4624,10,1541,An account was successfully logged on. Subject: Security ID: S-1-5-18 Account Name: SYSTEM Account Domain: NT AUTHORITY Logon ID: 0x3E7 Logon Type: 5.,0,Benign
2026-02-24 15:30:07,4648,3,8752,A logon was attempted using explicit credentials. Target Server: localhost Target User: admin.,0,Benign
2026-02-28 13:56:02,4625,2,2011,An account failed to log on. Account Name: administrator Source Network Address: 192.168.1.50.,0,Benign
2026-02-25 10:55:05,4625,3,5615,An account failed to log on. Failure Reason: Account locked out.,0,Benign
2026-03-01 12:04:32,4634,10,869,An account was logged off. Logon Type: 2 Interactive.,0,Benign
2026-02-26 17:59:33,4634,5,3053,An account was logged off. Logon Type: 2 Interactive.,1,Benign
2026-02-23 15:25:44,4624,7,840,An account was successfully logged on. Subject: Security ID: S-1-5-21-1234567890 Account Name: Administrator Account Domain: CORP Logon Type: 3.,0,Benign
2026-02-25 17:54:31,4648,9,8993,A logon was attempted using explicit credentials. Target Server: localhost Target User: admin.,0,Benign
2026-03-01 17:16:07,4624,12,6083,An account was successfully logged on. Subject: Security ID: S-1-5-18 Account Name: SYSTEM Account Domain: NT AUTHORITY Logon ID: 0x3E7 Logon Type: 5.,0,Benign
2026-02-23 16:14:09,4688,12,9817,A new process has been created. New Process Name: C:\Windows\System32\taskhostw.exe.,0,Benign
2026-02-24 03:09:20,4624,3,579,An account was successfully logged on. Subject: Security ID: S-1-5-18 Account Name: SYSTEM Account Domain: NT AUTHORITY Logon ID: 0x3E7 Logon Type: 5.,0,Benign
2026-02-24 14:08:47,4634,12,5655,An account was logged off. Logon Type: 2 Interactive.,0,Benign
2026-02-23 08:09:26,4625,2,5647,An account failed to log on. Failure Reason: Account locked out.,0,Benign
2026-02-26 02:39:41,4672,3,9743,Special privileges assigned to new logon. Account Name: SYSTEM Privileges: SeBackupPrivilege SeRestorePrivilege.,0,Benign
2026-02-25 15:06:09,4634,10,7223,An account was logged off. Subject: Security ID: S-1-5-21-1234567890 Account Name: jdoe.,0,Benign
2026-02-25 03:38:11,4624,2,173,An account was successfully logged on. Subject: Security ID: S-1-5-18 Account Name: SYSTEM Account Domain: NT AUTHORITY Logon ID: 0x3E7 Logon Type: 5.,0,Benign
2026-02-26 10:57:30,4634,2,6207,An account was logged off. Subject: Security ID: S-1-5-21-1234567890 Account Name: jdoe.,0,Benign
2026-02-27 14:02:39,4624,9,2078,An account was successfully logged on. Logon Type: 10 Remote Desktop Services.,0,Benign
2026-02-23 22:07:54,4648,2,5732,A logon was attempted using explicit credentials. Target Server: localhost Target User: admin.,0,Benign
2026-02-28 22:28:13,4625,2,9685,An account failed to log on. Account Name: administrator Source Network Address: 192.168.1.50.,0,Benign
2026-02-23 12:11:54,4624,3,5206,An account was successfully logged on. Subject: Security ID: S-1-5-21-1234567890 Account Name: Administrator Account Domain: CORP Logon Type: 3.,0,Benign
2026-02-23 15:24:47,4688,5,5575,A new process has been created. New Process Name: C:\Windows\System32\cmd.exe Command Line: cmd.exe /c dir.,0,Benign
2026-02-28 17:12:18,4624,2,9990,An account was successfully logged on. New Logon: Account Name: jdoe Account Domain: CORP Logon ID: 0x1A2B3C.,0,Benign
2026-02-25 15:18:51,4634,2,5820,An account was logged off. Logon Type: 3.,0,Benign
2026-03-01 09:15:40,4624,3,2642,An account was successfully logged on. Subject: Security ID: S-1-5-18 Account Name: SYSTEM Account Domain: NT AUTHORITY Logon ID: 0x3E7 Logon Type: 5.,0,Benign
2026-03-01 09:32:33,4624,3,9528,An account was successfully logged on. Subject: Security ID: S-1-5-18 Account Name: SYSTEM Account Domain: NT AUTHORITY Logon ID: 0x3E7 Logon Type: 5.,0,Benign
2026-02-23 15:38:36,4625,8,5280,An account failed to log on. Failure Reason: Account locked out.,0,Benign
2026-02-24 08:06:23,4634,8,5418,An account was logged off. Logon Type: 3.,0,Benign
2026-02-26 02:13:59,4634,5,4231,An account was logged off. Logon Type: 3.,0,Benign
2026-02-23 19:55:06,4624,2,8231,An account was successfully logged on. Logon Type: 3 New Logon: admin.,1,T1046
2026-03-01 13:57:17,4732,10,8988,A member was added to a security-enabled local group. Member Name: jdoe Group Name: Remote Desktop Users.,0,Benign
2026-02-27 13:35:34,4624,10,6821,An account was successfully logged on. Logon Type: 10 Remote Desktop Services.,0,Benign
2026-03-01 08:02:08,4625,11,9240,An account failed to log on. Failure Reason: Account locked out.,0,Benign
2026-02-23 13:35:10,4648,11,3903,A logon was attempted using explicit credentials. Target Server: localhost Target User: admin.,0,Benign
2026-02-27 14:37:38,4624,9,3418,An account was successfully logged on. Logon Type: 10 Remote Desktop Services.,0,Benign
2026-03-01 13:06:04,4625,7,9531,An account failed to log on. Logon Type: 10 Remote Desktop Services.,0,Benign
2026-02-28 02:25:21,4624,9,3239,An account was successfully logged on. New Logon: Account Name: jdoe Account Domain: CORP Logon ID: 0x1A2B3C.,0,Benign
2026-02-23 10:20:05,4732,3,3471,A member was added to a security-enabled local group. Member Name: svc_backup Group Name: Backup Operators.,0,Benign
2026-02-27 06:14:40,4688,10,8126,A new process has been created. New Process Name: C:\Windows\System32\notepad.exe.,0,Benign
2026-03-01 13:56:06,4634,3,3678,An account was logged off. Logon Type: 3.,0,Benign
2026-02-24 11:10:39,4634,2,1198,An account was logged off. Subject: Security ID: S-1-5-21-1234567890 Account Name: jdoe.,0,Benign
2026-02-23 10:10:36,4624,8,8760,An account was successfully logged on. Subject: Security ID: S-1-5-18 Account Name: SYSTEM Account Domain: NT AUTHORITY Logon ID: 0x3E7 Logon Type: 5.,0,Benign
2026-03-01 05:51:55,4688,12,4720,A new process has been created. New Process Name: C:\Program Files\Google\Chrome\chrome.exe Command Line: chrome.exe --type=renderer.,0,Benign
2026-02-25 17:00:11,4624,2,3142,An account was successfully logged on. Subject: Security ID: S-1-5-18 Account Name: SYSTEM Account Domain: NT AUTHORITY Logon ID: 0x3E7 Logon Type: 5.,0,Benign
2026-02-27 08:17:09,4624,12,2967,An account was successfully logged on. New Logon: Account Name: jdoe Account Domain: CORP Logon ID: 0x1A2B3C.,0,Benign
2026-02-27 00:34:04,4648,10,4095,A logon was attempted using explicit credentials. Target Server: localhost Target User: admin.,0,Benign
2026-03-01 08:08:23,4625,12,3028,An account failed to log on. Subject: Security ID: S-1-0-0 Account Name: - Account Domain: - Logon Type: 3.,0,Benign
2026-02-26 12:01:22,4625,12,1140,An account failed to log on. Account Name: administrator Source Network Address: 192.168.1.50.,0,Benign
2026-02-23 09:06:11,4625,10,1380,An account failed to log on. Logon Type: 10 Remote Desktop Services.,0,Benign
2026-02-28 16:09:47,4624,3,3582,An account was successfully logged on. Subject: Security ID: S-1-5-18 Account Name: SYSTEM Account Domain: NT AUTHORITY Logon ID: 0x3E7 Logon Type: 5.,0,Benign
2026-02-27 13:55:23,4624,3,5419,An account was successfully logged on. Logon Type: 10 Remote Desktop Services.,0,Benign
2026-02-28 01:34:25,4688,10,3033,A new process has been created. New Process Name: C:\Windows\System32\svchost.exe Creator Process Name: C:\Windows\System32\services.exe.,0,Benign
2026-02-24 11:44:53,4648,5,7235,A logon was attempted using explicit credentials. Target Server: localhost Target User: admin.,0,Benign
2026-02-25 08:51:01,4688,11,1386,A new process has been created. New Process Name: C:\Windows\System32\cmd.exe Command Line: cmd.exe /c dir.,0,Benign
2026-02-28 15:33:23,4625,9,6263,An account failed to log on. Failure Reason: Account locked out.,0,Benign
2026-02-26 15:52:39,4624,10,1888,An account was successfully logged on. Subject: Security ID: S-1-5-21-1234567890 Account Name: Administrator Account Domain: CORP Logon Type: 3.,0,Benign
2026-02-23 16:02:21,4648,8,2185,A logon was attempted using explicit credentials. Process: C:\Windows\System32\runas.exe.,0,Benign
2026-02-25 09:19:07,4624,5,1745,An account was successfully logged on. Subject: Security ID: S-1-5-21-1234567890 Account Name: Administrator Account Domain: CORP Logon Type: 3.,0,Benign
2026-02-25 09:44:09,4624,11,6243,An account was successfully logged on. New Logon: Account Name: jdoe Account Domain: CORP Logon ID: 0x1A2B3C.,0,Benign
2026-02-24 16:39:09,4624,10,4367,An account was successfully logged on. Logon Type: 2 Interactive.,0,Benign
2026-02-26 14:58:45,4672,2,9328,Special privileges assigned to new logon. Subject: Security ID: S-1-5-18 Privileges: SeAssignPrimaryTokenPrivilege SeTcbPrivilege SeSecurityPrivilege.,0,Benign
2026-02-23 11:34:04,4648,12,7922,A logon was attempted using explicit credentials. Process: C:\Windows\System32\runas.exe.,0,Benign
2026-02-25 08:12:49,4625,9,3610,An account failed to log on. Failure Reason: Account locked out.,0,Benign
2026-02-25 15:12:07,4625,7,515,An account failed to log on. Account Name: administrator Source Network Address: 192.168.1.50.,0,Benign
2026-02-23 14:04:41,4720,2,3970,A user account was created. New Account Name: tempuser New Account Domain: CORP.,0,Benign
2026-02-23 17:40:04,4624,2,5745,An account was successfully logged on. Logon Type: 10 Remote Desktop Services.,0,Benign
2026-02-28 13:31:12,4648,3,875,A logon was attempted using explicit credentials. Target Server: DC01 Target User: backup_svc.,0,Benign
2026-02-27 14:38:23,4624,5,5033,An account was successfully logged on. Subject: Security ID: S-1-5-18 Account Name: SYSTEM Account Domain: NT AUTHORITY Logon ID: 0x3E7 Logon Type: 5.,0,Benign
2026-02-23 09:14:43,4672,7,8169,Special privileges assigned to new logon. Subject: Security ID: S-1-5-18 Privileges: SeAssignPrimaryTokenPrivilege SeTcbPrivilege SeSecurityPrivilege.,0,Benign
2026-02-27 13:04:20,4625,7,7495,An account failed to log on. Failure Reason: Unknown user name or bad password. Status: 0xC000006D Sub Status: 0xC000006A.,0,Benign
2026-02-28 13:26:39,4625,12,7538,An account failed to log on. Failure Reason: Account locked out.,0,Benign
2026-02-24 09:05:45,4688,5,1191,A new process has been created. New Process Name: C:\Windows\System32\svchost.exe Creator Process Name: C:\Windows\System32\services.exe.,0,Benign
2026-02-28 16:11:56,4624,12,119,An account was successfully logged on. Logon Type: 2 Interactive.,0,Benign
2026-02-25 16:58:00,4624,8,400,An account was successfully logged on. Logon Type: 2 Interactive.,0,Benign
2026-02-24 14:44:49,4624,2,473,An account was successfully logged on. New Logon: Account Name: jdoe Account Domain: CORP Logon ID: 0x1A2B3C.,0,Benign
2026-02-26 08:30:29,4625,11,6480,An account failed to log on. Account Name: administrator Source Network Address: 192.168.1.50.,0,Benign
2026-03-01 14:31:07,4732,12,8848,A member was added to a security-enabled local group. Member Name: jdoe Group Name: Remote Desktop Users.,0,Benign
2026-02-26 17:17:22,4634,11,4181,An account was logged off. Logon Type: 3.,0,Benign
2026-02-28 10:54:26,4624,5,5351,An account was successfully logged on. Subject: Security ID: S-1-5-18 Account Name: SYSTEM Account Domain: NT AUTHORITY Logon ID: 0x3E7 Logon Type: 5.,0,Benign
2026-02-26 15:34:22,4732,3,8577,A member was added to a security-enabled local group. Member Name: svc_backup Group Name: Backup Operators.,0,Benign
2026-02-25 11:12:11,4634,7,4316,An account was logged off. Subject: Security ID: S-1-5-21-1234567890 Account Name: jdoe.,0,Benign
2026-02-27 12:39:20,4624,7,7503,An account was successfully logged on. New Logon: Account Name: jdoe Account Domain: CORP Logon ID: 0x1A2B3C.,0,Benign
2026-02-27 08:13:38,4624,8,3355,An account was successfully logged on. Subject: Security ID: S-1-5-21-1234567890 Account Name: Administrator Account Domain: CORP Logon Type: 3.,0,Benign
2026-02-23 08:42:49,4625,9,6306,An account failed to log on. Account Name: administrator Source Network Address: 192.168.1.50.,0,Benign
2026-02-26 08:24:34,4624,11,8819,An account was successfully logged on. Logon Type: 2 Interactive.,0,Benign
2026-02-28 14:44:36,4624,10,4815,An account was successfully logged on. Logon Type: 2 Interactive.,0,Benign
2026-02-25 19:19:23,4624,2,9241,An account was successfully logged on. Subject: Security ID: S-1-5-21-1234567890 Account Name: Administrator Account Domain: CORP Logon Type: 3.,0,Benign
2026-03-01 11:52:44,4648,8,7199,A logon was attempted using explicit credentials. Target Server: DC01 Target User: backup_svc.,0,Benign
2026-02-23 23:18:07,4688,3,3325,A new process has been created. New Process Name: C:\Windows\System32\taskhostw.exe.,0,Benign
2026-02-27 10:49:42,4625,10,9094,An account failed to log on. Account Name: administrator Source Network Address: 192.168.1.50.,0,Benign
2026-02-26 11:06:31,4624,2,7224,An account was successfully logged on. Logon Type: 2 Interactive.,0,Benign
2026-02-28 13:41:29,4624,12,4774,An account was successfully logged on. Logon Type: 2 Interactive.,0,Benign
2026-02-24 10:38:37,4624,11,390,An account was successfully logged on. Subject: Security ID: S-1-5-21-1234567890 Account Name: Administrator Account Domain: CORP Logon Type: 3.,0,Benign
2026-02-24 12:59:47,4634,11,5615,An account was logged off. Subject: Security ID: S-1-5-21-1234567890 Account Name: jdoe.,0,Benign
2026-03-01 04:45:43,4624,5,3767,An account was successfully logged on. New Logon: Account Name: jdoe Account Domain: CORP Logon ID: 0x1A2B3C.,0,Benign
2026-02-26 17:44:10,4624,11,4948,An account was successfully logged on. New Logon: Account Name: jdoe Account Domain: CORP Logon ID: 0x1A2B3C.,0,Benign
2026-02-28 10:28:55,4634,3,5121,An account was logged off. Subject: Security ID: S-1-5-21-1234567890 Account Name: jdoe.,0,Benign
2026-02-26 12:12:58,4688,11,7494,A new process has been created. New Process Name: C:\Windows\System32\cmd.exe Command Line: cmd.exe /c dir.,0,Benign
2026-03-01 00:13:08,4648,12,4994,A logon was attempted using explicit credentials. Process: C:\Windows\System32\runas.exe.,0,Benign
2026-03-01 07:00:10,4624,11,6074,An account was successfully logged on. Logon Type: 2 Interactive.,0,Benign
2026-02-28 14:34:12,4688,5,9048,A new process has been created. New Process Name: C:\Program Files\Google\Chrome\chrome.exe Command Line: chrome.exe --type=renderer.,0,Benign
2026-02-26 11:10:00,4624,5,6881,An account was successfully logged on. Logon Type: 2 Interactive.,0,Benign
2026-02-26 12:36:48,4625,8,9038,An account failed to log on. Failure Reason: Account locked out.,0,Benign
2026-02-25 11:22:56,4688,7,1395,A new process has been created. New Process Name: C:\Windows\System32\taskhostw.exe.,0,Benign
2026-02-27 11:32:12,4688,2,749,A new process has been created. New Process Name: C:\Program Files\Google\Chrome\chrome.exe Command Line: chrome.exe --type=renderer.,0,Benign
2026-02-27 17:53:23,4624,7,5381,An account was successfully logged on. New Logon: Account Name: jdoe Account Domain: CORP Logon ID: 0x1A2B3C.,0,Benign
2026-02-27 12:52:19,4732,12,5644,A member was added to a security-enabled local group. Member Name: jdoe Group Name: Remote Desktop Users.,0,Benign
2026-02-26 09:16:05,4634,2,1554,An account was logged off. Logon Type: 3.,0,Benign
2026-03-01 15:07:31,4634,3,7135,An account was logged off. Subject: Security ID: S-1-5-21-1234567890 Account Name: jdoe.,0,Benign
2026-02-28 07:13:19,4624,2,7452,An account was successfully logged on. Subject: Security ID: S-1-5-21-1234567890 Account Name: Administrator Account Domain: CORP Logon Type: 3.,0,Benign
2026-02-27 15:49:14,4648,12,7688,A logon was attempted using explicit credentials. Target Server: DC01 Target User: backup_svc.,0,Benign
2026-03-01 16:35:12,4688,8,5962,A new process has been created. New Process Name: C:\Program Files\Google\Chrome\chrome.exe Command Line: chrome.exe --type=renderer.,0,Benign
2026-02-27 08:36:17,4688,9,6313,A new process has been created. New Process Name: C:\Program Files\Google\Chrome\chrome.exe Command Line: chrome.exe --type=renderer.,0,Benign
2026-02-24 17:32:47,4688,11,7854,A new process has been created. New Process Name: C:\Windows\System32\cmd.exe Command Line: cmd.exe /c dir.,0,Benign
2026-02-23 15:18:17,4624,8,9834,An account was successfully logged on. Logon Type: 10 Remote Desktop Services.,0,Benign
2026-02-23 15:37:54,4634,5,7167,An account was logged off. Subject: Security ID: S-1-5-21-1234567890 Account Name: jdoe.,0,Benign
2026-02-24 01:23:36,4688,9,6009,A new process has been created. New Process Name: C:\Windows\System32\cmd.exe Command Line: cmd.exe /c dir.,0,Benign
2026-03-01 12:24:45,4624,8,8323,An account was successfully logged on. Subject: Security ID: S-1-5-18 Account Name: SYSTEM Account Domain: NT AUTHORITY Logon ID: 0x3E7 Logon Type: 5.,0,Benign
2026-02-27 04:19:28,4624,2,6214,An account was successfully logged on. New Logon: Account Name: jdoe Account Domain: CORP Logon ID: 0x1A2B3C.,0,Benign
2026-02-28 08:10:20,4720,3,7874,A user account was created. New Account Name: svc_backup New Account Domain: CORP.,0,Benign
2026-02-25 07:21:27,4624,7,158,An account was successfully logged on. New Logon: Account Name: jdoe Account Domain: CORP Logon ID: 0x1A2B3C.,0,Benign
2026-02-24 11:43:40,4688,8,6338,A new process has been created. New Process Name: C:\Windows\System32\svchost.exe Creator Process Name: C:\Windows\System32\services.exe.,0,Benign
2026-02-27 10:56:19,4624,2,3747,An account was successfully logged on. Subject: Security ID: S-1-5-18 Account Name: SYSTEM Account Domain: NT AUTHORITY Logon ID: 0x3E7 Logon Type: 5.,0,Benign
2026-02-26 17:47:00,4688,3,2317,A new process has been created. New Process Name: C:\Windows\System32\svchost.exe Creator Process Name: C:\Windows\System32\services.exe.,0,Benign
2026-02-27 14:49:13,4624,8,4998,An account was successfully logged on. New Logon: Account Name: jdoe Account Domain: CORP Logon ID: 0x1A2B3C.,0,Benign
2026-02-27 12:24:11,4720,11,5442,A user account was created. New Account Name: test_account.,0,Benign
2026-03-01 12:00:06,4625,7,4563,An account failed to log on. Logon Type: 10 Remote Desktop Services.,0,Benign
2026-03-01 16:06:04,4624,2,9941,An account was successfully logged on. Subject: Security ID: S-1-5-18 Account Name: SYSTEM Account Domain: NT AUTHORITY Logon ID: 0x3E7 Logon Type: 5.,0,Benign
2026-02-28 08:59:28,4688,11,1042,A new process has been created. New Process Name: C:\Windows\System32\cmd.exe Command Line: cmd.exe /c dir.,0,Benign
2026-03-01 08:00:11,4688,7,6505,A new process has been created. New Process Name: C:\Program Files\Google\Chrome\chrome.exe Command Line: chrome.exe --type=renderer.,0,Benign
2026-02-25 10:39:06,4624,9,2473,An account was successfully logged on. Logon Type: 2 Interactive.,0,Benign
2026-02-23 01:38:04,4624,2,4423,An account was successfully logged on. Logon Type: 2 Interactive.,0,Benign
2026-02-27 13:38:13,4688,3,4077,A new process has been created. New Process Name: C:\Windows\System32\cmd.exe Command Line: cmd.exe /c dir.,0,Benign
2026-03-01 11:37:03,4624,9,1144,An account was successfully logged on. Logon Type: 2 Interactive.,0,Benign
2026-02-28 15:55:05,4624,12,5818,An account was successfully logged on. Logon Type: 10 Remote Desktop Services.,0,Benign
2026-02-28 15:05:51,4672,10,6244,Special privileges assigned to new logon. Subject: Security ID: S-1-5-18 Privileges: SeAssignPrimaryTokenPrivilege SeTcbPrivilege SeSecurityPrivilege.,0,Benign
2026-02-23 10:21:05,4732,12,4081,A member was added to a security-enabled local group. Member Name: tempuser Group Name: Administrators.,0,Benign
2026-02-23 17:03:08,4625,9,8851,An account failed to log on. Subject: Security ID: S-1-0-0 Account Name: - Account Domain: - Logon Type: 3.,0,Benign
2026-02-24 14:23:23,4624,8,5751,An account was successfully logged on. Logon Type: 10 Remote Desktop Services.,0,Benign
2026-02-26 16:12:32,4634,10,6544,An account was logged off. Logon Type: 2 Interactive.,0,Benign
2026-02-28 17:55:06,4624,3,1391,An account was successfully logged on. New Logon: Account Name: jdoe Account Domain: CORP Logon ID: 0x1A2B3C.,0,Benign
2026-02-23 12:07:17,4648,12,9086,A logon was attempted using explicit credentials. Process: C:\Windows\System32\runas.exe.,0,Benign
2026-02-23 08:18:14,4624,3,2179,An account was successfully logged on. Subject: Security ID: S-1-5-21-1234567890 Account Name: Administrator Account Domain: CORP Logon Type: 3.,0,Benign
2026-03-01 23:40:12,4648,5,1327,A logon was attempted using explicit credentials. Target Server: localhost Target User: admin.,0,Benign
2026-02-28 15:14:07,4625,10,7322,An account failed to log on. Failure Reason: Account locked out.,0,Benign
2026-02-26 14:12:53,4624,11,6120,An account was successfully logged on. Subject: Security ID: S-1-5-21-1234567890 Account Name: Administrator Account Domain: CORP Logon Type: 3.,0,Benign
2026-03-01 19:37:24,4624,9,483,An account was successfully logged on. Subject: Security ID: S-1-5-21-1234567890 Account Name: Administrator Account Domain: CORP Logon Type: 3.,0,Benign
2026-02-25 10:53:19,4688,3,7505,A new process has been created. New Process Name: C:\Windows\System32\notepad.exe.,0,Benign
2026-02-25 17:30:02,4624,9,4799,An account was successfully logged on. Subject: Security ID: S-1-5-21-1234567890 Account Name: Administrator Account Domain: CORP Logon Type: 3.,0,Benign
2026-02-24 17:18:48,4648,12,1536,A logon was attempted using explicit credentials. Target Server: localhost Target User: admin.,0,Benign
2026-02-25 14:49:29,4634,2,8700,An account was logged off. Logon Type: 3.,0,Benign
2026-03-01 13:01:09,4624,7,281,An account was successfully logged on. Subject: Security ID: S-1-5-21-1234567890 Account Name: Administrator Account Domain: CORP Logon Type: 3.,0,Benign
2026-02-27 05:58:23,4625,11,1702,An account failed to log on. Account Name: administrator Source Network Address: 192.168.1.50.,0,Benign
2026-02-26 15:52:28,4648,7,1584,A logon was attempted using explicit credentials. Target Server: localhost Target User: admin.,0,Benign
2026-02-24 10:52:30,4625,12,5441,An account failed to log on. Failure Reason: Unknown user name or bad password. Status: 0xC000006D Sub Status: 0xC000006A.,0,Benign
2026-02-27 17:23:42,4624,8,188,An account was successfully logged on. New Logon: Account Name: jdoe Account Domain: CORP Logon ID: 0x1A2B3C.,0,Benign
2026-02-27 16:21:12,4624,2,2758,An account was successfully logged on. Subject: Security ID: S-1-5-21-1234567890 Account Name: Administrator Account Domain: CORP Logon Type: 3.,0,Benign
2026-02-28 19:38:47,4624,12,7510,An account was successfully logged on. New Logon: Account Name: jdoe Account Domain: CORP Logon ID: 0x1A2B3C.,0,Benign
2026-02-24 14:25:03,4720,10,2998,A user account was created. New Account Name: tempuser New Account Domain: CORP.,0,Benign
2026-02-23 10:16:19,4625,12,7121,An account failed to log on. Logon Type: 10 Remote Desktop Services.,0,Benign
2026-02-23 08:28:15,4648,2,6447,A logon was attempted using explicit credentials. Target Server: DC01 Target User: backup_svc.,0,Benign
2026-02-25 10:20:36,4672,9,6385,Special privileges assigned to new logon. Subject: Security ID: S-1-5-18 Privileges: SeAssignPrimaryTokenPrivilege SeTcbPrivilege SeSecurityPrivilege.,0,Benign
2026-02-25 09:01:16,4720,8,3695,A user account was created. New Account Name: tempuser New Account Domain: CORP.,0,Benign
2026-02-24 03:27:45,4624,10,6256,An account was successfully logged on. Subject: Security ID: S-1-5-18 Account Name: SYSTEM Account Domain: NT AUTHORITY Logon ID: 0x3E7 Logon Type: 5.,0,Benign
2026-02-28 11:24:21,4625,3,6641,An account failed to log on. Failure Reason: Account locked out.,0,Benign
2026-02-25 12:24:12,4648,11,8604,A logon was attempted using explicit credentials. Target Server: DC01 Target User: backup_svc.,0,Benign
2026-02-23 23:58:55,4624,8,3736,An account was successfully logged on. Logon Type: 2 Interactive.,0,Benign
2026-02-23 09:29:18,4648,10,3499,A logon was attempted using explicit credentials. Process: C:\Windows\System32\runas.exe.,0,Benign
2026-02-25 21:02:44,4688,7,4268,A new process has been created. New Process Name: C:\Windows\System32\notepad.exe.,0,Benign
2026-02-23 06:20:15,1100,3,7109,The event logging service has shut down. Reason: The log was cleared by user.,1,T1070
2026-02-25 17:36:38,1102,7,4449,The event logging service has shut down. Reason: The log was cleared by user.,1,T1070
2026-02-28 17:41:53,4688,9,9784,A new process has been created. New Process Name: C:\Windows\System32\wbem\WMIC.exe Command Line: wmic process call create calc.exe.,1,T1047
2026-02-23 18:32:11,4688,8,9571,A new process has been created. New Process Name: C:\Program Files\Google\Chrome\chrome.exe Command Line: chrome.exe --type=renderer.,0,Benign
2026-02-27 13:40:31,4648,7,2708,A logon was attempted using explicit credentials. Target Server: DC01 Target User: backup_svc.,0,Benign
2026-02-25 15:46:43,4648,10,8695,A logon was attempted using explicit credentials. Process: C:\Windows\System32\runas.exe.,0,Benign
2026-02-23 18:13:24,4625,10,3403,An account failed to log on. Failure Reason: Unknown user name or bad password. Status: 0xC000006D Sub Status: 0xC000006A.,0,Benign
2026-02-28 15:17:48,4625,10,7702,An account failed to log on. Failure Reason: Account locked out.,0,Benign
2026-02-24 09:05:52,4648,7,6808,A logon was attempted using explicit credentials. Process: C:\Windows\System32\runas.exe.,0,Benign
2026-02-24 11:49:16,4625,5,7198,An account failed to log on. Failure Reason: Account locked out.,0,Benign
2026-02-26 08:38:53,4625,5,5161,An account failed to log on. Subject: Security ID: S-1-0-0 Account Name: - Account Domain: - Logon Type: 3.,0,Benign
2026-02-28 06:32:39,4688,5,2790,A new process has been created. New Process Name: C:\Windows\System32\svchost.exe Creator Process Name: C:\Windows\System32\services.exe.,0,Benign
2026-02-25 15:59:02,4634,8,592,An account was logged off. Logon Type: 2 Interactive.,0,Benign
2026-03-01 10:57:50,4624,5,2517,An account was successfully logged on. Subject: Security ID: S-1-5-21-1234567890 Account Name: Administrator Account Domain: CORP Logon Type: 3.,0,Benign
2026-02-23 14:52:26,4688,11,1136,A new process has been created. New Process Name: C:\Program Files\Google\Chrome\chrome.exe Command Line: chrome.exe --type=renderer.,0,Benign
2026-02-25 04:59:54,4624,2,7705,An account was successfully logged on. Logon Type: 10 Remote Desktop Services.,0,Benign
2026-02-26 16:04:53,4672,8,2271,Special privileges assigned to new logon. Account Name: SYSTEM Privileges: SeBackupPrivilege SeRestorePrivilege.,0,Benign
2026-02-23 03:53:52,4672,12,7533,Special privileges assigned to new logon. Subject: Security ID: S-1-5-18 Privileges: SeAssignPrimaryTokenPrivilege SeTcbPrivilege SeSecurityPrivilege.,0,Benign
2026-02-27 13:14:57,4688,3,9492,A new process has been created. New Process Name: C:\Windows\System32\cmd.exe Command Line: cmd.exe /c dir.,0,Benign
2026-02-28 15:44:21,4688,7,5945,A new process has been created. New Process Name: C:\Program Files\Google\Chrome\chrome.exe Command Line: chrome.exe --type=renderer.,0,Benign
2026-03-01 17:50:43,4624,2,5820,An account was successfully logged on. New Logon: Account Name: jdoe Account Domain: CORP Logon ID: 0x1A2B3C.,0,Benign
2026-02-27 08:02:45,4720,3,9935,A user account was created. New Account Name: svc_backup New Account Domain: CORP.,0,Benign
2026-02-27 17:19:07,4672,5,7768,Special privileges assigned to new logon. Subject: Security ID: S-1-5-18 Privileges: SeAssignPrimaryTokenPrivilege SeTcbPrivilege SeSecurityPrivilege.,0,Benign
2026-02-25 12:32:35,4672,8,9800,Special privileges assigned to new logon. Subject: Security ID: S-1-5-18 Privileges: SeAssignPrimaryTokenPrivilege SeTcbPrivilege SeSecurityPrivilege.,0,Benign
2026-02-25 17:40:48,4625,9,1252,An account failed to log on. Logon Type: 10 Remote Desktop Services.,0,Benign
2026-03-01 12:54:24,4624,5,4645,An account was successfully logged on. Subject: Security ID: S-1-5-21-1234567890 Account Name: Administrator Account Domain: CORP Logon Type: 3.,0,Benign
2026-03-01 14:36:41,4624,3,9685,An account was successfully logged on. Logon Type: 2 Interactive.,0,Benign
2026-02-24 17:37:33,4624,5,7558,An account was successfully logged on. Logon Type: 2 Interactive.,0,Benign
2026-02-27 17:49:47,4672,8,3101,Special privileges assigned to new logon. Account Name: SYSTEM Privileges: SeBackupPrivilege SeRestorePrivilege.,0,Benign
2026-02-23 15:24:43,4625,10,3447,An account failed to log on. Subject: Security ID: S-1-0-0 Account Name: - Account Domain: - Logon Type: 3.,0,Benign
2026-02-26 14:38:49,4624,10,1856,An account was successfully logged on. Subject: Security ID: S-1-5-18 Account Name: SYSTEM Account Domain: NT AUTHORITY Logon ID: 0x3E7 Logon Type: 5.,0,Benign
2026-02-25 09:42:40,4624,2,6104,An account was successfully logged on. Logon Type: 2 Interactive.,0,Benign
2026-02-24 13:50:59,4624,5,6105,An account was successfully logged on. Subject: Security ID: S-1-5-21-1234567890 Account Name: Administrator Account Domain: CORP Logon Type: 3.,0,Benign
2026-02-26 11:36:46,4624,5,7977,An account was successfully logged on. Logon Type: 10 Remote Desktop Services.,0,Benign
2026-02-27 09:20:44,4672,9,637,Special privileges assigned to new logon. Account Name: SYSTEM Privileges: SeBackupPrivilege SeRestorePrivilege.,0,Benign
2026-02-28 17:07:42,4634,3,4523,An account was logged off. Subject: Security ID: S-1-5-21-1234567890 Account Name: jdoe.,1,Benign
2026-02-27 12:23:23,4624,12,1971,An account was successfully logged on. Logon Type: 2 Interactive.,0,Benign
2026-02-23 15:43:49,4624,2,5670,An account was successfully logged on. New Logon: Account Name: jdoe Account Domain: CORP Logon ID: 0x1A2B3C.,0,Benign
2026-02-26 15:40:45,4624,12,8663,An account was successfully logged on. Logon Type: 2 Interactive.,0,Benign
2026-02-27 10:01:36,4624,7,597,An account was successfully logged on. Logon Type: 2 Interactive.,0,Benign
2026-02-27 11:36:10,4625,9,7774,An account failed to log on. Logon Type: 10 Remote Desktop Services.,0,Benign
2026-03-01 22:51:35,4624,11,353,An account was successfully logged on. Subject: Security ID: S-1-5-21-1234567890 Account Name: Administrator Account Domain: CORP Logon Type: 3.,0,Benign
2026-03-01 15:16:00,4634,3,3169,An account was logged off. Logon Type: 3.,0,Benign
2026-02-26 13:38:49,4624,2,8063,An account was successfully logged on. Subject: Security ID: S-1-5-21-1234567890 Account Name: Administrator Account Domain: CORP Logon Type: 3.,0,Benign
2026-02-26 21:37:17,4624,10,4665,An account was successfully logged on. Subject: Security ID: S-1-5-18 Account Name: SYSTEM Account Domain: NT AUTHORITY Logon ID: 0x3E7 Logon Type: 5.,0,Benign
2026-02-28 11:08:25,4625,11,9205,An account failed to log on. Account Name: administrator Source Network Address: 192.168.1.50.,0,Benign
2026-02-28 16:46:32,4634,7,6802,An account was logged off. Logon Type: 2 Interactive.,0,Benign
2026-02-28 09:34:02,4688,12,6531,A new process has been created. New Process Name: C:\Windows\System32\cmd.exe Command Line: cmd.exe /c dir.,1,Benign
2026-02-26 15:34:56,4720,9,8156,A user account was created. New Account Name: test_account.,0,Benign
2026-02-28 13:51:45,4624,12,5371,An account was successfully logged on. Logon Type: 10 Remote Desktop Services.,0,Benign
2026-02-28 13:20:09,4634,3,5600,An account was logged off. Subject: Security ID: S-1-5-21-1234567890 Account Name: jdoe.,0,Benign
2026-02-23 10:43:17,4648,8,5733,A logon was attempted using explicit credentials. Target Server: localhost Target User: admin.,0,Benign
2026-02-24 08:16:22,4624,8,1153,An account was successfully logged on. Subject: Security ID: S-1-5-18 Account Name: SYSTEM Account Domain: NT AUTHORITY Logon ID: 0x3E7 Logon Type: 5.,0,Benign
2026-02-28 10:18:34,4624,8,4468,An account was successfully logged on. Logon Type: 10 Remote Desktop Services.,0,Benign
2026-02-24 14:28:26,4672,8,5383,Special privileges assigned to new logon. Account Name: SYSTEM Privileges: SeBackupPrivilege SeRestorePrivilege.,0,Benign
2026-03-01 17:59:22,4624,12,1518,An account was successfully logged on. New Logon: Account Name: jdoe Account Domain: CORP Logon ID: 0x1A2B3C.,0,Benign
2026-03-01 08:08:44,4624,10,2313,An account was successfully logged on. Logon Type: 2 Interactive.,0,Benign
2026-02-27 08:33:50,4688,7,404,A new process has been created. New Process Name: C:\Windows\System32\notepad.exe.,0,Benign
2026-02-24 12:42:52,4634,9,8887,An account was logged off. Logon Type: 3.,0,Benign
2026-02-28 03:37:06,4624,9,9175,An account was successfully logged on. Logon Type: 10 Remote Desktop Services.,0,Benign
2026-02-27 08:42:58,4624,2,3790,An account was successfully logged on. Logon Type: 2 Interactive.,0,Benign
2026-02-28 09:59:06,4624,2,7883,An account was successfully logged on. New Logon: Account Name: jdoe Account Domain: CORP Logon ID: 0x1A2B3C.,0,Benign
2026-03-01 10:17:21,4624,3,7193,An account was successfully logged on. Subject: Security ID: S-1-5-18 Account Name: SYSTEM Account Domain: NT AUTHORITY Logon ID: 0x3E7 Logon Type: 5.,0,Benign
2026-02-23 09:55:12,4625,3,3640,An account failed to log on. Failure Reason: Account locked out.,0,Benign
2026-02-24 23:01:45,4624,8,6694,An account was successfully logged on. New Logon: Account Name: jdoe Account Domain: CORP Logon ID: 0x1A2B3C.,0,Benign
2026-02-24 16:02:19,4625,9,6046,An account failed to log on. Account Name: administrator Source Network Address: 192.168.1.50.,0,Benign
2026-02-26 15:38:57,4624,5,8515,An account was successfully logged on. Logon Type: 10 Remote Desktop Services.,0,Benign
2026-02-25 10:08:02,4720,8,4293,A user account was created. New Account Name: tempuser New Account Domain: CORP.,0,Benign
2026-02-26 08:46:39,4634,5,8729,An account was logged off. Logon Type: 3.,0,Benign
2026-02-28 08:35:49,4688,2,2807,A new process has been created. New Process Name: C:\Windows\System32\taskhostw.exe.,0,Benign
2026-02-23 15:19:09,4648,7,7047,A logon was attempted using explicit credentials. Target Server: localhost Target User: admin.,0,Benign
2026-02-23 02:54:16,4624,8,1097,An account was successfully logged on. Logon Type: 2 Interactive.,0,Benign
2026-03-01 15:58:30,4624,3,2295,An account was successfully logged on. Subject: Security ID: S-1-5-21-1234567890 Account Name: Administrator Account Domain: CORP Logon Type: 3.,0,Benign
