2026-02-27 10:16:23,4672,2,1343,Special privileges assigned to new logon. Subject: Security ID: S-1-5-18 Privileges: SeAssignPrimaryTokenPrivilege SeTcbPrivilege SeSecurityPrivilege.,0,Benign
2026-03-01 10:38:54,4625,11,2078,An account failed to log on. Failure Reason: Unknown user name or bad password. Status: 0xC000006D Sub Status: 0xC000006A.,0,Benign
2026-02-25 16:01:02,4720,10,3184,A user account was created. New Account Name: svc_backup New Account Domain: CORP.,0,Benign
2026-02-28 14:05:46,4688,3,4440,A new process has been created. New Process Name: C:\Windows\System32\notepad.exe.,0,Benign
2026-02-24 14:22:57,4625,11,6278,An account failed to log on. Failure Reason: Unknown user name or bad password. Status: 0xC000006D Sub Status: 0xC000006A.,0,Benign
2026-02-25 02:13:02,4634,10,1196,An account was logged off. Logon Type: 2 Interactive.,0,Benign
2026-02-23 15:59:34,4624,10,7640,An account was successfully logged on. New Logon: Account Name: jdoe Account Domain: CORP Logon ID: 0x1A2B3C.,0,Benign
2026-02-24 12:52:11,4634,10,3738,An account was logged off. Subject: Security ID: S-1-5-21-1234567890 Account Name: jdoe.,0,Benign
2026-02-28 11:18:32,4624,3,6406,An account was successfully logged on. Subject: Security ID: S-1-5-21-1234567890 Account Name: Administrator Account Domain: CORP Logon Type: 3.,0,Benign
2026-02-26 03:19:44,4625,8,8630,An account failed to log on. Failure Reason: Account locked out.,0,Benign
2026-02-25 15:35:15,4648,11,1623,A logon was attempted using explicit credentials. Target Server: localhost Target User: admin.,0,Benign
2026-02-28 15:51:00,4688,3,3078,A new process has been created. New Process Name: C:\Windows\System32\cmd.exe Command Line: cmd.exe /c dir.,0,Benign
2026-03-01 00:25:37,4624,8,8218,An account was successfully logged on. Subject: Security ID: S-1-5-18 Account Name: SYSTEM Account Domain: NT AUTHORITY Logon ID: 0x3E7 Logon Type: 5.,0,Benign
2026-02-24 15:16:13,4624,7,332,An account was successfully logged on. Logon Type: 2 Interactive.,0,Benign
2026-02-25 23:41:45,4720,5,2443,A user account was created. New Account Name: backdoor New Account Domain: CORP.,1,T1078
2026-02-27 09:20:19,4624,8,1843,An account was successfully logged on. Logon Type: 2 Interactive.,0,Benign
2026-02-23 17:00:12,4624,7,1345,An account was successfully logged on. Logon Type: 2 Interactive.,0,Benign
2026-02-26 12:32:55,4672,5,4432,Special privileges assigned to new logon. Account Name: SYSTEM Privileges: SeBackupPrivilege SeRestorePrivilege.,0,Benign
2026-03-01 10:15:02,4634,3,2448,An account was logged off. Logon Type: 2 Interactive.,0,Benign
2026-03-01 12:07:52,4625,7,733,An account failed to log on. Account Name: administrator Source Network Address: 192.168.1.50.,0,Benign
2026-02-26 14:45:57,4624,7,9148,An account was successfully logged on. Subject: Security ID: S-1-5-21-1234567890 Account Name: Administrator Account Domain: CORP Logon Type: 3.,0,Benign
2026-02-23 09:23:11,4624,11,8601,An account was successfully logged on. Logon Type: 10 Remote Desktop Services.,0,Benign
2026-02-27 15:38:09,4625,11,6490,An account failed to log on. Account Name: administrator Source Network Address: 192.168.1.50.,0,Benign
2026-02-24 03:05:56,4624,8,557,An account was successfully logged on. New Logon: Account Name: jdoe Account Domain: CORP Logon ID: 0x1A2B3C.,0,Benign
2026-03-01 11:29:57,4648,2,5873,A logon was attempted using explicit credentials. Process: C:\Windows\System32\runas.exe.,0,Benign
2026-02-23 13:02:03,4624,8,954,An account was successfully logged on. Logon Type: 10 Remote Desktop Services.,0,Benign
2026-02-27 10:13:19,4624,12,9050,An account was successfully logged on. Logon Type: 2 Interactive.,0,Benign
2026-02-26 16:33:24,4648,12,1953,A logon was attempted using explicit credentials. Process: C:\Windows\System32\runas.exe.,0,Benign
2026-03-01 16:29:09,4624,8,6387,An account was successfully logged on. Logon Type: 10 Remote Desktop Services.,0,Benign
2026-02-27 21:46:20,4625,9,6684,An account failed to log on. Failure Reason: Unknown user name or bad password. Status: 0xC000006D Sub Status: 0xC000006A.,0,Benign
2026-03-01 13:43:27,4624,7,8079,An account was successfully logged on. New Logon: Account Name: jdoe Account Domain: CORP Logon ID: 0x1A2B3C.,0,Benign
2026-02-27 10:21:59,4688,7,7451,A new process has been created. New Process Name: C:\Windows\System32\taskhostw.exe.,0,Benign
2026-02-23 14:43:02,4720,10,6936,A user account was created. New Account Name: tempuser New Account Domain: CORP.,0,Benign
2026-02-27 17:11:45,4625,8,9944,An account failed to log on. Subject: Security ID: S-1-0-0 Account Name: - Account Domain: - Logon Type: 3.,0,Benign
2026-02-28 14:03:40,4625,11,144,An account failed to log on. Subject: Security ID: S-1-0-0 Account Name: - Account Domain: - Logon Type: 3.,0,Benign
2026-02-24 14:14:40,4648,12,3400,A logon was attempted using explicit credentials. Target Server: DC01 Target User: backup_svc.,0,Benign
2026-02-23 09:57:33,4624,8,4524,An account was successfully logged on. Logon Type: 2 Interactive.,0,Benign
2026-02-24 10:22:23,4688,8,5559,A new process has been created. New Process Name: C:\Windows\System32\svchost.exe Creator Process Name: C:\Windows\System32\services.exe.,0,Benign
2026-02-28 13:10:35,4634,3,5634,An account was logged off. Logon Type: 3.,0,Benign
2026-02-28 13:22:37,4624,5,3863,An account was successfully logged on. Subject: Security ID: S-1-5-21-1234567890 Account Name: Administrator Account Domain: CORP Logon Type: 3.,0,Benign
2026-03-01 09:03:20,4648,11,1876,A logon was attempted using explicit credentials. Target Server: DC01 Target User: backup_svc.,0,Benign
2026-02-23 09:40:40,4688,3,4564,A new process has been created. New Process Name: C:\Windows\System32\taskhostw.exe.,0,Benign
2026-02-26 14:47:34,4624,5,7410,An account was successfully logged on. New Logon: Account Name: jdoe Account Domain: CORP Logon ID: 0x1A2B3C.,0,Benign
2026-02-23 17:46:50,4625,3,655,An account failed to log on. Logon Type: 10 Remote Desktop Services.,0,Benign
2026-02-26 08:09:47,4648,10,2029,A logon was attempted using explicit credentials. Process: C:\Windows\System32\runas.exe.,0,Benign
2026-02-25 00:29:17,4625,9,8777,An account failed to log on. Failure Reason: Unknown user name or bad password. Status: 0xC000006D Sub Status: 0xC000006A.,0,Benign
2026-02-23 12:09:14,4624,11,6552,An account was successfully logged on. Logon Type: 2 Interactive.,0,Benign
2026-02-25 17:45:18,4625,7,5868,An account failed to log on. Logon Type: 10 Remote Desktop Services.,0,Benign
2026-03-01 23:45:10,4624,5,6283,An account was successfully logged on. Subject: Security ID: S-1-5-18 Account Name: SYSTEM Account Domain: NT AUTHORITY Logon ID: 0x3E7 Logon Type: 5.,0,Benign
2026-02-24 15:38:38,4624,3,2319,An account was successfully logged on. Logon Type: 10 Remote Desktop Services.,0,Benign
2026-02-25 12:04:30,4732,11,7648,A member was added to a security-enabled local group. Member Name: tempuser Group Name: Administrators.,0,Benign
2026-02-23 15:33:27,4624,5,3611,An account was successfully logged on. Logon Type: 10 Remote Desktop Services.,0,Benign
2026-02-28 12:41:23,4688,2,3293,A new process has been created. New Process Name: C:\Windows\System32\svchost.exe Creator Process Name: C:\Windows\System32\services.exe.,0,Benign
2026-03-01 16:46:18,4624,9,4939,An account was successfully logged on. Logon Type: 10 Remote Desktop Services.,0,Benign
2026-02-27 04:48:22,4648,9,189,A logon was attempted using explicit credentials. Target Server: localhost Target User: admin.,0,Benign
2026-02-25 10:07:36,4720,2,5011,A user account was created. New Account Name: test_account.,0,Benign
2026-02-27 13:20:40,4625,2,695,An account failed to log on. Subject: Security ID: S-1-0-0 Account Name: - Account Domain: - Logon Type: 3.,0,Benign
2026-03-01 11:05:53,4624,7,6827,An account was successfully logged on. Subject: Security ID: S-1-5-21-1234567890 Account Name: Administrator Account Domain: CORP Logon Type: 3.,0,Benign
2026-02-23 17:29:14,4624,3,4000,An account was successfully logged on. Subject: Security ID: S-1-5-21-1234567890 Account Name: Administrator Account Domain: CORP Logon Type: 3.,0,Benign
2026-02-27 17:25:05,4625,7,7050,An account failed to log on. Subject: Security ID: S-1-0-0 Account Name: - Account Domain: - Logon Type: 3.,0,Benign
2026-03-01 15:37:33,4672,10,5492,Special privileges assigned to new logon. Account Name: SYSTEM Privileges: SeBackupPrivilege SeRestorePrivilege.,0,Benign
2026-03-01 13:48:00,4688,10,4765,A new process has been created. New Process Name: C:\Program Files\Google\Chrome\chrome.exe Command Line: chrome.exe --type=renderer.,0,Benign
2026-02-25 13:04:31,4634,2,6982,An account was logged off. Subject: Security ID: S-1-5-21-1234567890 Account Name: jdoe.,0,Benign
2026-02-27 11:41:49,4648,11,313,A logon was attempted using explicit credentials. Process: C:\Windows\System32\runas.exe.,0,Benign
2026-02-24 11:21:41,4648,2,7317,A logon was attempted using explicit credentials. Target Server: localhost Target User: admin.,0,Benign
2026-02-28 13:39:27,4624,5,5464,An account was successfully logged on. Logon Type: 2 Interactive.,1,Benign
2026-02-23 08:37:10,4625,9,7450,An account failed to log on. Logon Type: 10 Remote Desktop Services.,0,Benign
2026-02-26 05:39:28,4672,12,4834,A member was added to a security-enabled local group. Member Name: backdoor Group Name: Administrators.,1,T1078
2026-02-25 16:33:07,4624,7,3902,An account was successfully logged on. Logon Type: 10 Remote Desktop Services.,0,Benign
2026-02-25 15:10:37,4634,8,9725,An account was logged off. Logon Type: 3.,0,Benign
2026-03-01 08:15:38,4634,11,8390,An account was logged off. Logon Type: 3.,0,Benign
2026-02-24 14:03:01,4624,3,2586,An account was successfully logged on. Logon Type: 10 Remote Desktop Services.,0,Benign
2026-02-25 09:58:14,4634,9,5616,An account was logged off. Logon Type: 3.,0,Benign
2026-02-28 16:44:21,4732,2,1933,A member was added to a security-enabled local group. Member Name: jdoe Group Name: Remote Desktop Users.,0,Benign
2026-02-27 15:26:03,4624,12,7118,An account was successfully logged on. Subject: Security ID: S-1-5-21-1234567890 Account Name: Administrator Account Domain: CORP Logon Type: 3.,0,Benign
2026-02-24 17:40:14,4625,8,5264,An account failed to log on. Failure Reason: Account locked out.,0,Benign
2026-03-01 16:49:52,4625,8,5364,An account failed to log on. Logon Type: 10 Remote Desktop Services.,0,Benign
2026-02-23 13:16:23,4648,12,4566,A logon was attempted using explicit credentials. Target Server: localhost Target User: admin.,0,Benign
2026-02-27 14:26:02,4625,5,3932,An account failed to log on. Failure Reason: Unknown user name or bad password. Status: 0xC000006D Sub Status: 0xC000006A.,0,Benign
2026-02-26 00:55:56,4634,9,3743,An account was logged off. Logon Type: 3.,0,Benign
2026-02-27 11:09:57,4648,10,7298,A logon was attempted using explicit credentials. Process: C:\Windows\System32\runas.exe.,0,Benign
2026-02-25 12:53:34,4624,7,7102,An account was successfully logged on. Subject: Security ID: S-1-5-21-1234567890 Account Name: Administrator Account Domain: CORP Logon Type: 3.,0,Benign
2026-03-01 09:35:58,4624,5,6991,An account was successfully logged on. New Logon: Account Name: jdoe Account Domain: CORP Logon ID: 0x1A2B3C.,0,Benign
2026-02-24 16:04:14,4624,11,6415,An account was successfully logged on. Logon Type: 10 Remote Desktop Services.,0,Benign
2026-02-23 15:20:22,4688,10,3595,A new process has been created. New Process Name: C:\Windows\System32\cmd.exe Command Line: cmd.exe /c dir.,0,Benign
2026-02-23 12:26:18,4625,3,6016,An account failed to log on. Logon Type: 10 Remote Desktop Services.,0,Benign
2026-02-23 10:25:39,4625,11,4683,An account failed to log on. Failure Reason: Unknown user name or bad password. Status: 0xC000006D Sub Status: 0xC000006A.,0,Benign
2026-02-28 17:07:47,4624,5,8242,An account was successfully logged on. New Logon: Account Name: jdoe Account Domain: CORP Logon ID: 0x1A2B3C.,0,Benign
2026-02-24 14:35:17,4688,7,9233,A new process has been created. New Process Name: C:\Windows\System32\svchost.exe Creator Process Name: C:\Windows\System32\services.exe.,0,Benign
2026-02-24 17:53:02,4624,8,1632,An account was successfully logged on. Logon Type: 10 Remote Desktop Services.,0,Benign
2026-02-27 11:08:51,4625,5,1807,An account failed to log on. Subject: Security ID: S-1-0-0 Account Name: - Account Domain: - Logon Type: 3.,0,Benign
2026-02-28 13:18:25,4625,9,9908,An account failed to log on. Logon Type: 10 Remote Desktop Services.,0,Benign
2026-02-25 09:51:07,4625,10,560,An account failed to log on. Account Name: administrator Source Network Address: 192.168.1.50.,0,Benign
2026-03-01 08:11:02,4624,3,1714,An account was successfully logged on. Logon Type: 2 Interactive.,0,Benign
2026-02-26 06:57:38,4624,2,3135,An account was successfully logged on. Logon Type: 10 Remote Desktop Services.,0,Benign
2026-02-28 10:50:53,4720,9,4095,A user account was created. New Account Name: test_account.,0,Benign
2026-02-25 16:40:37,4624,9,4394,An account was successfully logged on. Subject: Security ID: S-1-5-18 Account Name: SYSTEM Account Domain: NT AUTHORITY Logon ID: 0x3E7 Logon Type: 5.,0,Benign
2026-02-26 08:02:24,4624,3,5108,An account was successfully logged on. Subject: Security ID: S-1-5-18 Account Name: SYSTEM Account Domain: NT AUTHORITY Logon ID: 0x3E7 Logon Type: 5.,0,Benign
2026-02-28 17:15:03,4625,5,6869,An account failed to log on. Failure Reason: Unknown user name or bad password. Status: 0xC000006D Sub Status: 0xC000006A.,0,Benign
2026-02-27 20:15:22,4634,12,7389,An account was logged off. Logon Type: 2 Interactive.,0,Benign
2026-02-24 16:31:36,4634,10,4277,An account was logged off. Logon Type: 3.,0,Benign
2026-02-27 15:44:46,4624,12,5113,An account was successfully logged on. New Logon: Account Name: jdoe Account Domain: CORP Logon ID: 0x1A2B3C.,0,Benign
2026-02-28 08:16:31,4624,12,4290,An account was successfully logged on. New Logon: Account Name: jdoe Account Domain: CORP Logon ID: 0x1A2B3C.,0,Benign
2026-02-26 14:53:54,4624,2,985,An account was successfully logged on. Subject: Security ID: S-1-5-21-1234567890 Account Name: Administrator Account Domain: CORP Logon Type: 3.,0,Benign
2026-02-28 12:31:46,4624,10,7670,An account was successfully logged on. Logon Type: 10 Remote Desktop Services.,0,Benign
2026-02-23 12:57:31,4624,8,7253,An account was successfully logged on. Subject: Security ID: S-1-5-18 Account Name: SYSTEM Account Domain: NT AUTHORITY Logon ID: 0x3E7 Logon Type: 5.,0,Benign
2026-03-01 10:38:51,4624,2,8079,An account was successfully logged on. New Logon: Account Name: jdoe Account Domain: CORP Logon ID: 0x1A2B3C.,0,Benign
2026-02-28 08:45:20,4624,10,2208,An account was successfully logged on. Logon Type: 2 Interactive.,0,Benign
2026-02-25 09:22:02,4720,9,5634,A user account was created. New Account Name: tempuser New Account Domain: CORP.,0,Benign
2026-02-26 17:39:44,4688,10,4403,A new process has been created. New Process Name: C:\Windows\System32\svchost.exe Creator Process Name: C:\Windows\System32\services.exe.,0,Benign
2026-02-25 09:31:39,4624,12,473,An account was successfully logged on. New Logon: Account Name: jdoe Account Domain: CORP Logon ID: 0x1A2B3C.,0,Benign
2026-02-28 09:59:15,4688,9,7662,A new process has been created. New Process Name: C:\Windows\System32\taskhostw.exe.,0,Benign
2026-02-24 10:31:35,4624,9,9935,An account was successfully logged on. Logon Type: 10 Remote Desktop Services.,0,Benign
2026-02-23 09:40:01,4624,11,1113,An account was successfully logged on. Subject: Security ID: S-1-5-18 Account Name: SYSTEM Account Domain: NT AUTHORITY Logon ID: 0x3E7 Logon Type: 5.,1,Benign
2026-02-24 09:36:58,4625,7,1297,An account failed to log on. Account Name: administrator Source Network Address: 192.168.1.50.,0,Benign
2026-02-24 10:04:38,4672,3,4581,Special privileges assigned to new logon. Account Name: SYSTEM Privileges: SeBackupPrivilege SeRestorePrivilege.,0,Benign
2026-02-28 17:19:33,4624,11,3711,An account was successfully logged on. Subject: Security ID: S-1-5-21-1234567890 Account Name: Administrator Account Domain: CORP Logon Type: 3.,0,Benign
2026-02-24 17:21:54,4624,11,1733,An account was successfully logged on. Logon Type: 2 Interactive.,0,Benign
2026-02-27 06:13:46,4648,9,5325,A logon was attempted using explicit credentials. Target Server: localhost Target User: admin.,0,Benign
2026-02-23 09:43:01,4688,8,8373,A new process has been created. New Process Name: C:\Windows\System32\notepad.exe.,0,Benign
2026-02-24 13:05:39,4688,9,8367,A new process has been created. New Process Name: C:\Windows\System32\taskhostw.exe.,0,Benign
2026-02-23 11:22:55,4634,11,5294,An account was logged off. Logon Type: 3.,0,Benign
2026-03-01 12:33:19,4625,5,5269,An account failed to log on. Account Name: administrator Source Network Address: 192.168.1.50.,0,Benign
2026-02-27 14:09:36,4625,12,8750,An account failed to log on. Failure Reason: Unknown user name or bad password. Status: 0xC000006D Sub Status: 0xC000006A.,0,Benign
2026-02-27 15:51:24,4624,5,1865,An account was successfully logged on. Logon Type: 2 Interactive.,0,Benign
2026-02-27 02:07:26,4625,2,9967,An account failed to log on. Logon Type: 3 Source Network Address: 10.0.0.55.,1,T1046
2026-02-26 17:39:03,4624,9,4897,An account was successfully logged on. Logon Type: 2 Interactive.,0,Benign
2026-02-26 13:30:55,4634,8,4464,An account was logged off. Logon Type: 3.,0,Benign
2026-02-25 23:56:10,4672,2,900,Special privileges assigned to new logon. Subject: Security ID: S-1-5-18 Privileges: SeAssignPrimaryTokenPrivilege SeTcbPrivilege SeSecurityPrivilege.,0,Benign
2026-03-01 00:10:47,4624,7,3963,An account was successfully logged on. Logon Type: 10 Remote Desktop Services.,0,Benign
2026-02-24 09:57:16,4688,7,5502,A new process has been created. New Process Name: C:\Windows\System32\cmd.exe Command Line: cmd.exe /c dir.,0,Benign
2026-02-25 15:58:24,4624,5,6403,An account was successfully logged on. Subject: Security ID: S-1-5-18 Account Name: SYSTEM Account Domain: NT AUTHORITY Logon ID: 0x3E7 Logon Type: 5.,0,Benign
2026-02-24 15:28:04,4688,8,1767,A new process has been created. New Process Name: C:\Windows\System32\svchost.exe Creator Process Name: C:\Windows\System32\services.exe.,0,Benign
2026-02-27 11:53:10,4672,10,3098,Special privileges assigned to new logon. Subject: Security ID: S-1-5-18 Privileges: SeAssignPrimaryTokenPrivilege SeTcbPrivilege SeSecurityPrivilege.,0,Benign
2026-02-26 15:01:39,4624,2,3058,An account was successfully logged on. New Logon: Account Name: jdoe Account Domain: CORP Logon ID: 0x1A2B3C.,0,Benign
2026-02-24 16:38:15,4688,12,2818,A new process has been created. New Process Name: C:\Windows\System32\cmd.exe Command Line: cmd.exe /c dir.,0,Benign
2026-02-28 12:37:21,4624,3,6963,An account was successfully logged on. Logon Type: 2 Interactive.,0,Benign
2026-02-24 14:19:28,4625,3,8819,An account failed to log on. Logon Type: 10 Remote Desktop Services.,0,Benign
2026-02-28 12:51:55,4625,10,7764,An account failed to log on. Failure Reason: Unknown user name or bad password. Status: 0xC000006D Sub Status: 0xC000006A.,0,Benign
2026-03-01 15:26:42,4624,8,4378,An account was successfully logged on. Logon Type: 2 Interactive.,0,Benign
2026-03-01 16:38:02,4688,10,6416,A new process has been created. New Process Name: C:\Windows\System32\svchost.exe Creator Process Name: C:\Windows\System32\services.exe.,0,Benign
2026-03-01 17:56:02,4624,10,4344,An account was successfully logged on. Subject: Security ID: S-1-5-21-1234567890 Account Name: Administrator Account Domain: CORP Logon Type: 3.,0,Benign
2026-02-28 11:32:51,4688,2,7015,A new process has been created. New Process Name: C:\Windows\System32\cmd.exe Command Line: cmd.exe /c dir.,0,Benign
2026-02-25 03:12:19,4624,7,3410,An account was successfully logged on. Logon Type: 10 Remote Desktop Services.,0,Benign
2026-02-23 15:36:03,4688,9,4710,A new process has been created. New Process Name: C:\Windows\System32\svchost.exe Creator Process Name: C:\Windows\System32\services.exe.,0,Benign
2026-02-27 16:17:17,4688,2,7236,A new process has been created. New Process Name: C:\Program Files\Google\Chrome\chrome.exe Command Line: chrome.exe --type=renderer.,0,Benign
2026-02-27 10:07:46,4634,10,3296,An account was logged off. Logon Type: 3.,0,Benign
2026-02-26 08:58:04,4672,9,5201,Special privileges assigned to new logon. Subject: Security ID: S-1-5-21-1234567890 Account Name: Administrator Privileges: SeDebugPrivilege.,0,Benign
2026-03-01 16:20:42,4688,7,5695,A new process has been created. New Process Name: C:\Windows\System32\svchost.exe Creator Process Name: C:\Windows\System32\services.exe.,0,Benign
2026-03-01 17:02:13,4624,2,7741,An account was successfully logged on. Logon Type: 2 Interactive.,0,Benign
2026-02-26 08:14:14,4625,9,8438,An account failed to log on. Account Name: administrator Source Network Address: 192.168.1.50.,0,Benign
2026-02-25 08:56:46,4624,3,306,An account was successfully logged on. New Logon: Account Name: jdoe Account Domain: CORP Logon ID: 0x1A2B3C.,0,Benign
2026-02-25 09:43:40,4648,11,6127,A logon was attempted using explicit credentials. Target Server: localhost Target User: admin.,0,Benign
2026-02-28 18:42:42,4625,5,4849,An account failed to log on. Account Name: administrator.,1,T1110
2026-02-27 10:42:07,4648,3,7443,A logon was attempted using explicit credentials. Process: C:\Windows\System32\runas.exe.,0,Benign
2026-02-23 15:45:38,4624,5,2462,An account was successfully logged on. Logon Type: 10 Remote Desktop Services.,0,Benign
2026-03-01 20:36:52,4624,11,4145,An account was successfully logged on. Logon Type: 10 Remote Desktop Services.,0,Benign
2026-03-01 17:42:07,4624,2,9183,An account was successfully logged on. Subject: Security ID: S-1-5-18 Account Name: SYSTEM Account Domain: NT AUTHORITY Logon ID: 0x3E7 Logon Type: 5.,0,Benign
2026-02-27 16:42:20,4625,11,5052,An account failed to log on. Failure Reason: Unknown user name or bad password. Status: 0xC000006D Sub Status: 0xC000006A.,0,Benign
2026-03-01 18:09:33,4625,10,1484,An account failed to log on. Failure Reason: Unknown user name or bad password. Status: 0xC000006D Sub Status: 0xC000006A.,0,Benign
2026-02-24 12:08:48,4624,3,6725,An account was successfully logged on. Subject: Security ID: S-1-5-21-1234567890 Account Name: Administrator Account Domain: CORP Logon Type: 3.,0,Benign
2026-03-01 18:01:44,4648,8,9472,A logon was attempted using explicit credentials. Process: C:\Windows\System32\runas.exe.,0,Benign
2026-02-28 14:48:38,4624,5,1183,An account was successfully logged on. Subject: Security ID: S-1-5-18 Account Name: SYSTEM Account Domain: NT AUTHORITY Logon ID: 0x3E7 Logon Type: 5.,0,Benign
2026-02-25 10:10:15,4624,11,7757,An account was successfully logged on. Logon Type: 2 Interactive.,0,Benign
2026-02-24 13:39:51,4624,11,5710,An account was successfully logged on. Subject: Security ID: S-1-5-18 Account Name: SYSTEM Account Domain: NT AUTHORITY Logon ID: 0x3E7 Logon Type: 5.,0,Benign
2026-02-27 10:51:41,4624,5,4438,An account was successfully logged on. Subject: Security ID: S-1-5-21-1234567890 Account Name: Administrator Account Domain: CORP Logon Type: 3.,0,Benign
2026-02-28 15:29:00,4732,11,8086,A member was added to a security-enabled local group. Member Name: tempuser Group Name: Administrators.,0,Benign
2026-02-28 11:18:03,4624,11,5661,An account was successfully logged on. Subject: Security ID: S-1-5-18 Account Name: SYSTEM Account Domain: NT AUTHORITY Logon ID: 0x3E7 Logon Type: 5.,0,Benign
2026-02-23 11:37:32,4624,8,4345,An account was successfully logged on. Subject: Security ID: S-1-5-18 Account Name: SYSTEM Account Domain: NT AUTHORITY Logon ID: 0x3E7 Logon Type: 5.,0,Benign
2026-02-27 17:14:01,4624,2,9132,An account was successfully logged on. Subject: Security ID: S-1-5-21-1234567890 Account Name: Administrator Account Domain: CORP Logon Type: 3.,0,Benign
2026-02-27 16:37:01,4624,11,3005,An account was successfully logged on. New Logon: Account Name: jdoe Account Domain: CORP Logon ID: 0x1A2B3C.,0,Benign
2026-02-27 11:51:50,4624,7,3128,An account was successfully logged on. Subject: Security ID: S-1-5-21-1234567890 Account Name: Administrator Account Domain: CORP Logon Type: 3.,0,Benign
2026-03-01 12:35:29,4625,12,7234,An account failed to log on. Failure Reason: Unknown user name or bad password. Status: 0xC000006D Sub Status: 0xC000006A.,0,Benign
2026-02-28 21:50:01,4688,11,5880,A new process has been created. New Process Name: C:\Program Files\Google\Chrome\chrome.exe Command Line: chrome.exe --type=renderer.,0,Benign
2026-02-27 14:26:38,4688,12,5682,A new process has been created. New Process Name: C:\Windows\System32\cmd.exe Command Line: cmd.exe /c dir.,0,Benign
2026-02-23 17:02:57,4625,12,4307,An account failed to log on. Account Name: administrator Source Network Address: 192.168.1.50.,0,Benign
2026-02-24 14:31:16,4648,10,8056,A logon was attempted using explicit credentials. Process: C:\Windows\System32\runas.exe.,0,Benign
2026-02-25 16:25:25,4624,11,3421,An account was successfully logged on. New Logon: Account Name: jdoe Account Domain: CORP Logon ID: 0x1A2B3C.,0,Benign
2026-02-27 02:54:00,4624,3,9156,An account was successfully logged on. Subject: Security ID: S-1-5-18 Account Name: SYSTEM Account Domain: NT AUTHORITY Logon ID: 0x3E7 Logon Type: 5.,0,Benign
2026-02-25 04:54:55,4624,7,7645,An account was successfully logged on. Logon Type: 2 Interactive.,0,Benign
2026-03-01 05:23:30,4625,3,9338,An account failed to log on. Subject: Security ID: S-1-0-0 Account Name: - Account Domain: - Logon Type: 3.,0,Benign
2026-02-26 14:52:05,4688,12,9140,A new process has been created. New Process Name: C:\Windows\System32\taskhostw.exe.,0,Benign
2026-03-01 14:07:02,4688,10,5562,A new process has been created. New Process Name: C:\Windows\System32\notepad.exe.,0,Benign
2026-02-24 14:26:30,4625,12,2121,An account failed to log on. Account Name: administrator Source Network Address: 192.168.1.50.,0,Benign
2026-02-23 14:55:32,4732,10,1252,A member was added to a security-enabled local group. Member Name: svc_backup Group Name: Backup Operators.,0,Benign
2026-02-24 09:12:35,4625,3,936,An account failed to log on. Logon Type: 10 Remote Desktop Services.,0,Benign
2026-02-24 01:08:18,1102,7,8984,The audit log was cleared. Account Name: administrator.,1,T1070
2026-03-01 13:27:36,4624,8,711,An account was successfully logged on. New Logon: Account Name: jdoe Account Domain: CORP Logon ID: 0x1A2B3C.,0,Benign
2026-02-26 12:56:13,4624,7,2715,An account was successfully logged on. New Logon: Account Name: jdoe Account Domain: CORP Logon ID: 0x1A2B3C.,0,Benign
2026-02-26 14:20:19,4624,8,1834,An account was successfully logged on. Subject: Security ID: S-1-5-21-1234567890 Account Name: Administrator Account Domain: CORP Logon Type: 3.,0,Benign
2026-02-26 14:20:24,4625,12,7797,An account failed to log on. Logon Type: 3 Source Network Address: 10.0.0.55.,1,T1046
2026-02-24 12:15:03,4672,7,2236,Special privileges assigned to new logon. Subject: Security ID: S-1-5-18 Privileges: SeAssignPrimaryTokenPrivilege SeTcbPrivilege SeSecurityPrivilege.,0,Benign
2026-02-23 16:07:53,4720,2,5292,A user account was created. New Account Name: svc_backup New Account Domain: CORP.,0,Benign
2026-02-26 08:26:09,4624,12,7790,An account was successfully logged on. Logon Type: 10 Remote Desktop Services.,0,Benign
2026-02-27 00:12:53,4624,12,7172,An account was successfully logged on. New Logon: Account Name: jdoe Account Domain: CORP Logon ID: 0x1A2B3C.,0,Benign
2026-02-25 16:11:36,4624,5,4278,An account was successfully logged on. Subject: Security ID: S-1-5-21-1234567890 Account Name: Administrator Account Domain: CORP Logon Type: 3.,0,Benign
2026-02-25 08:12:42,4688,11,271,A new process has been created. New Process Name: C:\Program Files\Google\Chrome\chrome.exe Command Line: chrome.exe --type=renderer.,0,Benign
2026-02-26 04:46:42,4720,10,8588,A user account was created. New Account Name: tempuser New Account Domain: CORP.,0,Benign
2026-02-28 11:02:13,4624,8,9605,An account was successfully logged on. New Logon: Account Name: jdoe Account Domain: CORP Logon ID: 0x1A2B3C.,0,Benign
2026-02-24 08:56:17,4624,11,8262,An account was successfully logged on. Logon Type: 10 Remote Desktop Services.,0,Benign
2026-02-25 12:17:33,4625,5,9522,An account failed to log on. Account Name: administrator Source Network Address: 192.168.1.50.,0,Benign
2026-02-26 18:45:00,4624,11,2790,An account was successfully logged on. Logon Type: 10 Remote Desktop Services.,0,Benign
2026-02-25 15:40:38,4624,10,879,An account was successfully logged on. Subject: Security ID: S-1-5-18 Account Name: SYSTEM Account Domain: NT AUTHORITY Logon ID: 0x3E7 Logon Type: 5.,0,Benign
2026-02-23 17:43:02,4688,8,1043,A new process has been created. New Process Name: C:\Windows\System32\taskhostw.exe.,0,Benign
2026-02-23 16:49:38,4624,12,3290,An account was successfully logged on. Subject: Security ID: S-1-5-18 Account Name: SYSTEM Account Domain: NT AUTHORITY Logon ID: 0x3E7 Logon Type: 5.,0,Benign
2026-03-01 08:40:20,4624,8,1937,An account was successfully logged on. Logon Type: 10 Remote Desktop Services.,0,Benign
2026-02-27 17:04:51,4688,3,8245,A new process has been created. New Process Name: C:\Windows\System32\taskhostw.exe.,0,Benign
2026-02-24 11:40:54,4624,10,2758,An account was successfully logged on. Subject: Security ID: S-1-5-18 Account Name: SYSTEM Account Domain: NT AUTHORITY Logon ID: 0x3E7 Logon Type: 5.,0,Benign
2026-02-27 13:40:33,4672,10,8933,Special privileges assigned to new logon. Subject: Security ID: S-1-5-21-9876543210 Account Name: backdoor.,1,T1078
2026-02-27 15:04:01,4624,11,8703,An account was successfully logged on. Subject: Security ID: S-1-5-18 Account Name: SYSTEM Account Domain: NT AUTHORITY Logon ID: 0x3E7 Logon Type: 5.,0,Benign
2026-02-26 13:19:37,4634,2,6624,An account was logged off. Subject: Security ID: S-1-5-21-1234567890 Account Name: jdoe.,0,Benign
2026-02-23 15:07:13,4634,10,9714,An account was logged off. Logon Type: 3.,0,Benign
2026-02-28 15:00:33,4648,2,1594,A logon was attempted using explicit credentials. Target Server: DC01 Target User: backup_svc.,0,Benign
2026-02-24 01:32:02,4688,11,3532,A new process has been created. New Process Name: C:\Windows\System32\taskhostw.exe.,0,Benign
2026-02-27 09:37:46,4624,2,246,An account was successfully logged on. Subject: Security ID: S-1-5-21-1234567890 Account Name: Administrator Account Domain: CORP Logon Type: 3.,0,Benign
2026-02-26 10:02:58,4634,11,8499,An account was logged off. Subject: Security ID: S-1-5-21-1234567890 Account Name: jdoe.,0,Benign
2026-02-28 05:46:40,4688,10,1793,A new process has been created. New Process Name: C:\Windows\System32\cmd.exe Command Line: cmd.exe /c dir.,0,Benign
2026-02-26 14:38:39,4625,9,113,An account failed to log on. Failure Reason: Unknown user name or bad password. Status: 0xC000006D Sub Status: 0xC000006A.,0,Benign
2026-02-25 12:03:54,4624,5,2221,An account was successfully logged on. Logon Type: 10 Remote Desktop Services.,0,Benign
2026-02-28 09:35:47,4624,5,8364,An account was successfully logged on. Subject: Security ID: S-1-5-18 Account Name: SYSTEM Account Domain: NT AUTHORITY Logon ID: 0x3E7 Logon Type: 5.,0,Benign
2026-02-25 13:51:03,4672,8,3712,Special privileges assigned to new logon. Subject: Security ID: S-1-5-21-1234567890 Account Name: Administrator Privileges: SeDebugPrivilege.,0,Benign
2026-02-25 12:00:46,4624,5,9795,An account was successfully logged on. Subject: Security ID: S-1-5-21-1234567890 Account Name: Administrator Account Domain: CORP Logon Type: 3.,0,Benign
2026-02-25 09:39:01,4624,12,562,An account was successfully logged on. Subject: Security ID: S-1-5-21-1234567890 Account Name: Administrator Account Domain: CORP Logon Type: 3.,0,Benign
2026-02-24 16:41:37,4624,9,7543,An account was successfully logged on. Logon Type: 10 Remote Desktop Services.,0,Benign
2026-02-24 09:17:55,4634,10,3194,An account was logged off. Logon Type: 3.,0,Benign
2026-02-24 00:51:05,4625,10,8847,An account failed to log on. Subject: Security ID: S-1-0-0 Account Name: - Account Domain: - Logon Type: 3.,0,Benign
2026-02-27 16:17:20,4648,11,5412,A logon was attempted using explicit credentials. Target Server: DC01 Target User: backup_svc.,0,Benign
2026-03-01 14:14:53,4720,5,7523,A user account was created. New Account Name: tempuser New Account Domain: CORP.,0,Benign
2026-02-28 17:28:53,4648,8,9242,A logon was attempted using explicit credentials. Process: C:\Windows\System32\runas.exe.,0,Benign
2026-02-27 17:14:47,4625,9,3014,An account failed to log on. Subject: Security ID: S-1-0-0 Account Name: - Account Domain: - Logon Type: 3.,0,Benign
2026-03-01 08:22:54,4624,11,923,An account was successfully logged on. Subject: Security ID: S-1-5-18 Account Name: SYSTEM Account Domain: NT AUTHORITY Logon ID: 0x3E7 Logon Type: 5.,0,Benign
2026-02-24 06:47:14,4625,7,7677,An account failed to log on. Failure Reason: Unknown user name or bad password. Status: 0xC000006D Sub Status: 0xC000006A.,0,Benign
2026-02-25 16:04:51,4688,8,793,A new process has been created. New Process Name: C:\Windows\System32\svchost.exe Creator Process Name: C:\Windows\System32\services.exe.,0,Benign
2026-03-01 15:56:40,4624,7,6271,An account was successfully logged on. Subject: Security ID: S-1-5-18 Account Name: SYSTEM Account Domain: NT AUTHORITY Logon ID: 0x3E7 Logon Type: 5.,0,Benign
2026-03-01 08:21:40,4648,5,8524,A logon was attempted using explicit credentials. Target Server: localhost Target User: admin.,0,Benign
2026-03-01 06:21:37,4624,9,4254,An account was successfully logged on. Subject: Security ID: S-1-5-18 Account Name: SYSTEM Account Domain: NT AUTHORITY Logon ID: 0x3E7 Logon Type: 5.,0,Benign
2026-02-27 13:35:46,4634,11,2068,An account was logged off. Logon Type: 3.,0,Benign
2026-03-01 17:25:10,4624,11,3214,An account was successfully logged on. Subject: Security ID: S-1-5-18 Account Name: SYSTEM Account Domain: NT AUTHORITY Logon ID: 0x3E7 Logon Type: 5.,0,Benign
2026-03-01 16:08:56,4625,9,7737,An account failed to log on. Failure Reason: Account locked out.,0,Benign
2026-02-25 17:13:30,4624,7,4494,An account was successfully logged on. New Logon: Account Name: jdoe Account Domain: CORP Logon ID: 0x1A2B3C.,0,Benign
2026-02-26 13:09:02,4648,2,6704,A logon was attempted using explicit credentials. Process: C:\Windows\System32\runas.exe.,0,Benign
2026-02-26 14:33:07,4624,7,7881,An account was successfully logged on. Subject: Security ID: S-1-5-21-1234567890 Account Name: Administrator Account Domain: CORP Logon Type: 3.,0,Benign
2026-02-24 16:52:11,4634,9,7163,An account was logged off. Logon Type: 2 Interactive.,0,Benign
2026-02-28 15:23:14,4624,12,1390,An account was successfully logged on. Subject: Security ID: S-1-5-18 Account Name: SYSTEM Account Domain: NT AUTHORITY Logon ID: 0x3E7 Logon Type: 5.,0,Benign
2026-03-01 17:33:33,4624,8,6023,An account was successfully logged on. Subject: Security ID: S-1-5-21-1234567890 Account Name: Administrator Account Domain: CORP Logon Type: 3.,0,Benign
2026-02-23 18:07:41,4624,12,8450,An account was successfully logged on. Logon Type: 2 Interactive.,0,Benign
2026-03-01 11:10:26,4672,11,5844,Special privileges assigned to new logon. Subject: Security ID: S-1-5-18 Privileges: SeAssignPrimaryTokenPrivilege SeTcbPrivilege SeSecurityPrivilege.,0,Benign
2026-02-25 16:43:58,4624,2,8006,An account was successfully logged on. New Logon: Account Name: jdoe Account Domain: CORP Logon ID: 0x1A2B3C.,0,Benign
2026-02-25 13:27:08,4625,7,7738,An account failed to log on. Subject: Security ID: S-1-0-0 Account Name: - Account Domain: - Logon Type: 3.,0,Benign
2026-02-24 10:29:22,4634,11,4370,An account was logged off. Logon Type: 2 Interactive.,0,Benign
2026-02-26 14:20:05,4648,9,6571,A logon was attempted using explicit credentials. Process: C:\Windows\System32\runas.exe.,0,Benign
2026-02-26 17:34:22,4624,12,982,An account was successfully logged on. New Logon: Account Name: jdoe Account Domain: CORP Logon ID: 0x1A2B3C.,0,Benign
2026-03-01 12:34:18,4625,10,5185,An account failed to log on. Logon Type: 10 Remote Desktop Services.,0,Benign
2026-02-24 17:04:35,4624,7,9190,An account was successfully logged on. Subject: Security ID: S-1-5-21-1234567890 Account Name: Administrator Account Domain: CORP Logon Type: 3.,0,Benign
2026-02-25 08:18:58,4624,9,3479,An account was successfully logged on. New Logon: Account Name: jdoe Account Domain: CORP Logon ID: 0x1A2B3C.,0,Benign
2026-02-28 11:24:14,4624,9,7759,An account was successfully logged on. Logon Type: 2 Interactive.,0,Benign
2026-02-24 13:18:04,4720,3,8955,A user account was created. New Account Name: tempuser New Account Domain: CORP.,0,Benign
2026-02-24 11:35:52,4624,3,8273,An account was successfully logged on. Subject: Security ID: S-1-5-21-1234567890 Account Name: Administrator Account Domain: CORP Logon Type: 3.,0,Benign
2026-02-24 09:24:26,4625,12,9238,An account failed to log on. Failure Reason: Account locked out.,0,Benign
2026-03-01 12:56:34,4624,5,3058,An account was successfully logged on. Logon Type: 2 Interactive.,0,Benign
2026-02-27 09:00:28,4688,8,7028,A new process has been created. New Process Name: C:\Windows\System32\taskhostw.exe.,0,Benign
2026-02-23 13:35:19,4634,10,309,An account was logged off. Logon Type: 3.,0,Benign
2026-02-27 16:57:58,4625,7,560,An account failed to log on. Subject: Security ID: S-1-0-0 Account Name: - Account Domain: - Logon Type: 3.,0,Benign
2026-02-24 09:59:55,4624,2,4075,An account was successfully logged on. Logon Type: 10 Remote Desktop Services.,0,Benign
2026-02-24 00:13:29,4688,8,4755,A new process has been created. New Process Name: C:\Windows\System32\cmd.exe Command Line: cmd.exe /c dir.,0,Benign
2026-02-24 15:44:52,4624,11,7449,An account was successfully logged on. Logon Type: 2 Interactive.,0,Benign
2026-02-23 16:32:35,4624,8,1219,An account was successfully logged on. Logon Type: 10 Remote Desktop Services.,0,Benign
2026-02-28 10:31:07,4624,7,1104,An account was successfully logged on. Subject: Security ID: S-1-5-18 Account Name: SYSTEM Account Domain: NT AUTHORITY Logon ID: 0x3E7 Logon Type: 5.,0,Benign
2026-02-28 10:08:50,4648,12,2725,A logon was attempted using explicit credentials. Target Server: localhost Target User: admin.,0,Benign
2026-02-26 10:02:38,4624,2,4118,An account was successfully logged on. Subject: Security ID: S-1-5-21-1234567890 Account Name: Administrator Account Domain: CORP Logon Type: 3.,0,Benign
2026-02-28 02:31:21,4688,5,888,A new process has been created. New Process Name: C:\Program Files\Google\Chrome\chrome.exe Command Line: chrome.exe --type=renderer.,0,Benign
2026-03-01 13:53:22,4625,2,8127,An account failed to log on. Failure Reason: Account locked out.,0,Benign
2026-02-25 14:39:46,4624,7,3382,An account was successfully logged on. New Logon: Account Name: jdoe Account Domain: CORP Logon ID: 0x1A2B3C.,0,Benign
2026-02-27 12:04:20,4672,2,6603,Special privileges assigned to new logon. Subject: Security ID: S-1-5-21-1234567890 Account Name: Administrator Privileges: SeDebugPrivilege.,0,Benign
2026-02-24 13:49:16,4625,12,9617,An account failed to log on. Failure Reason: Account locked out.,0,Benign
2026-02-25 09:04:19,4720,11,4001,A user account was created. New Account Name: tempuser New Account Domain: CORP.,0,Benign
2026-03-01 16:23:01,4648,8,8583,A logon was attempted using explicit credentials. Process: C:\Windows\System32\runas.exe.,0,Benign
2026-02-26 04:10:30,4634,7,7181,An account was logged off. Subject: Security ID: S-1-5-21-1234567890 Account Name: jdoe.,0,Benign
2026-03-01 14:24:43,4624,10,8865,An account was successfully logged on. Subject: Security ID: S-1-5-18 Account Name: SYSTEM Account Domain: NT AUTHORITY Logon ID: 0x3E7 Logon Type: 5.,0,Benign
2026-02-26 08:30:24,4672,8,7543,Special privileges assigned to new logon. Subject: Security ID: S-1-5-18 Privileges: SeAssignPrimaryTokenPrivilege SeTcbPrivilege SeSecurityPrivilege.,0,Benign
2026-02-25 12:17:19,4624,7,7138,An account was successfully logged on. Logon Type: 2 Interactive.,0,Benign
2026-02-26 13:02:21,4688,2,5726,A new process has been created. New Process Name: C:\Windows\System32\notepad.exe.,0,Benign
2026-03-01 10:52:09,4625,12,1612,An account failed to log on. Subject: Security ID: S-1-0-0 Account Name: - Account Domain: - Logon Type: 3.,0,Benign
2026-02-25 17:14:52,4624,5,6294,An account was successfully logged on. Logon Type: 10 Remote Desktop Services.,0,Benign
2026-02-26 12:53:35,4634,12,7121,An account was logged off. Logon Type: 3.,0,Benign
2026-02-23 08:18:37,4624,3,2874,An account was successfully logged on. Logon Type: 10 Remote Desktop Services.,0,Benign
2026-02-23 13:28:58,4624,3,8716,An account was successfully logged on. New Logon: Account Name: jdoe Account Domain: CORP Logon ID: 0x1A2B3C.,0,Benign
2026-02-24 09:29:25,4688,8,598,A new process has been created. New Process Name: C:\Windows\System32\cmd.exe Command Line: cmd.exe /c dir.,0,Benign
2026-02-24 15:38:58,4624,12,523,An account was successfully logged on. New Logon: Account Name: jdoe Account Domain: CORP Logon ID: 0x1A2B3C.,0,Benign
2026-02-26 13:47:13,4648,8,9309,A logon was attempted using explicit credentials. Target Server: localhost Target User: admin.,0,Benign
2026-02-28 09:37:55,4688,3,4195,A new process has been created. New Process Name: C:\Windows\System32\taskhostw.exe.,0,Benign
2026-03-01 08:13:50,4732,7,6964,A member was added to a security-enabled local group. Member Name: svc_backup Group Name: Backup Operators.,0,Benign
2026-02-25 15:28:13,4624,7,7713,An account was successfully logged on. Subject: Security ID: S-1-5-18 Account Name: SYSTEM Account Domain: NT AUTHORITY Logon ID: 0x3E7 Logon Type: 5.,0,Benign
2026-02-27 09:23:27,4672,8,2330,Special privileges assigned to new logon. Account Name: SYSTEM Privileges: SeBackupPrivilege SeRestorePrivilege.,0,Benign
2026-02-23 23:48:06,4648,7,5252,A logon was attempted using explicit credentials. Target Server: localhost Target User: admin.,0,Benign
2026-02-27 16:42:23,4672,10,9784,Special privileges assigned to new logon. Subject: Security ID: S-1-5-18 Privileges: SeAssignPrimaryTokenPrivilege SeTcbPrivilege SeSecurityPrivilege.,0,Benign
2026-03-01 00:47:50,4625,2,4831,An account failed to log on. Logon Type: 10 Remote Desktop Services.,0,Benign
2026-02-28 21:03:08,4625,9,1947,An account failed to log on. Subject: Security ID: S-1-0-0 Account Name: - Account Domain: - Logon Type: 3.,0,Benign
2026-03-01 17:49:40,4624,10,8150,An account was successfully logged on. Subject: Security ID: S-1-5-21-1234567890 Account Name: Administrator Account Domain: CORP Logon Type: 3.,1,Benign
2026-02-24 16:03:53,4624,11,7154,An account was successfully logged on. Logon Type: 10 Remote Desktop Services.,0,Benign
2026-02-28 15:16:19,4634,3,8375,An account was logged off. Subject: Security ID: S-1-5-21-1234567890 Account Name: jdoe.,0,Benign
2026-02-28 20:19:17,4672,7,3509,Special privileges assigned to new logon. Subject: Security ID: S-1-5-18 Privileges: SeAssignPrimaryTokenPrivilege SeTcbPrivilege SeSecurityPrivilege.,0,Benign
2026-02-25 17:20:03,4624,10,3918,An account was successfully logged on. Subject: Security ID: S-1-5-21-1234567890 Account Name: Administrator Account Domain: CORP Logon Type: 3.,0,Benign
2026-02-24 23:08:23,4624,7,2462,An account was successfully logged on. New Logon: Account Name: jdoe Account Domain: CORP Logon ID: 0x1A2B3C.,0,Benign
2026-02-26 12:26:10,4634,5,3364,An account was logged off. Logon Type: 3.,0,Benign
2026-03-01 09:29:26,4625,8,1717,An account failed to log on. Subject: Security ID: S-1-0-0 Account Name: - Account Domain: - Logon Type: 3.,0,Benign
2026-02-23 16:17:12,4634,9,274,An account was logged off. Logon Type: 3.,0,Benign
2026-02-27 15:14:53,4688,10,4754,A new process has been created. New Process Name: C:\Windows\System32\cmd.exe Command Line: cmd.exe /c dir.,0,Benign
2026-03-01 15:57:12,4688,11,1646,A new process has been created. New Process Name: C:\Windows\System32\taskhostw.exe.,0,Benign
2026-03-01 13:59:37,4720,7,3313,A user account was created. New Account Name: test_account.,0,Benign
2026-02-28 16:41:56,4624,9,8455,An account was successfully logged on. Logon Type: 10 Remote Desktop Services.,0,Benign
2026-02-27 19:13:27,4624,3,3899,An account was successfully logged on. Subject: Security ID: S-1-5-18 Account Name: SYSTEM Account Domain: NT AUTHORITY Logon ID: 0x3E7 Logon Type: 5.,0,Benign
2026-02-26 12:51:56,4625,8,9505,An account failed to log on. Logon Type: 10 Remote Desktop Services.,0,Benign
2026-02-23 12:43:27,4688,7,6830,A new process has been created. New Process Name: C:\Windows\System32\svchost.exe Creator Process Name: C:\Windows\System32\services.exe.,0,Benign
2026-02-24 12:14:42,4624,8,4020,An account was successfully logged on. Subject: Security ID: S-1-5-18 Account Name: SYSTEM Account Domain: NT AUTHORITY Logon ID: 0x3E7 Logon Type: 5.,0,Benign
2026-02-27 08:56:31,4624,5,8237,An account was successfully logged on. Subject: Security ID: S-1-5-18 Account Name: SYSTEM Account Domain: NT AUTHORITY Logon ID: 0x3E7 Logon Type: 5.,0,Benign
2026-02-28 17:09:13,4624,12,7927,An account was successfully logged on. Logon Type: 10 Remote Desktop Services.,0,Benign
2026-02-24 17:55:22,4625,12,4246,An account failed to log on. Failure Reason: Account locked out.,0,Benign
2026-02-26 10:09:13,4624,7,9990,An account was successfully logged on. Subject: Security ID: S-1-5-21-1234567890 Account Name: Administrator Account Domain: CORP Logon Type: 3.,0,Benign
2026-02-25 23:39:40,4634,12,4484,An account was logged off. Logon Type: 2 Interactive.,0,Benign
2026-02-26 04:05:02,4634,5,9622,An account was logged off. Subject: Security ID: S-1-5-21-1234567890 Account Name: jdoe.,0,Benign
2026-02-27 17:48:05,4634,11,9143,An account was logged off. Logon Type: 2 Interactive.,0,Benign
2026-02-26 00:52:39,4624,9,9255,An account was successfully logged on. New Logon: Account Name: jdoe Account Domain: CORP Logon ID: 0x1A2B3C.,0,Benign
2026-02-24 08:53:40,4634,10,268,An account was logged off. Subject: Security ID: S-1-5-21-1234567890 Account Name: jdoe.,0,Benign
2026-02-25 08:31:54,4634,8,2906,An account was logged off. Subject: Security ID: S-1-5-21-1234567890 Account Name: jdoe.,0,Benign
2026-02-26 15:19:08,4732,8,4173,A member was added to a security-enabled local group. Member Name: jdoe Group Name: Remote Desktop Users.,0,Benign
2026-02-24 01:53:49,4625,12,1333,An account failed to log on. Account Name: administrator Source Network Address: 192.168.1.50.,0,Benign
2026-03-01 17:08:31,4624,3,5439,An account was successfully logged on. Logon Type: 2 Interactive.,0,Benign
2026-02-25 00:21:19,4625,11,8402,An account failed to log on. Failure Reason: Account locked out.,0,Benign
2026-03-01 09:17:02,4624,12,6769,An account was successfully logged on. Subject: Security ID: S-1-5-18 Account Name: SYSTEM Account Domain: NT AUTHORITY Logon ID: 0x3E7 Logon Type: 5.,0,Benign
2026-03-01 13:14:34,4625,11,5921,An account failed to log on. Failure Reason: Account locked out.,0,Benign
2026-02-26 10:51:30,4624,12,8829,An account was successfully logged on. Logon Type: 10 Remote Desktop Services.,0,Benign
2026-02-27 11:35:15,4624,10,2817,An account was successfully logged on. Subject: Security ID: S-1-5-18 Account Name: SYSTEM Account Domain: NT AUTHORITY Logon ID: 0x3E7 Logon Type: 5.,0,Benign
2026-02-28 14:55:00,4624,7,3109,An account was successfully logged on. Logon Type: 10 Remote Desktop Services.,0,Benign
2026-02-26 09:23:32,4672,12,5698,Special privileges assigned to new logon. Account Name: SYSTEM Privileges: SeBackupPrivilege SeRestorePrivilege.,0,Benign
2026-02-23 07:05:42,4720,10,2229,A user account was created. New Account Name: test_account.,0,Benign
2026-03-01 16:17:22,4624,3,2195,An account was successfully logged on. Logon Type: 10 Remote Desktop Services.,0,Benign
2026-02-26 16:46:45,4624,2,2375,An account was successfully logged on. Subject: Security ID: S-1-5-18 Account Name: SYSTEM Account Domain: NT AUTHORITY Logon ID: 0x3E7 Logon Type: 5.,0,Benign
2026-03-01 11:47:37,4634,7,3923,An account was logged off. Logon Type: 2 Interactive.,0,Benign
2026-02-26 16:05:09,4624,2,7314,An account was successfully logged on. Subject: Security ID: S-1-5-18 Account Name: SYSTEM Account Domain: NT AUTHORITY Logon ID: 0x3E7 Logon Type: 5.,0,Benign
