2026-02-28 17:08:07,4732,12,9061,A member was added to a security-enabled local group. Member Name: tempuser Group Name: Administrators.,0,Benign
2026-02-23 16:48:40,4634,5,2840,An account was logged off. Logon Type: 3.,0,Benign
2026-02-26 04:30:25,4624,12,529,An account was successfully logged on. New Logon: Account Name: jdoe Account Domain: CORP Logon ID: 0x1A2B3C.,0,Benign
2026-02-24 02:05:37,4624,11,6242,An account was successfully logged on. New Logon: Account Name: jdoe Account Domain: CORP Logon ID: 0x1A2B3C.,0,Benign
2026-03-01 16:52:02,4625,7,7193,An account failed to log on. Logon Type: 10 Remote Desktop Services.,0,Benign
2026-02-25 15:41:46,4624,7,528,An account was successfully logged on. New Logon: Account Name: jdoe Account Domain: CORP Logon ID: 0x1A2B3C.,0,Benign
2026-02-27 11:58:41,4648,2,9926,A logon was attempted using explicit credentials. Process: C:\Windows\System32\runas.exe.,0,Benign
2026-02-23 13:55:59,4634,5,7182,An account was logged off. Logon Type: 2 Interactive.,0,Benign
2026-03-01 14:23:28,4648,12,5206,A logon was attempted using explicit credentials. Target Server: localhost Target User: admin.,0,Benign
2026-02-28 10:24:35,4624,3,2916,An account was successfully logged on. Logon Type: 10 Remote Desktop Services.,0,Benign
2026-03-01 17:11:54,4624,2,5977,An account was successfully logged on. Subject: Security ID: S-1-5-21-1234567890 Account Name: Administrator Account Domain: CORP Logon Type: 3.,0,Benign
2026-02-26 09:15:25,4634,11,3491,An account was logged off. Subject: Security ID: S-1-5-21-1234567890 Account Name: jdoe.,0,Benign
2026-02-28 15:57:28,4624,9,7737,An account was successfully logged on. Logon Type: 10 Remote Desktop Services.,0,Benign
2026-02-24 13:07:57,4624,9,233,An account was successfully logged on. Logon Type: 2 Interactive.,0,Benign
2026-02-28 10:06:13,4625,10,6742,An account failed to log on. Failure Reason: Account locked out.,0,Benign
2026-02-23 07:49:19,4625,3,381,An account failed to log on. Failure Reason: Account locked out.,0,Benign
2026-02-27 10:18:02,4634,3,9984,An account was logged off. Subject: Security ID: S-1-5-21-1234567890 Account Name: jdoe.,0,Benign
2026-02-25 23:15:23,4624,9,5360,An account was successfully logged on. Subject: Security ID: S-1-5-18 Account Name: SYSTEM Account Domain: NT AUTHORITY Logon ID: 0x3E7 Logon Type: 5.,0,Benign
2026-02-25 08:46:10,4624,5,6532,An account was successfully logged on. Logon Type: 10 Remote Desktop Services.,0,Benign
2026-02-24 09:52:15,4634,12,5319,An account was logged off. Logon Type: 2 Interactive.,0,Benign
2026-02-23 08:57:42,4624,8,1214,An account was successfully logged on. Logon Type: 10 Remote Desktop Services.,0,Benign
2026-02-25 19:45:34,4624,3,7276,An account was successfully logged on. Logon Type: 2 Interactive.,0,Benign
2026-02-23 17:24:41,4648,11,3165,A logon was attempted using explicit credentials. Process: C:\Windows\System32\runas.exe.,0,Benign
2026-02-27 12:09:04,4720,5,9393,A user account was created. New Account Name: tempuser New Account Domain: CORP.,0,Benign
2026-02-25 16:42:06,4624,8,5148,An account was successfully logged on. Logon Type: 2 Interactive.,1,Benign
2026-02-24 11:12:33,4648,9,3638,A logon was attempted using explicit credentials. Process: C:\Windows\System32\runas.exe.,0,Benign
2026-02-27 20:51:25,4624,11,9690,An account was successfully logged on. Logon Type: 2 Interactive.,0,Benign
2026-02-28 11:29:38,4624,11,5531,An account was successfully logged on. New Logon: Account Name: jdoe Account Domain: CORP Logon ID: 0x1A2B3C.,0,Benign
2026-02-26 20:07:53,4624,5,5978,An account was successfully logged on. New Logon: Account Name: jdoe Account Domain: CORP Logon ID: 0x1A2B3C.,0,Benign
2026-02-23 12:37:48,4625,8,8215,An account failed to log on. Account Name: administrator Source Network Address: 192.168.1.50.,0,Benign
2026-02-27 10:49:47,4688,12,598,A new process has been created. New Process Name: C:\Windows\System32\cmd.exe Command Line: cmd.exe /c dir.,0,Benign
2026-02-27 00:49:55,4720,2,155,A user account was created. New Account Name: svc_backup New Account Domain: CORP.,0,Benign
2026-02-27 12:22:53,4624,10,9192,An account was successfully logged on. Logon Type: 10 Remote Desktop Services.,0,Benign
2026-03-01 10:36:43,4624,10,9153,An account was successfully logged on. Subject: Security ID: S-1-5-18 Account Name: SYSTEM Account Domain: NT AUTHORITY Logon ID: 0x3E7 Logon Type: 5.,0,Benign
2026-02-28 13:16:32,4634,12,9186,An account was logged off. Logon Type: 3.,0,Benign
2026-02-26 12:50:49,4625,10,2963,An account failed to log on. Account Name: administrator Source Network Address: 192.168.1.50.,0,Benign
2026-02-27 18:16:07,4688,11,5486,A new process has been created. New Process Name: C:\Windows\System32\taskhostw.exe.,0,Benign
2026-02-26 11:11:22,4732,11,9304,A member was added to a security-enabled local group. Member Name: tempuser Group Name: Administrators.,0,Benign
2026-02-23 17:59:04,4648,12,1159,A logon was attempted using explicit credentials. Target Server: localhost Target User: admin.,0,Benign
2026-02-26 08:27:26,4634,11,4226,An account was logged off. Logon Type: 2 Interactive.,0,Benign
2026-02-28 14:06:57,4672,10,1974,Special privileges assigned to new logon. Subject: Security ID: S-1-5-21-1234567890 Account Name: Administrator Privileges: SeDebugPrivilege.,0,Benign
2026-02-23 01:54:09,4625,9,2684,An account failed to log on. Logon Type: 10 Remote Desktop Services.,0,Benign
2026-02-28 10:12:12,4648,8,9759,A logon was attempted using explicit credentials. Process: C:\Windows\System32\runas.exe.,0,Benign
2026-02-27 08:41:43,4624,11,4918,An account was successfully logged on. Logon Type: 2 Interactive.,0,Benign
2026-03-01 13:37:11,4624,3,6880,An account was successfully logged on. Subject: Security ID: S-1-5-21-1234567890 Account Name: Administrator Account Domain: CORP Logon Type: 3.,0,Benign
2026-03-01 18:09:36,1102,2,570,The audit log was cleared. Account Name: administrator.,1,T1070
2026-03-01 09:11:38,4624,3,9432,An account was successfully logged on. Subject: Security ID: S-1-5-21-1234567890 Account Name: Administrator Account Domain: CORP Logon Type: 3.,0,Benign
2026-02-24 23:51:21,4634,12,6608,An account was logged off. Logon Type: 3.,0,Benign
2026-02-25 05:01:25,4625,12,3477,An account failed to log on. Subject: Security ID: S-1-0-0 Account Name: - Account Domain: - Logon Type: 3.,0,Benign
2026-02-23 08:54:09,4624,11,9421,An account was successfully logged on. New Logon: Account Name: jdoe Account Domain: CORP Logon ID: 0x1A2B3C.,0,Benign
2026-02-24 08:35:56,4688,8,441,A new process has been created. New Process Name: C:\Windows\System32\cmd.exe Command Line: cmd.exe /c dir.,0,Benign
2026-02-27 11:14:30,4634,7,2368,An account was logged off. Logon Type: 3.,0,Benign
2026-02-27 11:23:14,4624,2,804,An account was successfully logged on. Subject: Security ID: S-1-5-21-1234567890 Account Name: Administrator Account Domain: CORP Logon Type: 3.,0,Benign
2026-02-28 10:29:03,4624,7,4048,An account was successfully logged on. Subject: Security ID: S-1-5-18 Account Name: SYSTEM Account Domain: NT AUTHORITY Logon ID: 0x3E7 Logon Type: 5.,0,Benign
2026-02-26 14:02:25,4648,2,4385,A logon was attempted using explicit credentials. Target Server: localhost Target User: admin.,0,Benign
2026-03-01 10:01:57,4624,2,3365,An account was successfully logged on. Subject: Security ID: S-1-5-18 Account Name: SYSTEM Account Domain: NT AUTHORITY Logon ID: 0x3E7 Logon Type: 5.,0,Benign
2026-02-26 06:08:11,4624,8,6455,An account was successfully logged on. Logon Type: 10 Remote Desktop Services.,0,Benign
2026-02-27 10:40:51,4625,11,8056,An account failed to log on. Logon Type: 10 Remote Desktop Services.,0,Benign
2026-02-28 22:37:13,4625,11,1309,An account failed to log on. Account Name: administrator Source Network Address: 192.168.1.50.,0,Benign
2026-03-01 02:10:56,4634,3,1805,An account was logged off. Logon Type: 2 Interactive.,0,Benign
2026-02-25 16:05:58,4624,8,7209,An account was successfully logged on. Subject: Security ID: S-1-5-18 Account Name: SYSTEM Account Domain: NT AUTHORITY Logon ID: 0x3E7 Logon Type: 5.,0,Benign
2026-02-24 15:30:15,4624,10,1497,An account was successfully logged on. Subject: Security ID: S-1-5-18 Account Name: SYSTEM Account Domain: NT AUTHORITY Logon ID: 0x3E7 Logon Type: 5.,0,Benign
2026-02-26 09:04:20,4624,3,1941,An account was successfully logged on. Logon Type: 2 Interactive.,0,Benign
2026-02-27 08:08:14,4688,10,1552,A new process has been created. New Process Name: C:\Windows\System32\cmd.exe Command Line: cmd.exe /c dir.,0,Benign
2026-02-23 06:16:35,4625,8,4203,An account failed to log on. Account Name: administrator Source Network Address: 192.168.1.50.,0,Benign
2026-02-28 16:16:03,4672,9,6470,Special privileges assigned to new logon. Subject: Security ID: S-1-5-21-1234567890 Account Name: Administrator Privileges: SeDebugPrivilege.,0,Benign
2026-02-27 16:14:51,4648,10,5554,A logon was attempted using explicit credentials. Process: C:\Windows\System32\runas.exe.,0,Benign
2026-02-25 10:27:03,4625,11,1449,An account failed to log on. Failure Reason: Unknown user name or bad password. Status: 0xC000006D Sub Status: 0xC000006A.,0,Benign
2026-02-25 15:16:32,4625,11,1688,An account failed to log on. Failure Reason: Unknown user name or bad password. Status: 0xC000006D Sub Status: 0xC000006A.,0,Benign
2026-02-28 14:12:12,4634,12,530,An account was logged off. Logon Type: 3.,0,Benign
2026-02-25 09:34:39,4634,5,9927,An account was logged off. Logon Type: 3.,0,Benign
2026-02-25 13:50:19,4624,12,9890,An account was successfully logged on. Subject: Security ID: S-1-5-21-1234567890 Account Name: Administrator Account Domain: CORP Logon Type: 3.,0,Benign
2026-02-28 16:40:53,4688,11,1061,A new process has been created. New Process Name: C:\Windows\System32\notepad.exe.,0,Benign
2026-02-23 20:11:22,4624,7,9421,An account was successfully logged on. Subject: Security ID: S-1-5-18 Account Name: SYSTEM Account Domain: NT AUTHORITY Logon ID: 0x3E7 Logon Type: 5.,0,Benign
2026-02-24 02:33:51,4634,7,2093,An account was logged off. Subject: Security ID: S-1-5-21-1234567890 Account Name: jdoe.,0,Benign
2026-02-23 23:02:42,4625,5,3350,An account failed to log on. Failure Reason: Account locked out.,0,Benign
2026-02-26 09:40:14,4732,5,264,A member was added to a security-enabled local group. Member Name: tempuser Group Name: Administrators.,0,Benign
2026-03-01 08:32:49,4624,9,5241,An account was successfully logged on. Logon Type: 2 Interactive.,0,Benign
2026-03-01 12:40:27,4688,12,4746,A new process has been created. New Process Name: C:\Program Files\Google\Chrome\chrome.exe Command Line: chrome.exe --type=renderer.,0,Benign
2026-02-24 08:31:40,4634,3,6812,An account was logged off. Logon Type: 2 Interactive.,0,Benign
2026-02-24 16:23:41,4624,12,9469,An account was successfully logged on. Logon Type: 2 Interactive.,0,Benign
2026-02-24 20:43:57,4624,9,3253,An account was successfully logged on. Logon Type: 10 Remote Desktop Services.,0,Benign
2026-02-25 15:37:43,4634,5,9781,An account was logged off. Logon Type: 2 Interactive.,0,Benign
2026-02-25 09:45:57,4624,3,9162,An account was successfully logged on. Logon Type: 10 Remote Desktop Services.,0,Benign
2026-03-01 15:48:17,4624,10,2063,An account was successfully logged on. Logon Type: 2 Interactive.,0,Benign
2026-02-28 11:01:58,4634,2,5856,An account was logged off. Logon Type: 3.,0,Benign
2026-02-28 10:34:04,4688,7,4807,A new process has been created. New Process Name: C:\Windows\System32\svchost.exe Creator Process Name: C:\Windows\System32\services.exe.,0,Benign
2026-02-24 14:38:00,4634,5,9797,An account was logged off. Logon Type: 3.,0,Benign
2026-02-24 19:30:49,4688,3,4996,A new process has been created. New Process Name: C:\Windows\System32\svchost.exe Creator Process Name: C:\Windows\System32\services.exe.,0,Benign
2026-02-27 13:40:46,4688,2,7453,A new process has been created. New Process Name: C:\Windows\System32\cmd.exe Command Line: cmd.exe /c dir.,0,Benign
2026-02-23 08:40:24,4624,5,3399,An account was successfully logged on. Logon Type: 10 Remote Desktop Services.,0,Benign
2026-02-28 17:28:32,4688,3,4146,A new process has been created. New Process Name: C:\Windows\System32\cmd.exe Command Line: cmd.exe /c dir.,0,Benign
2026-02-28 17:18:27,4624,11,6364,An account was successfully logged on. Logon Type: 2 Interactive.,0,Benign
2026-02-25 13:29:20,4624,7,1896,An account was successfully logged on. Logon Type: 2 Interactive.,0,Benign
2026-02-24 15:24:24,4648,10,4235,A logon was attempted using explicit credentials. Target Server: localhost Target User: admin.,0,Benign
2026-02-27 13:57:57,4688,11,5059,A new process has been created. New Process Name: C:\Windows\System32\cmd.exe Command Line: cmd.exe /c dir.,0,Benign
2026-02-23 12:13:28,4688,7,2131,A new process has been created. New Process Name: C:\Windows\System32\taskhostw.exe.,0,Benign
2026-02-23 11:56:11,4624,5,9399,An account was successfully logged on. Subject: Security ID: S-1-5-21-1234567890 Account Name: Administrator Account Domain: CORP Logon Type: 3.,0,Benign
2026-02-23 10:52:00,4624,7,1605,An account was successfully logged on. Logon Type: 10 Remote Desktop Services.,0,Benign
2026-02-23 08:21:37,4625,11,6716,An account failed to log on. Failure Reason: Account locked out.,0,Benign
2026-02-24 17:04:20,4688,2,2450,A new process has been created. New Process Name: C:\Windows\System32\notepad.exe.,0,Benign
2026-03-01 10:27:00,4624,11,3077,An account was successfully logged on. Subject: Security ID: S-1-5-21-1234567890 Account Name: Administrator Account Domain: CORP Logon Type: 3.,0,Benign
2026-03-01 11:46:34,4720,11,4971,A user account was created. New Account Name: tempuser New Account Domain: CORP.,0,Benign
2026-02-24 04:43:44,4688,10,4766,A new process has been created. New Process Name: C:\Windows\System32\taskhostw.exe.,0,Benign
2026-02-24 09:11:42,4625,7,4692,An account failed to log on. Failure Reason: Account locked out.,0,Benign
2026-02-25 16:34:17,4624,11,2611,An account was successfully logged on. Subject: Security ID: S-1-5-21-1234567890 Account Name: Administrator Account Domain: CORP Logon Type: 3.,0,Benign
2026-02-25 14:33:59,4625,3,9927,An account failed to log on. Account Name: administrator Source Network Address: 192.168.1.50.,0,Benign
2026-02-28 14:22:12,4672,11,374,Special privileges assigned to new logon. Account Name: SYSTEM Privileges: SeBackupPrivilege SeRestorePrivilege.,0,Benign
2026-03-01 10:26:48,4624,8,2685,An account was successfully logged on. New Logon: Account Name: jdoe Account Domain: CORP Logon ID: 0x1A2B3C.,0,Benign
2026-02-27 18:04:19,4688,7,8427,A new process has been created. New Process Name: C:\Program Files\Google\Chrome\chrome.exe Command Line: chrome.exe --type=renderer.,0,Benign
2026-03-01 11:21:03,4648,10,1992,A logon was attempted using explicit credentials. Target Server: DC01 Target User: backup_svc.,0,Benign
2026-02-27 23:29:57,4648,11,6662,A logon was attempted using explicit credentials. Target Server: DC01 Target User: backup_svc.,0,Benign
2026-02-25 06:53:01,4625,7,3069,An account failed to log on. Failure Reason: Unknown user name or bad password. Status: 0xC000006D Sub Status: 0xC000006A.,0,Benign
2026-03-01 08:36:55,4720,5,1359,A user account was created. New Account Name: test_account.,0,Benign
2026-02-25 15:31:09,4624,11,4711,An account was successfully logged on. Logon Type: 10 Remote Desktop Services.,0,Benign
2026-02-27 07:29:46,4624,10,9652,An account was successfully logged on. Logon Type: 2 Interactive.,0,Benign
2026-02-27 08:48:01,4688,7,174,A new process has been created. New Process Name: C:\Windows\System32\svchost.exe Creator Process Name: C:\Windows\System32\services.exe.,0,Benign
2026-03-01 05:59:03,4634,3,1460,An account was logged off. Logon Type: 2 Interactive.,0,Benign
2026-03-01 17:03:08,4672,8,2584,Special privileges assigned to new logon. Account Name: SYSTEM Privileges: SeBackupPrivilege SeRestorePrivilege.,0,Benign
2026-02-25 13:59:54,4720,10,3677,A user account was created. New Account Name: tempuser New Account Domain: CORP.,0,Benign
2026-02-26 11:05:51,4688,8,4682,A new process has been created. New Process Name: C:\Program Files\Google\Chrome\chrome.exe Command Line: chrome.exe --type=renderer.,0,Benign
2026-02-24 09:59:29,4625,7,4502,An account failed to log on. Failure Reason: Account locked out.,0,Benign
2026-02-23 14:18:15,4648,5,5561,A logon was attempted using explicit credentials. Target Server: localhost Target User: admin.,0,Benign
2026-03-01 14:48:36,4624,10,4831,An account was successfully logged on. Logon Type: 10 Remote Desktop Services.,0,Benign
2026-02-23 18:27:33,4688,10,7591,A new process has been created. New Process Name: C:\Windows\System32\notepad.exe.,0,Benign
2026-02-28 17:52:02,4625,3,4840,An account failed to log on. Logon Type: 10 Remote Desktop Services.,0,Benign
2026-02-28 12:39:08,4688,8,3241,A new process has been created. New Process Name: C:\Windows\System32\cmd.exe Command Line: cmd.exe /c dir.,0,Benign
2026-02-27 00:03:04,4624,5,7584,An account was successfully logged on. Subject: Security ID: S-1-5-18 Account Name: SYSTEM Account Domain: NT AUTHORITY Logon ID: 0x3E7 Logon Type: 5.,0,Benign
2026-02-28 19:03:36,4624,5,1864,An account was successfully logged on. Logon Type: 10 Remote Desktop Services.,0,Benign
2026-02-23 11:46:43,4672,8,1492,Special privileges assigned to new logon. Account Name: SYSTEM Privileges: SeBackupPrivilege SeRestorePrivilege.,0,Benign
2026-02-26 12:31:26,4648,10,6946,An account failed to log on. Source Network Address: 10.0.0.99.,1,T1046
2026-02-23 12:20:18,4648,10,2150,A logon was attempted using explicit credentials. Process: C:\Windows\System32\runas.exe.,0,Benign
2026-02-28 16:35:15,4688,5,5490,A new process has been created. New Process Name: C:\Windows\System32\notepad.exe.,0,Benign
2026-02-24 08:27:02,4648,2,9281,A logon was attempted using explicit credentials. Target Server: localhost Target User: admin.,0,Benign
2026-02-26 19:10:58,4688,9,4041,A new process has been created. New Process Name: C:\Windows\System32\cmd.exe Command Line: cmd.exe /c whoami.,1,T1047
2026-02-24 22:11:29,4625,11,3541,An account failed to log on. Failure Reason: Account locked out.,0,Benign
2026-02-27 18:07:35,4624,3,1735,An account was successfully logged on. Logon Type: 10 Remote Desktop Services.,0,Benign
2026-02-28 23:34:07,4648,9,2043,A logon was attempted using explicit credentials. Target Server: localhost Target User: admin.,0,Benign
2026-02-27 16:51:10,4634,2,3642,An account was logged off. Logon Type: 3.,0,Benign
2026-02-28 17:36:05,4634,5,784,An account was logged off. Logon Type: 2 Interactive.,0,Benign
2026-02-24 14:19:25,4688,10,9200,A new process has been created. New Process Name: C:\Windows\System32\notepad.exe.,0,Benign
2026-02-23 12:46:41,4634,8,3013,An account was logged off. Logon Type: 2 Interactive.,0,Benign
2026-02-28 15:38:33,4648,2,6117,A logon was attempted using explicit credentials. Process: C:\Windows\System32\runas.exe.,1,Benign
2026-02-24 12:32:46,4672,11,2960,Special privileges assigned to new logon. Account Name: SYSTEM Privileges: SeBackupPrivilege SeRestorePrivilege.,0,Benign
2026-02-26 17:42:28,4634,2,8289,An account was logged off. Logon Type: 3.,0,Benign
2026-02-27 17:57:26,4624,12,6855,An account was successfully logged on. New Logon: Account Name: jdoe Account Domain: CORP Logon ID: 0x1A2B3C.,0,Benign
2026-03-01 15:29:20,4688,12,2373,A new process has been created. New Process Name: C:\Windows\System32\svchost.exe Creator Process Name: C:\Windows\System32\services.exe.,0,Benign
2026-02-25 03:04:55,4688,2,1452,A new process has been created. New Process Name: C:\Windows\System32\cmd.exe Command Line: cmd.exe /c dir.,0,Benign
2026-02-28 17:49:59,4624,7,5345,An account was successfully logged on. Logon Type: 10 Remote Desktop Services.,0,Benign
2026-02-23 02:35:11,4648,8,5062,A logon was attempted using explicit credentials. Process: C:\Windows\System32\runas.exe.,0,Benign
2026-02-24 12:46:36,4624,3,3289,An account was successfully logged on. Subject: Security ID: S-1-5-21-1234567890 Account Name: Administrator Account Domain: CORP Logon Type: 3.,0,Benign
2026-02-28 14:06:05,4688,11,8138,A new process has been created. New Process Name: C:\Windows\System32\cmd.exe Command Line: cmd.exe /c dir.,0,Benign
2026-02-28 12:04:48,4624,7,5962,An account was successfully logged on. Logon Type: 2 Interactive.,0,Benign
2026-02-24 16:17:52,4625,8,4123,An account failed to log on. Failure Reason: Unknown user name or bad password. Status: 0xC000006D Sub Status: 0xC000006A.,0,Benign
2026-02-23 12:14:20,4648,3,8077,A logon was attempted using explicit credentials. Target Server: DC01 Target User: backup_svc.,0,Benign
2026-03-01 14:26:02,4720,9,4972,A user account was created. New Account Name: tempuser New Account Domain: CORP.,0,Benign
2026-02-26 12:46:07,4624,3,1132,An account was successfully logged on. Subject: Security ID: S-1-5-21-1234567890 Account Name: Administrator Account Domain: CORP Logon Type: 3.,0,Benign
2026-02-26 12:45:55,4624,12,3165,An account was successfully logged on. New Logon: Account Name: jdoe Account Domain: CORP Logon ID: 0x1A2B3C.,0,Benign
2026-03-01 15:34:45,4625,11,1927,An account failed to log on. Failure Reason: Account locked out.,0,Benign
2026-02-25 16:53:03,4624,2,9678,An account was successfully logged on. Subject: Security ID: S-1-5-18 Account Name: SYSTEM Account Domain: NT AUTHORITY Logon ID: 0x3E7 Logon Type: 5.,0,Benign
2026-02-23 00:21:03,4720,5,9365,A user account was created. New Account Name: test_account.,0,Benign
2026-02-27 15:51:16,4624,3,8917,An account was successfully logged on. Logon Type: 2 Interactive.,0,Benign
2026-02-27 17:39:22,4634,8,8079,An account was logged off. Logon Type: 3.,0,Benign
2026-02-27 12:09:07,4624,8,3532,An account was successfully logged on. Logon Type: 10 Remote Desktop Services.,0,Benign
2026-02-24 13:41:04,4625,7,3258,An account failed to log on. Logon Type: 10 Remote Desktop Services.,0,Benign
2026-02-23 16:10:23,4624,7,394,An account was successfully logged on. Logon Type: 2 Interactive.,0,Benign
2026-02-26 13:34:54,4624,7,1534,An account was successfully logged on. New Logon: Account Name: jdoe Account Domain: CORP Logon ID: 0x1A2B3C.,0,Benign
2026-02-26 09:04:55,4624,11,3247,An account was successfully logged on. New Logon: Account Name: jdoe Account Domain: CORP Logon ID: 0x1A2B3C.,0,Benign
2026-02-23 08:35:01,4625,3,4310,An account failed to log on. Failure Reason: Unknown user name or bad password. Status: 0xC000006D Sub Status: 0xC000006A.,0,Benign
2026-02-27 14:56:03,4624,3,6534,An account was successfully logged on. New Logon: Account Name: jdoe Account Domain: CORP Logon ID: 0x1A2B3C.,0,Benign
2026-02-27 11:52:48,4624,11,7070,An account was successfully logged on. Subject: Security ID: S-1-5-18 Account Name: SYSTEM Account Domain: NT AUTHORITY Logon ID: 0x3E7 Logon Type: 5.,0,Benign
2026-02-25 12:56:25,4688,2,7680,A new process has been created. New Process Name: C:\Windows\System32\taskhostw.exe.,0,Benign
2026-02-28 12:47:20,4732,7,8664,A member was added to a security-enabled local group. Member Name: tempuser Group Name: Administrators.,0,Benign
2026-02-25 08:04:23,4648,9,1867,A logon was attempted using explicit credentials. Target Server: localhost Target User: admin.,0,Benign
2026-02-26 08:51:10,4624,5,7879,An account was successfully logged on. Subject: Security ID: S-1-5-21-1234567890 Account Name: Administrator Account Domain: CORP Logon Type: 3.,0,Benign
2026-02-23 01:38:25,4634,5,2593,An account was logged off. Subject: Security ID: S-1-5-21-1234567890 Account Name: jdoe.,0,Benign
2026-03-01 22:56:33,4624,10,5899,An account was successfully logged on. New Logon: Account Name: jdoe Account Domain: CORP Logon ID: 0x1A2B3C.,0,Benign
2026-02-23 10:58:27,4672,10,914,Special privileges assigned to new logon. Subject: Security ID: S-1-5-21-1234567890 Account Name: Administrator Privileges: SeDebugPrivilege.,0,Benign
2026-03-01 15:44:45,4624,10,8050,An account was successfully logged on. Subject: Security ID: S-1-5-21-1234567890 Account Name: Administrator Account Domain: CORP Logon Type: 3.,0,Benign
2026-03-01 09:49:47,4688,12,4151,A new process has been created. New Process Name: C:\Windows\System32\cmd.exe Command Line: cmd.exe /c dir.,0,Benign
2026-02-24 13:38:56,4688,7,8416,A new process has been created. New Process Name: C:\Windows\System32\svchost.exe Creator Process Name: C:\Windows\System32\services.exe.,0,Benign
2026-02-27 13:13:36,4625,9,483,An account failed to log on. Account Name: administrator Source Network Address: 192.168.1.50.,0,Benign
2026-03-01 23:56:08,4624,8,6364,An account was successfully logged on. New Logon: Account Name: jdoe Account Domain: CORP Logon ID: 0x1A2B3C.,0,Benign
2026-02-24 16:56:04,4624,10,9335,An account was successfully logged on. New Logon: Account Name: jdoe Account Domain: CORP Logon ID: 0x1A2B3C.,0,Benign
2026-02-23 11:10:06,4720,11,4091,A member was added to a security-enabled local group. Member Name: backdoor Group Name: Administrators.,1,T1078
2026-02-24 00:25:24,4624,2,396,An account was successfully logged on. Logon Type: 2 Interactive.,0,Benign
2026-03-01 10:40:36,4624,10,9083,An account was successfully logged on. Subject: Security ID: S-1-5-18 Account Name: SYSTEM Account Domain: NT AUTHORITY Logon ID: 0x3E7 Logon Type: 5.,0,Benign
2026-02-25 14:24:24,4688,11,6556,A new process has been created. New Process Name: C:\Windows\System32\svchost.exe Creator Process Name: C:\Windows\System32\services.exe.,0,Benign
2026-02-27 01:31:19,4634,2,9225,An account was logged off. Logon Type: 2 Interactive.,0,Benign
2026-02-27 17:19:48,4625,8,7603,An account failed to log on. Subject: Security ID: S-1-0-0 Account Name: - Account Domain: - Logon Type: 3.,0,Benign
2026-02-28 09:02:20,4624,10,2918,An account was successfully logged on. Subject: Security ID: S-1-5-21-1234567890 Account Name: Administrator Account Domain: CORP Logon Type: 3.,0,Benign
2026-02-28 13:52:54,4624,3,173,An account was successfully logged on. Subject: Security ID: S-1-5-21-1234567890 Account Name: Administrator Account Domain: CORP Logon Type: 3.,0,Benign
2026-03-01 09:30:58,4625,10,1671,An account failed to log on. Logon Type: 10 Remote Desktop Services.,0,Benign
2026-02-27 09:11:41,4624,3,5225,An account was successfully logged on. Subject: Security ID: S-1-5-18 Account Name: SYSTEM Account Domain: NT AUTHORITY Logon ID: 0x3E7 Logon Type: 5.,0,Benign
2026-02-23 17:28:19,4624,11,3802,An account was successfully logged on. New Logon: Account Name: jdoe Account Domain: CORP Logon ID: 0x1A2B3C.,0,Benign
2026-02-23 10:19:09,4624,3,8407,An account was successfully logged on. New Logon: Account Name: jdoe Account Domain: CORP Logon ID: 0x1A2B3C.,0,Benign
2026-02-28 08:32:41,4688,12,8097,A new process has been created. New Process Name: C:\Program Files\Google\Chrome\chrome.exe Command Line: chrome.exe --type=renderer.,0,Benign
2026-02-28 23:34:32,4625,11,5940,An account failed to log on. Failure Reason: Account locked out.,0,Benign
2026-03-01 17:35:19,4648,7,6183,A logon was attempted using explicit credentials. Target Server: localhost Target User: admin.,0,Benign
2026-02-27 15:15:10,4634,10,8790,An account was logged off. Logon Type: 2 Interactive.,0,Benign
2026-02-24 12:03:41,4648,3,4846,A logon was attempted using explicit credentials. Process: C:\Windows\System32\runas.exe.,0,Benign
2026-02-23 11:48:53,4624,8,5525,An account was successfully logged on. Logon Type: 2 Interactive.,0,Benign
2026-02-24 09:40:04,4688,7,1380,A new process has been created. New Process Name: C:\Windows\System32\taskhostw.exe.,0,Benign
2026-03-01 11:09:57,4624,5,7741,An account was successfully logged on. Subject: Security ID: S-1-5-21-1234567890 Account Name: Administrator Account Domain: CORP Logon Type: 3.,0,Benign
2026-02-28 10:08:21,4648,2,5985,A logon was attempted using explicit credentials. Process: C:\Windows\System32\runas.exe.,0,Benign
2026-02-27 10:46:59,4688,10,7139,A new process has been created. New Process Name: C:\Windows\System32\notepad.exe.,0,Benign
2026-02-25 14:52:47,4634,11,1542,An account was logged off. Subject: Security ID: S-1-5-21-1234567890 Account Name: jdoe.,0,Benign
2026-02-24 09:09:47,4624,3,7397,An account was successfully logged on. Logon Type: 2 Interactive.,0,Benign
2026-02-27 09:06:42,4688,10,7713,A new process has been created. New Process Name: C:\Program Files\Google\Chrome\chrome.exe Command Line: chrome.exe --type=renderer.,0,Benign
2026-02-24 00:36:59,4624,3,3777,An account was successfully logged on. Logon Type: 10 Remote Desktop Services.,0,Benign
2026-02-26 11:28:52,4625,5,3873,An account failed to log on. Account Name: administrator Source Network Address: 192.168.1.50.,0,Benign
2026-02-24 12:37:40,4624,2,4222,An account was successfully logged on. Subject: Security ID: S-1-5-18 Account Name: SYSTEM Account Domain: NT AUTHORITY Logon ID: 0x3E7 Logon Type: 5.,0,Benign
2026-02-23 14:14:25,4688,7,8905,A new process has been created. New Process Name: C:\Windows\System32\taskhostw.exe.,0,Benign
2026-02-23 11:53:59,4688,3,9335,A new process has been created. New Process Name: C:\Program Files\Google\Chrome\chrome.exe Command Line: chrome.exe --type=renderer.,0,Benign
2026-02-23 22:05:36,4624,2,8290,An account was successfully logged on. Logon Type: 10 Remote Desktop Services.,0,Benign
2026-02-25 14:11:15,4625,8,9624,An account failed to log on. Logon Type: 10 Remote Desktop Services.,0,Benign
2026-02-27 09:07:19,4625,3,5892,An account failed to log on. Failure Reason: Account locked out.,0,Benign
2026-02-25 16:11:15,4634,3,3229,An account was logged off. Logon Type: 3.,0,Benign
2026-02-27 08:37:05,4720,3,5969,A user account was created. New Account Name: svc_backup New Account Domain: CORP.,0,Benign
2026-03-01 14:16:58,4648,7,2858,A logon was attempted using explicit credentials. Target Server: localhost Target User: admin.,0,Benign
2026-02-24 13:08:44,4732,3,9482,A member was added to a security-enabled local group. Member Name: jdoe Group Name: Remote Desktop Users.,0,Benign
2026-02-27 11:05:56,4624,10,3419,An account was successfully logged on. New Logon: Account Name: jdoe Account Domain: CORP Logon ID: 0x1A2B3C.,0,Benign
2026-02-27 14:00:36,4624,12,5222,An account was successfully logged on. Logon Type: 2 Interactive.,0,Benign
2026-02-28 09:56:37,4624,2,4399,An account was successfully logged on. Subject: Security ID: S-1-5-21-1234567890 Account Name: Administrator Account Domain: CORP Logon Type: 3.,0,Benign
2026-02-23 11:33:15,4624,3,3196,An account was successfully logged on. Subject: Security ID: S-1-5-18 Account Name: SYSTEM Account Domain: NT AUTHORITY Logon ID: 0x3E7 Logon Type: 5.,0,Benign
2026-02-23 01:15:52,4625,8,2768,An account failed to log on. Subject: Security ID: S-1-0-0 Account Name: - Account Domain: - Logon Type: 3.,0,Benign
2026-02-26 16:46:39,4624,10,3708,An account was successfully logged on. Subject: Security ID: S-1-5-21-1234567890 Account Name: Administrator Account Domain: CORP Logon Type: 3.,0,Benign
2026-02-26 17:03:30,4634,3,8901,An account was logged off. Subject: Security ID: S-1-5-21-1234567890 Account Name: jdoe.,0,Benign
2026-02-26 00:18:19,4624,11,1180,An account was successfully logged on. Subject: Security ID: S-1-5-18 Account Name: SYSTEM Account Domain: NT AUTHORITY Logon ID: 0x3E7 Logon Type: 5.,0,Benign
2026-03-01 09:07:36,4672,8,8020,Special privileges assigned to new logon. Subject: Security ID: S-1-5-21-1234567890 Account Name: Administrator Privileges: SeDebugPrivilege.,0,Benign
2026-02-26 01:33:56,4648,3,1755,A logon was attempted using explicit credentials. Target Server: localhost Target User: admin.,0,Benign
2026-03-01 14:58:53,4648,8,8564,A logon was attempted using explicit credentials. Process: C:\Windows\System32\runas.exe.,0,Benign
2026-02-27 15:03:20,4648,8,1204,A logon was attempted using explicit credentials. Target Server: DC01 Target User: backup_svc.,0,Benign
2026-02-23 14:56:28,4624,8,5435,An account was successfully logged on. Logon Type: 3 New Logon: admin.,1,T1046
2026-02-25 03:24:00,4624,8,9575,An account was successfully logged on. Logon Type: 3 Source Network Address: 192.168.1.100.,1,T1046
2026-02-28 12:06:38,4688,8,7041,A new process has been created. New Process Name: C:\Windows\System32\cmd.exe Command Line: cmd.exe /c dir.,0,Benign
2026-03-01 03:16:21,4732,5,5124,A member was added to a security-enabled local group. Member Name: jdoe Group Name: Remote Desktop Users.,0,Benign
2026-03-01 12:14:46,4648,7,5760,A logon was attempted using explicit credentials. Target Server: DC01 Target User: backup_svc.,0,Benign
2026-02-27 11:52:31,4732,11,2928,A member was added to a security-enabled local group. Member Name: svc_backup Group Name: Backup Operators.,0,Benign
2026-02-24 02:15:41,4648,5,3822,A logon was attempted using explicit credentials. Target Server: DC01 Target User: backup_svc.,0,Benign
2026-02-23 10:40:51,4625,10,8658,An account failed to log on. Failure Reason: Account locked out.,0,Benign
2026-02-23 02:36:35,4624,3,398,An account was successfully logged on. Logon Type: 2 Interactive.,0,Benign
2026-02-23 09:46:02,4624,11,2250,An account was successfully logged on. Logon Type: 2 Interactive.,0,Benign
2026-03-01 05:46:54,4672,5,3923,Special privileges assigned to new logon. Subject: Security ID: S-1-5-21-1234567890 Account Name: Administrator Privileges: SeDebugPrivilege.,0,Benign
2026-02-23 15:19:48,4634,5,4574,An account was logged off. Logon Type: 3.,0,Benign
2026-02-28 11:52:54,4634,9,2655,An account was logged off. Logon Type: 3.,0,Benign
2026-03-01 12:22:26,4625,8,6850,An account failed to log on. Account Name: administrator Source Network Address: 192.168.1.50.,0,Benign
2026-03-01 17:19:08,4625,7,8208,An account failed to log on. Subject: Security ID: S-1-0-0 Account Name: - Account Domain: - Logon Type: 3.,0,Benign
2026-02-28 01:27:43,4624,11,3264,An account was successfully logged on. New Logon: Account Name: jdoe Account Domain: CORP Logon ID: 0x1A2B3C.,0,Benign
2026-02-26 09:50:05,4624,10,5655,An account was successfully logged on. Logon Type: 10 Remote Desktop Services.,0,Benign
2026-02-26 14:43:23,4688,2,7992,A new process has been created. New Process Name: C:\Program Files\Google\Chrome\chrome.exe Command Line: chrome.exe --type=renderer.,0,Benign
2026-02-24 11:39:27,4625,10,7882,An account failed to log on. Logon Type: 10 Remote Desktop Services.,0,Benign
2026-02-28 10:21:19,4624,7,922,An account was successfully logged on. Subject: Security ID: S-1-5-21-1234567890 Account Name: Administrator Account Domain: CORP Logon Type: 3.,0,Benign
2026-02-26 14:58:55,4672,5,4129,Special privileges assigned to new logon. Subject: Security ID: S-1-5-21-1234567890 Account Name: Administrator Privileges: SeDebugPrivilege.,0,Benign
2026-02-23 10:03:30,4625,8,2616,An account failed to log on. Account Name: administrator Source Network Address: 192.168.1.50.,0,Benign
2026-03-01 16:06:20,4625,3,8957,An account failed to log on. Account Name: administrator Source Network Address: 192.168.1.50.,0,Benign
2026-02-26 14:44:47,4624,9,2360,An account was successfully logged on. Logon Type: 2 Interactive.,0,Benign
2026-02-27 09:52:25,4624,12,4894,An account was successfully logged on. Subject: Security ID: S-1-5-18 Account Name: SYSTEM Account Domain: NT AUTHORITY Logon ID: 0x3E7 Logon Type: 5.,0,Benign
2026-03-01 09:12:01,4624,5,6783,An account was successfully logged on. Subject: Security ID: S-1-5-21-1234567890 Account Name: Administrator Account Domain: CORP Logon Type: 3.,0,Benign
2026-02-27 09:29:53,4688,12,4194,A new process has been created. New Process Name: C:\Windows\System32\cmd.exe Command Line: cmd.exe /c dir.,0,Benign
2026-02-28 14:17:48,4672,2,3496,Special privileges assigned to new logon. Subject: Security ID: S-1-5-18 Privileges: SeAssignPrimaryTokenPrivilege SeTcbPrivilege SeSecurityPrivilege.,0,Benign
2026-02-28 17:11:13,4624,12,6886,An account was successfully logged on. Subject: Security ID: S-1-5-21-1234567890 Account Name: Administrator Account Domain: CORP Logon Type: 3.,0,Benign
2026-02-23 21:51:13,4624,9,6404,An account was successfully logged on. Subject: Security ID: S-1-5-21-1234567890 Account Name: Administrator Account Domain: CORP Logon Type: 3.,0,Benign
2026-02-28 19:43:57,4625,2,9149,An account failed to log on. Failure Reason: Unknown user name or bad password. Status: 0xC000006D Sub Status: 0xC000006A.,0,Benign
2026-02-24 16:58:04,4625,8,2678,An account failed to log on. Logon Type: 10 Remote Desktop Services.,0,Benign
2026-02-24 17:47:40,4688,9,5660,A new process has been created. New Process Name: C:\Program Files\Google\Chrome\chrome.exe Command Line: chrome.exe --type=renderer.,0,Benign
2026-02-23 13:38:04,4720,3,9723,A user account was created. New Account Name: svc_backup New Account Domain: CORP.,0,Benign
2026-02-23 15:41:46,4648,8,9289,A logon was attempted using explicit credentials. Target Server: localhost Target User: admin.,0,Benign
2026-03-01 10:13:31,4625,7,9211,An account failed to log on. Logon Type: 10 Remote Desktop Services.,0,Benign
2026-02-27 14:36:31,4648,9,5503,A logon was attempted using explicit credentials. Target Server: localhost Target User: admin.,0,Benign
2026-02-26 16:01:06,4624,12,7943,An account was successfully logged on. New Logon: Account Name: jdoe Account Domain: CORP Logon ID: 0x1A2B3C.,0,Benign
2026-02-24 17:09:57,4625,9,9654,An account failed to log on. Subject: Security ID: S-1-0-0 Account Name: - Account Domain: - Logon Type: 3.,0,Benign
2026-02-26 17:07:39,4624,8,2623,An account was successfully logged on. Logon Type: 10 Remote Desktop Services.,0,Benign
2026-02-24 15:00:45,4625,12,6280,An account failed to log on. Logon Type: 10 Remote Desktop Services.,0,Benign
2026-02-26 10:19:11,4688,12,8594,A new process has been created. New Process Name: C:\Windows\System32\cmd.exe Command Line: cmd.exe /c dir.,0,Benign
2026-02-28 09:18:24,4624,10,2997,An account was successfully logged on. New Logon: Account Name: jdoe Account Domain: CORP Logon ID: 0x1A2B3C.,0,Benign
2026-03-01 09:37:14,4634,8,4781,An account was logged off. Subject: Security ID: S-1-5-21-1234567890 Account Name: jdoe.,0,Benign
2026-02-26 17:23:45,4648,9,5286,A logon was attempted using explicit credentials. Target Server: DC01 Target User: backup_svc.,0,Benign
2026-02-23 21:32:16,4624,8,988,An account was successfully logged on. Subject: Security ID: S-1-5-18 Account Name: SYSTEM Account Domain: NT AUTHORITY Logon ID: 0x3E7 Logon Type: 5.,0,Benign
2026-03-01 13:39:37,4624,5,7850,An account was successfully logged on. Subject: Security ID: S-1-5-18 Account Name: SYSTEM Account Domain: NT AUTHORITY Logon ID: 0x3E7 Logon Type: 5.,0,Benign
2026-02-28 08:54:16,4648,8,9827,A logon was attempted using explicit credentials. Process: C:\Windows\System32\runas.exe.,0,Benign
2026-02-23 16:08:35,4634,5,3137,An account was logged off. Logon Type: 3.,0,Benign
2026-02-27 05:01:18,4624,12,3733,An account was successfully logged on. New Logon: Account Name: jdoe Account Domain: CORP Logon ID: 0x1A2B3C.,0,Benign
2026-02-23 16:58:28,4624,10,3752,An account was successfully logged on. Logon Type: 10 Remote Desktop Services.,0,Benign
2026-02-26 15:53:53,4688,7,1391,A new process has been created. New Process Name: C:\Windows\System32\svchost.exe Creator Process Name: C:\Windows\System32\services.exe.,0,Benign
2026-02-23 12:17:47,4624,8,3435,An account was successfully logged on. Logon Type: 2 Interactive.,0,Benign
2026-03-01 12:50:38,4624,11,8170,An account was successfully logged on. Logon Type: 2 Interactive.,0,Benign
2026-02-28 13:24:17,4624,9,5009,An account was successfully logged on. Subject: Security ID: S-1-5-18 Account Name: SYSTEM Account Domain: NT AUTHORITY Logon ID: 0x3E7 Logon Type: 5.,0,Benign
2026-02-24 08:36:44,4648,2,5350,A logon was attempted using explicit credentials. Target Server: DC01 Target User: backup_svc.,0,Benign
2026-02-23 00:34:08,4688,7,5946,A new process has been created. New Process Name: C:\Windows\System32\cmd.exe Command Line: cmd.exe /c whoami.,1,T1047
2026-02-25 10:04:54,4625,8,7066,An account failed to log on. Logon Type: 10 Remote Desktop Services.,0,Benign
2026-02-25 12:35:16,4688,5,1628,A new process has been created. New Process Name: C:\Windows\System32\svchost.exe Creator Process Name: C:\Windows\System32\services.exe.,0,Benign
2026-02-24 10:42:39,4624,10,2784,An account was successfully logged on. New Logon: Account Name: jdoe Account Domain: CORP Logon ID: 0x1A2B3C.,0,Benign
2026-02-23 17:55:57,4624,3,6630,An account was successfully logged on. New Logon: Account Name: jdoe Account Domain: CORP Logon ID: 0x1A2B3C.,0,Benign
2026-02-26 17:51:34,4688,2,4317,A new process has been created. New Process Name: C:\Windows\System32\svchost.exe Creator Process Name: C:\Windows\System32\services.exe.,0,Benign
2026-02-23 14:26:43,4625,7,2867,An account failed to log on. Failure Reason: Account locked out.,0,Benign
2026-02-23 17:32:00,4624,5,8160,An account was successfully logged on. Subject: Security ID: S-1-5-21-1234567890 Account Name: Administrator Account Domain: CORP Logon Type: 3.,0,Benign
2026-02-23 08:04:18,4634,3,1064,An account was logged off. Logon Type: 3.,0,Benign
2026-02-25 22:07:26,4624,10,2843,An account was successfully logged on. Subject: Security ID: S-1-5-21-1234567890 Account Name: Administrator Account Domain: CORP Logon Type: 3.,0,Benign
2026-02-27 12:34:31,4625,5,3633,An account failed to log on. Failure Reason: Account locked out.,0,Benign
2026-02-24 14:30:29,4625,5,7256,An account failed to log on. Logon Type: 10 Remote Desktop Services.,0,Benign
2026-02-28 12:57:24,4624,8,4979,An account was successfully logged on. Subject: Security ID: S-1-5-21-1234567890 Account Name: Administrator Account Domain: CORP Logon Type: 3.,0,Benign
2026-02-27 05:20:16,4624,9,2396,An account was successfully logged on. Logon Type: 2 Interactive.,0,Benign
2026-03-01 02:59:13,4624,5,3435,An account was successfully logged on. Subject: Security ID: S-1-5-18 Account Name: SYSTEM Account Domain: NT AUTHORITY Logon ID: 0x3E7 Logon Type: 5.,0,Benign
2026-02-23 10:32:05,4624,8,5171,An account was successfully logged on. New Logon: Account Name: jdoe Account Domain: CORP Logon ID: 0x1A2B3C.,0,Benign
2026-02-24 17:03:00,4634,7,3676,An account was logged off. Subject: Security ID: S-1-5-21-1234567890 Account Name: jdoe.,0,Benign
2026-02-23 16:02:55,4624,2,1126,An account was successfully logged on. Logon Type: 2 Interactive.,0,Benign
2026-02-24 08:16:12,4624,10,8827,An account was successfully logged on. Logon Type: 10 Remote Desktop Services.,0,Benign
2026-02-25 16:27:53,4624,5,2550,An account was successfully logged on. New Logon: Account Name: jdoe Account Domain: CORP Logon ID: 0x1A2B3C.,0,Benign
2026-02-24 10:36:34,4688,9,3305,A new process has been created. New Process Name: C:\Windows\System32\powershell.exe Command Line: powershell -enc SQBFAFgA.,1,T1047
2026-02-24 10:27:15,4624,9,1650,An account was successfully logged on. Logon Type: 2 Interactive.,0,Benign
2026-02-23 03:32:42,4688,8,548,A new process has been created. New Process Name: C:\Program Files\Google\Chrome\chrome.exe Command Line: chrome.exe --type=renderer.,0,Benign
2026-02-27 17:20:51,4672,12,4942,Special privileges assigned to new logon. Subject: Security ID: S-1-5-21-1234567890 Account Name: Administrator Privileges: SeDebugPrivilege.,0,Benign
2026-02-24 04:03:34,4672,10,8359,Special privileges assigned to new logon. Subject: Security ID: S-1-5-18 Privileges: SeAssignPrimaryTokenPrivilege SeTcbPrivilege SeSecurityPrivilege.,0,Benign
2026-02-24 08:21:25,4625,9,5501,An account failed to log on. Logon Type: 10 Remote Desktop Services.,0,Benign
2026-02-26 05:56:13,4625,10,7624,An account failed to log on. Logon Type: 10 Remote Desktop Services.,0,Benign
2026-02-24 13:52:32,4672,11,3281,Special privileges assigned to new logon. Subject: Security ID: S-1-5-21-1234567890 Account Name: Administrator Privileges: SeDebugPrivilege.,0,Benign
2026-02-28 10:30:08,4624,8,9511,An account was successfully logged on. Subject: Security ID: S-1-5-21-1234567890 Account Name: Administrator Account Domain: CORP Logon Type: 3.,0,Benign
2026-02-27 08:44:04,4688,10,122,A new process has been created. New Process Name: C:\Windows\System32\wbem\WMIC.exe.,1,T1047
2026-02-25 09:19:43,4625,7,1048,An account failed to log on. Failure Reason: Unknown user name or bad password. Status: 0xC000006D Sub Status: 0xC000006A.,0,Benign
2026-02-23 10:54:23,4688,8,9906,A new process has been created. New Process Name: C:\Windows\System32\cmd.exe Command Line: cmd.exe /c dir.,0,Benign
2026-03-01 10:29:52,4624,8,3644,An account was successfully logged on. Subject: Security ID: S-1-5-18 Account Name: SYSTEM Account Domain: NT AUTHORITY Logon ID: 0x3E7 Logon Type: 5.,0,Benign
2026-03-01 09:30:06,4625,12,4065,An account failed to log on. Failure Reason: Unknown user name or bad password. Status: 0xC000006D Sub Status: 0xC000006A.,0,Benign
2026-02-25 08:38:26,4672,12,2982,Special privileges assigned to new logon. Subject: Security ID: S-1-5-18 Privileges: SeAssignPrimaryTokenPrivilege SeTcbPrivilege SeSecurityPrivilege.,0,Benign
2026-02-25 10:46:32,4634,5,4908,An account was logged off. Logon Type: 2 Interactive.,0,Benign
2026-03-01 20:42:32,4648,5,4626,A logon was attempted using explicit credentials. Target Server: localhost Target User: admin.,0,Benign
2026-02-24 16:56:48,4648,9,4605,A logon was attempted using explicit credentials. Target Server: localhost Target User: admin.,0,Benign
2026-02-23 16:43:12,4624,3,7372,An account was successfully logged on. Logon Type: 10 Remote Desktop Services.,0,Benign
2026-02-25 07:18:02,4672,9,7263,Special privileges assigned to new logon. Subject: Security ID: S-1-5-21-1234567890 Account Name: Administrator Privileges: SeDebugPrivilege.,0,Benign
2026-02-25 17:57:57,4732,5,5283,A member was added to a security-enabled local group. Member Name: jdoe Group Name: Remote Desktop Users.,0,Benign
2026-02-23 22:58:07,4688,10,9045,A new process has been created. New Process Name: C:\Windows\System32\notepad.exe.,0,Benign
2026-02-24 02:48:17,4624,9,1120,An account was successfully logged on. New Logon: Account Name: jdoe Account Domain: CORP Logon ID: 0x1A2B3C.,0,Benign
2026-02-25 11:20:26,4634,5,5577,An account was logged off. Subject: Security ID: S-1-5-21-1234567890 Account Name: jdoe.,0,Benign
2026-02-28 03:56:14,4672,7,3163,Special privileges assigned to new logon. Subject: Security ID: S-1-5-21-1234567890 Account Name: Administrator Privileges: SeDebugPrivilege.,0,Benign
2026-02-26 20:18:53,4732,12,7694,A member was added to a security-enabled local group. Member Name: svc_backup Group Name: Backup Operators.,0,Benign
2026-02-28 15:41:17,4624,7,1127,An account was successfully logged on. New Logon: Account Name: jdoe Account Domain: CORP Logon ID: 0x1A2B3C.,0,Benign
2026-02-24 13:33:06,4624,12,2775,An account was successfully logged on. Subject: Security ID: S-1-5-21-1234567890 Account Name: Administrator Account Domain: CORP Logon Type: 3.,0,Benign
2026-02-24 11:04:13,4688,3,103,A new process has been created. New Process Name: C:\Program Files\Google\Chrome\chrome.exe Command Line: chrome.exe --type=renderer.,0,Benign
2026-02-24 11:49:23,4624,3,3654,An account was successfully logged on. Logon Type: 10 Remote Desktop Services.,0,Benign
2026-02-28 14:39:48,4624,12,1686,An account was successfully logged on. Subject: Security ID: S-1-5-21-1234567890 Account Name: Administrator Account Domain: CORP Logon Type: 3.,0,Benign
2026-02-28 11:29:17,4720,2,1969,A user account was created. New Account Name: test_account.,0,Benign
2026-02-25 09:21:55,4634,5,7751,An account was logged off. Logon Type: 3.,0,Benign
2026-02-28 12:09:16,4624,5,6923,An account was successfully logged on. Logon Type: 10 Remote Desktop Services.,0,Benign
2026-02-23 09:33:19,4625,7,7906,An account failed to log on. Failure Reason: Account locked out.,0,Benign
2026-02-25 11:47:26,4624,8,1666,An account was successfully logged on. New Logon: Account Name: jdoe Account Domain: CORP Logon ID: 0x1A2B3C.,0,Benign
2026-02-24 22:45:48,4624,3,8336,An account was successfully logged on. New Logon: Account Name: jdoe Account Domain: CORP Logon ID: 0x1A2B3C.,0,Benign
2026-02-26 05:40:07,4624,10,6238,An account was successfully logged on. Subject: Security ID: S-1-5-18 Account Name: SYSTEM Account Domain: NT AUTHORITY Logon ID: 0x3E7 Logon Type: 5.,0,Benign
2026-02-28 11:51:32,4720,10,5211,A user account was created. New Account Name: svc_backup New Account Domain: CORP.,0,Benign
2026-02-27 17:17:32,4625,9,7078,An account failed to log on. Account Name: administrator Source Network Address: 192.168.1.50.,0,Benign
2026-02-24 08:45:33,4624,12,6549,An account was successfully logged on. Subject: Security ID: S-1-5-18 Account Name: SYSTEM Account Domain: NT AUTHORITY Logon ID: 0x3E7 Logon Type: 5.,0,Benign
2026-02-28 10:48:00,4625,3,387,An account failed to log on. Failure Reason: Unknown user name or bad password. Status: 0xC000006D Sub Status: 0xC000006A.,0,Benign
2026-02-24 12:45:22,4624,5,5930,An account was successfully logged on. Logon Type: 10 Remote Desktop Services.,0,Benign
2026-02-23 12:28:25,4624,2,8134,An account was successfully logged on. Logon Type: 2 Interactive.,0,Benign
2026-02-27 18:25:45,4625,3,4235,An account failed to log on. Subject: Security ID: S-1-0-0 Account Name: - Account Domain: - Logon Type: 3.,0,Benign
